INFO: Using third party libraries from /home/ppe/j/jnugent/private/PhD_Year_1/software/MAUS-v2.9.1
MAUS web front-end directory: /home/ppe/j/jnugent/private/PhD_Year_1/software/MAUS-v2.9.1/third_party/install/lib/maus-apps-0.2
    Database directory: /home/ppe/j/jnugent/private/PhD_Year_1/software/MAUS-v2.9.1/third_party/install/lib/maus-apps-0.2/db
    Media directory: /home/ppe/j/jnugent/private/PhD_Year_1/software/MAUS-v2.9.1/third_party/install/lib/maus-apps-0.2/media
    Media directory (raw images): /home/ppe/j/jnugent/private/PhD_Year_1/software/MAUS-v2.9.1/third_party/install/lib/maus-apps-0.2/media/raw
SUCCESS: MAUS setup
Algorithm to analyse reduced MAUS root
trees for multiple scattering measurements
and to unfold the distribution

Received 2 arguements.
node type: Element, name: spec, with prop id: (null), prop name: (null), prop value: (null)
node type: Element, name: file, with prop id: outfile, prop name: TOFAllscan/LiHMu_3172_tof_lim27.9147513286_u28.1147513286.root, prop value: (null)
node type: Element, name: file, with prop id: datafile, prop name: /data/neutrino06/jnugent/v2.9.1/allLiH/reduced_tree_.root, prop value: (null)
node type: Element, name: file, with prop id: trainfile, prop name: /data/neutrino06/jnugent/v2.9.1/allZeroAbs/reduced_tree_.root, prop value: (null)
node type: Element, name: file, with prop id: modelfile, prop name: TOFAllscan/LiHMu_3172_tof_lim27.9147513286_u28.1147513286_mod.root, prop value: (null)
node type: Element, name: file, with prop id: trkreffiname, prop name: /home/ppe/j/jnugent/workarea/tracker_efficiency/tracker_resolution_plots_27.9147513286.root, prop value: (null)
node type: Element, name: file, with prop id: model3, prop name: Moliere, prop value: (null)
node type: Element, name: file, with prop id: model2, prop name: Cobb, prop value: (null)
node type: Element, name: file, with prop id: model1, prop name: GEANT, prop value: (null)
node type: Element, name: cuts, with prop id: (null), prop name: TOF_ll, prop value: 27.9147513286
node type: Element, name: cuts, with prop id: (null), prop name: TOF_ul, prop value: 28.1147513286
node type: Element, name: cuts, with prop id: (null), prop name: fid_rad, prop value: 140.0
node type: Element, name: cuts, with prop id: (null), prop name: fid_grad, prop value: 0.012
node type: Element, name: cuts, with prop id: (null), prop name: mode, prop value: 2
node type: Element, name: sys, with prop id: (null), prop name: niter, prop value: 10
node type: Element, name: histlimits, with prop id: (null), prop name: NbinsXY, prop value: 46
node type: Element, name: histlimits, with prop id: (null), prop name: NbinsTh, prop value: 200
node type: Element, name: histlimits, with prop id: (null), prop name: minXY, prop value: -0.06
node type: Element, name: histlimits, with prop id: (null), prop name: maxXY, prop value: 0.06
Writing outfile to TOFAllscan/LiHMu_3172_tof_lim27.9147513286_u28.1147513286.root
Reading outfilename at 
Reading data from /data/neutrino06/jnugent/v2.9.1/allLiH/reduced_tree_.root
Reading reference data from /data/neutrino06/jnugent/v2.9.1/allZeroAbs/reduced_tree_.root
Reading models from TOFAllscan/LiHMu_3172_tof_lim27.9147513286_u28.1147513286_mod.root
Reading models from 
Use  for propagation

TOF selection between 27.9148 and 28.1148
Fiducial selection contained by radius 140 with scattering 0.012

Adding systematic effect niter with value 10
Event 0
Event 100000
Event 200000
Event 300000
Event 400000
Event 500000
Event 600000
Event 700000
Event 800000
Event 900000
Event 1000000
Event 1100000
Event 1200000
Event 1300000
Event 1400000
Event 1500000
Event 1600000
Event 1700000
Event 1800000
Event 1900000
Event 2000000
Event 2100000
Event 2200000
Event 2300000
Event 2400000
Event 2500000
Event 2600000
Event 2700000
Event 2800000
Event 2900000
Event 3000000
Event 3100000
Event 3200000
Event 3300000
Event 3400000
Event 3500000
Event 3600000
Event 3700000
Event 3800000
Event 3900000
Event 4000000
Event 4100000
Event 4200000
Event 4300000
Event 4400000
Event 4500000
Event 4600000
Event 4700000
Event 4800000
Event 4900000
Event 5000000
Event 0
Event 100000
Event 200000
Event 300000
Event 400000
Event 500000
Event 600000
Event 700000
Event 800000
Event 900000
Event 1000000
Convolution with thetaX_GEANT from TOFAllscan/LiHMu_3172_tof_lim27.9147513286_u28.1147513286_mod.root
OBJ: RooUnfoldBayes	response	Unfold Response
regularisation parameter = 10, ntoys = 50
OBJ: RooUnfoldBayes	response	Unfold Response
regularisation parameter = 10, ntoys = 50
OBJ: RooUnfoldBayes	response	Unfold Response
regularisation parameter = 10, ntoys = 50
OBJ: RooUnfoldBayes	response	Unfold Response
regularisation parameter = 10, ntoys = 50
Now unfolding...
Iteration : 0
Chi^2 of change 165.302
Iteration : 1
Chi^2 of change 53.1437
Iteration : 2
Chi^2 of change 15.4794
Iteration : 3
Chi^2 of change 4.51393
Iteration : 4
Chi^2 of change 1.54468
Iteration : 5
Chi^2 of change 0.750025
Iteration : 6
Chi^2 of change 0.521823
Iteration : 7
Chi^2 of change 0.440928
Iteration : 8
Chi^2 of change 0.400415
Iteration : 9
Chi^2 of change 0.372768
Calculating covariances due to number of measured events
Now unfolding...
Iteration : 0
Chi^2 of change 307.041
Iteration : 1
Chi^2 of change 68.1031
Iteration : 2
Chi^2 of change 16.6229
Iteration : 3
Chi^2 of change 4.85225
Iteration : 4
Chi^2 of change 1.9341
Iteration : 5
Chi^2 of change 1.1574
Iteration : 6
Chi^2 of change 0.922265
Iteration : 7
Chi^2 of change 0.827885
Iteration : 8
Chi^2 of change 0.771552
Iteration : 9
Chi^2 of change 0.726344
Calculating covariances due to number of measured events
Now unfolding...
Iteration : 0
Chi^2 of change 521.975
Iteration : 1
Chi^2 of change 141.465
Iteration : 2
Chi^2 of change 40.1841
Iteration : 3
Chi^2 of change 12.9972
Iteration : 4
Chi^2 of change 5.95468
Iteration : 5
Chi^2 of change 3.72196
Iteration : 6
Chi^2 of change 2.76803
Iteration : 7
Chi^2 of change 2.2313
Iteration : 8
Chi^2 of change 1.87466
Iteration : 9
Chi^2 of change 1.6168
Calculating covariances due to number of measured events
Now unfolding...
Iteration : 0
Chi^2 of change 394.479
Iteration : 1
Chi^2 of change 109.697
Iteration : 2
Chi^2 of change 45.7379
Iteration : 3
Chi^2 of change 22.9241
Iteration : 4
Chi^2 of change 14.0161
Iteration : 5
Chi^2 of change 9.91661
Iteration : 6
Chi^2 of change 7.62662
Iteration : 7
Chi^2 of change 6.13127
Iteration : 8
Chi^2 of change 5.08332
Iteration : 9
Chi^2 of change 4.31176
Calculating covariances due to number of measured events
Convolution with thetaX_Cobb from TOFAllscan/LiHMu_3172_tof_lim27.9147513286_u28.1147513286_mod.root
OBJ: RooUnfoldBayes	response	Unfold Response
regularisation parameter = 10, ntoys = 50
OBJ: RooUnfoldBayes	response	Unfold Response
regularisation parameter = 10, ntoys = 50
OBJ: RooUnfoldBayes	response	Unfold Response
regularisation parameter = 10, ntoys = 50
OBJ: RooUnfoldBayes	response	Unfold Response
regularisation parameter = 10, ntoys = 50
Now unfolding...
Iteration : 0
Chi^2 of change 206.384
Iteration : 1
Chi^2 of change 42.1397
Iteration : 2
Chi^2 of change 10.2706
Iteration : 3
Chi^2 of change 3.2286
Iteration : 4
Chi^2 of change 1.48669
Iteration : 5
Chi^2 of change 0.952629
Iteration : 6
Chi^2 of change 0.717682
Iteration : 7
Chi^2 of change 0.575128
Iteration : 8
Chi^2 of change 0.47461
Iteration : 9
Chi^2 of change 0.400294
Calculating covariances due to number of measured events
Now unfolding...
Iteration : 0
Chi^2 of change 384.935
Iteration : 1
Chi^2 of change 53.8544
Iteration : 2
Chi^2 of change 11.0685
Iteration : 3
Chi^2 of change 3.02477
Iteration : 4
Chi^2 of change 1.17465
Iteration : 5
Chi^2 of change 0.680718
Iteration : 6
Chi^2 of change 0.518639
Iteration : 7
Chi^2 of change 0.447465
Iteration : 8
Chi^2 of change 0.40646
Iteration : 9
Chi^2 of change 0.378578
Calculating covariances due to number of measured events
Now unfolding...
Iteration : 0
Chi^2 of change 665.208
Iteration : 1
Chi^2 of change 122.571
Iteration : 2
Chi^2 of change 33.5812
Iteration : 3
Chi^2 of change 13.6279
Iteration : 4
Chi^2 of change 7.88437
Iteration : 5
Chi^2 of change 5.28075
Iteration : 6
Chi^2 of change 3.7319
Iteration : 7
Chi^2 of change 2.77549
Iteration : 8
Chi^2 of change 2.19139
Iteration : 9
Chi^2 of change 1.82511
Calculating covariances due to number of measured events
Now unfolding...
Iteration : 0
Chi^2 of change 439.92
Iteration : 1
Chi^2 of change 109.236
Iteration : 2
Chi^2 of change 38.7866
Iteration : 3
Chi^2 of change 18.5923
Iteration : 4
Chi^2 of change 12.1375
Iteration : 5
Chi^2 of change 9.15013
Iteration : 6
Chi^2 of change 7.29362
Iteration : 7
Chi^2 of change 6.02437
Iteration : 8
Chi^2 of change 5.11921
Iteration : 9
Chi^2 of change 4.45997
Calculating covariances due to number of measured events
