INFO: Using third party libraries from /home/ppe/j/jnugent/private/PhD_Year_1/software/MAUS-v2.9.1
MAUS web front-end directory: /home/ppe/j/jnugent/private/PhD_Year_1/software/MAUS-v2.9.1/third_party/install/lib/maus-apps-0.2
    Database directory: /home/ppe/j/jnugent/private/PhD_Year_1/software/MAUS-v2.9.1/third_party/install/lib/maus-apps-0.2/db
    Media directory: /home/ppe/j/jnugent/private/PhD_Year_1/software/MAUS-v2.9.1/third_party/install/lib/maus-apps-0.2/media
    Media directory (raw images): /home/ppe/j/jnugent/private/PhD_Year_1/software/MAUS-v2.9.1/third_party/install/lib/maus-apps-0.2/media/raw
SUCCESS: MAUS setup
Algorithm to analyse reduced MAUS root
trees for multiple scattering measurements
and to unfold the distribution

Received 2 arguements.
node type: Element, name: spec, with prop id: (null), prop name: (null), prop value: (null)
node type: Element, name: file, with prop id: outfile, prop name: TOFAllscan/LiHMu_3240_tof_lim28.5398395872_u28.7398395872.root, prop value: (null)
node type: Element, name: file, with prop id: outfilename, prop name: TOFAllscan/LiHMu_3240_tof_lim28.5398395872_u28.7398395872.root, prop value: (null)
File designation not recognized. Will ignore outfilename
node type: Element, name: file, with prop id: datafile, prop name: /data/neutrino06/jnugent/v2.9.1/allLiH/reduced_tree_.root, prop value: (null)
node type: Element, name: file, with prop id: trainfile, prop name: /data/neutrino06/jnugent/v2.9.1/allZeroAbs/reduced_tree_.root, prop value: (null)
node type: Element, name: file, with prop id: modelfile, prop name: TOFAllscan/LiHMu_3240_tof_lim28.5398395872_u28.7398395872_mod.root, prop value: (null)
node type: Element, name: file, with prop id: trkreffiname, prop name: /home/ppe/j/jnugent/workarea/tracker_efficiency/tracker_resolution_plots_28.5398395872.root, prop value: (null)
node type: Element, name: file, with prop id: model3, prop name: Moliere, prop value: (null)
node type: Element, name: file, with prop id: model2, prop name: Cobb, prop value: (null)
node type: Element, name: file, with prop id: model1, prop name: GEANT, prop value: (null)
node type: Element, name: cuts, with prop id: (null), prop name: TOF_ll, prop value: 28.5398395872
node type: Element, name: cuts, with prop id: (null), prop name: TOF_ul, prop value: 28.7398395872
node type: Element, name: cuts, with prop id: (null), prop name: fid_rad, prop value: 140.0
node type: Element, name: cuts, with prop id: (null), prop name: fid_grad, prop value: 0.012
node type: Element, name: cuts, with prop id: (null), prop name: mode, prop value: 2
node type: Element, name: sys, with prop id: (null), prop name: niter, prop value: 10
node type: Element, name: histlimits, with prop id: (null), prop name: NbinsXY, prop value: 46
node type: Element, name: histlimits, with prop id: (null), prop name: NbinsTh, prop value: 200
node type: Element, name: histlimits, with prop id: (null), prop name: minXY, prop value: -0.06
node type: Element, name: histlimits, with prop id: (null), prop name: maxXY, prop value: 0.06
Writing outfile to TOFAllscan/LiHMu_3240_tof_lim28.5398395872_u28.7398395872.root
Reading outfilename at 
Reading data from /data/neutrino06/jnugent/v2.9.1/allLiH/reduced_tree_.root
Reading reference data from /data/neutrino06/jnugent/v2.9.1/allZeroAbs/reduced_tree_.root
Reading models from TOFAllscan/LiHMu_3240_tof_lim28.5398395872_u28.7398395872_mod.root
Reading models from 
Use  for propagation

TOF selection between 28.5398 and 28.7398
Fiducial selection contained by radius 140 with scattering 0.012

Adding systematic effect niter with value 10
Event 0
Event 100000
Event 200000
Event 300000
Event 400000
Event 500000
Event 600000
Event 700000
Event 800000
Event 900000
Event 1000000
Event 1100000
Event 1200000
Event 1300000
Event 1400000
Event 1500000
Event 1600000
Event 1700000
Event 1800000
Event 1900000
Event 2000000
Event 2100000
Event 2200000
Event 2300000
Event 2400000
Event 2500000
Event 2600000
Event 2700000
Event 2800000
Event 2900000
Event 3000000
Event 3100000
Event 3200000
Event 3300000
Event 3400000
Event 3500000
Event 3600000
Event 3700000
Event 3800000
Event 3900000
Event 4000000
Event 4100000
Event 4200000
Event 4300000
Event 4400000
Event 4500000
Event 4600000
Event 4700000
Event 4800000
Event 4900000
Event 5000000
Event 0
Event 100000
Event 200000
Event 300000
Event 400000
Event 500000
Event 600000
Event 700000
Event 800000
Event 900000
Event 1000000
Convolution with thetaX_GEANT from TOFAllscan/LiHMu_3240_tof_lim28.5398395872_u28.7398395872_mod.root
OBJ: RooUnfoldBayes	response	Unfold Response
regularisation parameter = 10, ntoys = 50
OBJ: RooUnfoldBayes	response	Unfold Response
regularisation parameter = 10, ntoys = 50
OBJ: RooUnfoldBayes	response	Unfold Response
regularisation parameter = 10, ntoys = 50
OBJ: RooUnfoldBayes	response	Unfold Response
regularisation parameter = 10, ntoys = 50
Now unfolding...
Iteration : 0
Chi^2 of change 163.331
Iteration : 1
Chi^2 of change 56.4394
Iteration : 2
Chi^2 of change 17.9417
Iteration : 3
Chi^2 of change 5.82581
Iteration : 4
Chi^2 of change 2.20553
Iteration : 5
Chi^2 of change 1.10599
Iteration : 6
Chi^2 of change 0.738408
Iteration : 7
Chi^2 of change 0.58955
Iteration : 8
Chi^2 of change 0.5119
Iteration : 9
Chi^2 of change 0.461212
Calculating covariances due to number of measured events
Now unfolding...
Iteration : 0
Chi^2 of change 217.089
Iteration : 1
Chi^2 of change 50.3125
Iteration : 2
Chi^2 of change 12.712
Iteration : 3
Chi^2 of change 3.72393
Iteration : 4
Chi^2 of change 1.4234
Iteration : 5
Chi^2 of change 0.796701
Iteration : 6
Chi^2 of change 0.605663
Iteration : 7
Chi^2 of change 0.531398
Iteration : 8
Chi^2 of change 0.490194
Iteration : 9
Chi^2 of change 0.459693
Calculating covariances due to number of measured events
Now unfolding...
Iteration : 0
Chi^2 of change 554.408
Iteration : 1
Chi^2 of change 136.049
Iteration : 2
Chi^2 of change 30.5302
Iteration : 3
Chi^2 of change 8.74433
Iteration : 4
Chi^2 of change 3.73896
Iteration : 5
Chi^2 of change 2.32555
Iteration : 6
Chi^2 of change 1.78281
Iteration : 7
Chi^2 of change 1.48941
Iteration : 8
Chi^2 of change 1.29747
Iteration : 9
Chi^2 of change 1.16036
Calculating covariances due to number of measured events
Now unfolding...
Iteration : 0
Chi^2 of change 322.888
Iteration : 1
Chi^2 of change 112.853
Iteration : 2
Chi^2 of change 51.7891
Iteration : 3
Chi^2 of change 30.956
Iteration : 4
Chi^2 of change 23.5483
Iteration : 5
Chi^2 of change 19.7068
Iteration : 6
Chi^2 of change 16.2524
Iteration : 7
Chi^2 of change 12.7391
Iteration : 8
Chi^2 of change 9.71658
Iteration : 9
Chi^2 of change 7.54468
Calculating covariances due to number of measured events
Convolution with thetaX_Cobb from TOFAllscan/LiHMu_3240_tof_lim28.5398395872_u28.7398395872_mod.root
OBJ: RooUnfoldBayes	response	Unfold Response
regularisation parameter = 10, ntoys = 50
OBJ: RooUnfoldBayes	response	Unfold Response
regularisation parameter = 10, ntoys = 50
OBJ: RooUnfoldBayes	response	Unfold Response
regularisation parameter = 10, ntoys = 50
OBJ: RooUnfoldBayes	response	Unfold Response
regularisation parameter = 10, ntoys = 50
Now unfolding...
Iteration : 0
Chi^2 of change 702.74
Iteration : 1
Chi^2 of change 355.662
Iteration : 2
Chi^2 of change 129.869
Iteration : 3
Chi^2 of change 41.1166
Iteration : 4
Chi^2 of change 13.7239
Iteration : 5
Chi^2 of change 5.81707
Iteration : 6
Chi^2 of change 3.35714
Iteration : 7
Chi^2 of change 2.40682
Iteration : 8
Chi^2 of change 1.91591
Iteration : 9
Chi^2 of change 1.59585
Calculating covariances due to number of measured events
Now unfolding...
Iteration : 0
Chi^2 of change 695.851
Iteration : 1
Chi^2 of change 318.934
Iteration : 2
Chi^2 of change 102.822
Iteration : 3
Chi^2 of change 28.1544
Iteration : 4
Chi^2 of change 8.19107
Iteration : 5
Chi^2 of change 3.16676
Iteration : 6
Chi^2 of change 1.7435
Iteration : 7
Chi^2 of change 1.21044
Iteration : 8
Chi^2 of change 0.938912
Iteration : 9
Chi^2 of change 0.769856
Calculating covariances due to number of measured events
Now unfolding...
Iteration : 0
Chi^2 of change 1553.09
Iteration : 1
Chi^2 of change 763.141
Iteration : 2
Chi^2 of change 237.901
Iteration : 3
Chi^2 of change 62.2877
Iteration : 4
Chi^2 of change 19.4026
Iteration : 5
Chi^2 of change 8.63041
Iteration : 6
Chi^2 of change 5.16718
Iteration : 7
Chi^2 of change 3.6517
Iteration : 8
Chi^2 of change 2.79689
Iteration : 9
Chi^2 of change 2.27306
Calculating covariances due to number of measured events
Now unfolding...
Iteration : 0
Chi^2 of change 1302.3
Iteration : 1
Chi^2 of change 591.676
Iteration : 2
Chi^2 of change 206.031
Iteration : 3
Chi^2 of change 71.4135
Iteration : 4
Chi^2 of change 30.7481
Iteration : 5
Chi^2 of change 17.0233
Iteration : 6
Chi^2 of change 11.338
Iteration : 7
Chi^2 of change 8.49258
Iteration : 8
Chi^2 of change 6.82506
Iteration : 9
Chi^2 of change 5.72382
Calculating covariances due to number of measured events
