INFO: Using third party libraries from /home/ppe/j/jnugent/private/PhD_Year_1/software/MAUS-v2.9.1
MAUS web front-end directory: /home/ppe/j/jnugent/private/PhD_Year_1/software/MAUS-v2.9.1/third_party/install/lib/maus-apps-0.2
    Database directory: /home/ppe/j/jnugent/private/PhD_Year_1/software/MAUS-v2.9.1/third_party/install/lib/maus-apps-0.2/db
    Media directory: /home/ppe/j/jnugent/private/PhD_Year_1/software/MAUS-v2.9.1/third_party/install/lib/maus-apps-0.2/media
    Media directory (raw images): /home/ppe/j/jnugent/private/PhD_Year_1/software/MAUS-v2.9.1/third_party/install/lib/maus-apps-0.2/media/raw
SUCCESS: MAUS setup
Algorithm to analyse reduced MAUS root
trees for multiple scattering measurements
and to unfold the distribution

Received 2 arguements.
node type: Element, name: spec, with prop id: (null), prop name: (null), prop value: (null)
node type: Element, name: file, with prop id: outfile, prop name: TOFAllscan/LiHMu_3172_tof_lim30.7147513286_u30.9147513286.root, prop value: (null)
node type: Element, name: file, with prop id: datafile, prop name: /data/neutrino06/jnugent/v2.9.1/allLiH/reduced_tree_.root, prop value: (null)
node type: Element, name: file, with prop id: trainfile, prop name: /data/neutrino06/jnugent/v2.9.1/allZeroAbs/reduced_tree_.root, prop value: (null)
node type: Element, name: file, with prop id: modelfile, prop name: TOFAllscan/LiHMu_3172_tof_lim30.7147513286_u30.9147513286_mod.root, prop value: (null)
node type: Element, name: file, with prop id: trkreffiname, prop name: /home/ppe/j/jnugent/workarea/tracker_efficiency/tracker_resolution_plots_30.7147513286.root, prop value: (null)
node type: Element, name: file, with prop id: model3, prop name: Moliere, prop value: (null)
node type: Element, name: file, with prop id: model2, prop name: Cobb, prop value: (null)
node type: Element, name: file, with prop id: model1, prop name: GEANT, prop value: (null)
node type: Element, name: cuts, with prop id: (null), prop name: TOF_ll, prop value: 30.7147513286
node type: Element, name: cuts, with prop id: (null), prop name: TOF_ul, prop value: 30.9147513286
node type: Element, name: cuts, with prop id: (null), prop name: fid_rad, prop value: 140.0
node type: Element, name: cuts, with prop id: (null), prop name: fid_grad, prop value: 0.012
node type: Element, name: cuts, with prop id: (null), prop name: mode, prop value: 2
node type: Element, name: sys, with prop id: (null), prop name: niter, prop value: 10
node type: Element, name: histlimits, with prop id: (null), prop name: NbinsXY, prop value: 46
node type: Element, name: histlimits, with prop id: (null), prop name: NbinsTh, prop value: 200
node type: Element, name: histlimits, with prop id: (null), prop name: minXY, prop value: -0.06
node type: Element, name: histlimits, with prop id: (null), prop name: maxXY, prop value: 0.06
Writing outfile to TOFAllscan/LiHMu_3172_tof_lim30.7147513286_u30.9147513286.root
Reading outfilename at 
Reading data from /data/neutrino06/jnugent/v2.9.1/allLiH/reduced_tree_.root
Reading reference data from /data/neutrino06/jnugent/v2.9.1/allZeroAbs/reduced_tree_.root
Reading models from TOFAllscan/LiHMu_3172_tof_lim30.7147513286_u30.9147513286_mod.root
Reading models from 
Use  for propagation

TOF selection between 30.7148 and 30.9148
Fiducial selection contained by radius 140 with scattering 0.012

Adding systematic effect niter with value 10
Event 0
Event 100000
Event 200000
Event 300000
Event 400000
Event 500000
Event 600000
Event 700000
Event 800000
Event 900000
Event 1000000
Event 1100000
Event 1200000
Event 1300000
Event 1400000
Event 1500000
Event 1600000
Event 1700000
Event 1800000
Event 1900000
Event 2000000
Event 2100000
Event 2200000
Event 2300000
Event 2400000
Event 2500000
Event 2600000
Event 2700000
Event 2800000
Event 2900000
Event 3000000
Event 3100000
Event 3200000
Event 3300000
Event 3400000
Event 3500000
Event 3600000
Event 3700000
Event 3800000
Event 3900000
Event 4000000
Event 4100000
Event 4200000
Event 4300000
Event 4400000
Event 4500000
Event 4600000
Event 4700000
Event 4800000
Event 4900000
Event 5000000
Event 0
Event 100000
Event 200000
Event 300000
Event 400000
Event 500000
Event 600000
Event 700000
Event 800000
Event 900000
Event 1000000
Convolution with thetaX_GEANT from TOFAllscan/LiHMu_3172_tof_lim30.7147513286_u30.9147513286_mod.root
OBJ: RooUnfoldBayes	response	Unfold Response
regularisation parameter = 10, ntoys = 50
OBJ: RooUnfoldBayes	response	Unfold Response
regularisation parameter = 10, ntoys = 50
OBJ: RooUnfoldBayes	response	Unfold Response
regularisation parameter = 10, ntoys = 50
OBJ: RooUnfoldBayes	response	Unfold Response
regularisation parameter = 10, ntoys = 50
Now unfolding...
Iteration : 0
Chi^2 of change 33.5316
Iteration : 1
Chi^2 of change 4.65137
Iteration : 2
Chi^2 of change 2.5675
Iteration : 3
Chi^2 of change 1.4814
Iteration : 4
Chi^2 of change 0.836942
Iteration : 5
Chi^2 of change 0.466548
Iteration : 6
Chi^2 of change 0.261206
Iteration : 7
Chi^2 of change 0.153691
Iteration : 8
Chi^2 of change 0.0937779
Iteration : 9
Chi^2 of change 0.0619151
Calculating covariances due to number of measured events
Now unfolding...
Iteration : 0
Chi^2 of change 27.7125
Iteration : 1
Chi^2 of change 2.26386
Iteration : 2
Chi^2 of change 1.07409
Iteration : 3
Chi^2 of change 0.605641
Iteration : 4
Chi^2 of change 0.377318
Iteration : 5
Chi^2 of change 0.267175
Iteration : 6
Chi^2 of change 0.20283
Iteration : 7
Chi^2 of change 0.154527
Iteration : 8
Chi^2 of change 0.112352
Iteration : 9
Chi^2 of change 0.0875551
Calculating covariances due to number of measured events
Now unfolding...
Iteration : 0
Chi^2 of change 63.5543
Iteration : 1
Chi^2 of change 4.87118
Iteration : 2
Chi^2 of change 1.72478
Iteration : 3
Chi^2 of change 0.661371
Iteration : 4
Chi^2 of change 0.318372
Iteration : 5
Chi^2 of change 0.209448
Iteration : 6
Chi^2 of change 0.159323
Iteration : 7
Chi^2 of change 0.116166
Iteration : 8
Chi^2 of change 0.084775
Iteration : 9
Chi^2 of change 0.061855
Calculating covariances due to number of measured events
Now unfolding...
Iteration : 0
Chi^2 of change 32.5482
Iteration : 1
Chi^2 of change 0.827366
Iteration : 2
Chi^2 of change 0.407322
Iteration : 3
Chi^2 of change 0.209513
Iteration : 4
Chi^2 of change 0.09375
Iteration : 5
Chi^2 of change 0.0461522
Iteration : 6
Chi^2 of change 0.0253094
Iteration : 7
Chi^2 of change 0.0138677
Iteration : 8
Chi^2 of change 0.00806242
Iteration : 9
Chi^2 of change 0.00485153
Calculating covariances due to number of measured events
Convolution with thetaX_Cobb from TOFAllscan/LiHMu_3172_tof_lim30.7147513286_u30.9147513286_mod.root
OBJ: RooUnfoldBayes	response	Unfold Response
regularisation parameter = 10, ntoys = 50
OBJ: RooUnfoldBayes	response	Unfold Response
regularisation parameter = 10, ntoys = 50
OBJ: RooUnfoldBayes	response	Unfold Response
regularisation parameter = 10, ntoys = 50
OBJ: RooUnfoldBayes	response	Unfold Response
regularisation parameter = 10, ntoys = 50
Now unfolding...
Iteration : 0
Chi^2 of change 18.9479
Iteration : 1
Chi^2 of change 2.15248
Iteration : 2
Chi^2 of change 0.912979
Iteration : 3
Chi^2 of change 0.572112
Iteration : 4
Chi^2 of change 0.375679
Iteration : 5
Chi^2 of change 0.258203
Iteration : 6
Chi^2 of change 0.188049
Iteration : 7
Chi^2 of change 0.145127
Iteration : 8
Chi^2 of change 0.116764
Iteration : 9
Chi^2 of change 0.0966165
Calculating covariances due to number of measured events
Now unfolding...
Iteration : 0
Chi^2 of change 20.6096
Iteration : 1
Chi^2 of change 2.73667
Iteration : 2
Chi^2 of change 1.35233
Iteration : 3
Chi^2 of change 0.846226
Iteration : 4
Chi^2 of change 0.548773
Iteration : 5
Chi^2 of change 0.37786
Iteration : 6
Chi^2 of change 0.274396
Iteration : 7
Chi^2 of change 0.210473
Iteration : 8
Chi^2 of change 0.154304
Iteration : 9
Chi^2 of change 0.12049
Calculating covariances due to number of measured events
Now unfolding...
Iteration : 0
Chi^2 of change 33.8971
Iteration : 1
Chi^2 of change 5.96833
Iteration : 2
Chi^2 of change 2.17258
Iteration : 3
Chi^2 of change 0.95447
Iteration : 4
Chi^2 of change 0.488673
Iteration : 5
Chi^2 of change 0.276708
Iteration : 6
Chi^2 of change 0.166178
Iteration : 7
Chi^2 of change 0.109463
Iteration : 8
Chi^2 of change 0.0773423
Iteration : 9
Chi^2 of change 0.0576737
Calculating covariances due to number of measured events
Now unfolding...
Iteration : 0
Chi^2 of change 30.879
Iteration : 1
Chi^2 of change 0.903789
Iteration : 2
Chi^2 of change 0.56287
Iteration : 3
Chi^2 of change 0.24378
Iteration : 4
Chi^2 of change 0.109855
Iteration : 5
Chi^2 of change 0.0571581
Iteration : 6
Chi^2 of change 0.0328401
Iteration : 7
Chi^2 of change 0.020335
Iteration : 8
Chi^2 of change 0.0133362
Iteration : 9
Chi^2 of change 0.00916881
Calculating covariances due to number of measured events
