INFO: Using third party libraries from /home/ppe/j/jnugent/private/PhD_Year_1/software/MAUS-v2.9.1
MAUS web front-end directory: /home/ppe/j/jnugent/private/PhD_Year_1/software/MAUS-v2.9.1/third_party/install/lib/maus-apps-0.2
    Database directory: /home/ppe/j/jnugent/private/PhD_Year_1/software/MAUS-v2.9.1/third_party/install/lib/maus-apps-0.2/db
    Media directory: /home/ppe/j/jnugent/private/PhD_Year_1/software/MAUS-v2.9.1/third_party/install/lib/maus-apps-0.2/media
    Media directory (raw images): /home/ppe/j/jnugent/private/PhD_Year_1/software/MAUS-v2.9.1/third_party/install/lib/maus-apps-0.2/media/raw
SUCCESS: MAUS setup
Algorithm to analyse reduced MAUS root
trees for multiple scattering measurements
and to unfold the distribution

Received 2 arguements.
node type: Element, name: spec, with prop id: (null), prop name: (null), prop value: (null)
node type: Element, name: file, with prop id: outfile, prop name: TOFAllscan/LiHMu_3240_tof_lim28.1398395872_u28.3398395872.root, prop value: (null)
node type: Element, name: file, with prop id: outfilename, prop name: TOFAllscan/LiHMu_3240_tof_lim28.1398395872_u28.3398395872.root, prop value: (null)
File designation not recognized. Will ignore outfilename
node type: Element, name: file, with prop id: datafile, prop name: /data/neutrino06/jnugent/v2.9.1/allLiH/reduced_tree_.root, prop value: (null)
node type: Element, name: file, with prop id: trainfile, prop name: /data/neutrino06/jnugent/v2.9.1/allZeroAbs/reduced_tree_.root, prop value: (null)
node type: Element, name: file, with prop id: modelfile, prop name: TOFAllscan/LiHMu_3240_tof_lim28.1398395872_u28.3398395872_mod.root, prop value: (null)
node type: Element, name: file, with prop id: trkreffiname, prop name: /home/ppe/j/jnugent/workarea/tracker_efficiency/tracker_resolution_plots_28.1398395872.root, prop value: (null)
node type: Element, name: file, with prop id: model3, prop name: Moliere, prop value: (null)
node type: Element, name: file, with prop id: model2, prop name: Cobb, prop value: (null)
node type: Element, name: file, with prop id: model1, prop name: GEANT, prop value: (null)
node type: Element, name: cuts, with prop id: (null), prop name: TOF_ll, prop value: 28.1398395872
node type: Element, name: cuts, with prop id: (null), prop name: TOF_ul, prop value: 28.3398395872
node type: Element, name: cuts, with prop id: (null), prop name: fid_rad, prop value: 140.0
node type: Element, name: cuts, with prop id: (null), prop name: fid_grad, prop value: 0.012
node type: Element, name: cuts, with prop id: (null), prop name: mode, prop value: 2
node type: Element, name: sys, with prop id: (null), prop name: niter, prop value: 10
node type: Element, name: histlimits, with prop id: (null), prop name: NbinsXY, prop value: 46
node type: Element, name: histlimits, with prop id: (null), prop name: NbinsTh, prop value: 200
node type: Element, name: histlimits, with prop id: (null), prop name: minXY, prop value: -0.06
node type: Element, name: histlimits, with prop id: (null), prop name: maxXY, prop value: 0.06
Writing outfile to TOFAllscan/LiHMu_3240_tof_lim28.1398395872_u28.3398395872.root
Reading outfilename at 
Reading data from /data/neutrino06/jnugent/v2.9.1/allLiH/reduced_tree_.root
Reading reference data from /data/neutrino06/jnugent/v2.9.1/allZeroAbs/reduced_tree_.root
Reading models from TOFAllscan/LiHMu_3240_tof_lim28.1398395872_u28.3398395872_mod.root
Reading models from 
Use  for propagation

TOF selection between 28.1398 and 28.3398
Fiducial selection contained by radius 140 with scattering 0.012

Adding systematic effect niter with value 10
Event 0
Event 100000
Event 200000
Event 300000
Event 400000
Event 500000
Event 600000
Event 700000
Event 800000
Event 900000
Event 1000000
Event 1100000
Event 1200000
Event 1300000
Event 1400000
Event 1500000
Event 1600000
Event 1700000
Event 1800000
Event 1900000
Event 2000000
Event 2100000
Event 2200000
Event 2300000
Event 2400000
Event 2500000
Event 2600000
Event 2700000
Event 2800000
Event 2900000
Event 3000000
Event 3100000
Event 3200000
Event 3300000
Event 3400000
Event 3500000
Event 3600000
Event 3700000
Event 3800000
Event 3900000
Event 4000000
Event 4100000
Event 4200000
Event 4300000
Event 4400000
Event 4500000
Event 4600000
Event 4700000
Event 4800000
Event 4900000
Event 5000000
Event 0
Event 100000
Event 200000
Event 300000
Event 400000
Event 500000
Event 600000
Event 700000
Event 800000
Event 900000
Event 1000000
Convolution with thetaX_GEANT from TOFAllscan/LiHMu_3240_tof_lim28.1398395872_u28.3398395872_mod.root
OBJ: RooUnfoldBayes	response	Unfold Response
regularisation parameter = 10, ntoys = 50
OBJ: RooUnfoldBayes	response	Unfold Response
regularisation parameter = 10, ntoys = 50
OBJ: RooUnfoldBayes	response	Unfold Response
regularisation parameter = 10, ntoys = 50
OBJ: RooUnfoldBayes	response	Unfold Response
regularisation parameter = 10, ntoys = 50
Now unfolding...
Iteration : 0
Chi^2 of change 140.056
Iteration : 1
Chi^2 of change 45.3308
Iteration : 2
Chi^2 of change 13.5666
Iteration : 3
Chi^2 of change 4.21306
Iteration : 4
Chi^2 of change 1.58744
Iteration : 5
Chi^2 of change 0.838585
Iteration : 6
Chi^2 of change 0.60472
Iteration : 7
Chi^2 of change 0.516048
Iteration : 8
Chi^2 of change 0.471363
Iteration : 9
Chi^2 of change 0.441707
Calculating covariances due to number of measured events
Now unfolding...
Iteration : 0
Chi^2 of change 215.473
Iteration : 1
Chi^2 of change 53.0972
Iteration : 2
Chi^2 of change 14.4031
Iteration : 3
Chi^2 of change 4.42976
Iteration : 4
Chi^2 of change 1.68252
Iteration : 5
Chi^2 of change 0.868411
Iteration : 6
Chi^2 of change 0.591126
Iteration : 7
Chi^2 of change 0.471371
Iteration : 8
Chi^2 of change 0.403502
Iteration : 9
Chi^2 of change 0.356511
Calculating covariances due to number of measured events
Now unfolding...
Iteration : 0
Chi^2 of change 486.981
Iteration : 1
Chi^2 of change 126.482
Iteration : 2
Chi^2 of change 40.9419
Iteration : 3
Chi^2 of change 14.1645
Iteration : 4
Chi^2 of change 6.5183
Iteration : 5
Chi^2 of change 3.9581
Iteration : 6
Chi^2 of change 2.80949
Iteration : 7
Chi^2 of change 2.18694
Iteration : 8
Chi^2 of change 1.7919
Iteration : 9
Chi^2 of change 1.51805
Calculating covariances due to number of measured events
Now unfolding...
Iteration : 0
Chi^2 of change 298.644
Iteration : 1
Chi^2 of change 105.526
Iteration : 2
Chi^2 of change 42.9308
Iteration : 3
Chi^2 of change 20.648
Iteration : 4
Chi^2 of change 13.3749
Iteration : 5
Chi^2 of change 10.2243
Iteration : 6
Chi^2 of change 8.30879
Iteration : 7
Chi^2 of change 6.93789
Iteration : 8
Chi^2 of change 5.89731
Iteration : 9
Chi^2 of change 5.09282
Calculating covariances due to number of measured events
Convolution with thetaX_Cobb from TOFAllscan/LiHMu_3240_tof_lim28.1398395872_u28.3398395872_mod.root
OBJ: RooUnfoldBayes	response	Unfold Response
regularisation parameter = 10, ntoys = 50
OBJ: RooUnfoldBayes	response	Unfold Response
regularisation parameter = 10, ntoys = 50
OBJ: RooUnfoldBayes	response	Unfold Response
regularisation parameter = 10, ntoys = 50
OBJ: RooUnfoldBayes	response	Unfold Response
regularisation parameter = 10, ntoys = 50
Now unfolding...
Iteration : 0
Chi^2 of change 522.912
Iteration : 1
Chi^2 of change 250.334
Iteration : 2
Chi^2 of change 90.7236
Iteration : 3
Chi^2 of change 27.7132
Iteration : 4
Chi^2 of change 8.16788
Iteration : 5
Chi^2 of change 2.76414
Iteration : 6
Chi^2 of change 1.30406
Iteration : 7
Chi^2 of change 0.874722
Iteration : 8
Chi^2 of change 0.713505
Iteration : 9
Chi^2 of change 0.626962
Calculating covariances due to number of measured events
Now unfolding...
Iteration : 0
Chi^2 of change 540.239
Iteration : 1
Chi^2 of change 237.028
Iteration : 2
Chi^2 of change 82.8416
Iteration : 3
Chi^2 of change 25.429
Iteration : 4
Chi^2 of change 7.61215
Iteration : 5
Chi^2 of change 2.49843
Iteration : 6
Chi^2 of change 1.04415
Iteration : 7
Chi^2 of change 0.612596
Iteration : 8
Chi^2 of change 0.471811
Iteration : 9
Chi^2 of change 0.418252
Calculating covariances due to number of measured events
Now unfolding...
Iteration : 0
Chi^2 of change 1214.63
Iteration : 1
Chi^2 of change 546.171
Iteration : 2
Chi^2 of change 174.061
Iteration : 3
Chi^2 of change 47.2925
Iteration : 4
Chi^2 of change 14.8316
Iteration : 5
Chi^2 of change 6.40791
Iteration : 6
Chi^2 of change 3.7077
Iteration : 7
Chi^2 of change 2.55797
Iteration : 8
Chi^2 of change 1.94098
Iteration : 9
Chi^2 of change 1.55799
Calculating covariances due to number of measured events
Now unfolding...
Iteration : 0
Chi^2 of change 1027.69
Iteration : 1
Chi^2 of change 414.172
Iteration : 2
Chi^2 of change 147.264
Iteration : 3
Chi^2 of change 55.1711
Iteration : 4
Chi^2 of change 25.0182
Iteration : 5
Chi^2 of change 14.3384
Iteration : 6
Chi^2 of change 9.90662
Iteration : 7
Chi^2 of change 7.63219
Iteration : 8
Chi^2 of change 6.22464
Iteration : 9
Chi^2 of change 5.20995
Calculating covariances due to number of measured events
