INFO: Using third party libraries from /home/ppe/j/jnugent/private/PhD_Year_1/software/MAUS-v2.9.1
MAUS web front-end directory: /home/ppe/j/jnugent/private/PhD_Year_1/software/MAUS-v2.9.1/third_party/install/lib/maus-apps-0.2
    Database directory: /home/ppe/j/jnugent/private/PhD_Year_1/software/MAUS-v2.9.1/third_party/install/lib/maus-apps-0.2/db
    Media directory: /home/ppe/j/jnugent/private/PhD_Year_1/software/MAUS-v2.9.1/third_party/install/lib/maus-apps-0.2/media
    Media directory (raw images): /home/ppe/j/jnugent/private/PhD_Year_1/software/MAUS-v2.9.1/third_party/install/lib/maus-apps-0.2/media/raw
SUCCESS: MAUS setup
Algorithm to analyse reduced MAUS root
trees for multiple scattering measurements
and to unfold the distribution

Received 2 arguements.
node type: Element, name: spec, with prop id: (null), prop name: (null), prop value: (null)
node type: Element, name: file, with prop id: outfile, prop name: TOFAllscan/LiHMu_3200_tof_lim27.9365596446_u28.1365596446.root, prop value: (null)
node type: Element, name: file, with prop id: datafile, prop name: /data/neutrino06/jnugent/v2.9.1/allLiH/reduced_tree_.root, prop value: (null)
node type: Element, name: file, with prop id: trainfile, prop name: /data/neutrino06/jnugent/v2.9.1/allZeroAbs/reduced_tree_.root, prop value: (null)
node type: Element, name: file, with prop id: modelfile, prop name: TOFAllscan/LiHMu_3200_tof_lim27.9365596446_u28.1365596446_mod.root, prop value: (null)
node type: Element, name: file, with prop id: trkreffiname, prop name: /home/ppe/j/jnugent/workarea/tracker_efficiency/tracker_resolution_plots_27.9365596446.root, prop value: (null)
node type: Element, name: file, with prop id: model3, prop name: Moliere, prop value: (null)
node type: Element, name: file, with prop id: model2, prop name: Cobb, prop value: (null)
node type: Element, name: file, with prop id: model1, prop name: GEANT, prop value: (null)
node type: Element, name: cuts, with prop id: (null), prop name: TOF_ll, prop value: 27.9365596446
node type: Element, name: cuts, with prop id: (null), prop name: TOF_ul, prop value: 28.1365596446
node type: Element, name: cuts, with prop id: (null), prop name: fid_rad, prop value: 140.0
node type: Element, name: cuts, with prop id: (null), prop name: fid_grad, prop value: 0.012
node type: Element, name: cuts, with prop id: (null), prop name: mode, prop value: 2
node type: Element, name: sys, with prop id: (null), prop name: niter, prop value: 10
node type: Element, name: histlimits, with prop id: (null), prop name: NbinsXY, prop value: 46
node type: Element, name: histlimits, with prop id: (null), prop name: NbinsTh, prop value: 200
node type: Element, name: histlimits, with prop id: (null), prop name: minXY, prop value: -0.06
node type: Element, name: histlimits, with prop id: (null), prop name: maxXY, prop value: 0.06
Writing outfile to TOFAllscan/LiHMu_3200_tof_lim27.9365596446_u28.1365596446.root
Reading outfilename at 
Reading data from /data/neutrino06/jnugent/v2.9.1/allLiH/reduced_tree_.root
Reading reference data from /data/neutrino06/jnugent/v2.9.1/allZeroAbs/reduced_tree_.root
Reading models from TOFAllscan/LiHMu_3200_tof_lim27.9365596446_u28.1365596446_mod.root
Reading models from 
Use  for propagation

TOF selection between 27.9366 and 28.1366
Fiducial selection contained by radius 140 with scattering 0.012

Adding systematic effect niter with value 10
Event 0
Event 100000
Event 200000
Event 300000
Event 400000
Event 500000
Event 600000
Event 700000
Event 800000
Event 900000
Event 1000000
Event 1100000
Event 1200000
Event 1300000
Event 1400000
Event 1500000
Event 1600000
Event 1700000
Event 1800000
Event 1900000
Event 2000000
Event 2100000
Event 2200000
Event 2300000
Event 2400000
Event 2500000
Event 2600000
Event 2700000
Event 2800000
Event 2900000
Event 3000000
Event 3100000
Event 3200000
Event 3300000
Event 3400000
Event 3500000
Event 3600000
Event 3700000
Event 3800000
Event 3900000
Event 4000000
Event 4100000
Event 4200000
Event 4300000
Event 4400000
Event 4500000
Event 4600000
Event 4700000
Event 4800000
Event 4900000
Event 5000000
Event 0
Event 100000
Event 200000
Event 300000
Event 400000
Event 500000
Event 600000
Event 700000
Event 800000
Event 900000
Event 1000000
Convolution with thetaX_GEANT from TOFAllscan/LiHMu_3200_tof_lim27.9365596446_u28.1365596446_mod.root
OBJ: RooUnfoldBayes	response	Unfold Response
regularisation parameter = 10, ntoys = 50
OBJ: RooUnfoldBayes	response	Unfold Response
regularisation parameter = 10, ntoys = 50
OBJ: RooUnfoldBayes	response	Unfold Response
regularisation parameter = 10, ntoys = 50
OBJ: RooUnfoldBayes	response	Unfold Response
regularisation parameter = 10, ntoys = 50
Now unfolding...
Iteration : 0
Chi^2 of change 169.253
Iteration : 1
Chi^2 of change 53.8151
Iteration : 2
Chi^2 of change 15.7529
Iteration : 3
Chi^2 of change 4.7327
Iteration : 4
Chi^2 of change 1.71086
Iteration : 5
Chi^2 of change 0.874424
Iteration : 6
Chi^2 of change 0.617506
Iteration : 7
Chi^2 of change 0.515973
Iteration : 8
Chi^2 of change 0.459318
Iteration : 9
Chi^2 of change 0.418263
Calculating covariances due to number of measured events
Now unfolding...
Iteration : 0
Chi^2 of change 276.099
Iteration : 1
Chi^2 of change 58.3322
Iteration : 2
Chi^2 of change 13.7622
Iteration : 3
Chi^2 of change 3.85014
Iteration : 4
Chi^2 of change 1.40144
Iteration : 5
Chi^2 of change 0.753231
Iteration : 6
Chi^2 of change 0.567103
Iteration : 7
Chi^2 of change 0.502535
Iteration : 8
Chi^2 of change 0.470648
Iteration : 9
Chi^2 of change 0.448048
Calculating covariances due to number of measured events
Now unfolding...
Iteration : 0
Chi^2 of change 491.128
Iteration : 1
Chi^2 of change 113.034
Iteration : 2
Chi^2 of change 30.2256
Iteration : 3
Chi^2 of change 10.0949
Iteration : 4
Chi^2 of change 4.60067
Iteration : 5
Chi^2 of change 2.84209
Iteration : 6
Chi^2 of change 2.11886
Iteration : 7
Chi^2 of change 1.72856
Iteration : 8
Chi^2 of change 1.46941
Iteration : 9
Chi^2 of change 1.28463
Calculating covariances due to number of measured events
Now unfolding...
Iteration : 0
Chi^2 of change 332.436
Iteration : 1
Chi^2 of change 108.376
Iteration : 2
Chi^2 of change 42.3041
Iteration : 3
Chi^2 of change 20.5369
Iteration : 4
Chi^2 of change 12.8257
Iteration : 5
Chi^2 of change 9.42032
Iteration : 6
Chi^2 of change 7.49118
Iteration : 7
Chi^2 of change 6.23535
Iteration : 8
Chi^2 of change 5.33913
Iteration : 9
Chi^2 of change 4.66715
Calculating covariances due to number of measured events
Convolution with thetaX_Cobb from TOFAllscan/LiHMu_3200_tof_lim27.9365596446_u28.1365596446_mod.root
OBJ: RooUnfoldBayes	response	Unfold Response
regularisation parameter = 10, ntoys = 50
OBJ: RooUnfoldBayes	response	Unfold Response
regularisation parameter = 10, ntoys = 50
OBJ: RooUnfoldBayes	response	Unfold Response
regularisation parameter = 10, ntoys = 50
OBJ: RooUnfoldBayes	response	Unfold Response
regularisation parameter = 10, ntoys = 50
Now unfolding...
Iteration : 0
Chi^2 of change 40.1842
Iteration : 1
Chi^2 of change 9.80256
Iteration : 2
Chi^2 of change 2.92497
Iteration : 3
Chi^2 of change 1.15202
Iteration : 4
Chi^2 of change 0.621515
Iteration : 5
Chi^2 of change 0.424618
Iteration : 6
Chi^2 of change 0.328913
Iteration : 7
Chi^2 of change 0.270589
Iteration : 8
Chi^2 of change 0.230107
Iteration : 9
Chi^2 of change 0.200231
Calculating covariances due to number of measured events
Now unfolding...
Iteration : 0
Chi^2 of change 181.488
Iteration : 1
Chi^2 of change 21.4198
Iteration : 2
Chi^2 of change 3.40455
Iteration : 3
Chi^2 of change 1.13953
Iteration : 4
Chi^2 of change 0.739776
Iteration : 5
Chi^2 of change 0.621853
Iteration : 6
Chi^2 of change 0.566149
Iteration : 7
Chi^2 of change 0.530165
Iteration : 8
Chi^2 of change 0.502421
Iteration : 9
Chi^2 of change 0.478908
Calculating covariances due to number of measured events
Now unfolding...
Iteration : 0
Chi^2 of change 201.267
Iteration : 1
Chi^2 of change 23.2733
Iteration : 2
Chi^2 of change 12.6051
Iteration : 3
Chi^2 of change 7.35567
Iteration : 4
Chi^2 of change 4.47664
Iteration : 5
Chi^2 of change 3.06456
Iteration : 6
Chi^2 of change 2.38511
Iteration : 7
Chi^2 of change 2.00931
Iteration : 8
Chi^2 of change 1.76424
Iteration : 9
Chi^2 of change 1.58628
Calculating covariances due to number of measured events
Now unfolding...
Iteration : 0
Chi^2 of change 131.594
Iteration : 1
Chi^2 of change 43.2366
Iteration : 2
Chi^2 of change 26.7896
Iteration : 3
Chi^2 of change 18.1222
Iteration : 4
Chi^2 of change 13.4783
Iteration : 5
Chi^2 of change 10.6017
Iteration : 6
Chi^2 of change 8.618
Iteration : 7
Chi^2 of change 7.16775
Iteration : 8
Chi^2 of change 6.04538
Iteration : 9
Chi^2 of change 5.14409
Calculating covariances due to number of measured events
