INFO: Using third party libraries from /home/ppe/j/jnugent/private/PhD_Year_1/software/MAUS-v2.9.1
MAUS web front-end directory: /home/ppe/j/jnugent/private/PhD_Year_1/software/MAUS-v2.9.1/third_party/install/lib/maus-apps-0.2
    Database directory: /home/ppe/j/jnugent/private/PhD_Year_1/software/MAUS-v2.9.1/third_party/install/lib/maus-apps-0.2/db
    Media directory: /home/ppe/j/jnugent/private/PhD_Year_1/software/MAUS-v2.9.1/third_party/install/lib/maus-apps-0.2/media
    Media directory (raw images): /home/ppe/j/jnugent/private/PhD_Year_1/software/MAUS-v2.9.1/third_party/install/lib/maus-apps-0.2/media/raw
SUCCESS: MAUS setup
Algorithm to analyse reduced MAUS root
trees for multiple scattering measurements
and to unfold the distribution

Received 2 arguements.
node type: Element, name: spec, with prop id: (null), prop name: (null), prop value: (null)
node type: Element, name: file, with prop id: outfile, prop name: TOFAllscan/LiHMu_3172_tof_lim29.5147513286_u29.7147513286.root, prop value: (null)
node type: Element, name: file, with prop id: datafile, prop name: /data/neutrino06/jnugent/v2.9.1/allLiH/reduced_tree_.root, prop value: (null)
node type: Element, name: file, with prop id: trainfile, prop name: /data/neutrino06/jnugent/v2.9.1/allZeroAbs/reduced_tree_.root, prop value: (null)
node type: Element, name: file, with prop id: modelfile, prop name: TOFAllscan/LiHMu_3172_tof_lim29.5147513286_u29.7147513286_mod.root, prop value: (null)
node type: Element, name: file, with prop id: trkreffiname, prop name: /home/ppe/j/jnugent/workarea/tracker_efficiency/tracker_resolution_plots_29.5147513286.root, prop value: (null)
node type: Element, name: file, with prop id: model3, prop name: Moliere, prop value: (null)
node type: Element, name: file, with prop id: model2, prop name: Cobb, prop value: (null)
node type: Element, name: file, with prop id: model1, prop name: GEANT, prop value: (null)
node type: Element, name: cuts, with prop id: (null), prop name: TOF_ll, prop value: 29.5147513286
node type: Element, name: cuts, with prop id: (null), prop name: TOF_ul, prop value: 29.7147513286
node type: Element, name: cuts, with prop id: (null), prop name: fid_rad, prop value: 140.0
node type: Element, name: cuts, with prop id: (null), prop name: fid_grad, prop value: 0.012
node type: Element, name: cuts, with prop id: (null), prop name: mode, prop value: 2
node type: Element, name: sys, with prop id: (null), prop name: niter, prop value: 10
node type: Element, name: histlimits, with prop id: (null), prop name: NbinsXY, prop value: 46
node type: Element, name: histlimits, with prop id: (null), prop name: NbinsTh, prop value: 200
node type: Element, name: histlimits, with prop id: (null), prop name: minXY, prop value: -0.06
node type: Element, name: histlimits, with prop id: (null), prop name: maxXY, prop value: 0.06
Writing outfile to TOFAllscan/LiHMu_3172_tof_lim29.5147513286_u29.7147513286.root
Reading outfilename at 
Reading data from /data/neutrino06/jnugent/v2.9.1/allLiH/reduced_tree_.root
Reading reference data from /data/neutrino06/jnugent/v2.9.1/allZeroAbs/reduced_tree_.root
Reading models from TOFAllscan/LiHMu_3172_tof_lim29.5147513286_u29.7147513286_mod.root
Reading models from 
Use  for propagation

TOF selection between 29.5148 and 29.7148
Fiducial selection contained by radius 140 with scattering 0.012

Adding systematic effect niter with value 10
Event 0
Event 100000
Event 200000
Event 300000
Event 400000
Event 500000
Event 600000
Event 700000
Event 800000
Event 900000
Event 1000000
Event 1100000
Event 1200000
Event 1300000
Event 1400000
Event 1500000
Event 1600000
Event 1700000
Event 1800000
Event 1900000
Event 2000000
Event 2100000
Event 2200000
Event 2300000
Event 2400000
Event 2500000
Event 2600000
Event 2700000
Event 2800000
Event 2900000
Event 3000000
Event 3100000
Event 3200000
Event 3300000
Event 3400000
Event 3500000
Event 3600000
Event 3700000
Event 3800000
Event 3900000
Event 4000000
Event 4100000
Event 4200000
Event 4300000
Event 4400000
Event 4500000
Event 4600000
Event 4700000
Event 4800000
Event 4900000
Event 5000000
Event 0
Event 100000
Event 200000
Event 300000
Event 400000
Event 500000
Event 600000
Event 700000
Event 800000
Event 900000
Event 1000000
Convolution with thetaX_GEANT from TOFAllscan/LiHMu_3172_tof_lim29.5147513286_u29.7147513286_mod.root
OBJ: RooUnfoldBayes	response	Unfold Response
regularisation parameter = 10, ntoys = 50
OBJ: RooUnfoldBayes	response	Unfold Response
regularisation parameter = 10, ntoys = 50
OBJ: RooUnfoldBayes	response	Unfold Response
regularisation parameter = 10, ntoys = 50
OBJ: RooUnfoldBayes	response	Unfold Response
regularisation parameter = 10, ntoys = 50
Now unfolding...
Iteration : 0
Chi^2 of change 35.471
Iteration : 1
Chi^2 of change 14.9265
Iteration : 2
Chi^2 of change 6.23252
Iteration : 3
Chi^2 of change 3.05699
Iteration : 4
Chi^2 of change 1.90313
Iteration : 5
Chi^2 of change 1.42051
Iteration : 6
Chi^2 of change 1.16531
Iteration : 7
Chi^2 of change 0.99814
Iteration : 8
Chi^2 of change 0.87335
Iteration : 9
Chi^2 of change 0.773948
Calculating covariances due to number of measured events
Now unfolding...
Iteration : 0
Chi^2 of change 21.5688
Iteration : 1
Chi^2 of change 8.46505
Iteration : 2
Chi^2 of change 3.78475
Iteration : 3
Chi^2 of change 1.90852
Iteration : 4
Chi^2 of change 1.13105
Iteration : 5
Chi^2 of change 0.812583
Iteration : 6
Chi^2 of change 0.67433
Iteration : 7
Chi^2 of change 0.60106
Iteration : 8
Chi^2 of change 0.550172
Iteration : 9
Chi^2 of change 0.507303
Calculating covariances due to number of measured events
Now unfolding...
Iteration : 0
Chi^2 of change 124.357
Iteration : 1
Chi^2 of change 28.6378
Iteration : 2
Chi^2 of change 11.7076
Iteration : 3
Chi^2 of change 5.74997
Iteration : 4
Chi^2 of change 3.55149
Iteration : 5
Chi^2 of change 2.58954
Iteration : 6
Chi^2 of change 2.05238
Iteration : 7
Chi^2 of change 1.69274
Iteration : 8
Chi^2 of change 1.42929
Iteration : 9
Chi^2 of change 1.22826
Calculating covariances due to number of measured events
Now unfolding...
Iteration : 0
Chi^2 of change 213.31
Iteration : 1
Chi^2 of change 45.6241
Iteration : 2
Chi^2 of change 20.0985
Iteration : 3
Chi^2 of change 12.182
Iteration : 4
Chi^2 of change 8.70927
Iteration : 5
Chi^2 of change 6.65567
Iteration : 6
Chi^2 of change 5.32105
Iteration : 7
Chi^2 of change 4.38011
Iteration : 8
Chi^2 of change 3.67584
Iteration : 9
Chi^2 of change 3.12586
Calculating covariances due to number of measured events
Convolution with thetaX_Cobb from TOFAllscan/LiHMu_3172_tof_lim29.5147513286_u29.7147513286_mod.root
OBJ: RooUnfoldBayes	response	Unfold Response
regularisation parameter = 10, ntoys = 50
OBJ: RooUnfoldBayes	response	Unfold Response
regularisation parameter = 10, ntoys = 50
OBJ: RooUnfoldBayes	response	Unfold Response
regularisation parameter = 10, ntoys = 50
OBJ: RooUnfoldBayes	response	Unfold Response
regularisation parameter = 10, ntoys = 50
Now unfolding...
Iteration : 0
Chi^2 of change 53.5719
Iteration : 1
Chi^2 of change 23.8781
Iteration : 2
Chi^2 of change 10.0167
Iteration : 3
Chi^2 of change 4.67611
Iteration : 4
Chi^2 of change 2.66287
Iteration : 5
Chi^2 of change 1.79266
Iteration : 6
Chi^2 of change 1.33025
Iteration : 7
Chi^2 of change 1.04031
Iteration : 8
Chi^2 of change 0.840956
Iteration : 9
Chi^2 of change 0.686822
Calculating covariances due to number of measured events
Now unfolding...
Iteration : 0
Chi^2 of change 41.7491
Iteration : 1
Chi^2 of change 19.75
Iteration : 2
Chi^2 of change 8.53793
Iteration : 3
Chi^2 of change 3.79658
Iteration : 4
Chi^2 of change 1.93392
Iteration : 5
Chi^2 of change 1.20192
Iteration : 6
Chi^2 of change 0.892728
Iteration : 7
Chi^2 of change 0.741718
Iteration : 8
Chi^2 of change 0.652925
Iteration : 9
Chi^2 of change 0.591303
Calculating covariances due to number of measured events
Now unfolding...
Iteration : 0
Chi^2 of change 144.037
Iteration : 1
Chi^2 of change 42.264
Iteration : 2
Chi^2 of change 16.0228
Iteration : 3
Chi^2 of change 7.97504
Iteration : 4
Chi^2 of change 4.94396
Iteration : 5
Chi^2 of change 3.57719
Iteration : 6
Chi^2 of change 2.82931
Iteration : 7
Chi^2 of change 2.3397
Iteration : 8
Chi^2 of change 1.98037
Iteration : 9
Chi^2 of change 1.70104
Calculating covariances due to number of measured events
Now unfolding...
Iteration : 0
Chi^2 of change 201.044
Iteration : 1
Chi^2 of change 49.9181
Iteration : 2
Chi^2 of change 24.9485
Iteration : 3
Chi^2 of change 14.9599
Iteration : 4
Chi^2 of change 10.0142
Iteration : 5
Chi^2 of change 7.33741
Iteration : 6
Chi^2 of change 5.74914
Iteration : 7
Chi^2 of change 4.6811
Iteration : 8
Chi^2 of change 3.92338
Iteration : 9
Chi^2 of change 3.34985
Calculating covariances due to number of measured events
