INFO: Using third party libraries from /home/ppe/j/jnugent/private/PhD_Year_1/software/MAUS-v2.9.1
MAUS web front-end directory: /home/ppe/j/jnugent/private/PhD_Year_1/software/MAUS-v2.9.1/third_party/install/lib/maus-apps-0.2
    Database directory: /home/ppe/j/jnugent/private/PhD_Year_1/software/MAUS-v2.9.1/third_party/install/lib/maus-apps-0.2/db
    Media directory: /home/ppe/j/jnugent/private/PhD_Year_1/software/MAUS-v2.9.1/third_party/install/lib/maus-apps-0.2/media
    Media directory (raw images): /home/ppe/j/jnugent/private/PhD_Year_1/software/MAUS-v2.9.1/third_party/install/lib/maus-apps-0.2/media/raw
SUCCESS: MAUS setup
Algorithm to analyse reduced MAUS root
trees for multiple scattering measurements
and to unfold the distribution

Received 2 arguements.
node type: Element, name: spec, with prop id: (null), prop name: (null), prop value: (null)
node type: Element, name: file, with prop id: outfile, prop name: TOFAllscan/LiHMu_3240_tof_lim26.7398395872_u26.9398395872.root, prop value: (null)
node type: Element, name: file, with prop id: outfilename, prop name: TOFAllscan/LiHMu_3240_tof_lim26.7398395872_u26.9398395872.root, prop value: (null)
File designation not recognized. Will ignore outfilename
node type: Element, name: file, with prop id: datafile, prop name: /data/neutrino06/jnugent/v2.9.1/allLiH/reduced_tree_.root, prop value: (null)
node type: Element, name: file, with prop id: trainfile, prop name: /data/neutrino06/jnugent/v2.9.1/allZeroAbs/reduced_tree_.root, prop value: (null)
node type: Element, name: file, with prop id: modelfile, prop name: TOFAllscan/LiHMu_3240_tof_lim26.7398395872_u26.9398395872_mod.root, prop value: (null)
node type: Element, name: file, with prop id: trkreffiname, prop name: /home/ppe/j/jnugent/workarea/tracker_efficiency/tracker_resolution_plots_26.7398395872.root, prop value: (null)
node type: Element, name: file, with prop id: model3, prop name: Moliere, prop value: (null)
node type: Element, name: file, with prop id: model2, prop name: Cobb, prop value: (null)
node type: Element, name: file, with prop id: model1, prop name: GEANT, prop value: (null)
node type: Element, name: cuts, with prop id: (null), prop name: TOF_ll, prop value: 26.7398395872
node type: Element, name: cuts, with prop id: (null), prop name: TOF_ul, prop value: 26.9398395872
node type: Element, name: cuts, with prop id: (null), prop name: fid_rad, prop value: 140.0
node type: Element, name: cuts, with prop id: (null), prop name: fid_grad, prop value: 0.012
node type: Element, name: cuts, with prop id: (null), prop name: mode, prop value: 2
node type: Element, name: sys, with prop id: (null), prop name: niter, prop value: 10
node type: Element, name: histlimits, with prop id: (null), prop name: NbinsXY, prop value: 46
node type: Element, name: histlimits, with prop id: (null), prop name: NbinsTh, prop value: 200
node type: Element, name: histlimits, with prop id: (null), prop name: minXY, prop value: -0.06
node type: Element, name: histlimits, with prop id: (null), prop name: maxXY, prop value: 0.06
Writing outfile to TOFAllscan/LiHMu_3240_tof_lim26.7398395872_u26.9398395872.root
Reading outfilename at 
Reading data from /data/neutrino06/jnugent/v2.9.1/allLiH/reduced_tree_.root
Reading reference data from /data/neutrino06/jnugent/v2.9.1/allZeroAbs/reduced_tree_.root
Reading models from TOFAllscan/LiHMu_3240_tof_lim26.7398395872_u26.9398395872_mod.root
Reading models from 
Use  for propagation

TOF selection between 26.7398 and 26.9398
Fiducial selection contained by radius 140 with scattering 0.012

Adding systematic effect niter with value 10
Event 0
Event 100000
Event 200000
Event 300000
Event 400000
Event 500000
Event 600000
Event 700000
Event 800000
Event 900000
Event 1000000
Event 1100000
Event 1200000
Event 1300000
Event 1400000
Event 1500000
Event 1600000
Event 1700000
Event 1800000
Event 1900000
Event 2000000
Event 2100000
Event 2200000
Event 2300000
Event 2400000
Event 2500000
Event 2600000
Event 2700000
Event 2800000
Event 2900000
Event 3000000
Event 3100000
Event 3200000
Event 3300000
Event 3400000
Event 3500000
Event 3600000
Event 3700000
Event 3800000
Event 3900000
Event 4000000
Event 4100000
Event 4200000
Event 4300000
Event 4400000
Event 4500000
Event 4600000
Event 4700000
Event 4800000
Event 4900000
Event 5000000
Event 0
Event 100000
Event 200000
Event 300000
Event 400000
Event 500000
Event 600000
Event 700000
Event 800000
Event 900000
Event 1000000
Convolution with thetaX_GEANT from TOFAllscan/LiHMu_3240_tof_lim26.7398395872_u26.9398395872_mod.root
OBJ: RooUnfoldBayes	response	Unfold Response
regularisation parameter = 10, ntoys = 50
OBJ: RooUnfoldBayes	response	Unfold Response
regularisation parameter = 10, ntoys = 50
OBJ: RooUnfoldBayes	response	Unfold Response
regularisation parameter = 10, ntoys = 50
OBJ: RooUnfoldBayes	response	Unfold Response
regularisation parameter = 10, ntoys = 50
Now unfolding...
Iteration : 0
Chi^2 of change 38.7115
Iteration : 1
Chi^2 of change 8.45706
Iteration : 2
Chi^2 of change 3.22007
Iteration : 3
Chi^2 of change 1.82414
Iteration : 4
Chi^2 of change 1.29292
Iteration : 5
Chi^2 of change 1.02693
Iteration : 6
Chi^2 of change 0.862764
Iteration : 7
Chi^2 of change 0.745133
Iteration : 8
Chi^2 of change 0.652147
Iteration : 9
Chi^2 of change 0.570777
Calculating covariances due to number of measured events
Now unfolding...
Iteration : 0
Chi^2 of change 84.4836
Iteration : 1
Chi^2 of change 17.3327
Iteration : 2
Chi^2 of change 4.43538
Iteration : 3
Chi^2 of change 1.60318
Iteration : 4
Chi^2 of change 0.854214
Iteration : 5
Chi^2 of change 0.591391
Iteration : 6
Chi^2 of change 0.471294
Iteration : 7
Chi^2 of change 0.404395
Iteration : 8
Chi^2 of change 0.360997
Iteration : 9
Chi^2 of change 0.32742
Calculating covariances due to number of measured events
Now unfolding...
Iteration : 0
Chi^2 of change 76.6557
Iteration : 1
Chi^2 of change 11.0806
Iteration : 2
Chi^2 of change 4.91467
Iteration : 3
Chi^2 of change 2.6685
Iteration : 4
Chi^2 of change 1.71708
Iteration : 5
Chi^2 of change 1.22561
Iteration : 6
Chi^2 of change 0.924001
Iteration : 7
Chi^2 of change 0.733304
Iteration : 8
Chi^2 of change 0.609259
Iteration : 9
Chi^2 of change 0.521278
Calculating covariances due to number of measured events
Now unfolding...
Iteration : 0
Chi^2 of change 104.75
Iteration : 1
Chi^2 of change 21.6819
Iteration : 2
Chi^2 of change 11.3469
Iteration : 3
Chi^2 of change 6.49871
Iteration : 4
Chi^2 of change 4.12737
Iteration : 5
Chi^2 of change 3.01482
Iteration : 6
Chi^2 of change 2.40227
Iteration : 7
Chi^2 of change 1.99504
Iteration : 8
Chi^2 of change 1.69243
Iteration : 9
Chi^2 of change 1.4624
Calculating covariances due to number of measured events
Convolution with thetaX_Cobb from TOFAllscan/LiHMu_3240_tof_lim26.7398395872_u26.9398395872_mod.root
OBJ: RooUnfoldBayes	response	Unfold Response
regularisation parameter = 10, ntoys = 50
OBJ: RooUnfoldBayes	response	Unfold Response
regularisation parameter = 10, ntoys = 50
OBJ: RooUnfoldBayes	response	Unfold Response
regularisation parameter = 10, ntoys = 50
OBJ: RooUnfoldBayes	response	Unfold Response
regularisation parameter = 10, ntoys = 50
Now unfolding...
Iteration : 0
Chi^2 of change 27.6251
Iteration : 1
Chi^2 of change 7.02056
Iteration : 2
Chi^2 of change 2.71511
Iteration : 3
Chi^2 of change 1.29823
Iteration : 4
Chi^2 of change 0.760884
Iteration : 5
Chi^2 of change 0.534773
Iteration : 6
Chi^2 of change 0.425928
Iteration : 7
Chi^2 of change 0.364641
Iteration : 8
Chi^2 of change 0.324779
Iteration : 9
Chi^2 of change 0.295871
Calculating covariances due to number of measured events
Now unfolding...
Iteration : 0
Chi^2 of change 52.7643
Iteration : 1
Chi^2 of change 9.09846
Iteration : 2
Chi^2 of change 2.57844
Iteration : 3
Chi^2 of change 1.05745
Iteration : 4
Chi^2 of change 0.587077
Iteration : 5
Chi^2 of change 0.406445
Iteration : 6
Chi^2 of change 0.324051
Iteration : 7
Chi^2 of change 0.278591
Iteration : 8
Chi^2 of change 0.249618
Iteration : 9
Chi^2 of change 0.229419
Calculating covariances due to number of measured events
Now unfolding...
Iteration : 0
Chi^2 of change 72.8614
Iteration : 1
Chi^2 of change 10.2041
Iteration : 2
Chi^2 of change 3.45826
Iteration : 3
Chi^2 of change 1.55931
Iteration : 4
Chi^2 of change 0.955528
Iteration : 5
Chi^2 of change 0.711261
Iteration : 6
Chi^2 of change 0.584297
Iteration : 7
Chi^2 of change 0.507402
Iteration : 8
Chi^2 of change 0.45714
Iteration : 9
Chi^2 of change 0.418458
Calculating covariances due to number of measured events
Now unfolding...
Iteration : 0
Chi^2 of change 124.766
Iteration : 1
Chi^2 of change 20.0366
Iteration : 2
Chi^2 of change 9.66466
Iteration : 3
Chi^2 of change 5.99194
Iteration : 4
Chi^2 of change 4.32621
Iteration : 5
Chi^2 of change 3.3999
Iteration : 6
Chi^2 of change 2.8203
Iteration : 7
Chi^2 of change 2.41861
Iteration : 8
Chi^2 of change 2.12791
Iteration : 9
Chi^2 of change 1.90347
Calculating covariances due to number of measured events
