INFO: Using third party libraries from /home/ppe/j/jnugent/private/PhD_Year_1/software/MAUS-v2.9.1
MAUS web front-end directory: /home/ppe/j/jnugent/private/PhD_Year_1/software/MAUS-v2.9.1/third_party/install/lib/maus-apps-0.2
    Database directory: /home/ppe/j/jnugent/private/PhD_Year_1/software/MAUS-v2.9.1/third_party/install/lib/maus-apps-0.2/db
    Media directory: /home/ppe/j/jnugent/private/PhD_Year_1/software/MAUS-v2.9.1/third_party/install/lib/maus-apps-0.2/media
    Media directory (raw images): /home/ppe/j/jnugent/private/PhD_Year_1/software/MAUS-v2.9.1/third_party/install/lib/maus-apps-0.2/media/raw
SUCCESS: MAUS setup
Algorithm to analyse reduced MAUS root
trees for multiple scattering measurements
and to unfold the distribution

Received 2 arguements.
node type: Element, name: spec, with prop id: (null), prop name: (null), prop value: (null)
node type: Element, name: file, with prop id: outfile, prop name: TOFAllscan/LiHMu_3200_tof_lim26.5365596446_u26.7365596446.root, prop value: (null)
node type: Element, name: file, with prop id: datafile, prop name: /data/neutrino06/jnugent/v2.9.1/allLiH/reduced_tree_.root, prop value: (null)
node type: Element, name: file, with prop id: trainfile, prop name: /data/neutrino06/jnugent/v2.9.1/allZeroAbs/reduced_tree_.root, prop value: (null)
node type: Element, name: file, with prop id: modelfile, prop name: TOFAllscan/LiHMu_3200_tof_lim26.5365596446_u26.7365596446_mod.root, prop value: (null)
node type: Element, name: file, with prop id: trkreffiname, prop name: /home/ppe/j/jnugent/workarea/tracker_efficiency/tracker_resolution_plots_26.5365596446.root, prop value: (null)
node type: Element, name: file, with prop id: model3, prop name: Moliere, prop value: (null)
node type: Element, name: file, with prop id: model2, prop name: Cobb, prop value: (null)
node type: Element, name: file, with prop id: model1, prop name: GEANT, prop value: (null)
node type: Element, name: cuts, with prop id: (null), prop name: TOF_ll, prop value: 26.5365596446
node type: Element, name: cuts, with prop id: (null), prop name: TOF_ul, prop value: 26.7365596446
node type: Element, name: cuts, with prop id: (null), prop name: fid_rad, prop value: 140.0
node type: Element, name: cuts, with prop id: (null), prop name: fid_grad, prop value: 0.012
node type: Element, name: cuts, with prop id: (null), prop name: mode, prop value: 2
node type: Element, name: sys, with prop id: (null), prop name: niter, prop value: 10
node type: Element, name: histlimits, with prop id: (null), prop name: NbinsXY, prop value: 46
node type: Element, name: histlimits, with prop id: (null), prop name: NbinsTh, prop value: 200
node type: Element, name: histlimits, with prop id: (null), prop name: minXY, prop value: -0.06
node type: Element, name: histlimits, with prop id: (null), prop name: maxXY, prop value: 0.06
Writing outfile to TOFAllscan/LiHMu_3200_tof_lim26.5365596446_u26.7365596446.root
Reading outfilename at 
Reading data from /data/neutrino06/jnugent/v2.9.1/allLiH/reduced_tree_.root
Reading reference data from /data/neutrino06/jnugent/v2.9.1/allZeroAbs/reduced_tree_.root
Reading models from TOFAllscan/LiHMu_3200_tof_lim26.5365596446_u26.7365596446_mod.root
Reading models from 
Use  for propagation

TOF selection between 26.5366 and 26.7366
Fiducial selection contained by radius 140 with scattering 0.012

Adding systematic effect niter with value 10
Event 0
Event 100000
Event 200000
Event 300000
Event 400000
Event 500000
Event 600000
Event 700000
Event 800000
Event 900000
Event 1000000
Event 1100000
Event 1200000
Event 1300000
Event 1400000
Event 1500000
Event 1600000
Event 1700000
Event 1800000
Event 1900000
Event 2000000
Event 2100000
Event 2200000
Event 2300000
Event 2400000
Event 2500000
Event 2600000
Event 2700000
Event 2800000
Event 2900000
Event 3000000
Event 3100000
Event 3200000
Event 3300000
Event 3400000
Event 3500000
Event 3600000
Event 3700000
Event 3800000
Event 3900000
Event 4000000
Event 4100000
Event 4200000
Event 4300000
Event 4400000
Event 4500000
Event 4600000
Event 4700000
Event 4800000
Event 4900000
Event 5000000
Event 0
Event 100000
Event 200000
Event 300000
Event 400000
Event 500000
Event 600000
Event 700000
Event 800000
Event 900000
Event 1000000
Convolution with thetaX_GEANT from TOFAllscan/LiHMu_3200_tof_lim26.5365596446_u26.7365596446_mod.root
OBJ: RooUnfoldBayes	response	Unfold Response
regularisation parameter = 10, ntoys = 50
OBJ: RooUnfoldBayes	response	Unfold Response
regularisation parameter = 10, ntoys = 50
OBJ: RooUnfoldBayes	response	Unfold Response
regularisation parameter = 10, ntoys = 50
OBJ: RooUnfoldBayes	response	Unfold Response
regularisation parameter = 10, ntoys = 50
Now unfolding...
Iteration : 0
Chi^2 of change 49.6606
Iteration : 1
Chi^2 of change 7.46494
Iteration : 2
Chi^2 of change 1.3018
Iteration : 3
Chi^2 of change 0.71079
Iteration : 4
Chi^2 of change 0.559177
Iteration : 5
Chi^2 of change 0.476859
Iteration : 6
Chi^2 of change 0.422359
Iteration : 7
Chi^2 of change 0.383291
Iteration : 8
Chi^2 of change 0.353747
Iteration : 9
Chi^2 of change 0.330432
Calculating covariances due to number of measured events
Now unfolding...
Iteration : 0
Chi^2 of change 43.3833
Iteration : 1
Chi^2 of change 6.98049
Iteration : 2
Chi^2 of change 1.83063
Iteration : 3
Chi^2 of change 0.766068
Iteration : 4
Chi^2 of change 0.473256
Iteration : 5
Chi^2 of change 0.35079
Iteration : 6
Chi^2 of change 0.284
Iteration : 7
Chi^2 of change 0.241896
Iteration : 8
Chi^2 of change 0.212573
Iteration : 9
Chi^2 of change 0.190499
Calculating covariances due to number of measured events
Now unfolding...
Iteration : 0
Chi^2 of change 57.9552
Iteration : 1
Chi^2 of change 8.73582
Iteration : 2
Chi^2 of change 3.62933
Iteration : 3
Chi^2 of change 2.10893
Iteration : 4
Chi^2 of change 1.41536
Iteration : 5
Chi^2 of change 1.03602
Iteration : 6
Chi^2 of change 0.783524
Iteration : 7
Chi^2 of change 0.653007
Iteration : 8
Chi^2 of change 0.574951
Iteration : 9
Chi^2 of change 0.516749
Calculating covariances due to number of measured events
Now unfolding...
Iteration : 0
Chi^2 of change 69.5381
Iteration : 1
Chi^2 of change 12.6239
Iteration : 2
Chi^2 of change 6.60974
Iteration : 3
Chi^2 of change 4.47556
Iteration : 4
Chi^2 of change 3.40284
Iteration : 5
Chi^2 of change 2.6853
Iteration : 6
Chi^2 of change 2.20393
Iteration : 7
Chi^2 of change 1.85232
Iteration : 8
Chi^2 of change 1.58875
Iteration : 9
Chi^2 of change 1.38259
Calculating covariances due to number of measured events
Convolution with thetaX_Cobb from TOFAllscan/LiHMu_3200_tof_lim26.5365596446_u26.7365596446_mod.root
OBJ: RooUnfoldBayes	response	Unfold Response
regularisation parameter = 10, ntoys = 50
OBJ: RooUnfoldBayes	response	Unfold Response
regularisation parameter = 10, ntoys = 50
OBJ: RooUnfoldBayes	response	Unfold Response
regularisation parameter = 10, ntoys = 50
OBJ: RooUnfoldBayes	response	Unfold Response
regularisation parameter = 10, ntoys = 50
Now unfolding...
Iteration : 0
Chi^2 of change 73.7508
Iteration : 1
Chi^2 of change 11.4054
Iteration : 2
Chi^2 of change 3.47411
Iteration : 3
Chi^2 of change 1.65774
Iteration : 4
Chi^2 of change 1.02085
Iteration : 5
Chi^2 of change 0.73883
Iteration : 6
Chi^2 of change 0.587088
Iteration : 7
Chi^2 of change 0.491788
Iteration : 8
Chi^2 of change 0.428609
Iteration : 9
Chi^2 of change 0.384446
Calculating covariances due to number of measured events
Now unfolding...
Iteration : 0
Chi^2 of change 73.3567
Iteration : 1
Chi^2 of change 10.1334
Iteration : 2
Chi^2 of change 2.76069
Iteration : 3
Chi^2 of change 1.22475
Iteration : 4
Chi^2 of change 0.76582
Iteration : 5
Chi^2 of change 0.583463
Iteration : 6
Chi^2 of change 0.487791
Iteration : 7
Chi^2 of change 0.426545
Iteration : 8
Chi^2 of change 0.382247
Iteration : 9
Chi^2 of change 0.346276
Calculating covariances due to number of measured events
Now unfolding...
Iteration : 0
Chi^2 of change 141.927
Iteration : 1
Chi^2 of change 20.4143
Iteration : 2
Chi^2 of change 5.49083
Iteration : 3
Chi^2 of change 2.26523
Iteration : 4
Chi^2 of change 1.33508
Iteration : 5
Chi^2 of change 0.955437
Iteration : 6
Chi^2 of change 0.766159
Iteration : 7
Chi^2 of change 0.672176
Iteration : 8
Chi^2 of change 0.612925
Iteration : 9
Chi^2 of change 0.567673
Calculating covariances due to number of measured events
Now unfolding...
Iteration : 0
Chi^2 of change 240.57
Iteration : 1
Chi^2 of change 36.0361
Iteration : 2
Chi^2 of change 15.1246
Iteration : 3
Chi^2 of change 8.72093
Iteration : 4
Chi^2 of change 6.03551
Iteration : 5
Chi^2 of change 4.48262
Iteration : 6
Chi^2 of change 3.46376
Iteration : 7
Chi^2 of change 2.78454
Iteration : 8
Chi^2 of change 2.30517
Iteration : 9
Chi^2 of change 1.95362
Calculating covariances due to number of measured events
