INFO: Using third party libraries from /home/ppe/j/jnugent/private/PhD_Year_1/software/MAUS-v2.9.1
MAUS web front-end directory: /home/ppe/j/jnugent/private/PhD_Year_1/software/MAUS-v2.9.1/third_party/install/lib/maus-apps-0.2
    Database directory: /home/ppe/j/jnugent/private/PhD_Year_1/software/MAUS-v2.9.1/third_party/install/lib/maus-apps-0.2/db
    Media directory: /home/ppe/j/jnugent/private/PhD_Year_1/software/MAUS-v2.9.1/third_party/install/lib/maus-apps-0.2/media
    Media directory (raw images): /home/ppe/j/jnugent/private/PhD_Year_1/software/MAUS-v2.9.1/third_party/install/lib/maus-apps-0.2/media/raw
SUCCESS: MAUS setup
Algorithm to analyse reduced MAUS root
trees for multiple scattering measurements
and to unfold the distribution

Received 2 arguements.
node type: Element, name: spec, with prop id: (null), prop name: (null), prop value: (null)
node type: Element, name: file, with prop id: outfile, prop name: TOFAllscan/LiHMu_3172_tof_lim27.3147513286_u27.5147513286.root, prop value: (null)
node type: Element, name: file, with prop id: datafile, prop name: /data/neutrino06/jnugent/v2.9.1/allLiH/reduced_tree_.root, prop value: (null)
node type: Element, name: file, with prop id: trainfile, prop name: /data/neutrino06/jnugent/v2.9.1/allZeroAbs/reduced_tree_.root, prop value: (null)
node type: Element, name: file, with prop id: modelfile, prop name: TOFAllscan/LiHMu_3172_tof_lim27.3147513286_u27.5147513286_mod.root, prop value: (null)
node type: Element, name: file, with prop id: trkreffiname, prop name: /home/ppe/j/jnugent/workarea/tracker_efficiency/tracker_resolution_plots_27.3147513286.root, prop value: (null)
node type: Element, name: file, with prop id: model3, prop name: Moliere, prop value: (null)
node type: Element, name: file, with prop id: model2, prop name: Cobb, prop value: (null)
node type: Element, name: file, with prop id: model1, prop name: GEANT, prop value: (null)
node type: Element, name: cuts, with prop id: (null), prop name: TOF_ll, prop value: 27.3147513286
node type: Element, name: cuts, with prop id: (null), prop name: TOF_ul, prop value: 27.5147513286
node type: Element, name: cuts, with prop id: (null), prop name: fid_rad, prop value: 140.0
node type: Element, name: cuts, with prop id: (null), prop name: fid_grad, prop value: 0.012
node type: Element, name: cuts, with prop id: (null), prop name: mode, prop value: 2
node type: Element, name: sys, with prop id: (null), prop name: niter, prop value: 10
node type: Element, name: histlimits, with prop id: (null), prop name: NbinsXY, prop value: 46
node type: Element, name: histlimits, with prop id: (null), prop name: NbinsTh, prop value: 200
node type: Element, name: histlimits, with prop id: (null), prop name: minXY, prop value: -0.06
node type: Element, name: histlimits, with prop id: (null), prop name: maxXY, prop value: 0.06
Writing outfile to TOFAllscan/LiHMu_3172_tof_lim27.3147513286_u27.5147513286.root
Reading outfilename at 
Reading data from /data/neutrino06/jnugent/v2.9.1/allLiH/reduced_tree_.root
Reading reference data from /data/neutrino06/jnugent/v2.9.1/allZeroAbs/reduced_tree_.root
Reading models from TOFAllscan/LiHMu_3172_tof_lim27.3147513286_u27.5147513286_mod.root
Reading models from 
Use  for propagation

TOF selection between 27.3148 and 27.5148
Fiducial selection contained by radius 140 with scattering 0.012

Adding systematic effect niter with value 10
Event 0
Event 100000
Event 200000
Event 300000
Event 400000
Event 500000
Event 600000
Event 700000
Event 800000
Event 900000
Event 1000000
Event 1100000
Event 1200000
Event 1300000
Event 1400000
Event 1500000
Event 1600000
Event 1700000
Event 1800000
Event 1900000
Event 2000000
Event 2100000
Event 2200000
Event 2300000
Event 2400000
Event 2500000
Event 2600000
Event 2700000
Event 2800000
Event 2900000
Event 3000000
Event 3100000
Event 3200000
Event 3300000
Event 3400000
Event 3500000
Event 3600000
Event 3700000
Event 3800000
Event 3900000
Event 4000000
Event 4100000
Event 4200000
Event 4300000
Event 4400000
Event 4500000
Event 4600000
Event 4700000
Event 4800000
Event 4900000
Event 5000000
Event 0
Event 100000
Event 200000
Event 300000
Event 400000
Event 500000
Event 600000
Event 700000
Event 800000
Event 900000
Event 1000000
Convolution with thetaX_GEANT from TOFAllscan/LiHMu_3172_tof_lim27.3147513286_u27.5147513286_mod.root
OBJ: RooUnfoldBayes	response	Unfold Response
regularisation parameter = 10, ntoys = 50
OBJ: RooUnfoldBayes	response	Unfold Response
regularisation parameter = 10, ntoys = 50
OBJ: RooUnfoldBayes	response	Unfold Response
regularisation parameter = 10, ntoys = 50
OBJ: RooUnfoldBayes	response	Unfold Response
regularisation parameter = 10, ntoys = 50
Now unfolding...
Iteration : 0
Chi^2 of change 115.891
Iteration : 1
Chi^2 of change 40.2624
Iteration : 2
Chi^2 of change 12.4745
Iteration : 3
Chi^2 of change 3.91131
Iteration : 4
Chi^2 of change 1.51314
Iteration : 5
Chi^2 of change 0.835728
Iteration : 6
Chi^2 of change 0.611601
Iteration : 7
Chi^2 of change 0.5099
Iteration : 8
Chi^2 of change 0.446666
Iteration : 9
Chi^2 of change 0.399834
Calculating covariances due to number of measured events
Now unfolding...
Iteration : 0
Chi^2 of change 274.215
Iteration : 1
Chi^2 of change 52.984
Iteration : 2
Chi^2 of change 12.2685
Iteration : 3
Chi^2 of change 3.86075
Iteration : 4
Chi^2 of change 1.80903
Iteration : 5
Chi^2 of change 1.19309
Iteration : 6
Chi^2 of change 0.946431
Iteration : 7
Chi^2 of change 0.811771
Iteration : 8
Chi^2 of change 0.719755
Iteration : 9
Chi^2 of change 0.648422
Calculating covariances due to number of measured events
Now unfolding...
Iteration : 0
Chi^2 of change 356.872
Iteration : 1
Chi^2 of change 80.4844
Iteration : 2
Chi^2 of change 24.0286
Iteration : 3
Chi^2 of change 7.16212
Iteration : 4
Chi^2 of change 2.81014
Iteration : 5
Chi^2 of change 1.61274
Iteration : 6
Chi^2 of change 1.18331
Iteration : 7
Chi^2 of change 0.968782
Iteration : 8
Chi^2 of change 0.829858
Iteration : 9
Chi^2 of change 0.726341
Calculating covariances due to number of measured events
Now unfolding...
Iteration : 0
Chi^2 of change 289.568
Iteration : 1
Chi^2 of change 83.8534
Iteration : 2
Chi^2 of change 33.1975
Iteration : 3
Chi^2 of change 16.6063
Iteration : 4
Chi^2 of change 10.1727
Iteration : 5
Chi^2 of change 7.2427
Iteration : 6
Chi^2 of change 5.75912
Iteration : 7
Chi^2 of change 4.85988
Iteration : 8
Chi^2 of change 4.2221
Iteration : 9
Chi^2 of change 3.74216
Calculating covariances due to number of measured events
Convolution with thetaX_Cobb from TOFAllscan/LiHMu_3172_tof_lim27.3147513286_u27.5147513286_mod.root
OBJ: RooUnfoldBayes	response	Unfold Response
regularisation parameter = 10, ntoys = 50
OBJ: RooUnfoldBayes	response	Unfold Response
regularisation parameter = 10, ntoys = 50
OBJ: RooUnfoldBayes	response	Unfold Response
regularisation parameter = 10, ntoys = 50
OBJ: RooUnfoldBayes	response	Unfold Response
regularisation parameter = 10, ntoys = 50
Now unfolding...
Iteration : 0
Chi^2 of change 1297.24
Iteration : 1
Chi^2 of change 198.64
Iteration : 2
Chi^2 of change 41.148
Iteration : 3
Chi^2 of change 10.4218
Iteration : 4
Chi^2 of change 3.36599
Iteration : 5
Chi^2 of change 1.49246
Iteration : 6
Chi^2 of change 0.885476
Iteration : 7
Chi^2 of change 0.633982
Iteration : 8
Chi^2 of change 0.50454
Iteration : 9
Chi^2 of change 0.427453
Calculating covariances due to number of measured events
Now unfolding...
Iteration : 0
Chi^2 of change 1545.87
Iteration : 1
Chi^2 of change 212.879
Iteration : 2
Chi^2 of change 42.7957
Iteration : 3
Chi^2 of change 10.3853
Iteration : 4
Chi^2 of change 2.99884
Iteration : 5
Chi^2 of change 1.12746
Iteration : 6
Chi^2 of change 0.598954
Iteration : 7
Chi^2 of change 0.423579
Iteration : 8
Chi^2 of change 0.350563
Iteration : 9
Chi^2 of change 0.311687
Calculating covariances due to number of measured events
Now unfolding...
Iteration : 0
Chi^2 of change 2715.27
Iteration : 1
Chi^2 of change 375.568
Iteration : 2
Chi^2 of change 82.4007
Iteration : 3
Chi^2 of change 23.8583
Iteration : 4
Chi^2 of change 9.03584
Iteration : 5
Chi^2 of change 4.57632
Iteration : 6
Chi^2 of change 2.89476
Iteration : 7
Chi^2 of change 2.09171
Iteration : 8
Chi^2 of change 1.63363
Iteration : 9
Chi^2 of change 1.33928
Calculating covariances due to number of measured events
Now unfolding...
Iteration : 0
Chi^2 of change 2560.09
Iteration : 1
Chi^2 of change 381.154
Iteration : 2
Chi^2 of change 87.757
Iteration : 3
Chi^2 of change 30.2376
Iteration : 4
Chi^2 of change 16.503
Iteration : 5
Chi^2 of change 11.6842
Iteration : 6
Chi^2 of change 8.8343
Iteration : 7
Chi^2 of change 6.74427
Iteration : 8
Chi^2 of change 5.28249
Iteration : 9
Chi^2 of change 4.3078
Calculating covariances due to number of measured events
