INFO: Using third party libraries from /home/ppe/j/jnugent/private/PhD_Year_1/software/MAUS-v2.9.1
MAUS web front-end directory: /home/ppe/j/jnugent/private/PhD_Year_1/software/MAUS-v2.9.1/third_party/install/lib/maus-apps-0.2
    Database directory: /home/ppe/j/jnugent/private/PhD_Year_1/software/MAUS-v2.9.1/third_party/install/lib/maus-apps-0.2/db
    Media directory: /home/ppe/j/jnugent/private/PhD_Year_1/software/MAUS-v2.9.1/third_party/install/lib/maus-apps-0.2/media
    Media directory (raw images): /home/ppe/j/jnugent/private/PhD_Year_1/software/MAUS-v2.9.1/third_party/install/lib/maus-apps-0.2/media/raw
SUCCESS: MAUS setup
Algorithm to analyse reduced MAUS root
trees for multiple scattering measurements
and to unfold the distribution

Received 2 arguements.
node type: Element, name: spec, with prop id: (null), prop name: (null), prop value: (null)
node type: Element, name: file, with prop id: outfile, prop name: TOFAllscan/LiHMu_3240_tof_lim27.3398395872_u27.5398395872.root, prop value: (null)
node type: Element, name: file, with prop id: outfilename, prop name: TOFAllscan/LiHMu_3240_tof_lim27.3398395872_u27.5398395872.root, prop value: (null)
File designation not recognized. Will ignore outfilename
node type: Element, name: file, with prop id: datafile, prop name: /data/neutrino06/jnugent/v2.9.1/allLiH/reduced_tree_.root, prop value: (null)
node type: Element, name: file, with prop id: trainfile, prop name: /data/neutrino06/jnugent/v2.9.1/allZeroAbs/reduced_tree_.root, prop value: (null)
node type: Element, name: file, with prop id: modelfile, prop name: TOFAllscan/LiHMu_3240_tof_lim27.3398395872_u27.5398395872_mod.root, prop value: (null)
node type: Element, name: file, with prop id: trkreffiname, prop name: /home/ppe/j/jnugent/workarea/tracker_efficiency/tracker_resolution_plots_27.3398395872.root, prop value: (null)
node type: Element, name: file, with prop id: model3, prop name: Moliere, prop value: (null)
node type: Element, name: file, with prop id: model2, prop name: Cobb, prop value: (null)
node type: Element, name: file, with prop id: model1, prop name: GEANT, prop value: (null)
node type: Element, name: cuts, with prop id: (null), prop name: TOF_ll, prop value: 27.3398395872
node type: Element, name: cuts, with prop id: (null), prop name: TOF_ul, prop value: 27.5398395872
node type: Element, name: cuts, with prop id: (null), prop name: fid_rad, prop value: 140.0
node type: Element, name: cuts, with prop id: (null), prop name: fid_grad, prop value: 0.012
node type: Element, name: cuts, with prop id: (null), prop name: mode, prop value: 2
node type: Element, name: sys, with prop id: (null), prop name: niter, prop value: 10
node type: Element, name: histlimits, with prop id: (null), prop name: NbinsXY, prop value: 46
node type: Element, name: histlimits, with prop id: (null), prop name: NbinsTh, prop value: 200
node type: Element, name: histlimits, with prop id: (null), prop name: minXY, prop value: -0.06
node type: Element, name: histlimits, with prop id: (null), prop name: maxXY, prop value: 0.06
Writing outfile to TOFAllscan/LiHMu_3240_tof_lim27.3398395872_u27.5398395872.root
Reading outfilename at 
Reading data from /data/neutrino06/jnugent/v2.9.1/allLiH/reduced_tree_.root
Reading reference data from /data/neutrino06/jnugent/v2.9.1/allZeroAbs/reduced_tree_.root
Reading models from TOFAllscan/LiHMu_3240_tof_lim27.3398395872_u27.5398395872_mod.root
Reading models from 
Use  for propagation

TOF selection between 27.3398 and 27.5398
Fiducial selection contained by radius 140 with scattering 0.012

Adding systematic effect niter with value 10
Event 0
Event 100000
Event 200000
Event 300000
Event 400000
Event 500000
Event 600000
Event 700000
Event 800000
Event 900000
Event 1000000
Event 1100000
Event 1200000
Event 1300000
Event 1400000
Event 1500000
Event 1600000
Event 1700000
Event 1800000
Event 1900000
Event 2000000
Event 2100000
Event 2200000
Event 2300000
Event 2400000
Event 2500000
Event 2600000
Event 2700000
Event 2800000
Event 2900000
Event 3000000
Event 3100000
Event 3200000
Event 3300000
Event 3400000
Event 3500000
Event 3600000
Event 3700000
Event 3800000
Event 3900000
Event 4000000
Event 4100000
Event 4200000
Event 4300000
Event 4400000
Event 4500000
Event 4600000
Event 4700000
Event 4800000
Event 4900000
Event 5000000
Event 0
Event 100000
Event 200000
Event 300000
Event 400000
Event 500000
Event 600000
Event 700000
Event 800000
Event 900000
Event 1000000
Convolution with thetaX_GEANT from TOFAllscan/LiHMu_3240_tof_lim27.3398395872_u27.5398395872_mod.root
OBJ: RooUnfoldBayes	response	Unfold Response
regularisation parameter = 10, ntoys = 50
OBJ: RooUnfoldBayes	response	Unfold Response
regularisation parameter = 10, ntoys = 50
OBJ: RooUnfoldBayes	response	Unfold Response
regularisation parameter = 10, ntoys = 50
OBJ: RooUnfoldBayes	response	Unfold Response
regularisation parameter = 10, ntoys = 50
Now unfolding...
Iteration : 0
Chi^2 of change 140.353
Iteration : 1
Chi^2 of change 53.2359
Iteration : 2
Chi^2 of change 16.4805
Iteration : 3
Chi^2 of change 4.7969
Iteration : 4
Chi^2 of change 1.78512
Iteration : 5
Chi^2 of change 1.03737
Iteration : 6
Chi^2 of change 0.809477
Iteration : 7
Chi^2 of change 0.702293
Iteration : 8
Chi^2 of change 0.629548
Iteration : 9
Chi^2 of change 0.571804
Calculating covariances due to number of measured events
Now unfolding...
Iteration : 0
Chi^2 of change 321.58
Iteration : 1
Chi^2 of change 58.6117
Iteration : 2
Chi^2 of change 12.0641
Iteration : 3
Chi^2 of change 2.91238
Iteration : 4
Chi^2 of change 0.909659
Iteration : 5
Chi^2 of change 0.426828
Iteration : 6
Chi^2 of change 0.288743
Iteration : 7
Chi^2 of change 0.235131
Iteration : 8
Chi^2 of change 0.205802
Iteration : 9
Chi^2 of change 0.185621
Calculating covariances due to number of measured events
Now unfolding...
Iteration : 0
Chi^2 of change 349.141
Iteration : 1
Chi^2 of change 80.4774
Iteration : 2
Chi^2 of change 25.4782
Iteration : 3
Chi^2 of change 9.36165
Iteration : 4
Chi^2 of change 4.40751
Iteration : 5
Chi^2 of change 2.59813
Iteration : 6
Chi^2 of change 1.79669
Iteration : 7
Chi^2 of change 1.37791
Iteration : 8
Chi^2 of change 1.12379
Iteration : 9
Chi^2 of change 0.950883
Calculating covariances due to number of measured events
Now unfolding...
Iteration : 0
Chi^2 of change 335.587
Iteration : 1
Chi^2 of change 92.96
Iteration : 2
Chi^2 of change 32.9933
Iteration : 3
Chi^2 of change 15.0956
Iteration : 4
Chi^2 of change 9.51662
Iteration : 5
Chi^2 of change 7.13058
Iteration : 6
Chi^2 of change 5.77378
Iteration : 7
Chi^2 of change 4.86213
Iteration : 8
Chi^2 of change 4.18544
Iteration : 9
Chi^2 of change 3.66226
Calculating covariances due to number of measured events
Convolution with thetaX_Cobb from TOFAllscan/LiHMu_3240_tof_lim27.3398395872_u27.5398395872_mod.root
OBJ: RooUnfoldBayes	response	Unfold Response
regularisation parameter = 10, ntoys = 50
OBJ: RooUnfoldBayes	response	Unfold Response
regularisation parameter = 10, ntoys = 50
OBJ: RooUnfoldBayes	response	Unfold Response
regularisation parameter = 10, ntoys = 50
OBJ: RooUnfoldBayes	response	Unfold Response
regularisation parameter = 10, ntoys = 50
Now unfolding...
Iteration : 0
Chi^2 of change 84.0553
Iteration : 1
Chi^2 of change 30.1696
Iteration : 2
Chi^2 of change 10.8168
Iteration : 3
Chi^2 of change 4.12807
Iteration : 4
Chi^2 of change 2.10082
Iteration : 5
Chi^2 of change 1.49762
Iteration : 6
Chi^2 of change 1.28369
Iteration : 7
Chi^2 of change 1.17274
Iteration : 8
Chi^2 of change 1.09027
Iteration : 9
Chi^2 of change 1.01702
Calculating covariances due to number of measured events
Now unfolding...
Iteration : 0
Chi^2 of change 168.17
Iteration : 1
Chi^2 of change 27.6926
Iteration : 2
Chi^2 of change 5.42973
Iteration : 3
Chi^2 of change 1.46587
Iteration : 4
Chi^2 of change 0.616144
Iteration : 5
Chi^2 of change 0.390231
Iteration : 6
Chi^2 of change 0.308822
Iteration : 7
Chi^2 of change 0.266527
Iteration : 8
Chi^2 of change 0.237803
Iteration : 9
Chi^2 of change 0.215653
Calculating covariances due to number of measured events
Now unfolding...
Iteration : 0
Chi^2 of change 225.453
Iteration : 1
Chi^2 of change 73.0545
Iteration : 2
Chi^2 of change 25.2688
Iteration : 3
Chi^2 of change 9.50659
Iteration : 4
Chi^2 of change 4.99988
Iteration : 5
Chi^2 of change 3.42499
Iteration : 6
Chi^2 of change 2.64687
Iteration : 7
Chi^2 of change 2.15261
Iteration : 8
Chi^2 of change 1.79257
Iteration : 9
Chi^2 of change 1.51892
Calculating covariances due to number of measured events
Now unfolding...
Iteration : 0
Chi^2 of change 227.882
Iteration : 1
Chi^2 of change 56.7008
Iteration : 2
Chi^2 of change 23.621
Iteration : 3
Chi^2 of change 13.6522
Iteration : 4
Chi^2 of change 9.7574
Iteration : 5
Chi^2 of change 7.58296
Iteration : 6
Chi^2 of change 6.06883
Iteration : 7
Chi^2 of change 4.91498
Iteration : 8
Chi^2 of change 4.01884
Iteration : 9
Chi^2 of change 3.35407
Calculating covariances due to number of measured events
