INFO: Using third party libraries from /home/ppe/j/jnugent/private/PhD_Year_1/software/MAUS-v2.9.1
MAUS web front-end directory: /home/ppe/j/jnugent/private/PhD_Year_1/software/MAUS-v2.9.1/third_party/install/lib/maus-apps-0.2
    Database directory: /home/ppe/j/jnugent/private/PhD_Year_1/software/MAUS-v2.9.1/third_party/install/lib/maus-apps-0.2/db
    Media directory: /home/ppe/j/jnugent/private/PhD_Year_1/software/MAUS-v2.9.1/third_party/install/lib/maus-apps-0.2/media
    Media directory (raw images): /home/ppe/j/jnugent/private/PhD_Year_1/software/MAUS-v2.9.1/third_party/install/lib/maus-apps-0.2/media/raw
SUCCESS: MAUS setup
Algorithm to analyse reduced MAUS root
trees for multiple scattering measurements
and to unfold the distribution

Received 2 arguements.
node type: Element, name: spec, with prop id: (null), prop name: (null), prop value: (null)
node type: Element, name: file, with prop id: outfile, prop name: material_0/LiHMu_3240_res_lim0.891.root, prop value: (null)
node type: Element, name: file, with prop id: datafile, prop name: /data/neutrino06/jnugent/v2.9.1/LiH_03240/reduced_tree_.root, prop value: (null)
node type: Element, name: file, with prop id: trainfile, prop name: /data/neutrino06/jnugent/v2.9.1/ZeroAbs_03240/reduced_tree_.root, prop value: (null)
node type: Element, name: file, with prop id: trkreffiname, prop name: /home/ppe/j/jnugent/workarea/tracker_efficiency/tracker_resolution_plots_27.4456328413.root, prop value: (null)
node type: Element, name: file, with prop id: modelfile, prop name: ../Cobb_results/LiH-6p5-240-hists.root, prop value: (null)
node type: Element, name: file, with prop id: model3, prop name: Moliere, prop value: (null)
node type: Element, name: file, with prop id: model3, prop name: Moliere, prop value: (null)
node type: Element, name: file, with prop id: model2, prop name: Cobb, prop value: (null)
node type: Element, name: file, with prop id: model1, prop name: GEANT, prop value: (null)
node type: Element, name: cuts, with prop id: (null), prop name: TOF_ll, prop value: 27.4456328413
node type: Element, name: cuts, with prop id: (null), prop name: TOF_ul, prop value: 27.6456328413
node type: Element, name: cuts, with prop id: (null), prop name: fid_rad, prop value: 150.0
node type: Element, name: cuts, with prop id: (null), prop name: fid_grad, prop value: 0.012
node type: Element, name: cuts, with prop id: (null), prop name: mode, prop value: -1
node type: Element, name: sys, with prop id: (null), prop name: resX, prop value: 0.891
node type: Element, name: sys, with prop id: (null), prop name: resY, prop value: 0.891
node type: Element, name: sys, with prop id: (null), prop name: niter, prop value: 10
Writing outfile to material_0/LiHMu_3240_res_lim0.891.root
Reading outfilename at 
Reading data from /data/neutrino06/jnugent/v2.9.1/LiH_03240/reduced_tree_.root
Reading reference data from /data/neutrino06/jnugent/v2.9.1/ZeroAbs_03240/reduced_tree_.root
Reading models from ../Cobb_results/LiH-6p5-240-hists.root
Reading models from 
Use  for propagation

TOF selection between 27.4456 and 27.6456
Fiducial selection contained by radius 150 with scattering 0.012

Adding systematic effect niter with value 10
Adding systematic effect resX with value 0.891
Adding systematic effect resY with value 0.891
Event 0
Event 100000
Event 200000
Event 300000
Event 400000
Event 500000
Event 600000
Event 700000
Event 800000
Event 900000
Event 1000000
Event 1100000
Event 1200000
Event 1300000
Event 0
Event 100000
Event 200000
Convolution with thetaX_GEANT from ../Cobb_results/LiH-6p5-240-hists.root
OBJ: RooUnfoldBayes	response	Unfold Response
regularisation parameter = 10, ntoys = 50
OBJ: RooUnfoldBayes	response	Unfold Response
regularisation parameter = 10, ntoys = 50
OBJ: RooUnfoldBayes	response	Unfold Response
regularisation parameter = 10, ntoys = 50
OBJ: RooUnfoldBayes	response	Unfold Response
regularisation parameter = 10, ntoys = 50
Now unfolding...
Iteration : 0
Chi^2 of change 347.381
Iteration : 1
Chi^2 of change 69.7577
Iteration : 2
Chi^2 of change 21.0538
Iteration : 3
Chi^2 of change 8.55102
Iteration : 4
Chi^2 of change 4.53709
Iteration : 5
Chi^2 of change 2.99811
Iteration : 6
Chi^2 of change 2.25007
Iteration : 7
Chi^2 of change 1.79525
Iteration : 8
Chi^2 of change 1.47809
Iteration : 9
Chi^2 of change 1.2423
Calculating covariances due to number of measured events
Now unfolding...
Iteration : 0
Chi^2 of change 407.838
Iteration : 1
Chi^2 of change 97.7806
Iteration : 2
Chi^2 of change 27.1258
Iteration : 3
Chi^2 of change 8.68409
Iteration : 4
Chi^2 of change 3.59197
Iteration : 5
Chi^2 of change 2.00251
Iteration : 6
Chi^2 of change 1.39155
Iteration : 7
Chi^2 of change 1.08596
Iteration : 8
Chi^2 of change 0.89548
Iteration : 9
Chi^2 of change 0.760256
Calculating covariances due to number of measured events
Now unfolding...
Iteration : 0
Chi^2 of change 387.167
Iteration : 1
Chi^2 of change 129.187
Iteration : 2
Chi^2 of change 43.4331
Iteration : 3
Chi^2 of change 14.7218
Iteration : 4
Chi^2 of change 5.75646
Iteration : 5
Chi^2 of change 2.83216
Iteration : 6
Chi^2 of change 1.77767
Iteration : 7
Chi^2 of change 1.32359
Iteration : 8
Chi^2 of change 1.07492
Iteration : 9
Chi^2 of change 0.910414
Calculating covariances due to number of measured events
Now unfolding...
Iteration : 0
Chi^2 of change 454.968
Iteration : 1
Chi^2 of change 138.681
Iteration : 2
Chi^2 of change 47.8884
Iteration : 3
Chi^2 of change 19.758
Iteration : 4
Chi^2 of change 10.7355
Iteration : 5
Chi^2 of change 7.22601
Iteration : 6
Chi^2 of change 5.50017
Iteration : 7
Chi^2 of change 4.48163
Iteration : 8
Chi^2 of change 3.79146
Iteration : 9
Chi^2 of change 3.28372
Calculating covariances due to number of measured events
Convolution with thetaX_Cobb from ../Cobb_results/LiH-6p5-240-hists.root
OBJ: RooUnfoldBayes	response	Unfold Response
regularisation parameter = 10, ntoys = 50
OBJ: RooUnfoldBayes	response	Unfold Response
regularisation parameter = 10, ntoys = 50
OBJ: RooUnfoldBayes	response	Unfold Response
regularisation parameter = 10, ntoys = 50
OBJ: RooUnfoldBayes	response	Unfold Response
regularisation parameter = 10, ntoys = 50
Now unfolding...
Iteration : 0
Chi^2 of change 285.056
Iteration : 1
Chi^2 of change 93.2549
Iteration : 2
Chi^2 of change 27.0403
Iteration : 3
Chi^2 of change 8.83646
Iteration : 4
Chi^2 of change 3.91945
Iteration : 5
Chi^2 of change 2.38919
Iteration : 6
Chi^2 of change 1.79162
Iteration : 7
Chi^2 of change 1.49315
Iteration : 8
Chi^2 of change 1.30923
Iteration : 9
Chi^2 of change 1.17762
Calculating covariances due to number of measured events
Now unfolding...
Iteration : 0
Chi^2 of change 337.932
Iteration : 1
Chi^2 of change 96.238
Iteration : 2
Chi^2 of change 25.6039
Iteration : 3
Chi^2 of change 7.28377
Iteration : 4
Chi^2 of change 2.62458
Iteration : 5
Chi^2 of change 1.35828
Iteration : 6
Chi^2 of change 0.942968
Iteration : 7
Chi^2 of change 0.759146
Iteration : 8
Chi^2 of change 0.644266
Iteration : 9
Chi^2 of change 0.56728
Calculating covariances due to number of measured events
Now unfolding...
Iteration : 0
Chi^2 of change 394.948
Iteration : 1
Chi^2 of change 152.124
Iteration : 2
Chi^2 of change 51.326
Iteration : 3
Chi^2 of change 16.4455
Iteration : 4
Chi^2 of change 5.94423
Iteration : 5
Chi^2 of change 2.8461
Iteration : 6
Chi^2 of change 1.81567
Iteration : 7
Chi^2 of change 1.37493
Iteration : 8
Chi^2 of change 1.12548
Iteration : 9
Chi^2 of change 0.95643
Calculating covariances due to number of measured events
Now unfolding...
Iteration : 0
Chi^2 of change 418.338
Iteration : 1
Chi^2 of change 135.597
Iteration : 2
Chi^2 of change 46.1486
Iteration : 3
Chi^2 of change 19.0556
Iteration : 4
Chi^2 of change 10.2076
Iteration : 5
Chi^2 of change 6.78837
Iteration : 6
Chi^2 of change 5.20775
Iteration : 7
Chi^2 of change 4.30386
Iteration : 8
Chi^2 of change 3.71134
Iteration : 9
Chi^2 of change 3.28865
Calculating covariances due to number of measured events
Convolution with thetaX_Moliere from ../Cobb_results/LiH-6p5-240-hists.root
OBJ: RooUnfoldBayes	response	Unfold Response
regularisation parameter = 10, ntoys = 50
OBJ: RooUnfoldBayes	response	Unfold Response
regularisation parameter = 10, ntoys = 50
OBJ: RooUnfoldBayes	response	Unfold Response
regularisation parameter = 10, ntoys = 50
OBJ: RooUnfoldBayes	response	Unfold Response
regularisation parameter = 10, ntoys = 50
Now unfolding...
Iteration : 0
Chi^2 of change 289.283
Iteration : 1
Chi^2 of change 114.288
Iteration : 2
Chi^2 of change 25.3568
Iteration : 3
Chi^2 of change 7.87223
Iteration : 4
Chi^2 of change 3.36255
Iteration : 5
Chi^2 of change 1.93627
Iteration : 6
Chi^2 of change 1.3939
Iteration : 7
Chi^2 of change 1.13527
Iteration : 8
Chi^2 of change 0.977715
Iteration : 9
Chi^2 of change 0.865023
Calculating covariances due to number of measured events
Now unfolding...
Iteration : 0
Chi^2 of change 382.38
Iteration : 1
Chi^2 of change 110.391
Iteration : 2
Chi^2 of change 32.3807
Iteration : 3
Chi^2 of change 8.74075
Iteration : 4
Chi^2 of change 2.86986
Iteration : 5
Chi^2 of change 1.36393
Iteration : 6
Chi^2 of change 0.864851
Iteration : 7
Chi^2 of change 0.666793
Iteration : 8
Chi^2 of change 0.563658
Iteration : 9
Chi^2 of change 0.49756
Calculating covariances due to number of measured events
Now unfolding...
Iteration : 0
Chi^2 of change 364.38
Iteration : 1
Chi^2 of change 142.484
Iteration : 2
Chi^2 of change 51.5403
Iteration : 3
Chi^2 of change 19.9682
Iteration : 4
Chi^2 of change 8.05131
Iteration : 5
Chi^2 of change 3.26459
Iteration : 6
Chi^2 of change 1.64878
Iteration : 7
Chi^2 of change 1.08571
Iteration : 8
Chi^2 of change 0.83093
Iteration : 9
Chi^2 of change 0.683436
Calculating covariances due to number of measured events
Now unfolding...
Iteration : 0
Chi^2 of change 373.84
Iteration : 1
Chi^2 of change 156.428
Iteration : 2
Chi^2 of change 56.9372
Iteration : 3
Chi^2 of change 22.2914
Iteration : 4
Chi^2 of change 11.4783
Iteration : 5
Chi^2 of change 7.52254
Iteration : 6
Chi^2 of change 5.63306
Iteration : 7
Chi^2 of change 4.56428
Iteration : 8
Chi^2 of change 3.84895
Iteration : 9
Chi^2 of change 3.30429
Calculating covariances due to number of measured events
