INFO: Using third party libraries from /home/ppe/j/jnugent/private/PhD_Year_1/software/MAUS-v2.9.1
MAUS web front-end directory: /home/ppe/j/jnugent/private/PhD_Year_1/software/MAUS-v2.9.1/third_party/install/lib/maus-apps-0.2
    Database directory: /home/ppe/j/jnugent/private/PhD_Year_1/software/MAUS-v2.9.1/third_party/install/lib/maus-apps-0.2/db
    Media directory: /home/ppe/j/jnugent/private/PhD_Year_1/software/MAUS-v2.9.1/third_party/install/lib/maus-apps-0.2/media
    Media directory (raw images): /home/ppe/j/jnugent/private/PhD_Year_1/software/MAUS-v2.9.1/third_party/install/lib/maus-apps-0.2/media/raw
SUCCESS: MAUS setup
Algorithm to analyse reduced MAUS root
trees for multiple scattering measurements
and to unfold the distribution

Received 2 arguements.
node type: Element, name: spec, with prop id: (null), prop name: (null), prop value: (null)
node type: Element, name: file, with prop id: outfile, prop name: material_0/LiHMu_3240_res_lim0.9673.root, prop value: (null)
node type: Element, name: file, with prop id: datafile, prop name: /data/neutrino06/jnugent/v2.9.1/LiH_03240/reduced_tree_.root, prop value: (null)
node type: Element, name: file, with prop id: trainfile, prop name: /data/neutrino06/jnugent/v2.9.1/ZeroAbs_03240/reduced_tree_.root, prop value: (null)
node type: Element, name: file, with prop id: trkreffiname, prop name: /home/ppe/j/jnugent/workarea/tracker_efficiency/tracker_resolution_plots_27.4456328413.root, prop value: (null)
node type: Element, name: file, with prop id: modelfile, prop name: ../Cobb_results/LiH-6p5-240-hists.root, prop value: (null)
node type: Element, name: file, with prop id: model3, prop name: Moliere, prop value: (null)
node type: Element, name: file, with prop id: model3, prop name: Moliere, prop value: (null)
node type: Element, name: file, with prop id: model2, prop name: Cobb, prop value: (null)
node type: Element, name: file, with prop id: model1, prop name: GEANT, prop value: (null)
node type: Element, name: cuts, with prop id: (null), prop name: TOF_ll, prop value: 27.4456328413
node type: Element, name: cuts, with prop id: (null), prop name: TOF_ul, prop value: 27.6456328413
node type: Element, name: cuts, with prop id: (null), prop name: fid_rad, prop value: 150.0
node type: Element, name: cuts, with prop id: (null), prop name: fid_grad, prop value: 0.012
node type: Element, name: cuts, with prop id: (null), prop name: mode, prop value: -1
node type: Element, name: sys, with prop id: (null), prop name: resX, prop value: 0.9673
node type: Element, name: sys, with prop id: (null), prop name: resY, prop value: 0.9673
node type: Element, name: sys, with prop id: (null), prop name: niter, prop value: 10
Writing outfile to material_0/LiHMu_3240_res_lim0.9673.root
Reading outfilename at 
Reading data from /data/neutrino06/jnugent/v2.9.1/LiH_03240/reduced_tree_.root
Reading reference data from /data/neutrino06/jnugent/v2.9.1/ZeroAbs_03240/reduced_tree_.root
Reading models from ../Cobb_results/LiH-6p5-240-hists.root
Reading models from 
Use  for propagation

TOF selection between 27.4456 and 27.6456
Fiducial selection contained by radius 150 with scattering 0.012

Adding systematic effect niter with value 10
Adding systematic effect resX with value 0.9673
Adding systematic effect resY with value 0.9673
Event 0
Event 100000
Event 200000
Event 300000
Event 400000
Event 500000
Event 600000
Event 700000
Event 800000
Event 900000
Event 1000000
Event 1100000
Event 1200000
Event 1300000
Event 0
Event 100000
Event 200000
Convolution with thetaX_GEANT from ../Cobb_results/LiH-6p5-240-hists.root
OBJ: RooUnfoldBayes	response	Unfold Response
regularisation parameter = 10, ntoys = 50
OBJ: RooUnfoldBayes	response	Unfold Response
regularisation parameter = 10, ntoys = 50
OBJ: RooUnfoldBayes	response	Unfold Response
regularisation parameter = 10, ntoys = 50
OBJ: RooUnfoldBayes	response	Unfold Response
regularisation parameter = 10, ntoys = 50
Now unfolding...
Iteration : 0
Chi^2 of change 183.525
Iteration : 1
Chi^2 of change 33.0327
Iteration : 2
Chi^2 of change 9.22866
Iteration : 3
Chi^2 of change 3.97349
Iteration : 4
Chi^2 of change 2.45548
Iteration : 5
Chi^2 of change 1.84729
Iteration : 6
Chi^2 of change 1.51119
Iteration : 7
Chi^2 of change 1.28276
Iteration : 8
Chi^2 of change 1.11299
Iteration : 9
Chi^2 of change 0.982647
Calculating covariances due to number of measured events
Now unfolding...
Iteration : 0
Chi^2 of change 326.747
Iteration : 1
Chi^2 of change 50.5088
Iteration : 2
Chi^2 of change 12.3919
Iteration : 3
Chi^2 of change 4.22614
Iteration : 4
Chi^2 of change 2.05633
Iteration : 5
Chi^2 of change 1.3193
Iteration : 6
Chi^2 of change 1.01785
Iteration : 7
Chi^2 of change 0.866652
Iteration : 8
Chi^2 of change 0.760008
Iteration : 9
Chi^2 of change 0.683436
Calculating covariances due to number of measured events
Now unfolding...
Iteration : 0
Chi^2 of change 201.207
Iteration : 1
Chi^2 of change 47.9091
Iteration : 2
Chi^2 of change 17.4946
Iteration : 3
Chi^2 of change 7.73172
Iteration : 4
Chi^2 of change 4.09484
Iteration : 5
Chi^2 of change 2.38712
Iteration : 6
Chi^2 of change 1.47343
Iteration : 7
Chi^2 of change 1.00501
Iteration : 8
Chi^2 of change 0.762175
Iteration : 9
Chi^2 of change 0.620858
Calculating covariances due to number of measured events
Now unfolding...
Iteration : 0
Chi^2 of change 236.188
Iteration : 1
Chi^2 of change 61.2675
Iteration : 2
Chi^2 of change 24.1461
Iteration : 3
Chi^2 of change 12.313
Iteration : 4
Chi^2 of change 8.1054
Iteration : 5
Chi^2 of change 6.09353
Iteration : 6
Chi^2 of change 4.96006
Iteration : 7
Chi^2 of change 4.21339
Iteration : 8
Chi^2 of change 3.66053
Iteration : 9
Chi^2 of change 3.22615
Calculating covariances due to number of measured events
Convolution with thetaX_Cobb from ../Cobb_results/LiH-6p5-240-hists.root
OBJ: RooUnfoldBayes	response	Unfold Response
regularisation parameter = 10, ntoys = 50
OBJ: RooUnfoldBayes	response	Unfold Response
regularisation parameter = 10, ntoys = 50
OBJ: RooUnfoldBayes	response	Unfold Response
regularisation parameter = 10, ntoys = 50
OBJ: RooUnfoldBayes	response	Unfold Response
regularisation parameter = 10, ntoys = 50
Now unfolding...
Iteration : 0
Chi^2 of change 218.724
Iteration : 1
Chi^2 of change 47.8238
Iteration : 2
Chi^2 of change 14.6356
Iteration : 3
Chi^2 of change 6.24838
Iteration : 4
Chi^2 of change 3.66699
Iteration : 5
Chi^2 of change 2.59726
Iteration : 6
Chi^2 of change 2.02731
Iteration : 7
Chi^2 of change 1.66108
Iteration : 8
Chi^2 of change 1.39629
Iteration : 9
Chi^2 of change 1.19112
Calculating covariances due to number of measured events
Now unfolding...
Iteration : 0
Chi^2 of change 247.811
Iteration : 1
Chi^2 of change 44.9167
Iteration : 2
Chi^2 of change 11.4053
Iteration : 3
Chi^2 of change 3.78374
Iteration : 4
Chi^2 of change 1.80268
Iteration : 5
Chi^2 of change 1.17753
Iteration : 6
Chi^2 of change 0.923833
Iteration : 7
Chi^2 of change 0.782375
Iteration : 8
Chi^2 of change 0.684528
Iteration : 9
Chi^2 of change 0.607762
Calculating covariances due to number of measured events
Now unfolding...
Iteration : 0
Chi^2 of change 199.586
Iteration : 1
Chi^2 of change 73.8552
Iteration : 2
Chi^2 of change 27.66
Iteration : 3
Chi^2 of change 9.42259
Iteration : 4
Chi^2 of change 3.9393
Iteration : 5
Chi^2 of change 2.27706
Iteration : 6
Chi^2 of change 1.60162
Iteration : 7
Chi^2 of change 1.23052
Iteration : 8
Chi^2 of change 0.985758
Iteration : 9
Chi^2 of change 0.797642
Calculating covariances due to number of measured events
Now unfolding...
Iteration : 0
Chi^2 of change 267.382
Iteration : 1
Chi^2 of change 75.2049
Iteration : 2
Chi^2 of change 30.2661
Iteration : 3
Chi^2 of change 14.6194
Iteration : 4
Chi^2 of change 8.81323
Iteration : 5
Chi^2 of change 6.38218
Iteration : 6
Chi^2 of change 5.139
Iteration : 7
Chi^2 of change 4.36796
Iteration : 8
Chi^2 of change 3.81792
Iteration : 9
Chi^2 of change 3.38871
Calculating covariances due to number of measured events
Convolution with thetaX_Moliere from ../Cobb_results/LiH-6p5-240-hists.root
OBJ: RooUnfoldBayes	response	Unfold Response
regularisation parameter = 10, ntoys = 50
OBJ: RooUnfoldBayes	response	Unfold Response
regularisation parameter = 10, ntoys = 50
OBJ: RooUnfoldBayes	response	Unfold Response
regularisation parameter = 10, ntoys = 50
OBJ: RooUnfoldBayes	response	Unfold Response
regularisation parameter = 10, ntoys = 50
Now unfolding...
Iteration : 0
Chi^2 of change 170.44
Iteration : 1
Chi^2 of change 71.8403
Iteration : 2
Chi^2 of change 16.5484
Iteration : 3
Chi^2 of change 5.62401
Iteration : 4
Chi^2 of change 2.71918
Iteration : 5
Chi^2 of change 1.67493
Iteration : 6
Chi^2 of change 1.20768
Iteration : 7
Chi^2 of change 0.953676
Iteration : 8
Chi^2 of change 0.794626
Iteration : 9
Chi^2 of change 0.678303
Calculating covariances due to number of measured events
Now unfolding...
Iteration : 0
Chi^2 of change 274.205
Iteration : 1
Chi^2 of change 67.22
Iteration : 2
Chi^2 of change 15.9984
Iteration : 3
Chi^2 of change 5.05456
Iteration : 4
Chi^2 of change 2.30206
Iteration : 5
Chi^2 of change 1.40984
Iteration : 6
Chi^2 of change 1.01068
Iteration : 7
Chi^2 of change 0.817527
Iteration : 8
Chi^2 of change 0.702734
Iteration : 9
Chi^2 of change 0.614737
Calculating covariances due to number of measured events
Now unfolding...
Iteration : 0
Chi^2 of change 168.323
Iteration : 1
Chi^2 of change 52.8803
Iteration : 2
Chi^2 of change 19.0594
Iteration : 3
Chi^2 of change 8.6919
Iteration : 4
Chi^2 of change 5.39545
Iteration : 5
Chi^2 of change 3.91791
Iteration : 6
Chi^2 of change 2.93254
Iteration : 7
Chi^2 of change 2.20396
Iteration : 8
Chi^2 of change 1.66974
Iteration : 9
Chi^2 of change 1.27575
Calculating covariances due to number of measured events
Now unfolding...
Iteration : 0
Chi^2 of change 183.759
Iteration : 1
Chi^2 of change 65.1178
Iteration : 2
Chi^2 of change 27.1415
Iteration : 3
Chi^2 of change 13.4885
Iteration : 4
Chi^2 of change 8.25566
Iteration : 5
Chi^2 of change 5.80591
Iteration : 6
Chi^2 of change 4.43341
Iteration : 7
Chi^2 of change 3.58908
Iteration : 8
Chi^2 of change 3.03273
Iteration : 9
Chi^2 of change 2.64876
Calculating covariances due to number of measured events
