000 (39220.000.000) 2021-07-21 04:17:07 Job submitted from host: <194.36.1.200:9618?addrs=194.36.1.200-9618&alias=hex.ppe.gla.ac.uk&noUDP&sock=schedd_1401_8c46>
...
040 (39220.000.000) 2021-07-21 04:17:27 Started transferring input files
	Transferring to host: <192.168.16.113:9618?addrs=192.168.16.113-9618&alias=condor-d19-03.ppe.cluster&noUDP&sock=slot1_2_26289_ba86_726>
...
040 (39220.000.000) 2021-07-21 04:17:27 Finished transferring input files
...
001 (39220.000.000) 2021-07-21 04:17:28 Job executing on host: <192.168.16.113:9618?addrs=192.168.16.113-9618&alias=condor-d19-03.ppe.cluster&noUDP&sock=startd_2634_488c>
...
006 (39220.000.000) 2021-07-21 04:17:37 Image size of job updated: 509788
	184  -  MemoryUsage of job (MB)
	187536  -  ResidentSetSize of job (KB)
...
006 (39220.000.000) 2021-07-21 04:22:38 Image size of job updated: 2142384
	1089  -  MemoryUsage of job (MB)
	1114408  -  ResidentSetSize of job (KB)
...
006 (39220.000.000) 2021-07-21 04:27:38 Image size of job updated: 2692392
	1959  -  MemoryUsage of job (MB)
	2005332  -  ResidentSetSize of job (KB)
...
006 (39220.000.000) 2021-07-21 04:32:39 Image size of job updated: 3782460
	2793  -  MemoryUsage of job (MB)
	2859016  -  ResidentSetSize of job (KB)
...
006 (39220.000.000) 2021-07-21 04:37:40 Image size of job updated: 4870924
	3556  -  MemoryUsage of job (MB)
	3640616  -  ResidentSetSize of job (KB)
...
006 (39220.000.000) 2021-07-21 04:42:40 Image size of job updated: 7042648
	4269  -  MemoryUsage of job (MB)
	4370932  -  ResidentSetSize of job (KB)
...
006 (39220.000.000) 2021-07-21 04:47:41 Image size of job updated: 7221044
	4269  -  MemoryUsage of job (MB)
	4370932  -  ResidentSetSize of job (KB)
...
040 (39220.000.000) 2021-07-21 04:51:01 Started transferring output files
...
040 (39220.000.000) 2021-07-21 04:51:01 Finished transferring output files
...
005 (39220.000.000) 2021-07-21 04:51:01 Job terminated.
	(1) Normal termination (return value 1)
		Usr 0 00:33:20, Sys 0 00:00:07  -  Run Remote Usage
		Usr 0 00:00:00, Sys 0 00:00:00  -  Run Local Usage
		Usr 0 00:33:20, Sys 0 00:00:07  -  Total Remote Usage
		Usr 0 00:00:00, Sys 0 00:00:00  -  Total Local Usage
	38910  -  Run Bytes Sent By Job
	241  -  Run Bytes Received By Job
	38910  -  Total Bytes Sent By Job
	241  -  Total Bytes Received By Job
	Partitionable Resources :    Usage  Request Allocated 
	   Cpus                 :     1.00        1         1 
	   Disk (KB)            :    53           1   3637421 
	   Memory (MB)          :  4269        6144      6144 

	Job terminated of its own accord at 2021-07-21T03:51:01Z.
...
000 (39657.000.000) 2021-07-23 01:23:32 Job submitted from host: <194.36.1.200:9618?addrs=194.36.1.200-9618&alias=hex.ppe.gla.ac.uk&noUDP&sock=schedd_1401_8c46>
...
040 (39657.000.000) 2021-07-23 01:23:37 Started transferring input files
	Transferring to host: <192.168.16.121:9618?addrs=192.168.16.121-9618&alias=condor-d20-01.ppe.cluster&noUDP&sock=slot1_2_40472_ef67_846>
...
040 (39657.000.000) 2021-07-23 01:23:37 Finished transferring input files
...
001 (39657.000.000) 2021-07-23 01:23:38 Job executing on host: <192.168.16.121:9618?addrs=192.168.16.121-9618&alias=condor-d20-01.ppe.cluster&noUDP&sock=startd_40545_137a>
...
006 (39657.000.000) 2021-07-23 01:23:47 Image size of job updated: 207492
	185  -  MemoryUsage of job (MB)
	189196  -  ResidentSetSize of job (KB)
...
006 (39657.000.000) 2021-07-23 01:28:48 Image size of job updated: 1600704
	1070  -  MemoryUsage of job (MB)
	1095076  -  ResidentSetSize of job (KB)
...
006 (39657.000.000) 2021-07-23 01:33:48 Image size of job updated: 2692388
	1923  -  MemoryUsage of job (MB)
	1968748  -  ResidentSetSize of job (KB)
...
006 (39657.000.000) 2021-07-23 01:38:48 Image size of job updated: 3781976
	2752  -  MemoryUsage of job (MB)
	2817156  -  ResidentSetSize of job (KB)
...
006 (39657.000.000) 2021-07-23 01:43:49 Image size of job updated: 4870452
	3516  -  MemoryUsage of job (MB)
	3600336  -  ResidentSetSize of job (KB)
...
006 (39657.000.000) 2021-07-23 01:48:49 Image size of job updated: 7042208
	4226  -  MemoryUsage of job (MB)
	4326632  -  ResidentSetSize of job (KB)
...
006 (39657.000.000) 2021-07-23 01:53:49 Image size of job updated: 7221040
	4226  -  MemoryUsage of job (MB)
	4326632  -  ResidentSetSize of job (KB)
...
040 (39657.000.000) 2021-07-23 01:57:40 Started transferring output files
...
040 (39657.000.000) 2021-07-23 01:57:40 Finished transferring output files
...
005 (39657.000.000) 2021-07-23 01:57:40 Job terminated.
	(1) Normal termination (return value 1)
		Usr 0 00:33:46, Sys 0 00:00:08  -  Run Remote Usage
		Usr 0 00:00:00, Sys 0 00:00:00  -  Run Local Usage
		Usr 0 00:33:46, Sys 0 00:00:08  -  Total Remote Usage
		Usr 0 00:00:00, Sys 0 00:00:00  -  Total Local Usage
	38931  -  Run Bytes Sent By Job
	241  -  Run Bytes Received By Job
	38931  -  Total Bytes Sent By Job
	241  -  Total Bytes Received By Job
	Partitionable Resources :    Usage  Request Allocated 
	   Cpus                 :     1.00        1         1 
	   Disk (KB)            :    53           1   3637421 
	   Memory (MB)          :  4226        6144      6144 

	Job terminated of its own accord at 2021-07-23T00:57:40Z.
...
000 (40059.000.000) 2021-07-25 11:07:47 Job submitted from host: <194.36.1.200:9618?addrs=194.36.1.200-9618&alias=hex.ppe.gla.ac.uk&noUDP&sock=schedd_1401_8c46>
...
040 (40059.000.000) 2021-07-25 11:07:53 Started transferring input files
	Transferring to host: <192.168.16.121:9618?addrs=192.168.16.121-9618&alias=condor-d20-01.ppe.cluster&noUDP&sock=slot1_2_40472_ef67_926>
...
040 (40059.000.000) 2021-07-25 11:07:53 Finished transferring input files
...
001 (40059.000.000) 2021-07-25 11:07:54 Job executing on host: <192.168.16.121:9618?addrs=192.168.16.121-9618&alias=condor-d20-01.ppe.cluster&noUDP&sock=startd_40545_137a>
...
006 (40059.000.000) 2021-07-25 11:08:03 Image size of job updated: 210312
	186  -  MemoryUsage of job (MB)
	189784  -  ResidentSetSize of job (KB)
...
006 (40059.000.000) 2021-07-25 11:13:04 Image size of job updated: 1600712
	1080  -  MemoryUsage of job (MB)
	1105684  -  ResidentSetSize of job (KB)
...
006 (40059.000.000) 2021-07-25 11:18:04 Image size of job updated: 2692396
	1956  -  MemoryUsage of job (MB)
	2002764  -  ResidentSetSize of job (KB)
...
006 (40059.000.000) 2021-07-25 11:23:04 Image size of job updated: 3782460
	2813  -  MemoryUsage of job (MB)
	2879888  -  ResidentSetSize of job (KB)
...
006 (40059.000.000) 2021-07-25 11:28:05 Image size of job updated: 5404480
	3598  -  MemoryUsage of job (MB)
	3684112  -  ResidentSetSize of job (KB)
...
006 (40059.000.000) 2021-07-25 11:33:06 Image size of job updated: 7043824
	4338  -  MemoryUsage of job (MB)
	4441872  -  ResidentSetSize of job (KB)
...
006 (40059.000.000) 2021-07-25 11:38:06 Image size of job updated: 7221044
	4338  -  MemoryUsage of job (MB)
	4441872  -  ResidentSetSize of job (KB)
...
040 (40059.000.000) 2021-07-25 11:42:24 Started transferring output files
...
040 (40059.000.000) 2021-07-25 11:42:24 Finished transferring output files
...
005 (40059.000.000) 2021-07-25 11:42:24 Job terminated.
	(1) Normal termination (return value 0)
		Usr 0 00:34:09, Sys 0 00:00:12  -  Run Remote Usage
		Usr 0 00:00:00, Sys 0 00:00:00  -  Run Local Usage
		Usr 0 00:34:09, Sys 0 00:00:12  -  Total Remote Usage
		Usr 0 00:00:00, Sys 0 00:00:00  -  Total Local Usage
	488061  -  Run Bytes Sent By Job
	241  -  Run Bytes Received By Job
	488061  -  Total Bytes Sent By Job
	241  -  Total Bytes Received By Job
	Partitionable Resources :    Usage  Request Allocated 
	   Cpus                 :     1.00        1         1 
	   Disk (KB)            :   492           1   3637421 
	   Memory (MB)          :  4338        6144      6144 

	Job terminated of its own accord at 2021-07-25T10:42:24Z.
...
000 (41173.000.000) 2021-07-29 12:22:30 Job submitted from host: <194.36.1.200:9618?addrs=194.36.1.200-9618&alias=hex.ppe.gla.ac.uk&noUDP&sock=schedd_1401_8c46>
...
040 (41173.000.000) 2021-07-29 12:22:49 Started transferring input files
	Transferring to host: <192.168.16.113:9618?addrs=192.168.16.113-9618&alias=condor-d19-03.ppe.cluster&noUDP&sock=slot1_2_27242_340d_48>
...
040 (41173.000.000) 2021-07-29 12:22:49 Finished transferring input files
...
001 (41173.000.000) 2021-07-29 12:22:50 Job executing on host: <192.168.16.113:9618?addrs=192.168.16.113-9618&alias=condor-d19-03.ppe.cluster&noUDP&sock=startd_2634_488c>
...
006 (41173.000.000) 2021-07-29 12:22:59 Image size of job updated: 213840
	186  -  MemoryUsage of job (MB)
	189608  -  ResidentSetSize of job (KB)
...
006 (41173.000.000) 2021-07-29 12:23:21 Image size of job updated: 610524
	186  -  MemoryUsage of job (MB)
	189616  -  ResidentSetSize of job (KB)
...
040 (41173.000.000) 2021-07-29 12:23:21 Started transferring output files
...
040 (41173.000.000) 2021-07-29 12:23:21 Finished transferring output files
...
005 (41173.000.000) 2021-07-29 12:23:21 Job terminated.
	(1) Normal termination (return value 134)
		Usr 0 00:00:29, Sys 0 00:00:00  -  Run Remote Usage
		Usr 0 00:00:00, Sys 0 00:00:00  -  Run Local Usage
		Usr 0 00:00:29, Sys 0 00:00:00  -  Total Remote Usage
		Usr 0 00:00:00, Sys 0 00:00:00  -  Total Local Usage
	10557  -  Run Bytes Sent By Job
	241  -  Run Bytes Received By Job
	10557  -  Total Bytes Sent By Job
	241  -  Total Bytes Received By Job
	Partitionable Resources :    Usage  Request Allocated 
	   Cpus                 :     0.79        1         1 
	   Disk (KB)            :    26           1   3637421 
	   Memory (MB)          :   186        6144      6144 

	Job terminated of its own accord at 2021-07-29T11:23:21Z.
...
000 (41274.000.000) 2021-07-29 14:17:41 Job submitted from host: <194.36.1.200:9618?addrs=194.36.1.200-9618&alias=hex.ppe.gla.ac.uk&noUDP&sock=schedd_1401_8c46>
...
040 (41274.000.000) 2021-07-29 14:18:02 Started transferring input files
	Transferring to host: <192.168.16.113:9618?addrs=192.168.16.113-9618&alias=condor-d19-03.ppe.cluster&noUDP&sock=slot1_2_27242_340d_61>
...
040 (41274.000.000) 2021-07-29 14:18:02 Finished transferring input files
...
001 (41274.000.000) 2021-07-29 14:18:03 Job executing on host: <192.168.16.113:9618?addrs=192.168.16.113-9618&alias=condor-d19-03.ppe.cluster&noUDP&sock=startd_2634_488c>
...
006 (41274.000.000) 2021-07-29 14:18:11 Image size of job updated: 205284
	185  -  MemoryUsage of job (MB)
	188480  -  ResidentSetSize of job (KB)
...
006 (41274.000.000) 2021-07-29 14:19:29 Image size of job updated: 858544
	185  -  MemoryUsage of job (MB)
	188480  -  ResidentSetSize of job (KB)
...
040 (41274.000.000) 2021-07-29 14:19:29 Started transferring output files
...
040 (41274.000.000) 2021-07-29 14:19:29 Finished transferring output files
...
005 (41274.000.000) 2021-07-29 14:19:29 Job terminated.
	(1) Normal termination (return value 0)
		Usr 0 00:01:24, Sys 0 00:00:00  -  Run Remote Usage
		Usr 0 00:00:00, Sys 0 00:00:00  -  Run Local Usage
		Usr 0 00:01:24, Sys 0 00:00:00  -  Total Remote Usage
		Usr 0 00:00:00, Sys 0 00:00:00  -  Total Local Usage
	483349  -  Run Bytes Sent By Job
	241  -  Run Bytes Received By Job
	483349  -  Total Bytes Sent By Job
	241  -  Total Bytes Received By Job
	Partitionable Resources :    Usage  Request Allocated 
	   Cpus                 :     0.01        1         1 
	   Disk (KB)            :   487           1   3637421 
	   Memory (MB)          :   185        6144      6144 

	Job terminated of its own accord at 2021-07-29T13:19:29Z.
...
000 (41510.000.000) 2021-07-30 22:55:29 Job submitted from host: <194.36.1.200:9618?addrs=194.36.1.200-9618&alias=hex.ppe.gla.ac.uk&noUDP&sock=schedd_1401_8c46>
...
040 (41510.000.000) 2021-07-30 22:55:49 Started transferring input files
	Transferring to host: <192.168.16.114:9618?addrs=192.168.16.114-9618&alias=condor-d19-04.ppe.cluster&noUDP&sock=slot1_2_34819_e2a1_21>
...
040 (41510.000.000) 2021-07-30 22:55:49 Finished transferring input files
...
001 (41510.000.000) 2021-07-30 22:55:50 Job executing on host: <192.168.16.114:9618?addrs=192.168.16.114-9618&alias=condor-d19-04.ppe.cluster&noUDP&sock=startd_2633_98f3>
...
006 (41510.000.000) 2021-07-30 22:55:58 Image size of job updated: 197824
	178  -  MemoryUsage of job (MB)
	182200  -  ResidentSetSize of job (KB)
...
006 (41510.000.000) 2021-07-30 23:00:58 Image size of job updated: 2141384
	1078  -  MemoryUsage of job (MB)
	1103136  -  ResidentSetSize of job (KB)
...
006 (41510.000.000) 2021-07-30 23:05:58 Image size of job updated: 2692396
	1950  -  MemoryUsage of job (MB)
	1996120  -  ResidentSetSize of job (KB)
...
006 (41510.000.000) 2021-07-30 23:10:59 Image size of job updated: 3782460
	2797  -  MemoryUsage of job (MB)
	2863552  -  ResidentSetSize of job (KB)
...
006 (41510.000.000) 2021-07-30 23:15:59 Image size of job updated: 4870928
	3574  -  MemoryUsage of job (MB)
	3659148  -  ResidentSetSize of job (KB)
...
006 (41510.000.000) 2021-07-30 23:20:59 Image size of job updated: 7043044
	4306  -  MemoryUsage of job (MB)
	4408676  -  ResidentSetSize of job (KB)
...
006 (41510.000.000) 2021-07-30 23:26:00 Image size of job updated: 7221044
	4306  -  MemoryUsage of job (MB)
	4408676  -  ResidentSetSize of job (KB)
...
040 (41510.000.000) 2021-07-30 23:30:47 Started transferring output files
...
040 (41510.000.000) 2021-07-30 23:30:47 Finished transferring output files
...
005 (41510.000.000) 2021-07-30 23:30:47 Job terminated.
	(1) Normal termination (return value 0)
		Usr 0 00:34:32, Sys 0 00:00:11  -  Run Remote Usage
		Usr 0 00:00:00, Sys 0 00:00:00  -  Run Local Usage
		Usr 0 00:34:32, Sys 0 00:00:11  -  Total Remote Usage
		Usr 0 00:00:00, Sys 0 00:00:00  -  Total Local Usage
	485982  -  Run Bytes Sent By Job
	241  -  Run Bytes Received By Job
	485982  -  Total Bytes Sent By Job
	241  -  Total Bytes Received By Job
	Partitionable Resources :    Usage  Request Allocated 
	   Cpus                 :     0.99        1         1 
	   Disk (KB)            :   490           1   3637421 
	   Memory (MB)          :  4306        6144      6144 

	Job terminated of its own accord at 2021-07-30T22:30:47Z.
...
000 (48305.000.000) 2021-09-11 18:31:32 Job submitted from host: <194.36.1.200:9618?addrs=194.36.1.200-9618&alias=hex.ppe.gla.ac.uk&noUDP&sock=schedd_1448_c939>
...
040 (48305.000.000) 2021-09-11 18:31:45 Started transferring input files
	Transferring to host: <192.168.16.121:9618?addrs=192.168.16.121-9618&alias=condor-d20-01.ppe.cluster&noUDP&sock=slot1_2_25156_6d78_265>
...
040 (48305.000.000) 2021-09-11 18:31:45 Finished transferring input files
...
001 (48305.000.000) 2021-09-11 18:31:46 Job executing on host: <192.168.16.121:9618?addrs=192.168.16.121-9618&alias=condor-d20-01.ppe.cluster&noUDP&sock=startd_2659_6e6a>
...
006 (48305.000.000) 2021-09-11 18:31:54 Image size of job updated: 195660
	178  -  MemoryUsage of job (MB)
	182172  -  ResidentSetSize of job (KB)
...
006 (48305.000.000) 2021-09-11 18:36:54 Image size of job updated: 1600740
	1076  -  MemoryUsage of job (MB)
	1101100  -  ResidentSetSize of job (KB)
...
006 (48305.000.000) 2021-09-11 18:41:55 Image size of job updated: 2692424
	1962  -  MemoryUsage of job (MB)
	2008324  -  ResidentSetSize of job (KB)
...
006 (48305.000.000) 2021-09-11 18:46:56 Image size of job updated: 3782492
	2809  -  MemoryUsage of job (MB)
	2876328  -  ResidentSetSize of job (KB)
...
006 (48305.000.000) 2021-09-11 18:51:56 Image size of job updated: 4870956
	3582  -  MemoryUsage of job (MB)
	3667824  -  ResidentSetSize of job (KB)
...
006 (48305.000.000) 2021-09-11 18:56:56 Image size of job updated: 7043072
	4308  -  MemoryUsage of job (MB)
	4411212  -  ResidentSetSize of job (KB)
...
006 (48305.000.000) 2021-09-11 19:01:57 Image size of job updated: 7221052
	4308  -  MemoryUsage of job (MB)
	4411212  -  ResidentSetSize of job (KB)
...
040 (48305.000.000) 2021-09-11 19:06:44 Started transferring output files
...
040 (48305.000.000) 2021-09-11 19:06:44 Finished transferring output files
...
005 (48305.000.000) 2021-09-11 19:06:44 Job terminated.
	(1) Normal termination (return value 0)
		Usr 0 00:34:36, Sys 0 00:00:12  -  Run Remote Usage
		Usr 0 00:00:00, Sys 0 00:00:00  -  Run Local Usage
		Usr 0 00:34:36, Sys 0 00:00:12  -  Total Remote Usage
		Usr 0 00:00:00, Sys 0 00:00:00  -  Total Local Usage
	486648  -  Run Bytes Sent By Job
	241  -  Run Bytes Received By Job
	486648  -  Total Bytes Sent By Job
	241  -  Total Bytes Received By Job
	Partitionable Resources :    Usage  Request Allocated 
	   Cpus                 :     0.99        1         1 
	   Disk (KB)            :   491           1   3637421 
	   Memory (MB)          :  4308        6144      6144 

	Job terminated of its own accord at 2021-09-11T18:06:44Z.
...
000 (53548.000.000) 2021-10-19 18:18:14 Job submitted from host: <194.36.1.200:9618?addrs=194.36.1.200-9618&alias=hex.ppe.gla.ac.uk&noUDP&sock=schedd_1448_c939>
...
040 (53548.000.000) 2021-10-19 18:18:35 Started transferring input files
	Transferring to host: <192.168.16.113:9618?addrs=192.168.16.113-9618&alias=condor-d19-03.ppe.cluster&noUDP&sock=slot1_2_17218_6375_4016>
...
040 (53548.000.000) 2021-10-19 18:18:35 Finished transferring input files
...
001 (53548.000.000) 2021-10-19 18:18:36 Job executing on host: <192.168.16.113:9618?addrs=192.168.16.113-9618&alias=condor-d19-03.ppe.cluster&noUDP&sock=startd_2672_5925>
...
006 (53548.000.000) 2021-10-19 18:18:44 Image size of job updated: 190036
	186  -  MemoryUsage of job (MB)
	190036  -  ResidentSetSize of job (KB)
...
006 (53548.000.000) 2021-10-19 18:23:44 Image size of job updated: 2142416
	1091  -  MemoryUsage of job (MB)
	1116692  -  ResidentSetSize of job (KB)
...
006 (53548.000.000) 2021-10-19 18:28:44 Image size of job updated: 2692424
	1944  -  MemoryUsage of job (MB)
	1990108  -  ResidentSetSize of job (KB)
...
006 (53548.000.000) 2021-10-19 18:33:45 Image size of job updated: 3782492
	2747  -  MemoryUsage of job (MB)
	2812420  -  ResidentSetSize of job (KB)
...
006 (53548.000.000) 2021-10-19 18:38:45 Image size of job updated: 4870956
	3308  -  MemoryUsage of job (MB)
	3386804  -  ResidentSetSize of job (KB)
...
006 (53548.000.000) 2021-10-19 18:43:45 Image size of job updated: 8116712
	3308  -  MemoryUsage of job (MB)
	3386804  -  ResidentSetSize of job (KB)
...
040 (53548.000.000) 2021-10-19 18:55:37 Started transferring output files
...
040 (53548.000.000) 2021-10-19 18:55:37 Finished transferring output files
...
005 (53548.000.000) 2021-10-19 18:55:37 Job terminated.
	(1) Normal termination (return value 0)
		Usr 0 00:34:57, Sys 0 00:00:25  -  Run Remote Usage
		Usr 0 00:00:00, Sys 0 00:00:00  -  Run Local Usage
		Usr 0 00:34:57, Sys 0 00:00:25  -  Total Remote Usage
		Usr 0 00:00:00, Sys 0 00:00:00  -  Total Local Usage
	486953  -  Run Bytes Sent By Job
	241  -  Run Bytes Received By Job
	486953  -  Total Bytes Sent By Job
	241  -  Total Bytes Received By Job
	Partitionable Resources :    Usage  Request Allocated 
	   Cpus                 :     1.00        1         1 
	   Disk (KB)            :   491           1   3637421 
	   Memory (MB)          :  3308        6144      6144 

	Job terminated of its own accord at 2021-10-19T17:55:37Z.
...
000 (62474.000.000) 2021-11-18 12:36:00 Job submitted from host: <194.36.1.200:9618?addrs=194.36.1.200-9618&alias=hex.ppe.gla.ac.uk&noUDP&sock=schedd_1448_c939>
...
040 (62474.000.000) 2021-11-18 12:36:19 Started transferring input files
	Transferring to host: <192.168.16.103:9618?addrs=192.168.16.103-9618&alias=condor-h16-03.ppe.cluster&noUDP&sock=slot1_2_14613_ee2b_2391>
...
040 (62474.000.000) 2021-11-18 12:36:19 Finished transferring input files
...
001 (62474.000.000) 2021-11-18 12:36:20 Job executing on host: <192.168.16.103:9618?addrs=192.168.16.103-9618&alias=condor-h16-03.ppe.cluster&noUDP&sock=startd_2362_b6c9>
...
006 (62474.000.000) 2021-11-18 12:36:29 Image size of job updated: 525520
	178  -  MemoryUsage of job (MB)
	181256  -  ResidentSetSize of job (KB)
...
006 (62474.000.000) 2021-11-18 12:41:29 Image size of job updated: 1598988
	901  -  MemoryUsage of job (MB)
	922060  -  ResidentSetSize of job (KB)
...
006 (62474.000.000) 2021-11-18 12:46:29 Image size of job updated: 2687800
	1634  -  MemoryUsage of job (MB)
	1672264  -  ResidentSetSize of job (KB)
...
006 (62474.000.000) 2021-11-18 12:51:30 Image size of job updated: 3778896
	2359  -  MemoryUsage of job (MB)
	2415012  -  ResidentSetSize of job (KB)
...
006 (62474.000.000) 2021-11-18 12:56:31 Image size of job updated: 4866028
	3064  -  MemoryUsage of job (MB)
	3136960  -  ResidentSetSize of job (KB)
...
006 (62474.000.000) 2021-11-18 13:01:31 Image size of job updated: 4871396
	3635  -  MemoryUsage of job (MB)
	3722196  -  ResidentSetSize of job (KB)
...
006 (62474.000.000) 2021-11-18 13:06:32 Image size of job updated: 7039380
	4061  -  MemoryUsage of job (MB)
	4157644  -  ResidentSetSize of job (KB)
...
006 (62474.000.000) 2021-11-18 13:11:33 Image size of job updated: 7761736
	4061  -  MemoryUsage of job (MB)
	4157656  -  ResidentSetSize of job (KB)
...
040 (62474.000.000) 2021-11-18 13:24:35 Started transferring output files
...
040 (62474.000.000) 2021-11-18 13:24:35 Finished transferring output files
...
005 (62474.000.000) 2021-11-18 13:24:35 Job terminated.
	(1) Normal termination (return value 0)
		Usr 0 00:47:16, Sys 0 00:00:40  -  Run Remote Usage
		Usr 0 00:00:00, Sys 0 00:00:00  -  Run Local Usage
		Usr 0 00:47:16, Sys 0 00:00:40  -  Total Remote Usage
		Usr 0 00:00:00, Sys 0 00:00:00  -  Total Local Usage
	1301321  -  Run Bytes Sent By Job
	241  -  Run Bytes Received By Job
	1301321  -  Total Bytes Sent By Job
	241  -  Total Bytes Received By Job
	Partitionable Resources :    Usage  Request Allocated 
	   Cpus                 :     1.00        1         1 
	   Disk (KB)            :  1286           1    861476 
	   Memory (MB)          :  4061        6144      6144 

	Job terminated of its own accord at 2021-11-18T13:24:35Z.
...
000 (81473.000.000) 2022-01-27 15:12:24 Job submitted from host: <194.36.1.200:9618?addrs=194.36.1.200-9618&alias=hex.ppe.gla.ac.uk&noUDP&sock=schedd_1448_c939>
...
040 (81473.000.000) 2022-01-27 15:12:42 Started transferring input files
	Transferring to host: <192.168.16.114:9618?addrs=192.168.16.114-9618&alias=condor-d19-04.ppe.cluster&noUDP&sock=slot1_2_5311_d471_22930>
...
040 (81473.000.000) 2022-01-27 15:12:42 Finished transferring input files
...
001 (81473.000.000) 2022-01-27 15:12:43 Job executing on host: <192.168.16.114:9618?addrs=192.168.16.114-9618&alias=condor-d19-04.ppe.cluster&noUDP&sock=startd_2652_a140>
...
006 (81473.000.000) 2022-01-27 15:12:52 Image size of job updated: 183064
	179  -  MemoryUsage of job (MB)
	183064  -  ResidentSetSize of job (KB)
...
006 (81473.000.000) 2022-01-27 15:14:12 Image size of job updated: 820500
	179  -  MemoryUsage of job (MB)
	183064  -  ResidentSetSize of job (KB)
...
040 (81473.000.000) 2022-01-27 15:14:12 Started transferring output files
...
040 (81473.000.000) 2022-01-27 15:14:12 Finished transferring output files
...
005 (81473.000.000) 2022-01-27 15:14:12 Job terminated.
	(1) Normal termination (return value 0)
		Usr 0 00:01:24, Sys 0 00:00:00  -  Run Remote Usage
		Usr 0 00:00:00, Sys 0 00:00:00  -  Run Local Usage
		Usr 0 00:01:24, Sys 0 00:00:00  -  Total Remote Usage
		Usr 0 00:00:00, Sys 0 00:00:00  -  Total Local Usage
	506340  -  Run Bytes Sent By Job
	241  -  Run Bytes Received By Job
	506340  -  Total Bytes Sent By Job
	241  -  Total Bytes Received By Job
	Partitionable Resources :    Usage  Request Allocated 
	   Cpus                 :     0.98        1         1 
	   Disk (KB)            :   510           1   3637421 
	   Memory (MB)          :   179        6144      6144 

	Job terminated of its own accord at 2022-01-27T15:14:12Z.
...
000 (81621.000.000) 2022-01-28 14:01:00 Job submitted from host: <194.36.1.200:9618?addrs=194.36.1.200-9618&alias=hex.ppe.gla.ac.uk&noUDP&sock=schedd_1448_c939>
...
040 (81621.000.000) 2022-01-28 14:07:21 Started transferring input files
	Transferring to host: <192.168.16.101:9618?addrs=192.168.16.101-9618&alias=condor-h16-01.ppe.cluster&noUDP&sock=slot1_7_17226_0676_11274>
...
040 (81621.000.000) 2022-01-28 14:07:21 Finished transferring input files
...
001 (81621.000.000) 2022-01-28 14:07:22 Job executing on host: <192.168.16.101:9618?addrs=192.168.16.101-9618&alias=condor-h16-01.ppe.cluster&noUDP&sock=startd_2281_279d>
...
006 (81621.000.000) 2022-01-28 14:07:30 Image size of job updated: 517136
	160  -  MemoryUsage of job (MB)
	163828  -  ResidentSetSize of job (KB)
...
006 (81621.000.000) 2022-01-28 14:09:19 Image size of job updated: 833100
	160  -  MemoryUsage of job (MB)
	163828  -  ResidentSetSize of job (KB)
...
040 (81621.000.000) 2022-01-28 14:09:19 Started transferring output files
...
040 (81621.000.000) 2022-01-28 14:09:19 Finished transferring output files
...
005 (81621.000.000) 2022-01-28 14:09:19 Job terminated.
	(1) Normal termination (return value 0)
		Usr 0 00:01:52, Sys 0 00:00:02  -  Run Remote Usage
		Usr 0 00:00:00, Sys 0 00:00:00  -  Run Local Usage
		Usr 0 00:01:52, Sys 0 00:00:02  -  Total Remote Usage
		Usr 0 00:00:00, Sys 0 00:00:00  -  Total Local Usage
	506329  -  Run Bytes Sent By Job
	241  -  Run Bytes Received By Job
	506329  -  Total Bytes Sent By Job
	241  -  Total Bytes Received By Job
	Partitionable Resources :    Usage  Request Allocated 
	   Cpus                 :                 1         1 
	   Disk (KB)            :      504        1    864796 
	   Memory (MB)          :      160     6144      6144 

	Job terminated of its own accord at 2022-01-28T14:09:19Z.
...
000 (81723.000.000) 2022-01-28 18:43:49 Job submitted from host: <194.36.1.200:9618?addrs=194.36.1.200-9618&alias=hex.ppe.gla.ac.uk&noUDP&sock=schedd_1448_c939>
...
040 (81723.000.000) 2022-01-28 18:44:11 Started transferring input files
	Transferring to host: <192.168.16.114:9618?addrs=192.168.16.114-9618&alias=condor-d19-04.ppe.cluster&noUDP&sock=slot1_21_5311_d471_30653>
...
040 (81723.000.000) 2022-01-28 18:44:11 Finished transferring input files
...
001 (81723.000.000) 2022-01-28 18:44:12 Job executing on host: <192.168.16.114:9618?addrs=192.168.16.114-9618&alias=condor-d19-04.ppe.cluster&noUDP&sock=startd_2652_a140>
...
006 (81723.000.000) 2022-01-28 18:44:20 Image size of job updated: 512152
	165  -  MemoryUsage of job (MB)
	168516  -  ResidentSetSize of job (KB)
...
006 (81723.000.000) 2022-01-28 18:45:58 Image size of job updated: 833100
	165  -  MemoryUsage of job (MB)
	168524  -  ResidentSetSize of job (KB)
...
040 (81723.000.000) 2022-01-28 18:45:58 Started transferring output files
...
040 (81723.000.000) 2022-01-28 18:45:58 Finished transferring output files
...
005 (81723.000.000) 2022-01-28 18:45:58 Job terminated.
	(1) Normal termination (return value 0)
		Usr 0 00:01:42, Sys 0 00:00:01  -  Run Remote Usage
		Usr 0 00:00:00, Sys 0 00:00:00  -  Run Local Usage
		Usr 0 00:01:42, Sys 0 00:00:01  -  Total Remote Usage
		Usr 0 00:00:00, Sys 0 00:00:00  -  Total Local Usage
	506493  -  Run Bytes Sent By Job
	241  -  Run Bytes Received By Job
	506493  -  Total Bytes Sent By Job
	241  -  Total Bytes Received By Job
	Partitionable Resources :    Usage  Request Allocated 
	   Cpus                 :                 1         1 
	   Disk (KB)            :      504        1   3637421 
	   Memory (MB)          :      165     6144      6144 

	Job terminated of its own accord at 2022-01-28T18:45:58Z.
...
000 (81830.000.000) 2022-01-29 12:38:04 Job submitted from host: <194.36.1.200:9618?addrs=194.36.1.200-9618&alias=hex.ppe.gla.ac.uk&noUDP&sock=schedd_1448_c939>
...
040 (81830.000.000) 2022-01-29 12:46:23 Started transferring input files
	Transferring to host: <192.168.16.112:9618?addrs=192.168.16.112-9618&alias=condor-d19-02.ppe.cluster&noUDP&sock=slot1_3_271865_3c88_31608>
...
040 (81830.000.000) 2022-01-29 12:46:23 Finished transferring input files
...
001 (81830.000.000) 2022-01-29 12:46:24 Job executing on host: <192.168.16.112:9618?addrs=192.168.16.112-9618&alias=condor-d19-02.ppe.cluster&noUDP&sock=startd_9793_c30d>
...
006 (81830.000.000) 2022-01-29 12:46:33 Image size of job updated: 542476
	180  -  MemoryUsage of job (MB)
	184300  -  ResidentSetSize of job (KB)
...
006 (81830.000.000) 2022-01-29 12:48:02 Image size of job updated: 900688
	180  -  MemoryUsage of job (MB)
	184300  -  ResidentSetSize of job (KB)
...
040 (81830.000.000) 2022-01-29 12:48:02 Started transferring output files
...
040 (81830.000.000) 2022-01-29 12:48:02 Finished transferring output files
...
005 (81830.000.000) 2022-01-29 12:48:02 Job terminated.
	(1) Normal termination (return value 0)
		Usr 0 00:01:31, Sys 0 00:00:01  -  Run Remote Usage
		Usr 0 00:00:00, Sys 0 00:00:00  -  Run Local Usage
		Usr 0 00:01:31, Sys 0 00:00:01  -  Total Remote Usage
		Usr 0 00:00:00, Sys 0 00:00:00  -  Total Local Usage
	506990  -  Run Bytes Sent By Job
	241  -  Run Bytes Received By Job
	506990  -  Total Bytes Sent By Job
	241  -  Total Bytes Received By Job
	Partitionable Resources :    Usage  Request Allocated 
	   Cpus                 :     0.99        1         1 
	   Disk (KB)            :   510           1    825748 
	   Memory (MB)          :   180        6144      6144 

	Job terminated of its own accord at 2022-01-29T12:48:02Z.
...
000 (82490.000.000) 2022-01-31 14:15:13 Job submitted from host: <194.36.1.200:9618?addrs=194.36.1.200-9618&alias=hex.ppe.gla.ac.uk&noUDP&sock=schedd_1448_c939>
...
040 (82490.000.000) 2022-01-31 14:15:30 Started transferring input files
	Transferring to host: <192.168.16.111:9618?addrs=192.168.16.111-9618&alias=condor-d19-01.ppe.cluster&noUDP&sock=slot1_10_191214_4f99_48043>
...
040 (82490.000.000) 2022-01-31 14:15:30 Finished transferring input files
...
001 (82490.000.000) 2022-01-31 14:15:31 Job executing on host: <192.168.16.111:9618?addrs=192.168.16.111-9618&alias=condor-d19-01.ppe.cluster&noUDP&sock=startd_9802_ef68>
...
006 (82490.000.000) 2022-01-31 14:15:40 Image size of job updated: 203484
	153  -  MemoryUsage of job (MB)
	155732  -  ResidentSetSize of job (KB)
...
006 (82490.000.000) 2022-01-31 14:20:41 Image size of job updated: 1599568
	933  -  MemoryUsage of job (MB)
	954584  -  ResidentSetSize of job (KB)
...
006 (82490.000.000) 2022-01-31 14:25:42 Image size of job updated: 2689996
	1694  -  MemoryUsage of job (MB)
	1733848  -  ResidentSetSize of job (KB)
...
006 (82490.000.000) 2022-01-31 14:30:43 Image size of job updated: 3779708
	2341  -  MemoryUsage of job (MB)
	2396700  -  ResidentSetSize of job (KB)
...
006 (82490.000.000) 2022-01-31 14:35:44 Image size of job updated: 4866720
	3013  -  MemoryUsage of job (MB)
	3084512  -  ResidentSetSize of job (KB)
...
006 (82490.000.000) 2022-01-31 14:40:44 Image size of job updated: 4872336
	3540  -  MemoryUsage of job (MB)
	3624640  -  ResidentSetSize of job (KB)
...
006 (82490.000.000) 2022-01-31 14:45:45 Image size of job updated: 7042744
	4137  -  MemoryUsage of job (MB)
	4235352  -  ResidentSetSize of job (KB)
...
006 (82490.000.000) 2022-01-31 14:50:45 Image size of job updated: 7221104
	4137  -  MemoryUsage of job (MB)
	4235364  -  ResidentSetSize of job (KB)
...
040 (82490.000.000) 2022-01-31 14:58:42 Started transferring output files
...
040 (82490.000.000) 2022-01-31 14:58:43 Finished transferring output files
...
005 (82490.000.000) 2022-01-31 14:58:43 Job terminated.
	(1) Normal termination (return value 0)
		Usr 0 00:40:56, Sys 0 00:00:47  -  Run Remote Usage
		Usr 0 00:00:00, Sys 0 00:00:00  -  Run Local Usage
		Usr 0 00:40:56, Sys 0 00:00:47  -  Total Remote Usage
		Usr 0 00:00:00, Sys 0 00:00:00  -  Total Local Usage
	1300833  -  Run Bytes Sent By Job
	241  -  Run Bytes Received By Job
	1300833  -  Total Bytes Sent By Job
	241  -  Total Bytes Received By Job
	Partitionable Resources :    Usage  Request Allocated 
	   Cpus                 :     1.00        1         1 
	   Disk (KB)            :  1286           1    825748 
	   Memory (MB)          :  4137        6144      6144 

	Job terminated of its own accord at 2022-01-31T14:58:42Z.
...
000 (85212.000.000) 2022-02-04 10:27:48 Job submitted from host: <194.36.1.200:9618?addrs=194.36.1.200-9618&alias=hex.ppe.gla.ac.uk&noUDP&sock=schedd_1448_c939>
...
040 (85212.000.000) 2022-02-04 10:37:28 Started transferring input files
	Transferring to host: <192.168.16.103:9618?addrs=192.168.16.103-9618&alias=condor-h16-03.ppe.cluster&noUDP&sock=slot1_5_1926_ca87_33837>
...
040 (85212.000.000) 2022-02-04 10:37:28 Finished transferring input files
...
001 (85212.000.000) 2022-02-04 10:37:29 Job executing on host: <192.168.16.103:9618?addrs=192.168.16.103-9618&alias=condor-h16-03.ppe.cluster&noUDP&sock=startd_2362_b6c9>
...
006 (85212.000.000) 2022-02-04 10:37:38 Image size of job updated: 534032
	165  -  MemoryUsage of job (MB)
	168496  -  ResidentSetSize of job (KB)
...
006 (85212.000.000) 2022-02-04 10:39:32 Image size of job updated: 820500
	165  -  MemoryUsage of job (MB)
	168496  -  ResidentSetSize of job (KB)
...
040 (85212.000.000) 2022-02-04 10:39:32 Started transferring output files
...
040 (85212.000.000) 2022-02-04 10:39:32 Finished transferring output files
...
005 (85212.000.000) 2022-02-04 10:39:32 Job terminated.
	(1) Normal termination (return value 0)
		Usr 0 00:01:59, Sys 0 00:00:01  -  Run Remote Usage
		Usr 0 00:00:00, Sys 0 00:00:00  -  Run Local Usage
		Usr 0 00:01:59, Sys 0 00:00:01  -  Total Remote Usage
		Usr 0 00:00:00, Sys 0 00:00:00  -  Total Local Usage
	507165  -  Run Bytes Sent By Job
	241  -  Run Bytes Received By Job
	507165  -  Total Bytes Sent By Job
	241  -  Total Bytes Received By Job
	Partitionable Resources :    Usage  Request Allocated 
	   Cpus                 :     1.00        1         1 
	   Disk (KB)            :   511           1    861476 
	   Memory (MB)          :   165        6144      6144 

	Job terminated of its own accord at 2022-02-04T10:39:32Z.
...
000 (85341.000.000) 2022-02-05 21:30:41 Job submitted from host: <194.36.1.200:9618?addrs=194.36.1.200-9618&alias=hex.ppe.gla.ac.uk&noUDP&sock=schedd_1448_c939>
...
040 (85341.000.000) 2022-02-05 21:39:01 Started transferring input files
	Transferring to host: <192.168.16.104:9618?addrs=192.168.16.104-9618&alias=condor-h16-04.ppe.cluster&noUDP&sock=slot1_6_31468_cd79_40119>
...
040 (85341.000.000) 2022-02-05 21:39:01 Finished transferring input files
...
001 (85341.000.000) 2022-02-05 21:39:02 Job executing on host: <192.168.16.104:9618?addrs=192.168.16.104-9618&alias=condor-h16-04.ppe.cluster&noUDP&sock=startd_2491_3281>
...
006 (85341.000.000) 2022-02-05 21:39:10 Image size of job updated: 167124
	163  -  MemoryUsage of job (MB)
	166792  -  ResidentSetSize of job (KB)
...
006 (85341.000.000) 2022-02-05 21:44:10 Image size of job updated: 1599048
	869  -  MemoryUsage of job (MB)
	889036  -  ResidentSetSize of job (KB)
...
006 (85341.000.000) 2022-02-05 21:49:11 Image size of job updated: 2686624
	1552  -  MemoryUsage of job (MB)
	1588236  -  ResidentSetSize of job (KB)
...
006 (85341.000.000) 2022-02-05 21:54:12 Image size of job updated: 3777604
	2202  -  MemoryUsage of job (MB)
	2253952  -  ResidentSetSize of job (KB)
...
006 (85341.000.000) 2022-02-05 21:59:12 Image size of job updated: 5404576
	2765  -  MemoryUsage of job (MB)
	2831348  -  ResidentSetSize of job (KB)
...
006 (85341.000.000) 2022-02-05 22:09:14 Image size of job updated: 7035432
	2801  -  MemoryUsage of job (MB)
	2867576  -  ResidentSetSize of job (KB)
...
006 (85341.000.000) 2022-02-05 22:14:14 Image size of job updated: 8116776
	3036  -  MemoryUsage of job (MB)
	3108184  -  ResidentSetSize of job (KB)
...
006 (85341.000.000) 2022-02-05 22:19:14 Image size of job updated: 8116776
	3687  -  MemoryUsage of job (MB)
	3775412  -  ResidentSetSize of job (KB)
...
040 (85341.000.000) 2022-02-05 22:33:25 Started transferring output files
...
040 (85341.000.000) 2022-02-05 22:33:25 Finished transferring output files
...
005 (85341.000.000) 2022-02-05 22:33:25 Job terminated.
	(1) Normal termination (return value 0)
		Usr 0 00:45:46, Sys 0 00:00:49  -  Run Remote Usage
		Usr 0 00:00:00, Sys 0 00:00:00  -  Run Local Usage
		Usr 0 00:45:46, Sys 0 00:00:49  -  Total Remote Usage
		Usr 0 00:00:00, Sys 0 00:00:00  -  Total Local Usage
	1302000  -  Run Bytes Sent By Job
	241  -  Run Bytes Received By Job
	1302000  -  Total Bytes Sent By Job
	241  -  Total Bytes Received By Job
	Partitionable Resources :    Usage  Request Allocated 
	   Cpus                 :     1.00        1         1 
	   Disk (KB)            :  1287           1    861476 
	   Memory (MB)          :  3687        6144      6144 

	Job terminated of its own accord at 2022-02-05T22:33:25Z.
...
000 (233563.000.000) 2022-02-19 12:03:01 Job submitted from host: <194.36.1.200:9618?addrs=194.36.1.200-9618&alias=hex.ppe.gla.ac.uk&noUDP&sock=schedd_1448_c939>
...
040 (233563.000.000) 2022-02-19 12:03:21 Started transferring input files
	Transferring to host: <192.168.16.101:9618?addrs=192.168.16.101-9618&alias=condor-h16-01.ppe.cluster&noUDP&sock=slot1_6_17226_0676_87361>
...
040 (233563.000.000) 2022-02-19 12:03:21 Finished transferring input files
...
001 (233563.000.000) 2022-02-19 12:03:22 Job executing on host: <192.168.16.101:9618?addrs=192.168.16.101-9618&alias=condor-h16-01.ppe.cluster&noUDP&sock=startd_2281_279d>
...
006 (233563.000.000) 2022-02-19 12:03:30 Image size of job updated: 507276
	158  -  MemoryUsage of job (MB)
	161736  -  ResidentSetSize of job (KB)
...
006 (233563.000.000) 2022-02-19 12:08:30 Image size of job updated: 1599048
	823  -  MemoryUsage of job (MB)
	842372  -  ResidentSetSize of job (KB)
...
006 (233563.000.000) 2022-02-19 12:13:30 Image size of job updated: 2145184
	1477  -  MemoryUsage of job (MB)
	1512100  -  ResidentSetSize of job (KB)
...
006 (233563.000.000) 2022-02-19 12:18:31 Image size of job updated: 4314508
	2084  -  MemoryUsage of job (MB)
	2133116  -  ResidentSetSize of job (KB)
...
006 (233563.000.000) 2022-02-19 12:23:32 Image size of job updated: 4314508
	2698  -  MemoryUsage of job (MB)
	2761744  -  ResidentSetSize of job (KB)
...
006 (233563.000.000) 2022-02-19 12:28:32 Image size of job updated: 4868508
	3314  -  MemoryUsage of job (MB)
	3392644  -  ResidentSetSize of job (KB)
...
006 (233563.000.000) 2022-02-19 12:33:32 Image size of job updated: 8116776
	3822  -  MemoryUsage of job (MB)
	3912820  -  ResidentSetSize of job (KB)
...
006 (233563.000.000) 2022-02-19 12:38:33 Image size of job updated: 8116776
	4310  -  MemoryUsage of job (MB)
	4412636  -  ResidentSetSize of job (KB)
...
006 (233563.000.000) 2022-02-19 12:43:34 Image size of job updated: 8116776
	4310  -  MemoryUsage of job (MB)
	4412644  -  ResidentSetSize of job (KB)
...
040 (233563.000.000) 2022-02-19 12:53:54 Started transferring output files
...
040 (233563.000.000) 2022-02-19 12:53:54 Finished transferring output files
...
005 (233563.000.000) 2022-02-19 12:53:54 Job terminated.
	(1) Normal termination (return value 0)
		Usr 0 00:49:27, Sys 0 00:00:56  -  Run Remote Usage
		Usr 0 00:00:00, Sys 0 00:00:00  -  Run Local Usage
		Usr 0 00:49:27, Sys 0 00:00:56  -  Total Remote Usage
		Usr 0 00:00:00, Sys 0 00:00:00  -  Total Local Usage
	1297875  -  Run Bytes Sent By Job
	241  -  Run Bytes Received By Job
	1297875  -  Total Bytes Sent By Job
	241  -  Total Bytes Received By Job
	Partitionable Resources :    Usage  Request Allocated 
	   Cpus                 :     0.99        1         1 
	   Disk (KB)            :  1283           1    864796 
	   Memory (MB)          :  4310        6144      6144 

	Job terminated of its own accord at 2022-02-19T12:53:53Z.
...
000 (326017.000.000) 2022-02-28 19:39:42 Job submitted from host: <194.36.1.200:9618?addrs=194.36.1.200-9618&alias=hex.ppe.gla.ac.uk&noUDP&sock=schedd_1448_c939>
...
040 (326017.000.000) 2022-02-28 19:48:04 Started transferring input files
	Transferring to host: <192.168.16.111:9618?addrs=192.168.16.111-9618&alias=condor-d19-01.ppe.cluster&noUDP&sock=slot1_5_191214_4f99_263285>
...
040 (326017.000.000) 2022-02-28 19:48:04 Finished transferring input files
...
001 (326017.000.000) 2022-02-28 19:48:05 Job executing on host: <192.168.16.111:9618?addrs=192.168.16.111-9618&alias=condor-d19-01.ppe.cluster&noUDP&sock=startd_9802_ef68>
...
006 (326017.000.000) 2022-02-28 19:48:14 Image size of job updated: 162056
	159  -  MemoryUsage of job (MB)
	162056  -  ResidentSetSize of job (KB)
...
006 (326017.000.000) 2022-02-28 19:50:39 Image size of job updated: 859052
	159  -  MemoryUsage of job (MB)
	162056  -  ResidentSetSize of job (KB)
...
040 (326017.000.000) 2022-02-28 19:50:39 Started transferring output files
...
040 (326017.000.000) 2022-02-28 19:50:39 Finished transferring output files
...
005 (326017.000.000) 2022-02-28 19:50:39 Job terminated.
	(1) Normal termination (return value 0)
		Usr 0 00:02:31, Sys 0 00:00:01  -  Run Remote Usage
		Usr 0 00:00:00, Sys 0 00:00:00  -  Run Local Usage
		Usr 0 00:02:31, Sys 0 00:00:01  -  Total Remote Usage
		Usr 0 00:00:00, Sys 0 00:00:00  -  Total Local Usage
	507320  -  Run Bytes Sent By Job
	241  -  Run Bytes Received By Job
	507320  -  Total Bytes Sent By Job
	241  -  Total Bytes Received By Job
	Partitionable Resources :    Usage  Request Allocated 
	   Cpus                 :                 1         1 
	   Disk (KB)            :      506        1    825748 
	   Memory (MB)          :      159     6144      6144 

	Job terminated of its own accord at 2022-02-28T19:50:39Z.
...
000 (351919.000.000) 2022-03-01 15:36:49 Job submitted from host: <194.36.1.200:9618?addrs=194.36.1.200-9618&alias=hex.ppe.gla.ac.uk&noUDP&sock=schedd_1448_c939>
...
040 (351919.000.000) 2022-03-01 15:37:09 Started transferring input files
	Transferring to host: <192.168.16.101:9618?addrs=192.168.16.101-9618&alias=condor-h16-01.ppe.cluster&noUDP&sock=slot1_3_17226_0676_112510>
...
040 (351919.000.000) 2022-03-01 15:37:09 Finished transferring input files
...
001 (351919.000.000) 2022-03-01 15:37:10 Job executing on host: <192.168.16.101:9618?addrs=192.168.16.101-9618&alias=condor-h16-01.ppe.cluster&noUDP&sock=startd_2281_279d>
...
006 (351919.000.000) 2022-03-01 15:37:19 Image size of job updated: 168720
	165  -  MemoryUsage of job (MB)
	168720  -  ResidentSetSize of job (KB)
...
006 (351919.000.000) 2022-03-01 15:38:55 Image size of job updated: 825320
	165  -  MemoryUsage of job (MB)
	168720  -  ResidentSetSize of job (KB)
...
040 (351919.000.000) 2022-03-01 15:38:55 Started transferring output files
...
040 (351919.000.000) 2022-03-01 15:38:55 Finished transferring output files
...
005 (351919.000.000) 2022-03-01 15:38:55 Job terminated.
	(1) Normal termination (return value 0)
		Usr 0 00:01:41, Sys 0 00:00:01  -  Run Remote Usage
		Usr 0 00:00:00, Sys 0 00:00:00  -  Run Local Usage
		Usr 0 00:01:41, Sys 0 00:00:01  -  Total Remote Usage
		Usr 0 00:00:00, Sys 0 00:00:00  -  Total Local Usage
	506208  -  Run Bytes Sent By Job
	241  -  Run Bytes Received By Job
	506208  -  Total Bytes Sent By Job
	241  -  Total Bytes Received By Job
	Partitionable Resources :    Usage  Request Allocated 
	   Cpus                 :                 1         1 
	   Disk (KB)            :      504        1    864796 
	   Memory (MB)          :      165     6144      6144 

	Job terminated of its own accord at 2022-03-01T15:38:55Z.
...
000 (352033.000.000) 2022-03-02 17:14:06 Job submitted from host: <194.36.1.200:9618?addrs=194.36.1.200-9618&alias=hex.ppe.gla.ac.uk&noUDP&sock=schedd_1448_c939>
...
040 (352033.000.000) 2022-03-02 17:14:11 Started transferring input files
	Transferring to host: <192.168.16.112:9618?addrs=192.168.16.112-9618&alias=condor-d19-02.ppe.cluster&noUDP&sock=slot1_5_271865_3c88_265292>
...
040 (352033.000.000) 2022-03-02 17:14:11 Finished transferring input files
...
001 (352033.000.000) 2022-03-02 17:14:12 Job executing on host: <192.168.16.112:9618?addrs=192.168.16.112-9618&alias=condor-d19-02.ppe.cluster&noUDP&sock=startd_9793_c30d>
...
006 (352033.000.000) 2022-03-02 17:14:21 Image size of job updated: 180124
	163  -  MemoryUsage of job (MB)
	166772  -  ResidentSetSize of job (KB)
...
006 (352033.000.000) 2022-03-02 17:19:22 Image size of job updated: 1599548
	991  -  MemoryUsage of job (MB)
	1014292  -  ResidentSetSize of job (KB)
...
006 (352033.000.000) 2022-03-02 17:24:22 Image size of job updated: 2956176
	1706  -  MemoryUsage of job (MB)
	1746144  -  ResidentSetSize of job (KB)
...
006 (352033.000.000) 2022-03-02 17:29:23 Image size of job updated: 3779688
	2409  -  MemoryUsage of job (MB)
	2466716  -  ResidentSetSize of job (KB)
...
006 (352033.000.000) 2022-03-02 17:34:24 Image size of job updated: 4866700
	3112  -  MemoryUsage of job (MB)
	3186280  -  ResidentSetSize of job (KB)
...
006 (352033.000.000) 2022-03-02 17:39:24 Image size of job updated: 7035404
	3770  -  MemoryUsage of job (MB)
	3860444  -  ResidentSetSize of job (KB)
...
006 (352033.000.000) 2022-03-02 17:44:24 Image size of job updated: 7221580
	3770  -  MemoryUsage of job (MB)
	3860460  -  ResidentSetSize of job (KB)
...
040 (352033.000.000) 2022-03-02 17:53:35 Started transferring output files
...
040 (352033.000.000) 2022-03-02 17:53:35 Finished transferring output files
...
005 (352033.000.000) 2022-03-02 17:53:35 Job terminated.
	(1) Normal termination (return value 0)
		Usr 0 00:38:39, Sys 0 00:00:34  -  Run Remote Usage
		Usr 0 00:00:00, Sys 0 00:00:00  -  Run Local Usage
		Usr 0 00:38:39, Sys 0 00:00:34  -  Total Remote Usage
		Usr 0 00:00:00, Sys 0 00:00:00  -  Total Local Usage
	1300521  -  Run Bytes Sent By Job
	241  -  Run Bytes Received By Job
	1300521  -  Total Bytes Sent By Job
	241  -  Total Bytes Received By Job
	Partitionable Resources :    Usage  Request Allocated 
	   Cpus                 :     1.00        1         1 
	   Disk (KB)            :  1285           1    825748 
	   Memory (MB)          :  3770        6144      6144 

	Job terminated of its own accord at 2022-03-02T17:53:35Z.
...
000 (508334.000.000) 2022-03-17 18:54:28 Job submitted from host: <194.36.1.200:9618?addrs=194.36.1.200-9618&alias=hex.ppe.gla.ac.uk&noUDP&sock=schedd_1448_c939>
...
040 (508334.000.000) 2022-03-17 18:54:49 Started transferring input files
	Transferring to host: <192.168.16.103:9618?addrs=192.168.16.103-9618&alias=condor-h16-03.ppe.cluster&noUDP&sock=slot1_2_18994_bdbd_969>
...
040 (508334.000.000) 2022-03-17 18:54:49 Finished transferring input files
...
001 (508334.000.000) 2022-03-17 18:54:50 Job executing on host: <192.168.16.103:9618?addrs=192.168.16.103-9618&alias=condor-h16-03.ppe.cluster&noUDP&sock=startd_2362_b6c9>
...
006 (508334.000.000) 2022-03-17 18:54:58 Image size of job updated: 371744
	161  -  MemoryUsage of job (MB)
	164272  -  ResidentSetSize of job (KB)
...
006 (508334.000.000) 2022-03-17 18:59:58 Image size of job updated: 1599868
	925  -  MemoryUsage of job (MB)
	946888  -  ResidentSetSize of job (KB)
...
006 (508334.000.000) 2022-03-17 19:05:00 Image size of job updated: 2690292
	1680  -  MemoryUsage of job (MB)
	1719860  -  ResidentSetSize of job (KB)
...
006 (508334.000.000) 2022-03-17 19:10:00 Image size of job updated: 3780004
	2398  -  MemoryUsage of job (MB)
	2455188  -  ResidentSetSize of job (KB)
...
006 (508334.000.000) 2022-03-17 19:15:00 Image size of job updated: 4867016
	3095  -  MemoryUsage of job (MB)
	3169208  -  ResidentSetSize of job (KB)
...
006 (508334.000.000) 2022-03-17 19:20:01 Image size of job updated: 4873036
	3725  -  MemoryUsage of job (MB)
	3814188  -  ResidentSetSize of job (KB)
...
006 (508334.000.000) 2022-03-17 19:25:02 Image size of job updated: 8117072
	4335  -  MemoryUsage of job (MB)
	4438656  -  ResidentSetSize of job (KB)
...
006 (508334.000.000) 2022-03-17 19:30:02 Image size of job updated: 8117072
	4335  -  MemoryUsage of job (MB)
	4438660  -  ResidentSetSize of job (KB)
...
040 (508334.000.000) 2022-03-17 19:36:32 Started transferring output files
...
040 (508334.000.000) 2022-03-17 19:36:32 Finished transferring output files
...
005 (508334.000.000) 2022-03-17 19:36:32 Job terminated.
	(1) Normal termination (return value 0)
		Usr 0 00:41:09, Sys 0 00:00:28  -  Run Remote Usage
		Usr 0 00:00:00, Sys 0 00:00:00  -  Run Local Usage
		Usr 0 00:41:09, Sys 0 00:00:28  -  Total Remote Usage
		Usr 0 00:00:00, Sys 0 00:00:00  -  Total Local Usage
	1290357  -  Run Bytes Sent By Job
	241  -  Run Bytes Received By Job
	1290357  -  Total Bytes Sent By Job
	241  -  Total Bytes Received By Job
	Partitionable Resources :    Usage  Request Allocated 
	   Cpus                 :     0.98        1         1 
	   Disk (KB)            :  1275           1    861476 
	   Memory (MB)          :  4335        6144      6144 

	Job terminated of its own accord at 2022-03-17T19:36:32Z.
...
000 (508597.000.000) 2022-04-06 12:58:54 Job submitted from host: <194.36.1.200:9618?addrs=194.36.1.200-9618&alias=hex.ppe.gla.ac.uk&noUDP&sock=schedd_1448_c939>
...
040 (508597.000.000) 2022-04-06 12:58:59 Started transferring input files
	Transferring to host: <192.168.16.114:9618?addrs=192.168.16.114-9618&alias=condor-d19-04.ppe.cluster&noUDP&sock=slot1_2_16667_28bf_7947>
...
040 (508597.000.000) 2022-04-06 12:58:59 Finished transferring input files
...
001 (508597.000.000) 2022-04-06 12:59:00 Job executing on host: <192.168.16.114:9618?addrs=192.168.16.114-9618&alias=condor-d19-04.ppe.cluster&noUDP&sock=startd_2652_a140>
...
006 (508597.000.000) 2022-04-06 12:59:08 Image size of job updated: 206072
	181  -  MemoryUsage of job (MB)
	184868  -  ResidentSetSize of job (KB)
...
006 (508597.000.000) 2022-04-06 13:04:08 Image size of job updated: 2141792
	1084  -  MemoryUsage of job (MB)
	1109524  -  ResidentSetSize of job (KB)
...
006 (508597.000.000) 2022-04-06 13:09:09 Image size of job updated: 2692804
	1959  -  MemoryUsage of job (MB)
	2005168  -  ResidentSetSize of job (KB)
...
006 (508597.000.000) 2022-04-06 13:14:10 Image size of job updated: 3782868
	2792  -  MemoryUsage of job (MB)
	2858660  -  ResidentSetSize of job (KB)
...
006 (508597.000.000) 2022-04-06 13:19:10 Image size of job updated: 4871336
	3566  -  MemoryUsage of job (MB)
	3650956  -  ResidentSetSize of job (KB)
...
006 (508597.000.000) 2022-04-06 13:24:11 Image size of job updated: 7043448
	4293  -  MemoryUsage of job (MB)
	4395648  -  ResidentSetSize of job (KB)
...
006 (508597.000.000) 2022-04-06 13:29:12 Image size of job updated: 7221916
	4293  -  MemoryUsage of job (MB)
	4395656  -  ResidentSetSize of job (KB)
...
040 (508597.000.000) 2022-04-06 13:34:08 Started transferring output files
...
040 (508597.000.000) 2022-04-06 13:34:08 Finished transferring output files
...
005 (508597.000.000) 2022-04-06 13:34:08 Job terminated.
	(1) Normal termination (return value 0)
		Usr 0 00:34:43, Sys 0 00:00:17  -  Run Remote Usage
		Usr 0 00:00:00, Sys 0 00:00:00  -  Run Local Usage
		Usr 0 00:34:43, Sys 0 00:00:17  -  Total Remote Usage
		Usr 0 00:00:00, Sys 0 00:00:00  -  Total Local Usage
	1300814  -  Run Bytes Sent By Job
	241  -  Run Bytes Received By Job
	1300814  -  Total Bytes Sent By Job
	241  -  Total Bytes Received By Job
	Partitionable Resources :    Usage  Request Allocated 
	   Cpus                 :     1.00        1         1 
	   Disk (KB)            :  1286           1   3637421 
	   Memory (MB)          :  4293        6144      6144 

	Job terminated of its own accord at 2022-04-06T12:34:08Z.
...
