000 (39214.000.000) 2021-07-21 04:17:07 Job submitted from host: <194.36.1.200:9618?addrs=194.36.1.200-9618&alias=hex.ppe.gla.ac.uk&noUDP&sock=schedd_1401_8c46>
...
040 (39214.000.000) 2021-07-21 04:17:27 Started transferring input files
	Transferring to host: <192.168.16.113:9618?addrs=192.168.16.113-9618&alias=condor-d19-03.ppe.cluster&noUDP&sock=slot1_1_26289_ba86_725>
...
040 (39214.000.000) 2021-07-21 04:17:27 Finished transferring input files
...
001 (39214.000.000) 2021-07-21 04:17:28 Job executing on host: <192.168.16.113:9618?addrs=192.168.16.113-9618&alias=condor-d19-03.ppe.cluster&noUDP&sock=startd_2634_488c>
...
006 (39214.000.000) 2021-07-21 04:17:38 Image size of job updated: 509784
	185  -  MemoryUsage of job (MB)
	188448  -  ResidentSetSize of job (KB)
...
006 (39214.000.000) 2021-07-21 04:22:38 Image size of job updated: 2142380
	1087  -  MemoryUsage of job (MB)
	1112516  -  ResidentSetSize of job (KB)
...
006 (39214.000.000) 2021-07-21 04:27:38 Image size of job updated: 3775188
	1995  -  MemoryUsage of job (MB)
	2041964  -  ResidentSetSize of job (KB)
...
006 (39214.000.000) 2021-07-21 04:32:39 Image size of job updated: 4863800
	2850  -  MemoryUsage of job (MB)
	2918060  -  ResidentSetSize of job (KB)
...
006 (39214.000.000) 2021-07-21 04:37:40 Image size of job updated: 4871356
	3623  -  MemoryUsage of job (MB)
	3709516  -  ResidentSetSize of job (KB)
...
006 (39214.000.000) 2021-07-21 04:42:40 Image size of job updated: 7044292
	4353  -  MemoryUsage of job (MB)
	4457036  -  ResidentSetSize of job (KB)
...
006 (39214.000.000) 2021-07-21 04:47:41 Image size of job updated: 7221040
	4353  -  MemoryUsage of job (MB)
	4457036  -  ResidentSetSize of job (KB)
...
040 (39214.000.000) 2021-07-21 04:50:20 Started transferring output files
...
040 (39214.000.000) 2021-07-21 04:50:20 Finished transferring output files
...
005 (39214.000.000) 2021-07-21 04:50:20 Job terminated.
	(1) Normal termination (return value 1)
		Usr 0 00:32:30, Sys 0 00:00:12  -  Run Remote Usage
		Usr 0 00:00:00, Sys 0 00:00:00  -  Run Local Usage
		Usr 0 00:32:30, Sys 0 00:00:12  -  Total Remote Usage
		Usr 0 00:00:00, Sys 0 00:00:00  -  Total Local Usage
	38910  -  Run Bytes Sent By Job
	241  -  Run Bytes Received By Job
	38910  -  Total Bytes Sent By Job
	241  -  Total Bytes Received By Job
	Partitionable Resources :    Usage  Request Allocated 
	   Cpus                 :     1.00        1         1 
	   Disk (KB)            :    53           1   3637421 
	   Memory (MB)          :  4353        6144      6144 

	Job terminated of its own accord at 2021-07-21T03:50:20Z.
...
000 (39651.000.000) 2021-07-23 01:23:31 Job submitted from host: <194.36.1.200:9618?addrs=194.36.1.200-9618&alias=hex.ppe.gla.ac.uk&noUDP&sock=schedd_1401_8c46>
...
040 (39651.000.000) 2021-07-23 01:23:37 Started transferring input files
	Transferring to host: <192.168.16.121:9618?addrs=192.168.16.121-9618&alias=condor-d20-01.ppe.cluster&noUDP&sock=slot1_1_40472_ef67_845>
...
040 (39651.000.000) 2021-07-23 01:23:37 Finished transferring input files
...
001 (39651.000.000) 2021-07-23 01:23:38 Job executing on host: <192.168.16.121:9618?addrs=192.168.16.121-9618&alias=condor-d20-01.ppe.cluster&noUDP&sock=startd_40545_137a>
...
006 (39651.000.000) 2021-07-23 01:23:47 Image size of job updated: 202904
	184  -  MemoryUsage of job (MB)
	187648  -  ResidentSetSize of job (KB)
...
006 (39651.000.000) 2021-07-23 01:28:48 Image size of job updated: 1600704
	1070  -  MemoryUsage of job (MB)
	1095620  -  ResidentSetSize of job (KB)
...
006 (39651.000.000) 2021-07-23 01:33:48 Image size of job updated: 2692388
	1926  -  MemoryUsage of job (MB)
	1971336  -  ResidentSetSize of job (KB)
...
006 (39651.000.000) 2021-07-23 01:38:48 Image size of job updated: 3781976
	2777  -  MemoryUsage of job (MB)
	2843272  -  ResidentSetSize of job (KB)
...
006 (39651.000.000) 2021-07-23 01:43:49 Image size of job updated: 4870452
	3552  -  MemoryUsage of job (MB)
	3636816  -  ResidentSetSize of job (KB)
...
006 (39651.000.000) 2021-07-23 01:48:49 Image size of job updated: 7042644
	4273  -  MemoryUsage of job (MB)
	4375324  -  ResidentSetSize of job (KB)
...
006 (39651.000.000) 2021-07-23 01:53:49 Image size of job updated: 7221040
	4273  -  MemoryUsage of job (MB)
	4375324  -  ResidentSetSize of job (KB)
...
040 (39651.000.000) 2021-07-23 01:57:15 Started transferring output files
...
040 (39651.000.000) 2021-07-23 01:57:15 Finished transferring output files
...
005 (39651.000.000) 2021-07-23 01:57:15 Job terminated.
	(1) Normal termination (return value 1)
		Usr 0 00:33:07, Sys 0 00:00:12  -  Run Remote Usage
		Usr 0 00:00:00, Sys 0 00:00:00  -  Run Local Usage
		Usr 0 00:33:07, Sys 0 00:00:12  -  Total Remote Usage
		Usr 0 00:00:00, Sys 0 00:00:00  -  Total Local Usage
	38931  -  Run Bytes Sent By Job
	241  -  Run Bytes Received By Job
	38931  -  Total Bytes Sent By Job
	241  -  Total Bytes Received By Job
	Partitionable Resources :    Usage  Request Allocated 
	   Cpus                 :     0.99        1         1 
	   Disk (KB)            :    53           1   3637421 
	   Memory (MB)          :  4273        6144      6144 

	Job terminated of its own accord at 2021-07-23T00:57:15Z.
...
000 (40053.000.000) 2021-07-25 11:07:47 Job submitted from host: <194.36.1.200:9618?addrs=194.36.1.200-9618&alias=hex.ppe.gla.ac.uk&noUDP&sock=schedd_1401_8c46>
...
040 (40053.000.000) 2021-07-25 11:07:53 Started transferring input files
	Transferring to host: <192.168.16.121:9618?addrs=192.168.16.121-9618&alias=condor-d20-01.ppe.cluster&noUDP&sock=slot1_1_40472_ef67_925>
...
040 (40053.000.000) 2021-07-25 11:07:53 Finished transferring input files
...
001 (40053.000.000) 2021-07-25 11:07:54 Job executing on host: <192.168.16.121:9618?addrs=192.168.16.121-9618&alias=condor-d20-01.ppe.cluster&noUDP&sock=startd_40545_137a>
...
006 (40053.000.000) 2021-07-25 11:08:03 Image size of job updated: 202444
	185  -  MemoryUsage of job (MB)
	189420  -  ResidentSetSize of job (KB)
...
006 (40053.000.000) 2021-07-25 11:13:04 Image size of job updated: 1600712
	1085  -  MemoryUsage of job (MB)
	1111032  -  ResidentSetSize of job (KB)
...
006 (40053.000.000) 2021-07-25 11:18:04 Image size of job updated: 2692396
	1954  -  MemoryUsage of job (MB)
	1999892  -  ResidentSetSize of job (KB)
...
006 (40053.000.000) 2021-07-25 11:23:04 Image size of job updated: 3782460
	2793  -  MemoryUsage of job (MB)
	2859704  -  ResidentSetSize of job (KB)
...
006 (40053.000.000) 2021-07-25 11:28:05 Image size of job updated: 4870928
	3560  -  MemoryUsage of job (MB)
	3645300  -  ResidentSetSize of job (KB)
...
006 (40053.000.000) 2021-07-25 11:33:06 Image size of job updated: 7042652
	4284  -  MemoryUsage of job (MB)
	4386644  -  ResidentSetSize of job (KB)
...
006 (40053.000.000) 2021-07-25 11:38:06 Image size of job updated: 7221044
	4284  -  MemoryUsage of job (MB)
	4386644  -  ResidentSetSize of job (KB)
...
040 (40053.000.000) 2021-07-25 11:43:04 Started transferring output files
...
040 (40053.000.000) 2021-07-25 11:43:04 Finished transferring output files
...
005 (40053.000.000) 2021-07-25 11:43:04 Job terminated.
	(1) Normal termination (return value 0)
		Usr 0 00:34:56, Sys 0 00:00:09  -  Run Remote Usage
		Usr 0 00:00:00, Sys 0 00:00:00  -  Run Local Usage
		Usr 0 00:34:56, Sys 0 00:00:09  -  Total Remote Usage
		Usr 0 00:00:00, Sys 0 00:00:00  -  Total Local Usage
	483207  -  Run Bytes Sent By Job
	241  -  Run Bytes Received By Job
	483207  -  Total Bytes Sent By Job
	241  -  Total Bytes Received By Job
	Partitionable Resources :    Usage  Request Allocated 
	   Cpus                 :     1.00        1         1 
	   Disk (KB)            :   487           1   3637421 
	   Memory (MB)          :  4284        6144      6144 

	Job terminated of its own accord at 2021-07-25T10:43:04Z.
...
000 (41167.000.000) 2021-07-29 12:22:29 Job submitted from host: <194.36.1.200:9618?addrs=194.36.1.200-9618&alias=hex.ppe.gla.ac.uk&noUDP&sock=schedd_1401_8c46>
...
040 (41167.000.000) 2021-07-29 12:22:49 Started transferring input files
	Transferring to host: <192.168.16.113:9618?addrs=192.168.16.113-9618&alias=condor-d19-03.ppe.cluster&noUDP&sock=slot1_1_27242_340d_47>
...
040 (41167.000.000) 2021-07-29 12:22:49 Finished transferring input files
...
001 (41167.000.000) 2021-07-29 12:22:50 Job executing on host: <192.168.16.113:9618?addrs=192.168.16.113-9618&alias=condor-d19-03.ppe.cluster&noUDP&sock=startd_2634_488c>
...
006 (41167.000.000) 2021-07-29 12:22:59 Image size of job updated: 199740
	186  -  MemoryUsage of job (MB)
	190416  -  ResidentSetSize of job (KB)
...
006 (41167.000.000) 2021-07-29 12:23:22 Image size of job updated: 754236
	186  -  MemoryUsage of job (MB)
	190416  -  ResidentSetSize of job (KB)
...
040 (41167.000.000) 2021-07-29 12:23:22 Started transferring output files
...
040 (41167.000.000) 2021-07-29 12:23:22 Finished transferring output files
...
005 (41167.000.000) 2021-07-29 12:23:22 Job terminated.
	(1) Normal termination (return value 134)
		Usr 0 00:00:28, Sys 0 00:00:01  -  Run Remote Usage
		Usr 0 00:00:00, Sys 0 00:00:00  -  Run Local Usage
		Usr 0 00:00:28, Sys 0 00:00:01  -  Total Remote Usage
		Usr 0 00:00:00, Sys 0 00:00:00  -  Total Local Usage
	10557  -  Run Bytes Sent By Job
	241  -  Run Bytes Received By Job
	10557  -  Total Bytes Sent By Job
	241  -  Total Bytes Received By Job
	Partitionable Resources :    Usage  Request Allocated 
	   Cpus                 :     0.79        1         1 
	   Disk (KB)            :    26           1   3637421 
	   Memory (MB)          :   186        6144      6144 

	Job terminated of its own accord at 2021-07-29T11:23:22Z.
...
000 (41268.000.000) 2021-07-29 14:17:41 Job submitted from host: <194.36.1.200:9618?addrs=194.36.1.200-9618&alias=hex.ppe.gla.ac.uk&noUDP&sock=schedd_1401_8c46>
...
040 (41268.000.000) 2021-07-29 14:18:01 Started transferring input files
	Transferring to host: <192.168.16.113:9618?addrs=192.168.16.113-9618&alias=condor-d19-03.ppe.cluster&noUDP&sock=slot1_1_27242_340d_60>
...
040 (41268.000.000) 2021-07-29 14:18:01 Finished transferring input files
...
001 (41268.000.000) 2021-07-29 14:18:02 Job executing on host: <192.168.16.113:9618?addrs=192.168.16.113-9618&alias=condor-d19-03.ppe.cluster&noUDP&sock=startd_2634_488c>
...
006 (41268.000.000) 2021-07-29 14:18:11 Image size of job updated: 216164
	195  -  MemoryUsage of job (MB)
	199412  -  ResidentSetSize of job (KB)
...
006 (41268.000.000) 2021-07-29 14:19:58 Image size of job updated: 858588
	195  -  MemoryUsage of job (MB)
	199412  -  ResidentSetSize of job (KB)
...
040 (41268.000.000) 2021-07-29 14:19:58 Started transferring output files
...
040 (41268.000.000) 2021-07-29 14:19:58 Finished transferring output files
...
005 (41268.000.000) 2021-07-29 14:19:58 Job terminated.
	(1) Normal termination (return value 0)
		Usr 0 00:01:52, Sys 0 00:00:01  -  Run Remote Usage
		Usr 0 00:00:00, Sys 0 00:00:00  -  Run Local Usage
		Usr 0 00:01:52, Sys 0 00:00:01  -  Total Remote Usage
		Usr 0 00:00:00, Sys 0 00:00:00  -  Total Local Usage
	486006  -  Run Bytes Sent By Job
	241  -  Run Bytes Received By Job
	486006  -  Total Bytes Sent By Job
	241  -  Total Bytes Received By Job
	Partitionable Resources :    Usage  Request Allocated 
	   Cpus                 :     0.02        1         1 
	   Disk (KB)            :   490           1   3637421 
	   Memory (MB)          :   195        6144      6144 

	Job terminated of its own accord at 2021-07-29T13:19:58Z.
...
000 (41504.000.000) 2021-07-30 22:55:29 Job submitted from host: <194.36.1.200:9618?addrs=194.36.1.200-9618&alias=hex.ppe.gla.ac.uk&noUDP&sock=schedd_1401_8c46>
...
040 (41504.000.000) 2021-07-30 22:55:49 Started transferring input files
	Transferring to host: <192.168.16.114:9618?addrs=192.168.16.114-9618&alias=condor-d19-04.ppe.cluster&noUDP&sock=slot1_1_34819_e2a1_20>
...
040 (41504.000.000) 2021-07-30 22:55:49 Finished transferring input files
...
001 (41504.000.000) 2021-07-30 22:55:50 Job executing on host: <192.168.16.114:9618?addrs=192.168.16.114-9618&alias=condor-d19-04.ppe.cluster&noUDP&sock=startd_2633_98f3>
...
006 (41504.000.000) 2021-07-30 22:55:58 Image size of job updated: 205136
	183  -  MemoryUsage of job (MB)
	187204  -  ResidentSetSize of job (KB)
...
006 (41504.000.000) 2021-07-30 23:00:58 Image size of job updated: 2141388
	1080  -  MemoryUsage of job (MB)
	1105104  -  ResidentSetSize of job (KB)
...
006 (41504.000.000) 2021-07-30 23:05:58 Image size of job updated: 2692400
	1954  -  MemoryUsage of job (MB)
	2000136  -  ResidentSetSize of job (KB)
...
006 (41504.000.000) 2021-07-30 23:10:59 Image size of job updated: 3782464
	2789  -  MemoryUsage of job (MB)
	2855860  -  ResidentSetSize of job (KB)
...
006 (41504.000.000) 2021-07-30 23:16:00 Image size of job updated: 4870932
	3557  -  MemoryUsage of job (MB)
	3641552  -  ResidentSetSize of job (KB)
...
006 (41504.000.000) 2021-07-30 23:21:00 Image size of job updated: 7042656
	4272  -  MemoryUsage of job (MB)
	4373924  -  ResidentSetSize of job (KB)
...
006 (41504.000.000) 2021-07-30 23:26:01 Image size of job updated: 7254708
	4272  -  MemoryUsage of job (MB)
	4373924  -  ResidentSetSize of job (KB)
...
040 (41504.000.000) 2021-07-30 23:31:05 Started transferring output files
...
040 (41504.000.000) 2021-07-30 23:31:05 Finished transferring output files
...
005 (41504.000.000) 2021-07-30 23:31:05 Job terminated.
	(1) Normal termination (return value 0)
		Usr 0 00:34:55, Sys 0 00:00:10  -  Run Remote Usage
		Usr 0 00:00:00, Sys 0 00:00:00  -  Run Local Usage
		Usr 0 00:34:55, Sys 0 00:00:10  -  Total Remote Usage
		Usr 0 00:00:00, Sys 0 00:00:00  -  Total Local Usage
	485723  -  Run Bytes Sent By Job
	241  -  Run Bytes Received By Job
	485723  -  Total Bytes Sent By Job
	241  -  Total Bytes Received By Job
	Partitionable Resources :    Usage  Request Allocated 
	   Cpus                 :     1.00        1         1 
	   Disk (KB)            :   490           1   3637421 
	   Memory (MB)          :  4272        6144      6144 

	Job terminated of its own accord at 2021-07-30T22:31:05Z.
...
