000 (39218.000.000) 2021-07-21 04:17:07 Job submitted from host: <194.36.1.200:9618?addrs=194.36.1.200-9618&alias=hex.ppe.gla.ac.uk&noUDP&sock=schedd_1401_8c46>
...
040 (39218.000.000) 2021-07-21 04:17:27 Started transferring input files
	Transferring to host: <192.168.16.101:9618?addrs=192.168.16.101-9618&alias=condor-h16-01.ppe.cluster&noUDP&sock=slot1_4_21991_6617_302>
...
040 (39218.000.000) 2021-07-21 04:17:27 Finished transferring input files
...
001 (39218.000.000) 2021-07-21 04:17:28 Job executing on host: <192.168.16.101:9618?addrs=192.168.16.101-9618&alias=condor-h16-01.ppe.cluster&noUDP&sock=startd_2155_baae>
...
006 (39218.000.000) 2021-07-21 04:17:37 Image size of job updated: 189508
	186  -  MemoryUsage of job (MB)
	189508  -  ResidentSetSize of job (KB)
...
006 (39218.000.000) 2021-07-21 04:22:37 Image size of job updated: 1598952
	960  -  MemoryUsage of job (MB)
	982456  -  ResidentSetSize of job (KB)
...
006 (39218.000.000) 2021-07-21 04:27:37 Image size of job updated: 2689900
	1719  -  MemoryUsage of job (MB)
	1759416  -  ResidentSetSize of job (KB)
...
006 (39218.000.000) 2021-07-21 04:32:38 Image size of job updated: 3779612
	2439  -  MemoryUsage of job (MB)
	2496608  -  ResidentSetSize of job (KB)
...
006 (39218.000.000) 2021-07-21 04:37:39 Image size of job updated: 4866624
	3130  -  MemoryUsage of job (MB)
	3204200  -  ResidentSetSize of job (KB)
...
006 (39218.000.000) 2021-07-21 04:42:39 Image size of job updated: 4872240
	3753  -  MemoryUsage of job (MB)
	3842144  -  ResidentSetSize of job (KB)
...
006 (39218.000.000) 2021-07-21 04:47:40 Image size of job updated: 7044296
	4357  -  MemoryUsage of job (MB)
	4460632  -  ResidentSetSize of job (KB)
...
006 (39218.000.000) 2021-07-21 04:52:41 Image size of job updated: 7221044
	4357  -  MemoryUsage of job (MB)
	4460632  -  ResidentSetSize of job (KB)
...
040 (39218.000.000) 2021-07-21 04:56:49 Started transferring output files
...
040 (39218.000.000) 2021-07-21 04:56:49 Finished transferring output files
...
005 (39218.000.000) 2021-07-21 04:56:49 Job terminated.
	(1) Normal termination (return value 1)
		Usr 0 00:38:53, Sys 0 00:00:24  -  Run Remote Usage
		Usr 0 00:00:00, Sys 0 00:00:00  -  Run Local Usage
		Usr 0 00:38:53, Sys 0 00:00:24  -  Total Remote Usage
		Usr 0 00:00:00, Sys 0 00:00:00  -  Total Local Usage
	38910  -  Run Bytes Sent By Job
	241  -  Run Bytes Received By Job
	38910  -  Total Bytes Sent By Job
	241  -  Total Bytes Received By Job
	Partitionable Resources :    Usage  Request Allocated 
	   Cpus                 :     1.00        1         1 
	   Disk (KB)            :    53           1    864796 
	   Memory (MB)          :  4357        6144      6144 

	Job terminated of its own accord at 2021-07-21T03:56:49Z.
...
000 (39655.000.000) 2021-07-23 01:23:32 Job submitted from host: <194.36.1.200:9618?addrs=194.36.1.200-9618&alias=hex.ppe.gla.ac.uk&noUDP&sock=schedd_1401_8c46>
...
040 (39655.000.000) 2021-07-23 01:23:37 Started transferring input files
	Transferring to host: <192.168.16.113:9618?addrs=192.168.16.113-9618&alias=condor-d19-03.ppe.cluster&noUDP&sock=slot1_2_26289_ba86_785>
...
040 (39655.000.000) 2021-07-23 01:23:37 Finished transferring input files
...
001 (39655.000.000) 2021-07-23 01:23:38 Job executing on host: <192.168.16.113:9618?addrs=192.168.16.113-9618&alias=condor-d19-03.ppe.cluster&noUDP&sock=startd_2634_488c>
...
006 (39655.000.000) 2021-07-23 01:23:47 Image size of job updated: 206040
	185  -  MemoryUsage of job (MB)
	189120  -  ResidentSetSize of job (KB)
...
006 (39655.000.000) 2021-07-23 01:28:48 Image size of job updated: 2142380
	1104  -  MemoryUsage of job (MB)
	1130092  -  ResidentSetSize of job (KB)
...
006 (39655.000.000) 2021-07-23 01:33:48 Image size of job updated: 3774612
	1995  -  MemoryUsage of job (MB)
	2042668  -  ResidentSetSize of job (KB)
...
006 (39655.000.000) 2021-07-23 01:38:48 Image size of job updated: 3782456
	2838  -  MemoryUsage of job (MB)
	2905312  -  ResidentSetSize of job (KB)
...
006 (39655.000.000) 2021-07-23 01:43:49 Image size of job updated: 4870920
	3609  -  MemoryUsage of job (MB)
	3695204  -  ResidentSetSize of job (KB)
...
006 (39655.000.000) 2021-07-23 01:48:50 Image size of job updated: 7043820
	4329  -  MemoryUsage of job (MB)
	4432484  -  ResidentSetSize of job (KB)
...
006 (39655.000.000) 2021-07-23 01:53:50 Image size of job updated: 7221040
	4329  -  MemoryUsage of job (MB)
	4432484  -  ResidentSetSize of job (KB)
...
040 (39655.000.000) 2021-07-23 01:56:38 Started transferring output files
...
040 (39655.000.000) 2021-07-23 01:56:38 Finished transferring output files
...
005 (39655.000.000) 2021-07-23 01:56:38 Job terminated.
	(1) Normal termination (return value 1)
		Usr 0 00:32:28, Sys 0 00:00:12  -  Run Remote Usage
		Usr 0 00:00:00, Sys 0 00:00:00  -  Run Local Usage
		Usr 0 00:32:28, Sys 0 00:00:12  -  Total Remote Usage
		Usr 0 00:00:00, Sys 0 00:00:00  -  Total Local Usage
	38931  -  Run Bytes Sent By Job
	241  -  Run Bytes Received By Job
	38931  -  Total Bytes Sent By Job
	241  -  Total Bytes Received By Job
	Partitionable Resources :    Usage  Request Allocated 
	   Cpus                 :     0.99        1         1 
	   Disk (KB)            :    53           1   3637421 
	   Memory (MB)          :  4329        6144      6144 

	Job terminated of its own accord at 2021-07-23T00:56:38Z.
...
000 (40057.000.000) 2021-07-25 11:07:47 Job submitted from host: <194.36.1.200:9618?addrs=194.36.1.200-9618&alias=hex.ppe.gla.ac.uk&noUDP&sock=schedd_1401_8c46>
...
040 (40057.000.000) 2021-07-25 11:07:53 Started transferring input files
	Transferring to host: <192.168.16.113:9618?addrs=192.168.16.113-9618&alias=condor-d19-03.ppe.cluster&noUDP&sock=slot1_2_26289_ba86_843>
...
040 (40057.000.000) 2021-07-25 11:07:53 Finished transferring input files
...
001 (40057.000.000) 2021-07-25 11:07:54 Job executing on host: <192.168.16.113:9618?addrs=192.168.16.113-9618&alias=condor-d19-03.ppe.cluster&noUDP&sock=startd_2634_488c>
...
006 (40057.000.000) 2021-07-25 11:08:03 Image size of job updated: 203760
	199  -  MemoryUsage of job (MB)
	203760  -  ResidentSetSize of job (KB)
...
006 (40057.000.000) 2021-07-25 11:13:04 Image size of job updated: 2141388
	1086  -  MemoryUsage of job (MB)
	1111544  -  ResidentSetSize of job (KB)
...
006 (40057.000.000) 2021-07-25 11:18:04 Image size of job updated: 2692400
	1904  -  MemoryUsage of job (MB)
	1949364  -  ResidentSetSize of job (KB)
...
006 (40057.000.000) 2021-07-25 11:23:04 Image size of job updated: 3782464
	2707  -  MemoryUsage of job (MB)
	2771500  -  ResidentSetSize of job (KB)
...
006 (40057.000.000) 2021-07-25 11:28:05 Image size of job updated: 4870464
	3180  -  MemoryUsage of job (MB)
	3255608  -  ResidentSetSize of job (KB)
...
006 (40057.000.000) 2021-07-25 11:33:06 Image size of job updated: 8116684
	3357  -  MemoryUsage of job (MB)
	3436980  -  ResidentSetSize of job (KB)
...
040 (40057.000.000) 2021-07-25 11:44:49 Started transferring output files
...
040 (40057.000.000) 2021-07-25 11:44:49 Finished transferring output files
...
005 (40057.000.000) 2021-07-25 11:44:49 Job terminated.
	(1) Normal termination (return value 0)
		Usr 0 00:34:52, Sys 0 00:00:26  -  Run Remote Usage
		Usr 0 00:00:00, Sys 0 00:00:00  -  Run Local Usage
		Usr 0 00:34:52, Sys 0 00:00:26  -  Total Remote Usage
		Usr 0 00:00:00, Sys 0 00:00:00  -  Total Local Usage
	488447  -  Run Bytes Sent By Job
	241  -  Run Bytes Received By Job
	488447  -  Total Bytes Sent By Job
	241  -  Total Bytes Received By Job
	Partitionable Resources :    Usage  Request Allocated 
	   Cpus                 :     1.00        1         1 
	   Disk (KB)            :   492           1   3637421 
	   Memory (MB)          :  3357        6144      6144 

	Job terminated of its own accord at 2021-07-25T10:44:49Z.
...
000 (41171.000.000) 2021-07-29 12:22:30 Job submitted from host: <194.36.1.200:9618?addrs=194.36.1.200-9618&alias=hex.ppe.gla.ac.uk&noUDP&sock=schedd_1401_8c46>
...
040 (41171.000.000) 2021-07-29 12:22:49 Started transferring input files
	Transferring to host: <192.168.16.101:9618?addrs=192.168.16.101-9618&alias=condor-h16-01.ppe.cluster&noUDP&sock=slot1_4_16412_7d14_28>
...
040 (41171.000.000) 2021-07-29 12:22:49 Finished transferring input files
...
001 (41171.000.000) 2021-07-29 12:22:50 Job executing on host: <192.168.16.101:9618?addrs=192.168.16.101-9618&alias=condor-h16-01.ppe.cluster&noUDP&sock=startd_2155_baae>
...
006 (41171.000.000) 2021-07-29 12:22:59 Image size of job updated: 542224
	175  -  MemoryUsage of job (MB)
	178524  -  ResidentSetSize of job (KB)
...
006 (41171.000.000) 2021-07-29 12:23:25 Image size of job updated: 754236
	175  -  MemoryUsage of job (MB)
	178524  -  ResidentSetSize of job (KB)
...
040 (41171.000.000) 2021-07-29 12:23:25 Started transferring output files
...
040 (41171.000.000) 2021-07-29 12:23:25 Finished transferring output files
...
005 (41171.000.000) 2021-07-29 12:23:25 Job terminated.
	(1) Normal termination (return value 134)
		Usr 0 00:00:34, Sys 0 00:00:00  -  Run Remote Usage
		Usr 0 00:00:00, Sys 0 00:00:00  -  Run Local Usage
		Usr 0 00:00:34, Sys 0 00:00:00  -  Total Remote Usage
		Usr 0 00:00:00, Sys 0 00:00:00  -  Total Local Usage
	10558  -  Run Bytes Sent By Job
	241  -  Run Bytes Received By Job
	10558  -  Total Bytes Sent By Job
	241  -  Total Bytes Received By Job
	Partitionable Resources :    Usage  Request Allocated 
	   Cpus                 :                 1         1 
	   Disk (KB)            :       20        1    864796 
	   Memory (MB)          :      175     6144      6144 

	Job terminated of its own accord at 2021-07-29T11:23:25Z.
...
000 (41272.000.000) 2021-07-29 14:17:41 Job submitted from host: <194.36.1.200:9618?addrs=194.36.1.200-9618&alias=hex.ppe.gla.ac.uk&noUDP&sock=schedd_1401_8c46>
...
040 (41272.000.000) 2021-07-29 14:18:02 Started transferring input files
	Transferring to host: <192.168.16.104:9618?addrs=192.168.16.104-9618&alias=condor-h16-04.ppe.cluster&noUDP&sock=slot1_2_993_6881_48>
...
040 (41272.000.000) 2021-07-29 14:18:02 Finished transferring input files
...
001 (41272.000.000) 2021-07-29 14:18:03 Job executing on host: <192.168.16.104:9618?addrs=192.168.16.104-9618&alias=condor-h16-04.ppe.cluster&noUDP&sock=startd_20625_9ceb>
...
006 (41272.000.000) 2021-07-29 14:18:11 Image size of job updated: 187320
	183  -  MemoryUsage of job (MB)
	187320  -  ResidentSetSize of job (KB)
...
006 (41272.000.000) 2021-07-29 14:20:07 Image size of job updated: 824820
	183  -  MemoryUsage of job (MB)
	187320  -  ResidentSetSize of job (KB)
...
040 (41272.000.000) 2021-07-29 14:20:07 Started transferring output files
...
040 (41272.000.000) 2021-07-29 14:20:07 Finished transferring output files
...
005 (41272.000.000) 2021-07-29 14:20:07 Job terminated.
	(1) Normal termination (return value 0)
		Usr 0 00:02:01, Sys 0 00:00:01  -  Run Remote Usage
		Usr 0 00:00:00, Sys 0 00:00:00  -  Run Local Usage
		Usr 0 00:02:01, Sys 0 00:00:01  -  Total Remote Usage
		Usr 0 00:00:00, Sys 0 00:00:00  -  Total Local Usage
	484782  -  Run Bytes Sent By Job
	241  -  Run Bytes Received By Job
	484782  -  Total Bytes Sent By Job
	241  -  Total Bytes Received By Job
	Partitionable Resources :    Usage  Request Allocated 
	   Cpus                 :     1.00        1         1 
	   Disk (KB)            :   489           1    861476 
	   Memory (MB)          :   183        6144      6144 

	Job terminated of its own accord at 2021-07-29T13:20:07Z.
...
000 (41508.000.000) 2021-07-30 22:55:29 Job submitted from host: <194.36.1.200:9618?addrs=194.36.1.200-9618&alias=hex.ppe.gla.ac.uk&noUDP&sock=schedd_1401_8c46>
...
040 (41508.000.000) 2021-07-30 22:55:49 Started transferring input files
	Transferring to host: <192.168.16.101:9618?addrs=192.168.16.101-9618&alias=condor-h16-01.ppe.cluster&noUDP&sock=slot1_6_28409_75dc_22>
...
040 (41508.000.000) 2021-07-30 22:55:49 Finished transferring input files
...
001 (41508.000.000) 2021-07-30 22:55:50 Job executing on host: <192.168.16.101:9618?addrs=192.168.16.101-9618&alias=condor-h16-01.ppe.cluster&noUDP&sock=startd_2155_baae>
...
006 (41508.000.000) 2021-07-30 22:55:58 Image size of job updated: 167300
	164  -  MemoryUsage of job (MB)
	167300  -  ResidentSetSize of job (KB)
...
006 (41508.000.000) 2021-07-30 23:00:58 Image size of job updated: 1328008
	823  -  MemoryUsage of job (MB)
	842284  -  ResidentSetSize of job (KB)
...
006 (41508.000.000) 2021-07-30 23:05:58 Image size of job updated: 2145096
	1476  -  MemoryUsage of job (MB)
	1510464  -  ResidentSetSize of job (KB)
...
006 (41508.000.000) 2021-07-30 23:10:59 Image size of job updated: 4314420
	2106  -  MemoryUsage of job (MB)
	2155736  -  ResidentSetSize of job (KB)
...
006 (41508.000.000) 2021-07-30 23:16:00 Image size of job updated: 4314420
	2714  -  MemoryUsage of job (MB)
	2778316  -  ResidentSetSize of job (KB)
...
006 (41508.000.000) 2021-07-30 23:21:00 Image size of job updated: 4867948
	3285  -  MemoryUsage of job (MB)
	3363480  -  ResidentSetSize of job (KB)
...
006 (41508.000.000) 2021-07-30 23:26:01 Image size of job updated: 7035696
	3813  -  MemoryUsage of job (MB)
	3903980  -  ResidentSetSize of job (KB)
...
006 (41508.000.000) 2021-07-30 23:31:02 Image size of job updated: 7044304
	4331  -  MemoryUsage of job (MB)
	4434764  -  ResidentSetSize of job (KB)
...
006 (41508.000.000) 2021-07-30 23:36:02 Image size of job updated: 7221052
	4331  -  MemoryUsage of job (MB)
	4434800  -  ResidentSetSize of job (KB)
...
040 (41508.000.000) 2021-07-30 23:42:26 Started transferring output files
...
040 (41508.000.000) 2021-07-30 23:42:26 Finished transferring output files
...
005 (41508.000.000) 2021-07-30 23:42:26 Job terminated.
	(1) Normal termination (return value 0)
		Usr 0 00:45:53, Sys 0 00:00:36  -  Run Remote Usage
		Usr 0 00:00:00, Sys 0 00:00:00  -  Run Local Usage
		Usr 0 00:45:53, Sys 0 00:00:36  -  Total Remote Usage
		Usr 0 00:00:00, Sys 0 00:00:00  -  Total Local Usage
	486441  -  Run Bytes Sent By Job
	241  -  Run Bytes Received By Job
	486441  -  Total Bytes Sent By Job
	241  -  Total Bytes Received By Job
	Partitionable Resources :    Usage  Request Allocated 
	   Cpus                 :     1.00        1         1 
	   Disk (KB)            :   490           1    864796 
	   Memory (MB)          :  4331        6144      6144 

	Job terminated of its own accord at 2021-07-30T22:42:26Z.
...
