000 (39210.000.000) 2021-07-21 04:17:07 Job submitted from host: <194.36.1.200:9618?addrs=194.36.1.200-9618&alias=hex.ppe.gla.ac.uk&noUDP&sock=schedd_1401_8c46>
...
040 (39210.000.000) 2021-07-21 04:17:27 Started transferring input files
	Transferring to host: <192.168.16.104:9618?addrs=192.168.16.104-9618&alias=condor-h16-04.ppe.cluster&noUDP&sock=slot1_1_11689_b534_333>
...
040 (39210.000.000) 2021-07-21 04:17:27 Finished transferring input files
...
001 (39210.000.000) 2021-07-21 04:17:28 Job executing on host: <192.168.16.104:9618?addrs=192.168.16.104-9618&alias=condor-h16-04.ppe.cluster&noUDP&sock=startd_20625_9ceb>
...
006 (39210.000.000) 2021-07-21 04:17:37 Image size of job updated: 205416
	184  -  MemoryUsage of job (MB)
	187980  -  ResidentSetSize of job (KB)
...
006 (39210.000.000) 2021-07-21 04:22:38 Image size of job updated: 1599472
	957  -  MemoryUsage of job (MB)
	979216  -  ResidentSetSize of job (KB)
...
006 (39210.000.000) 2021-07-21 04:27:38 Image size of job updated: 2689896
	1720  -  MemoryUsage of job (MB)
	1760404  -  ResidentSetSize of job (KB)
...
006 (39210.000.000) 2021-07-21 04:32:38 Image size of job updated: 3779608
	2446  -  MemoryUsage of job (MB)
	2504064  -  ResidentSetSize of job (KB)
...
006 (39210.000.000) 2021-07-21 04:37:39 Image size of job updated: 4866620
	3146  -  MemoryUsage of job (MB)
	3220684  -  ResidentSetSize of job (KB)
...
006 (39210.000.000) 2021-07-21 04:42:39 Image size of job updated: 4872640
	3774  -  MemoryUsage of job (MB)
	3864148  -  ResidentSetSize of job (KB)
...
006 (39210.000.000) 2021-07-21 04:47:39 Image size of job updated: 7044292
	4376  -  MemoryUsage of job (MB)
	4480056  -  ResidentSetSize of job (KB)
...
006 (39210.000.000) 2021-07-21 04:52:40 Image size of job updated: 7221040
	4376  -  MemoryUsage of job (MB)
	4480056  -  ResidentSetSize of job (KB)
...
040 (39210.000.000) 2021-07-21 04:56:14 Started transferring output files
...
040 (39210.000.000) 2021-07-21 04:56:14 Finished transferring output files
...
005 (39210.000.000) 2021-07-21 04:56:14 Job terminated.
	(1) Normal termination (return value 1)
		Usr 0 00:38:24, Sys 0 00:00:17  -  Run Remote Usage
		Usr 0 00:00:00, Sys 0 00:00:00  -  Run Local Usage
		Usr 0 00:38:24, Sys 0 00:00:17  -  Total Remote Usage
		Usr 0 00:00:00, Sys 0 00:00:00  -  Total Local Usage
	38910  -  Run Bytes Sent By Job
	241  -  Run Bytes Received By Job
	38910  -  Total Bytes Sent By Job
	241  -  Total Bytes Received By Job
	Partitionable Resources :    Usage  Request Allocated 
	   Cpus                 :     1.00        1         1 
	   Disk (KB)            :    53           1    861476 
	   Memory (MB)          :  4376        6144      6144 

	Job terminated of its own accord at 2021-07-21T03:56:14Z.
...
000 (39647.000.000) 2021-07-23 01:23:31 Job submitted from host: <194.36.1.200:9618?addrs=194.36.1.200-9618&alias=hex.ppe.gla.ac.uk&noUDP&sock=schedd_1401_8c46>
...
040 (39647.000.000) 2021-07-23 01:23:37 Started transferring input files
	Transferring to host: <192.168.16.111:9618?addrs=192.168.16.111-9618&alias=condor-d19-01.ppe.cluster&noUDP&sock=slot1_1_222987_4385_604>
...
040 (39647.000.000) 2021-07-23 01:23:37 Finished transferring input files
...
001 (39647.000.000) 2021-07-23 01:23:38 Job executing on host: <192.168.16.111:9618?addrs=192.168.16.111-9618&alias=condor-d19-01.ppe.cluster&noUDP&sock=startd_2932_afc5>
...
006 (39647.000.000) 2021-07-23 01:23:47 Image size of job updated: 173244
	170  -  MemoryUsage of job (MB)
	173244  -  ResidentSetSize of job (KB)
...
006 (39647.000.000) 2021-07-23 01:28:47 Image size of job updated: 2142380
	1077  -  MemoryUsage of job (MB)
	1102712  -  ResidentSetSize of job (KB)
...
006 (39647.000.000) 2021-07-23 01:33:47 Image size of job updated: 3775188
	1988  -  MemoryUsage of job (MB)
	2035244  -  ResidentSetSize of job (KB)
...
006 (39647.000.000) 2021-07-23 01:38:48 Image size of job updated: 4864284
	2858  -  MemoryUsage of job (MB)
	2926384  -  ResidentSetSize of job (KB)
...
006 (39647.000.000) 2021-07-23 01:43:48 Image size of job updated: 4871360
	3603  -  MemoryUsage of job (MB)
	3689220  -  ResidentSetSize of job (KB)
...
006 (39647.000.000) 2021-07-23 01:48:49 Image size of job updated: 7044292
	4322  -  MemoryUsage of job (MB)
	4424992  -  ResidentSetSize of job (KB)
...
006 (39647.000.000) 2021-07-23 01:53:50 Image size of job updated: 7221040
	4322  -  MemoryUsage of job (MB)
	4425008  -  ResidentSetSize of job (KB)
...
040 (39647.000.000) 2021-07-23 01:56:40 Started transferring output files
...
040 (39647.000.000) 2021-07-23 01:56:40 Finished transferring output files
...
005 (39647.000.000) 2021-07-23 01:56:41 Job terminated.
	(1) Normal termination (return value 1)
		Usr 0 00:31:56, Sys 0 00:00:34  -  Run Remote Usage
		Usr 0 00:00:00, Sys 0 00:00:00  -  Run Local Usage
		Usr 0 00:31:56, Sys 0 00:00:34  -  Total Remote Usage
		Usr 0 00:00:00, Sys 0 00:00:00  -  Total Local Usage
	38931  -  Run Bytes Sent By Job
	241  -  Run Bytes Received By Job
	38931  -  Total Bytes Sent By Job
	241  -  Total Bytes Received By Job
	Partitionable Resources :    Usage  Request Allocated 
	   Cpus                 :     1.00        1         1 
	   Disk (KB)            :    53           1    825748 
	   Memory (MB)          :  4322        6144      6144 

	Job terminated of its own accord at 2021-07-23T00:56:40Z.
...
000 (40049.000.000) 2021-07-25 11:07:46 Job submitted from host: <194.36.1.200:9618?addrs=194.36.1.200-9618&alias=hex.ppe.gla.ac.uk&noUDP&sock=schedd_1401_8c46>
...
040 (40049.000.000) 2021-07-25 11:07:53 Started transferring input files
	Transferring to host: <192.168.16.111:9618?addrs=192.168.16.111-9618&alias=condor-d19-01.ppe.cluster&noUDP&sock=slot1_1_222987_4385_679>
...
040 (40049.000.000) 2021-07-25 11:07:53 Finished transferring input files
...
001 (40049.000.000) 2021-07-25 11:07:54 Job executing on host: <192.168.16.111:9618?addrs=192.168.16.111-9618&alias=condor-d19-01.ppe.cluster&noUDP&sock=startd_2932_afc5>
...
006 (40049.000.000) 2021-07-25 11:08:03 Image size of job updated: 222980
	185  -  MemoryUsage of job (MB)
	189424  -  ResidentSetSize of job (KB)
...
006 (40049.000.000) 2021-07-25 11:13:04 Image size of job updated: 2142388
	1108  -  MemoryUsage of job (MB)
	1133680  -  ResidentSetSize of job (KB)
...
006 (40049.000.000) 2021-07-25 11:18:04 Image size of job updated: 3775196
	2003  -  MemoryUsage of job (MB)
	2050452  -  ResidentSetSize of job (KB)
...
006 (40049.000.000) 2021-07-25 11:23:04 Image size of job updated: 4864292
	2916  -  MemoryUsage of job (MB)
	2985440  -  ResidentSetSize of job (KB)
...
006 (40049.000.000) 2021-07-25 11:28:05 Image size of job updated: 4872248
	3714  -  MemoryUsage of job (MB)
	3802356  -  ResidentSetSize of job (KB)
...
006 (40049.000.000) 2021-07-25 11:33:05 Image size of job updated: 7221048
	5196  -  MemoryUsage of job (MB)
	5320188  -  ResidentSetSize of job (KB)
...
040 (40049.000.000) 2021-07-25 11:41:41 Started transferring output files
...
040 (40049.000.000) 2021-07-25 11:41:41 Finished transferring output files
...
005 (40049.000.000) 2021-07-25 11:41:41 Job terminated.
	(1) Normal termination (return value 0)
		Usr 0 00:33:02, Sys 0 00:00:16  -  Run Remote Usage
		Usr 0 00:00:00, Sys 0 00:00:00  -  Run Local Usage
		Usr 0 00:33:02, Sys 0 00:00:16  -  Total Remote Usage
		Usr 0 00:00:00, Sys 0 00:00:00  -  Total Local Usage
	480651  -  Run Bytes Sent By Job
	241  -  Run Bytes Received By Job
	480651  -  Total Bytes Sent By Job
	241  -  Total Bytes Received By Job
	Partitionable Resources :    Usage  Request Allocated 
	   Cpus                 :     0.97        1         1 
	   Disk (KB)            :   485           1    825748 
	   Memory (MB)          :  5196        6144      6144 

	Job terminated of its own accord at 2021-07-25T10:41:41Z.
...
000 (41163.000.000) 2021-07-29 12:22:29 Job submitted from host: <194.36.1.200:9618?addrs=194.36.1.200-9618&alias=hex.ppe.gla.ac.uk&noUDP&sock=schedd_1401_8c46>
...
040 (41163.000.000) 2021-07-29 12:22:49 Started transferring input files
	Transferring to host: <192.168.16.104:9618?addrs=192.168.16.104-9618&alias=condor-h16-04.ppe.cluster&noUDP&sock=slot1_1_993_6881_31>
...
040 (41163.000.000) 2021-07-29 12:22:49 Finished transferring input files
...
001 (41163.000.000) 2021-07-29 12:22:50 Job executing on host: <192.168.16.104:9618?addrs=192.168.16.104-9618&alias=condor-h16-04.ppe.cluster&noUDP&sock=startd_20625_9ceb>
...
006 (41163.000.000) 2021-07-29 12:22:58 Image size of job updated: 195780
	176  -  MemoryUsage of job (MB)
	180056  -  ResidentSetSize of job (KB)
...
006 (41163.000.000) 2021-07-29 12:23:26 Image size of job updated: 610528
	176  -  MemoryUsage of job (MB)
	180060  -  ResidentSetSize of job (KB)
...
040 (41163.000.000) 2021-07-29 12:23:26 Started transferring output files
...
040 (41163.000.000) 2021-07-29 12:23:26 Finished transferring output files
...
005 (41163.000.000) 2021-07-29 12:23:26 Job terminated.
	(1) Normal termination (return value 134)
		Usr 0 00:00:33, Sys 0 00:00:00  -  Run Remote Usage
		Usr 0 00:00:00, Sys 0 00:00:00  -  Run Local Usage
		Usr 0 00:00:33, Sys 0 00:00:00  -  Total Remote Usage
		Usr 0 00:00:00, Sys 0 00:00:00  -  Total Local Usage
	10543  -  Run Bytes Sent By Job
	241  -  Run Bytes Received By Job
	10543  -  Total Bytes Sent By Job
	241  -  Total Bytes Received By Job
	Partitionable Resources :    Usage  Request Allocated 
	   Cpus                 :                 1         1 
	   Disk (KB)            :       20        1    861476 
	   Memory (MB)          :      176     6144      6144 

	Job terminated of its own accord at 2021-07-29T11:23:26Z.
...
000 (41264.000.000) 2021-07-29 14:17:41 Job submitted from host: <194.36.1.200:9618?addrs=194.36.1.200-9618&alias=hex.ppe.gla.ac.uk&noUDP&sock=schedd_1401_8c46>
...
040 (41264.000.000) 2021-07-29 14:18:01 Started transferring input files
	Transferring to host: <192.168.16.104:9618?addrs=192.168.16.104-9618&alias=condor-h16-04.ppe.cluster&noUDP&sock=slot1_1_993_6881_47>
...
040 (41264.000.000) 2021-07-29 14:18:01 Finished transferring input files
...
001 (41264.000.000) 2021-07-29 14:18:02 Job executing on host: <192.168.16.104:9618?addrs=192.168.16.104-9618&alias=condor-h16-04.ppe.cluster&noUDP&sock=startd_20625_9ceb>
...
006 (41264.000.000) 2021-07-29 14:18:11 Image size of job updated: 234584
	197  -  MemoryUsage of job (MB)
	201012  -  ResidentSetSize of job (KB)
...
006 (41264.000.000) 2021-07-29 14:19:47 Image size of job updated: 824960
	197  -  MemoryUsage of job (MB)
	201012  -  ResidentSetSize of job (KB)
...
040 (41264.000.000) 2021-07-29 14:19:47 Started transferring output files
...
040 (41264.000.000) 2021-07-29 14:19:47 Finished transferring output files
...
005 (41264.000.000) 2021-07-29 14:19:47 Job terminated.
	(1) Normal termination (return value 0)
		Usr 0 00:01:42, Sys 0 00:00:01  -  Run Remote Usage
		Usr 0 00:00:00, Sys 0 00:00:00  -  Run Local Usage
		Usr 0 00:01:42, Sys 0 00:00:01  -  Total Remote Usage
		Usr 0 00:00:00, Sys 0 00:00:00  -  Total Local Usage
	484000  -  Run Bytes Sent By Job
	241  -  Run Bytes Received By Job
	484000  -  Total Bytes Sent By Job
	241  -  Total Bytes Received By Job
	Partitionable Resources :    Usage  Request Allocated 
	   Cpus                 :                 1         1 
	   Disk (KB)            :      483        1    861476 
	   Memory (MB)          :      197     6144      6144 

	Job terminated of its own accord at 2021-07-29T13:19:47Z.
...
000 (41500.000.000) 2021-07-30 22:55:29 Job submitted from host: <194.36.1.200:9618?addrs=194.36.1.200-9618&alias=hex.ppe.gla.ac.uk&noUDP&sock=schedd_1401_8c46>
...
040 (41500.000.000) 2021-07-30 22:55:48 Started transferring input files
	Transferring to host: <192.168.16.104:9618?addrs=192.168.16.104-9618&alias=condor-h16-04.ppe.cluster&noUDP&sock=slot1_1_24731_fa07_13>
...
040 (41500.000.000) 2021-07-30 22:55:49 Finished transferring input files
...
001 (41500.000.000) 2021-07-30 22:55:49 Job executing on host: <192.168.16.104:9618?addrs=192.168.16.104-9618&alias=condor-h16-04.ppe.cluster&noUDP&sock=startd_20625_9ceb>
...
006 (41500.000.000) 2021-07-30 22:55:58 Image size of job updated: 180256
	152  -  MemoryUsage of job (MB)
	155248  -  ResidentSetSize of job (KB)
...
006 (41500.000.000) 2021-07-30 23:00:58 Image size of job updated: 1598888
	836  -  MemoryUsage of job (MB)
	855768  -  ResidentSetSize of job (KB)
...
006 (41500.000.000) 2021-07-30 23:05:58 Image size of job updated: 2686392
	1550  -  MemoryUsage of job (MB)
	1586888  -  ResidentSetSize of job (KB)
...
006 (41500.000.000) 2021-07-30 23:10:59 Image size of job updated: 3777376
	2237  -  MemoryUsage of job (MB)
	2289948  -  ResidentSetSize of job (KB)
...
006 (41500.000.000) 2021-07-30 23:16:00 Image size of job updated: 4864152
	2899  -  MemoryUsage of job (MB)
	2968364  -  ResidentSetSize of job (KB)
...
006 (41500.000.000) 2021-07-30 23:21:00 Image size of job updated: 4870320
	3501  -  MemoryUsage of job (MB)
	3584500  -  ResidentSetSize of job (KB)
...
006 (41500.000.000) 2021-07-30 23:26:01 Image size of job updated: 7039604
	4078  -  MemoryUsage of job (MB)
	4175516  -  ResidentSetSize of job (KB)
...
006 (41500.000.000) 2021-07-30 23:31:02 Image size of job updated: 7221044
	4078  -  MemoryUsage of job (MB)
	4175516  -  ResidentSetSize of job (KB)
...
040 (41500.000.000) 2021-07-30 23:40:29 Started transferring output files
...
040 (41500.000.000) 2021-07-30 23:40:29 Finished transferring output files
...
005 (41500.000.000) 2021-07-30 23:40:29 Job terminated.
	(1) Normal termination (return value 0)
		Usr 0 00:43:51, Sys 0 00:00:35  -  Run Remote Usage
		Usr 0 00:00:00, Sys 0 00:00:00  -  Run Local Usage
		Usr 0 00:43:51, Sys 0 00:00:35  -  Total Remote Usage
		Usr 0 00:00:00, Sys 0 00:00:00  -  Total Local Usage
	486284  -  Run Bytes Sent By Job
	241  -  Run Bytes Received By Job
	486284  -  Total Bytes Sent By Job
	241  -  Total Bytes Received By Job
	Partitionable Resources :    Usage  Request Allocated 
	   Cpus                 :     1.00        1         1 
	   Disk (KB)            :   490           1    861476 
	   Memory (MB)          :  4078        6144      6144 

	Job terminated of its own accord at 2021-07-30T22:40:29Z.
...
000 (48295.000.000) 2021-09-11 18:31:32 Job submitted from host: <194.36.1.200:9618?addrs=194.36.1.200-9618&alias=hex.ppe.gla.ac.uk&noUDP&sock=schedd_1448_c939>
...
040 (48295.000.000) 2021-09-11 18:31:45 Started transferring input files
	Transferring to host: <192.168.16.111:9618?addrs=192.168.16.111-9618&alias=condor-d19-01.ppe.cluster&noUDP&sock=slot1_1_182004_0862_203>
...
040 (48295.000.000) 2021-09-11 18:31:45 Finished transferring input files
...
001 (48295.000.000) 2021-09-11 18:31:46 Job executing on host: <192.168.16.111:9618?addrs=192.168.16.111-9618&alias=condor-d19-01.ppe.cluster&noUDP&sock=startd_9802_ef68>
...
006 (48295.000.000) 2021-09-11 18:31:54 Image size of job updated: 212040
	175  -  MemoryUsage of job (MB)
	178484  -  ResidentSetSize of job (KB)
...
006 (48295.000.000) 2021-09-11 18:36:54 Image size of job updated: 2142412
	1158  -  MemoryUsage of job (MB)
	1185148  -  ResidentSetSize of job (KB)
...
006 (48295.000.000) 2021-09-11 18:41:55 Image size of job updated: 3776656
	2108  -  MemoryUsage of job (MB)
	2157872  -  ResidentSetSize of job (KB)
...
006 (48295.000.000) 2021-09-11 18:46:55 Image size of job updated: 4865404
	3014  -  MemoryUsage of job (MB)
	3085436  -  ResidentSetSize of job (KB)
...
006 (48295.000.000) 2021-09-11 18:51:55 Image size of job updated: 5954016
	3786  -  MemoryUsage of job (MB)
	3876464  -  ResidentSetSize of job (KB)
...
006 (48295.000.000) 2021-09-11 18:56:56 Image size of job updated: 7221048
	3786  -  MemoryUsage of job (MB)
	3876464  -  ResidentSetSize of job (KB)
...
040 (48295.000.000) 2021-09-11 19:04:59 Started transferring output files
...
040 (48295.000.000) 2021-09-11 19:04:59 Finished transferring output files
...
005 (48295.000.000) 2021-09-11 19:04:59 Job terminated.
	(1) Normal termination (return value 0)
		Usr 0 00:32:12, Sys 0 00:00:16  -  Run Remote Usage
		Usr 0 00:00:00, Sys 0 00:00:00  -  Run Local Usage
		Usr 0 00:32:12, Sys 0 00:00:16  -  Total Remote Usage
		Usr 0 00:00:00, Sys 0 00:00:00  -  Total Local Usage
	485136  -  Run Bytes Sent By Job
	241  -  Run Bytes Received By Job
	485136  -  Total Bytes Sent By Job
	241  -  Total Bytes Received By Job
	Partitionable Resources :    Usage  Request Allocated 
	   Cpus                 :     1.00        1         1 
	   Disk (KB)            :   489           1    825748 
	   Memory (MB)          :  3786        6144      6144 

	Job terminated of its own accord at 2021-09-11T18:04:59Z.
...
000 (53538.000.000) 2021-10-19 18:18:14 Job submitted from host: <194.36.1.200:9618?addrs=194.36.1.200-9618&alias=hex.ppe.gla.ac.uk&noUDP&sock=schedd_1448_c939>
...
040 (53538.000.000) 2021-10-19 18:18:35 Started transferring input files
	Transferring to host: <192.168.16.104:9618?addrs=192.168.16.104-9618&alias=condor-h16-04.ppe.cluster&noUDP&sock=slot1_1_6208_d8f6_2587>
...
040 (53538.000.000) 2021-10-19 18:18:35 Finished transferring input files
...
001 (53538.000.000) 2021-10-19 18:18:36 Job executing on host: <192.168.16.104:9618?addrs=192.168.16.104-9618&alias=condor-h16-04.ppe.cluster&noUDP&sock=startd_2491_3281>
...
006 (53538.000.000) 2021-10-19 18:18:44 Image size of job updated: 201856
	183  -  MemoryUsage of job (MB)
	187388  -  ResidentSetSize of job (KB)
...
006 (53538.000.000) 2021-10-19 18:23:44 Image size of job updated: 1599484
	969  -  MemoryUsage of job (MB)
	992036  -  ResidentSetSize of job (KB)
...
006 (53538.000.000) 2021-10-19 18:28:44 Image size of job updated: 2689912
	1741  -  MemoryUsage of job (MB)
	1782036  -  ResidentSetSize of job (KB)
...
006 (53538.000.000) 2021-10-19 18:33:45 Image size of job updated: 3779624
	2481  -  MemoryUsage of job (MB)
	2540104  -  ResidentSetSize of job (KB)
...
006 (53538.000.000) 2021-10-19 18:38:46 Image size of job updated: 5404492
	3173  -  MemoryUsage of job (MB)
	3248180  -  ResidentSetSize of job (KB)
...
006 (53538.000.000) 2021-10-19 18:43:46 Image size of job updated: 8116692
	3812  -  MemoryUsage of job (MB)
	3903200  -  ResidentSetSize of job (KB)
...
006 (53538.000.000) 2021-10-19 18:48:47 Image size of job updated: 8116692
	5205  -  MemoryUsage of job (MB)
	5329016  -  ResidentSetSize of job (KB)
...
040 (53538.000.000) 2021-10-19 18:59:20 Started transferring output files
...
040 (53538.000.000) 2021-10-19 18:59:20 Finished transferring output files
...
005 (53538.000.000) 2021-10-19 18:59:20 Job terminated.
	(1) Normal termination (return value 0)
		Usr 0 00:40:11, Sys 0 00:00:28  -  Run Remote Usage
		Usr 0 00:00:00, Sys 0 00:00:00  -  Run Local Usage
		Usr 0 00:40:11, Sys 0 00:00:28  -  Total Remote Usage
		Usr 0 00:00:00, Sys 0 00:00:00  -  Total Local Usage
	486667  -  Run Bytes Sent By Job
	241  -  Run Bytes Received By Job
	486667  -  Total Bytes Sent By Job
	241  -  Total Bytes Received By Job
	Partitionable Resources :    Usage  Request Allocated 
	   Cpus                 :     1.00        1         1 
	   Disk (KB)            :   491           1    861476 
	   Memory (MB)          :  5205        6144      6144 

	Job terminated of its own accord at 2021-10-19T17:59:20Z.
...
000 (62464.000.000) 2021-11-18 12:35:59 Job submitted from host: <194.36.1.200:9618?addrs=194.36.1.200-9618&alias=hex.ppe.gla.ac.uk&noUDP&sock=schedd_1448_c939>
...
040 (62464.000.000) 2021-11-18 12:36:19 Started transferring input files
	Transferring to host: <192.168.16.101:9618?addrs=192.168.16.101-9618&alias=condor-h16-01.ppe.cluster&noUDP&sock=slot1_2_12221_8cca_2583>
...
040 (62464.000.000) 2021-11-18 12:36:19 Finished transferring input files
...
001 (62464.000.000) 2021-11-18 12:36:20 Job executing on host: <192.168.16.101:9618?addrs=192.168.16.101-9618&alias=condor-h16-01.ppe.cluster&noUDP&sock=startd_2281_279d>
...
006 (62464.000.000) 2021-11-18 12:36:29 Image size of job updated: 542412
	179  -  MemoryUsage of job (MB)
	182484  -  ResidentSetSize of job (KB)
...
006 (62464.000.000) 2021-11-18 12:41:30 Image size of job updated: 1598984
	865  -  MemoryUsage of job (MB)
	885328  -  ResidentSetSize of job (KB)
...
006 (62464.000.000) 2021-11-18 12:46:30 Image size of job updated: 2687032
	1603  -  MemoryUsage of job (MB)
	1640928  -  ResidentSetSize of job (KB)
...
006 (62464.000.000) 2021-11-18 12:51:30 Image size of job updated: 3778240
	2335  -  MemoryUsage of job (MB)
	2390844  -  ResidentSetSize of job (KB)
...
006 (62464.000.000) 2021-11-18 12:56:31 Image size of job updated: 4866024
	3055  -  MemoryUsage of job (MB)
	3127368  -  ResidentSetSize of job (KB)
...
006 (62464.000.000) 2021-11-18 13:01:32 Image size of job updated: 4871392
	3616  -  MemoryUsage of job (MB)
	3702604  -  ResidentSetSize of job (KB)
...
006 (62464.000.000) 2021-11-18 13:06:32 Image size of job updated: 8116712
	3913  -  MemoryUsage of job (MB)
	4006856  -  ResidentSetSize of job (KB)
...
006 (62464.000.000) 2021-11-18 13:11:33 Image size of job updated: 8116712
	3913  -  MemoryUsage of job (MB)
	4006864  -  ResidentSetSize of job (KB)
...
040 (62464.000.000) 2021-11-18 13:47:53 Started transferring output files
...
040 (62464.000.000) 2021-11-18 13:47:53 Finished transferring output files
...
005 (62464.000.000) 2021-11-18 13:47:53 Job terminated.
	(1) Normal termination (return value 0)
		Usr 0 00:53:31, Sys 0 00:00:56  -  Run Remote Usage
		Usr 0 00:00:00, Sys 0 00:00:00  -  Run Local Usage
		Usr 0 00:53:31, Sys 0 00:00:56  -  Total Remote Usage
		Usr 0 00:00:00, Sys 0 00:00:00  -  Total Local Usage
	1668601  -  Run Bytes Sent By Job
	241  -  Run Bytes Received By Job
	1668601  -  Total Bytes Sent By Job
	241  -  Total Bytes Received By Job
	Partitionable Resources :    Usage  Request Allocated 
	   Cpus                 :     1.00        1         1 
	   Disk (KB)            :  1645           1    864796 
	   Memory (MB)          :  3913        6144      6144 

	Job terminated of its own accord at 2021-11-18T13:47:53Z.
...
000 (81463.000.000) 2022-01-27 15:12:22 Job submitted from host: <194.36.1.200:9618?addrs=194.36.1.200-9618&alias=hex.ppe.gla.ac.uk&noUDP&sock=schedd_1448_c939>
...
040 (81463.000.000) 2022-01-27 15:12:42 Started transferring input files
	Transferring to host: <192.168.16.101:9618?addrs=192.168.16.101-9618&alias=condor-h16-01.ppe.cluster&noUDP&sock=slot1_5_17226_0676_8294>
...
040 (81463.000.000) 2022-01-27 15:12:42 Finished transferring input files
...
001 (81463.000.000) 2022-01-27 15:12:43 Job executing on host: <192.168.16.101:9618?addrs=192.168.16.101-9618&alias=condor-h16-01.ppe.cluster&noUDP&sock=startd_2281_279d>
...
006 (81463.000.000) 2022-01-27 15:12:52 Image size of job updated: 168580
	165  -  MemoryUsage of job (MB)
	168580  -  ResidentSetSize of job (KB)
...
006 (81463.000.000) 2022-01-27 15:14:50 Image size of job updated: 833172
	165  -  MemoryUsage of job (MB)
	168596  -  ResidentSetSize of job (KB)
...
040 (81463.000.000) 2022-01-27 15:14:50 Started transferring output files
...
040 (81463.000.000) 2022-01-27 15:14:50 Finished transferring output files
...
005 (81463.000.000) 2022-01-27 15:14:50 Job terminated.
	(1) Normal termination (return value 0)
		Usr 0 00:02:02, Sys 0 00:00:01  -  Run Remote Usage
		Usr 0 00:00:00, Sys 0 00:00:00  -  Run Local Usage
		Usr 0 00:02:02, Sys 0 00:00:01  -  Total Remote Usage
		Usr 0 00:00:00, Sys 0 00:00:00  -  Total Local Usage
	502582  -  Run Bytes Sent By Job
	241  -  Run Bytes Received By Job
	502582  -  Total Bytes Sent By Job
	241  -  Total Bytes Received By Job
	Partitionable Resources :    Usage  Request Allocated 
	   Cpus                 :     0.91        1         1 
	   Disk (KB)            :   506           1    864796 
	   Memory (MB)          :   165        6144      6144 

	Job terminated of its own accord at 2022-01-27T15:14:50Z.
...
000 (81611.000.000) 2022-01-28 14:01:00 Job submitted from host: <194.36.1.200:9618?addrs=194.36.1.200-9618&alias=hex.ppe.gla.ac.uk&noUDP&sock=schedd_1448_c939>
...
040 (81611.000.000) 2022-01-28 14:07:21 Started transferring input files
	Transferring to host: <192.168.16.102:9618?addrs=192.168.16.102-9618&alias=condor-h16-02.ppe.cluster&noUDP&sock=slot1_5_24770_74a8_11327>
...
040 (81611.000.000) 2022-01-28 14:07:21 Finished transferring input files
...
001 (81611.000.000) 2022-01-28 14:07:22 Job executing on host: <192.168.16.102:9618?addrs=192.168.16.102-9618&alias=condor-h16-02.ppe.cluster&noUDP&sock=startd_2233_3b11>
...
006 (81611.000.000) 2022-01-28 14:07:30 Image size of job updated: 517132
	158  -  MemoryUsage of job (MB)
	161288  -  ResidentSetSize of job (KB)
...
006 (81611.000.000) 2022-01-28 14:09:23 Image size of job updated: 824788
	158  -  MemoryUsage of job (MB)
	161288  -  ResidentSetSize of job (KB)
...
040 (81611.000.000) 2022-01-28 14:09:23 Started transferring output files
...
040 (81611.000.000) 2022-01-28 14:09:23 Finished transferring output files
...
005 (81611.000.000) 2022-01-28 14:09:23 Job terminated.
	(1) Normal termination (return value 0)
		Usr 0 00:01:57, Sys 0 00:00:01  -  Run Remote Usage
		Usr 0 00:00:00, Sys 0 00:00:00  -  Run Local Usage
		Usr 0 00:01:57, Sys 0 00:00:01  -  Total Remote Usage
		Usr 0 00:00:00, Sys 0 00:00:00  -  Total Local Usage
	502106  -  Run Bytes Sent By Job
	241  -  Run Bytes Received By Job
	502106  -  Total Bytes Sent By Job
	241  -  Total Bytes Received By Job
	Partitionable Resources :    Usage  Request Allocated 
	   Cpus                 :     1.00        1         1 
	   Disk (KB)            :   506           1    864796 
	   Memory (MB)          :   158        6144      6144 

	Job terminated of its own accord at 2022-01-28T14:09:23Z.
...
000 (81713.000.000) 2022-01-28 18:43:49 Job submitted from host: <194.36.1.200:9618?addrs=194.36.1.200-9618&alias=hex.ppe.gla.ac.uk&noUDP&sock=schedd_1448_c939>
...
040 (81713.000.000) 2022-01-28 18:43:49 Started transferring input files
	Transferring to host: <192.168.16.114:9618?addrs=192.168.16.114-9618&alias=condor-d19-04.ppe.cluster&noUDP&sock=slot1_10_5311_d471_30649>
...
040 (81713.000.000) 2022-01-28 18:43:49 Finished transferring input files
...
001 (81713.000.000) 2022-01-28 18:43:50 Job executing on host: <192.168.16.114:9618?addrs=192.168.16.114-9618&alias=condor-d19-04.ppe.cluster&noUDP&sock=startd_2652_a140>
...
006 (81713.000.000) 2022-01-28 18:43:58 Image size of job updated: 514260
	167  -  MemoryUsage of job (MB)
	170608  -  ResidentSetSize of job (KB)
...
006 (81713.000.000) 2022-01-28 18:45:33 Image size of job updated: 824792
	167  -  MemoryUsage of job (MB)
	170620  -  ResidentSetSize of job (KB)
...
040 (81713.000.000) 2022-01-28 18:45:33 Started transferring output files
...
040 (81713.000.000) 2022-01-28 18:45:33 Finished transferring output files
...
005 (81713.000.000) 2022-01-28 18:45:33 Job terminated.
	(1) Normal termination (return value 0)
		Usr 0 00:01:39, Sys 0 00:00:01  -  Run Remote Usage
		Usr 0 00:00:00, Sys 0 00:00:00  -  Run Local Usage
		Usr 0 00:01:39, Sys 0 00:00:01  -  Total Remote Usage
		Usr 0 00:00:00, Sys 0 00:00:00  -  Total Local Usage
	501449  -  Run Bytes Sent By Job
	241  -  Run Bytes Received By Job
	501449  -  Total Bytes Sent By Job
	241  -  Total Bytes Received By Job
	Partitionable Resources :    Usage  Request Allocated 
	   Cpus                 :                 1         1 
	   Disk (KB)            :      500        1   3637421 
	   Memory (MB)          :      167     6144      6144 

	Job terminated of its own accord at 2022-01-28T18:45:33Z.
...
000 (81820.000.000) 2022-01-29 12:38:03 Job submitted from host: <194.36.1.200:9618?addrs=194.36.1.200-9618&alias=hex.ppe.gla.ac.uk&noUDP&sock=schedd_1448_c939>
...
040 (81820.000.000) 2022-01-29 12:44:23 Started transferring input files
	Transferring to host: <192.168.16.111:9618?addrs=192.168.16.111-9618&alias=condor-d19-01.ppe.cluster&noUDP&sock=slot1_11_191214_4f99_30144>
...
040 (81820.000.000) 2022-01-29 12:44:23 Finished transferring input files
...
001 (81820.000.000) 2022-01-29 12:44:24 Job executing on host: <192.168.16.111:9618?addrs=192.168.16.111-9618&alias=condor-d19-01.ppe.cluster&noUDP&sock=startd_9802_ef68>
...
006 (81820.000.000) 2022-01-29 12:44:33 Image size of job updated: 542300
	168  -  MemoryUsage of job (MB)
	171108  -  ResidentSetSize of job (KB)
...
006 (81820.000.000) 2022-01-29 12:46:16 Image size of job updated: 858716
	168  -  MemoryUsage of job (MB)
	171108  -  ResidentSetSize of job (KB)
...
040 (81820.000.000) 2022-01-29 12:46:16 Started transferring output files
...
040 (81820.000.000) 2022-01-29 12:46:16 Finished transferring output files
...
005 (81820.000.000) 2022-01-29 12:46:16 Job terminated.
	(1) Normal termination (return value 0)
		Usr 0 00:01:44, Sys 0 00:00:01  -  Run Remote Usage
		Usr 0 00:00:00, Sys 0 00:00:00  -  Run Local Usage
		Usr 0 00:01:44, Sys 0 00:00:01  -  Total Remote Usage
		Usr 0 00:00:00, Sys 0 00:00:00  -  Total Local Usage
	501930  -  Run Bytes Sent By Job
	241  -  Run Bytes Received By Job
	501930  -  Total Bytes Sent By Job
	241  -  Total Bytes Received By Job
	Partitionable Resources :    Usage  Request Allocated 
	   Cpus                 :                 1         1 
	   Disk (KB)            :      500        1    825748 
	   Memory (MB)          :      168     6144      6144 

	Job terminated of its own accord at 2022-01-29T12:46:16Z.
...
000 (82480.000.000) 2022-01-31 14:15:11 Job submitted from host: <194.36.1.200:9618?addrs=194.36.1.200-9618&alias=hex.ppe.gla.ac.uk&noUDP&sock=schedd_1448_c939>
...
040 (82480.000.000) 2022-01-31 14:15:30 Started transferring input files
	Transferring to host: <192.168.16.114:9618?addrs=192.168.16.114-9618&alias=condor-d19-04.ppe.cluster&noUDP&sock=slot1_11_5311_d471_55560>
...
040 (82480.000.000) 2022-01-31 14:15:30 Finished transferring input files
...
001 (82480.000.000) 2022-01-31 14:15:31 Job executing on host: <192.168.16.114:9618?addrs=192.168.16.114-9618&alias=condor-d19-04.ppe.cluster&noUDP&sock=startd_2652_a140>
...
006 (82480.000.000) 2022-01-31 14:15:39 Image size of job updated: 153544
	150  -  MemoryUsage of job (MB)
	153544  -  ResidentSetSize of job (KB)
...
006 (82480.000.000) 2022-01-31 14:20:39 Image size of job updated: 1600804
	999  -  MemoryUsage of job (MB)
	1022816  -  ResidentSetSize of job (KB)
...
006 (82480.000.000) 2022-01-31 14:25:40 Image size of job updated: 2691568
	1830  -  MemoryUsage of job (MB)
	1873880  -  ResidentSetSize of job (KB)
...
006 (82480.000.000) 2022-01-31 14:30:40 Image size of job updated: 3781564
	2607  -  MemoryUsage of job (MB)
	2669392  -  ResidentSetSize of job (KB)
...
006 (82480.000.000) 2022-01-31 14:35:40 Image size of job updated: 4868976
	3311  -  MemoryUsage of job (MB)
	3390284  -  ResidentSetSize of job (KB)
...
006 (82480.000.000) 2022-01-31 14:40:41 Image size of job updated: 8116776
	3962  -  MemoryUsage of job (MB)
	4056624  -  ResidentSetSize of job (KB)
...
006 (82480.000.000) 2022-01-31 14:45:41 Image size of job updated: 8116776
	3962  -  MemoryUsage of job (MB)
	4056732  -  ResidentSetSize of job (KB)
...
040 (82480.000.000) 2022-01-31 14:53:28 Started transferring output files
...
040 (82480.000.000) 2022-01-31 14:53:28 Finished transferring output files
...
005 (82480.000.000) 2022-01-31 14:53:28 Job terminated.
	(1) Normal termination (return value 0)
		Usr 0 00:35:21, Sys 0 00:00:24  -  Run Remote Usage
		Usr 0 00:00:00, Sys 0 00:00:00  -  Run Local Usage
		Usr 0 00:35:21, Sys 0 00:00:24  -  Total Remote Usage
		Usr 0 00:00:00, Sys 0 00:00:00  -  Total Local Usage
	1662949  -  Run Bytes Sent By Job
	241  -  Run Bytes Received By Job
	1662949  -  Total Bytes Sent By Job
	241  -  Total Bytes Received By Job
	Partitionable Resources :    Usage  Request Allocated 
	   Cpus                 :     0.88        1         1 
	   Disk (KB)            :  1639           1   3637421 
	   Memory (MB)          :  3962        6144      6144 

	Job terminated of its own accord at 2022-01-31T14:53:28Z.
...
000 (85202.000.000) 2022-02-04 10:27:48 Job submitted from host: <194.36.1.200:9618?addrs=194.36.1.200-9618&alias=hex.ppe.gla.ac.uk&noUDP&sock=schedd_1448_c939>
...
040 (85202.000.000) 2022-02-04 10:36:28 Started transferring input files
	Transferring to host: <192.168.16.104:9618?addrs=192.168.16.104-9618&alias=condor-h16-04.ppe.cluster&noUDP&sock=slot1_6_31468_cd79_35768>
...
040 (85202.000.000) 2022-02-04 10:36:28 Finished transferring input files
...
001 (85202.000.000) 2022-02-04 10:36:29 Job executing on host: <192.168.16.104:9618?addrs=192.168.16.104-9618&alias=condor-h16-04.ppe.cluster&noUDP&sock=startd_2491_3281>
...
006 (85202.000.000) 2022-02-04 10:36:37 Image size of job updated: 516372
	159  -  MemoryUsage of job (MB)
	162360  -  ResidentSetSize of job (KB)
...
006 (85202.000.000) 2022-02-04 10:38:34 Image size of job updated: 900760
	159  -  MemoryUsage of job (MB)
	162368  -  ResidentSetSize of job (KB)
...
040 (85202.000.000) 2022-02-04 10:38:34 Started transferring output files
...
040 (85202.000.000) 2022-02-04 10:38:34 Finished transferring output files
...
005 (85202.000.000) 2022-02-04 10:38:34 Job terminated.
	(1) Normal termination (return value 0)
		Usr 0 00:02:01, Sys 0 00:00:01  -  Run Remote Usage
		Usr 0 00:00:00, Sys 0 00:00:00  -  Run Local Usage
		Usr 0 00:02:01, Sys 0 00:00:01  -  Total Remote Usage
		Usr 0 00:00:00, Sys 0 00:00:00  -  Total Local Usage
	502252  -  Run Bytes Sent By Job
	241  -  Run Bytes Received By Job
	502252  -  Total Bytes Sent By Job
	241  -  Total Bytes Received By Job
	Partitionable Resources :    Usage  Request Allocated 
	   Cpus                 :                 1         1 
	   Disk (KB)            :      500        1    861476 
	   Memory (MB)          :      159     6144      6144 

	Job terminated of its own accord at 2022-02-04T10:38:34Z.
...
000 (85331.000.000) 2022-02-05 21:30:40 Job submitted from host: <194.36.1.200:9618?addrs=194.36.1.200-9618&alias=hex.ppe.gla.ac.uk&noUDP&sock=schedd_1448_c939>
...
040 (85331.000.000) 2022-02-05 21:39:01 Started transferring input files
	Transferring to host: <192.168.16.111:9618?addrs=192.168.16.111-9618&alias=condor-d19-01.ppe.cluster&noUDP&sock=slot1_3_191214_4f99_93989>
...
040 (85331.000.000) 2022-02-05 21:39:01 Finished transferring input files
...
001 (85331.000.000) 2022-02-05 21:39:02 Job executing on host: <192.168.16.111:9618?addrs=192.168.16.111-9618&alias=condor-d19-01.ppe.cluster&noUDP&sock=startd_9802_ef68>
...
006 (85331.000.000) 2022-02-05 21:39:10 Image size of job updated: 534028
	166  -  MemoryUsage of job (MB)
	169708  -  ResidentSetSize of job (KB)
...
006 (85331.000.000) 2022-02-05 21:44:10 Image size of job updated: 1733608
	1008  -  MemoryUsage of job (MB)
	1031296  -  ResidentSetSize of job (KB)
...
006 (85331.000.000) 2022-02-05 21:49:11 Image size of job updated: 2691568
	1801  -  MemoryUsage of job (MB)
	1843676  -  ResidentSetSize of job (KB)
...
006 (85331.000.000) 2022-02-05 21:54:11 Image size of job updated: 3781564
	2558  -  MemoryUsage of job (MB)
	2618736  -  ResidentSetSize of job (KB)
...
006 (85331.000.000) 2022-02-05 21:59:11 Image size of job updated: 4868508
	3257  -  MemoryUsage of job (MB)
	3334896  -  ResidentSetSize of job (KB)
...
006 (85331.000.000) 2022-02-05 22:04:12 Image size of job updated: 7038660
	3889  -  MemoryUsage of job (MB)
	3982248  -  ResidentSetSize of job (KB)
...
006 (85331.000.000) 2022-02-05 22:09:12 Image size of job updated: 7221104
	3889  -  MemoryUsage of job (MB)
	3982264  -  ResidentSetSize of job (KB)
...
040 (85331.000.000) 2022-02-05 22:18:30 Started transferring output files
...
040 (85331.000.000) 2022-02-05 22:18:30 Finished transferring output files
...
005 (85331.000.000) 2022-02-05 22:18:30 Job terminated.
	(1) Normal termination (return value 0)
		Usr 0 00:38:33, Sys 0 00:00:42  -  Run Remote Usage
		Usr 0 00:00:00, Sys 0 00:00:00  -  Run Local Usage
		Usr 0 00:38:33, Sys 0 00:00:42  -  Total Remote Usage
		Usr 0 00:00:00, Sys 0 00:00:00  -  Total Local Usage
	1663613  -  Run Bytes Sent By Job
	241  -  Run Bytes Received By Job
	1663613  -  Total Bytes Sent By Job
	241  -  Total Bytes Received By Job
	Partitionable Resources :    Usage  Request Allocated 
	   Cpus                 :     0.99        1         1 
	   Disk (KB)            :  1640           1    825748 
	   Memory (MB)          :  3889        6144      6144 

	Job terminated of its own accord at 2022-02-05T22:18:30Z.
...
000 (233553.000.000) 2022-02-19 12:03:00 Job submitted from host: <194.36.1.200:9618?addrs=194.36.1.200-9618&alias=hex.ppe.gla.ac.uk&noUDP&sock=schedd_1448_c939>
...
040 (233553.000.000) 2022-02-19 12:03:20 Started transferring input files
	Transferring to host: <192.168.16.112:9618?addrs=192.168.16.112-9618&alias=condor-d19-02.ppe.cluster&noUDP&sock=slot1_18_271865_3c88_209721>
...
040 (233553.000.000) 2022-02-19 12:03:20 Finished transferring input files
...
001 (233553.000.000) 2022-02-19 12:03:21 Job executing on host: <192.168.16.112:9618?addrs=192.168.16.112-9618&alias=condor-d19-02.ppe.cluster&noUDP&sock=startd_9793_c30d>
...
006 (233553.000.000) 2022-02-19 12:03:31 Image size of job updated: 525584
	168  -  MemoryUsage of job (MB)
	171380  -  ResidentSetSize of job (KB)
...
006 (233553.000.000) 2022-02-19 12:08:31 Image size of job updated: 1599052
	894  -  MemoryUsage of job (MB)
	915112  -  ResidentSetSize of job (KB)
...
006 (233553.000.000) 2022-02-19 12:13:31 Image size of job updated: 2687864
	1620  -  MemoryUsage of job (MB)
	1657984  -  ResidentSetSize of job (KB)
...
006 (233553.000.000) 2022-02-19 12:18:32 Image size of job updated: 3778308
	2286  -  MemoryUsage of job (MB)
	2340512  -  ResidentSetSize of job (KB)
...
006 (233553.000.000) 2022-02-19 12:23:33 Image size of job updated: 4866092
	2997  -  MemoryUsage of job (MB)
	3068248  -  ResidentSetSize of job (KB)
...
006 (233553.000.000) 2022-02-19 12:28:33 Image size of job updated: 4871928
	3652  -  MemoryUsage of job (MB)
	3739352  -  ResidentSetSize of job (KB)
...
006 (233553.000.000) 2022-02-19 12:33:33 Image size of job updated: 8116780
	4224  -  MemoryUsage of job (MB)
	4325304  -  ResidentSetSize of job (KB)
...
006 (233553.000.000) 2022-02-19 12:38:34 Image size of job updated: 8116780
	4224  -  MemoryUsage of job (MB)
	4325312  -  ResidentSetSize of job (KB)
...
040 (233553.000.000) 2022-02-19 12:47:10 Started transferring output files
...
040 (233553.000.000) 2022-02-19 12:47:10 Finished transferring output files
...
005 (233553.000.000) 2022-02-19 12:47:10 Job terminated.
	(1) Normal termination (return value 0)
		Usr 0 00:42:36, Sys 0 00:00:42  -  Run Remote Usage
		Usr 0 00:00:00, Sys 0 00:00:00  -  Run Local Usage
		Usr 0 00:42:36, Sys 0 00:00:42  -  Total Remote Usage
		Usr 0 00:00:00, Sys 0 00:00:00  -  Total Local Usage
	1667275  -  Run Bytes Sent By Job
	241  -  Run Bytes Received By Job
	1667275  -  Total Bytes Sent By Job
	241  -  Total Bytes Received By Job
	Partitionable Resources :    Usage  Request Allocated 
	   Cpus                 :     1.00        1         1 
	   Disk (KB)            :  1644           1    825748 
	   Memory (MB)          :  4224        6144      6144 

	Job terminated of its own accord at 2022-02-19T12:47:10Z.
...
000 (326007.000.000) 2022-02-28 19:39:41 Job submitted from host: <194.36.1.200:9618?addrs=194.36.1.200-9618&alias=hex.ppe.gla.ac.uk&noUDP&sock=schedd_1448_c939>
...
040 (326007.000.000) 2022-02-28 19:42:05 Started transferring input files
	Transferring to host: <192.168.16.111:9618?addrs=192.168.16.111-9618&alias=condor-d19-01.ppe.cluster&noUDP&sock=slot1_33_191214_4f99_263282>
...
040 (326007.000.000) 2022-02-28 19:42:05 Finished transferring input files
...
001 (326007.000.000) 2022-02-28 19:42:06 Job executing on host: <192.168.16.111:9618?addrs=192.168.16.111-9618&alias=condor-d19-01.ppe.cluster&noUDP&sock=startd_9802_ef68>
...
006 (326007.000.000) 2022-02-28 19:42:15 Image size of job updated: 534032
	158  -  MemoryUsage of job (MB)
	161524  -  ResidentSetSize of job (KB)
...
006 (326007.000.000) 2022-02-28 19:45:00 Image size of job updated: 825460
	158  -  MemoryUsage of job (MB)
	161524  -  ResidentSetSize of job (KB)
...
040 (326007.000.000) 2022-02-28 19:45:00 Started transferring output files
...
040 (326007.000.000) 2022-02-28 19:45:00 Finished transferring output files
...
005 (326007.000.000) 2022-02-28 19:45:01 Job terminated.
	(1) Normal termination (return value 0)
		Usr 0 00:02:52, Sys 0 00:00:01  -  Run Remote Usage
		Usr 0 00:00:00, Sys 0 00:00:00  -  Run Local Usage
		Usr 0 00:02:52, Sys 0 00:00:01  -  Total Remote Usage
		Usr 0 00:00:00, Sys 0 00:00:00  -  Total Local Usage
	502241  -  Run Bytes Sent By Job
	241  -  Run Bytes Received By Job
	502241  -  Total Bytes Sent By Job
	241  -  Total Bytes Received By Job
	Partitionable Resources :    Usage  Request Allocated 
	   Cpus                 :                 1         1 
	   Disk (KB)            :      501        1    825748 
	   Memory (MB)          :      158     6144      6144 

	Job terminated of its own accord at 2022-02-28T19:45:00Z.
...
000 (351909.000.000) 2022-03-01 15:36:49 Job submitted from host: <194.36.1.200:9618?addrs=194.36.1.200-9618&alias=hex.ppe.gla.ac.uk&noUDP&sock=schedd_1448_c939>
...
040 (351909.000.000) 2022-03-01 15:37:09 Started transferring input files
	Transferring to host: <192.168.16.101:9618?addrs=192.168.16.101-9618&alias=condor-h16-01.ppe.cluster&noUDP&sock=slot1_2_17226_0676_112509>
...
040 (351909.000.000) 2022-03-01 15:37:09 Finished transferring input files
...
001 (351909.000.000) 2022-03-01 15:37:10 Job executing on host: <192.168.16.101:9618?addrs=192.168.16.101-9618&alias=condor-h16-01.ppe.cluster&noUDP&sock=startd_2281_279d>
...
006 (351909.000.000) 2022-03-01 15:37:19 Image size of job updated: 542480
	166  -  MemoryUsage of job (MB)
	169884  -  ResidentSetSize of job (KB)
...
006 (351909.000.000) 2022-03-01 15:38:58 Image size of job updated: 825196
	166  -  MemoryUsage of job (MB)
	169888  -  ResidentSetSize of job (KB)
...
040 (351909.000.000) 2022-03-01 15:38:58 Started transferring output files
...
040 (351909.000.000) 2022-03-01 15:38:58 Finished transferring output files
...
005 (351909.000.000) 2022-03-01 15:38:58 Job terminated.
	(1) Normal termination (return value 0)
		Usr 0 00:01:43, Sys 0 00:00:01  -  Run Remote Usage
		Usr 0 00:00:00, Sys 0 00:00:00  -  Run Local Usage
		Usr 0 00:01:43, Sys 0 00:00:01  -  Total Remote Usage
		Usr 0 00:00:00, Sys 0 00:00:00  -  Total Local Usage
	502107  -  Run Bytes Sent By Job
	241  -  Run Bytes Received By Job
	502107  -  Total Bytes Sent By Job
	241  -  Total Bytes Received By Job
	Partitionable Resources :    Usage  Request Allocated 
	   Cpus                 :                 1         1 
	   Disk (KB)            :      500        1    864796 
	   Memory (MB)          :      166     6144      6144 

	Job terminated of its own accord at 2022-03-01T15:38:58Z.
...
000 (352023.000.000) 2022-03-02 17:14:06 Job submitted from host: <194.36.1.200:9618?addrs=194.36.1.200-9618&alias=hex.ppe.gla.ac.uk&noUDP&sock=schedd_1448_c939>
...
040 (352023.000.000) 2022-03-02 17:14:11 Started transferring input files
	Transferring to host: <192.168.16.104:9618?addrs=192.168.16.104-9618&alias=condor-h16-04.ppe.cluster&noUDP&sock=slot1_1_31468_cd79_119407>
...
040 (352023.000.000) 2022-03-02 17:14:11 Finished transferring input files
...
001 (352023.000.000) 2022-03-02 17:14:12 Job executing on host: <192.168.16.104:9618?addrs=192.168.16.104-9618&alias=condor-h16-04.ppe.cluster&noUDP&sock=startd_2491_3281>
...
006 (352023.000.000) 2022-03-02 17:14:21 Image size of job updated: 194716
	178  -  MemoryUsage of job (MB)
	181548  -  ResidentSetSize of job (KB)
...
006 (352023.000.000) 2022-03-02 17:19:22 Image size of job updated: 1599568
	938  -  MemoryUsage of job (MB)
	959528  -  ResidentSetSize of job (KB)
...
006 (352023.000.000) 2022-03-02 17:24:23 Image size of job updated: 2686624
	1545  -  MemoryUsage of job (MB)
	1581196  -  ResidentSetSize of job (KB)
...
006 (352023.000.000) 2022-03-02 17:29:23 Image size of job updated: 3776724
	2118  -  MemoryUsage of job (MB)
	2168488  -  ResidentSetSize of job (KB)
...
006 (352023.000.000) 2022-03-02 17:34:24 Image size of job updated: 3782076
	2675  -  MemoryUsage of job (MB)
	2738604  -  ResidentSetSize of job (KB)
...
006 (352023.000.000) 2022-03-02 17:39:25 Image size of job updated: 4867620
	3250  -  MemoryUsage of job (MB)
	3327272  -  ResidentSetSize of job (KB)
...
006 (352023.000.000) 2022-03-02 17:44:25 Image size of job updated: 7037424
	3877  -  MemoryUsage of job (MB)
	3970008  -  ResidentSetSize of job (KB)
...
006 (352023.000.000) 2022-03-02 17:49:25 Image size of job updated: 7221576
	3877  -  MemoryUsage of job (MB)
	3970024  -  ResidentSetSize of job (KB)
...
040 (352023.000.000) 2022-03-02 17:59:35 Started transferring output files
...
040 (352023.000.000) 2022-03-02 17:59:35 Finished transferring output files
...
005 (352023.000.000) 2022-03-02 17:59:35 Job terminated.
	(1) Normal termination (return value 0)
		Usr 0 00:44:47, Sys 0 00:00:29  -  Run Remote Usage
		Usr 0 00:00:00, Sys 0 00:00:00  -  Run Local Usage
		Usr 0 00:44:47, Sys 0 00:00:29  -  Total Remote Usage
		Usr 0 00:00:00, Sys 0 00:00:00  -  Total Local Usage
	1668233  -  Run Bytes Sent By Job
	241  -  Run Bytes Received By Job
	1668233  -  Total Bytes Sent By Job
	241  -  Total Bytes Received By Job
	Partitionable Resources :    Usage  Request Allocated 
	   Cpus                 :     1.00        1         1 
	   Disk (KB)            :  1645           1    861476 
	   Memory (MB)          :  3877        6144      6144 

	Job terminated of its own accord at 2022-03-02T17:59:35Z.
...
000 (508324.000.000) 2022-03-17 18:54:28 Job submitted from host: <194.36.1.200:9618?addrs=194.36.1.200-9618&alias=hex.ppe.gla.ac.uk&noUDP&sock=schedd_1448_c939>
...
040 (508324.000.000) 2022-03-17 18:54:48 Started transferring input files
	Transferring to host: <192.168.16.102:9618?addrs=192.168.16.102-9618&alias=condor-h16-02.ppe.cluster&noUDP&sock=slot1_3_700_f696_885>
...
040 (508324.000.000) 2022-03-17 18:54:48 Finished transferring input files
...
001 (508324.000.000) 2022-03-17 18:54:49 Job executing on host: <192.168.16.102:9618?addrs=192.168.16.102-9618&alias=condor-h16-02.ppe.cluster&noUDP&sock=startd_2233_3b11>
...
006 (508324.000.000) 2022-03-17 18:54:58 Image size of job updated: 516512
	165  -  MemoryUsage of job (MB)
	168556  -  ResidentSetSize of job (KB)
...
006 (508324.000.000) 2022-03-17 18:59:58 Image size of job updated: 1599340
	877  -  MemoryUsage of job (MB)
	897028  -  ResidentSetSize of job (KB)
...
006 (508324.000.000) 2022-03-17 19:04:58 Image size of job updated: 2687392
	1577  -  MemoryUsage of job (MB)
	1614524  -  ResidentSetSize of job (KB)
...
006 (508324.000.000) 2022-03-17 19:09:59 Image size of job updated: 3778600
	2249  -  MemoryUsage of job (MB)
	2302756  -  ResidentSetSize of job (KB)
...
006 (508324.000.000) 2022-03-17 19:15:00 Image size of job updated: 4864676
	2895  -  MemoryUsage of job (MB)
	2964284  -  ResidentSetSize of job (KB)
...
006 (508324.000.000) 2022-03-17 19:20:00 Image size of job updated: 4870844
	3491  -  MemoryUsage of job (MB)
	3574292  -  ResidentSetSize of job (KB)
...
006 (508324.000.000) 2022-03-17 19:25:01 Image size of job updated: 7040112
	4055  -  MemoryUsage of job (MB)
	4151872  -  ResidentSetSize of job (KB)
...
006 (508324.000.000) 2022-03-17 19:30:02 Image size of job updated: 7221888
	4055  -  MemoryUsage of job (MB)
	4151880  -  ResidentSetSize of job (KB)
...
040 (508324.000.000) 2022-03-17 19:40:16 Started transferring output files
...
040 (508324.000.000) 2022-03-17 19:40:16 Finished transferring output files
...
005 (508324.000.000) 2022-03-17 19:40:16 Job terminated.
	(1) Normal termination (return value 0)
		Usr 0 00:44:46, Sys 0 00:00:37  -  Run Remote Usage
		Usr 0 00:00:00, Sys 0 00:00:00  -  Run Local Usage
		Usr 0 00:44:46, Sys 0 00:00:37  -  Total Remote Usage
		Usr 0 00:00:00, Sys 0 00:00:00  -  Total Local Usage
	1664489  -  Run Bytes Sent By Job
	241  -  Run Bytes Received By Job
	1664489  -  Total Bytes Sent By Job
	241  -  Total Bytes Received By Job
	Partitionable Resources :    Usage  Request Allocated 
	   Cpus                 :     1.00        1         1 
	   Disk (KB)            :  1641           1    864796 
	   Memory (MB)          :  4055        6144      6144 

	Job terminated of its own accord at 2022-03-17T19:40:16Z.
...
000 (508587.000.000) 2022-04-06 12:58:54 Job submitted from host: <194.36.1.200:9618?addrs=194.36.1.200-9618&alias=hex.ppe.gla.ac.uk&noUDP&sock=schedd_1448_c939>
...
040 (508587.000.000) 2022-04-06 12:58:59 Started transferring input files
	Transferring to host: <192.168.16.103:9618?addrs=192.168.16.103-9618&alias=condor-h16-03.ppe.cluster&noUDP&sock=slot1_1_18994_bdbd_3097>
...
040 (508587.000.000) 2022-04-06 12:58:59 Finished transferring input files
...
001 (508587.000.000) 2022-04-06 12:59:00 Job executing on host: <192.168.16.103:9618?addrs=192.168.16.103-9618&alias=condor-h16-03.ppe.cluster&noUDP&sock=startd_2362_b6c9>
...
006 (508587.000.000) 2022-04-06 12:59:08 Image size of job updated: 514416
	157  -  MemoryUsage of job (MB)
	160348  -  ResidentSetSize of job (KB)
...
006 (508587.000.000) 2022-04-06 13:04:08 Image size of job updated: 1599880
	947  -  MemoryUsage of job (MB)
	969204  -  ResidentSetSize of job (KB)
...
006 (508587.000.000) 2022-04-06 13:09:09 Image size of job updated: 2690308
	1723  -  MemoryUsage of job (MB)
	1763984  -  ResidentSetSize of job (KB)
...
006 (508587.000.000) 2022-04-06 13:14:10 Image size of job updated: 3780020
	2461  -  MemoryUsage of job (MB)
	2519240  -  ResidentSetSize of job (KB)
...
006 (508587.000.000) 2022-04-06 13:19:10 Image size of job updated: 4867504
	3168  -  MemoryUsage of job (MB)
	3243964  -  ResidentSetSize of job (KB)
...
006 (508587.000.000) 2022-04-06 13:24:11 Image size of job updated: 7037072
	3804  -  MemoryUsage of job (MB)
	3894908  -  ResidentSetSize of job (KB)
...
006 (508587.000.000) 2022-04-06 13:29:12 Image size of job updated: 7221912
	5155  -  MemoryUsage of job (MB)
	5278312  -  ResidentSetSize of job (KB)
...
040 (508587.000.000) 2022-04-06 13:39:47 Started transferring output files
...
040 (508587.000.000) 2022-04-06 13:39:47 Finished transferring output files
...
005 (508587.000.000) 2022-04-06 13:39:47 Job terminated.
	(1) Normal termination (return value 0)
		Usr 0 00:40:00, Sys 0 00:00:37  -  Run Remote Usage
		Usr 0 00:00:00, Sys 0 00:00:00  -  Run Local Usage
		Usr 0 00:40:00, Sys 0 00:00:37  -  Total Remote Usage
		Usr 0 00:00:00, Sys 0 00:00:00  -  Total Local Usage
	1668435  -  Run Bytes Sent By Job
	241  -  Run Bytes Received By Job
	1668435  -  Total Bytes Sent By Job
	241  -  Total Bytes Received By Job
	Partitionable Resources :    Usage  Request Allocated 
	   Cpus                 :     1.00        1         1 
	   Disk (KB)            :  1645           1    861476 
	   Memory (MB)          :  5155        6144      6144 

	Job terminated of its own accord at 2022-04-06T12:39:47Z.
...
