000 (39211.000.000) 2021-07-21 04:17:07 Job submitted from host: <194.36.1.200:9618?addrs=194.36.1.200-9618&alias=hex.ppe.gla.ac.uk&noUDP&sock=schedd_1401_8c46>
...
040 (39211.000.000) 2021-07-21 04:17:28 Started transferring input files
	Transferring to host: <192.168.16.103:9618?addrs=192.168.16.103-9618&alias=condor-h16-03.ppe.cluster&noUDP&sock=slot1_1_22104_047c_326>
...
040 (39211.000.000) 2021-07-21 04:17:28 Finished transferring input files
...
001 (39211.000.000) 2021-07-21 04:17:29 Job executing on host: <192.168.16.103:9618?addrs=192.168.16.103-9618&alias=condor-h16-03.ppe.cluster&noUDP&sock=startd_20690_3293>
...
006 (39211.000.000) 2021-07-21 04:17:37 Image size of job updated: 186332
	168  -  MemoryUsage of job (MB)
	171588  -  ResidentSetSize of job (KB)
...
006 (39211.000.000) 2021-07-21 04:22:37 Image size of job updated: 1599476
	949  -  MemoryUsage of job (MB)
	971076  -  ResidentSetSize of job (KB)
...
006 (39211.000.000) 2021-07-21 04:27:37 Image size of job updated: 2689164
	1706  -  MemoryUsage of job (MB)
	1746120  -  ResidentSetSize of job (KB)
...
006 (39211.000.000) 2021-07-21 04:32:39 Image size of job updated: 3779612
	2426  -  MemoryUsage of job (MB)
	2483928  -  ResidentSetSize of job (KB)
...
006 (39211.000.000) 2021-07-21 04:37:39 Image size of job updated: 4866624
	3128  -  MemoryUsage of job (MB)
	3202300  -  ResidentSetSize of job (KB)
...
006 (39211.000.000) 2021-07-21 04:42:39 Image size of job updated: 4872644
	3753  -  MemoryUsage of job (MB)
	3842604  -  ResidentSetSize of job (KB)
...
006 (39211.000.000) 2021-07-21 04:47:40 Image size of job updated: 7044296
	4362  -  MemoryUsage of job (MB)
	4466200  -  ResidentSetSize of job (KB)
...
006 (39211.000.000) 2021-07-21 04:52:41 Image size of job updated: 7221044
	4362  -  MemoryUsage of job (MB)
	4466200  -  ResidentSetSize of job (KB)
...
040 (39211.000.000) 2021-07-21 04:56:27 Started transferring output files
...
040 (39211.000.000) 2021-07-21 04:56:27 Finished transferring output files
...
005 (39211.000.000) 2021-07-21 04:56:28 Job terminated.
	(1) Normal termination (return value 1)
		Usr 0 00:38:33, Sys 0 00:00:21  -  Run Remote Usage
		Usr 0 00:00:00, Sys 0 00:00:00  -  Run Local Usage
		Usr 0 00:38:33, Sys 0 00:00:21  -  Total Remote Usage
		Usr 0 00:00:00, Sys 0 00:00:00  -  Total Local Usage
	38910  -  Run Bytes Sent By Job
	241  -  Run Bytes Received By Job
	38910  -  Total Bytes Sent By Job
	241  -  Total Bytes Received By Job
	Partitionable Resources :    Usage  Request Allocated 
	   Cpus                 :     1.00        1         1 
	   Disk (KB)            :    53           1    861476 
	   Memory (MB)          :  4362        6144      6144 

	Job terminated of its own accord at 2021-07-21T03:56:27Z.
...
000 (39648.000.000) 2021-07-23 01:23:31 Job submitted from host: <194.36.1.200:9618?addrs=194.36.1.200-9618&alias=hex.ppe.gla.ac.uk&noUDP&sock=schedd_1401_8c46>
...
040 (39648.000.000) 2021-07-23 01:23:37 Started transferring input files
	Transferring to host: <192.168.16.112:9618?addrs=192.168.16.112-9618&alias=condor-d19-02.ppe.cluster&noUDP&sock=slot1_1_174254_74e7_602>
...
040 (39648.000.000) 2021-07-23 01:23:37 Finished transferring input files
...
001 (39648.000.000) 2021-07-23 01:23:38 Job executing on host: <192.168.16.112:9618?addrs=192.168.16.112-9618&alias=condor-d19-02.ppe.cluster&noUDP&sock=startd_2914_5710>
...
006 (39648.000.000) 2021-07-23 01:23:47 Image size of job updated: 174020
	170  -  MemoryUsage of job (MB)
	174020  -  ResidentSetSize of job (KB)
...
006 (39648.000.000) 2021-07-23 01:28:48 Image size of job updated: 2142384
	1109  -  MemoryUsage of job (MB)
	1134884  -  ResidentSetSize of job (KB)
...
006 (39648.000.000) 2021-07-23 01:33:48 Image size of job updated: 3775872
	2017  -  MemoryUsage of job (MB)
	2065040  -  ResidentSetSize of job (KB)
...
006 (39648.000.000) 2021-07-23 01:38:49 Image size of job updated: 4864288
	2858  -  MemoryUsage of job (MB)
	2926044  -  ResidentSetSize of job (KB)
...
006 (39648.000.000) 2021-07-23 01:43:50 Image size of job updated: 4871360
	3618  -  MemoryUsage of job (MB)
	3704072  -  ResidentSetSize of job (KB)
...
006 (39648.000.000) 2021-07-23 01:48:50 Image size of job updated: 7044296
	4311  -  MemoryUsage of job (MB)
	4414332  -  ResidentSetSize of job (KB)
...
006 (39648.000.000) 2021-07-23 01:53:52 Image size of job updated: 7221044
	4311  -  MemoryUsage of job (MB)
	4414332  -  ResidentSetSize of job (KB)
...
040 (39648.000.000) 2021-07-23 01:56:43 Started transferring output files
...
040 (39648.000.000) 2021-07-23 01:56:43 Finished transferring output files
...
005 (39648.000.000) 2021-07-23 01:56:43 Job terminated.
	(1) Normal termination (return value 1)
		Usr 0 00:31:52, Sys 0 00:00:35  -  Run Remote Usage
		Usr 0 00:00:00, Sys 0 00:00:00  -  Run Local Usage
		Usr 0 00:31:52, Sys 0 00:00:35  -  Total Remote Usage
		Usr 0 00:00:00, Sys 0 00:00:00  -  Total Local Usage
	38931  -  Run Bytes Sent By Job
	241  -  Run Bytes Received By Job
	38931  -  Total Bytes Sent By Job
	241  -  Total Bytes Received By Job
	Partitionable Resources :    Usage  Request Allocated 
	   Cpus                 :     0.99        1         1 
	   Disk (KB)            :    53           1    825748 
	   Memory (MB)          :  4311        6144      6144 

	Job terminated of its own accord at 2021-07-23T00:56:43Z.
...
000 (40050.000.000) 2021-07-25 11:07:46 Job submitted from host: <194.36.1.200:9618?addrs=194.36.1.200-9618&alias=hex.ppe.gla.ac.uk&noUDP&sock=schedd_1401_8c46>
...
040 (40050.000.000) 2021-07-25 11:07:53 Started transferring input files
	Transferring to host: <192.168.16.112:9618?addrs=192.168.16.112-9618&alias=condor-d19-02.ppe.cluster&noUDP&sock=slot1_1_174254_74e7_672>
...
040 (40050.000.000) 2021-07-25 11:07:53 Finished transferring input files
...
001 (40050.000.000) 2021-07-25 11:07:54 Job executing on host: <192.168.16.112:9618?addrs=192.168.16.112-9618&alias=condor-d19-02.ppe.cluster&noUDP&sock=startd_2914_5710>
...
006 (40050.000.000) 2021-07-25 11:08:03 Image size of job updated: 219440
	182  -  MemoryUsage of job (MB)
	185884  -  ResidentSetSize of job (KB)
...
006 (40050.000.000) 2021-07-25 11:13:03 Image size of job updated: 2142388
	1122  -  MemoryUsage of job (MB)
	1148776  -  ResidentSetSize of job (KB)
...
006 (40050.000.000) 2021-07-25 11:18:03 Image size of job updated: 3775880
	2028  -  MemoryUsage of job (MB)
	2075836  -  ResidentSetSize of job (KB)
...
006 (40050.000.000) 2021-07-25 11:23:04 Image size of job updated: 4864292
	2919  -  MemoryUsage of job (MB)
	2988920  -  ResidentSetSize of job (KB)
...
006 (40050.000.000) 2021-07-25 11:28:04 Image size of job updated: 4872248
	3707  -  MemoryUsage of job (MB)
	3795596  -  ResidentSetSize of job (KB)
...
006 (40050.000.000) 2021-07-25 11:33:04 Image size of job updated: 7221048
	5184  -  MemoryUsage of job (MB)
	5307484  -  ResidentSetSize of job (KB)
...
040 (40050.000.000) 2021-07-25 11:41:38 Started transferring output files
...
040 (40050.000.000) 2021-07-25 11:41:38 Finished transferring output files
...
005 (40050.000.000) 2021-07-25 11:41:38 Job terminated.
	(1) Normal termination (return value 0)
		Usr 0 00:32:42, Sys 0 00:00:18  -  Run Remote Usage
		Usr 0 00:00:00, Sys 0 00:00:00  -  Run Local Usage
		Usr 0 00:32:42, Sys 0 00:00:18  -  Total Remote Usage
		Usr 0 00:00:00, Sys 0 00:00:00  -  Total Local Usage
	486877  -  Run Bytes Sent By Job
	241  -  Run Bytes Received By Job
	486877  -  Total Bytes Sent By Job
	241  -  Total Bytes Received By Job
	Partitionable Resources :    Usage  Request Allocated 
	   Cpus                 :     1.00        1         1 
	   Disk (KB)            :   491           1    825748 
	   Memory (MB)          :  5184        6144      6144 

	Job terminated of its own accord at 2021-07-25T10:41:38Z.
...
000 (41164.000.000) 2021-07-29 12:22:29 Job submitted from host: <194.36.1.200:9618?addrs=194.36.1.200-9618&alias=hex.ppe.gla.ac.uk&noUDP&sock=schedd_1401_8c46>
...
040 (41164.000.000) 2021-07-29 12:22:49 Started transferring input files
	Transferring to host: <192.168.16.103:9618?addrs=192.168.16.103-9618&alias=condor-h16-03.ppe.cluster&noUDP&sock=slot1_1_14413_0323_19>
...
040 (41164.000.000) 2021-07-29 12:22:49 Finished transferring input files
...
001 (41164.000.000) 2021-07-29 12:22:50 Job executing on host: <192.168.16.103:9618?addrs=192.168.16.103-9618&alias=condor-h16-03.ppe.cluster&noUDP&sock=startd_20690_3293>
...
006 (41164.000.000) 2021-07-29 12:22:59 Image size of job updated: 204424
	181  -  MemoryUsage of job (MB)
	185084  -  ResidentSetSize of job (KB)
...
006 (41164.000.000) 2021-07-29 12:23:26 Image size of job updated: 610528
	181  -  MemoryUsage of job (MB)
	185084  -  ResidentSetSize of job (KB)
...
040 (41164.000.000) 2021-07-29 12:23:26 Started transferring output files
...
040 (41164.000.000) 2021-07-29 12:23:26 Finished transferring output files
...
005 (41164.000.000) 2021-07-29 12:23:26 Job terminated.
	(1) Normal termination (return value 134)
		Usr 0 00:00:33, Sys 0 00:00:01  -  Run Remote Usage
		Usr 0 00:00:00, Sys 0 00:00:00  -  Run Local Usage
		Usr 0 00:00:33, Sys 0 00:00:01  -  Total Remote Usage
		Usr 0 00:00:00, Sys 0 00:00:00  -  Total Local Usage
	10543  -  Run Bytes Sent By Job
	241  -  Run Bytes Received By Job
	10543  -  Total Bytes Sent By Job
	241  -  Total Bytes Received By Job
	Partitionable Resources :    Usage  Request Allocated 
	   Cpus                 :                 1         1 
	   Disk (KB)            :       20        1    861476 
	   Memory (MB)          :      181     6144      6144 

	Job terminated of its own accord at 2021-07-29T11:23:26Z.
...
000 (41265.000.000) 2021-07-29 14:17:41 Job submitted from host: <194.36.1.200:9618?addrs=194.36.1.200-9618&alias=hex.ppe.gla.ac.uk&noUDP&sock=schedd_1401_8c46>
...
040 (41265.000.000) 2021-07-29 14:18:01 Started transferring input files
	Transferring to host: <192.168.16.103:9618?addrs=192.168.16.103-9618&alias=condor-h16-03.ppe.cluster&noUDP&sock=slot1_1_14413_0323_31>
...
040 (41265.000.000) 2021-07-29 14:18:01 Finished transferring input files
...
001 (41265.000.000) 2021-07-29 14:18:02 Job executing on host: <192.168.16.103:9618?addrs=192.168.16.103-9618&alias=condor-h16-03.ppe.cluster&noUDP&sock=startd_20690_3293>
...
006 (41265.000.000) 2021-07-29 14:18:11 Image size of job updated: 198096
	178  -  MemoryUsage of job (MB)
	181756  -  ResidentSetSize of job (KB)
...
006 (41265.000.000) 2021-07-29 14:20:04 Image size of job updated: 833140
	178  -  MemoryUsage of job (MB)
	181760  -  ResidentSetSize of job (KB)
...
040 (41265.000.000) 2021-07-29 14:20:04 Started transferring output files
...
040 (41265.000.000) 2021-07-29 14:20:04 Finished transferring output files
...
005 (41265.000.000) 2021-07-29 14:20:04 Job terminated.
	(1) Normal termination (return value 0)
		Usr 0 00:01:57, Sys 0 00:00:01  -  Run Remote Usage
		Usr 0 00:00:00, Sys 0 00:00:00  -  Run Local Usage
		Usr 0 00:01:57, Sys 0 00:00:01  -  Total Remote Usage
		Usr 0 00:00:00, Sys 0 00:00:00  -  Total Local Usage
	484778  -  Run Bytes Sent By Job
	241  -  Run Bytes Received By Job
	484778  -  Total Bytes Sent By Job
	241  -  Total Bytes Received By Job
	Partitionable Resources :    Usage  Request Allocated 
	   Cpus                 :     1.00        1         1 
	   Disk (KB)            :   489           1    861476 
	   Memory (MB)          :   178        6144      6144 

	Job terminated of its own accord at 2021-07-29T13:20:04Z.
...
000 (41501.000.000) 2021-07-30 22:55:29 Job submitted from host: <194.36.1.200:9618?addrs=194.36.1.200-9618&alias=hex.ppe.gla.ac.uk&noUDP&sock=schedd_1401_8c46>
...
040 (41501.000.000) 2021-07-30 22:55:49 Started transferring input files
	Transferring to host: <192.168.16.103:9618?addrs=192.168.16.103-9618&alias=condor-h16-03.ppe.cluster&noUDP&sock=slot1_1_29705_9c11_5>
...
040 (41501.000.000) 2021-07-30 22:55:49 Finished transferring input files
...
001 (41501.000.000) 2021-07-30 22:55:50 Job executing on host: <192.168.16.103:9618?addrs=192.168.16.103-9618&alias=condor-h16-03.ppe.cluster&noUDP&sock=startd_20690_3293>
...
006 (41501.000.000) 2021-07-30 22:55:58 Image size of job updated: 203660
	167  -  MemoryUsage of job (MB)
	170096  -  ResidentSetSize of job (KB)
...
006 (41501.000.000) 2021-07-30 23:00:58 Image size of job updated: 1599476
	948  -  MemoryUsage of job (MB)
	970168  -  ResidentSetSize of job (KB)
...
006 (41501.000.000) 2021-07-30 23:05:59 Image size of job updated: 2689904
	1703  -  MemoryUsage of job (MB)
	1743032  -  ResidentSetSize of job (KB)
...
006 (41501.000.000) 2021-07-30 23:11:00 Image size of job updated: 3779616
	2439  -  MemoryUsage of job (MB)
	2496616  -  ResidentSetSize of job (KB)
...
006 (41501.000.000) 2021-07-30 23:16:00 Image size of job updated: 4867100
	3143  -  MemoryUsage of job (MB)
	3218172  -  ResidentSetSize of job (KB)
...
006 (41501.000.000) 2021-07-30 23:21:00 Image size of job updated: 7035332
	3770  -  MemoryUsage of job (MB)
	3860364  -  ResidentSetSize of job (KB)
...
006 (41501.000.000) 2021-07-30 23:26:01 Image size of job updated: 7053304
	3770  -  MemoryUsage of job (MB)
	3860364  -  ResidentSetSize of job (KB)
...
006 (41501.000.000) 2021-07-30 23:31:01 Image size of job updated: 7221044
	3770  -  MemoryUsage of job (MB)
	3860364  -  ResidentSetSize of job (KB)
...
040 (41501.000.000) 2021-07-30 23:36:57 Started transferring output files
...
040 (41501.000.000) 2021-07-30 23:36:57 Finished transferring output files
...
005 (41501.000.000) 2021-07-30 23:36:57 Job terminated.
	(1) Normal termination (return value 0)
		Usr 0 00:40:06, Sys 0 00:00:40  -  Run Remote Usage
		Usr 0 00:00:00, Sys 0 00:00:00  -  Run Local Usage
		Usr 0 00:40:06, Sys 0 00:00:40  -  Total Remote Usage
		Usr 0 00:00:00, Sys 0 00:00:00  -  Total Local Usage
	484122  -  Run Bytes Sent By Job
	241  -  Run Bytes Received By Job
	484122  -  Total Bytes Sent By Job
	241  -  Total Bytes Received By Job
	Partitionable Resources :    Usage  Request Allocated 
	   Cpus                 :     0.97        1         1 
	   Disk (KB)            :   488           1    861476 
	   Memory (MB)          :  3770        6144      6144 

	Job terminated of its own accord at 2021-07-30T22:36:57Z.
...
000 (48296.000.000) 2021-09-11 18:31:32 Job submitted from host: <194.36.1.200:9618?addrs=194.36.1.200-9618&alias=hex.ppe.gla.ac.uk&noUDP&sock=schedd_1448_c939>
...
040 (48296.000.000) 2021-09-11 18:31:45 Started transferring input files
	Transferring to host: <192.168.16.112:9618?addrs=192.168.16.112-9618&alias=condor-d19-02.ppe.cluster&noUDP&sock=slot1_1_280066_9536_202>
...
040 (48296.000.000) 2021-09-11 18:31:45 Finished transferring input files
...
001 (48296.000.000) 2021-09-11 18:31:46 Job executing on host: <192.168.16.112:9618?addrs=192.168.16.112-9618&alias=condor-d19-02.ppe.cluster&noUDP&sock=startd_9793_c30d>
...
006 (48296.000.000) 2021-09-11 18:31:54 Image size of job updated: 212996
	176  -  MemoryUsage of job (MB)
	179440  -  ResidentSetSize of job (KB)
...
006 (48296.000.000) 2021-09-11 18:36:54 Image size of job updated: 2142416
	1139  -  MemoryUsage of job (MB)
	1165628  -  ResidentSetSize of job (KB)
...
006 (48296.000.000) 2021-09-11 18:41:56 Image size of job updated: 3775904
	2068  -  MemoryUsage of job (MB)
	2117204  -  ResidentSetSize of job (KB)
...
006 (48296.000.000) 2021-09-11 18:46:56 Image size of job updated: 4864320
	2952  -  MemoryUsage of job (MB)
	3021956  -  ResidentSetSize of job (KB)
...
006 (48296.000.000) 2021-09-11 18:51:56 Image size of job updated: 4872676
	3784  -  MemoryUsage of job (MB)
	3874080  -  ResidentSetSize of job (KB)
...
006 (48296.000.000) 2021-09-11 18:56:57 Image size of job updated: 7221052
	3784  -  MemoryUsage of job (MB)
	3874080  -  ResidentSetSize of job (KB)
...
040 (48296.000.000) 2021-09-11 19:04:55 Started transferring output files
...
040 (48296.000.000) 2021-09-11 19:04:55 Finished transferring output files
...
005 (48296.000.000) 2021-09-11 19:04:55 Job terminated.
	(1) Normal termination (return value 0)
		Usr 0 00:32:30, Sys 0 00:00:17  -  Run Remote Usage
		Usr 0 00:00:00, Sys 0 00:00:00  -  Run Local Usage
		Usr 0 00:32:30, Sys 0 00:00:17  -  Total Remote Usage
		Usr 0 00:00:00, Sys 0 00:00:00  -  Total Local Usage
	483103  -  Run Bytes Sent By Job
	241  -  Run Bytes Received By Job
	483103  -  Total Bytes Sent By Job
	241  -  Total Bytes Received By Job
	Partitionable Resources :    Usage  Request Allocated 
	   Cpus                 :     1.00        1         1 
	   Disk (KB)            :   487           1    825748 
	   Memory (MB)          :  3784        6144      6144 

	Job terminated of its own accord at 2021-09-11T18:04:55Z.
...
000 (53539.000.000) 2021-10-19 18:18:14 Job submitted from host: <194.36.1.200:9618?addrs=194.36.1.200-9618&alias=hex.ppe.gla.ac.uk&noUDP&sock=schedd_1448_c939>
...
040 (53539.000.000) 2021-10-19 18:18:35 Started transferring input files
	Transferring to host: <192.168.16.103:9618?addrs=192.168.16.103-9618&alias=condor-h16-03.ppe.cluster&noUDP&sock=slot1_1_8878_1aa2_2351>
...
040 (53539.000.000) 2021-10-19 18:18:35 Finished transferring input files
...
001 (53539.000.000) 2021-10-19 18:18:36 Job executing on host: <192.168.16.103:9618?addrs=192.168.16.103-9618&alias=condor-h16-03.ppe.cluster&noUDP&sock=startd_2362_b6c9>
...
006 (53539.000.000) 2021-10-19 18:18:44 Image size of job updated: 200168
	177  -  MemoryUsage of job (MB)
	180976  -  ResidentSetSize of job (KB)
...
006 (53539.000.000) 2021-10-19 18:23:44 Image size of job updated: 1599480
	956  -  MemoryUsage of job (MB)
	978916  -  ResidentSetSize of job (KB)
...
006 (53539.000.000) 2021-10-19 18:28:45 Image size of job updated: 2689908
	1717  -  MemoryUsage of job (MB)
	1757652  -  ResidentSetSize of job (KB)
...
006 (53539.000.000) 2021-10-19 18:33:45 Image size of job updated: 3779620
	2462  -  MemoryUsage of job (MB)
	2520572  -  ResidentSetSize of job (KB)
...
006 (53539.000.000) 2021-10-19 18:38:45 Image size of job updated: 4866632
	3180  -  MemoryUsage of job (MB)
	3255796  -  ResidentSetSize of job (KB)
...
006 (53539.000.000) 2021-10-19 18:43:46 Image size of job updated: 7035696
	3826  -  MemoryUsage of job (MB)
	3917376  -  ResidentSetSize of job (KB)
...
006 (53539.000.000) 2021-10-19 18:48:47 Image size of job updated: 7254712
	5231  -  MemoryUsage of job (MB)
	5356260  -  ResidentSetSize of job (KB)
...
040 (53539.000.000) 2021-10-19 18:58:52 Started transferring output files
...
040 (53539.000.000) 2021-10-19 18:58:52 Finished transferring output files
...
005 (53539.000.000) 2021-10-19 18:58:52 Job terminated.
	(1) Normal termination (return value 0)
		Usr 0 00:39:51, Sys 0 00:00:17  -  Run Remote Usage
		Usr 0 00:00:00, Sys 0 00:00:00  -  Run Local Usage
		Usr 0 00:39:51, Sys 0 00:00:17  -  Total Remote Usage
		Usr 0 00:00:00, Sys 0 00:00:00  -  Total Local Usage
	484315  -  Run Bytes Sent By Job
	241  -  Run Bytes Received By Job
	484315  -  Total Bytes Sent By Job
	241  -  Total Bytes Received By Job
	Partitionable Resources :    Usage  Request Allocated 
	   Cpus                 :     1.00        1         1 
	   Disk (KB)            :   488           1    861476 
	   Memory (MB)          :  5231        6144      6144 

	Job terminated of its own accord at 2021-10-19T17:58:51Z.
...
000 (62465.000.000) 2021-11-18 12:35:59 Job submitted from host: <194.36.1.200:9618?addrs=194.36.1.200-9618&alias=hex.ppe.gla.ac.uk&noUDP&sock=schedd_1448_c939>
...
040 (62465.000.000) 2021-11-18 12:36:19 Started transferring input files
	Transferring to host: <192.168.16.104:9618?addrs=192.168.16.104-9618&alias=condor-h16-04.ppe.cluster&noUDP&sock=slot1_1_16250_584e_2712>
...
040 (62465.000.000) 2021-11-18 12:36:19 Finished transferring input files
...
001 (62465.000.000) 2021-11-18 12:36:20 Job executing on host: <192.168.16.104:9618?addrs=192.168.16.104-9618&alias=condor-h16-04.ppe.cluster&noUDP&sock=startd_2491_3281>
...
006 (62465.000.000) 2021-11-18 12:36:29 Image size of job updated: 189248
	170  -  MemoryUsage of job (MB)
	173284  -  ResidentSetSize of job (KB)
...
006 (62465.000.000) 2021-11-18 12:41:30 Image size of job updated: 1598988
	884  -  MemoryUsage of job (MB)
	904540  -  ResidentSetSize of job (KB)
...
006 (62465.000.000) 2021-11-18 12:46:30 Image size of job updated: 2687800
	1637  -  MemoryUsage of job (MB)
	1675612  -  ResidentSetSize of job (KB)
...
006 (62465.000.000) 2021-11-18 12:51:30 Image size of job updated: 3778896
	2358  -  MemoryUsage of job (MB)
	2414536  -  ResidentSetSize of job (KB)
...
006 (62465.000.000) 2021-11-18 12:56:31 Image size of job updated: 4866028
	3077  -  MemoryUsage of job (MB)
	3149948  -  ResidentSetSize of job (KB)
...
006 (62465.000.000) 2021-11-18 13:01:31 Image size of job updated: 4871396
	3654  -  MemoryUsage of job (MB)
	3741632  -  ResidentSetSize of job (KB)
...
006 (62465.000.000) 2021-11-18 13:06:31 Image size of job updated: 8116716
	4167  -  MemoryUsage of job (MB)
	4266036  -  ResidentSetSize of job (KB)
...
006 (62465.000.000) 2021-11-18 13:11:32 Image size of job updated: 8116716
	4167  -  MemoryUsage of job (MB)
	4266044  -  ResidentSetSize of job (KB)
...
040 (62465.000.000) 2021-11-18 13:21:53 Started transferring output files
...
040 (62465.000.000) 2021-11-18 13:21:53 Finished transferring output files
...
005 (62465.000.000) 2021-11-18 13:21:53 Job terminated.
	(1) Normal termination (return value 0)
		Usr 0 00:44:12, Sys 0 00:00:37  -  Run Remote Usage
		Usr 0 00:00:00, Sys 0 00:00:00  -  Run Local Usage
		Usr 0 00:44:12, Sys 0 00:00:37  -  Total Remote Usage
		Usr 0 00:00:00, Sys 0 00:00:00  -  Total Local Usage
	1702387  -  Run Bytes Sent By Job
	241  -  Run Bytes Received By Job
	1702387  -  Total Bytes Sent By Job
	241  -  Total Bytes Received By Job
	Partitionable Resources :    Usage  Request Allocated 
	   Cpus                 :     1.00        1         1 
	   Disk (KB)            :  1678           1    861476 
	   Memory (MB)          :  4167        6144      6144 

	Job terminated of its own accord at 2021-11-18T13:21:52Z.
...
000 (81464.000.000) 2022-01-27 15:12:22 Job submitted from host: <194.36.1.200:9618?addrs=194.36.1.200-9618&alias=hex.ppe.gla.ac.uk&noUDP&sock=schedd_1448_c939>
...
040 (81464.000.000) 2022-01-27 15:12:42 Started transferring input files
	Transferring to host: <192.168.16.104:9618?addrs=192.168.16.104-9618&alias=condor-h16-04.ppe.cluster&noUDP&sock=slot1_1_31468_cd79_9257>
...
040 (81464.000.000) 2022-01-27 15:12:42 Finished transferring input files
...
001 (81464.000.000) 2022-01-27 15:12:43 Job executing on host: <192.168.16.104:9618?addrs=192.168.16.104-9618&alias=condor-h16-04.ppe.cluster&noUDP&sock=startd_2491_3281>
...
006 (81464.000.000) 2022-01-27 15:12:52 Image size of job updated: 512148
	158  -  MemoryUsage of job (MB)
	161524  -  ResidentSetSize of job (KB)
...
006 (81464.000.000) 2022-01-27 15:15:00 Image size of job updated: 833104
	158  -  MemoryUsage of job (MB)
	161524  -  ResidentSetSize of job (KB)
...
040 (81464.000.000) 2022-01-27 15:15:00 Started transferring output files
...
040 (81464.000.000) 2022-01-27 15:15:00 Finished transferring output files
...
005 (81464.000.000) 2022-01-27 15:15:00 Job terminated.
	(1) Normal termination (return value 0)
		Usr 0 00:02:10, Sys 0 00:00:01  -  Run Remote Usage
		Usr 0 00:00:00, Sys 0 00:00:00  -  Run Local Usage
		Usr 0 00:02:10, Sys 0 00:00:01  -  Total Remote Usage
		Usr 0 00:00:00, Sys 0 00:00:00  -  Total Local Usage
	509722  -  Run Bytes Sent By Job
	241  -  Run Bytes Received By Job
	509722  -  Total Bytes Sent By Job
	241  -  Total Bytes Received By Job
	Partitionable Resources :    Usage  Request Allocated 
	   Cpus                 :     0.95        1         1 
	   Disk (KB)            :   513           1    861476 
	   Memory (MB)          :   158        6144      6144 

	Job terminated of its own accord at 2022-01-27T15:15:00Z.
...
000 (81612.000.000) 2022-01-28 14:01:00 Job submitted from host: <194.36.1.200:9618?addrs=194.36.1.200-9618&alias=hex.ppe.gla.ac.uk&noUDP&sock=schedd_1448_c939>
...
040 (81612.000.000) 2022-01-28 14:07:21 Started transferring input files
	Transferring to host: <192.168.16.101:9618?addrs=192.168.16.101-9618&alias=condor-h16-01.ppe.cluster&noUDP&sock=slot1_3_17226_0676_11271>
...
040 (81612.000.000) 2022-01-28 14:07:21 Finished transferring input files
...
001 (81612.000.000) 2022-01-28 14:07:22 Job executing on host: <192.168.16.101:9618?addrs=192.168.16.101-9618&alias=condor-h16-01.ppe.cluster&noUDP&sock=startd_2281_279d>
...
006 (81612.000.000) 2022-01-28 14:07:30 Image size of job updated: 521360
	159  -  MemoryUsage of job (MB)
	161952  -  ResidentSetSize of job (KB)
...
006 (81612.000.000) 2022-01-28 14:09:30 Image size of job updated: 833172
	159  -  MemoryUsage of job (MB)
	161952  -  ResidentSetSize of job (KB)
...
040 (81612.000.000) 2022-01-28 14:09:30 Started transferring output files
...
040 (81612.000.000) 2022-01-28 14:09:30 Finished transferring output files
...
005 (81612.000.000) 2022-01-28 14:09:30 Job terminated.
	(1) Normal termination (return value 0)
		Usr 0 00:02:04, Sys 0 00:00:01  -  Run Remote Usage
		Usr 0 00:00:00, Sys 0 00:00:00  -  Run Local Usage
		Usr 0 00:02:04, Sys 0 00:00:01  -  Total Remote Usage
		Usr 0 00:00:00, Sys 0 00:00:00  -  Total Local Usage
	508918  -  Run Bytes Sent By Job
	241  -  Run Bytes Received By Job
	508918  -  Total Bytes Sent By Job
	241  -  Total Bytes Received By Job
	Partitionable Resources :    Usage  Request Allocated 
	   Cpus                 :     1.00        1         1 
	   Disk (KB)            :   512           1    864796 
	   Memory (MB)          :   159        6144      6144 

	Job terminated of its own accord at 2022-01-28T14:09:30Z.
...
000 (81714.000.000) 2022-01-28 18:43:49 Job submitted from host: <194.36.1.200:9618?addrs=194.36.1.200-9618&alias=hex.ppe.gla.ac.uk&noUDP&sock=schedd_1448_c939>
...
040 (81714.000.000) 2022-01-28 18:43:49 Started transferring input files
	Transferring to host: <192.168.16.113:9618?addrs=192.168.16.113-9618&alias=condor-d19-03.ppe.cluster&noUDP&sock=slot1_4_12571_2818_33749>
...
040 (81714.000.000) 2022-01-28 18:43:49 Finished transferring input files
...
001 (81714.000.000) 2022-01-28 18:43:50 Job executing on host: <192.168.16.113:9618?addrs=192.168.16.113-9618&alias=condor-d19-03.ppe.cluster&noUDP&sock=startd_2672_5925>
...
006 (81714.000.000) 2022-01-28 18:43:58 Image size of job updated: 542480
	167  -  MemoryUsage of job (MB)
	170144  -  ResidentSetSize of job (KB)
...
006 (81714.000.000) 2022-01-28 18:45:48 Image size of job updated: 833172
	167  -  MemoryUsage of job (MB)
	170144  -  ResidentSetSize of job (KB)
...
040 (81714.000.000) 2022-01-28 18:45:49 Started transferring output files
...
040 (81714.000.000) 2022-01-28 18:45:49 Finished transferring output files
...
005 (81714.000.000) 2022-01-28 18:45:49 Job terminated.
	(1) Normal termination (return value 0)
		Usr 0 00:01:52, Sys 0 00:00:01  -  Run Remote Usage
		Usr 0 00:00:00, Sys 0 00:00:00  -  Run Local Usage
		Usr 0 00:01:52, Sys 0 00:00:01  -  Total Remote Usage
		Usr 0 00:00:00, Sys 0 00:00:00  -  Total Local Usage
	508600  -  Run Bytes Sent By Job
	241  -  Run Bytes Received By Job
	508600  -  Total Bytes Sent By Job
	241  -  Total Bytes Received By Job
	Partitionable Resources :    Usage  Request Allocated 
	   Cpus                 :                 1         1 
	   Disk (KB)            :      507        1   3637421 
	   Memory (MB)          :      167     6144      6144 

	Job terminated of its own accord at 2022-01-28T18:45:48Z.
...
000 (81821.000.000) 2022-01-29 12:38:03 Job submitted from host: <194.36.1.200:9618?addrs=194.36.1.200-9618&alias=hex.ppe.gla.ac.uk&noUDP&sock=schedd_1448_c939>
...
040 (81821.000.000) 2022-01-29 12:44:23 Started transferring input files
	Transferring to host: <192.168.16.111:9618?addrs=192.168.16.111-9618&alias=condor-d19-01.ppe.cluster&noUDP&sock=slot1_12_191214_4f99_30145>
...
040 (81821.000.000) 2022-01-29 12:44:23 Finished transferring input files
...
001 (81821.000.000) 2022-01-29 12:44:24 Job executing on host: <192.168.16.111:9618?addrs=192.168.16.111-9618&alias=condor-d19-01.ppe.cluster&noUDP&sock=startd_9802_ef68>
...
006 (81821.000.000) 2022-01-29 12:44:33 Image size of job updated: 236180
	184  -  MemoryUsage of job (MB)
	187920  -  ResidentSetSize of job (KB)
...
006 (81821.000.000) 2022-01-29 12:46:28 Image size of job updated: 900760
	184  -  MemoryUsage of job (MB)
	187924  -  ResidentSetSize of job (KB)
...
040 (81821.000.000) 2022-01-29 12:46:28 Started transferring output files
...
040 (81821.000.000) 2022-01-29 12:46:28 Finished transferring output files
...
005 (81821.000.000) 2022-01-29 12:46:28 Job terminated.
	(1) Normal termination (return value 0)
		Usr 0 00:01:56, Sys 0 00:00:01  -  Run Remote Usage
		Usr 0 00:00:00, Sys 0 00:00:00  -  Run Local Usage
		Usr 0 00:01:56, Sys 0 00:00:01  -  Total Remote Usage
		Usr 0 00:00:00, Sys 0 00:00:00  -  Total Local Usage
	508764  -  Run Bytes Sent By Job
	241  -  Run Bytes Received By Job
	508764  -  Total Bytes Sent By Job
	241  -  Total Bytes Received By Job
	Partitionable Resources :    Usage  Request Allocated 
	   Cpus                 :                 1         1 
	   Disk (KB)            :      507        1    825748 
	   Memory (MB)          :      184     6144      6144 

	Job terminated of its own accord at 2022-01-29T12:46:28Z.
...
000 (82481.000.000) 2022-01-31 14:15:12 Job submitted from host: <194.36.1.200:9618?addrs=194.36.1.200-9618&alias=hex.ppe.gla.ac.uk&noUDP&sock=schedd_1448_c939>
...
040 (82481.000.000) 2022-01-31 14:15:30 Started transferring input files
	Transferring to host: <192.168.16.104:9618?addrs=192.168.16.104-9618&alias=condor-h16-04.ppe.cluster&noUDP&sock=slot1_5_31468_cd79_22054>
...
040 (82481.000.000) 2022-01-31 14:15:30 Finished transferring input files
...
001 (82481.000.000) 2022-01-31 14:15:31 Job executing on host: <192.168.16.104:9618?addrs=192.168.16.104-9618&alias=condor-h16-04.ppe.cluster&noUDP&sock=startd_2491_3281>
...
006 (82481.000.000) 2022-01-31 14:15:39 Image size of job updated: 516376
	148  -  MemoryUsage of job (MB)
	150560  -  ResidentSetSize of job (KB)
...
006 (82481.000.000) 2022-01-31 14:20:39 Image size of job updated: 1328104
	823  -  MemoryUsage of job (MB)
	842380  -  ResidentSetSize of job (KB)
...
006 (82481.000.000) 2022-01-31 14:25:40 Image size of job updated: 2686628
	1487  -  MemoryUsage of job (MB)
	1521848  -  ResidentSetSize of job (KB)
...
006 (82481.000.000) 2022-01-31 14:30:40 Image size of job updated: 3777608
	2120  -  MemoryUsage of job (MB)
	2169988  -  ResidentSetSize of job (KB)
...
006 (82481.000.000) 2022-01-31 14:35:40 Image size of job updated: 3782560
	2728  -  MemoryUsage of job (MB)
	2792748  -  ResidentSetSize of job (KB)
...
006 (82481.000.000) 2022-01-31 14:40:41 Image size of job updated: 4868512
	3275  -  MemoryUsage of job (MB)
	3352780  -  ResidentSetSize of job (KB)
...
006 (82481.000.000) 2022-01-31 14:45:41 Image size of job updated: 7037428
	3819  -  MemoryUsage of job (MB)
	3910232  -  ResidentSetSize of job (KB)
...
006 (82481.000.000) 2022-01-31 14:50:41 Image size of job updated: 7052956
	4301  -  MemoryUsage of job (MB)
	4404136  -  ResidentSetSize of job (KB)
...
006 (82481.000.000) 2022-01-31 14:55:42 Image size of job updated: 7221108
	4301  -  MemoryUsage of job (MB)
	4404136  -  ResidentSetSize of job (KB)
...
040 (82481.000.000) 2022-01-31 15:03:16 Started transferring output files
...
040 (82481.000.000) 2022-01-31 15:03:16 Finished transferring output files
...
005 (82481.000.000) 2022-01-31 15:03:16 Job terminated.
	(1) Normal termination (return value 0)
		Usr 0 00:45:36, Sys 0 00:00:47  -  Run Remote Usage
		Usr 0 00:00:00, Sys 0 00:00:00  -  Run Local Usage
		Usr 0 00:45:36, Sys 0 00:00:47  -  Total Remote Usage
		Usr 0 00:00:00, Sys 0 00:00:00  -  Total Local Usage
	1702695  -  Run Bytes Sent By Job
	241  -  Run Bytes Received By Job
	1702695  -  Total Bytes Sent By Job
	241  -  Total Bytes Received By Job
	Partitionable Resources :    Usage  Request Allocated 
	   Cpus                 :     1.00        1         1 
	   Disk (KB)            :  1678           1    861476 
	   Memory (MB)          :  4301        6144      6144 

	Job terminated of its own accord at 2022-01-31T15:03:16Z.
...
000 (85203.000.000) 2022-02-04 10:27:48 Job submitted from host: <194.36.1.200:9618?addrs=194.36.1.200-9618&alias=hex.ppe.gla.ac.uk&noUDP&sock=schedd_1448_c939>
...
040 (85203.000.000) 2022-02-04 10:36:29 Started transferring input files
	Transferring to host: <192.168.16.104:9618?addrs=192.168.16.104-9618&alias=condor-h16-04.ppe.cluster&noUDP&sock=slot1_7_31468_cd79_35771>
...
040 (85203.000.000) 2022-02-04 10:36:29 Finished transferring input files
...
001 (85203.000.000) 2022-02-04 10:36:30 Job executing on host: <192.168.16.104:9618?addrs=192.168.16.104-9618&alias=condor-h16-04.ppe.cluster&noUDP&sock=startd_2491_3281>
...
006 (85203.000.000) 2022-02-04 10:36:38 Image size of job updated: 516372
	164  -  MemoryUsage of job (MB)
	167464  -  ResidentSetSize of job (KB)
...
006 (85203.000.000) 2022-02-04 10:38:47 Image size of job updated: 900696
	164  -  MemoryUsage of job (MB)
	167464  -  ResidentSetSize of job (KB)
...
040 (85203.000.000) 2022-02-04 10:38:47 Started transferring output files
...
040 (85203.000.000) 2022-02-04 10:38:47 Finished transferring output files
...
005 (85203.000.000) 2022-02-04 10:38:47 Job terminated.
	(1) Normal termination (return value 0)
		Usr 0 00:02:13, Sys 0 00:00:01  -  Run Remote Usage
		Usr 0 00:00:00, Sys 0 00:00:00  -  Run Local Usage
		Usr 0 00:02:13, Sys 0 00:00:01  -  Total Remote Usage
		Usr 0 00:00:00, Sys 0 00:00:00  -  Total Local Usage
	509059  -  Run Bytes Sent By Job
	241  -  Run Bytes Received By Job
	509059  -  Total Bytes Sent By Job
	241  -  Total Bytes Received By Job
	Partitionable Resources :    Usage  Request Allocated 
	   Cpus                 :                 1         1 
	   Disk (KB)            :      507        1    861476 
	   Memory (MB)          :      164     6144      6144 

	Job terminated of its own accord at 2022-02-04T10:38:47Z.
...
000 (85332.000.000) 2022-02-05 21:30:40 Job submitted from host: <194.36.1.200:9618?addrs=194.36.1.200-9618&alias=hex.ppe.gla.ac.uk&noUDP&sock=schedd_1448_c939>
...
040 (85332.000.000) 2022-02-05 21:39:01 Started transferring input files
	Transferring to host: <192.168.16.103:9618?addrs=192.168.16.103-9618&alias=condor-h16-03.ppe.cluster&noUDP&sock=slot1_1_1926_ca87_38237>
...
040 (85332.000.000) 2022-02-05 21:39:01 Finished transferring input files
...
001 (85332.000.000) 2022-02-05 21:39:02 Job executing on host: <192.168.16.103:9618?addrs=192.168.16.103-9618&alias=condor-h16-03.ppe.cluster&noUDP&sock=startd_2362_b6c9>
...
006 (85332.000.000) 2022-02-05 21:39:10 Image size of job updated: 525580
	158  -  MemoryUsage of job (MB)
	161016  -  ResidentSetSize of job (KB)
...
006 (85332.000.000) 2022-02-05 21:44:10 Image size of job updated: 1599048
	878  -  MemoryUsage of job (MB)
	898872  -  ResidentSetSize of job (KB)
...
006 (85332.000.000) 2022-02-05 21:49:11 Image size of job updated: 2687096
	1573  -  MemoryUsage of job (MB)
	1610616  -  ResidentSetSize of job (KB)
...
006 (85332.000.000) 2022-02-05 21:54:12 Image size of job updated: 3778304
	2237  -  MemoryUsage of job (MB)
	2290544  -  ResidentSetSize of job (KB)
...
006 (85332.000.000) 2022-02-05 21:59:12 Image size of job updated: 4864384
	2890  -  MemoryUsage of job (MB)
	2958372  -  ResidentSetSize of job (KB)
...
006 (85332.000.000) 2022-02-05 22:04:12 Image size of job updated: 4870552
	3485  -  MemoryUsage of job (MB)
	3567884  -  ResidentSetSize of job (KB)
...
006 (85332.000.000) 2022-02-05 22:09:13 Image size of job updated: 7039820
	4045  -  MemoryUsage of job (MB)
	4141272  -  ResidentSetSize of job (KB)
...
006 (85332.000.000) 2022-02-05 22:14:13 Image size of job updated: 7221104
	4045  -  MemoryUsage of job (MB)
	4141272  -  ResidentSetSize of job (KB)
...
040 (85332.000.000) 2022-02-05 22:24:47 Started transferring output files
...
040 (85332.000.000) 2022-02-05 22:24:47 Finished transferring output files
...
005 (85332.000.000) 2022-02-05 22:24:47 Job terminated.
	(1) Normal termination (return value 0)
		Usr 0 00:44:52, Sys 0 00:00:44  -  Run Remote Usage
		Usr 0 00:00:00, Sys 0 00:00:00  -  Run Local Usage
		Usr 0 00:44:52, Sys 0 00:00:44  -  Total Remote Usage
		Usr 0 00:00:00, Sys 0 00:00:00  -  Total Local Usage
	1702932  -  Run Bytes Sent By Job
	241  -  Run Bytes Received By Job
	1702932  -  Total Bytes Sent By Job
	241  -  Total Bytes Received By Job
	Partitionable Resources :    Usage  Request Allocated 
	   Cpus                 :     0.99        1         1 
	   Disk (KB)            :  1678           1    861476 
	   Memory (MB)          :  4045        6144      6144 

	Job terminated of its own accord at 2022-02-05T22:24:47Z.
...
000 (233554.000.000) 2022-02-19 12:03:00 Job submitted from host: <194.36.1.200:9618?addrs=194.36.1.200-9618&alias=hex.ppe.gla.ac.uk&noUDP&sock=schedd_1448_c939>
...
040 (233554.000.000) 2022-02-19 12:03:20 Started transferring input files
	Transferring to host: <192.168.16.103:9618?addrs=192.168.16.103-9618&alias=condor-h16-03.ppe.cluster&noUDP&sock=slot1_5_1926_ca87_89495>
...
040 (233554.000.000) 2022-02-19 12:03:20 Finished transferring input files
...
001 (233554.000.000) 2022-02-19 12:03:21 Job executing on host: <192.168.16.103:9618?addrs=192.168.16.103-9618&alias=condor-h16-03.ppe.cluster&noUDP&sock=startd_2362_b6c9>
...
006 (233554.000.000) 2022-02-19 12:03:30 Image size of job updated: 168316
	165  -  MemoryUsage of job (MB)
	168316  -  ResidentSetSize of job (KB)
...
006 (233554.000.000) 2022-02-19 12:08:30 Image size of job updated: 1599052
	857  -  MemoryUsage of job (MB)
	876788  -  ResidentSetSize of job (KB)
...
006 (233554.000.000) 2022-02-19 12:13:30 Image size of job updated: 2686628
	1533  -  MemoryUsage of job (MB)
	1569216  -  ResidentSetSize of job (KB)
...
006 (233554.000.000) 2022-02-19 12:18:31 Image size of job updated: 4314512
	2133  -  MemoryUsage of job (MB)
	2183200  -  ResidentSetSize of job (KB)
...
006 (233554.000.000) 2022-02-19 12:23:32 Image size of job updated: 4314512
	2761  -  MemoryUsage of job (MB)
	2826824  -  ResidentSetSize of job (KB)
...
006 (233554.000.000) 2022-02-19 12:28:32 Image size of job updated: 4870024
	3434  -  MemoryUsage of job (MB)
	3515832  -  ResidentSetSize of job (KB)
...
006 (233554.000.000) 2022-02-19 12:33:32 Image size of job updated: 7039444
	3994  -  MemoryUsage of job (MB)
	4089356  -  ResidentSetSize of job (KB)
...
006 (233554.000.000) 2022-02-19 12:38:33 Image size of job updated: 7383908
	5155  -  MemoryUsage of job (MB)
	5277924  -  ResidentSetSize of job (KB)
...
040 (233554.000.000) 2022-02-19 12:52:04 Started transferring output files
...
040 (233554.000.000) 2022-02-19 12:52:04 Finished transferring output files
...
005 (233554.000.000) 2022-02-19 12:52:04 Job terminated.
	(1) Normal termination (return value 0)
		Usr 0 00:47:51, Sys 0 00:00:44  -  Run Remote Usage
		Usr 0 00:00:00, Sys 0 00:00:00  -  Run Local Usage
		Usr 0 00:47:51, Sys 0 00:00:44  -  Total Remote Usage
		Usr 0 00:00:00, Sys 0 00:00:00  -  Total Local Usage
	1703220  -  Run Bytes Sent By Job
	241  -  Run Bytes Received By Job
	1703220  -  Total Bytes Sent By Job
	241  -  Total Bytes Received By Job
	Partitionable Resources :    Usage  Request Allocated 
	   Cpus                 :     1.00        1         1 
	   Disk (KB)            :  1679           1    861476 
	   Memory (MB)          :  5155        6144      6144 

	Job terminated of its own accord at 2022-02-19T12:52:04Z.
...
000 (326008.000.000) 2022-02-28 19:39:41 Job submitted from host: <194.36.1.200:9618?addrs=194.36.1.200-9618&alias=hex.ppe.gla.ac.uk&noUDP&sock=schedd_1448_c939>
...
040 (326008.000.000) 2022-02-28 19:43:02 Started transferring input files
	Transferring to host: <192.168.16.103:9618?addrs=192.168.16.103-9618&alias=condor-h16-03.ppe.cluster&noUDP&sock=slot1_6_1926_ca87_113220>
...
040 (326008.000.000) 2022-02-28 19:43:02 Finished transferring input files
...
001 (326008.000.000) 2022-02-28 19:43:03 Job executing on host: <192.168.16.103:9618?addrs=192.168.16.103-9618&alias=condor-h16-03.ppe.cluster&noUDP&sock=startd_2362_b6c9>
...
006 (326008.000.000) 2022-02-28 19:43:11 Image size of job updated: 516376
	151  -  MemoryUsage of job (MB)
	153920  -  ResidentSetSize of job (KB)
...
006 (326008.000.000) 2022-02-28 19:46:40 Image size of job updated: 825200
	151  -  MemoryUsage of job (MB)
	153924  -  ResidentSetSize of job (KB)
...
040 (326008.000.000) 2022-02-28 19:46:40 Started transferring output files
...
040 (326008.000.000) 2022-02-28 19:46:40 Finished transferring output files
...
005 (326008.000.000) 2022-02-28 19:46:40 Job terminated.
	(1) Normal termination (return value 0)
		Usr 0 00:03:33, Sys 0 00:00:02  -  Run Remote Usage
		Usr 0 00:00:00, Sys 0 00:00:00  -  Run Local Usage
		Usr 0 00:03:33, Sys 0 00:00:02  -  Total Remote Usage
		Usr 0 00:00:00, Sys 0 00:00:00  -  Total Local Usage
	509059  -  Run Bytes Sent By Job
	241  -  Run Bytes Received By Job
	509059  -  Total Bytes Sent By Job
	241  -  Total Bytes Received By Job
	Partitionable Resources :    Usage  Request Allocated 
	   Cpus                 :     1.00        1         1 
	   Disk (KB)            :   513           1    861476 
	   Memory (MB)          :   151        6144      6144 

	Job terminated of its own accord at 2022-02-28T19:46:40Z.
...
000 (351910.000.000) 2022-03-01 15:36:49 Job submitted from host: <194.36.1.200:9618?addrs=194.36.1.200-9618&alias=hex.ppe.gla.ac.uk&noUDP&sock=schedd_1448_c939>
...
040 (351910.000.000) 2022-03-01 15:37:09 Started transferring input files
	Transferring to host: <192.168.16.104:9618?addrs=192.168.16.104-9618&alias=condor-h16-04.ppe.cluster&noUDP&sock=slot1_1_31468_cd79_119276>
...
040 (351910.000.000) 2022-03-01 15:37:09 Finished transferring input files
...
001 (351910.000.000) 2022-03-01 15:37:10 Job executing on host: <192.168.16.104:9618?addrs=192.168.16.104-9618&alias=condor-h16-04.ppe.cluster&noUDP&sock=startd_2491_3281>
...
006 (351910.000.000) 2022-03-01 15:37:19 Image size of job updated: 190320
	186  -  MemoryUsage of job (MB)
	190320  -  ResidentSetSize of job (KB)
...
006 (351910.000.000) 2022-03-01 15:39:10 Image size of job updated: 825400
	186  -  MemoryUsage of job (MB)
	190320  -  ResidentSetSize of job (KB)
...
040 (351910.000.000) 2022-03-01 15:39:10 Started transferring output files
...
040 (351910.000.000) 2022-03-01 15:39:10 Finished transferring output files
...
005 (351910.000.000) 2022-03-01 15:39:10 Job terminated.
	(1) Normal termination (return value 0)
		Usr 0 00:01:56, Sys 0 00:00:01  -  Run Remote Usage
		Usr 0 00:00:00, Sys 0 00:00:00  -  Run Local Usage
		Usr 0 00:01:56, Sys 0 00:00:01  -  Total Remote Usage
		Usr 0 00:00:00, Sys 0 00:00:00  -  Total Local Usage
	509098  -  Run Bytes Sent By Job
	241  -  Run Bytes Received By Job
	509098  -  Total Bytes Sent By Job
	241  -  Total Bytes Received By Job
	Partitionable Resources :    Usage  Request Allocated 
	   Cpus                 :                 1         1 
	   Disk (KB)            :      507        1    861476 
	   Memory (MB)          :      186     6144      6144 

	Job terminated of its own accord at 2022-03-01T15:39:10Z.
...
000 (352024.000.000) 2022-03-02 17:14:06 Job submitted from host: <194.36.1.200:9618?addrs=194.36.1.200-9618&alias=hex.ppe.gla.ac.uk&noUDP&sock=schedd_1448_c939>
...
040 (352024.000.000) 2022-03-02 17:14:11 Started transferring input files
	Transferring to host: <192.168.16.112:9618?addrs=192.168.16.112-9618&alias=condor-d19-02.ppe.cluster&noUDP&sock=slot1_1_271865_3c88_265291>
...
040 (352024.000.000) 2022-03-02 17:14:11 Finished transferring input files
...
001 (352024.000.000) 2022-03-02 17:14:12 Job executing on host: <192.168.16.112:9618?addrs=192.168.16.112-9618&alias=condor-d19-02.ppe.cluster&noUDP&sock=startd_9793_c30d>
...
006 (352024.000.000) 2022-03-02 17:14:21 Image size of job updated: 187400
	164  -  MemoryUsage of job (MB)
	167168  -  ResidentSetSize of job (KB)
...
006 (352024.000.000) 2022-03-02 17:19:22 Image size of job updated: 1600780
	1004  -  MemoryUsage of job (MB)
	1027116  -  ResidentSetSize of job (KB)
...
006 (352024.000.000) 2022-03-02 17:24:22 Image size of job updated: 2689972
	1709  -  MemoryUsage of job (MB)
	1749292  -  ResidentSetSize of job (KB)
...
006 (352024.000.000) 2022-03-02 17:29:23 Image size of job updated: 3778928
	2397  -  MemoryUsage of job (MB)
	2453748  -  ResidentSetSize of job (KB)
...
006 (352024.000.000) 2022-03-02 17:34:24 Image size of job updated: 4866696
	3096  -  MemoryUsage of job (MB)
	3169636  -  ResidentSetSize of job (KB)
...
006 (352024.000.000) 2022-03-02 17:39:24 Image size of job updated: 7035400
	3781  -  MemoryUsage of job (MB)
	3871368  -  ResidentSetSize of job (KB)
...
006 (352024.000.000) 2022-03-02 17:44:24 Image size of job updated: 7221576
	3781  -  MemoryUsage of job (MB)
	3871384  -  ResidentSetSize of job (KB)
...
040 (352024.000.000) 2022-03-02 17:53:27 Started transferring output files
...
040 (352024.000.000) 2022-03-02 17:53:27 Finished transferring output files
...
005 (352024.000.000) 2022-03-02 17:53:27 Job terminated.
	(1) Normal termination (return value 0)
		Usr 0 00:38:33, Sys 0 00:00:33  -  Run Remote Usage
		Usr 0 00:00:00, Sys 0 00:00:00  -  Run Local Usage
		Usr 0 00:38:33, Sys 0 00:00:33  -  Total Remote Usage
		Usr 0 00:00:00, Sys 0 00:00:00  -  Total Local Usage
	1702124  -  Run Bytes Sent By Job
	241  -  Run Bytes Received By Job
	1702124  -  Total Bytes Sent By Job
	241  -  Total Bytes Received By Job
	Partitionable Resources :    Usage  Request Allocated 
	   Cpus                 :     1.00        1         1 
	   Disk (KB)            :  1678           1    825748 
	   Memory (MB)          :  3781        6144      6144 

	Job terminated of its own accord at 2022-03-02T17:53:27Z.
...
000 (508325.000.000) 2022-03-17 18:54:28 Job submitted from host: <194.36.1.200:9618?addrs=194.36.1.200-9618&alias=hex.ppe.gla.ac.uk&noUDP&sock=schedd_1448_c939>
...
040 (508325.000.000) 2022-03-17 18:54:48 Started transferring input files
	Transferring to host: <192.168.16.104:9618?addrs=192.168.16.104-9618&alias=condor-h16-04.ppe.cluster&noUDP&sock=slot1_1_8392_ac4e_1097>
...
040 (508325.000.000) 2022-03-17 18:54:48 Finished transferring input files
...
001 (508325.000.000) 2022-03-17 18:54:49 Job executing on host: <192.168.16.104:9618?addrs=192.168.16.104-9618&alias=condor-h16-04.ppe.cluster&noUDP&sock=startd_2491_3281>
...
006 (508325.000.000) 2022-03-17 18:54:58 Image size of job updated: 195476
	173  -  MemoryUsage of job (MB)
	176784  -  ResidentSetSize of job (KB)
...
006 (508325.000.000) 2022-03-17 18:59:58 Image size of job updated: 1599864
	940  -  MemoryUsage of job (MB)
	962248  -  ResidentSetSize of job (KB)
...
006 (508325.000.000) 2022-03-17 19:04:58 Image size of job updated: 2689552
	1693  -  MemoryUsage of job (MB)
	1733380  -  ResidentSetSize of job (KB)
...
006 (508325.000.000) 2022-03-17 19:09:59 Image size of job updated: 3779248
	2414  -  MemoryUsage of job (MB)
	2471636  -  ResidentSetSize of job (KB)
...
006 (508325.000.000) 2022-03-17 19:15:00 Image size of job updated: 4867012
	3110  -  MemoryUsage of job (MB)
	3183920  -  ResidentSetSize of job (KB)
...
006 (508325.000.000) 2022-03-17 19:20:00 Image size of job updated: 4872628
	3738  -  MemoryUsage of job (MB)
	3826908  -  ResidentSetSize of job (KB)
...
006 (508325.000.000) 2022-03-17 19:25:01 Image size of job updated: 7044684
	4347  -  MemoryUsage of job (MB)
	4450892  -  ResidentSetSize of job (KB)
...
006 (508325.000.000) 2022-03-17 19:30:02 Image size of job updated: 7221892
	4347  -  MemoryUsage of job (MB)
	4450892  -  ResidentSetSize of job (KB)
...
040 (508325.000.000) 2022-03-17 19:36:06 Started transferring output files
...
040 (508325.000.000) 2022-03-17 19:36:06 Finished transferring output files
...
005 (508325.000.000) 2022-03-17 19:36:06 Job terminated.
	(1) Normal termination (return value 0)
		Usr 0 00:40:42, Sys 0 00:00:29  -  Run Remote Usage
		Usr 0 00:00:00, Sys 0 00:00:00  -  Run Local Usage
		Usr 0 00:40:42, Sys 0 00:00:29  -  Total Remote Usage
		Usr 0 00:00:00, Sys 0 00:00:00  -  Total Local Usage
	1702731  -  Run Bytes Sent By Job
	241  -  Run Bytes Received By Job
	1702731  -  Total Bytes Sent By Job
	241  -  Total Bytes Received By Job
	Partitionable Resources :    Usage  Request Allocated 
	   Cpus                 :     1.00        1         1 
	   Disk (KB)            :  1678           1    861476 
	   Memory (MB)          :  4347        6144      6144 

	Job terminated of its own accord at 2022-03-17T19:36:06Z.
...
000 (508588.000.000) 2022-04-06 12:58:54 Job submitted from host: <194.36.1.200:9618?addrs=194.36.1.200-9618&alias=hex.ppe.gla.ac.uk&noUDP&sock=schedd_1448_c939>
...
040 (508588.000.000) 2022-04-06 12:58:59 Started transferring input files
	Transferring to host: <192.168.16.111:9618?addrs=192.168.16.111-9618&alias=condor-d19-01.ppe.cluster&noUDP&sock=slot1_1_255784_b79a_6667>
...
040 (508588.000.000) 2022-04-06 12:58:59 Finished transferring input files
...
001 (508588.000.000) 2022-04-06 12:59:00 Job executing on host: <192.168.16.111:9618?addrs=192.168.16.111-9618&alias=condor-d19-01.ppe.cluster&noUDP&sock=startd_9802_ef68>
...
006 (508588.000.000) 2022-04-06 12:59:08 Image size of job updated: 169088
	165  -  MemoryUsage of job (MB)
	168888  -  ResidentSetSize of job (KB)
...
006 (508588.000.000) 2022-04-06 13:04:08 Image size of job updated: 2142792
	1103  -  MemoryUsage of job (MB)
	1129016  -  ResidentSetSize of job (KB)
...
006 (508588.000.000) 2022-04-06 13:09:09 Image size of job updated: 3776284
	2007  -  MemoryUsage of job (MB)
	2054696  -  ResidentSetSize of job (KB)
...
006 (508588.000.000) 2022-04-06 13:14:09 Image size of job updated: 4864696
	2683  -  MemoryUsage of job (MB)
	2746764  -  ResidentSetSize of job (KB)
...
006 (508588.000.000) 2022-04-06 13:19:09 Image size of job updated: 4871772
	3146  -  MemoryUsage of job (MB)
	3221492  -  ResidentSetSize of job (KB)
...
006 (508588.000.000) 2022-04-06 13:24:10 Image size of job updated: 7044704
	3758  -  MemoryUsage of job (MB)
	3848068  -  ResidentSetSize of job (KB)
...
006 (508588.000.000) 2022-04-06 13:29:10 Image size of job updated: 7221916
	3759  -  MemoryUsage of job (MB)
	3848324  -  ResidentSetSize of job (KB)
...
040 (508588.000.000) 2022-04-06 13:33:41 Started transferring output files
...
040 (508588.000.000) 2022-04-06 13:33:41 Finished transferring output files
...
005 (508588.000.000) 2022-04-06 13:33:41 Job terminated.
	(1) Normal termination (return value 0)
		Usr 0 00:33:25, Sys 0 00:00:34  -  Run Remote Usage
		Usr 0 00:00:00, Sys 0 00:00:00  -  Run Local Usage
		Usr 0 00:33:25, Sys 0 00:00:34  -  Total Remote Usage
		Usr 0 00:00:00, Sys 0 00:00:00  -  Total Local Usage
	1701735  -  Run Bytes Sent By Job
	241  -  Run Bytes Received By Job
	1701735  -  Total Bytes Sent By Job
	241  -  Total Bytes Received By Job
	Partitionable Resources :    Usage  Request Allocated 
	   Cpus                 :     1.00        1         1 
	   Disk (KB)            :  1677           1    825748 
	   Memory (MB)          :  3759        6144      6144 

	Job terminated of its own accord at 2022-04-06T12:33:41Z.
...
