000 (42911.000.000) 04/20 17:08:23 Job submitted from host: <172.20.203.50:9618?addrs=172.20.203.50-9618+[--1]-9618&noUDP&sock=7405_cae4_4>
...
001 (42911.000.000) 04/20 17:08:43 Job executing on host: <10.194.1.81:9618?addrs=10.194.1.81-9618+[--1]-9618&noUDP&sock=70646_dbbf_3>
...
006 (42911.000.000) 04/20 17:08:52 Image size of job updated: 172184
	141  -  MemoryUsage of job (MB)
	143828  -  ResidentSetSize of job (KB)
...
006 (42911.000.000) 04/20 17:13:53 Image size of job updated: 277296
	244  -  MemoryUsage of job (MB)
	248924  -  ResidentSetSize of job (KB)
...
006 (42911.000.000) 04/20 17:18:53 Image size of job updated: 340860
	306  -  MemoryUsage of job (MB)
	312488  -  ResidentSetSize of job (KB)
...
006 (42911.000.000) 04/20 17:23:53 Image size of job updated: 421420
	384  -  MemoryUsage of job (MB)
	393048  -  ResidentSetSize of job (KB)
...
006 (42911.000.000) 04/20 17:28:54 Image size of job updated: 506288
	467  -  MemoryUsage of job (MB)
	477916  -  ResidentSetSize of job (KB)
...
006 (42911.000.000) 04/20 17:33:55 Image size of job updated: 585852
	545  -  MemoryUsage of job (MB)
	557480  -  ResidentSetSize of job (KB)
...
006 (42911.000.000) 04/20 17:38:55 Image size of job updated: 665640
	604  -  MemoryUsage of job (MB)
	617796  -  ResidentSetSize of job (KB)
...
006 (42911.000.000) 04/20 17:43:55 Image size of job updated: 752696
	604  -  MemoryUsage of job (MB)
	617796  -  ResidentSetSize of job (KB)
...
006 (42911.000.000) 04/20 17:48:55 Image size of job updated: 813212
	604  -  MemoryUsage of job (MB)
	617796  -  ResidentSetSize of job (KB)
...
006 (42911.000.000) 04/20 17:53:56 Image size of job updated: 908736
	604  -  MemoryUsage of job (MB)
	617796  -  ResidentSetSize of job (KB)
...
006 (42911.000.000) 04/20 17:58:57 Image size of job updated: 1107888
	797  -  MemoryUsage of job (MB)
	815848  -  ResidentSetSize of job (KB)
...
006 (42911.000.000) 04/20 18:03:57 Image size of job updated: 1166160
	797  -  MemoryUsage of job (MB)
	815848  -  ResidentSetSize of job (KB)
...
005 (42911.000.000) 04/20 18:23:21 Job terminated.
	(1) Normal termination (return value 0)
		Usr 0 00:59:46, Sys 0 00:00:23  -  Run Remote Usage
		Usr 0 00:00:00, Sys 0 00:00:00  -  Run Local Usage
		Usr 0 00:59:46, Sys 0 00:00:23  -  Total Remote Usage
		Usr 0 00:00:00, Sys 0 00:00:00  -  Total Local Usage
	280409  -  Run Bytes Sent By Job
	109  -  Run Bytes Received By Job
	280409  -  Total Bytes Sent By Job
	109  -  Total Bytes Received By Job
	Partitionable Resources :    Usage  Request Allocated
	   Cpus                 :                 1         1
	   Disk (KB)            :      284        1    241559
	   Memory (MB)          :      797     1024      1024
...
000 (43407.000.000) 04/23 19:53:11 Job submitted from host: <172.20.203.50:9618?addrs=172.20.203.50-9618+[--1]-9618&noUDP&sock=7405_cae4_4>
...
001 (43407.000.000) 04/23 21:13:35 Job executing on host: <10.194.1.4:9618?addrs=10.194.1.4-9618+[--1]-9618&noUDP&sock=29021_9213_3>
...
006 (43407.000.000) 04/23 21:13:44 Image size of job updated: 143328
	140  -  MemoryUsage of job (MB)
	143328  -  ResidentSetSize of job (KB)
...
006 (43407.000.000) 04/23 21:18:45 Image size of job updated: 239272
	234  -  MemoryUsage of job (MB)
	239272  -  ResidentSetSize of job (KB)
...
006 (43407.000.000) 04/23 21:23:46 Image size of job updated: 290040
	284  -  MemoryUsage of job (MB)
	290040  -  ResidentSetSize of job (KB)
...
006 (43407.000.000) 04/23 21:28:46 Image size of job updated: 359736
	352  -  MemoryUsage of job (MB)
	359736  -  ResidentSetSize of job (KB)
...
006 (43407.000.000) 04/23 21:33:46 Image size of job updated: 427112
	418  -  MemoryUsage of job (MB)
	427112  -  ResidentSetSize of job (KB)
...
006 (43407.000.000) 04/23 21:38:47 Image size of job updated: 496828
	486  -  MemoryUsage of job (MB)
	496828  -  ResidentSetSize of job (KB)
...
006 (43407.000.000) 04/23 21:43:47 Image size of job updated: 561220
	549  -  MemoryUsage of job (MB)
	561220  -  ResidentSetSize of job (KB)
...
006 (43407.000.000) 04/23 21:48:47 Image size of job updated: 624156
	610  -  MemoryUsage of job (MB)
	624156  -  ResidentSetSize of job (KB)
...
006 (43407.000.000) 04/23 21:53:48 Image size of job updated: 699668
	684  -  MemoryUsage of job (MB)
	699668  -  ResidentSetSize of job (KB)
...
006 (43407.000.000) 04/23 21:58:49 Image size of job updated: 757176
	739  -  MemoryUsage of job (MB)
	756392  -  ResidentSetSize of job (KB)
...
006 (43407.000.000) 04/23 22:03:49 Image size of job updated: 816920
	795  -  MemoryUsage of job (MB)
	813412  -  ResidentSetSize of job (KB)
...
006 (43407.000.000) 04/23 22:08:49 Image size of job updated: 899256
	875  -  MemoryUsage of job (MB)
	895748  -  ResidentSetSize of job (KB)
...
005 (43407.000.000) 04/23 22:26:04 Job terminated.
	(1) Normal termination (return value 0)
		Usr 0 01:12:05, Sys 0 00:00:17  -  Run Remote Usage
		Usr 0 00:00:00, Sys 0 00:00:00  -  Run Local Usage
		Usr 0 01:12:05, Sys 0 00:00:17  -  Total Remote Usage
		Usr 0 00:00:00, Sys 0 00:00:00  -  Total Local Usage
	281774  -  Run Bytes Sent By Job
	109  -  Run Bytes Received By Job
	281774  -  Total Bytes Sent By Job
	109  -  Total Bytes Received By Job
	Partitionable Resources :    Usage  Request Allocated
	   Cpus                 :                 1         1
	   Disk (KB)            :      285        1    237262
	   Memory (MB)          :      875     1024      1024
...
