000 (42906.000.000) 04/20 17:08:23 Job submitted from host: <172.20.203.50:9618?addrs=172.20.203.50-9618+[--1]-9618&noUDP&sock=7405_cae4_4>
...
001 (42906.000.000) 04/20 17:08:43 Job executing on host: <10.194.1.6:9618?addrs=10.194.1.6-9618+[--1]-9618&noUDP&sock=1625_317d_3>
...
006 (42906.000.000) 04/20 17:08:52 Image size of job updated: 70692
	61  -  MemoryUsage of job (MB)
	62276  -  ResidentSetSize of job (KB)
...
006 (42906.000.000) 04/20 17:13:53 Image size of job updated: 147688
	137  -  MemoryUsage of job (MB)
	139272  -  ResidentSetSize of job (KB)
...
006 (42906.000.000) 04/20 17:18:53 Image size of job updated: 267628
	254  -  MemoryUsage of job (MB)
	259212  -  ResidentSetSize of job (KB)
...
006 (42906.000.000) 04/20 17:23:53 Image size of job updated: 313888
	299  -  MemoryUsage of job (MB)
	305472  -  ResidentSetSize of job (KB)
...
006 (42906.000.000) 04/20 17:28:54 Image size of job updated: 417200
	400  -  MemoryUsage of job (MB)
	408784  -  ResidentSetSize of job (KB)
...
006 (42906.000.000) 04/20 17:43:56 Image size of job updated: 445756
	428  -  MemoryUsage of job (MB)
	437340  -  ResidentSetSize of job (KB)
...
006 (42906.000.000) 04/20 17:48:57 Image size of job updated: 572632
	551  -  MemoryUsage of job (MB)
	564216  -  ResidentSetSize of job (KB)
...
006 (42906.000.000) 04/20 18:03:58 Image size of job updated: 612372
	580  -  MemoryUsage of job (MB)
	593460  -  ResidentSetSize of job (KB)
...
006 (42906.000.000) 04/20 18:08:58 Image size of job updated: 621920
	581  -  MemoryUsage of job (MB)
	594448  -  ResidentSetSize of job (KB)
...
006 (42906.000.000) 04/20 18:13:58 Image size of job updated: 716452
	673  -  MemoryUsage of job (MB)
	688980  -  ResidentSetSize of job (KB)
...
006 (42906.000.000) 04/20 18:18:59 Image size of job updated: 818020
	773  -  MemoryUsage of job (MB)
	790548  -  ResidentSetSize of job (KB)
...
006 (42906.000.000) 04/20 18:23:59 Image size of job updated: 818020
	776  -  MemoryUsage of job (MB)
	793760  -  ResidentSetSize of job (KB)
...
006 (42906.000.000) 04/20 18:34:00 Image size of job updated: 846112
	796  -  MemoryUsage of job (MB)
	814748  -  ResidentSetSize of job (KB)
...
006 (42906.000.000) 04/20 18:39:01 Image size of job updated: 903456
	852  -  MemoryUsage of job (MB)
	872092  -  ResidentSetSize of job (KB)
...
006 (42906.000.000) 04/20 18:44:01 Image size of job updated: 958452
	906  -  MemoryUsage of job (MB)
	927088  -  ResidentSetSize of job (KB)
...
006 (42906.000.000) 04/20 18:49:01 Image size of job updated: 1043568
	993  -  MemoryUsage of job (MB)
	1016820  -  ResidentSetSize of job (KB)
...
006 (42906.000.000) 04/20 18:54:02 Image size of job updated: 1184592
	1131  -  MemoryUsage of job (MB)
	1157844  -  ResidentSetSize of job (KB)
...
005 (42906.000.000) 04/20 20:26:08 Job terminated.
	(1) Normal termination (return value 0)
		Usr 0 02:58:13, Sys 0 00:04:54  -  Run Remote Usage
		Usr 0 00:00:00, Sys 0 00:00:00  -  Run Local Usage
		Usr 0 02:58:13, Sys 0 00:04:54  -  Total Remote Usage
		Usr 0 00:00:00, Sys 0 00:00:00  -  Total Local Usage
	1646999  -  Run Bytes Sent By Job
	117  -  Run Bytes Received By Job
	1646999  -  Total Bytes Sent By Job
	117  -  Total Bytes Received By Job
	Partitionable Resources :    Usage  Request Allocated
	   Cpus                 :                 1         1
	   Disk (KB)            :     1618        1    247695
	   Memory (MB)          :     1131     1024      1024
...
000 (43402.000.000) 04/23 19:53:11 Job submitted from host: <172.20.203.50:9618?addrs=172.20.203.50-9618+[--1]-9618&noUDP&sock=7405_cae4_4>
...
001 (43402.000.000) 04/23 21:12:36 Job executing on host: <10.194.1.8:9618?addrs=10.194.1.8-9618+[--1]-9618&noUDP&sock=33277_d526_3>
...
006 (43402.000.000) 04/23 21:12:44 Image size of job updated: 31440
	31  -  MemoryUsage of job (MB)
	31440  -  ResidentSetSize of job (KB)
...
006 (43402.000.000) 04/23 21:17:44 Image size of job updated: 206264
	202  -  MemoryUsage of job (MB)
	206264  -  ResidentSetSize of job (KB)
...
006 (43402.000.000) 04/23 21:22:44 Image size of job updated: 385620
	377  -  MemoryUsage of job (MB)
	385620  -  ResidentSetSize of job (KB)
...
006 (43402.000.000) 04/23 21:32:46 Image size of job updated: 481044
	470  -  MemoryUsage of job (MB)
	481044  -  ResidentSetSize of job (KB)
...
006 (43402.000.000) 04/23 21:37:46 Image size of job updated: 514148
	503  -  MemoryUsage of job (MB)
	514148  -  ResidentSetSize of job (KB)
...
006 (43402.000.000) 04/23 21:42:47 Image size of job updated: 649744
	620  -  MemoryUsage of job (MB)
	634452  -  ResidentSetSize of job (KB)
...
006 (43402.000.000) 04/23 21:52:48 Image size of job updated: 669280
	639  -  MemoryUsage of job (MB)
	653464  -  ResidentSetSize of job (KB)
...
006 (43402.000.000) 04/23 21:57:48 Image size of job updated: 754284
	707  -  MemoryUsage of job (MB)
	723856  -  ResidentSetSize of job (KB)
...
006 (43402.000.000) 04/23 22:02:49 Image size of job updated: 766260
	719  -  MemoryUsage of job (MB)
	736092  -  ResidentSetSize of job (KB)
...
006 (43402.000.000) 04/23 22:07:50 Image size of job updated: 867712
	819  -  MemoryUsage of job (MB)
	838264  -  ResidentSetSize of job (KB)
...
006 (43402.000.000) 04/23 22:12:50 Image size of job updated: 891716
	840  -  MemoryUsage of job (MB)
	860096  -  ResidentSetSize of job (KB)
...
006 (43402.000.000) 04/23 22:17:50 Image size of job updated: 950956
	898  -  MemoryUsage of job (MB)
	919400  -  ResidentSetSize of job (KB)
...
006 (43402.000.000) 04/23 22:22:51 Image size of job updated: 1007488
	956  -  MemoryUsage of job (MB)
	977996  -  ResidentSetSize of job (KB)
...
006 (43402.000.000) 04/23 22:27:51 Image size of job updated: 1064932
	1012  -  MemoryUsage of job (MB)
	1035496  -  ResidentSetSize of job (KB)
...
006 (43402.000.000) 04/23 22:32:51 Image size of job updated: 1123724
	1069  -  MemoryUsage of job (MB)
	1094396  -  ResidentSetSize of job (KB)
...
005 (43402.000.000) 04/24 00:03:24 Job terminated.
	(1) Normal termination (return value 0)
		Usr 0 02:33:14, Sys 0 00:03:42  -  Run Remote Usage
		Usr 0 00:00:00, Sys 0 00:00:00  -  Run Local Usage
		Usr 0 02:33:14, Sys 0 00:03:42  -  Total Remote Usage
		Usr 0 00:00:00, Sys 0 00:00:00  -  Total Local Usage
	1648376  -  Run Bytes Sent By Job
	117  -  Run Bytes Received By Job
	1648376  -  Total Bytes Sent By Job
	117  -  Total Bytes Received By Job
	Partitionable Resources :    Usage  Request Allocated
	   Cpus                 :                 1         1
	   Disk (KB)            :     1620        1    247858
	   Memory (MB)          :     1069     1024      1024
...
