000 (42900.000.000) 04/20 17:08:22 Job submitted from host: <172.20.203.50:9618?addrs=172.20.203.50-9618+[--1]-9618&noUDP&sock=7405_cae4_4>
...
001 (42900.000.000) 04/20 17:08:24 Job executing on host: <10.194.1.4:9618?addrs=10.194.1.4-9618+[--1]-9618&noUDP&sock=29021_9213_3>
...
006 (42900.000.000) 04/20 17:08:32 Image size of job updated: 21808
	11  -  MemoryUsage of job (MB)
	10576  -  ResidentSetSize of job (KB)
...
006 (42900.000.000) 04/20 17:13:32 Image size of job updated: 267320
	246  -  MemoryUsage of job (MB)
	251644  -  ResidentSetSize of job (KB)
...
006 (42900.000.000) 04/20 17:23:34 Image size of job updated: 409544
	385  -  MemoryUsage of job (MB)
	393868  -  ResidentSetSize of job (KB)
...
006 (42900.000.000) 04/20 17:38:36 Image size of job updated: 513588
	465  -  MemoryUsage of job (MB)
	475396  -  ResidentSetSize of job (KB)
...
006 (42900.000.000) 04/20 17:53:38 Image size of job updated: 625360
	559  -  MemoryUsage of job (MB)
	572360  -  ResidentSetSize of job (KB)
...
006 (42900.000.000) 04/20 18:03:38 Image size of job updated: 626064
	560  -  MemoryUsage of job (MB)
	573064  -  ResidentSetSize of job (KB)
...
006 (42900.000.000) 04/20 18:08:39 Image size of job updated: 659308
	610  -  MemoryUsage of job (MB)
	624100  -  ResidentSetSize of job (KB)
...
006 (42900.000.000) 04/20 18:13:39 Image size of job updated: 677044
	624  -  MemoryUsage of job (MB)
	638652  -  ResidentSetSize of job (KB)
...
006 (42900.000.000) 04/20 18:18:39 Image size of job updated: 706588
	626  -  MemoryUsage of job (MB)
	640672  -  ResidentSetSize of job (KB)
...
006 (42900.000.000) 04/20 18:23:40 Image size of job updated: 744384
	646  -  MemoryUsage of job (MB)
	660604  -  ResidentSetSize of job (KB)
...
006 (42900.000.000) 04/20 18:28:41 Image size of job updated: 805576
	705  -  MemoryUsage of job (MB)
	721796  -  ResidentSetSize of job (KB)
...
006 (42900.000.000) 04/20 18:33:41 Image size of job updated: 824860
	707  -  MemoryUsage of job (MB)
	723544  -  ResidentSetSize of job (KB)
...
006 (42900.000.000) 04/20 18:38:42 Image size of job updated: 860892
	747  -  MemoryUsage of job (MB)
	764632  -  ResidentSetSize of job (KB)
...
006 (42900.000.000) 04/20 18:43:43 Image size of job updated: 937008
	791  -  MemoryUsage of job (MB)
	809000  -  ResidentSetSize of job (KB)
...
006 (42900.000.000) 04/20 18:53:43 Image size of job updated: 1003864
	791  -  MemoryUsage of job (MB)
	809116  -  ResidentSetSize of job (KB)
...
006 (42900.000.000) 04/20 19:03:44 Image size of job updated: 1026632
	969  -  MemoryUsage of job (MB)
	991604  -  ResidentSetSize of job (KB)
...
006 (42900.000.000) 04/20 19:08:44 Image size of job updated: 1086496
	969  -  MemoryUsage of job (MB)
	991612  -  ResidentSetSize of job (KB)
...
006 (42900.000.000) 04/20 19:13:45 Image size of job updated: 1087288
	969  -  MemoryUsage of job (MB)
	991612  -  ResidentSetSize of job (KB)
...
006 (42900.000.000) 04/20 19:18:46 Image size of job updated: 1146576
	969  -  MemoryUsage of job (MB)
	991612  -  ResidentSetSize of job (KB)
...
006 (42900.000.000) 04/20 19:23:46 Image size of job updated: 1181660
	969  -  MemoryUsage of job (MB)
	991612  -  ResidentSetSize of job (KB)
...
005 (42900.000.000) 04/20 21:09:39 Job terminated.
	(1) Normal termination (return value 0)
		Usr 0 03:35:26, Sys 0 00:03:57  -  Run Remote Usage
		Usr 0 00:00:00, Sys 0 00:00:00  -  Run Local Usage
		Usr 0 03:35:26, Sys 0 00:03:57  -  Total Remote Usage
		Usr 0 00:00:00, Sys 0 00:00:00  -  Total Local Usage
	1009183  -  Run Bytes Sent By Job
	112  -  Run Bytes Received By Job
	1009183  -  Total Bytes Sent By Job
	112  -  Total Bytes Received By Job
	Partitionable Resources :    Usage  Request Allocated
	   Cpus                 :                 1         1
	   Disk (KB)            :      996        1    237262
	   Memory (MB)          :      969     1024      1024
...
000 (43396.000.000) 04/23 19:53:10 Job submitted from host: <172.20.203.50:9618?addrs=172.20.203.50-9618+[--1]-9618&noUDP&sock=7405_cae4_4>
...
001 (43396.000.000) 04/23 21:12:35 Job executing on host: <10.194.1.8:9618?addrs=10.194.1.8-9618+[--1]-9618&noUDP&sock=33277_d526_3>
...
006 (43396.000.000) 04/23 21:12:43 Image size of job updated: 33072
	33  -  MemoryUsage of job (MB)
	33072  -  ResidentSetSize of job (KB)
...
006 (43396.000.000) 04/23 21:17:43 Image size of job updated: 283204
	277  -  MemoryUsage of job (MB)
	283204  -  ResidentSetSize of job (KB)
...
006 (43396.000.000) 04/23 21:22:43 Image size of job updated: 374484
	366  -  MemoryUsage of job (MB)
	374484  -  ResidentSetSize of job (KB)
...
006 (43396.000.000) 04/23 21:32:45 Image size of job updated: 472196
	462  -  MemoryUsage of job (MB)
	472196  -  ResidentSetSize of job (KB)
...
006 (43396.000.000) 04/23 21:37:45 Image size of job updated: 501576
	490  -  MemoryUsage of job (MB)
	501576  -  ResidentSetSize of job (KB)
...
006 (43396.000.000) 04/23 21:42:45 Image size of job updated: 582288
	536  -  MemoryUsage of job (MB)
	548780  -  ResidentSetSize of job (KB)
...
006 (43396.000.000) 04/23 21:52:47 Image size of job updated: 623500
	586  -  MemoryUsage of job (MB)
	600048  -  ResidentSetSize of job (KB)
...
006 (43396.000.000) 04/23 21:57:47 Image size of job updated: 700284
	661  -  MemoryUsage of job (MB)
	676840  -  ResidentSetSize of job (KB)
...
006 (43396.000.000) 04/23 22:02:47 Image size of job updated: 775812
	686  -  MemoryUsage of job (MB)
	701672  -  ResidentSetSize of job (KB)
...
006 (43396.000.000) 04/23 22:07:48 Image size of job updated: 852052
	773  -  MemoryUsage of job (MB)
	790612  -  ResidentSetSize of job (KB)
...
006 (43396.000.000) 04/23 22:12:49 Image size of job updated: 898036
	786  -  MemoryUsage of job (MB)
	804656  -  ResidentSetSize of job (KB)
...
006 (43396.000.000) 04/23 22:17:49 Image size of job updated: 960084
	847  -  MemoryUsage of job (MB)
	866736  -  ResidentSetSize of job (KB)
...
006 (43396.000.000) 04/23 22:22:49 Image size of job updated: 1017060
	964  -  MemoryUsage of job (MB)
	986432  -  ResidentSetSize of job (KB)
...
006 (43396.000.000) 04/23 22:27:50 Image size of job updated: 1078500
	1018  -  MemoryUsage of job (MB)
	1041604  -  ResidentSetSize of job (KB)
...
006 (43396.000.000) 04/23 22:32:50 Image size of job updated: 1183328
	1116  -  MemoryUsage of job (MB)
	1142292  -  ResidentSetSize of job (KB)
...
005 (43396.000.000) 04/24 00:18:11 Job terminated.
	(1) Normal termination (return value 0)
		Usr 0 02:39:53, Sys 0 00:04:28  -  Run Remote Usage
		Usr 0 00:00:00, Sys 0 00:00:00  -  Run Local Usage
		Usr 0 02:39:53, Sys 0 00:04:28  -  Total Remote Usage
		Usr 0 00:00:00, Sys 0 00:00:00  -  Total Local Usage
	1010890  -  Run Bytes Sent By Job
	112  -  Run Bytes Received By Job
	1010890  -  Total Bytes Sent By Job
	112  -  Total Bytes Received By Job
	Partitionable Resources :    Usage  Request Allocated
	   Cpus                 :                 1         1
	   Disk (KB)            :      997        1    247858
	   Memory (MB)          :     1116     1024      1024
...
