000 (42908.000.000) 04/20 17:08:23 Job submitted from host: <172.20.203.50:9618?addrs=172.20.203.50-9618+[--1]-9618&noUDP&sock=7405_cae4_4>
...
001 (42908.000.000) 04/20 17:08:43 Job executing on host: <10.194.1.4:9618?addrs=10.194.1.4-9618+[--1]-9618&noUDP&sock=29021_9213_3>
...
006 (42908.000.000) 04/20 17:08:52 Image size of job updated: 65524
	64  -  MemoryUsage of job (MB)
	65524  -  ResidentSetSize of job (KB)
...
006 (42908.000.000) 04/20 17:13:53 Image size of job updated: 311432
	305  -  MemoryUsage of job (MB)
	311432  -  ResidentSetSize of job (KB)
...
006 (42908.000.000) 04/20 17:18:53 Image size of job updated: 318640
	312  -  MemoryUsage of job (MB)
	318640  -  ResidentSetSize of job (KB)
...
006 (42908.000.000) 04/20 17:23:53 Image size of job updated: 329508
	322  -  MemoryUsage of job (MB)
	329508  -  ResidentSetSize of job (KB)
...
006 (42908.000.000) 04/20 17:28:54 Image size of job updated: 446932
	437  -  MemoryUsage of job (MB)
	446932  -  ResidentSetSize of job (KB)
...
006 (42908.000.000) 04/20 17:38:54 Image size of job updated: 452412
	442  -  MemoryUsage of job (MB)
	452412  -  ResidentSetSize of job (KB)
...
006 (42908.000.000) 04/20 17:43:55 Image size of job updated: 519580
	508  -  MemoryUsage of job (MB)
	519580  -  ResidentSetSize of job (KB)
...
006 (42908.000.000) 04/20 17:48:56 Image size of job updated: 584280
	569  -  MemoryUsage of job (MB)
	582048  -  ResidentSetSize of job (KB)
...
006 (42908.000.000) 04/20 17:53:56 Image size of job updated: 614288
	574  -  MemoryUsage of job (MB)
	587260  -  ResidentSetSize of job (KB)
...
006 (42908.000.000) 04/20 17:58:57 Image size of job updated: 654860
	574  -  MemoryUsage of job (MB)
	587260  -  ResidentSetSize of job (KB)
...
006 (42908.000.000) 04/20 18:03:58 Image size of job updated: 761984
	685  -  MemoryUsage of job (MB)
	701020  -  ResidentSetSize of job (KB)
...
006 (42908.000.000) 04/20 18:13:58 Image size of job updated: 765468
	729  -  MemoryUsage of job (MB)
	745872  -  ResidentSetSize of job (KB)
...
006 (42908.000.000) 04/20 18:18:59 Image size of job updated: 803576
	766  -  MemoryUsage of job (MB)
	783980  -  ResidentSetSize of job (KB)
...
006 (42908.000.000) 04/20 18:23:59 Image size of job updated: 907656
	868  -  MemoryUsage of job (MB)
	888492  -  ResidentSetSize of job (KB)
...
006 (42908.000.000) 04/20 18:34:00 Image size of job updated: 985656
	944  -  MemoryUsage of job (MB)
	966492  -  ResidentSetSize of job (KB)
...
006 (42908.000.000) 04/20 18:44:01 Image size of job updated: 1010252
	944  -  MemoryUsage of job (MB)
	966492  -  ResidentSetSize of job (KB)
...
006 (42908.000.000) 04/20 18:49:02 Image size of job updated: 1041212
	944  -  MemoryUsage of job (MB)
	966492  -  ResidentSetSize of job (KB)
...
006 (42908.000.000) 04/20 18:59:03 Image size of job updated: 1112616
	962  -  MemoryUsage of job (MB)
	984228  -  ResidentSetSize of job (KB)
...
006 (42908.000.000) 04/20 19:04:03 Image size of job updated: 1112616
	1034  -  MemoryUsage of job (MB)
	1058616  -  ResidentSetSize of job (KB)
...
006 (42908.000.000) 04/20 19:09:04 Image size of job updated: 1122284
	1034  -  MemoryUsage of job (MB)
	1058616  -  ResidentSetSize of job (KB)
...
006 (42908.000.000) 04/20 19:14:04 Image size of job updated: 1194256
	1034  -  MemoryUsage of job (MB)
	1058616  -  ResidentSetSize of job (KB)
...
006 (42908.000.000) 04/20 19:24:05 Image size of job updated: 1205832
	1034  -  MemoryUsage of job (MB)
	1058616  -  ResidentSetSize of job (KB)
...
005 (42908.000.000) 04/20 20:56:37 Job terminated.
	(1) Normal termination (return value 0)
		Usr 0 03:33:29, Sys 0 00:04:01  -  Run Remote Usage
		Usr 0 00:00:00, Sys 0 00:00:00  -  Run Local Usage
		Usr 0 03:33:29, Sys 0 00:04:01  -  Total Remote Usage
		Usr 0 00:00:00, Sys 0 00:00:00  -  Total Local Usage
	764322  -  Run Bytes Sent By Job
	117  -  Run Bytes Received By Job
	764322  -  Total Bytes Sent By Job
	117  -  Total Bytes Received By Job
	Partitionable Resources :    Usage  Request Allocated
	   Cpus                 :                 1         1
	   Disk (KB)            :      756        1    237262
	   Memory (MB)          :     1034     1024      1024
...
000 (43404.000.000) 04/23 19:53:11 Job submitted from host: <172.20.203.50:9618?addrs=172.20.203.50-9618+[--1]-9618&noUDP&sock=7405_cae4_4>
...
001 (43404.000.000) 04/23 21:12:36 Job executing on host: <10.194.1.8:9618?addrs=10.194.1.8-9618+[--1]-9618&noUDP&sock=33277_d526_3>
...
006 (43404.000.000) 04/23 21:12:45 Image size of job updated: 31728
	31  -  MemoryUsage of job (MB)
	31728  -  ResidentSetSize of job (KB)
...
006 (43404.000.000) 04/23 21:17:46 Image size of job updated: 226656
	222  -  MemoryUsage of job (MB)
	226656  -  ResidentSetSize of job (KB)
...
006 (43404.000.000) 04/23 21:22:47 Image size of job updated: 426712
	417  -  MemoryUsage of job (MB)
	426712  -  ResidentSetSize of job (KB)
...
006 (43404.000.000) 04/23 21:32:47 Image size of job updated: 511468
	500  -  MemoryUsage of job (MB)
	511468  -  ResidentSetSize of job (KB)
...
006 (43404.000.000) 04/23 21:37:47 Image size of job updated: 582784
	570  -  MemoryUsage of job (MB)
	582784  -  ResidentSetSize of job (KB)
...
006 (43404.000.000) 04/23 21:42:48 Image size of job updated: 625748
	612  -  MemoryUsage of job (MB)
	625748  -  ResidentSetSize of job (KB)
...
006 (43404.000.000) 04/23 21:47:49 Image size of job updated: 683092
	668  -  MemoryUsage of job (MB)
	683092  -  ResidentSetSize of job (KB)
...
006 (43404.000.000) 04/23 21:52:49 Image size of job updated: 736956
	720  -  MemoryUsage of job (MB)
	736956  -  ResidentSetSize of job (KB)
...
006 (43404.000.000) 04/23 21:57:49 Image size of job updated: 800560
	782  -  MemoryUsage of job (MB)
	800560  -  ResidentSetSize of job (KB)
...
006 (43404.000.000) 04/23 22:02:50 Image size of job updated: 848508
	816  -  MemoryUsage of job (MB)
	834776  -  ResidentSetSize of job (KB)
...
006 (43404.000.000) 04/23 22:07:51 Image size of job updated: 949512
	914  -  MemoryUsage of job (MB)
	935792  -  ResidentSetSize of job (KB)
...
006 (43404.000.000) 04/23 22:17:51 Image size of job updated: 985148
	925  -  MemoryUsage of job (MB)
	946184  -  ResidentSetSize of job (KB)
...
006 (43404.000.000) 04/23 22:22:51 Image size of job updated: 1032836
	972  -  MemoryUsage of job (MB)
	994440  -  ResidentSetSize of job (KB)
...
006 (43404.000.000) 04/23 22:27:52 Image size of job updated: 1159660
	1096  -  MemoryUsage of job (MB)
	1121332  -  ResidentSetSize of job (KB)
...
005 (43404.000.000) 04/24 00:04:06 Job terminated.
	(1) Normal termination (return value 0)
		Usr 0 02:32:59, Sys 0 00:03:28  -  Run Remote Usage
		Usr 0 00:00:00, Sys 0 00:00:00  -  Run Local Usage
		Usr 0 02:32:59, Sys 0 00:03:28  -  Total Remote Usage
		Usr 0 00:00:00, Sys 0 00:00:00  -  Total Local Usage
	756666  -  Run Bytes Sent By Job
	117  -  Run Bytes Received By Job
	756666  -  Total Bytes Sent By Job
	117  -  Total Bytes Received By Job
	Partitionable Resources :    Usage  Request Allocated
	   Cpus                 :                 1         1
	   Disk (KB)            :      749        1    247858
	   Memory (MB)          :     1096     1024      1024
...
