000 (42904.000.000) 04/20 17:08:23 Job submitted from host: <172.20.203.50:9618?addrs=172.20.203.50-9618+[--1]-9618&noUDP&sock=7405_cae4_4>
...
001 (42904.000.000) 04/20 17:08:43 Job executing on host: <10.194.1.4:9618?addrs=10.194.1.4-9618+[--1]-9618&noUDP&sock=29021_9213_3>
...
006 (42904.000.000) 04/20 17:08:52 Image size of job updated: 31120
	31  -  MemoryUsage of job (MB)
	31120  -  ResidentSetSize of job (KB)
...
006 (42904.000.000) 04/20 17:13:53 Image size of job updated: 290224
	284  -  MemoryUsage of job (MB)
	290224  -  ResidentSetSize of job (KB)
...
006 (42904.000.000) 04/20 17:18:54 Image size of job updated: 321592
	315  -  MemoryUsage of job (MB)
	321592  -  ResidentSetSize of job (KB)
...
006 (42904.000.000) 04/20 17:23:54 Image size of job updated: 393668
	385  -  MemoryUsage of job (MB)
	393668  -  ResidentSetSize of job (KB)
...
006 (42904.000.000) 04/20 17:28:54 Image size of job updated: 395756
	387  -  MemoryUsage of job (MB)
	395756  -  ResidentSetSize of job (KB)
...
006 (42904.000.000) 04/20 17:33:55 Image size of job updated: 431636
	422  -  MemoryUsage of job (MB)
	431636  -  ResidentSetSize of job (KB)
...
006 (42904.000.000) 04/20 17:38:55 Image size of job updated: 466124
	456  -  MemoryUsage of job (MB)
	466124  -  ResidentSetSize of job (KB)
...
006 (42904.000.000) 04/20 17:43:55 Image size of job updated: 545264
	533  -  MemoryUsage of job (MB)
	545264  -  ResidentSetSize of job (KB)
...
006 (42904.000.000) 04/20 17:48:57 Image size of job updated: 586240
	573  -  MemoryUsage of job (MB)
	586240  -  ResidentSetSize of job (KB)
...
006 (42904.000.000) 04/20 17:53:57 Image size of job updated: 618160
	586  -  MemoryUsage of job (MB)
	599952  -  ResidentSetSize of job (KB)
...
006 (42904.000.000) 04/20 17:58:57 Image size of job updated: 667836
	604  -  MemoryUsage of job (MB)
	618424  -  ResidentSetSize of job (KB)
...
006 (42904.000.000) 04/20 18:03:58 Image size of job updated: 705388
	672  -  MemoryUsage of job (MB)
	687348  -  ResidentSetSize of job (KB)
...
006 (42904.000.000) 04/20 18:08:59 Image size of job updated: 728288
	692  -  MemoryUsage of job (MB)
	708016  -  ResidentSetSize of job (KB)
...
006 (42904.000.000) 04/20 18:13:59 Image size of job updated: 779592
	742  -  MemoryUsage of job (MB)
	759324  -  ResidentSetSize of job (KB)
...
006 (42904.000.000) 04/20 18:29:01 Image size of job updated: 848756
	797  -  MemoryUsage of job (MB)
	815732  -  ResidentSetSize of job (KB)
...
006 (42904.000.000) 04/20 18:34:01 Image size of job updated: 981436
	912  -  MemoryUsage of job (MB)
	933056  -  ResidentSetSize of job (KB)
...
006 (42904.000.000) 04/20 18:59:04 Image size of job updated: 1104944
	952  -  MemoryUsage of job (MB)
	974196  -  ResidentSetSize of job (KB)
...
006 (42904.000.000) 04/20 19:04:04 Image size of job updated: 1104944
	1018  -  MemoryUsage of job (MB)
	1041588  -  ResidentSetSize of job (KB)
...
006 (42904.000.000) 04/20 19:14:06 Image size of job updated: 1139400
	1018  -  MemoryUsage of job (MB)
	1041588  -  ResidentSetSize of job (KB)
...
006 (42904.000.000) 04/20 19:19:06 Image size of job updated: 1180308
	1018  -  MemoryUsage of job (MB)
	1041588  -  ResidentSetSize of job (KB)
...
006 (42904.000.000) 04/20 19:24:06 Image size of job updated: 1217976
	1018  -  MemoryUsage of job (MB)
	1041588  -  ResidentSetSize of job (KB)
...
005 (42904.000.000) 04/20 21:10:25 Job terminated.
	(1) Normal termination (return value 0)
		Usr 0 03:41:49, Sys 0 00:03:48  -  Run Remote Usage
		Usr 0 00:00:00, Sys 0 00:00:00  -  Run Local Usage
		Usr 0 03:41:49, Sys 0 00:03:48  -  Total Remote Usage
		Usr 0 00:00:00, Sys 0 00:00:00  -  Total Local Usage
	2901312  -  Run Bytes Sent By Job
	117  -  Run Bytes Received By Job
	2901312  -  Total Bytes Sent By Job
	117  -  Total Bytes Received By Job
	Partitionable Resources :    Usage  Request Allocated
	   Cpus                 :                 1         1
	   Disk (KB)            :     2843        1    237262
	   Memory (MB)          :     1018     1024      1024
...
000 (43400.000.000) 04/23 19:53:11 Job submitted from host: <172.20.203.50:9618?addrs=172.20.203.50-9618+[--1]-9618&noUDP&sock=7405_cae4_4>
...
001 (43400.000.000) 04/23 21:12:35 Job executing on host: <10.194.1.8:9618?addrs=10.194.1.8-9618+[--1]-9618&noUDP&sock=33277_d526_3>
...
006 (43400.000.000) 04/23 21:12:44 Image size of job updated: 31344
	31  -  MemoryUsage of job (MB)
	31344  -  ResidentSetSize of job (KB)
...
006 (43400.000.000) 04/23 21:17:45 Image size of job updated: 293776
	287  -  MemoryUsage of job (MB)
	293776  -  ResidentSetSize of job (KB)
...
006 (43400.000.000) 04/23 21:22:45 Image size of job updated: 403392
	394  -  MemoryUsage of job (MB)
	403392  -  ResidentSetSize of job (KB)
...
006 (43400.000.000) 04/23 21:27:45 Image size of job updated: 417876
	409  -  MemoryUsage of job (MB)
	417876  -  ResidentSetSize of job (KB)
...
006 (43400.000.000) 04/23 21:32:46 Image size of job updated: 493940
	483  -  MemoryUsage of job (MB)
	493940  -  ResidentSetSize of job (KB)
...
006 (43400.000.000) 04/23 21:37:47 Image size of job updated: 577968
	565  -  MemoryUsage of job (MB)
	577968  -  ResidentSetSize of job (KB)
...
006 (43400.000.000) 04/23 21:42:47 Image size of job updated: 675700
	659  -  MemoryUsage of job (MB)
	674436  -  ResidentSetSize of job (KB)
...
006 (43400.000.000) 04/23 21:47:48 Image size of job updated: 689796
	673  -  MemoryUsage of job (MB)
	688540  -  ResidentSetSize of job (KB)
...
006 (43400.000.000) 04/23 21:52:49 Image size of job updated: 748880
	731  -  MemoryUsage of job (MB)
	747644  -  ResidentSetSize of job (KB)
...
006 (43400.000.000) 04/23 21:57:49 Image size of job updated: 843944
	823  -  MemoryUsage of job (MB)
	842708  -  ResidentSetSize of job (KB)
...
006 (43400.000.000) 04/23 22:02:49 Image size of job updated: 849608
	829  -  MemoryUsage of job (MB)
	848372  -  ResidentSetSize of job (KB)
...
006 (43400.000.000) 04/23 22:07:50 Image size of job updated: 934292
	912  -  MemoryUsage of job (MB)
	933056  -  ResidentSetSize of job (KB)
...
006 (43400.000.000) 04/23 22:17:50 Image size of job updated: 987524
	951  -  MemoryUsage of job (MB)
	973136  -  ResidentSetSize of job (KB)
...
006 (43400.000.000) 04/23 22:22:51 Image size of job updated: 1038868
	990  -  MemoryUsage of job (MB)
	1013704  -  ResidentSetSize of job (KB)
...
006 (43400.000.000) 04/23 22:27:52 Image size of job updated: 1152836
	1091  -  MemoryUsage of job (MB)
	1116536  -  ResidentSetSize of job (KB)
...
005 (43400.000.000) 04/24 00:18:11 Job terminated.
	(1) Normal termination (return value 0)
		Usr 0 02:41:30, Sys 0 00:04:36  -  Run Remote Usage
		Usr 0 00:00:00, Sys 0 00:00:00  -  Run Local Usage
		Usr 0 02:41:30, Sys 0 00:04:36  -  Total Remote Usage
		Usr 0 00:00:00, Sys 0 00:00:00  -  Total Local Usage
	2893637  -  Run Bytes Sent By Job
	117  -  Run Bytes Received By Job
	2893637  -  Total Bytes Sent By Job
	117  -  Total Bytes Received By Job
	Partitionable Resources :    Usage  Request Allocated
	   Cpus                 :                 1         1
	   Disk (KB)            :     2836        1    247858
	   Memory (MB)          :     1091     1024      1024
...
