000 (40318.000.000) 2021-07-26 16:54:36 Job submitted from host: <194.36.1.200:9618?addrs=194.36.1.200-9618&alias=hex.ppe.gla.ac.uk&noUDP&sock=schedd_1401_8c46>
...
040 (40318.000.000) 2021-07-26 23:54:37 Started transferring input files
	Transferring to host: <192.168.16.112:9618?addrs=192.168.16.112-9618&alias=condor-d19-02.ppe.cluster&noUDP&sock=slot1_8_174254_74e7_705>
...
040 (40318.000.000) 2021-07-26 23:54:37 Finished transferring input files
...
001 (40318.000.000) 2021-07-26 23:54:38 Job executing on host: <192.168.16.112:9618?addrs=192.168.16.112-9618&alias=condor-d19-02.ppe.cluster&noUDP&sock=startd_2914_5710>
...
006 (40318.000.000) 2021-07-26 23:54:47 Image size of job updated: 45820
	45  -  MemoryUsage of job (MB)
	45816  -  ResidentSetSize of job (KB)
...
006 (40318.000.000) 2021-07-26 23:59:48 Image size of job updated: 1407488
	668  -  MemoryUsage of job (MB)
	683940  -  ResidentSetSize of job (KB)
...
006 (40318.000.000) 2021-07-27 00:04:49 Image size of job updated: 1418608
	668  -  MemoryUsage of job (MB)
	683940  -  ResidentSetSize of job (KB)
...
006 (40318.000.000) 2021-07-27 00:09:49 Image size of job updated: 1420236
	668  -  MemoryUsage of job (MB)
	683940  -  ResidentSetSize of job (KB)
...
006 (40318.000.000) 2021-07-27 00:14:49 Image size of job updated: 1433364
	668  -  MemoryUsage of job (MB)
	683940  -  ResidentSetSize of job (KB)
...
006 (40318.000.000) 2021-07-27 00:19:50 Image size of job updated: 1433364
	781  -  MemoryUsage of job (MB)
	799504  -  ResidentSetSize of job (KB)
...
006 (40318.000.000) 2021-07-27 00:24:51 Image size of job updated: 1433364
	784  -  MemoryUsage of job (MB)
	802480  -  ResidentSetSize of job (KB)
...
006 (40318.000.000) 2021-07-27 00:29:51 Image size of job updated: 1433364
	787  -  MemoryUsage of job (MB)
	805364  -  ResidentSetSize of job (KB)
...
006 (40318.000.000) 2021-07-27 01:29:57 Image size of job updated: 1451244
	787  -  MemoryUsage of job (MB)
	805364  -  ResidentSetSize of job (KB)
...
006 (40318.000.000) 2021-07-27 01:44:58 Image size of job updated: 1454872
	787  -  MemoryUsage of job (MB)
	805364  -  ResidentSetSize of job (KB)
...
006 (40318.000.000) 2021-07-27 01:54:59 Image size of job updated: 1459128
	787  -  MemoryUsage of job (MB)
	805364  -  ResidentSetSize of job (KB)
...
040 (40318.000.000) 2021-07-27 03:34:36 Started transferring output files
...
040 (40318.000.000) 2021-07-27 03:34:49 Finished transferring output files
...
005 (40318.000.000) 2021-07-27 03:34:50 Job terminated.
	(1) Normal termination (return value 0)
		Usr 0 03:10:41, Sys 0 00:27:24  -  Run Remote Usage
		Usr 0 00:00:00, Sys 0 00:00:00  -  Run Local Usage
		Usr 0 03:10:41, Sys 0 00:27:24  -  Total Remote Usage
		Usr 0 00:00:00, Sys 0 00:00:00  -  Total Local Usage
	3832108032  -  Run Bytes Sent By Job
	319  -  Run Bytes Received By Job
	3832108032  -  Total Bytes Sent By Job
	319  -  Total Bytes Received By Job
	Partitionable Resources :      Usage  Request Allocated 
	   Cpus                 :       0.99        1         1 
	   Disk (KB)            : 3742309           1    825748 
	   Memory (MB)          :     787       10240     10240 

	Job terminated of its own accord at 2021-07-27T02:34:36Z.
...
