000 (40562.000.000) 2021-07-26 16:54:48 Job submitted from host: <194.36.1.200:9618?addrs=194.36.1.200-9618&alias=hex.ppe.gla.ac.uk&noUDP&sock=schedd_1401_8c46>
...
040 (40562.000.000) 2021-07-27 11:06:42 Started transferring input files
	Transferring to host: <192.168.16.114:9618?addrs=192.168.16.114-9618&alias=condor-d19-04.ppe.cluster&noUDP&sock=slot1_9_3775_9433_831>
...
040 (40562.000.000) 2021-07-27 11:06:42 Finished transferring input files
...
001 (40562.000.000) 2021-07-27 11:06:43 Job executing on host: <192.168.16.114:9618?addrs=192.168.16.114-9618&alias=condor-d19-04.ppe.cluster&noUDP&sock=startd_2633_98f3>
...
006 (40562.000.000) 2021-07-27 11:06:51 Image size of job updated: 65716
	65  -  MemoryUsage of job (MB)
	65712  -  ResidentSetSize of job (KB)
...
006 (40562.000.000) 2021-07-27 11:11:51 Image size of job updated: 1409084
	660  -  MemoryUsage of job (MB)
	675484  -  ResidentSetSize of job (KB)
...
006 (40562.000.000) 2021-07-27 11:16:52 Image size of job updated: 1424384
	660  -  MemoryUsage of job (MB)
	675484  -  ResidentSetSize of job (KB)
...
006 (40562.000.000) 2021-07-27 11:26:52 Image size of job updated: 1424384
	672  -  MemoryUsage of job (MB)
	687804  -  ResidentSetSize of job (KB)
...
006 (40562.000.000) 2021-07-27 11:51:56 Image size of job updated: 1501488
	672  -  MemoryUsage of job (MB)
	687804  -  ResidentSetSize of job (KB)
...
006 (40562.000.000) 2021-07-27 12:01:56 Image size of job updated: 1501488
	796  -  MemoryUsage of job (MB)
	814808  -  ResidentSetSize of job (KB)
...
006 (40562.000.000) 2021-07-27 12:16:57 Image size of job updated: 1504700
	829  -  MemoryUsage of job (MB)
	848836  -  ResidentSetSize of job (KB)
...
006 (40562.000.000) 2021-07-27 12:26:59 Image size of job updated: 1550492
	829  -  MemoryUsage of job (MB)
	848836  -  ResidentSetSize of job (KB)
...
006 (40562.000.000) 2021-07-27 12:42:01 Image size of job updated: 1551752
	829  -  MemoryUsage of job (MB)
	848836  -  ResidentSetSize of job (KB)
...
040 (40562.000.000) 2021-07-27 13:35:53 Started transferring output files
...
040 (40562.000.000) 2021-07-27 13:36:01 Finished transferring output files
...
005 (40562.000.000) 2021-07-27 13:36:02 Job terminated.
	(1) Normal termination (return value 0)
		Usr 0 02:11:26, Sys 0 00:16:38  -  Run Remote Usage
		Usr 0 00:00:00, Sys 0 00:00:00  -  Run Local Usage
		Usr 0 02:11:26, Sys 0 00:16:38  -  Total Remote Usage
		Usr 0 00:00:00, Sys 0 00:00:00  -  Total Local Usage
	2423200512  -  Run Bytes Sent By Job
	323  -  Run Bytes Received By Job
	2423200512  -  Total Bytes Sent By Job
	323  -  Total Bytes Received By Job
	Partitionable Resources :      Usage  Request Allocated 
	   Cpus                 :       1.00        1         1 
	   Disk (KB)            : 2366422           1   3637421 
	   Memory (MB)          :     829       10240     10240 

	Job terminated of its own accord at 2021-07-27T12:35:53Z.
...
