000 (40435.000.000) 2021-07-26 16:54:41 Job submitted from host: <194.36.1.200:9618?addrs=194.36.1.200-9618&alias=hex.ppe.gla.ac.uk&noUDP&sock=schedd_1401_8c46>
...
040 (40435.000.000) 2021-07-27 04:48:42 Started transferring input files
	Transferring to host: <192.168.16.121:9618?addrs=192.168.16.121-9618&alias=condor-d20-01.ppe.cluster&noUDP&sock=slot1_11_40472_ef67_981>
...
040 (40435.000.000) 2021-07-27 04:48:42 Finished transferring input files
...
001 (40435.000.000) 2021-07-27 04:48:43 Job executing on host: <192.168.16.121:9618?addrs=192.168.16.121-9618&alias=condor-d20-01.ppe.cluster&noUDP&sock=startd_40545_137a>
...
006 (40435.000.000) 2021-07-27 04:48:52 Image size of job updated: 660672
	569  -  MemoryUsage of job (MB)
	581792  -  ResidentSetSize of job (KB)
...
006 (40435.000.000) 2021-07-27 04:53:54 Image size of job updated: 1415868
	656  -  MemoryUsage of job (MB)
	671272  -  ResidentSetSize of job (KB)
...
006 (40435.000.000) 2021-07-27 04:58:54 Image size of job updated: 1418760
	680  -  MemoryUsage of job (MB)
	696184  -  ResidentSetSize of job (KB)
...
006 (40435.000.000) 2021-07-27 05:43:59 Image size of job updated: 1419008
	680  -  MemoryUsage of job (MB)
	696184  -  ResidentSetSize of job (KB)
...
006 (40435.000.000) 2021-07-27 05:49:00 Image size of job updated: 1419008
	683  -  MemoryUsage of job (MB)
	698696  -  ResidentSetSize of job (KB)
...
006 (40435.000.000) 2021-07-27 05:54:00 Image size of job updated: 1445740
	683  -  MemoryUsage of job (MB)
	698696  -  ResidentSetSize of job (KB)
...
006 (40435.000.000) 2021-07-27 05:59:01 Image size of job updated: 1450988
	683  -  MemoryUsage of job (MB)
	698696  -  ResidentSetSize of job (KB)
...
006 (40435.000.000) 2021-07-27 06:09:02 Image size of job updated: 1450988
	779  -  MemoryUsage of job (MB)
	797584  -  ResidentSetSize of job (KB)
...
006 (40435.000.000) 2021-07-27 06:24:04 Image size of job updated: 1450988
	785  -  MemoryUsage of job (MB)
	802952  -  ResidentSetSize of job (KB)
...
006 (40435.000.000) 2021-07-27 06:34:05 Image size of job updated: 1451656
	785  -  MemoryUsage of job (MB)
	802952  -  ResidentSetSize of job (KB)
...
006 (40435.000.000) 2021-07-27 06:54:07 Image size of job updated: 1463972
	785  -  MemoryUsage of job (MB)
	802952  -  ResidentSetSize of job (KB)
...
006 (40435.000.000) 2021-07-27 07:29:10 Image size of job updated: 1463972
	793  -  MemoryUsage of job (MB)
	811716  -  ResidentSetSize of job (KB)
...
040 (40435.000.000) 2021-07-27 08:47:16 Started transferring output files
...
040 (40435.000.000) 2021-07-27 08:47:28 Finished transferring output files
...
005 (40435.000.000) 2021-07-27 08:47:29 Job terminated.
	(1) Normal termination (return value 0)
		Usr 0 03:31:18, Sys 0 00:25:38  -  Run Remote Usage
		Usr 0 00:00:00, Sys 0 00:00:00  -  Run Local Usage
		Usr 0 03:31:18, Sys 0 00:25:38  -  Total Remote Usage
		Usr 0 00:00:00, Sys 0 00:00:00  -  Total Local Usage
	3696460800  -  Run Bytes Sent By Job
	319  -  Run Bytes Received By Job
	3696460800  -  Total Bytes Sent By Job
	319  -  Total Bytes Received By Job
	Partitionable Resources :      Usage  Request Allocated 
	   Cpus                 :       0.99        1         1 
	   Disk (KB)            : 3609840           1   3637421 
	   Memory (MB)          :     793       10240     10240 

	Job terminated of its own accord at 2021-07-27T07:47:16Z.
...
