000 (40697.000.000) 2021-07-26 16:54:56 Job submitted from host: <194.36.1.200:9618?addrs=194.36.1.200-9618&alias=hex.ppe.gla.ac.uk&noUDP&sock=schedd_1401_8c46>
...
040 (40697.000.000) 2021-07-27 16:53:10 Started transferring input files
	Transferring to host: <192.168.16.104:9618?addrs=192.168.16.104-9618&alias=condor-h16-04.ppe.cluster&noUDP&sock=slot1_3_11689_b534_629>
...
040 (40697.000.000) 2021-07-27 16:53:10 Finished transferring input files
...
001 (40697.000.000) 2021-07-27 16:53:11 Job executing on host: <192.168.16.104:9618?addrs=192.168.16.104-9618&alias=condor-h16-04.ppe.cluster&noUDP&sock=startd_20625_9ceb>
...
006 (40697.000.000) 2021-07-27 16:53:19 Image size of job updated: 23116
	18  -  MemoryUsage of job (MB)
	18340  -  ResidentSetSize of job (KB)
...
006 (40697.000.000) 2021-07-27 16:58:19 Image size of job updated: 1464712
	832  -  MemoryUsage of job (MB)
	851304  -  ResidentSetSize of job (KB)
...
006 (40697.000.000) 2021-07-27 17:08:20 Image size of job updated: 1489260
	832  -  MemoryUsage of job (MB)
	851304  -  ResidentSetSize of job (KB)
...
006 (40697.000.000) 2021-07-27 17:13:20 Image size of job updated: 1513256
	832  -  MemoryUsage of job (MB)
	851304  -  ResidentSetSize of job (KB)
...
006 (40697.000.000) 2021-07-27 17:23:21 Image size of job updated: 1513256
	877  -  MemoryUsage of job (MB)
	897308  -  ResidentSetSize of job (KB)
...
006 (40697.000.000) 2021-07-27 17:53:24 Image size of job updated: 1550348
	877  -  MemoryUsage of job (MB)
	897308  -  ResidentSetSize of job (KB)
...
006 (40697.000.000) 2021-07-27 19:03:31 Image size of job updated: 1550348
	882  -  MemoryUsage of job (MB)
	903088  -  ResidentSetSize of job (KB)
...
006 (40697.000.000) 2021-07-27 20:08:37 Image size of job updated: 1551008
	882  -  MemoryUsage of job (MB)
	903088  -  ResidentSetSize of job (KB)
...
040 (40697.000.000) 2021-07-27 21:49:45 Started transferring output files
...
040 (40697.000.000) 2021-07-27 21:49:56 Finished transferring output files
...
005 (40697.000.000) 2021-07-27 21:49:56 Job terminated.
	(1) Normal termination (return value 0)
		Usr 0 04:09:16, Sys 0 00:45:11  -  Run Remote Usage
		Usr 0 00:00:00, Sys 0 00:00:00  -  Run Local Usage
		Usr 0 04:09:16, Sys 0 00:45:11  -  Total Remote Usage
		Usr 0 00:00:00, Sys 0 00:00:00  -  Total Local Usage
	3852821504  -  Run Bytes Sent By Job
	319  -  Run Bytes Received By Job
	3852821504  -  Total Bytes Sent By Job
	319  -  Total Bytes Received By Job
	Partitionable Resources :      Usage  Request Allocated 
	   Cpus                 :       0.99        1         1 
	   Disk (KB)            : 3762537           1    861476 
	   Memory (MB)          :     882       10240     10240 

	Job terminated of its own accord at 2021-07-27T20:49:45Z.
...
