000 (41063.000.000) 2021-07-26 16:55:23 Job submitted from host: <194.36.1.200:9618?addrs=194.36.1.200-9618&alias=hex.ppe.gla.ac.uk&noUDP&sock=schedd_1401_8c46>
...
040 (41063.000.000) 2021-07-28 12:00:16 Started transferring input files
	Transferring to host: <192.168.16.121:9618?addrs=192.168.16.121-9618&alias=condor-d20-01.ppe.cluster&noUDP&sock=slot1_8_25694_7f4e_40>
...
040 (41063.000.000) 2021-07-28 12:00:16 Finished transferring input files
...
001 (41063.000.000) 2021-07-28 12:00:17 Job executing on host: <192.168.16.121:9618?addrs=192.168.16.121-9618&alias=condor-d20-01.ppe.cluster&noUDP&sock=startd_40545_137a>
...
006 (41063.000.000) 2021-07-28 12:00:25 Image size of job updated: 154688
	152  -  MemoryUsage of job (MB)
	154684  -  ResidentSetSize of job (KB)
...
006 (41063.000.000) 2021-07-28 12:00:28 Image size of job updated: 154712
	152  -  MemoryUsage of job (MB)
	154684  -  ResidentSetSize of job (KB)
...
040 (41063.000.000) 2021-07-28 12:00:28 Started transferring output files
...
040 (41063.000.000) 2021-07-28 12:00:28 Finished transferring output files
...
005 (41063.000.000) 2021-07-28 12:00:28 Job terminated.
	(1) Normal termination (return value 0)
		Usr 0 00:00:06, Sys 0 00:00:02  -  Run Remote Usage
		Usr 0 00:00:00, Sys 0 00:00:00  -  Run Local Usage
		Usr 0 00:00:06, Sys 0 00:00:02  -  Total Remote Usage
		Usr 0 00:00:00, Sys 0 00:00:00  -  Total Local Usage
	718123  -  Run Bytes Sent By Job
	323  -  Run Bytes Received By Job
	718123  -  Total Bytes Sent By Job
	323  -  Total Bytes Received By Job
	Partitionable Resources :    Usage  Request Allocated 
	   Cpus                 :                 1         1 
	   Disk (KB)            :      712        1   3637421 
	   Memory (MB)          :      152    10240     10240 

	Job terminated of its own accord at 2021-07-28T11:00:28Z.
...
