000 (40743.000.000) 2021-07-26 16:55:01 Job submitted from host: <194.36.1.200:9618?addrs=194.36.1.200-9618&alias=hex.ppe.gla.ac.uk&noUDP&sock=schedd_1401_8c46>
...
040 (40743.000.000) 2021-07-27 19:04:10 Started transferring input files
	Transferring to host: <192.168.16.113:9618?addrs=192.168.16.113-9618&alias=condor-d19-03.ppe.cluster&noUDP&sock=slot1_10_26289_ba86_1133>
...
040 (40743.000.000) 2021-07-27 19:04:10 Finished transferring input files
...
001 (40743.000.000) 2021-07-27 19:04:11 Job executing on host: <192.168.16.113:9618?addrs=192.168.16.113-9618&alias=condor-d19-03.ppe.cluster&noUDP&sock=startd_2634_488c>
...
006 (40743.000.000) 2021-07-27 19:04:19 Image size of job updated: 381628
	28  -  MemoryUsage of job (MB)
	28088  -  ResidentSetSize of job (KB)
...
006 (40743.000.000) 2021-07-27 19:09:19 Image size of job updated: 1304140
	667  -  MemoryUsage of job (MB)
	682060  -  ResidentSetSize of job (KB)
...
006 (40743.000.000) 2021-07-27 19:14:20 Image size of job updated: 1406312
	667  -  MemoryUsage of job (MB)
	682060  -  ResidentSetSize of job (KB)
...
006 (40743.000.000) 2021-07-27 19:19:21 Image size of job updated: 1417532
	672  -  MemoryUsage of job (MB)
	687492  -  ResidentSetSize of job (KB)
...
006 (40743.000.000) 2021-07-27 19:24:21 Image size of job updated: 1417700
	672  -  MemoryUsage of job (MB)
	687492  -  ResidentSetSize of job (KB)
...
006 (40743.000.000) 2021-07-27 19:39:23 Image size of job updated: 1417700
	684  -  MemoryUsage of job (MB)
	699808  -  ResidentSetSize of job (KB)
...
006 (40743.000.000) 2021-07-27 19:49:25 Image size of job updated: 1423892
	787  -  MemoryUsage of job (MB)
	805036  -  ResidentSetSize of job (KB)
...
006 (40743.000.000) 2021-07-27 19:59:25 Image size of job updated: 1424956
	787  -  MemoryUsage of job (MB)
	805036  -  ResidentSetSize of job (KB)
...
006 (40743.000.000) 2021-07-27 20:24:28 Image size of job updated: 1425984
	787  -  MemoryUsage of job (MB)
	805036  -  ResidentSetSize of job (KB)
...
006 (40743.000.000) 2021-07-27 20:34:29 Image size of job updated: 1449704
	787  -  MemoryUsage of job (MB)
	805036  -  ResidentSetSize of job (KB)
...
006 (40743.000.000) 2021-07-27 20:39:30 Image size of job updated: 1456268
	787  -  MemoryUsage of job (MB)
	805036  -  ResidentSetSize of job (KB)
...
006 (40743.000.000) 2021-07-27 20:44:30 Image size of job updated: 1456432
	787  -  MemoryUsage of job (MB)
	805036  -  ResidentSetSize of job (KB)
...
006 (40743.000.000) 2021-07-27 20:59:31 Image size of job updated: 1456432
	788  -  MemoryUsage of job (MB)
	806520  -  ResidentSetSize of job (KB)
...
006 (40743.000.000) 2021-07-27 21:19:33 Image size of job updated: 1465884
	788  -  MemoryUsage of job (MB)
	806520  -  ResidentSetSize of job (KB)
...
006 (40743.000.000) 2021-07-27 21:49:36 Image size of job updated: 1467788
	788  -  MemoryUsage of job (MB)
	806520  -  ResidentSetSize of job (KB)
...
006 (40743.000.000) 2021-07-27 22:44:42 Image size of job updated: 1467788
	789  -  MemoryUsage of job (MB)
	807220  -  ResidentSetSize of job (KB)
...
040 (40743.000.000) 2021-07-27 22:55:10 Started transferring output files
...
040 (40743.000.000) 2021-07-27 22:55:22 Finished transferring output files
...
005 (40743.000.000) 2021-07-27 22:55:22 Job terminated.
	(1) Normal termination (return value 0)
		Usr 0 03:24:02, Sys 0 00:25:11  -  Run Remote Usage
		Usr 0 00:00:00, Sys 0 00:00:00  -  Run Local Usage
		Usr 0 03:24:02, Sys 0 00:25:11  -  Total Remote Usage
		Usr 0 00:00:00, Sys 0 00:00:00  -  Total Local Usage
	3700479488  -  Run Bytes Sent By Job
	319  -  Run Bytes Received By Job
	3700479488  -  Total Bytes Sent By Job
	319  -  Total Bytes Received By Job
	Partitionable Resources :      Usage  Request Allocated 
	   Cpus                 :       0.99        1         1 
	   Disk (KB)            : 3613765           1   3637421 
	   Memory (MB)          :     789       10240     10240 

	Job terminated of its own accord at 2021-07-27T21:55:10Z.
...
