000 (40194.000.000) 2021-07-26 16:54:30 Job submitted from host: <194.36.1.200:9618?addrs=194.36.1.200-9618&alias=hex.ppe.gla.ac.uk&noUDP&sock=schedd_1401_8c46>
...
040 (40194.000.000) 2021-07-26 16:54:48 Started transferring input files
	Transferring to host: <192.168.16.113:9618?addrs=192.168.16.113-9618&alias=condor-d19-03.ppe.cluster&noUDP&sock=slot1_11_26289_ba86_864>
...
040 (40194.000.000) 2021-07-26 16:54:48 Finished transferring input files
...
001 (40194.000.000) 2021-07-26 16:54:49 Job executing on host: <192.168.16.113:9618?addrs=192.168.16.113-9618&alias=condor-d19-03.ppe.cluster&noUDP&sock=startd_2634_488c>
...
006 (40194.000.000) 2021-07-26 16:54:57 Image size of job updated: 22536
	8  -  MemoryUsage of job (MB)
	8016  -  ResidentSetSize of job (KB)
...
006 (40194.000.000) 2021-07-26 16:59:57 Image size of job updated: 1411200
	775  -  MemoryUsage of job (MB)
	793520  -  ResidentSetSize of job (KB)
...
006 (40194.000.000) 2021-07-26 17:04:58 Image size of job updated: 1420428
	775  -  MemoryUsage of job (MB)
	793520  -  ResidentSetSize of job (KB)
...
006 (40194.000.000) 2021-07-26 17:14:59 Image size of job updated: 1421484
	785  -  MemoryUsage of job (MB)
	803012  -  ResidentSetSize of job (KB)
...
006 (40194.000.000) 2021-07-26 17:50:02 Image size of job updated: 1421484
	786  -  MemoryUsage of job (MB)
	804292  -  ResidentSetSize of job (KB)
...
006 (40194.000.000) 2021-07-26 18:40:07 Image size of job updated: 1429628
	786  -  MemoryUsage of job (MB)
	804292  -  ResidentSetSize of job (KB)
...
006 (40194.000.000) 2021-07-26 19:35:13 Image size of job updated: 1429628
	800  -  MemoryUsage of job (MB)
	818452  -  ResidentSetSize of job (KB)
...
006 (40194.000.000) 2021-07-26 19:50:14 Image size of job updated: 1429696
	802  -  MemoryUsage of job (MB)
	820244  -  ResidentSetSize of job (KB)
...
040 (40194.000.000) 2021-07-26 20:53:12 Started transferring output files
...
040 (40194.000.000) 2021-07-26 20:53:24 Finished transferring output files
...
005 (40194.000.000) 2021-07-26 20:53:24 Job terminated.
	(1) Normal termination (return value 0)
		Usr 0 03:32:15, Sys 0 00:25:41  -  Run Remote Usage
		Usr 0 00:00:00, Sys 0 00:00:00  -  Run Local Usage
		Usr 0 03:32:15, Sys 0 00:25:41  -  Total Remote Usage
		Usr 0 00:00:00, Sys 0 00:00:00  -  Total Local Usage
	3785402112  -  Run Bytes Sent By Job
	319  -  Run Bytes Received By Job
	3785402112  -  Total Bytes Sent By Job
	319  -  Total Bytes Received By Job
	Partitionable Resources :      Usage  Request Allocated 
	   Cpus                 :       1.00        1         1 
	   Disk (KB)            : 3696697           1   3637421 
	   Memory (MB)          :     802       10240     10240 

	Job terminated of its own accord at 2021-07-26T19:53:12Z.
...
