000 (40952.000.000) 2021-07-26 16:55:16 Job submitted from host: <194.36.1.200:9618?addrs=194.36.1.200-9618&alias=hex.ppe.gla.ac.uk&noUDP&sock=schedd_1401_8c46>
...
040 (40952.000.000) 2021-07-28 05:21:12 Started transferring input files
	Transferring to host: <192.168.16.111:9618?addrs=192.168.16.111-9618&alias=condor-d19-01.ppe.cluster&noUDP&sock=slot1_5_222987_4385_1035>
...
040 (40952.000.000) 2021-07-28 05:21:12 Finished transferring input files
...
001 (40952.000.000) 2021-07-28 05:21:13 Job executing on host: <192.168.16.111:9618?addrs=192.168.16.111-9618&alias=condor-d19-01.ppe.cluster&noUDP&sock=startd_2932_afc5>
...
006 (40952.000.000) 2021-07-28 05:21:21 Image size of job updated: 51876
	51  -  MemoryUsage of job (MB)
	51872  -  ResidentSetSize of job (KB)
...
006 (40952.000.000) 2021-07-28 05:21:27 Image size of job updated: 154716
	51  -  MemoryUsage of job (MB)
	51872  -  ResidentSetSize of job (KB)
...
040 (40952.000.000) 2021-07-28 05:21:27 Started transferring output files
...
040 (40952.000.000) 2021-07-28 05:21:27 Finished transferring output files
...
005 (40952.000.000) 2021-07-28 05:21:27 Job terminated.
	(1) Normal termination (return value 0)
		Usr 0 00:00:06, Sys 0 00:00:03  -  Run Remote Usage
		Usr 0 00:00:00, Sys 0 00:00:00  -  Run Local Usage
		Usr 0 00:00:06, Sys 0 00:00:03  -  Total Remote Usage
		Usr 0 00:00:00, Sys 0 00:00:00  -  Total Local Usage
	718123  -  Run Bytes Sent By Job
	323  -  Run Bytes Received By Job
	718123  -  Total Bytes Sent By Job
	323  -  Total Bytes Received By Job
	Partitionable Resources :    Usage  Request Allocated 
	   Cpus                 :                 1         1 
	   Disk (KB)            :      711        1    825748 
	   Memory (MB)          :       51    10240     10240 

	Job terminated of its own accord at 2021-07-28T04:21:27Z.
...
