000 (40813.000.000) 2021-07-26 16:55:05 Job submitted from host: <194.36.1.200:9618?addrs=194.36.1.200-9618&alias=hex.ppe.gla.ac.uk&noUDP&sock=schedd_1401_8c46>
...
040 (40813.000.000) 2021-07-27 22:22:10 Started transferring input files
	Transferring to host: <192.168.16.104:9618?addrs=192.168.16.104-9618&alias=condor-h16-04.ppe.cluster&noUDP&sock=slot1_6_11689_b534_637>
...
040 (40813.000.000) 2021-07-27 22:22:11 Finished transferring input files
...
001 (40813.000.000) 2021-07-27 22:22:12 Job executing on host: <192.168.16.104:9618?addrs=192.168.16.104-9618&alias=condor-h16-04.ppe.cluster&noUDP&sock=startd_20625_9ceb>
...
006 (40813.000.000) 2021-07-27 22:22:20 Image size of job updated: 75592
	38  -  MemoryUsage of job (MB)
	38208  -  ResidentSetSize of job (KB)
...
006 (40813.000.000) 2021-07-27 22:27:20 Image size of job updated: 1407492
	667  -  MemoryUsage of job (MB)
	682128  -  ResidentSetSize of job (KB)
...
006 (40813.000.000) 2021-07-27 22:32:20 Image size of job updated: 1418608
	667  -  MemoryUsage of job (MB)
	682128  -  ResidentSetSize of job (KB)
...
006 (40813.000.000) 2021-07-27 22:37:21 Image size of job updated: 1418608
	788  -  MemoryUsage of job (MB)
	806580  -  ResidentSetSize of job (KB)
...
006 (40813.000.000) 2021-07-27 22:42:22 Image size of job updated: 1420260
	788  -  MemoryUsage of job (MB)
	806580  -  ResidentSetSize of job (KB)
...
006 (40813.000.000) 2021-07-27 22:47:22 Image size of job updated: 1433276
	788  -  MemoryUsage of job (MB)
	806580  -  ResidentSetSize of job (KB)
...
006 (40813.000.000) 2021-07-27 23:52:29 Image size of job updated: 1437180
	788  -  MemoryUsage of job (MB)
	806580  -  ResidentSetSize of job (KB)
...
006 (40813.000.000) 2021-07-27 23:57:29 Image size of job updated: 1441680
	788  -  MemoryUsage of job (MB)
	806580  -  ResidentSetSize of job (KB)
...
006 (40813.000.000) 2021-07-28 00:02:30 Image size of job updated: 1442672
	788  -  MemoryUsage of job (MB)
	806580  -  ResidentSetSize of job (KB)
...
006 (40813.000.000) 2021-07-28 00:07:31 Image size of job updated: 1449728
	788  -  MemoryUsage of job (MB)
	806580  -  ResidentSetSize of job (KB)
...
006 (40813.000.000) 2021-07-28 00:27:33 Image size of job updated: 1457528
	788  -  MemoryUsage of job (MB)
	806580  -  ResidentSetSize of job (KB)
...
006 (40813.000.000) 2021-07-28 03:07:49 Image size of job updated: 1457528
	789  -  MemoryUsage of job (MB)
	807932  -  ResidentSetSize of job (KB)
...
006 (40813.000.000) 2021-07-28 03:12:51 Image size of job updated: 1463916
	798  -  MemoryUsage of job (MB)
	816292  -  ResidentSetSize of job (KB)
...
040 (40813.000.000) 2021-07-28 03:16:43 Started transferring output files
...
040 (40813.000.000) 2021-07-28 03:16:56 Finished transferring output files
...
005 (40813.000.000) 2021-07-28 03:16:56 Job terminated.
	(1) Normal termination (return value 0)
		Usr 0 04:07:32, Sys 0 00:45:11  -  Run Remote Usage
		Usr 0 00:00:00, Sys 0 00:00:00  -  Run Local Usage
		Usr 0 04:07:32, Sys 0 00:45:11  -  Total Remote Usage
		Usr 0 00:00:00, Sys 0 00:00:00  -  Total Local Usage
	3831944448  -  Run Bytes Sent By Job
	319  -  Run Bytes Received By Job
	3831944448  -  Total Bytes Sent By Job
	319  -  Total Bytes Received By Job
	Partitionable Resources :      Usage  Request Allocated 
	   Cpus                 :       1.00        1         1 
	   Disk (KB)            : 3742149           1    861476 
	   Memory (MB)          :     798       10240     10240 

	Job terminated of its own accord at 2021-07-28T02:16:43Z.
...
