000 (40468.000.000) 2021-07-26 16:54:43 Job submitted from host: <194.36.1.200:9618?addrs=194.36.1.200-9618&alias=hex.ppe.gla.ac.uk&noUDP&sock=schedd_1401_8c46>
...
040 (40468.000.000) 2021-07-27 06:21:42 Started transferring input files
	Transferring to host: <192.168.16.104:9618?addrs=192.168.16.104-9618&alias=condor-h16-04.ppe.cluster&noUDP&sock=slot1_5_11689_b534_538>
...
040 (40468.000.000) 2021-07-27 06:21:42 Finished transferring input files
...
001 (40468.000.000) 2021-07-27 06:21:43 Job executing on host: <192.168.16.104:9618?addrs=192.168.16.104-9618&alias=condor-h16-04.ppe.cluster&noUDP&sock=startd_20625_9ceb>
...
006 (40468.000.000) 2021-07-27 06:21:52 Image size of job updated: 59996
	59  -  MemoryUsage of job (MB)
	59992  -  ResidentSetSize of job (KB)
...
006 (40468.000.000) 2021-07-27 06:26:53 Image size of job updated: 1452280
	821  -  MemoryUsage of job (MB)
	840256  -  ResidentSetSize of job (KB)
...
006 (40468.000.000) 2021-07-27 06:36:54 Image size of job updated: 1477844
	821  -  MemoryUsage of job (MB)
	840256  -  ResidentSetSize of job (KB)
...
006 (40468.000.000) 2021-07-27 06:41:55 Image size of job updated: 1483588
	821  -  MemoryUsage of job (MB)
	840256  -  ResidentSetSize of job (KB)
...
006 (40468.000.000) 2021-07-27 06:46:56 Image size of job updated: 1494052
	862  -  MemoryUsage of job (MB)
	882108  -  ResidentSetSize of job (KB)
...
006 (40468.000.000) 2021-07-27 07:06:57 Image size of job updated: 1496904
	862  -  MemoryUsage of job (MB)
	882108  -  ResidentSetSize of job (KB)
...
006 (40468.000.000) 2021-07-27 07:16:59 Image size of job updated: 1507972
	862  -  MemoryUsage of job (MB)
	882108  -  ResidentSetSize of job (KB)
...
006 (40468.000.000) 2021-07-27 07:21:59 Image size of job updated: 1535004
	862  -  MemoryUsage of job (MB)
	882108  -  ResidentSetSize of job (KB)
...
006 (40468.000.000) 2021-07-27 07:26:59 Image size of job updated: 1539224
	862  -  MemoryUsage of job (MB)
	882108  -  ResidentSetSize of job (KB)
...
006 (40468.000.000) 2021-07-27 07:57:03 Image size of job updated: 1539224
	875  -  MemoryUsage of job (MB)
	895096  -  ResidentSetSize of job (KB)
...
006 (40468.000.000) 2021-07-27 08:02:03 Image size of job updated: 1539856
	875  -  MemoryUsage of job (MB)
	895096  -  ResidentSetSize of job (KB)
...
006 (40468.000.000) 2021-07-27 08:12:04 Image size of job updated: 1541616
	875  -  MemoryUsage of job (MB)
	895096  -  ResidentSetSize of job (KB)
...
006 (40468.000.000) 2021-07-27 09:07:09 Image size of job updated: 1543820
	875  -  MemoryUsage of job (MB)
	895096  -  ResidentSetSize of job (KB)
...
006 (40468.000.000) 2021-07-27 09:42:13 Image size of job updated: 1545724
	875  -  MemoryUsage of job (MB)
	895096  -  ResidentSetSize of job (KB)
...
040 (40468.000.000) 2021-07-27 11:09:16 Started transferring output files
...
040 (40468.000.000) 2021-07-27 11:09:29 Finished transferring output files
...
005 (40468.000.000) 2021-07-27 11:09:29 Job terminated.
	(1) Normal termination (return value 0)
		Usr 0 04:02:40, Sys 0 00:43:14  -  Run Remote Usage
		Usr 0 00:00:00, Sys 0 00:00:00  -  Run Local Usage
		Usr 0 04:02:40, Sys 0 00:43:14  -  Total Remote Usage
		Usr 0 00:00:00, Sys 0 00:00:00  -  Total Local Usage
	3700629760  -  Run Bytes Sent By Job
	319  -  Run Bytes Received By Job
	3700629760  -  Total Bytes Sent By Job
	319  -  Total Bytes Received By Job
	Partitionable Resources :      Usage  Request Allocated 
	   Cpus                 :       1.00        1         1 
	   Disk (KB)            : 3613912           1    861476 
	   Memory (MB)          :     875       10240     10240 

	Job terminated of its own accord at 2021-07-27T10:09:16Z.
...
