000 (40588.000.000) 2021-07-26 16:54:49 Job submitted from host: <194.36.1.200:9618?addrs=194.36.1.200-9618&alias=hex.ppe.gla.ac.uk&noUDP&sock=schedd_1401_8c46>
...
040 (40588.000.000) 2021-07-27 12:09:44 Started transferring input files
	Transferring to host: <192.168.16.113:9618?addrs=192.168.16.113-9618&alias=condor-d19-03.ppe.cluster&noUDP&sock=slot1_9_26289_ba86_947>
...
040 (40588.000.000) 2021-07-27 12:09:44 Finished transferring input files
...
001 (40588.000.000) 2021-07-27 12:09:45 Job executing on host: <192.168.16.113:9618?addrs=192.168.16.113-9618&alias=condor-d19-03.ppe.cluster&noUDP&sock=startd_2634_488c>
...
006 (40588.000.000) 2021-07-27 12:09:54 Image size of job updated: 988600
	374  -  MemoryUsage of job (MB)
	382796  -  ResidentSetSize of job (KB)
...
006 (40588.000.000) 2021-07-27 12:14:55 Image size of job updated: 1415232
	781  -  MemoryUsage of job (MB)
	799464  -  ResidentSetSize of job (KB)
...
006 (40588.000.000) 2021-07-27 12:29:56 Image size of job updated: 1428392
	781  -  MemoryUsage of job (MB)
	799464  -  ResidentSetSize of job (KB)
...
006 (40588.000.000) 2021-07-27 12:39:58 Image size of job updated: 1479028
	781  -  MemoryUsage of job (MB)
	799464  -  ResidentSetSize of job (KB)
...
006 (40588.000.000) 2021-07-27 13:00:00 Image size of job updated: 1487144
	781  -  MemoryUsage of job (MB)
	799464  -  ResidentSetSize of job (KB)
...
006 (40588.000.000) 2021-07-27 13:05:00 Image size of job updated: 1526876
	858  -  MemoryUsage of job (MB)
	878340  -  ResidentSetSize of job (KB)
...
006 (40588.000.000) 2021-07-27 13:10:01 Image size of job updated: 1537740
	858  -  MemoryUsage of job (MB)
	878340  -  ResidentSetSize of job (KB)
...
006 (40588.000.000) 2021-07-27 13:15:02 Image size of job updated: 1546904
	878  -  MemoryUsage of job (MB)
	898188  -  ResidentSetSize of job (KB)
...
006 (40588.000.000) 2021-07-27 13:50:06 Image size of job updated: 1551556
	878  -  MemoryUsage of job (MB)
	898188  -  ResidentSetSize of job (KB)
...
006 (40588.000.000) 2021-07-27 14:40:12 Image size of job updated: 1555308
	878  -  MemoryUsage of job (MB)
	898188  -  ResidentSetSize of job (KB)
...
006 (40588.000.000) 2021-07-27 15:30:16 Image size of job updated: 1555892
	878  -  MemoryUsage of job (MB)
	898188  -  ResidentSetSize of job (KB)
...
006 (40588.000.000) 2021-07-27 15:35:17 Image size of job updated: 1555892
	878  -  MemoryUsage of job (MB)
	898644  -  ResidentSetSize of job (KB)
...
040 (40588.000.000) 2021-07-27 16:01:22 Started transferring output files
...
040 (40588.000.000) 2021-07-27 16:01:35 Finished transferring output files
...
005 (40588.000.000) 2021-07-27 16:01:35 Job terminated.
	(1) Normal termination (return value 0)
		Usr 0 03:24:22, Sys 0 00:25:30  -  Run Remote Usage
		Usr 0 00:00:00, Sys 0 00:00:00  -  Run Local Usage
		Usr 0 03:24:22, Sys 0 00:25:30  -  Total Remote Usage
		Usr 0 00:00:00, Sys 0 00:00:00  -  Total Local Usage
	3696275712  -  Run Bytes Sent By Job
	319  -  Run Bytes Received By Job
	3696275712  -  Total Bytes Sent By Job
	319  -  Total Bytes Received By Job
	Partitionable Resources :    Usage  Request Allocated 
	   Cpus                 :        0        1         1 
	   Disk (KB)            :  3609660        1   3637421 
	   Memory (MB)          :      878    10240     10240 

	Job terminated of its own accord at 2021-07-27T15:01:22Z.
...
