000 (40192.000.000) 2021-07-26 16:54:30 Job submitted from host: <194.36.1.200:9618?addrs=194.36.1.200-9618&alias=hex.ppe.gla.ac.uk&noUDP&sock=schedd_1401_8c46>
...
040 (40192.000.000) 2021-07-26 16:54:48 Started transferring input files
	Transferring to host: <192.168.16.121:9618?addrs=192.168.16.121-9618&alias=condor-d20-01.ppe.cluster&noUDP&sock=slot1_10_40472_ef67_945>
...
040 (40192.000.000) 2021-07-26 16:54:48 Finished transferring input files
...
001 (40192.000.000) 2021-07-26 16:54:49 Job executing on host: <192.168.16.121:9618?addrs=192.168.16.121-9618&alias=condor-d20-01.ppe.cluster&noUDP&sock=startd_40545_137a>
...
006 (40192.000.000) 2021-07-26 16:54:57 Image size of job updated: 22536
	4  -  MemoryUsage of job (MB)
	3388  -  ResidentSetSize of job (KB)
...
006 (40192.000.000) 2021-07-26 16:59:57 Image size of job updated: 1438716
	642  -  MemoryUsage of job (MB)
	657364  -  ResidentSetSize of job (KB)
...
006 (40192.000.000) 2021-07-26 17:04:57 Image size of job updated: 1438716
	661  -  MemoryUsage of job (MB)
	676640  -  ResidentSetSize of job (KB)
...
006 (40192.000.000) 2021-07-26 17:19:58 Image size of job updated: 1462124
	661  -  MemoryUsage of job (MB)
	676640  -  ResidentSetSize of job (KB)
...
006 (40192.000.000) 2021-07-26 17:24:59 Image size of job updated: 1484856
	661  -  MemoryUsage of job (MB)
	676640  -  ResidentSetSize of job (KB)
...
006 (40192.000.000) 2021-07-26 17:30:00 Image size of job updated: 1488420
	661  -  MemoryUsage of job (MB)
	676640  -  ResidentSetSize of job (KB)
...
006 (40192.000.000) 2021-07-26 17:40:01 Image size of job updated: 1488420
	828  -  MemoryUsage of job (MB)
	847716  -  ResidentSetSize of job (KB)
...
006 (40192.000.000) 2021-07-26 18:00:03 Image size of job updated: 1500400
	828  -  MemoryUsage of job (MB)
	847716  -  ResidentSetSize of job (KB)
...
006 (40192.000.000) 2021-07-26 18:05:03 Image size of job updated: 1504844
	828  -  MemoryUsage of job (MB)
	847716  -  ResidentSetSize of job (KB)
...
006 (40192.000.000) 2021-07-26 18:35:07 Image size of job updated: 1504944
	828  -  MemoryUsage of job (MB)
	847716  -  ResidentSetSize of job (KB)
...
006 (40192.000.000) 2021-07-26 19:05:10 Image size of job updated: 1504944
	860  -  MemoryUsage of job (MB)
	880248  -  ResidentSetSize of job (KB)
...
006 (40192.000.000) 2021-07-26 19:25:12 Image size of job updated: 1512404
	866  -  MemoryUsage of job (MB)
	886412  -  ResidentSetSize of job (KB)
...
040 (40192.000.000) 2021-07-26 20:39:58 Started transferring output files
...
040 (40192.000.000) 2021-07-26 20:40:08 Finished transferring output files
...
005 (40192.000.000) 2021-07-26 20:40:08 Job terminated.
	(1) Normal termination (return value 0)
		Usr 0 03:19:12, Sys 0 00:24:41  -  Run Remote Usage
		Usr 0 00:00:00, Sys 0 00:00:00  -  Run Local Usage
		Usr 0 03:19:12, Sys 0 00:24:41  -  Total Remote Usage
		Usr 0 00:00:00, Sys 0 00:00:00  -  Total Local Usage
	3595003904  -  Run Bytes Sent By Job
	319  -  Run Bytes Received By Job
	3595003904  -  Total Bytes Sent By Job
	319  -  Total Bytes Received By Job
	Partitionable Resources :      Usage  Request Allocated 
	   Cpus                 :       1.00        1         1 
	   Disk (KB)            : 3510761           1   3637421 
	   Memory (MB)          :     866       10240     10240 

	Job terminated of its own accord at 2021-07-26T19:39:58Z.
...
