000 (40563.000.000) 2021-07-26 16:54:48 Job submitted from host: <194.36.1.200:9618?addrs=194.36.1.200-9618&alias=hex.ppe.gla.ac.uk&noUDP&sock=schedd_1401_8c46>
...
040 (40563.000.000) 2021-07-27 11:09:42 Started transferring input files
	Transferring to host: <192.168.16.104:9618?addrs=192.168.16.104-9618&alias=condor-h16-04.ppe.cluster&noUDP&sock=slot1_5_11689_b534_554>
...
040 (40563.000.000) 2021-07-27 11:09:42 Finished transferring input files
...
001 (40563.000.000) 2021-07-27 11:09:43 Job executing on host: <192.168.16.104:9618?addrs=192.168.16.104-9618&alias=condor-h16-04.ppe.cluster&noUDP&sock=startd_20625_9ceb>
...
006 (40563.000.000) 2021-07-27 11:09:52 Image size of job updated: 37968
	38  -  MemoryUsage of job (MB)
	37964  -  ResidentSetSize of job (KB)
...
006 (40563.000.000) 2021-07-27 11:09:59 Image size of job updated: 155972
	38  -  MemoryUsage of job (MB)
	37972  -  ResidentSetSize of job (KB)
...
040 (40563.000.000) 2021-07-27 11:09:59 Started transferring output files
...
040 (40563.000.000) 2021-07-27 11:09:59 Finished transferring output files
...
005 (40563.000.000) 2021-07-27 11:09:59 Job terminated.
	(1) Normal termination (return value 0)
		Usr 0 00:00:06, Sys 0 00:00:02  -  Run Remote Usage
		Usr 0 00:00:00, Sys 0 00:00:00  -  Run Local Usage
		Usr 0 00:00:06, Sys 0 00:00:02  -  Total Remote Usage
		Usr 0 00:00:00, Sys 0 00:00:00  -  Total Local Usage
	718123  -  Run Bytes Sent By Job
	323  -  Run Bytes Received By Job
	718123  -  Total Bytes Sent By Job
	323  -  Total Bytes Received By Job
	Partitionable Resources :    Usage  Request Allocated 
	   Cpus                 :                 1         1 
	   Disk (KB)            :      711        1    861476 
	   Memory (MB)          :       38    10240     10240 

	Job terminated of its own accord at 2021-07-27T10:09:59Z.
...
