000 (40156.000.000) 2021-07-26 16:54:28 Job submitted from host: <194.36.1.200:9618?addrs=194.36.1.200-9618&alias=hex.ppe.gla.ac.uk&noUDP&sock=schedd_1401_8c46>
...
040 (40156.000.000) 2021-07-26 16:54:47 Started transferring input files
	Transferring to host: <192.168.16.103:9618?addrs=192.168.16.103-9618&alias=condor-h16-03.ppe.cluster&noUDP&sock=slot1_4_22104_047c_476>
...
040 (40156.000.000) 2021-07-26 16:54:47 Finished transferring input files
...
001 (40156.000.000) 2021-07-26 16:54:48 Job executing on host: <192.168.16.103:9618?addrs=192.168.16.103-9618&alias=condor-h16-03.ppe.cluster&noUDP&sock=startd_20690_3293>
...
006 (40156.000.000) 2021-07-26 16:54:57 Image size of job updated: 23116
	4  -  MemoryUsage of job (MB)
	3396  -  ResidentSetSize of job (KB)
...
006 (40156.000.000) 2021-07-26 16:59:58 Image size of job updated: 1403788
	774  -  MemoryUsage of job (MB)
	791808  -  ResidentSetSize of job (KB)
...
006 (40156.000.000) 2021-07-26 17:04:58 Image size of job updated: 1431404
	774  -  MemoryUsage of job (MB)
	791808  -  ResidentSetSize of job (KB)
...
006 (40156.000.000) 2021-07-26 17:09:59 Image size of job updated: 1454928
	774  -  MemoryUsage of job (MB)
	791808  -  ResidentSetSize of job (KB)
...
006 (40156.000.000) 2021-07-26 17:15:00 Image size of job updated: 1454928
	818  -  MemoryUsage of job (MB)
	836788  -  ResidentSetSize of job (KB)
...
006 (40156.000.000) 2021-07-26 17:20:00 Image size of job updated: 1464340
	818  -  MemoryUsage of job (MB)
	836788  -  ResidentSetSize of job (KB)
...
006 (40156.000.000) 2021-07-26 17:25:00 Image size of job updated: 1464340
	820  -  MemoryUsage of job (MB)
	839408  -  ResidentSetSize of job (KB)
...
006 (40156.000.000) 2021-07-26 17:35:02 Image size of job updated: 1464340
	831  -  MemoryUsage of job (MB)
	850584  -  ResidentSetSize of job (KB)
...
006 (40156.000.000) 2021-07-26 17:55:04 Image size of job updated: 1480020
	848  -  MemoryUsage of job (MB)
	867956  -  ResidentSetSize of job (KB)
...
040 (40156.000.000) 2021-07-26 21:50:39 Started transferring output files
...
040 (40156.000.000) 2021-07-26 21:50:53 Finished transferring output files
...
005 (40156.000.000) 2021-07-26 21:50:53 Job terminated.
	(1) Normal termination (return value 0)
		Usr 0 04:08:48, Sys 0 00:45:13  -  Run Remote Usage
		Usr 0 00:00:00, Sys 0 00:00:00  -  Run Local Usage
		Usr 0 04:08:48, Sys 0 00:45:13  -  Total Remote Usage
		Usr 0 00:00:00, Sys 0 00:00:00  -  Total Local Usage
	3725147392  -  Run Bytes Sent By Job
	319  -  Run Bytes Received By Job
	3725147392  -  Total Bytes Sent By Job
	319  -  Total Bytes Received By Job
	Partitionable Resources :      Usage  Request Allocated 
	   Cpus                 :       1.00        1         1 
	   Disk (KB)            : 3637854           1    861476 
	   Memory (MB)          :     848       10240     10240 

	Job terminated of its own accord at 2021-07-26T20:50:39Z.
...
