000 (40892.000.000) 2021-07-26 16:55:11 Job submitted from host: <194.36.1.200:9618?addrs=194.36.1.200-9618&alias=hex.ppe.gla.ac.uk&noUDP&sock=schedd_1401_8c46>
...
040 (40892.000.000) 2021-07-28 02:20:11 Started transferring input files
	Transferring to host: <192.168.16.104:9618?addrs=192.168.16.104-9618&alias=condor-h16-04.ppe.cluster&noUDP&sock=slot1_4_11689_b534_641>
...
040 (40892.000.000) 2021-07-28 02:20:11 Finished transferring input files
...
001 (40892.000.000) 2021-07-28 02:20:12 Job executing on host: <192.168.16.104:9618?addrs=192.168.16.104-9618&alias=condor-h16-04.ppe.cluster&noUDP&sock=startd_20625_9ceb>
...
006 (40892.000.000) 2021-07-28 02:20:21 Image size of job updated: 35564
	35  -  MemoryUsage of job (MB)
	35560  -  ResidentSetSize of job (KB)
...
006 (40892.000.000) 2021-07-28 02:25:22 Image size of job updated: 1439992
	805  -  MemoryUsage of job (MB)
	824208  -  ResidentSetSize of job (KB)
...
006 (40892.000.000) 2021-07-28 02:30:23 Image size of job updated: 1483460
	805  -  MemoryUsage of job (MB)
	824208  -  ResidentSetSize of job (KB)
...
006 (40892.000.000) 2021-07-28 02:55:24 Image size of job updated: 1485892
	805  -  MemoryUsage of job (MB)
	824208  -  ResidentSetSize of job (KB)
...
006 (40892.000.000) 2021-07-28 03:00:25 Image size of job updated: 1495584
	805  -  MemoryUsage of job (MB)
	824208  -  ResidentSetSize of job (KB)
...
006 (40892.000.000) 2021-07-28 03:20:28 Image size of job updated: 1495584
	822  -  MemoryUsage of job (MB)
	841408  -  ResidentSetSize of job (KB)
...
006 (40892.000.000) 2021-07-28 04:00:31 Image size of job updated: 1495584
	852  -  MemoryUsage of job (MB)
	872248  -  ResidentSetSize of job (KB)
...
006 (40892.000.000) 2021-07-28 04:25:34 Image size of job updated: 1495584
	853  -  MemoryUsage of job (MB)
	873052  -  ResidentSetSize of job (KB)
...
006 (40892.000.000) 2021-07-28 05:00:38 Image size of job updated: 1500364
	864  -  MemoryUsage of job (MB)
	884488  -  ResidentSetSize of job (KB)
...
004 (40892.000.000) 2021-07-28 05:02:45 Job was evicted.
	(0) CPU times
		Usr 0 02:15:24, Sys 0 00:26:09  -  Run Remote Usage
		Usr 0 00:00:00, Sys 0 00:00:00  -  Run Local Usage
	0  -  Run Bytes Sent By Job
	323  -  Run Bytes Received By Job
	Partitionable Resources :      Usage  Request Allocated 
	   Cpus                 :       0.99        1         1 
	   Disk (KB)            : 2048350           1    861476 
	   Memory (MB)          :     864       10240     10240 
...
040 (40892.000.000) 2021-07-28 05:05:12 Started transferring input files
	Transferring to host: <192.168.16.104:9618?addrs=192.168.16.104-9618&alias=condor-h16-04.ppe.cluster&noUDP&sock=slot1_1_993_6881_4>
...
040 (40892.000.000) 2021-07-28 05:05:12 Finished transferring input files
...
001 (40892.000.000) 2021-07-28 05:05:13 Job executing on host: <192.168.16.104:9618?addrs=192.168.16.104-9618&alias=condor-h16-04.ppe.cluster&noUDP&sock=startd_20625_9ceb>
...
040 (40892.000.000) 2021-07-28 08:13:58 Started transferring output files
...
040 (40892.000.000) 2021-07-28 08:14:06 Finished transferring output files
...
005 (40892.000.000) 2021-07-28 08:14:06 Job terminated.
	(1) Normal termination (return value 0)
		Usr 0 02:37:48, Sys 0 00:30:00  -  Run Remote Usage
		Usr 0 00:00:00, Sys 0 00:00:00  -  Run Local Usage
		Usr 0 04:53:12, Sys 0 00:56:09  -  Total Remote Usage
		Usr 0 00:00:00, Sys 0 00:00:00  -  Total Local Usage
	2423056384  -  Run Bytes Sent By Job
	323  -  Run Bytes Received By Job
	2423056384  -  Total Bytes Sent By Job
	646  -  Total Bytes Received By Job
	Partitionable Resources :      Usage  Request Allocated 
	   Cpus                 :       1.00        1         1 
	   Disk (KB)            : 2366283     2250000   3445903 
	   Memory (MB)          :     977       10240     10240 

	Job terminated of its own accord at 2021-07-28T07:13:58Z.
...
