000 (40838.000.000) 2021-07-26 16:55:07 Job submitted from host: <194.36.1.200:9618?addrs=194.36.1.200-9618&alias=hex.ppe.gla.ac.uk&noUDP&sock=schedd_1401_8c46>
...
040 (40838.000.000) 2021-07-27 23:45:10 Started transferring input files
	Transferring to host: <192.168.16.101:9618?addrs=192.168.16.101-9618&alias=condor-h16-01.ppe.cluster&noUDP&sock=slot1_4_21991_6617_669>
...
040 (40838.000.000) 2021-07-27 23:45:10 Finished transferring input files
...
001 (40838.000.000) 2021-07-27 23:45:11 Job executing on host: <192.168.16.101:9618?addrs=192.168.16.101-9618&alias=condor-h16-01.ppe.cluster&noUDP&sock=startd_2155_baae>
...
006 (40838.000.000) 2021-07-27 23:45:20 Image size of job updated: 175244
	29  -  MemoryUsage of job (MB)
	29520  -  ResidentSetSize of job (KB)
...
040 (40838.000.000) 2021-07-27 23:45:32 Started transferring output files
...
040 (40838.000.000) 2021-07-27 23:45:32 Finished transferring output files
...
005 (40838.000.000) 2021-07-27 23:45:32 Job terminated.
	(1) Normal termination (return value 0)
		Usr 0 00:00:08, Sys 0 00:00:03  -  Run Remote Usage
		Usr 0 00:00:00, Sys 0 00:00:00  -  Run Local Usage
		Usr 0 00:00:08, Sys 0 00:00:03  -  Total Remote Usage
		Usr 0 00:00:00, Sys 0 00:00:00  -  Total Local Usage
	718123  -  Run Bytes Sent By Job
	323  -  Run Bytes Received By Job
	718123  -  Total Bytes Sent By Job
	323  -  Total Bytes Received By Job
	Partitionable Resources :    Usage  Request Allocated 
	   Cpus                 :                 1         1 
	   Disk (KB)            :      711        1    864796 
	   Memory (MB)          :       29    10240     10240 

	Job terminated of its own accord at 2021-07-27T22:45:32Z.
...
