000 (40460.000.000) 2021-07-26 16:54:43 Job submitted from host: <194.36.1.200:9618?addrs=194.36.1.200-9618&alias=hex.ppe.gla.ac.uk&noUDP&sock=schedd_1401_8c46>
...
040 (40460.000.000) 2021-07-27 06:11:59 Started transferring input files
	Transferring to host: <192.168.16.101:9618?addrs=192.168.16.101-9618&alias=condor-h16-01.ppe.cluster&noUDP&sock=slot1_5_21991_6617_539>
...
040 (40460.000.000) 2021-07-27 06:11:59 Finished transferring input files
...
001 (40460.000.000) 2021-07-27 06:12:00 Job executing on host: <192.168.16.101:9618?addrs=192.168.16.101-9618&alias=condor-h16-01.ppe.cluster&noUDP&sock=startd_2155_baae>
...
006 (40460.000.000) 2021-07-27 06:12:09 Image size of job updated: 154476
	151  -  MemoryUsage of job (MB)
	154472  -  ResidentSetSize of job (KB)
...
006 (40460.000.000) 2021-07-27 06:12:14 Image size of job updated: 154716
	151  -  MemoryUsage of job (MB)
	154472  -  ResidentSetSize of job (KB)
...
040 (40460.000.000) 2021-07-27 06:12:14 Started transferring output files
...
040 (40460.000.000) 2021-07-27 06:12:14 Finished transferring output files
...
005 (40460.000.000) 2021-07-27 06:12:14 Job terminated.
	(1) Normal termination (return value 0)
		Usr 0 00:00:07, Sys 0 00:00:03  -  Run Remote Usage
		Usr 0 00:00:00, Sys 0 00:00:00  -  Run Local Usage
		Usr 0 00:00:07, Sys 0 00:00:03  -  Total Remote Usage
		Usr 0 00:00:00, Sys 0 00:00:00  -  Total Local Usage
	718123  -  Run Bytes Sent By Job
	323  -  Run Bytes Received By Job
	718123  -  Total Bytes Sent By Job
	323  -  Total Bytes Received By Job
	Partitionable Resources :    Usage  Request Allocated 
	   Cpus                 :                 1         1 
	   Disk (KB)            :      712        1    864796 
	   Memory (MB)          :      151    10240     10240 

	Job terminated of its own accord at 2021-07-27T05:12:14Z.
...
