000 (40498.000.000) 2021-07-26 16:54:44 Job submitted from host: <194.36.1.200:9618?addrs=194.36.1.200-9618&alias=hex.ppe.gla.ac.uk&noUDP&sock=schedd_1401_8c46>
...
040 (40498.000.000) 2021-07-27 07:47:43 Started transferring input files
	Transferring to host: <192.168.16.113:9618?addrs=192.168.16.113-9618&alias=condor-d19-03.ppe.cluster&noUDP&sock=slot1_7_26289_ba86_911>
...
040 (40498.000.000) 2021-07-27 07:47:43 Finished transferring input files
...
001 (40498.000.000) 2021-07-27 07:47:44 Job executing on host: <192.168.16.113:9618?addrs=192.168.16.113-9618&alias=condor-d19-03.ppe.cluster&noUDP&sock=startd_2634_488c>
...
006 (40498.000.000) 2021-07-27 07:47:53 Image size of job updated: 479540
	469  -  MemoryUsage of job (MB)
	479536  -  ResidentSetSize of job (KB)
...
006 (40498.000.000) 2021-07-27 07:52:54 Image size of job updated: 1422040
	667  -  MemoryUsage of job (MB)
	682588  -  ResidentSetSize of job (KB)
...
006 (40498.000.000) 2021-07-27 07:57:55 Image size of job updated: 1422040
	686  -  MemoryUsage of job (MB)
	702192  -  ResidentSetSize of job (KB)
...
006 (40498.000.000) 2021-07-27 08:02:55 Image size of job updated: 1422040
	687  -  MemoryUsage of job (MB)
	702588  -  ResidentSetSize of job (KB)
...
006 (40498.000.000) 2021-07-27 08:17:57 Image size of job updated: 1423804
	687  -  MemoryUsage of job (MB)
	702588  -  ResidentSetSize of job (KB)
...
006 (40498.000.000) 2021-07-27 08:32:58 Image size of job updated: 1512676
	687  -  MemoryUsage of job (MB)
	702588  -  ResidentSetSize of job (KB)
...
006 (40498.000.000) 2021-07-27 08:37:59 Image size of job updated: 1512676
	832  -  MemoryUsage of job (MB)
	851936  -  ResidentSetSize of job (KB)
...
006 (40498.000.000) 2021-07-27 08:47:59 Image size of job updated: 1516516
	846  -  MemoryUsage of job (MB)
	865564  -  ResidentSetSize of job (KB)
...
006 (40498.000.000) 2021-07-27 09:03:01 Image size of job updated: 1519304
	846  -  MemoryUsage of job (MB)
	865564  -  ResidentSetSize of job (KB)
...
006 (40498.000.000) 2021-07-27 09:08:02 Image size of job updated: 1527308
	846  -  MemoryUsage of job (MB)
	865564  -  ResidentSetSize of job (KB)
...
006 (40498.000.000) 2021-07-27 09:13:03 Image size of job updated: 1527308
	847  -  MemoryUsage of job (MB)
	867232  -  ResidentSetSize of job (KB)
...
006 (40498.000.000) 2021-07-27 10:33:11 Image size of job updated: 1528096
	847  -  MemoryUsage of job (MB)
	867232  -  ResidentSetSize of job (KB)
...
040 (40498.000.000) 2021-07-27 11:39:28 Started transferring output files
...
040 (40498.000.000) 2021-07-27 11:39:40 Finished transferring output files
...
005 (40498.000.000) 2021-07-27 11:39:40 Job terminated.
	(1) Normal termination (return value 0)
		Usr 0 03:24:44, Sys 0 00:25:19  -  Run Remote Usage
		Usr 0 00:00:00, Sys 0 00:00:00  -  Run Local Usage
		Usr 0 03:24:44, Sys 0 00:25:19  -  Total Remote Usage
		Usr 0 00:00:00, Sys 0 00:00:00  -  Total Local Usage
	3747703552  -  Run Bytes Sent By Job
	323  -  Run Bytes Received By Job
	3747703552  -  Total Bytes Sent By Job
	323  -  Total Bytes Received By Job
	Partitionable Resources :      Usage  Request Allocated 
	   Cpus                 :       0.99        1         1 
	   Disk (KB)            : 3659882           1   3637421 
	   Memory (MB)          :     847       10240     10240 

	Job terminated of its own accord at 2021-07-27T10:39:28Z.
...
