000 (40841.000.000) 2021-07-26 16:55:07 Job submitted from host: <194.36.1.200:9618?addrs=194.36.1.200-9618&alias=hex.ppe.gla.ac.uk&noUDP&sock=schedd_1401_8c46>
...
040 (40841.000.000) 2021-07-27 23:51:10 Started transferring input files
	Transferring to host: <192.168.16.104:9618?addrs=192.168.16.104-9618&alias=condor-h16-04.ppe.cluster&noUDP&sock=slot1_5_11689_b534_639>
...
040 (40841.000.000) 2021-07-27 23:51:10 Finished transferring input files
...
001 (40841.000.000) 2021-07-27 23:51:11 Job executing on host: <192.168.16.104:9618?addrs=192.168.16.104-9618&alias=condor-h16-04.ppe.cluster&noUDP&sock=startd_20625_9ceb>
...
006 (40841.000.000) 2021-07-27 23:51:19 Image size of job updated: 381276
	20  -  MemoryUsage of job (MB)
	20396  -  ResidentSetSize of job (KB)
...
006 (40841.000.000) 2021-07-27 23:56:19 Image size of job updated: 1411576
	643  -  MemoryUsage of job (MB)
	657924  -  ResidentSetSize of job (KB)
...
006 (40841.000.000) 2021-07-28 00:11:21 Image size of job updated: 1411576
	644  -  MemoryUsage of job (MB)
	659216  -  ResidentSetSize of job (KB)
...
006 (40841.000.000) 2021-07-28 00:16:21 Image size of job updated: 1411576
	648  -  MemoryUsage of job (MB)
	662536  -  ResidentSetSize of job (KB)
...
006 (40841.000.000) 2021-07-28 00:26:22 Image size of job updated: 1413960
	780  -  MemoryUsage of job (MB)
	797712  -  ResidentSetSize of job (KB)
...
006 (40841.000.000) 2021-07-28 00:41:24 Image size of job updated: 1414504
	780  -  MemoryUsage of job (MB)
	797712  -  ResidentSetSize of job (KB)
...
006 (40841.000.000) 2021-07-28 00:56:26 Image size of job updated: 1443144
	780  -  MemoryUsage of job (MB)
	797712  -  ResidentSetSize of job (KB)
...
006 (40841.000.000) 2021-07-28 01:26:28 Image size of job updated: 1484060
	814  -  MemoryUsage of job (MB)
	832576  -  ResidentSetSize of job (KB)
...
006 (40841.000.000) 2021-07-28 01:31:29 Image size of job updated: 1492580
	814  -  MemoryUsage of job (MB)
	832576  -  ResidentSetSize of job (KB)
...
006 (40841.000.000) 2021-07-28 01:36:29 Image size of job updated: 1493076
	814  -  MemoryUsage of job (MB)
	832576  -  ResidentSetSize of job (KB)
...
006 (40841.000.000) 2021-07-28 01:46:31 Image size of job updated: 1499808
	814  -  MemoryUsage of job (MB)
	832576  -  ResidentSetSize of job (KB)
...
006 (40841.000.000) 2021-07-28 01:51:31 Image size of job updated: 1500012
	814  -  MemoryUsage of job (MB)
	832576  -  ResidentSetSize of job (KB)
...
006 (40841.000.000) 2021-07-28 02:06:33 Image size of job updated: 1501364
	814  -  MemoryUsage of job (MB)
	832576  -  ResidentSetSize of job (KB)
...
006 (40841.000.000) 2021-07-28 02:31:35 Image size of job updated: 1506888
	817  -  MemoryUsage of job (MB)
	835956  -  ResidentSetSize of job (KB)
...
006 (40841.000.000) 2021-07-28 02:51:38 Image size of job updated: 1506888
	830  -  MemoryUsage of job (MB)
	849160  -  ResidentSetSize of job (KB)
...
006 (40841.000.000) 2021-07-28 03:16:39 Image size of job updated: 1507536
	830  -  MemoryUsage of job (MB)
	849160  -  ResidentSetSize of job (KB)
...
040 (40841.000.000) 2021-07-28 03:25:56 Started transferring output files
...
040 (40841.000.000) 2021-07-28 03:26:03 Finished transferring output files
...
005 (40841.000.000) 2021-07-28 03:26:03 Job terminated.
	(1) Normal termination (return value 0)
		Usr 0 03:00:21, Sys 0 00:33:23  -  Run Remote Usage
		Usr 0 00:00:00, Sys 0 00:00:00  -  Run Local Usage
		Usr 0 03:00:21, Sys 0 00:33:23  -  Total Remote Usage
		Usr 0 00:00:00, Sys 0 00:00:00  -  Total Local Usage
	2774393856  -  Run Bytes Sent By Job
	323  -  Run Bytes Received By Job
	2774393856  -  Total Bytes Sent By Job
	323  -  Total Bytes Received By Job
	Partitionable Resources :      Usage  Request Allocated 
	   Cpus                 :       1.00        1         1 
	   Disk (KB)            : 2709385           1    861476 
	   Memory (MB)          :     830       10240     10240 

	Job terminated of its own accord at 2021-07-28T02:25:56Z.
...
