000 (40410.000.000) 2021-07-26 16:54:40 Job submitted from host: <194.36.1.200:9618?addrs=194.36.1.200-9618&alias=hex.ppe.gla.ac.uk&noUDP&sock=schedd_1401_8c46>
...
040 (40410.000.000) 2021-07-27 03:33:39 Started transferring input files
	Transferring to host: <192.168.16.111:9618?addrs=192.168.16.111-9618&alias=condor-d19-01.ppe.cluster&noUDP&sock=slot1_2_222987_4385_732>
...
040 (40410.000.000) 2021-07-27 03:33:39 Finished transferring input files
...
001 (40410.000.000) 2021-07-27 03:33:40 Job executing on host: <192.168.16.111:9618?addrs=192.168.16.111-9618&alias=condor-d19-01.ppe.cluster&noUDP&sock=startd_2932_afc5>
...
006 (40410.000.000) 2021-07-27 03:33:48 Image size of job updated: 707772
	358  -  MemoryUsage of job (MB)
	365840  -  ResidentSetSize of job (KB)
...
006 (40410.000.000) 2021-07-27 03:38:48 Image size of job updated: 1265244
	627  -  MemoryUsage of job (MB)
	641800  -  ResidentSetSize of job (KB)
...
006 (40410.000.000) 2021-07-27 03:43:48 Image size of job updated: 1268740
	628  -  MemoryUsage of job (MB)
	642080  -  ResidentSetSize of job (KB)
...
006 (40410.000.000) 2021-07-27 03:48:49 Image size of job updated: 1275888
	628  -  MemoryUsage of job (MB)
	642080  -  ResidentSetSize of job (KB)
...
006 (40410.000.000) 2021-07-27 03:53:49 Image size of job updated: 1275888
	655  -  MemoryUsage of job (MB)
	669720  -  ResidentSetSize of job (KB)
...
006 (40410.000.000) 2021-07-27 03:58:49 Image size of job updated: 1284084
	655  -  MemoryUsage of job (MB)
	669720  -  ResidentSetSize of job (KB)
...
006 (40410.000.000) 2021-07-27 04:23:51 Image size of job updated: 1334624
	655  -  MemoryUsage of job (MB)
	669720  -  ResidentSetSize of job (KB)
...
006 (40410.000.000) 2021-07-27 04:28:51 Image size of job updated: 1449004
	671  -  MemoryUsage of job (MB)
	686932  -  ResidentSetSize of job (KB)
...
006 (40410.000.000) 2021-07-27 05:33:59 Image size of job updated: 1451880
	671  -  MemoryUsage of job (MB)
	686932  -  ResidentSetSize of job (KB)
...
040 (40410.000.000) 2021-07-27 05:55:18 Started transferring output files
...
040 (40410.000.000) 2021-07-27 05:55:26 Finished transferring output files
...
005 (40410.000.000) 2021-07-27 05:55:26 Job terminated.
	(1) Normal termination (return value 0)
		Usr 0 02:02:37, Sys 0 00:17:53  -  Run Remote Usage
		Usr 0 00:00:00, Sys 0 00:00:00  -  Run Local Usage
		Usr 0 02:02:37, Sys 0 00:17:53  -  Total Remote Usage
		Usr 0 00:00:00, Sys 0 00:00:00  -  Total Local Usage
	2665496832  -  Run Bytes Sent By Job
	319  -  Run Bytes Received By Job
	2665496832  -  Total Bytes Sent By Job
	319  -  Total Bytes Received By Job
	Partitionable Resources :      Usage  Request Allocated 
	   Cpus                 :       0.98        1         1 
	   Disk (KB)            : 2603040           1    825748 
	   Memory (MB)          :     671       10240     10240 

	Job terminated of its own accord at 2021-07-27T04:55:18Z.
...
