000 (40296.000.000) 2021-07-26 16:54:35 Job submitted from host: <194.36.1.200:9618?addrs=194.36.1.200-9618&alias=hex.ppe.gla.ac.uk&noUDP&sock=schedd_1401_8c46>
...
040 (40296.000.000) 2021-07-26 21:54:34 Started transferring input files
	Transferring to host: <192.168.16.101:9618?addrs=192.168.16.101-9618&alias=condor-h16-01.ppe.cluster&noUDP&sock=slot1_4_21991_6617_526>
...
040 (40296.000.000) 2021-07-26 21:54:34 Finished transferring input files
...
001 (40296.000.000) 2021-07-26 21:54:35 Job executing on host: <192.168.16.101:9618?addrs=192.168.16.101-9618&alias=condor-h16-01.ppe.cluster&noUDP&sock=startd_2155_baae>
...
006 (40296.000.000) 2021-07-26 21:54:44 Image size of job updated: 381048
	36  -  MemoryUsage of job (MB)
	36448  -  ResidentSetSize of job (KB)
...
006 (40296.000.000) 2021-07-26 21:54:54 Image size of job updated: 759920
	36  -  MemoryUsage of job (MB)
	36448  -  ResidentSetSize of job (KB)
...
040 (40296.000.000) 2021-07-26 21:54:54 Started transferring output files
...
040 (40296.000.000) 2021-07-26 21:54:54 Finished transferring output files
...
005 (40296.000.000) 2021-07-26 21:54:54 Job terminated.
	(1) Normal termination (return value 0)
		Usr 0 00:00:08, Sys 0 00:00:03  -  Run Remote Usage
		Usr 0 00:00:00, Sys 0 00:00:00  -  Run Local Usage
		Usr 0 00:00:08, Sys 0 00:00:03  -  Total Remote Usage
		Usr 0 00:00:00, Sys 0 00:00:00  -  Total Local Usage
	718123  -  Run Bytes Sent By Job
	323  -  Run Bytes Received By Job
	718123  -  Total Bytes Sent By Job
	323  -  Total Bytes Received By Job
	Partitionable Resources :    Usage  Request Allocated 
	   Cpus                 :                 1         1 
	   Disk (KB)            :      711        1    864796 
	   Memory (MB)          :       36    10240     10240 

	Job terminated of its own accord at 2021-07-26T20:54:54Z.
...
