000 (40634.000.000) 2021-07-26 16:54:52 Job submitted from host: <194.36.1.200:9618?addrs=194.36.1.200-9618&alias=hex.ppe.gla.ac.uk&noUDP&sock=schedd_1401_8c46>
...
040 (40634.000.000) 2021-07-27 13:58:28 Started transferring input files
	Transferring to host: <192.168.16.121:9618?addrs=192.168.16.121-9618&alias=condor-d20-01.ppe.cluster&noUDP&sock=slot1_6_40472_ef67_1120>
...
040 (40634.000.000) 2021-07-27 13:58:28 Finished transferring input files
...
001 (40634.000.000) 2021-07-27 13:58:29 Job executing on host: <192.168.16.121:9618?addrs=192.168.16.121-9618&alias=condor-d20-01.ppe.cluster&noUDP&sock=startd_40545_137a>
...
006 (40634.000.000) 2021-07-27 13:58:38 Image size of job updated: 190584
	36  -  MemoryUsage of job (MB)
	36300  -  ResidentSetSize of job (KB)
...
006 (40634.000.000) 2021-07-27 14:03:39 Image size of job updated: 1483252
	848  -  MemoryUsage of job (MB)
	867420  -  ResidentSetSize of job (KB)
...
006 (40634.000.000) 2021-07-27 14:23:41 Image size of job updated: 1485296
	848  -  MemoryUsage of job (MB)
	867420  -  ResidentSetSize of job (KB)
...
006 (40634.000.000) 2021-07-27 14:33:42 Image size of job updated: 1485712
	848  -  MemoryUsage of job (MB)
	867420  -  ResidentSetSize of job (KB)
...
006 (40634.000.000) 2021-07-27 14:58:44 Image size of job updated: 1488096
	848  -  MemoryUsage of job (MB)
	867420  -  ResidentSetSize of job (KB)
...
006 (40634.000.000) 2021-07-27 15:13:46 Image size of job updated: 1489216
	848  -  MemoryUsage of job (MB)
	867420  -  ResidentSetSize of job (KB)
...
006 (40634.000.000) 2021-07-27 15:18:46 Image size of job updated: 1500028
	848  -  MemoryUsage of job (MB)
	867420  -  ResidentSetSize of job (KB)
...
006 (40634.000.000) 2021-07-27 15:43:49 Image size of job updated: 1509008
	848  -  MemoryUsage of job (MB)
	867420  -  ResidentSetSize of job (KB)
...
006 (40634.000.000) 2021-07-27 17:03:56 Image size of job updated: 1509076
	848  -  MemoryUsage of job (MB)
	867420  -  ResidentSetSize of job (KB)
...
040 (40634.000.000) 2021-07-27 18:05:46 Started transferring output files
...
040 (40634.000.000) 2021-07-27 18:06:02 Finished transferring output files
...
005 (40634.000.000) 2021-07-27 18:06:02 Job terminated.
	(1) Normal termination (return value 0)
		Usr 0 03:38:42, Sys 0 00:26:29  -  Run Remote Usage
		Usr 0 00:00:00, Sys 0 00:00:00  -  Run Local Usage
		Usr 0 03:38:42, Sys 0 00:26:29  -  Total Remote Usage
		Usr 0 00:00:00, Sys 0 00:00:00  -  Total Local Usage
	3785668352  -  Run Bytes Sent By Job
	319  -  Run Bytes Received By Job
	3785668352  -  Total Bytes Sent By Job
	319  -  Total Bytes Received By Job
	Partitionable Resources :      Usage  Request Allocated 
	   Cpus                 :       1.00        1         1 
	   Disk (KB)            : 3696957           1   3637421 
	   Memory (MB)          :     848       10240     10240 

	Job terminated of its own accord at 2021-07-27T17:05:46Z.
...
