000 (40871.000.000) 2021-07-26 16:55:09 Job submitted from host: <194.36.1.200:9618?addrs=194.36.1.200-9618&alias=hex.ppe.gla.ac.uk&noUDP&sock=schedd_1401_8c46>
...
040 (40871.000.000) 2021-07-28 00:53:10 Started transferring input files
	Transferring to host: <192.168.16.104:9618?addrs=192.168.16.104-9618&alias=condor-h16-04.ppe.cluster&noUDP&sock=slot1_1_11689_b534_640>
...
040 (40871.000.000) 2021-07-28 00:53:10 Finished transferring input files
...
001 (40871.000.000) 2021-07-28 00:53:11 Job executing on host: <192.168.16.104:9618?addrs=192.168.16.104-9618&alias=condor-h16-04.ppe.cluster&noUDP&sock=startd_20625_9ceb>
...
006 (40871.000.000) 2021-07-28 00:53:19 Image size of job updated: 25472
	25  -  MemoryUsage of job (MB)
	25472  -  ResidentSetSize of job (KB)
...
006 (40871.000.000) 2021-07-28 00:58:19 Image size of job updated: 1403792
	649  -  MemoryUsage of job (MB)
	663812  -  ResidentSetSize of job (KB)
...
006 (40871.000.000) 2021-07-28 01:03:20 Image size of job updated: 1417196
	769  -  MemoryUsage of job (MB)
	787160  -  ResidentSetSize of job (KB)
...
006 (40871.000.000) 2021-07-28 01:18:22 Image size of job updated: 1421932
	769  -  MemoryUsage of job (MB)
	787160  -  ResidentSetSize of job (KB)
...
006 (40871.000.000) 2021-07-28 01:28:23 Image size of job updated: 1421932
	771  -  MemoryUsage of job (MB)
	789064  -  ResidentSetSize of job (KB)
...
006 (40871.000.000) 2021-07-28 01:43:24 Image size of job updated: 1496072
	771  -  MemoryUsage of job (MB)
	789064  -  ResidentSetSize of job (KB)
...
006 (40871.000.000) 2021-07-28 01:48:24 Image size of job updated: 1502380
	771  -  MemoryUsage of job (MB)
	789064  -  ResidentSetSize of job (KB)
...
006 (40871.000.000) 2021-07-28 01:53:25 Image size of job updated: 1522724
	815  -  MemoryUsage of job (MB)
	833764  -  ResidentSetSize of job (KB)
...
006 (40871.000.000) 2021-07-28 02:33:29 Image size of job updated: 1522724
	819  -  MemoryUsage of job (MB)
	838108  -  ResidentSetSize of job (KB)
...
006 (40871.000.000) 2021-07-28 02:38:29 Image size of job updated: 1522724
	824  -  MemoryUsage of job (MB)
	843072  -  ResidentSetSize of job (KB)
...
006 (40871.000.000) 2021-07-28 02:53:31 Image size of job updated: 1522724
	827  -  MemoryUsage of job (MB)
	845904  -  ResidentSetSize of job (KB)
...
004 (40871.000.000) 2021-07-28 05:02:45 Job was evicted.
	(0) CPU times
		Usr 0 03:30:24, Sys 0 00:37:42  -  Run Remote Usage
		Usr 0 00:00:00, Sys 0 00:00:00  -  Run Local Usage
	0  -  Run Bytes Sent By Job
	319  -  Run Bytes Received By Job
	Partitionable Resources :      Usage  Request Allocated 
	   Cpus                 :       0.99        1         1 
	   Disk (KB)            : 3112494           1    861476 
	   Memory (MB)          :     827       10240     10240 
...
040 (40871.000.000) 2021-07-28 05:03:13 Started transferring input files
	Transferring to host: <192.168.16.112:9618?addrs=192.168.16.112-9618&alias=condor-d19-02.ppe.cluster&noUDP&sock=slot1_5_174254_74e7_1244>
...
040 (40871.000.000) 2021-07-28 05:03:13 Finished transferring input files
...
001 (40871.000.000) 2021-07-28 05:03:14 Job executing on host: <192.168.16.112:9618?addrs=192.168.16.112-9618&alias=condor-d19-02.ppe.cluster&noUDP&sock=startd_2914_5710>
...
004 (40871.000.000) 2021-07-28 07:24:04 Job was evicted.
	(0) CPU times
		Usr 0 02:02:02, Sys 0 00:17:43  -  Run Remote Usage
		Usr 0 00:00:00, Sys 0 00:00:00  -  Run Local Usage
	0  -  Run Bytes Sent By Job
	319  -  Run Bytes Received By Job
	Partitionable Resources :      Usage  Request Allocated 
	   Cpus                 :       0.99        1         1 
	   Disk (KB)            : 2387347     3250000   4128737 
	   Memory (MB)          :     977       10240     10240 
...
040 (40871.000.000) 2021-07-28 07:26:16 Started transferring input files
	Transferring to host: <192.168.16.112:9618?addrs=192.168.16.112-9618&alias=condor-d19-02.ppe.cluster&noUDP&sock=slot1_1_268998_2cf4_4>
...
040 (40871.000.000) 2021-07-28 07:26:16 Finished transferring input files
...
001 (40871.000.000) 2021-07-28 07:26:17 Job executing on host: <192.168.16.112:9618?addrs=192.168.16.112-9618&alias=condor-d19-02.ppe.cluster&noUDP&sock=startd_2914_5710>
...
022 (40871.000.000) 2021-07-28 09:08:57 Job disconnected, attempting to reconnect
    Local schedd and job shadow died, schedd now running again
    Trying to reconnect to slot1_1@condor-d19-02.ppe.cluster <192.168.16.112:9618?addrs=192.168.16.112-9618&alias=condor-d19-02.ppe.cluster&noUDP&sock=startd_2914_5710>
...
023 (40871.000.000) 2021-07-28 09:08:58 Job reconnected to slot1_1@condor-d19-02.ppe.cluster
    startd address: <192.168.16.112:9618?addrs=192.168.16.112-9618&alias=condor-d19-02.ppe.cluster&noUDP&sock=startd_2914_5710>
    starter address: <192.168.16.112:9618?addrs=192.168.16.112-9618&alias=condor-d19-02.ppe.cluster&noUDP&sock=slot1_1_268998_2cf4_4>
...
005 (40871.000.000) 2021-07-28 10:58:27 Job terminated.
	(1) Normal termination (return value 0)
		Usr 0 03:03:55, Sys 0 00:26:17  -  Run Remote Usage
		Usr 0 00:00:00, Sys 0 00:00:00  -  Run Local Usage
		Usr 0 09:50:04, Sys 0 01:32:24  -  Total Remote Usage
		Usr 0 00:00:00, Sys 0 00:00:00  -  Total Local Usage
	3725343488  -  Run Bytes Sent By Job
	0  -  Run Bytes Received By Job
	3725343488  -  Total Bytes Sent By Job
	957  -  Total Bytes Received By Job
	Partitionable Resources :      Usage  Request Allocated 
	   Cpus                 :       0.99        1         1 
	   Disk (KB)            : 3638047     3638047   3302989 
	   Memory (MB)          :     977       10240     10240 

	Job terminated of its own accord at 2021-07-28T09:58:16Z.
...
