000 (41106.000.000) 2021-07-26 16:55:25 Job submitted from host: <194.36.1.200:9618?addrs=194.36.1.200-9618&alias=hex.ppe.gla.ac.uk&noUDP&sock=schedd_1401_8c46>
...
040 (41106.000.000) 2021-07-28 14:37:03 Started transferring input files
	Transferring to host: <192.168.16.112:9618?addrs=192.168.16.112-9618&alias=condor-d19-02.ppe.cluster&noUDP&sock=slot1_2_268998_2cf4_29>
...
040 (41106.000.000) 2021-07-28 14:37:03 Finished transferring input files
...
001 (41106.000.000) 2021-07-28 14:37:04 Job executing on host: <192.168.16.112:9618?addrs=192.168.16.112-9618&alias=condor-d19-02.ppe.cluster&noUDP&sock=startd_2914_5710>
...
006 (41106.000.000) 2021-07-28 14:37:13 Image size of job updated: 40816
	40  -  MemoryUsage of job (MB)
	40812  -  ResidentSetSize of job (KB)
...
006 (41106.000.000) 2021-07-28 14:42:13 Image size of job updated: 1460504
	640  -  MemoryUsage of job (MB)
	654448  -  ResidentSetSize of job (KB)
...
006 (41106.000.000) 2021-07-28 14:47:13 Image size of job updated: 1492588
	661  -  MemoryUsage of job (MB)
	676416  -  ResidentSetSize of job (KB)
...
006 (41106.000.000) 2021-07-28 14:52:14 Image size of job updated: 1492588
	828  -  MemoryUsage of job (MB)
	847440  -  ResidentSetSize of job (KB)
...
006 (41106.000.000) 2021-07-28 15:02:15 Image size of job updated: 1495364
	828  -  MemoryUsage of job (MB)
	847440  -  ResidentSetSize of job (KB)
...
006 (41106.000.000) 2021-07-28 15:32:19 Image size of job updated: 1496732
	828  -  MemoryUsage of job (MB)
	847440  -  ResidentSetSize of job (KB)
...
006 (41106.000.000) 2021-07-28 15:42:20 Image size of job updated: 1496732
	855  -  MemoryUsage of job (MB)
	874536  -  ResidentSetSize of job (KB)
...
006 (41106.000.000) 2021-07-28 15:47:21 Image size of job updated: 1497852
	855  -  MemoryUsage of job (MB)
	874536  -  ResidentSetSize of job (KB)
...
006 (41106.000.000) 2021-07-28 15:52:21 Image size of job updated: 1506148
	855  -  MemoryUsage of job (MB)
	874536  -  ResidentSetSize of job (KB)
...
006 (41106.000.000) 2021-07-28 16:47:26 Image size of job updated: 1506148
	860  -  MemoryUsage of job (MB)
	880420  -  ResidentSetSize of job (KB)
...
006 (41106.000.000) 2021-07-28 17:17:28 Image size of job updated: 1506460
	860  -  MemoryUsage of job (MB)
	880420  -  ResidentSetSize of job (KB)
...
040 (41106.000.000) 2021-07-28 18:15:22 Started transferring output files
...
040 (41106.000.000) 2021-07-28 18:15:35 Finished transferring output files
...
005 (41106.000.000) 2021-07-28 18:15:35 Job terminated.
	(1) Normal termination (return value 0)
		Usr 0 03:09:39, Sys 0 00:26:35  -  Run Remote Usage
		Usr 0 00:00:00, Sys 0 00:00:00  -  Run Local Usage
		Usr 0 03:09:39, Sys 0 00:26:35  -  Total Remote Usage
		Usr 0 00:00:00, Sys 0 00:00:00  -  Total Local Usage
	3863762432  -  Run Bytes Sent By Job
	323  -  Run Bytes Received By Job
	3863762432  -  Total Bytes Sent By Job
	323  -  Total Bytes Received By Job
	Partitionable Resources :      Usage  Request Allocated 
	   Cpus                 :       0.98        1         1 
	   Disk (KB)            : 3773221           1    825748 
	   Memory (MB)          :     860       10240     10240 

	Job terminated of its own accord at 2021-07-28T17:15:22Z.
...
