000 (41012.000.000) 2021-07-26 16:55:20 Job submitted from host: <194.36.1.200:9618?addrs=194.36.1.200-9618&alias=hex.ppe.gla.ac.uk&noUDP&sock=schedd_1401_8c46>
...
040 (41012.000.000) 2021-07-28 09:49:02 Started transferring input files
	Transferring to host: <192.168.16.104:9618?addrs=192.168.16.104-9618&alias=condor-h16-04.ppe.cluster&noUDP&sock=slot1_2_993_6881_15>
...
040 (41012.000.000) 2021-07-28 09:49:02 Finished transferring input files
...
001 (41012.000.000) 2021-07-28 09:49:03 Job executing on host: <192.168.16.104:9618?addrs=192.168.16.104-9618&alias=condor-h16-04.ppe.cluster&noUDP&sock=startd_20625_9ceb>
...
006 (41012.000.000) 2021-07-28 09:49:11 Image size of job updated: 80568
	79  -  MemoryUsage of job (MB)
	80564  -  ResidentSetSize of job (KB)
...
006 (41012.000.000) 2021-07-28 09:49:15 Image size of job updated: 157244
	101  -  MemoryUsage of job (MB)
	102492  -  ResidentSetSize of job (KB)
...
040 (41012.000.000) 2021-07-28 09:49:15 Started transferring output files
...
040 (41012.000.000) 2021-07-28 09:49:16 Finished transferring output files
...
005 (41012.000.000) 2021-07-28 09:49:16 Job terminated.
	(1) Normal termination (return value 0)
		Usr 0 00:00:06, Sys 0 00:00:03  -  Run Remote Usage
		Usr 0 00:00:00, Sys 0 00:00:00  -  Run Local Usage
		Usr 0 00:00:06, Sys 0 00:00:03  -  Total Remote Usage
		Usr 0 00:00:00, Sys 0 00:00:00  -  Total Local Usage
	718123  -  Run Bytes Sent By Job
	323  -  Run Bytes Received By Job
	718123  -  Total Bytes Sent By Job
	323  -  Total Bytes Received By Job
	Partitionable Resources :    Usage  Request Allocated 
	   Cpus                 :                 1         1 
	   Disk (KB)            :      712        1    861476 
	   Memory (MB)          :      101    10240     10240 

	Job terminated of its own accord at 2021-07-28T08:49:15Z.
...
