000 (40328.000.000) 2021-07-26 16:54:36 Job submitted from host: <194.36.1.200:9618?addrs=194.36.1.200-9618&alias=hex.ppe.gla.ac.uk&noUDP&sock=schedd_1401_8c46>
...
040 (40328.000.000) 2021-07-27 00:32:38 Started transferring input files
	Transferring to host: <192.168.16.103:9618?addrs=192.168.16.103-9618&alias=condor-h16-03.ppe.cluster&noUDP&sock=slot1_4_22104_047c_491>
...
040 (40328.000.000) 2021-07-27 00:32:38 Finished transferring input files
...
001 (40328.000.000) 2021-07-27 00:32:39 Job executing on host: <192.168.16.103:9618?addrs=192.168.16.103-9618&alias=condor-h16-03.ppe.cluster&noUDP&sock=startd_20690_3293>
...
006 (40328.000.000) 2021-07-27 00:32:47 Image size of job updated: 5156
	6  -  MemoryUsage of job (MB)
	5148  -  ResidentSetSize of job (KB)
...
006 (40328.000.000) 2021-07-27 00:37:47 Image size of job updated: 1416196
	650  -  MemoryUsage of job (MB)
	665252  -  ResidentSetSize of job (KB)
...
006 (40328.000.000) 2021-07-27 00:42:48 Image size of job updated: 1416196
	776  -  MemoryUsage of job (MB)
	794080  -  ResidentSetSize of job (KB)
...
006 (40328.000.000) 2021-07-27 00:47:49 Image size of job updated: 1416196
	777  -  MemoryUsage of job (MB)
	795488  -  ResidentSetSize of job (KB)
...
006 (40328.000.000) 2021-07-27 01:12:51 Image size of job updated: 1417940
	784  -  MemoryUsage of job (MB)
	802088  -  ResidentSetSize of job (KB)
...
006 (40328.000.000) 2021-07-27 01:42:54 Image size of job updated: 1418308
	784  -  MemoryUsage of job (MB)
	802088  -  ResidentSetSize of job (KB)
...
006 (40328.000.000) 2021-07-27 02:07:56 Image size of job updated: 1423912
	784  -  MemoryUsage of job (MB)
	802088  -  ResidentSetSize of job (KB)
...
006 (40328.000.000) 2021-07-27 02:38:00 Image size of job updated: 1454104
	784  -  MemoryUsage of job (MB)
	802088  -  ResidentSetSize of job (KB)
...
006 (40328.000.000) 2021-07-27 02:53:02 Image size of job updated: 1454328
	784  -  MemoryUsage of job (MB)
	802088  -  ResidentSetSize of job (KB)
...
006 (40328.000.000) 2021-07-27 03:58:08 Image size of job updated: 1456644
	784  -  MemoryUsage of job (MB)
	802088  -  ResidentSetSize of job (KB)
...
006 (40328.000.000) 2021-07-27 04:18:10 Image size of job updated: 1460916
	784  -  MemoryUsage of job (MB)
	802088  -  ResidentSetSize of job (KB)
...
040 (40328.000.000) 2021-07-27 05:24:04 Started transferring output files
...
040 (40328.000.000) 2021-07-27 05:24:18 Finished transferring output files
...
005 (40328.000.000) 2021-07-27 05:24:18 Job terminated.
	(1) Normal termination (return value 0)
		Usr 0 04:04:17, Sys 0 00:45:16  -  Run Remote Usage
		Usr 0 00:00:00, Sys 0 00:00:00  -  Run Local Usage
		Usr 0 04:04:17, Sys 0 00:45:16  -  Total Remote Usage
		Usr 0 00:00:00, Sys 0 00:00:00  -  Total Local Usage
	3767129856  -  Run Bytes Sent By Job
	323  -  Run Bytes Received By Job
	3767129856  -  Total Bytes Sent By Job
	323  -  Total Bytes Received By Job
	Partitionable Resources :      Usage  Request Allocated 
	   Cpus                 :       0.99        1         1 
	   Disk (KB)            : 3678853           1    861476 
	   Memory (MB)          :     784       10240     10240 

	Job terminated of its own accord at 2021-07-27T04:24:04Z.
...
