000 (40959.000.000) 2021-07-26 16:55:17 Job submitted from host: <194.36.1.200:9618?addrs=194.36.1.200-9618&alias=hex.ppe.gla.ac.uk&noUDP&sock=schedd_1401_8c46>
...
040 (40959.000.000) 2021-07-28 05:22:50 Started transferring input files
	Transferring to host: <192.168.16.111:9618?addrs=192.168.16.111-9618&alias=condor-d19-01.ppe.cluster&noUDP&sock=slot1_5_222987_4385_1042>
...
040 (40959.000.000) 2021-07-28 05:22:50 Finished transferring input files
...
001 (40959.000.000) 2021-07-28 05:22:51 Job executing on host: <192.168.16.111:9618?addrs=192.168.16.111-9618&alias=condor-d19-01.ppe.cluster&noUDP&sock=startd_2932_afc5>
...
006 (40959.000.000) 2021-07-28 05:22:59 Image size of job updated: 365824
	358  -  MemoryUsage of job (MB)
	365820  -  ResidentSetSize of job (KB)
...
006 (40959.000.000) 2021-07-28 05:27:59 Image size of job updated: 1488460
	774  -  MemoryUsage of job (MB)
	791696  -  ResidentSetSize of job (KB)
...
006 (40959.000.000) 2021-07-28 05:33:00 Image size of job updated: 1494824
	781  -  MemoryUsage of job (MB)
	799388  -  ResidentSetSize of job (KB)
...
006 (40959.000.000) 2021-07-28 05:38:01 Image size of job updated: 1494824
	783  -  MemoryUsage of job (MB)
	801280  -  ResidentSetSize of job (KB)
...
006 (40959.000.000) 2021-07-28 05:43:01 Image size of job updated: 1494824
	786  -  MemoryUsage of job (MB)
	804400  -  ResidentSetSize of job (KB)
...
006 (40959.000.000) 2021-07-28 05:48:02 Image size of job updated: 1504492
	786  -  MemoryUsage of job (MB)
	804400  -  ResidentSetSize of job (KB)
...
006 (40959.000.000) 2021-07-28 05:53:02 Image size of job updated: 1504492
	789  -  MemoryUsage of job (MB)
	807912  -  ResidentSetSize of job (KB)
...
006 (40959.000.000) 2021-07-28 06:13:04 Image size of job updated: 1504492
	792  -  MemoryUsage of job (MB)
	810312  -  ResidentSetSize of job (KB)
...
006 (40959.000.000) 2021-07-28 06:38:07 Image size of job updated: 1504492
	799  -  MemoryUsage of job (MB)
	817928  -  ResidentSetSize of job (KB)
...
006 (40959.000.000) 2021-07-28 06:58:09 Image size of job updated: 1505200
	862  -  MemoryUsage of job (MB)
	881756  -  ResidentSetSize of job (KB)
...
006 (40959.000.000) 2021-07-28 07:03:10 Image size of job updated: 1505352
	862  -  MemoryUsage of job (MB)
	881756  -  ResidentSetSize of job (KB)
...
004 (40959.000.000) 2021-07-28 07:41:31 Job was evicted.
	(0) CPU times
		Usr 0 01:59:39, Sys 0 00:17:58  -  Run Remote Usage
		Usr 0 00:00:00, Sys 0 00:00:00  -  Run Local Usage
	0  -  Run Bytes Sent By Job
	319  -  Run Bytes Received By Job
	Partitionable Resources :      Usage  Request Allocated 
	   Cpus                 :       0.99        1         1 
	   Disk (KB)            : 2422702           1    825748 
	   Memory (MB)          :     862       10240     10240 
...
040 (40959.000.000) 2021-07-28 07:44:17 Started transferring input files
	Transferring to host: <192.168.16.111:9618?addrs=192.168.16.111-9618&alias=condor-d19-01.ppe.cluster&noUDP&sock=slot1_5_140832_a258_8>
...
040 (40959.000.000) 2021-07-28 07:44:17 Finished transferring input files
...
001 (40959.000.000) 2021-07-28 07:44:18 Job executing on host: <192.168.16.111:9618?addrs=192.168.16.111-9618&alias=condor-d19-01.ppe.cluster&noUDP&sock=startd_2932_afc5>
...
022 (40959.000.000) 2021-07-28 09:08:57 Job disconnected, attempting to reconnect
    Local schedd and job shadow died, schedd now running again
    Trying to reconnect to slot1_5@condor-d19-01.ppe.cluster <192.168.16.111:9618?addrs=192.168.16.111-9618&alias=condor-d19-01.ppe.cluster&noUDP&sock=startd_2932_afc5>
...
023 (40959.000.000) 2021-07-28 09:08:58 Job reconnected to slot1_5@condor-d19-01.ppe.cluster
    startd address: <192.168.16.111:9618?addrs=192.168.16.111-9618&alias=condor-d19-01.ppe.cluster&noUDP&sock=startd_2932_afc5>
    starter address: <192.168.16.111:9618?addrs=192.168.16.111-9618&alias=condor-d19-01.ppe.cluster&noUDP&sock=slot1_5_140832_a258_8>
...
005 (40959.000.000) 2021-07-28 10:41:34 Job terminated.
	(1) Normal termination (return value 0)
		Usr 0 02:32:26, Sys 0 00:23:10  -  Run Remote Usage
		Usr 0 00:00:00, Sys 0 00:00:00  -  Run Local Usage
		Usr 0 05:32:24, Sys 0 00:50:23  -  Total Remote Usage
		Usr 0 00:00:00, Sys 0 00:00:00  -  Total Local Usage
	3241753856  -  Run Bytes Sent By Job
	0  -  Run Bytes Received By Job
	3241753856  -  Total Bytes Sent By Job
	638  -  Total Bytes Received By Job
	Partitionable Resources :      Usage  Request Allocated 
	   Cpus                 :       0.99        1         1 
	   Disk (KB)            : 3165792     3165792   3302989 
	   Memory (MB)          :     977       10240     10240 

	Job terminated of its own accord at 2021-07-28T09:41:23Z.
...
