000 (40806.000.000) 2021-07-26 16:55:05 Job submitted from host: <194.36.1.200:9618?addrs=194.36.1.200-9618&alias=hex.ppe.gla.ac.uk&noUDP&sock=schedd_1401_8c46>
...
040 (40806.000.000) 2021-07-27 21:57:10 Started transferring input files
	Transferring to host: <192.168.16.114:9618?addrs=192.168.16.114-9618&alias=condor-d19-04.ppe.cluster&noUDP&sock=slot1_3_3775_9433_1376>
...
040 (40806.000.000) 2021-07-27 21:57:10 Finished transferring input files
...
001 (40806.000.000) 2021-07-27 21:57:11 Job executing on host: <192.168.16.114:9618?addrs=192.168.16.114-9618&alias=condor-d19-04.ppe.cluster&noUDP&sock=startd_2633_98f3>
...
006 (40806.000.000) 2021-07-27 21:57:20 Image size of job updated: 426056
	417  -  MemoryUsage of job (MB)
	426052  -  ResidentSetSize of job (KB)
...
006 (40806.000.000) 2021-07-27 22:02:21 Image size of job updated: 1403936
	651  -  MemoryUsage of job (MB)
	665980  -  ResidentSetSize of job (KB)
...
006 (40806.000.000) 2021-07-27 22:07:21 Image size of job updated: 1405844
	651  -  MemoryUsage of job (MB)
	665980  -  ResidentSetSize of job (KB)
...
006 (40806.000.000) 2021-07-27 22:17:22 Image size of job updated: 1409656
	651  -  MemoryUsage of job (MB)
	665980  -  ResidentSetSize of job (KB)
...
006 (40806.000.000) 2021-07-27 22:22:22 Image size of job updated: 1412396
	778  -  MemoryUsage of job (MB)
	796628  -  ResidentSetSize of job (KB)
...
006 (40806.000.000) 2021-07-27 22:32:24 Image size of job updated: 1416760
	778  -  MemoryUsage of job (MB)
	796628  -  ResidentSetSize of job (KB)
...
006 (40806.000.000) 2021-07-27 23:02:27 Image size of job updated: 1416760
	786  -  MemoryUsage of job (MB)
	804732  -  ResidentSetSize of job (KB)
...
006 (40806.000.000) 2021-07-27 23:07:28 Image size of job updated: 1420492
	786  -  MemoryUsage of job (MB)
	804732  -  ResidentSetSize of job (KB)
...
006 (40806.000.000) 2021-07-27 23:12:28 Image size of job updated: 1441524
	786  -  MemoryUsage of job (MB)
	804732  -  ResidentSetSize of job (KB)
...
006 (40806.000.000) 2021-07-27 23:17:28 Image size of job updated: 1447016
	786  -  MemoryUsage of job (MB)
	804732  -  ResidentSetSize of job (KB)
...
006 (40806.000.000) 2021-07-27 23:22:29 Image size of job updated: 1451216
	786  -  MemoryUsage of job (MB)
	804732  -  ResidentSetSize of job (KB)
...
006 (40806.000.000) 2021-07-27 23:27:29 Image size of job updated: 1451660
	786  -  MemoryUsage of job (MB)
	804732  -  ResidentSetSize of job (KB)
...
006 (40806.000.000) 2021-07-28 00:02:33 Image size of job updated: 1460292
	786  -  MemoryUsage of job (MB)
	804732  -  ResidentSetSize of job (KB)
...
006 (40806.000.000) 2021-07-28 00:07:33 Image size of job updated: 1472476
	786  -  MemoryUsage of job (MB)
	804732  -  ResidentSetSize of job (KB)
...
006 (40806.000.000) 2021-07-28 00:52:37 Image size of job updated: 1472476
	788  -  MemoryUsage of job (MB)
	806388  -  ResidentSetSize of job (KB)
...
040 (40806.000.000) 2021-07-28 01:52:25 Started transferring output files
...
040 (40806.000.000) 2021-07-28 01:52:37 Finished transferring output files
...
005 (40806.000.000) 2021-07-28 01:52:37 Job terminated.
	(1) Normal termination (return value 0)
		Usr 0 03:27:38, Sys 0 00:25:54  -  Run Remote Usage
		Usr 0 00:00:00, Sys 0 00:00:00  -  Run Local Usage
		Usr 0 03:27:38, Sys 0 00:25:54  -  Total Remote Usage
		Usr 0 00:00:00, Sys 0 00:00:00  -  Total Local Usage
	3758371328  -  Run Bytes Sent By Job
	319  -  Run Bytes Received By Job
	3758371328  -  Total Bytes Sent By Job
	319  -  Total Bytes Received By Job
	Partitionable Resources :      Usage  Request Allocated 
	   Cpus                 :       0.99        1         1 
	   Disk (KB)            : 3670300           1   3637421 
	   Memory (MB)          :     788       10240     10240 

	Job terminated of its own accord at 2021-07-28T00:52:25Z.
...
