000 (40270.000.000) 2021-07-26 16:54:34 Job submitted from host: <194.36.1.200:9618?addrs=194.36.1.200-9618&alias=hex.ppe.gla.ac.uk&noUDP&sock=schedd_1401_8c46>
...
040 (40270.000.000) 2021-07-26 20:53:32 Started transferring input files
	Transferring to host: <192.168.16.121:9618?addrs=192.168.16.121-9618&alias=condor-d20-01.ppe.cluster&noUDP&sock=slot1_5_40472_ef67_957>
...
040 (40270.000.000) 2021-07-26 20:53:32 Finished transferring input files
...
001 (40270.000.000) 2021-07-26 20:53:33 Job executing on host: <192.168.16.121:9618?addrs=192.168.16.121-9618&alias=condor-d20-01.ppe.cluster&noUDP&sock=startd_40545_137a>
...
006 (40270.000.000) 2021-07-26 20:53:42 Image size of job updated: 602336
	589  -  MemoryUsage of job (MB)
	602332  -  ResidentSetSize of job (KB)
...
006 (40270.000.000) 2021-07-26 20:58:43 Image size of job updated: 1415824
	629  -  MemoryUsage of job (MB)
	643700  -  ResidentSetSize of job (KB)
...
006 (40270.000.000) 2021-07-26 21:03:43 Image size of job updated: 1418768
	670  -  MemoryUsage of job (MB)
	685156  -  ResidentSetSize of job (KB)
...
006 (40270.000.000) 2021-07-26 21:13:45 Image size of job updated: 1418768
	773  -  MemoryUsage of job (MB)
	790780  -  ResidentSetSize of job (KB)
...
006 (40270.000.000) 2021-07-26 21:48:48 Image size of job updated: 1419016
	773  -  MemoryUsage of job (MB)
	790780  -  ResidentSetSize of job (KB)
...
006 (40270.000.000) 2021-07-26 22:13:50 Image size of job updated: 1419016
	785  -  MemoryUsage of job (MB)
	803732  -  ResidentSetSize of job (KB)
...
006 (40270.000.000) 2021-07-26 22:53:55 Image size of job updated: 1431080
	799  -  MemoryUsage of job (MB)
	817760  -  ResidentSetSize of job (KB)
...
006 (40270.000.000) 2021-07-26 23:33:58 Image size of job updated: 1480992
	799  -  MemoryUsage of job (MB)
	817760  -  ResidentSetSize of job (KB)
...
006 (40270.000.000) 2021-07-26 23:38:59 Image size of job updated: 1529836
	799  -  MemoryUsage of job (MB)
	817760  -  ResidentSetSize of job (KB)
...
006 (40270.000.000) 2021-07-26 23:44:00 Image size of job updated: 1533068
	799  -  MemoryUsage of job (MB)
	817760  -  ResidentSetSize of job (KB)
...
006 (40270.000.000) 2021-07-26 23:59:02 Image size of job updated: 1540792
	799  -  MemoryUsage of job (MB)
	817760  -  ResidentSetSize of job (KB)
...
006 (40270.000.000) 2021-07-27 00:14:03 Image size of job updated: 1541004
	799  -  MemoryUsage of job (MB)
	817760  -  ResidentSetSize of job (KB)
...
006 (40270.000.000) 2021-07-27 00:24:04 Image size of job updated: 1542588
	799  -  MemoryUsage of job (MB)
	817760  -  ResidentSetSize of job (KB)
...
006 (40270.000.000) 2021-07-27 00:34:06 Image size of job updated: 1545500
	799  -  MemoryUsage of job (MB)
	817760  -  ResidentSetSize of job (KB)
...
040 (40270.000.000) 2021-07-27 00:44:50 Started transferring output files
...
040 (40270.000.000) 2021-07-27 00:45:05 Finished transferring output files
...
005 (40270.000.000) 2021-07-27 00:45:05 Job terminated.
	(1) Normal termination (return value 0)
		Usr 0 03:23:16, Sys 0 00:26:08  -  Run Remote Usage
		Usr 0 00:00:00, Sys 0 00:00:00  -  Run Local Usage
		Usr 0 03:23:16, Sys 0 00:26:08  -  Total Remote Usage
		Usr 0 00:00:00, Sys 0 00:00:00  -  Total Local Usage
	3696276480  -  Run Bytes Sent By Job
	319  -  Run Bytes Received By Job
	3696276480  -  Total Bytes Sent By Job
	319  -  Total Bytes Received By Job
	Partitionable Resources :      Usage  Request Allocated 
	   Cpus                 :       0.95        1         1 
	   Disk (KB)            : 3609660           1   3637421 
	   Memory (MB)          :     799       10240     10240 

	Job terminated of its own accord at 2021-07-26T23:44:50Z.
...
