000 (40372.000.000) 2021-07-26 16:54:39 Job submitted from host: <194.36.1.200:9618?addrs=194.36.1.200-9618&alias=hex.ppe.gla.ac.uk&noUDP&sock=schedd_1401_8c46>
...
040 (40372.000.000) 2021-07-27 01:56:38 Started transferring input files
	Transferring to host: <192.168.16.101:9618?addrs=192.168.16.101-9618&alias=condor-h16-01.ppe.cluster&noUDP&sock=slot1_1_21991_6617_532>
...
040 (40372.000.000) 2021-07-27 01:56:38 Finished transferring input files
...
001 (40372.000.000) 2021-07-27 01:56:39 Job executing on host: <192.168.16.101:9618?addrs=192.168.16.101-9618&alias=condor-h16-01.ppe.cluster&noUDP&sock=startd_2155_baae>
...
006 (40372.000.000) 2021-07-27 01:56:48 Image size of job updated: 31672
	31  -  MemoryUsage of job (MB)
	31668  -  ResidentSetSize of job (KB)
...
006 (40372.000.000) 2021-07-27 02:01:49 Image size of job updated: 1482224
	850  -  MemoryUsage of job (MB)
	870180  -  ResidentSetSize of job (KB)
...
006 (40372.000.000) 2021-07-27 02:06:50 Image size of job updated: 1497232
	850  -  MemoryUsage of job (MB)
	870180  -  ResidentSetSize of job (KB)
...
006 (40372.000.000) 2021-07-27 02:21:52 Image size of job updated: 1505708
	850  -  MemoryUsage of job (MB)
	870180  -  ResidentSetSize of job (KB)
...
006 (40372.000.000) 2021-07-27 03:42:00 Image size of job updated: 1514796
	850  -  MemoryUsage of job (MB)
	870180  -  ResidentSetSize of job (KB)
...
006 (40372.000.000) 2021-07-27 04:27:04 Image size of job updated: 1520068
	850  -  MemoryUsage of job (MB)
	870180  -  ResidentSetSize of job (KB)
...
006 (40372.000.000) 2021-07-27 05:37:12 Image size of job updated: 1525612
	862  -  MemoryUsage of job (MB)
	882212  -  ResidentSetSize of job (KB)
...
040 (40372.000.000) 2021-07-27 06:58:05 Started transferring output files
...
040 (40372.000.000) 2021-07-27 06:58:16 Finished transferring output files
...
005 (40372.000.000) 2021-07-27 06:58:16 Job terminated.
	(1) Normal termination (return value 0)
		Usr 0 04:13:06, Sys 0 00:46:26  -  Run Remote Usage
		Usr 0 00:00:00, Sys 0 00:00:00  -  Run Local Usage
		Usr 0 04:13:06, Sys 0 00:46:26  -  Total Remote Usage
		Usr 0 00:00:00, Sys 0 00:00:00  -  Total Local Usage
	3773943296  -  Run Bytes Sent By Job
	319  -  Run Bytes Received By Job
	3773943296  -  Total Bytes Sent By Job
	319  -  Total Bytes Received By Job
	Partitionable Resources :      Usage  Request Allocated 
	   Cpus                 :       0.99        1         1 
	   Disk (KB)            : 3685507           1    864796 
	   Memory (MB)          :     862       10240     10240 

	Job terminated of its own accord at 2021-07-27T05:58:05Z.
...
