000 (40472.000.000) 2021-07-26 16:54:43 Job submitted from host: <194.36.1.200:9618?addrs=194.36.1.200-9618&alias=hex.ppe.gla.ac.uk&noUDP&sock=schedd_1401_8c46>
...
040 (40472.000.000) 2021-07-27 06:52:42 Started transferring input files
	Transferring to host: <192.168.16.112:9618?addrs=192.168.16.112-9618&alias=condor-d19-02.ppe.cluster&noUDP&sock=slot1_2_174254_74e7_731>
...
040 (40472.000.000) 2021-07-27 06:52:42 Finished transferring input files
...
001 (40472.000.000) 2021-07-27 06:52:43 Job executing on host: <192.168.16.112:9618?addrs=192.168.16.112-9618&alias=condor-d19-02.ppe.cluster&noUDP&sock=startd_2914_5710>
...
006 (40472.000.000) 2021-07-27 06:52:52 Image size of job updated: 31260
	31  -  MemoryUsage of job (MB)
	31256  -  ResidentSetSize of job (KB)
...
006 (40472.000.000) 2021-07-27 06:57:53 Image size of job updated: 1300932
	670  -  MemoryUsage of job (MB)
	685064  -  ResidentSetSize of job (KB)
...
006 (40472.000.000) 2021-07-27 07:02:53 Image size of job updated: 1503264
	674  -  MemoryUsage of job (MB)
	689984  -  ResidentSetSize of job (KB)
...
006 (40472.000.000) 2021-07-27 07:07:53 Image size of job updated: 1503264
	684  -  MemoryUsage of job (MB)
	700312  -  ResidentSetSize of job (KB)
...
006 (40472.000.000) 2021-07-27 07:12:54 Image size of job updated: 1517948
	684  -  MemoryUsage of job (MB)
	700312  -  ResidentSetSize of job (KB)
...
006 (40472.000.000) 2021-07-27 07:22:55 Image size of job updated: 1517948
	877  -  MemoryUsage of job (MB)
	897196  -  ResidentSetSize of job (KB)
...
006 (40472.000.000) 2021-07-27 07:37:57 Image size of job updated: 1547800
	877  -  MemoryUsage of job (MB)
	897196  -  ResidentSetSize of job (KB)
...
006 (40472.000.000) 2021-07-27 07:47:58 Image size of job updated: 1550740
	877  -  MemoryUsage of job (MB)
	897196  -  ResidentSetSize of job (KB)
...
006 (40472.000.000) 2021-07-27 08:13:01 Image size of job updated: 1551408
	880  -  MemoryUsage of job (MB)
	900592  -  ResidentSetSize of job (KB)
...
006 (40472.000.000) 2021-07-27 08:28:03 Image size of job updated: 1553112
	880  -  MemoryUsage of job (MB)
	900592  -  ResidentSetSize of job (KB)
...
006 (40472.000.000) 2021-07-27 10:08:14 Image size of job updated: 1557132
	880  -  MemoryUsage of job (MB)
	900592  -  ResidentSetSize of job (KB)
...
040 (40472.000.000) 2021-07-27 10:24:54 Started transferring output files
...
040 (40472.000.000) 2021-07-27 10:25:06 Finished transferring output files
...
005 (40472.000.000) 2021-07-27 10:25:06 Job terminated.
	(1) Normal termination (return value 0)
		Usr 0 03:04:22, Sys 0 00:26:04  -  Run Remote Usage
		Usr 0 00:00:00, Sys 0 00:00:00  -  Run Local Usage
		Usr 0 03:04:22, Sys 0 00:26:04  -  Total Remote Usage
		Usr 0 00:00:00, Sys 0 00:00:00  -  Total Local Usage
	3685490688  -  Run Bytes Sent By Job
	319  -  Run Bytes Received By Job
	3685490688  -  Total Bytes Sent By Job
	319  -  Total Bytes Received By Job
	Partitionable Resources :      Usage  Request Allocated 
	   Cpus                 :       1.00        1         1 
	   Disk (KB)            : 3599128           1    825748 
	   Memory (MB)          :     880       10240     10240 

	Job terminated of its own accord at 2021-07-27T09:24:54Z.
...
