000 (40893.000.000) 2021-07-26 16:55:11 Job submitted from host: <194.36.1.200:9618?addrs=194.36.1.200-9618&alias=hex.ppe.gla.ac.uk&noUDP&sock=schedd_1401_8c46>
...
040 (40893.000.000) 2021-07-28 02:22:11 Started transferring input files
	Transferring to host: <192.168.16.114:9618?addrs=192.168.16.114-9618&alias=condor-d19-04.ppe.cluster&noUDP&sock=slot1_11_3775_9433_1391>
...
040 (40893.000.000) 2021-07-28 02:22:11 Finished transferring input files
...
001 (40893.000.000) 2021-07-28 02:22:12 Job executing on host: <192.168.16.114:9618?addrs=192.168.16.114-9618&alias=condor-d19-04.ppe.cluster&noUDP&sock=startd_2633_98f3>
...
006 (40893.000.000) 2021-07-28 02:22:21 Image size of job updated: 184988
	63  -  MemoryUsage of job (MB)
	63752  -  ResidentSetSize of job (KB)
...
040 (40893.000.000) 2021-07-28 02:22:27 Started transferring output files
...
040 (40893.000.000) 2021-07-28 02:22:27 Finished transferring output files
...
005 (40893.000.000) 2021-07-28 02:22:27 Job terminated.
	(1) Normal termination (return value 0)
		Usr 0 00:00:06, Sys 0 00:00:02  -  Run Remote Usage
		Usr 0 00:00:00, Sys 0 00:00:00  -  Run Local Usage
		Usr 0 00:00:06, Sys 0 00:00:02  -  Total Remote Usage
		Usr 0 00:00:00, Sys 0 00:00:00  -  Total Local Usage
	718123  -  Run Bytes Sent By Job
	323  -  Run Bytes Received By Job
	718123  -  Total Bytes Sent By Job
	323  -  Total Bytes Received By Job
	Partitionable Resources :    Usage  Request Allocated 
	   Cpus                 :                 1         1 
	   Disk (KB)            :      711        1   3637421 
	   Memory (MB)          :       63    10240     10240 

	Job terminated of its own accord at 2021-07-28T01:22:27Z.
...
