000 (40689.000.000) 2021-07-26 16:54:55 Job submitted from host: <194.36.1.200:9618?addrs=194.36.1.200-9618&alias=hex.ppe.gla.ac.uk&noUDP&sock=schedd_1401_8c46>
...
040 (40689.000.000) 2021-07-27 16:33:09 Started transferring input files
	Transferring to host: <192.168.16.111:9618?addrs=192.168.16.111-9618&alias=condor-d19-01.ppe.cluster&noUDP&sock=slot1_5_222987_4385_1000>
...
040 (40689.000.000) 2021-07-27 16:33:09 Finished transferring input files
...
001 (40689.000.000) 2021-07-27 16:33:10 Job executing on host: <192.168.16.111:9618?addrs=192.168.16.111-9618&alias=condor-d19-01.ppe.cluster&noUDP&sock=startd_2932_afc5>
...
006 (40689.000.000) 2021-07-27 16:33:19 Image size of job updated: 23224
	16  -  MemoryUsage of job (MB)
	15816  -  ResidentSetSize of job (KB)
...
006 (40689.000.000) 2021-07-27 16:38:20 Image size of job updated: 1483252
	657  -  MemoryUsage of job (MB)
	672640  -  ResidentSetSize of job (KB)
...
006 (40689.000.000) 2021-07-27 16:43:20 Image size of job updated: 1491052
	657  -  MemoryUsage of job (MB)
	672640  -  ResidentSetSize of job (KB)
...
006 (40689.000.000) 2021-07-27 17:18:22 Image size of job updated: 1491052
	802  -  MemoryUsage of job (MB)
	821204  -  ResidentSetSize of job (KB)
...
006 (40689.000.000) 2021-07-27 17:23:23 Image size of job updated: 1501444
	802  -  MemoryUsage of job (MB)
	821204  -  ResidentSetSize of job (KB)
...
006 (40689.000.000) 2021-07-27 18:03:27 Image size of job updated: 1501444
	810  -  MemoryUsage of job (MB)
	828684  -  ResidentSetSize of job (KB)
...
006 (40689.000.000) 2021-07-27 18:08:28 Image size of job updated: 1507544
	810  -  MemoryUsage of job (MB)
	828684  -  ResidentSetSize of job (KB)
...
006 (40689.000.000) 2021-07-27 18:13:28 Image size of job updated: 1507544
	825  -  MemoryUsage of job (MB)
	844624  -  ResidentSetSize of job (KB)
...
006 (40689.000.000) 2021-07-27 18:23:29 Image size of job updated: 1507544
	834  -  MemoryUsage of job (MB)
	853776  -  ResidentSetSize of job (KB)
...
006 (40689.000.000) 2021-07-27 19:08:33 Image size of job updated: 1507544
	834  -  MemoryUsage of job (MB)
	853844  -  ResidentSetSize of job (KB)
...
006 (40689.000.000) 2021-07-27 19:13:33 Image size of job updated: 1507612
	834  -  MemoryUsage of job (MB)
	853844  -  ResidentSetSize of job (KB)
...
040 (40689.000.000) 2021-07-27 20:07:21 Started transferring output files
...
040 (40689.000.000) 2021-07-27 20:07:34 Finished transferring output files
...
005 (40689.000.000) 2021-07-27 20:07:34 Job terminated.
	(1) Normal termination (return value 0)
		Usr 0 03:04:27, Sys 0 00:27:31  -  Run Remote Usage
		Usr 0 00:00:00, Sys 0 00:00:00  -  Run Local Usage
		Usr 0 03:04:27, Sys 0 00:27:31  -  Total Remote Usage
		Usr 0 00:00:00, Sys 0 00:00:00  -  Total Local Usage
	3785648128  -  Run Bytes Sent By Job
	319  -  Run Bytes Received By Job
	3785648128  -  Total Bytes Sent By Job
	319  -  Total Bytes Received By Job
	Partitionable Resources :      Usage  Request Allocated 
	   Cpus                 :       0.99        1         1 
	   Disk (KB)            : 3696938           1    825748 
	   Memory (MB)          :     834       10240     10240 

	Job terminated of its own accord at 2021-07-27T19:07:21Z.
...
