000 (40863.000.000) 2021-07-26 16:55:09 Job submitted from host: <194.36.1.200:9618?addrs=194.36.1.200-9618&alias=hex.ppe.gla.ac.uk&noUDP&sock=schedd_1401_8c46>
...
040 (40863.000.000) 2021-07-28 00:40:10 Started transferring input files
	Transferring to host: <192.168.16.113:9618?addrs=192.168.16.113-9618&alias=condor-d19-03.ppe.cluster&noUDP&sock=slot1_11_26289_ba86_1162>
...
040 (40863.000.000) 2021-07-28 00:40:10 Finished transferring input files
...
001 (40863.000.000) 2021-07-28 00:40:11 Job executing on host: <192.168.16.113:9618?addrs=192.168.16.113-9618&alias=condor-d19-03.ppe.cluster&noUDP&sock=startd_2634_488c>
...
006 (40863.000.000) 2021-07-28 00:40:20 Image size of job updated: 491436
	480  -  MemoryUsage of job (MB)
	491432  -  ResidentSetSize of job (KB)
...
006 (40863.000.000) 2021-07-28 00:45:21 Image size of job updated: 1493904
	781  -  MemoryUsage of job (MB)
	799432  -  ResidentSetSize of job (KB)
...
006 (40863.000.000) 2021-07-28 00:50:22 Image size of job updated: 1504680
	781  -  MemoryUsage of job (MB)
	799432  -  ResidentSetSize of job (KB)
...
006 (40863.000.000) 2021-07-28 01:00:23 Image size of job updated: 1525156
	781  -  MemoryUsage of job (MB)
	799432  -  ResidentSetSize of job (KB)
...
006 (40863.000.000) 2021-07-28 01:10:24 Image size of job updated: 1525384
	786  -  MemoryUsage of job (MB)
	804736  -  ResidentSetSize of job (KB)
...
006 (40863.000.000) 2021-07-28 01:15:25 Image size of job updated: 1531668
	786  -  MemoryUsage of job (MB)
	804736  -  ResidentSetSize of job (KB)
...
006 (40863.000.000) 2021-07-28 01:25:26 Image size of job updated: 1531668
	787  -  MemoryUsage of job (MB)
	805192  -  ResidentSetSize of job (KB)
...
006 (40863.000.000) 2021-07-28 02:05:30 Image size of job updated: 1531668
	883  -  MemoryUsage of job (MB)
	903768  -  ResidentSetSize of job (KB)
...
006 (40863.000.000) 2021-07-28 03:00:36 Image size of job updated: 1532832
	883  -  MemoryUsage of job (MB)
	903768  -  ResidentSetSize of job (KB)
...
006 (40863.000.000) 2021-07-28 03:20:38 Image size of job updated: 1540164
	891  -  MemoryUsage of job (MB)
	912028  -  ResidentSetSize of job (KB)
...
006 (40863.000.000) 2021-07-28 03:30:39 Image size of job updated: 1540380
	891  -  MemoryUsage of job (MB)
	912028  -  ResidentSetSize of job (KB)
...
006 (40863.000.000) 2021-07-28 03:55:41 Image size of job updated: 1577220
	891  -  MemoryUsage of job (MB)
	912028  -  ResidentSetSize of job (KB)
...
040 (40863.000.000) 2021-07-28 04:27:31 Started transferring output files
...
040 (40863.000.000) 2021-07-28 04:27:42 Finished transferring output files
...
005 (40863.000.000) 2021-07-28 04:27:42 Job terminated.
	(1) Normal termination (return value 0)
		Usr 0 03:20:17, Sys 0 00:25:21  -  Run Remote Usage
		Usr 0 00:00:00, Sys 0 00:00:00  -  Run Local Usage
		Usr 0 03:20:17, Sys 0 00:25:21  -  Total Remote Usage
		Usr 0 00:00:00, Sys 0 00:00:00  -  Total Local Usage
	3696122112  -  Run Bytes Sent By Job
	319  -  Run Bytes Received By Job
	3696122112  -  Total Bytes Sent By Job
	319  -  Total Bytes Received By Job
	Partitionable Resources :      Usage  Request Allocated 
	   Cpus                 :       1.00        1         1 
	   Disk (KB)            : 3609510           1   3637421 
	   Memory (MB)          :     891       10240     10240 

	Job terminated of its own accord at 2021-07-28T03:27:31Z.
...
