000 (40411.000.000) 2021-07-26 16:54:40 Job submitted from host: <194.36.1.200:9618?addrs=194.36.1.200-9618&alias=hex.ppe.gla.ac.uk&noUDP&sock=schedd_1401_8c46>
...
040 (40411.000.000) 2021-07-27 03:35:41 Started transferring input files
	Transferring to host: <192.168.16.112:9618?addrs=192.168.16.112-9618&alias=condor-d19-02.ppe.cluster&noUDP&sock=slot1_8_174254_74e7_718>
...
040 (40411.000.000) 2021-07-27 03:35:41 Finished transferring input files
...
001 (40411.000.000) 2021-07-27 03:35:42 Job executing on host: <192.168.16.112:9618?addrs=192.168.16.112-9618&alias=condor-d19-02.ppe.cluster&noUDP&sock=startd_2914_5710>
...
006 (40411.000.000) 2021-07-27 03:35:51 Image size of job updated: 64764
	64  -  MemoryUsage of job (MB)
	64760  -  ResidentSetSize of job (KB)
...
006 (40411.000.000) 2021-07-27 03:40:52 Image size of job updated: 1262280
	634  -  MemoryUsage of job (MB)
	648652  -  ResidentSetSize of job (KB)
...
006 (40411.000.000) 2021-07-27 03:45:53 Image size of job updated: 1285536
	657  -  MemoryUsage of job (MB)
	671816  -  ResidentSetSize of job (KB)
...
006 (40411.000.000) 2021-07-27 03:55:53 Image size of job updated: 1457224
	657  -  MemoryUsage of job (MB)
	671816  -  ResidentSetSize of job (KB)
...
006 (40411.000.000) 2021-07-27 04:20:57 Image size of job updated: 1481172
	657  -  MemoryUsage of job (MB)
	671816  -  ResidentSetSize of job (KB)
...
006 (40411.000.000) 2021-07-27 04:25:57 Image size of job updated: 1488944
	851  -  MemoryUsage of job (MB)
	871188  -  ResidentSetSize of job (KB)
...
006 (40411.000.000) 2021-07-27 04:35:58 Image size of job updated: 1498272
	851  -  MemoryUsage of job (MB)
	871188  -  ResidentSetSize of job (KB)
...
006 (40411.000.000) 2021-07-27 04:55:59 Image size of job updated: 1503816
	851  -  MemoryUsage of job (MB)
	871188  -  ResidentSetSize of job (KB)
...
006 (40411.000.000) 2021-07-27 05:31:03 Image size of job updated: 1515280
	851  -  MemoryUsage of job (MB)
	871188  -  ResidentSetSize of job (KB)
...
006 (40411.000.000) 2021-07-27 05:36:04 Image size of job updated: 1527420
	851  -  MemoryUsage of job (MB)
	871188  -  ResidentSetSize of job (KB)
...
040 (40411.000.000) 2021-07-27 06:11:03 Started transferring output files
...
040 (40411.000.000) 2021-07-27 06:11:11 Finished transferring output files
...
005 (40411.000.000) 2021-07-27 06:11:11 Job terminated.
	(1) Normal termination (return value 0)
		Usr 0 02:15:19, Sys 0 00:18:49  -  Run Remote Usage
		Usr 0 00:00:00, Sys 0 00:00:00  -  Run Local Usage
		Usr 0 02:15:19, Sys 0 00:18:49  -  Total Remote Usage
		Usr 0 00:00:00, Sys 0 00:00:00  -  Total Local Usage
	2666039296  -  Run Bytes Sent By Job
	319  -  Run Bytes Received By Job
	2666039296  -  Total Bytes Sent By Job
	319  -  Total Bytes Received By Job
	Partitionable Resources :      Usage  Request Allocated 
	   Cpus                 :       0.99        1         1 
	   Disk (KB)            : 2603570           1    825748 
	   Memory (MB)          :     851       10240     10240 

	Job terminated of its own accord at 2021-07-27T05:11:03Z.
...
