000 (40896.000.000) 2021-07-26 16:55:11 Job submitted from host: <194.36.1.200:9618?addrs=194.36.1.200-9618&alias=hex.ppe.gla.ac.uk&noUDP&sock=schedd_1401_8c46>
...
040 (40896.000.000) 2021-07-28 02:29:11 Started transferring input files
	Transferring to host: <192.168.16.112:9618?addrs=192.168.16.112-9618&alias=condor-d19-02.ppe.cluster&noUDP&sock=slot1_3_174254_74e7_1237>
...
040 (40896.000.000) 2021-07-28 02:29:11 Finished transferring input files
...
001 (40896.000.000) 2021-07-28 02:29:12 Job executing on host: <192.168.16.112:9618?addrs=192.168.16.112-9618&alias=condor-d19-02.ppe.cluster&noUDP&sock=startd_2914_5710>
...
006 (40896.000.000) 2021-07-28 02:29:21 Image size of job updated: 35380
	35  -  MemoryUsage of job (MB)
	35376  -  ResidentSetSize of job (KB)
...
006 (40896.000.000) 2021-07-28 02:34:22 Image size of job updated: 1411580
	646  -  MemoryUsage of job (MB)
	661232  -  ResidentSetSize of job (KB)
...
006 (40896.000.000) 2021-07-28 02:39:22 Image size of job updated: 1411580
	646  -  MemoryUsage of job (MB)
	661312  -  ResidentSetSize of job (KB)
...
006 (40896.000.000) 2021-07-28 02:49:23 Image size of job updated: 1411580
	771  -  MemoryUsage of job (MB)
	789412  -  ResidentSetSize of job (KB)
...
006 (40896.000.000) 2021-07-28 02:59:23 Image size of job updated: 1413948
	771  -  MemoryUsage of job (MB)
	789412  -  ResidentSetSize of job (KB)
...
006 (40896.000.000) 2021-07-28 03:09:24 Image size of job updated: 1414488
	771  -  MemoryUsage of job (MB)
	789412  -  ResidentSetSize of job (KB)
...
006 (40896.000.000) 2021-07-28 03:19:24 Image size of job updated: 1418792
	783  -  MemoryUsage of job (MB)
	800988  -  ResidentSetSize of job (KB)
...
006 (40896.000.000) 2021-07-28 03:59:29 Image size of job updated: 1425436
	783  -  MemoryUsage of job (MB)
	800988  -  ResidentSetSize of job (KB)
...
006 (40896.000.000) 2021-07-28 04:14:30 Image size of job updated: 1427052
	783  -  MemoryUsage of job (MB)
	800988  -  ResidentSetSize of job (KB)
...
006 (40896.000.000) 2021-07-28 04:29:31 Image size of job updated: 1433332
	783  -  MemoryUsage of job (MB)
	800988  -  ResidentSetSize of job (KB)
...
006 (40896.000.000) 2021-07-28 04:54:34 Image size of job updated: 1433332
	784  -  MemoryUsage of job (MB)
	802120  -  ResidentSetSize of job (KB)
...
006 (40896.000.000) 2021-07-28 05:04:34 Image size of job updated: 1433452
	784  -  MemoryUsage of job (MB)
	802676  -  ResidentSetSize of job (KB)
...
040 (40896.000.000) 2021-07-28 05:10:51 Started transferring output files
...
040 (40896.000.000) 2021-07-28 05:11:00 Finished transferring output files
...
005 (40896.000.000) 2021-07-28 05:11:00 Job terminated.
	(1) Normal termination (return value 0)
		Usr 0 02:19:57, Sys 0 00:20:24  -  Run Remote Usage
		Usr 0 00:00:00, Sys 0 00:00:00  -  Run Local Usage
		Usr 0 02:19:57, Sys 0 00:20:24  -  Total Remote Usage
		Usr 0 00:00:00, Sys 0 00:00:00  -  Total Local Usage
	2774319104  -  Run Bytes Sent By Job
	323  -  Run Bytes Received By Job
	2774319104  -  Total Bytes Sent By Job
	323  -  Total Bytes Received By Job
	Partitionable Resources :      Usage  Request Allocated 
	   Cpus                 :       0.99        1         1 
	   Disk (KB)            : 2709312           1    825748 
	   Memory (MB)          :     784       10240     10240 

	Job terminated of its own accord at 2021-07-28T04:10:51Z.
...
