000 (40880.000.000) 2021-07-26 16:55:10 Job submitted from host: <194.36.1.200:9618?addrs=194.36.1.200-9618&alias=hex.ppe.gla.ac.uk&noUDP&sock=schedd_1401_8c46>
...
040 (40880.000.000) 2021-07-28 01:43:11 Started transferring input files
	Transferring to host: <192.168.16.114:9618?addrs=192.168.16.114-9618&alias=condor-d19-04.ppe.cluster&noUDP&sock=slot1_9_3775_9433_1386>
...
040 (40880.000.000) 2021-07-28 01:43:11 Finished transferring input files
...
001 (40880.000.000) 2021-07-28 01:43:12 Job executing on host: <192.168.16.114:9618?addrs=192.168.16.114-9618&alias=condor-d19-04.ppe.cluster&noUDP&sock=startd_2633_98f3>
...
006 (40880.000.000) 2021-07-28 01:43:21 Image size of job updated: 47200
	47  -  MemoryUsage of job (MB)
	47196  -  ResidentSetSize of job (KB)
...
006 (40880.000.000) 2021-07-28 01:48:22 Image size of job updated: 1302076
	671  -  MemoryUsage of job (MB)
	686208  -  ResidentSetSize of job (KB)
...
006 (40880.000.000) 2021-07-28 01:53:22 Image size of job updated: 1500332
	686  -  MemoryUsage of job (MB)
	701460  -  ResidentSetSize of job (KB)
...
006 (40880.000.000) 2021-07-28 01:58:22 Image size of job updated: 1500332
	700  -  MemoryUsage of job (MB)
	716184  -  ResidentSetSize of job (KB)
...
006 (40880.000.000) 2021-07-28 02:23:26 Image size of job updated: 1523412
	700  -  MemoryUsage of job (MB)
	716184  -  ResidentSetSize of job (KB)
...
006 (40880.000.000) 2021-07-28 02:28:26 Image size of job updated: 1523412
	795  -  MemoryUsage of job (MB)
	813728  -  ResidentSetSize of job (KB)
...
006 (40880.000.000) 2021-07-28 02:33:26 Image size of job updated: 1523412
	867  -  MemoryUsage of job (MB)
	886940  -  ResidentSetSize of job (KB)
...
006 (40880.000.000) 2021-07-28 02:53:28 Image size of job updated: 1533948
	877  -  MemoryUsage of job (MB)
	897304  -  ResidentSetSize of job (KB)
...
006 (40880.000.000) 2021-07-28 03:13:31 Image size of job updated: 1535868
	877  -  MemoryUsage of job (MB)
	897304  -  ResidentSetSize of job (KB)
...
004 (40880.000.000) 2021-07-28 04:39:21 Job was evicted.
	(0) CPU times
		Usr 0 02:35:36, Sys 0 00:19:13  -  Run Remote Usage
		Usr 0 00:00:00, Sys 0 00:00:00  -  Run Local Usage
	0  -  Run Bytes Sent By Job
	323  -  Run Bytes Received By Job
	Partitionable Resources :      Usage  Request Allocated 
	   Cpus                 :       1.00        1         1 
	   Disk (KB)            : 2806925           1   3637421 
	   Memory (MB)          :     877       10240     10240 
...
040 (40880.000.000) 2021-07-28 04:42:12 Started transferring input files
	Transferring to host: <192.168.16.114:9618?addrs=192.168.16.114-9618&alias=condor-d19-04.ppe.cluster&noUDP&sock=slot1_3_27515_8e78_5>
...
040 (40880.000.000) 2021-07-28 04:42:12 Finished transferring input files
...
001 (40880.000.000) 2021-07-28 04:42:13 Job executing on host: <192.168.16.114:9618?addrs=192.168.16.114-9618&alias=condor-d19-04.ppe.cluster&noUDP&sock=startd_2633_98f3>
...
040 (40880.000.000) 2021-07-28 08:38:28 Started transferring output files
...
040 (40880.000.000) 2021-07-28 08:38:41 Finished transferring output files
...
005 (40880.000.000) 2021-07-28 08:38:41 Job terminated.
	(1) Normal termination (return value 0)
		Usr 0 03:28:28, Sys 0 00:26:10  -  Run Remote Usage
		Usr 0 00:00:00, Sys 0 00:00:00  -  Run Local Usage
		Usr 0 06:04:04, Sys 0 00:45:23  -  Total Remote Usage
		Usr 0 00:00:00, Sys 0 00:00:00  -  Total Local Usage
	3806075904  -  Run Bytes Sent By Job
	323  -  Run Bytes Received By Job
	3806075904  -  Total Bytes Sent By Job
	646  -  Total Bytes Received By Job
	Partitionable Resources :      Usage  Request Allocated 
	   Cpus                 :       0.99        1         1 
	   Disk (KB)            : 3716888     3000000   7274841 
	   Memory (MB)          :     977       10240     10240 

	Job terminated of its own accord at 2021-07-28T07:38:28Z.
...
