000 (40368.000.000) 2021-07-26 16:54:38 Job submitted from host: <194.36.1.200:9618?addrs=194.36.1.200-9618&alias=hex.ppe.gla.ac.uk&noUDP&sock=schedd_1401_8c46>
...
040 (40368.000.000) 2021-07-27 01:14:39 Started transferring input files
	Transferring to host: <192.168.16.101:9618?addrs=192.168.16.101-9618&alias=condor-h16-01.ppe.cluster&noUDP&sock=slot1_4_21991_6617_530>
...
040 (40368.000.000) 2021-07-27 01:14:39 Finished transferring input files
...
001 (40368.000.000) 2021-07-27 01:14:40 Job executing on host: <192.168.16.101:9618?addrs=192.168.16.101-9618&alias=condor-h16-01.ppe.cluster&noUDP&sock=startd_2155_baae>
...
006 (40368.000.000) 2021-07-27 01:14:48 Image size of job updated: 1180
	2  -  MemoryUsage of job (MB)
	1180  -  ResidentSetSize of job (KB)
...
006 (40368.000.000) 2021-07-27 01:19:48 Image size of job updated: 1413292
	577  -  MemoryUsage of job (MB)
	589896  -  ResidentSetSize of job (KB)
...
006 (40368.000.000) 2021-07-27 01:24:48 Image size of job updated: 1415148
	655  -  MemoryUsage of job (MB)
	670504  -  ResidentSetSize of job (KB)
...
006 (40368.000.000) 2021-07-27 01:29:49 Image size of job updated: 1415148
	676  -  MemoryUsage of job (MB)
	692144  -  ResidentSetSize of job (KB)
...
006 (40368.000.000) 2021-07-27 01:39:50 Image size of job updated: 1428440
	676  -  MemoryUsage of job (MB)
	692144  -  ResidentSetSize of job (KB)
...
006 (40368.000.000) 2021-07-27 01:44:50 Image size of job updated: 1428440
	685  -  MemoryUsage of job (MB)
	700892  -  ResidentSetSize of job (KB)
...
006 (40368.000.000) 2021-07-27 01:49:51 Image size of job updated: 1428440
	790  -  MemoryUsage of job (MB)
	808016  -  ResidentSetSize of job (KB)
...
006 (40368.000.000) 2021-07-27 01:59:51 Image size of job updated: 1430068
	790  -  MemoryUsage of job (MB)
	808016  -  ResidentSetSize of job (KB)
...
006 (40368.000.000) 2021-07-27 02:34:55 Image size of job updated: 1430068
	791  -  MemoryUsage of job (MB)
	808972  -  ResidentSetSize of job (KB)
...
006 (40368.000.000) 2021-07-27 02:54:58 Image size of job updated: 1448788
	791  -  MemoryUsage of job (MB)
	808972  -  ResidentSetSize of job (KB)
...
006 (40368.000.000) 2021-07-27 02:59:59 Image size of job updated: 1449080
	791  -  MemoryUsage of job (MB)
	808972  -  ResidentSetSize of job (KB)
...
006 (40368.000.000) 2021-07-27 03:09:59 Image size of job updated: 1450212
	791  -  MemoryUsage of job (MB)
	808972  -  ResidentSetSize of job (KB)
...
006 (40368.000.000) 2021-07-27 03:15:00 Image size of job updated: 1450460
	791  -  MemoryUsage of job (MB)
	808972  -  ResidentSetSize of job (KB)
...
006 (40368.000.000) 2021-07-27 03:25:00 Image size of job updated: 1459800
	791  -  MemoryUsage of job (MB)
	808972  -  ResidentSetSize of job (KB)
...
006 (40368.000.000) 2021-07-27 04:25:07 Image size of job updated: 1464740
	791  -  MemoryUsage of job (MB)
	808972  -  ResidentSetSize of job (KB)
...
006 (40368.000.000) 2021-07-27 05:10:12 Image size of job updated: 1464740
	796  -  MemoryUsage of job (MB)
	814860  -  ResidentSetSize of job (KB)
...
006 (40368.000.000) 2021-07-27 05:30:14 Image size of job updated: 1465324
	796  -  MemoryUsage of job (MB)
	814860  -  ResidentSetSize of job (KB)
...
040 (40368.000.000) 2021-07-27 06:07:23 Started transferring output files
...
040 (40368.000.000) 2021-07-27 06:07:35 Finished transferring output files
...
005 (40368.000.000) 2021-07-27 06:07:35 Job terminated.
	(1) Normal termination (return value 0)
		Usr 0 04:06:35, Sys 0 00:44:19  -  Run Remote Usage
		Usr 0 00:00:00, Sys 0 00:00:00  -  Run Local Usage
		Usr 0 04:06:35, Sys 0 00:44:19  -  Total Remote Usage
		Usr 0 00:00:00, Sys 0 00:00:00  -  Total Local Usage
	3696312320  -  Run Bytes Sent By Job
	319  -  Run Bytes Received By Job
	3696312320  -  Total Bytes Sent By Job
	319  -  Total Bytes Received By Job
	Partitionable Resources :      Usage  Request Allocated 
	   Cpus                 :       1.00        1         1 
	   Disk (KB)            : 3609696           1    864796 
	   Memory (MB)          :     796       10240     10240 

	Job terminated of its own accord at 2021-07-27T05:07:23Z.
...
