000 (40804.000.000) 2021-07-26 16:55:05 Job submitted from host: <194.36.1.200:9618?addrs=194.36.1.200-9618&alias=hex.ppe.gla.ac.uk&noUDP&sock=schedd_1401_8c46>
...
040 (40804.000.000) 2021-07-27 21:56:10 Started transferring input files
	Transferring to host: <192.168.16.112:9618?addrs=192.168.16.112-9618&alias=condor-d19-02.ppe.cluster&noUDP&sock=slot1_1_174254_74e7_1225>
...
040 (40804.000.000) 2021-07-27 21:56:10 Finished transferring input files
...
001 (40804.000.000) 2021-07-27 21:56:11 Job executing on host: <192.168.16.112:9618?addrs=192.168.16.112-9618&alias=condor-d19-02.ppe.cluster&noUDP&sock=startd_2914_5710>
...
006 (40804.000.000) 2021-07-27 21:56:20 Image size of job updated: 215464
	211  -  MemoryUsage of job (MB)
	215460  -  ResidentSetSize of job (KB)
...
006 (40804.000.000) 2021-07-27 22:01:21 Image size of job updated: 1486108
	675  -  MemoryUsage of job (MB)
	690496  -  ResidentSetSize of job (KB)
...
006 (40804.000.000) 2021-07-27 22:11:22 Image size of job updated: 1509140
	681  -  MemoryUsage of job (MB)
	696452  -  ResidentSetSize of job (KB)
...
006 (40804.000.000) 2021-07-27 22:16:23 Image size of job updated: 1510612
	681  -  MemoryUsage of job (MB)
	696452  -  ResidentSetSize of job (KB)
...
006 (40804.000.000) 2021-07-27 22:21:23 Image size of job updated: 1510612
	681  -  MemoryUsage of job (MB)
	696628  -  ResidentSetSize of job (KB)
...
006 (40804.000.000) 2021-07-27 22:31:24 Image size of job updated: 1510612
	779  -  MemoryUsage of job (MB)
	797428  -  ResidentSetSize of job (KB)
...
006 (40804.000.000) 2021-07-27 22:36:25 Image size of job updated: 1521732
	779  -  MemoryUsage of job (MB)
	797428  -  ResidentSetSize of job (KB)
...
006 (40804.000.000) 2021-07-27 22:41:25 Image size of job updated: 1521732
	861  -  MemoryUsage of job (MB)
	881008  -  ResidentSetSize of job (KB)
...
006 (40804.000.000) 2021-07-27 23:06:28 Image size of job updated: 1537608
	861  -  MemoryUsage of job (MB)
	881008  -  ResidentSetSize of job (KB)
...
006 (40804.000.000) 2021-07-27 23:11:28 Image size of job updated: 1542428
	861  -  MemoryUsage of job (MB)
	881008  -  ResidentSetSize of job (KB)
...
006 (40804.000.000) 2021-07-27 23:21:29 Image size of job updated: 1549556
	861  -  MemoryUsage of job (MB)
	881008  -  ResidentSetSize of job (KB)
...
006 (40804.000.000) 2021-07-27 23:36:31 Image size of job updated: 1549556
	866  -  MemoryUsage of job (MB)
	885992  -  ResidentSetSize of job (KB)
...
006 (40804.000.000) 2021-07-27 23:41:32 Image size of job updated: 1549556
	870  -  MemoryUsage of job (MB)
	890676  -  ResidentSetSize of job (KB)
...
006 (40804.000.000) 2021-07-27 23:46:32 Image size of job updated: 1549556
	880  -  MemoryUsage of job (MB)
	901012  -  ResidentSetSize of job (KB)
...
006 (40804.000.000) 2021-07-28 00:26:36 Image size of job updated: 1550984
	880  -  MemoryUsage of job (MB)
	901012  -  ResidentSetSize of job (KB)
...
006 (40804.000.000) 2021-07-28 00:46:38 Image size of job updated: 1551460
	880  -  MemoryUsage of job (MB)
	901012  -  ResidentSetSize of job (KB)
...
006 (40804.000.000) 2021-07-28 01:11:40 Image size of job updated: 1553640
	880  -  MemoryUsage of job (MB)
	901012  -  ResidentSetSize of job (KB)
...
040 (40804.000.000) 2021-07-28 01:21:47 Started transferring output files
...
040 (40804.000.000) 2021-07-28 01:21:59 Finished transferring output files
...
005 (40804.000.000) 2021-07-28 01:21:59 Job terminated.
	(1) Normal termination (return value 0)
		Usr 0 02:58:19, Sys 0 00:25:46  -  Run Remote Usage
		Usr 0 00:00:00, Sys 0 00:00:00  -  Run Local Usage
		Usr 0 02:58:19, Sys 0 00:25:46  -  Total Remote Usage
		Usr 0 00:00:00, Sys 0 00:00:00  -  Total Local Usage
	3605853952  -  Run Bytes Sent By Job
	319  -  Run Bytes Received By Job
	3605853952  -  Total Bytes Sent By Job
	319  -  Total Bytes Received By Job
	Partitionable Resources :      Usage  Request Allocated 
	   Cpus                 :       0.99        1         1 
	   Disk (KB)            : 3521357           1    825748 
	   Memory (MB)          :     880       10240     10240 

	Job terminated of its own accord at 2021-07-28T00:21:47Z.
...
