000 (40358.000.000) 2021-07-26 16:54:38 Job submitted from host: <194.36.1.200:9618?addrs=194.36.1.200-9618&alias=hex.ppe.gla.ac.uk&noUDP&sock=schedd_1401_8c46>
...
040 (40358.000.000) 2021-07-27 00:54:39 Started transferring input files
	Transferring to host: <192.168.16.114:9618?addrs=192.168.16.114-9618&alias=condor-d19-04.ppe.cluster&noUDP&sock=slot1_8_3775_9433_771>
...
040 (40358.000.000) 2021-07-27 00:54:39 Finished transferring input files
...
001 (40358.000.000) 2021-07-27 00:54:40 Job executing on host: <192.168.16.114:9618?addrs=192.168.16.114-9618&alias=condor-d19-04.ppe.cluster&noUDP&sock=startd_2633_98f3>
...
006 (40358.000.000) 2021-07-27 00:54:48 Image size of job updated: 66156
	65  -  MemoryUsage of job (MB)
	66152  -  ResidentSetSize of job (KB)
...
006 (40358.000.000) 2021-07-27 00:59:48 Image size of job updated: 1304152
	810  -  MemoryUsage of job (MB)
	828792  -  ResidentSetSize of job (KB)
...
006 (40358.000.000) 2021-07-27 01:04:48 Image size of job updated: 1462716
	810  -  MemoryUsage of job (MB)
	828792  -  ResidentSetSize of job (KB)
...
006 (40358.000.000) 2021-07-27 01:09:49 Image size of job updated: 1469844
	821  -  MemoryUsage of job (MB)
	839976  -  ResidentSetSize of job (KB)
...
006 (40358.000.000) 2021-07-27 01:14:49 Image size of job updated: 1470012
	821  -  MemoryUsage of job (MB)
	839976  -  ResidentSetSize of job (KB)
...
006 (40358.000.000) 2021-07-27 01:24:51 Image size of job updated: 1470012
	828  -  MemoryUsage of job (MB)
	847864  -  ResidentSetSize of job (KB)
...
006 (40358.000.000) 2021-07-27 01:39:52 Image size of job updated: 1477928
	828  -  MemoryUsage of job (MB)
	847864  -  ResidentSetSize of job (KB)
...
006 (40358.000.000) 2021-07-27 01:49:53 Image size of job updated: 1478992
	828  -  MemoryUsage of job (MB)
	847864  -  ResidentSetSize of job (KB)
...
006 (40358.000.000) 2021-07-27 01:59:54 Image size of job updated: 1478992
	837  -  MemoryUsage of job (MB)
	856184  -  ResidentSetSize of job (KB)
...
006 (40358.000.000) 2021-07-27 02:14:55 Image size of job updated: 1512392
	837  -  MemoryUsage of job (MB)
	856184  -  ResidentSetSize of job (KB)
...
006 (40358.000.000) 2021-07-27 02:19:56 Image size of job updated: 1512768
	837  -  MemoryUsage of job (MB)
	856184  -  ResidentSetSize of job (KB)
...
006 (40358.000.000) 2021-07-27 02:24:56 Image size of job updated: 1517128
	837  -  MemoryUsage of job (MB)
	856184  -  ResidentSetSize of job (KB)
...
006 (40358.000.000) 2021-07-27 02:34:58 Image size of job updated: 1517128
	841  -  MemoryUsage of job (MB)
	860360  -  ResidentSetSize of job (KB)
...
006 (40358.000.000) 2021-07-27 02:39:58 Image size of job updated: 1517128
	844  -  MemoryUsage of job (MB)
	863628  -  ResidentSetSize of job (KB)
...
006 (40358.000.000) 2021-07-27 03:10:01 Image size of job updated: 1519332
	844  -  MemoryUsage of job (MB)
	863628  -  ResidentSetSize of job (KB)
...
006 (40358.000.000) 2021-07-27 03:25:03 Image size of job updated: 1519332
	847  -  MemoryUsage of job (MB)
	866380  -  ResidentSetSize of job (KB)
...
006 (40358.000.000) 2021-07-27 03:40:04 Image size of job updated: 1521236
	847  -  MemoryUsage of job (MB)
	866380  -  ResidentSetSize of job (KB)
...
040 (40358.000.000) 2021-07-27 04:47:36 Started transferring output files
...
040 (40358.000.000) 2021-07-27 04:47:48 Finished transferring output files
...
005 (40358.000.000) 2021-07-27 04:47:48 Job terminated.
	(1) Normal termination (return value 0)
		Usr 0 03:25:47, Sys 0 00:25:20  -  Run Remote Usage
		Usr 0 00:00:00, Sys 0 00:00:00  -  Run Local Usage
		Usr 0 03:25:47, Sys 0 00:25:20  -  Total Remote Usage
		Usr 0 00:00:00, Sys 0 00:00:00  -  Total Local Usage
	3700637696  -  Run Bytes Sent By Job
	319  -  Run Bytes Received By Job
	3700637696  -  Total Bytes Sent By Job
	319  -  Total Bytes Received By Job
	Partitionable Resources :      Usage  Request Allocated 
	   Cpus                 :       0.99        1         1 
	   Disk (KB)            : 3613920           1   3637421 
	   Memory (MB)          :     847       10240     10240 

	Job terminated of its own accord at 2021-07-27T03:47:36Z.
...
