000 (40482.000.000) 2021-07-26 16:54:43 Job submitted from host: <194.36.1.200:9618?addrs=194.36.1.200-9618&alias=hex.ppe.gla.ac.uk&noUDP&sock=schedd_1401_8c46>
...
040 (40482.000.000) 2021-07-27 07:14:43 Started transferring input files
	Transferring to host: <192.168.16.113:9618?addrs=192.168.16.113-9618&alias=condor-d19-03.ppe.cluster&noUDP&sock=slot1_8_26289_ba86_908>
...
040 (40482.000.000) 2021-07-27 07:14:43 Finished transferring input files
...
001 (40482.000.000) 2021-07-27 07:14:44 Job executing on host: <192.168.16.113:9618?addrs=192.168.16.113-9618&alias=condor-d19-03.ppe.cluster&noUDP&sock=startd_2634_488c>
...
006 (40482.000.000) 2021-07-27 07:14:52 Image size of job updated: 381232
	373  -  MemoryUsage of job (MB)
	381228  -  ResidentSetSize of job (KB)
...
006 (40482.000.000) 2021-07-27 07:19:52 Image size of job updated: 1304284
	673  -  MemoryUsage of job (MB)
	688476  -  ResidentSetSize of job (KB)
...
006 (40482.000.000) 2021-07-27 07:24:53 Image size of job updated: 1509912
	680  -  MemoryUsage of job (MB)
	695716  -  ResidentSetSize of job (KB)
...
006 (40482.000.000) 2021-07-27 07:34:53 Image size of job updated: 1524204
	680  -  MemoryUsage of job (MB)
	695716  -  ResidentSetSize of job (KB)
...
006 (40482.000.000) 2021-07-27 07:39:54 Image size of job updated: 1524204
	883  -  MemoryUsage of job (MB)
	903540  -  ResidentSetSize of job (KB)
...
006 (40482.000.000) 2021-07-27 07:59:57 Image size of job updated: 1544716
	883  -  MemoryUsage of job (MB)
	903540  -  ResidentSetSize of job (KB)
...
006 (40482.000.000) 2021-07-27 08:04:57 Image size of job updated: 1555360
	883  -  MemoryUsage of job (MB)
	903540  -  ResidentSetSize of job (KB)
...
006 (40482.000.000) 2021-07-27 08:45:01 Image size of job updated: 1558588
	883  -  MemoryUsage of job (MB)
	903540  -  ResidentSetSize of job (KB)
...
006 (40482.000.000) 2021-07-27 10:05:08 Image size of job updated: 1560664
	886  -  MemoryUsage of job (MB)
	906708  -  ResidentSetSize of job (KB)
...
040 (40482.000.000) 2021-07-27 11:13:11 Started transferring output files
...
040 (40482.000.000) 2021-07-27 11:13:22 Finished transferring output files
...
005 (40482.000.000) 2021-07-27 11:13:22 Job terminated.
	(1) Normal termination (return value 0)
		Usr 0 03:31:17, Sys 0 00:25:30  -  Run Remote Usage
		Usr 0 00:00:00, Sys 0 00:00:00  -  Run Local Usage
		Usr 0 03:31:17, Sys 0 00:25:30  -  Total Remote Usage
		Usr 0 00:00:00, Sys 0 00:00:00  -  Total Local Usage
	3773935104  -  Run Bytes Sent By Job
	319  -  Run Bytes Received By Job
	3773935104  -  Total Bytes Sent By Job
	319  -  Total Bytes Received By Job
	Partitionable Resources :      Usage  Request Allocated 
	   Cpus                 :       0.99        1         1 
	   Disk (KB)            : 3685499           1   3637421 
	   Memory (MB)          :     886       10240     10240 

	Job terminated of its own accord at 2021-07-27T10:13:11Z.
...
