000 (40600.000.000) 2021-07-26 16:54:50 Job submitted from host: <194.36.1.200:9618?addrs=194.36.1.200-9618&alias=hex.ppe.gla.ac.uk&noUDP&sock=schedd_1401_8c46>
...
040 (40600.000.000) 2021-07-27 12:33:44 Started transferring input files
	Transferring to host: <192.168.16.121:9618?addrs=192.168.16.121-9618&alias=condor-d20-01.ppe.cluster&noUDP&sock=slot1_3_40472_ef67_1024>
...
040 (40600.000.000) 2021-07-27 12:33:44 Finished transferring input files
...
001 (40600.000.000) 2021-07-27 12:33:45 Job executing on host: <192.168.16.121:9618?addrs=192.168.16.121-9618&alias=condor-d20-01.ppe.cluster&noUDP&sock=startd_40545_137a>
...
006 (40600.000.000) 2021-07-27 12:33:54 Image size of job updated: 155124
	152  -  MemoryUsage of job (MB)
	155120  -  ResidentSetSize of job (KB)
...
006 (40600.000.000) 2021-07-27 12:38:55 Image size of job updated: 1415776
	611  -  MemoryUsage of job (MB)
	625432  -  ResidentSetSize of job (KB)
...
006 (40600.000.000) 2021-07-27 12:43:56 Image size of job updated: 1418672
	677  -  MemoryUsage of job (MB)
	692500  -  ResidentSetSize of job (KB)
...
006 (40600.000.000) 2021-07-27 13:29:01 Image size of job updated: 1526852
	856  -  MemoryUsage of job (MB)
	876136  -  ResidentSetSize of job (KB)
...
006 (40600.000.000) 2021-07-27 13:59:03 Image size of job updated: 1535732
	866  -  MemoryUsage of job (MB)
	886172  -  ResidentSetSize of job (KB)
...
006 (40600.000.000) 2021-07-27 14:09:04 Image size of job updated: 1539396
	866  -  MemoryUsage of job (MB)
	886172  -  ResidentSetSize of job (KB)
...
006 (40600.000.000) 2021-07-27 14:14:04 Image size of job updated: 1539396
	873  -  MemoryUsage of job (MB)
	893436  -  ResidentSetSize of job (KB)
...
006 (40600.000.000) 2021-07-27 14:19:05 Image size of job updated: 1541908
	873  -  MemoryUsage of job (MB)
	893436  -  ResidentSetSize of job (KB)
...
006 (40600.000.000) 2021-07-27 14:34:07 Image size of job updated: 1543700
	873  -  MemoryUsage of job (MB)
	893436  -  ResidentSetSize of job (KB)
...
006 (40600.000.000) 2021-07-27 14:39:08 Image size of job updated: 1553828
	873  -  MemoryUsage of job (MB)
	893436  -  ResidentSetSize of job (KB)
...
006 (40600.000.000) 2021-07-27 15:14:10 Image size of job updated: 1553828
	877  -  MemoryUsage of job (MB)
	897364  -  ResidentSetSize of job (KB)
...
006 (40600.000.000) 2021-07-27 16:14:17 Image size of job updated: 1553828
	877  -  MemoryUsage of job (MB)
	897400  -  ResidentSetSize of job (KB)
...
040 (40600.000.000) 2021-07-27 16:28:32 Started transferring output files
...
040 (40600.000.000) 2021-07-27 16:28:46 Finished transferring output files
...
005 (40600.000.000) 2021-07-27 16:28:46 Job terminated.
	(1) Normal termination (return value 0)
		Usr 0 03:27:14, Sys 0 00:25:42  -  Run Remote Usage
		Usr 0 00:00:00, Sys 0 00:00:00  -  Run Local Usage
		Usr 0 03:27:14, Sys 0 00:25:42  -  Total Remote Usage
		Usr 0 00:00:00, Sys 0 00:00:00  -  Total Local Usage
	3696379904  -  Run Bytes Sent By Job
	319  -  Run Bytes Received By Job
	3696379904  -  Total Bytes Sent By Job
	319  -  Total Bytes Received By Job
	Partitionable Resources :      Usage  Request Allocated 
	   Cpus                 :       1.00        1         1 
	   Disk (KB)            : 3609761           1   3637421 
	   Memory (MB)          :     877       10240     10240 

	Job terminated of its own accord at 2021-07-27T15:28:32Z.
...
