000 (40687.000.000) 2021-07-26 16:54:55 Job submitted from host: <194.36.1.200:9618?addrs=194.36.1.200-9618&alias=hex.ppe.gla.ac.uk&noUDP&sock=schedd_1401_8c46>
...
040 (40687.000.000) 2021-07-27 16:33:09 Started transferring input files
	Transferring to host: <192.168.16.104:9618?addrs=192.168.16.104-9618&alias=condor-h16-04.ppe.cluster&noUDP&sock=slot1_1_11689_b534_628>
...
040 (40687.000.000) 2021-07-27 16:33:09 Finished transferring input files
...
001 (40687.000.000) 2021-07-27 16:33:10 Job executing on host: <192.168.16.104:9618?addrs=192.168.16.104-9618&alias=condor-h16-04.ppe.cluster&noUDP&sock=startd_20625_9ceb>
...
006 (40687.000.000) 2021-07-27 16:33:18 Image size of job updated: 3388
	4  -  MemoryUsage of job (MB)
	3388  -  ResidentSetSize of job (KB)
...
006 (40687.000.000) 2021-07-27 16:38:18 Image size of job updated: 1270512
	641  -  MemoryUsage of job (MB)
	655692  -  ResidentSetSize of job (KB)
...
006 (40687.000.000) 2021-07-27 16:48:19 Image size of job updated: 1289796
	641  -  MemoryUsage of job (MB)
	655692  -  ResidentSetSize of job (KB)
...
006 (40687.000.000) 2021-07-27 17:08:21 Image size of job updated: 1299196
	776  -  MemoryUsage of job (MB)
	794172  -  ResidentSetSize of job (KB)
...
006 (40687.000.000) 2021-07-27 17:13:22 Image size of job updated: 1414504
	776  -  MemoryUsage of job (MB)
	794172  -  ResidentSetSize of job (KB)
...
006 (40687.000.000) 2021-07-27 17:18:23 Image size of job updated: 1424004
	776  -  MemoryUsage of job (MB)
	794172  -  ResidentSetSize of job (KB)
...
006 (40687.000.000) 2021-07-27 18:08:28 Image size of job updated: 1453688
	776  -  MemoryUsage of job (MB)
	794172  -  ResidentSetSize of job (KB)
...
006 (40687.000.000) 2021-07-27 18:13:28 Image size of job updated: 1480932
	776  -  MemoryUsage of job (MB)
	794172  -  ResidentSetSize of job (KB)
...
006 (40687.000.000) 2021-07-27 18:18:28 Image size of job updated: 1491696
	776  -  MemoryUsage of job (MB)
	794172  -  ResidentSetSize of job (KB)
...
006 (40687.000.000) 2021-07-27 18:33:29 Image size of job updated: 1499608
	829  -  MemoryUsage of job (MB)
	848856  -  ResidentSetSize of job (KB)
...
006 (40687.000.000) 2021-07-27 18:43:31 Image size of job updated: 1520236
	829  -  MemoryUsage of job (MB)
	848856  -  ResidentSetSize of job (KB)
...
006 (40687.000.000) 2021-07-27 18:58:33 Image size of job updated: 1526648
	829  -  MemoryUsage of job (MB)
	848856  -  ResidentSetSize of job (KB)
...
006 (40687.000.000) 2021-07-27 19:38:37 Image size of job updated: 1532808
	829  -  MemoryUsage of job (MB)
	848856  -  ResidentSetSize of job (KB)
...
006 (40687.000.000) 2021-07-27 20:38:44 Image size of job updated: 1542564
	829  -  MemoryUsage of job (MB)
	848856  -  ResidentSetSize of job (KB)
...
040 (40687.000.000) 2021-07-27 21:17:24 Started transferring output files
...
040 (40687.000.000) 2021-07-27 21:17:35 Finished transferring output files
...
005 (40687.000.000) 2021-07-27 21:17:35 Job terminated.
	(1) Normal termination (return value 0)
		Usr 0 04:00:51, Sys 0 00:41:16  -  Run Remote Usage
		Usr 0 00:00:00, Sys 0 00:00:00  -  Run Local Usage
		Usr 0 04:00:51, Sys 0 00:41:16  -  Total Remote Usage
		Usr 0 00:00:00, Sys 0 00:00:00  -  Total Local Usage
	3595138560  -  Run Bytes Sent By Job
	319  -  Run Bytes Received By Job
	3595138560  -  Total Bytes Sent By Job
	319  -  Total Bytes Received By Job
	Partitionable Resources :      Usage  Request Allocated 
	   Cpus                 :       1.00        1         1 
	   Disk (KB)            : 3510893           1    861476 
	   Memory (MB)          :     829       10240     10240 

	Job terminated of its own accord at 2021-07-27T20:17:24Z.
...
