000 (40171.000.000) 2021-07-26 16:54:29 Job submitted from host: <194.36.1.200:9618?addrs=194.36.1.200-9618&alias=hex.ppe.gla.ac.uk&noUDP&sock=schedd_1401_8c46>
...
040 (40171.000.000) 2021-07-26 16:54:47 Started transferring input files
	Transferring to host: <192.168.16.113:9618?addrs=192.168.16.113-9618&alias=condor-d19-03.ppe.cluster&noUDP&sock=slot1_6_26289_ba86_859>
...
040 (40171.000.000) 2021-07-26 16:54:47 Finished transferring input files
...
001 (40171.000.000) 2021-07-26 16:54:48 Job executing on host: <192.168.16.113:9618?addrs=192.168.16.113-9618&alias=condor-d19-03.ppe.cluster&noUDP&sock=startd_2634_488c>
...
006 (40171.000.000) 2021-07-26 16:54:57 Image size of job updated: 22536
	13  -  MemoryUsage of job (MB)
	12956  -  ResidentSetSize of job (KB)
...
006 (40171.000.000) 2021-07-26 16:59:58 Image size of job updated: 1460376
	826  -  MemoryUsage of job (MB)
	845660  -  ResidentSetSize of job (KB)
...
006 (40171.000.000) 2021-07-26 17:04:58 Image size of job updated: 1507476
	826  -  MemoryUsage of job (MB)
	845660  -  ResidentSetSize of job (KB)
...
006 (40171.000.000) 2021-07-26 17:20:00 Image size of job updated: 1512436
	826  -  MemoryUsage of job (MB)
	845660  -  ResidentSetSize of job (KB)
...
006 (40171.000.000) 2021-07-26 17:55:03 Image size of job updated: 1512436
	868  -  MemoryUsage of job (MB)
	888300  -  ResidentSetSize of job (KB)
...
006 (40171.000.000) 2021-07-26 19:45:15 Image size of job updated: 1512436
	870  -  MemoryUsage of job (MB)
	890468  -  ResidentSetSize of job (KB)
...
040 (40171.000.000) 2021-07-26 20:54:03 Started transferring output files
...
040 (40171.000.000) 2021-07-26 20:54:15 Finished transferring output files
...
005 (40171.000.000) 2021-07-26 20:54:15 Job terminated.
	(1) Normal termination (return value 0)
		Usr 0 03:30:40, Sys 0 00:26:02  -  Run Remote Usage
		Usr 0 00:00:00, Sys 0 00:00:00  -  Run Local Usage
		Usr 0 03:30:40, Sys 0 00:26:02  -  Total Remote Usage
		Usr 0 00:00:00, Sys 0 00:00:00  -  Total Local Usage
	3863603968  -  Run Bytes Sent By Job
	323  -  Run Bytes Received By Job
	3863603968  -  Total Bytes Sent By Job
	323  -  Total Bytes Received By Job
	Partitionable Resources :      Usage  Request Allocated 
	   Cpus                 :       1.00        1         1 
	   Disk (KB)            : 3773066           1   3637421 
	   Memory (MB)          :     870       10240     10240 

	Job terminated of its own accord at 2021-07-26T19:54:03Z.
...
