000 (40369.000.000) 2021-07-26 16:54:38 Job submitted from host: <194.36.1.200:9618?addrs=194.36.1.200-9618&alias=hex.ppe.gla.ac.uk&noUDP&sock=schedd_1401_8c46>
...
040 (40369.000.000) 2021-07-27 01:15:39 Started transferring input files
	Transferring to host: <192.168.16.101:9618?addrs=192.168.16.101-9618&alias=condor-h16-01.ppe.cluster&noUDP&sock=slot1_5_21991_6617_531>
...
040 (40369.000.000) 2021-07-27 01:15:39 Finished transferring input files
...
001 (40369.000.000) 2021-07-27 01:15:40 Job executing on host: <192.168.16.101:9618?addrs=192.168.16.101-9618&alias=condor-h16-01.ppe.cluster&noUDP&sock=startd_2155_baae>
...
006 (40369.000.000) 2021-07-27 01:15:48 Image size of job updated: 21396
	21  -  MemoryUsage of job (MB)
	21396  -  ResidentSetSize of job (KB)
...
006 (40369.000.000) 2021-07-27 01:20:48 Image size of job updated: 1408416
	669  -  MemoryUsage of job (MB)
	684512  -  ResidentSetSize of job (KB)
...
006 (40369.000.000) 2021-07-27 01:30:49 Image size of job updated: 1431424
	681  -  MemoryUsage of job (MB)
	696748  -  ResidentSetSize of job (KB)
...
006 (40369.000.000) 2021-07-27 01:50:52 Image size of job updated: 1431424
	784  -  MemoryUsage of job (MB)
	801836  -  ResidentSetSize of job (KB)
...
006 (40369.000.000) 2021-07-27 02:40:57 Image size of job updated: 1431424
	789  -  MemoryUsage of job (MB)
	806984  -  ResidentSetSize of job (KB)
...
006 (40369.000.000) 2021-07-27 02:50:58 Image size of job updated: 1451672
	791  -  MemoryUsage of job (MB)
	809192  -  ResidentSetSize of job (KB)
...
006 (40369.000.000) 2021-07-27 03:00:59 Image size of job updated: 1457880
	791  -  MemoryUsage of job (MB)
	809192  -  ResidentSetSize of job (KB)
...
006 (40369.000.000) 2021-07-27 03:16:00 Image size of job updated: 1457880
	794  -  MemoryUsage of job (MB)
	812856  -  ResidentSetSize of job (KB)
...
006 (40369.000.000) 2021-07-27 03:46:03 Image size of job updated: 1463296
	794  -  MemoryUsage of job (MB)
	812856  -  ResidentSetSize of job (KB)
...
006 (40369.000.000) 2021-07-27 05:01:10 Image size of job updated: 1465908
	794  -  MemoryUsage of job (MB)
	812856  -  ResidentSetSize of job (KB)
...
006 (40369.000.000) 2021-07-27 06:06:16 Image size of job updated: 1465908
	797  -  MemoryUsage of job (MB)
	815320  -  ResidentSetSize of job (KB)
...
040 (40369.000.000) 2021-07-27 06:11:18 Started transferring output files
...
040 (40369.000.000) 2021-07-27 06:11:30 Finished transferring output files
...
005 (40369.000.000) 2021-07-27 06:11:30 Job terminated.
	(1) Normal termination (return value 0)
		Usr 0 04:08:25, Sys 0 00:45:30  -  Run Remote Usage
		Usr 0 00:00:00, Sys 0 00:00:00  -  Run Local Usage
		Usr 0 04:08:25, Sys 0 00:45:30  -  Total Remote Usage
		Usr 0 00:00:00, Sys 0 00:00:00  -  Total Local Usage
	3718200064  -  Run Bytes Sent By Job
	319  -  Run Bytes Received By Job
	3718200064  -  Total Bytes Sent By Job
	319  -  Total Bytes Received By Job
	Partitionable Resources :      Usage  Request Allocated 
	   Cpus                 :       1.00        1         1 
	   Disk (KB)            : 3631070           1    864796 
	   Memory (MB)          :     797       10240     10240 

	Job terminated of its own accord at 2021-07-27T05:11:18Z.
...
