000 (40699.000.000) 2021-07-26 16:54:57 Job submitted from host: <194.36.1.200:9618?addrs=194.36.1.200-9618&alias=hex.ppe.gla.ac.uk&noUDP&sock=schedd_1401_8c46>
...
040 (40699.000.000) 2021-07-27 16:53:10 Started transferring input files
	Transferring to host: <192.168.16.121:9618?addrs=192.168.16.121-9618&alias=condor-d20-01.ppe.cluster&noUDP&sock=slot1_4_40472_ef67_1202>
...
040 (40699.000.000) 2021-07-27 16:53:10 Finished transferring input files
...
001 (40699.000.000) 2021-07-27 16:53:11 Job executing on host: <192.168.16.121:9618?addrs=192.168.16.121-9618&alias=condor-d20-01.ppe.cluster&noUDP&sock=startd_40545_137a>
...
006 (40699.000.000) 2021-07-27 16:53:19 Image size of job updated: 36140
	36  -  MemoryUsage of job (MB)
	36136  -  ResidentSetSize of job (KB)
...
006 (40699.000.000) 2021-07-27 16:58:19 Image size of job updated: 1472696
	648  -  MemoryUsage of job (MB)
	662848  -  ResidentSetSize of job (KB)
...
006 (40699.000.000) 2021-07-27 17:03:19 Image size of job updated: 1472696
	664  -  MemoryUsage of job (MB)
	679716  -  ResidentSetSize of job (KB)
...
006 (40699.000.000) 2021-07-27 17:18:21 Image size of job updated: 1474592
	670  -  MemoryUsage of job (MB)
	685572  -  ResidentSetSize of job (KB)
...
006 (40699.000.000) 2021-07-27 17:23:22 Image size of job updated: 1479192
	670  -  MemoryUsage of job (MB)
	685572  -  ResidentSetSize of job (KB)
...
006 (40699.000.000) 2021-07-27 17:48:25 Image size of job updated: 1520620
	670  -  MemoryUsage of job (MB)
	685572  -  ResidentSetSize of job (KB)
...
006 (40699.000.000) 2021-07-27 17:53:25 Image size of job updated: 1525896
	670  -  MemoryUsage of job (MB)
	685572  -  ResidentSetSize of job (KB)
...
006 (40699.000.000) 2021-07-27 17:58:26 Image size of job updated: 1539920
	856  -  MemoryUsage of job (MB)
	876432  -  ResidentSetSize of job (KB)
...
006 (40699.000.000) 2021-07-27 18:08:27 Image size of job updated: 1541684
	856  -  MemoryUsage of job (MB)
	876432  -  ResidentSetSize of job (KB)
...
006 (40699.000.000) 2021-07-27 18:18:28 Image size of job updated: 1542152
	856  -  MemoryUsage of job (MB)
	876432  -  ResidentSetSize of job (KB)
...
006 (40699.000.000) 2021-07-27 18:33:29 Image size of job updated: 1542152
	857  -  MemoryUsage of job (MB)
	877064  -  ResidentSetSize of job (KB)
...
006 (40699.000.000) 2021-07-27 18:58:32 Image size of job updated: 1547568
	857  -  MemoryUsage of job (MB)
	877064  -  ResidentSetSize of job (KB)
...
006 (40699.000.000) 2021-07-27 19:23:33 Image size of job updated: 1547568
	861  -  MemoryUsage of job (MB)
	880784  -  ResidentSetSize of job (KB)
...
006 (40699.000.000) 2021-07-27 19:43:36 Image size of job updated: 1547568
	867  -  MemoryUsage of job (MB)
	887696  -  ResidentSetSize of job (KB)
...
006 (40699.000.000) 2021-07-27 19:58:37 Image size of job updated: 1549388
	867  -  MemoryUsage of job (MB)
	887696  -  ResidentSetSize of job (KB)
...
006 (40699.000.000) 2021-07-27 20:23:41 Image size of job updated: 1549388
	876  -  MemoryUsage of job (MB)
	896440  -  ResidentSetSize of job (KB)
...
040 (40699.000.000) 2021-07-27 20:56:19 Started transferring output files
...
040 (40699.000.000) 2021-07-27 20:56:31 Finished transferring output files
...
005 (40699.000.000) 2021-07-27 20:56:31 Job terminated.
	(1) Normal termination (return value 0)
		Usr 0 03:35:28, Sys 0 00:25:39  -  Run Remote Usage
		Usr 0 00:00:00, Sys 0 00:00:00  -  Run Local Usage
		Usr 0 03:35:28, Sys 0 00:25:39  -  Total Remote Usage
		Usr 0 00:00:00, Sys 0 00:00:00  -  Total Local Usage
	3718079232  -  Run Bytes Sent By Job
	319  -  Run Bytes Received By Job
	3718079232  -  Total Bytes Sent By Job
	319  -  Total Bytes Received By Job
	Partitionable Resources :      Usage  Request Allocated 
	   Cpus                 :       1.00        1         1 
	   Disk (KB)            : 3630952           1   3637421 
	   Memory (MB)          :     876       10240     10240 

	Job terminated of its own accord at 2021-07-27T19:56:19Z.
...
