000 (41093.000.000) 2021-07-26 16:55:24 Job submitted from host: <194.36.1.200:9618?addrs=194.36.1.200-9618&alias=hex.ppe.gla.ac.uk&noUDP&sock=schedd_1401_8c46>
...
040 (41093.000.000) 2021-07-28 13:17:02 Started transferring input files
	Transferring to host: <192.168.16.113:9618?addrs=192.168.16.113-9618&alias=condor-d19-03.ppe.cluster&noUDP&sock=slot1_3_27242_340d_38>
...
040 (41093.000.000) 2021-07-28 13:17:02 Finished transferring input files
...
001 (41093.000.000) 2021-07-28 13:17:03 Job executing on host: <192.168.16.113:9618?addrs=192.168.16.113-9618&alias=condor-d19-03.ppe.cluster&noUDP&sock=startd_2634_488c>
...
006 (41093.000.000) 2021-07-28 13:17:11 Image size of job updated: 209436
	205  -  MemoryUsage of job (MB)
	209432  -  ResidentSetSize of job (KB)
...
006 (41093.000.000) 2021-07-28 13:22:11 Image size of job updated: 1304224
	673  -  MemoryUsage of job (MB)
	688332  -  ResidentSetSize of job (KB)
...
006 (41093.000.000) 2021-07-28 13:27:11 Image size of job updated: 1406124
	673  -  MemoryUsage of job (MB)
	688332  -  ResidentSetSize of job (KB)
...
006 (41093.000.000) 2021-07-28 13:32:12 Image size of job updated: 1495804
	673  -  MemoryUsage of job (MB)
	688332  -  ResidentSetSize of job (KB)
...
006 (41093.000.000) 2021-07-28 13:37:12 Image size of job updated: 1498044
	862  -  MemoryUsage of job (MB)
	882248  -  ResidentSetSize of job (KB)
...
006 (41093.000.000) 2021-07-28 13:47:13 Image size of job updated: 1506240
	862  -  MemoryUsage of job (MB)
	882248  -  ResidentSetSize of job (KB)
...
006 (41093.000.000) 2021-07-28 15:07:21 Image size of job updated: 1516376
	862  -  MemoryUsage of job (MB)
	882248  -  ResidentSetSize of job (KB)
...
006 (41093.000.000) 2021-07-28 15:42:25 Image size of job updated: 1516376
	871  -  MemoryUsage of job (MB)
	891800  -  ResidentSetSize of job (KB)
...
040 (41093.000.000) 2021-07-28 17:17:29 Started transferring output files
...
040 (41093.000.000) 2021-07-28 17:17:44 Finished transferring output files
...
005 (41093.000.000) 2021-07-28 17:17:44 Job terminated.
	(1) Normal termination (return value 0)
		Usr 0 03:33:02, Sys 0 00:25:27  -  Run Remote Usage
		Usr 0 00:00:00, Sys 0 00:00:00  -  Run Local Usage
		Usr 0 03:33:02, Sys 0 00:25:27  -  Total Remote Usage
		Usr 0 00:00:00, Sys 0 00:00:00  -  Total Local Usage
	3800539648  -  Run Bytes Sent By Job
	319  -  Run Bytes Received By Job
	3800539648  -  Total Bytes Sent By Job
	319  -  Total Bytes Received By Job
	Partitionable Resources :      Usage  Request Allocated 
	   Cpus                 :       0.99        1         1 
	   Disk (KB)            : 3711480           1   3637421 
	   Memory (MB)          :     871       10240     10240 

	Job terminated of its own accord at 2021-07-28T16:17:29Z.
...
