000 (41029.000.000) 2021-07-26 16:55:21 Job submitted from host: <194.36.1.200:9618?addrs=194.36.1.200-9618&alias=hex.ppe.gla.ac.uk&noUDP&sock=schedd_1401_8c46>
...
040 (41029.000.000) 2021-07-28 10:41:00 Started transferring input files
	Transferring to host: <192.168.16.103:9618?addrs=192.168.16.103-9618&alias=condor-h16-03.ppe.cluster&noUDP&sock=slot1_4_14413_0323_13>
...
040 (41029.000.000) 2021-07-28 10:41:00 Finished transferring input files
...
001 (41029.000.000) 2021-07-28 10:41:01 Job executing on host: <192.168.16.103:9618?addrs=192.168.16.103-9618&alias=condor-h16-03.ppe.cluster&noUDP&sock=startd_20690_3293>
...
006 (41029.000.000) 2021-07-28 10:41:10 Image size of job updated: 36348
	36  -  MemoryUsage of job (MB)
	36344  -  ResidentSetSize of job (KB)
...
006 (41029.000.000) 2021-07-28 10:46:11 Image size of job updated: 1408416
	773  -  MemoryUsage of job (MB)
	791496  -  ResidentSetSize of job (KB)
...
006 (41029.000.000) 2021-07-28 10:51:11 Image size of job updated: 1501556
	773  -  MemoryUsage of job (MB)
	791496  -  ResidentSetSize of job (KB)
...
006 (41029.000.000) 2021-07-28 10:56:11 Image size of job updated: 1519172
	773  -  MemoryUsage of job (MB)
	791496  -  ResidentSetSize of job (KB)
...
006 (41029.000.000) 2021-07-28 11:16:14 Image size of job updated: 1519172
	871  -  MemoryUsage of job (MB)
	891148  -  ResidentSetSize of job (KB)
...
006 (41029.000.000) 2021-07-28 11:31:15 Image size of job updated: 1519172
	871  -  MemoryUsage of job (MB)
	891476  -  ResidentSetSize of job (KB)
...
006 (41029.000.000) 2021-07-28 12:01:18 Image size of job updated: 1548412
	871  -  MemoryUsage of job (MB)
	891476  -  ResidentSetSize of job (KB)
...
006 (41029.000.000) 2021-07-28 13:11:25 Image size of job updated: 1552628
	871  -  MemoryUsage of job (MB)
	891476  -  ResidentSetSize of job (KB)
...
006 (41029.000.000) 2021-07-28 14:21:33 Image size of job updated: 1554448
	871  -  MemoryUsage of job (MB)
	891476  -  ResidentSetSize of job (KB)
...
006 (41029.000.000) 2021-07-28 15:26:38 Image size of job updated: 1554448
	873  -  MemoryUsage of job (MB)
	893580  -  ResidentSetSize of job (KB)
...
040 (41029.000.000) 2021-07-28 15:31:24 Started transferring output files
...
040 (41029.000.000) 2021-07-28 15:31:37 Finished transferring output files
...
005 (41029.000.000) 2021-07-28 15:31:37 Job terminated.
	(1) Normal termination (return value 0)
		Usr 0 04:04:24, Sys 0 00:44:11  -  Run Remote Usage
		Usr 0 00:00:00, Sys 0 00:00:00  -  Run Local Usage
		Usr 0 04:04:24, Sys 0 00:44:11  -  Total Remote Usage
		Usr 0 00:00:00, Sys 0 00:00:00  -  Total Local Usage
	3718112000  -  Run Bytes Sent By Job
	319  -  Run Bytes Received By Job
	3718112000  -  Total Bytes Sent By Job
	319  -  Total Bytes Received By Job
	Partitionable Resources :      Usage  Request Allocated 
	   Cpus                 :       0.80        1         1 
	   Disk (KB)            : 3630984           1    861476 
	   Memory (MB)          :     873       10240     10240 

	Job terminated of its own accord at 2021-07-28T14:31:24Z.
...
