000 (40823.000.000) 2021-07-26 16:55:06 Job submitted from host: <194.36.1.200:9618?addrs=194.36.1.200-9618&alias=hex.ppe.gla.ac.uk&noUDP&sock=schedd_1401_8c46>
...
040 (40823.000.000) 2021-07-27 22:56:10 Started transferring input files
	Transferring to host: <192.168.16.113:9618?addrs=192.168.16.113-9618&alias=condor-d19-03.ppe.cluster&noUDP&sock=slot1_10_26289_ba86_1145>
...
040 (40823.000.000) 2021-07-27 22:56:10 Finished transferring input files
...
001 (40823.000.000) 2021-07-27 22:56:11 Job executing on host: <192.168.16.113:9618?addrs=192.168.16.113-9618&alias=condor-d19-03.ppe.cluster&noUDP&sock=startd_2634_488c>
...
006 (40823.000.000) 2021-07-27 22:56:19 Image size of job updated: 36356
	36  -  MemoryUsage of job (MB)
	36352  -  ResidentSetSize of job (KB)
...
006 (40823.000.000) 2021-07-27 23:01:19 Image size of job updated: 1416192
	675  -  MemoryUsage of job (MB)
	690320  -  ResidentSetSize of job (KB)
...
006 (40823.000.000) 2021-07-27 23:06:20 Image size of job updated: 1416192
	677  -  MemoryUsage of job (MB)
	692560  -  ResidentSetSize of job (KB)
...
006 (40823.000.000) 2021-07-27 23:26:23 Image size of job updated: 1417900
	678  -  MemoryUsage of job (MB)
	694120  -  ResidentSetSize of job (KB)
...
006 (40823.000.000) 2021-07-27 23:31:23 Image size of job updated: 1417936
	678  -  MemoryUsage of job (MB)
	694120  -  ResidentSetSize of job (KB)
...
006 (40823.000.000) 2021-07-27 23:51:24 Image size of job updated: 1418304
	678  -  MemoryUsage of job (MB)
	694120  -  ResidentSetSize of job (KB)
...
006 (40823.000.000) 2021-07-28 00:11:27 Image size of job updated: 1456676
	678  -  MemoryUsage of job (MB)
	694120  -  ResidentSetSize of job (KB)
...
006 (40823.000.000) 2021-07-28 00:16:28 Image size of job updated: 1456676
	780  -  MemoryUsage of job (MB)
	797988  -  ResidentSetSize of job (KB)
...
006 (40823.000.000) 2021-07-28 01:21:34 Image size of job updated: 1456676
	786  -  MemoryUsage of job (MB)
	804632  -  ResidentSetSize of job (KB)
...
006 (40823.000.000) 2021-07-28 01:56:38 Image size of job updated: 1460912
	786  -  MemoryUsage of job (MB)
	804632  -  ResidentSetSize of job (KB)
...
040 (40823.000.000) 2021-07-28 02:47:56 Started transferring output files
...
040 (40823.000.000) 2021-07-28 02:48:07 Finished transferring output files
...
005 (40823.000.000) 2021-07-28 02:48:07 Job terminated.
	(1) Normal termination (return value 0)
		Usr 0 03:24:16, Sys 0 00:25:57  -  Run Remote Usage
		Usr 0 00:00:00, Sys 0 00:00:00  -  Run Local Usage
		Usr 0 03:24:16, Sys 0 00:25:57  -  Total Remote Usage
		Usr 0 00:00:00, Sys 0 00:00:00  -  Total Local Usage
	3766966784  -  Run Bytes Sent By Job
	323  -  Run Bytes Received By Job
	3766966784  -  Total Bytes Sent By Job
	323  -  Total Bytes Received By Job
	Partitionable Resources :      Usage  Request Allocated 
	   Cpus                 :       1.00        1         1 
	   Disk (KB)            : 3678694           1   3637421 
	   Memory (MB)          :     786       10240     10240 

	Job terminated of its own accord at 2021-07-28T01:47:56Z.
...
