000 (40855.000.000) 2021-07-26 16:55:08 Job submitted from host: <194.36.1.200:9618?addrs=194.36.1.200-9618&alias=hex.ppe.gla.ac.uk&noUDP&sock=schedd_1401_8c46>
...
040 (40855.000.000) 2021-07-28 00:20:10 Started transferring input files
	Transferring to host: <192.168.16.121:9618?addrs=192.168.16.121-9618&alias=condor-d20-01.ppe.cluster&noUDP&sock=slot1_12_40472_ef67_1224>
...
040 (40855.000.000) 2021-07-28 00:20:10 Finished transferring input files
...
001 (40855.000.000) 2021-07-28 00:20:11 Job executing on host: <192.168.16.121:9618?addrs=192.168.16.121-9618&alias=condor-d20-01.ppe.cluster&noUDP&sock=startd_40545_137a>
...
006 (40855.000.000) 2021-07-28 00:20:20 Image size of job updated: 77704
	28  -  MemoryUsage of job (MB)
	28284  -  ResidentSetSize of job (KB)
...
006 (40855.000.000) 2021-07-28 00:25:20 Image size of job updated: 1412476
	775  -  MemoryUsage of job (MB)
	792860  -  ResidentSetSize of job (KB)
...
006 (40855.000.000) 2021-07-28 00:35:21 Image size of job updated: 1425636
	781  -  MemoryUsage of job (MB)
	798736  -  ResidentSetSize of job (KB)
...
006 (40855.000.000) 2021-07-28 00:45:22 Image size of job updated: 1432392
	781  -  MemoryUsage of job (MB)
	798736  -  ResidentSetSize of job (KB)
...
006 (40855.000.000) 2021-07-28 00:50:23 Image size of job updated: 1446220
	781  -  MemoryUsage of job (MB)
	798736  -  ResidentSetSize of job (KB)
...
006 (40855.000.000) 2021-07-28 01:00:24 Image size of job updated: 1470872
	827  -  MemoryUsage of job (MB)
	846256  -  ResidentSetSize of job (KB)
...
006 (40855.000.000) 2021-07-28 01:15:25 Image size of job updated: 1489176
	827  -  MemoryUsage of job (MB)
	846256  -  ResidentSetSize of job (KB)
...
006 (40855.000.000) 2021-07-28 03:05:37 Image size of job updated: 1489176
	836  -  MemoryUsage of job (MB)
	855176  -  ResidentSetSize of job (KB)
...
004 (40855.000.000) 2021-07-28 03:41:26 Job was evicted.
	(0) CPU times
		Usr 0 02:58:32, Sys 0 00:21:19  -  Run Remote Usage
		Usr 0 00:00:00, Sys 0 00:00:00  -  Run Local Usage
	0  -  Run Bytes Sent By Job
	319  -  Run Bytes Received By Job
	Partitionable Resources :      Usage  Request Allocated 
	   Cpus                 :       1.00        1         1 
	   Disk (KB)            : 3032854           1   3637421 
	   Memory (MB)          :     836       10240     10240 
...
040 (40855.000.000) 2021-07-28 03:44:12 Started transferring input files
	Transferring to host: <192.168.16.121:9618?addrs=192.168.16.121-9618&alias=condor-d20-01.ppe.cluster&noUDP&sock=slot1_1_25694_7f4e_4>
...
040 (40855.000.000) 2021-07-28 03:44:12 Finished transferring input files
...
001 (40855.000.000) 2021-07-28 03:44:13 Job executing on host: <192.168.16.121:9618?addrs=192.168.16.121-9618&alias=condor-d20-01.ppe.cluster&noUDP&sock=startd_40545_137a>
...
006 (40855.000.000) 2021-07-28 07:14:43 Image size of job updated: 1513456
	977  -  MemoryUsage of job (MB)
	1000000  -  ResidentSetSize of job (KB)
...
040 (40855.000.000) 2021-07-28 07:46:03 Started transferring output files
...
040 (40855.000.000) 2021-07-28 07:46:13 Finished transferring output files
...
005 (40855.000.000) 2021-07-28 07:46:13 Job terminated.
	(1) Normal termination (return value 0)
		Usr 0 03:34:29, Sys 0 00:25:55  -  Run Remote Usage
		Usr 0 00:00:00, Sys 0 00:00:00  -  Run Local Usage
		Usr 0 06:33:01, Sys 0 00:47:14  -  Total Remote Usage
		Usr 0 00:00:00, Sys 0 00:00:00  -  Total Local Usage
	3737785088  -  Run Bytes Sent By Job
	319  -  Run Bytes Received By Job
	3737785088  -  Total Bytes Sent By Job
	638  -  Total Bytes Received By Job
	Partitionable Resources :      Usage  Request Allocated 
	   Cpus                 :       0.99        1         1 
	   Disk (KB)            : 3650197     3250000   7274841 
	   Memory (MB)          :     977       10240     10240 

	Job terminated of its own accord at 2021-07-28T06:46:03Z.
...
