000 (41039.000.000) 2021-07-26 16:55:21 Job submitted from host: <194.36.1.200:9618?addrs=194.36.1.200-9618&alias=hex.ppe.gla.ac.uk&noUDP&sock=schedd_1401_8c46>
...
040 (41039.000.000) 2021-07-28 11:02:01 Started transferring input files
	Transferring to host: <192.168.16.112:9618?addrs=192.168.16.112-9618&alias=condor-d19-02.ppe.cluster&noUDP&sock=slot1_2_268998_2cf4_21>
...
040 (41039.000.000) 2021-07-28 11:02:01 Finished transferring input files
...
001 (41039.000.000) 2021-07-28 11:02:02 Job executing on host: <192.168.16.112:9618?addrs=192.168.16.112-9618&alias=condor-d19-02.ppe.cluster&noUDP&sock=startd_2914_5710>
...
006 (41039.000.000) 2021-07-28 11:02:10 Image size of job updated: 64552
	64  -  MemoryUsage of job (MB)
	64548  -  ResidentSetSize of job (KB)
...
006 (41039.000.000) 2021-07-28 11:07:10 Image size of job updated: 1441100
	650  -  MemoryUsage of job (MB)
	665272  -  ResidentSetSize of job (KB)
...
006 (41039.000.000) 2021-07-28 11:12:11 Image size of job updated: 1470544
	650  -  MemoryUsage of job (MB)
	665272  -  ResidentSetSize of job (KB)
...
006 (41039.000.000) 2021-07-28 11:17:12 Image size of job updated: 1470544
	654  -  MemoryUsage of job (MB)
	668924  -  ResidentSetSize of job (KB)
...
006 (41039.000.000) 2021-07-28 11:22:12 Image size of job updated: 1482668
	666  -  MemoryUsage of job (MB)
	681824  -  ResidentSetSize of job (KB)
...
006 (41039.000.000) 2021-07-28 11:27:12 Image size of job updated: 1486384
	666  -  MemoryUsage of job (MB)
	681824  -  ResidentSetSize of job (KB)
...
006 (41039.000.000) 2021-07-28 11:47:15 Image size of job updated: 1493628
	666  -  MemoryUsage of job (MB)
	681824  -  ResidentSetSize of job (KB)
...
006 (41039.000.000) 2021-07-28 11:52:16 Image size of job updated: 1517472
	823  -  MemoryUsage of job (MB)
	842112  -  ResidentSetSize of job (KB)
...
006 (41039.000.000) 2021-07-28 11:57:16 Image size of job updated: 1523948
	823  -  MemoryUsage of job (MB)
	842112  -  ResidentSetSize of job (KB)
...
006 (41039.000.000) 2021-07-28 12:07:17 Image size of job updated: 1526408
	823  -  MemoryUsage of job (MB)
	842112  -  ResidentSetSize of job (KB)
...
006 (41039.000.000) 2021-07-28 12:17:17 Image size of job updated: 1526408
	834  -  MemoryUsage of job (MB)
	853556  -  ResidentSetSize of job (KB)
...
006 (41039.000.000) 2021-07-28 14:02:26 Image size of job updated: 1527056
	834  -  MemoryUsage of job (MB)
	853556  -  ResidentSetSize of job (KB)
...
006 (41039.000.000) 2021-07-28 14:07:28 Image size of job updated: 1528820
	834  -  MemoryUsage of job (MB)
	853556  -  ResidentSetSize of job (KB)
...
006 (41039.000.000) 2021-07-28 14:32:30 Image size of job updated: 1528820
	836  -  MemoryUsage of job (MB)
	856048  -  ResidentSetSize of job (KB)
...
040 (41039.000.000) 2021-07-28 14:36:18 Started transferring output files
...
040 (41039.000.000) 2021-07-28 14:36:29 Finished transferring output files
...
005 (41039.000.000) 2021-07-28 14:36:29 Job terminated.
	(1) Normal termination (return value 0)
		Usr 0 03:06:08, Sys 0 00:26:25  -  Run Remote Usage
		Usr 0 00:00:00, Sys 0 00:00:00  -  Run Local Usage
		Usr 0 03:06:08, Sys 0 00:26:25  -  Total Remote Usage
		Usr 0 00:00:00, Sys 0 00:00:00  -  Total Local Usage
	3814181376  -  Run Bytes Sent By Job
	319  -  Run Bytes Received By Job
	3814181376  -  Total Bytes Sent By Job
	319  -  Total Bytes Received By Job
	Partitionable Resources :      Usage  Request Allocated 
	   Cpus                 :       0.98        1         1 
	   Disk (KB)            : 3724802           1    825748 
	   Memory (MB)          :     836       10240     10240 

	Job terminated of its own accord at 2021-07-28T13:36:18Z.
...
