000 (40578.000.000) 2021-07-26 16:54:48 Job submitted from host: <194.36.1.200:9618?addrs=194.36.1.200-9618&alias=hex.ppe.gla.ac.uk&noUDP&sock=schedd_1401_8c46>
...
040 (40578.000.000) 2021-07-27 11:32:42 Started transferring input files
	Transferring to host: <192.168.16.113:9618?addrs=192.168.16.113-9618&alias=condor-d19-03.ppe.cluster&noUDP&sock=slot1_3_26289_ba86_944>
...
040 (40578.000.000) 2021-07-27 11:32:42 Finished transferring input files
...
001 (40578.000.000) 2021-07-27 11:32:43 Job executing on host: <192.168.16.113:9618?addrs=192.168.16.113-9618&alias=condor-d19-03.ppe.cluster&noUDP&sock=startd_2634_488c>
...
006 (40578.000.000) 2021-07-27 11:32:52 Image size of job updated: 665772
	562  -  MemoryUsage of job (MB)
	575032  -  ResidentSetSize of job (KB)
...
006 (40578.000.000) 2021-07-27 11:37:53 Image size of job updated: 1304252
	668  -  MemoryUsage of job (MB)
	683140  -  ResidentSetSize of job (KB)
...
006 (40578.000.000) 2021-07-27 11:42:53 Image size of job updated: 1406264
	668  -  MemoryUsage of job (MB)
	683140  -  ResidentSetSize of job (KB)
...
006 (40578.000.000) 2021-07-27 11:47:53 Image size of job updated: 1417484
	668  -  MemoryUsage of job (MB)
	683140  -  ResidentSetSize of job (KB)
...
006 (40578.000.000) 2021-07-27 11:52:54 Image size of job updated: 1417784
	785  -  MemoryUsage of job (MB)
	803100  -  ResidentSetSize of job (KB)
...
006 (40578.000.000) 2021-07-27 12:17:56 Image size of job updated: 1493916
	785  -  MemoryUsage of job (MB)
	803100  -  ResidentSetSize of job (KB)
...
006 (40578.000.000) 2021-07-27 12:22:57 Image size of job updated: 1509952
	785  -  MemoryUsage of job (MB)
	803100  -  ResidentSetSize of job (KB)
...
006 (40578.000.000) 2021-07-27 12:27:58 Image size of job updated: 1545728
	785  -  MemoryUsage of job (MB)
	803100  -  ResidentSetSize of job (KB)
...
006 (40578.000.000) 2021-07-27 12:47:59 Image size of job updated: 1545728
	866  -  MemoryUsage of job (MB)
	886444  -  ResidentSetSize of job (KB)
...
006 (40578.000.000) 2021-07-27 12:52:59 Image size of job updated: 1546360
	866  -  MemoryUsage of job (MB)
	886444  -  ResidentSetSize of job (KB)
...
006 (40578.000.000) 2021-07-27 13:03:01 Image size of job updated: 1548120
	866  -  MemoryUsage of job (MB)
	886444  -  ResidentSetSize of job (KB)
...
006 (40578.000.000) 2021-07-27 13:53:06 Image size of job updated: 1550324
	866  -  MemoryUsage of job (MB)
	886444  -  ResidentSetSize of job (KB)
...
006 (40578.000.000) 2021-07-27 14:18:08 Image size of job updated: 1552228
	866  -  MemoryUsage of job (MB)
	886444  -  ResidentSetSize of job (KB)
...
006 (40578.000.000) 2021-07-27 14:38:10 Image size of job updated: 1552228
	876  -  MemoryUsage of job (MB)
	896168  -  ResidentSetSize of job (KB)
...
040 (40578.000.000) 2021-07-27 15:29:44 Started transferring output files
...
040 (40578.000.000) 2021-07-27 15:29:57 Finished transferring output files
...
005 (40578.000.000) 2021-07-27 15:29:57 Job terminated.
	(1) Normal termination (return value 0)
		Usr 0 03:29:59, Sys 0 00:25:20  -  Run Remote Usage
		Usr 0 00:00:00, Sys 0 00:00:00  -  Run Local Usage
		Usr 0 03:29:59, Sys 0 00:25:20  -  Total Remote Usage
		Usr 0 00:00:00, Sys 0 00:00:00  -  Total Local Usage
	3700572160  -  Run Bytes Sent By Job
	319  -  Run Bytes Received By Job
	3700572160  -  Total Bytes Sent By Job
	319  -  Total Bytes Received By Job
	Partitionable Resources :      Usage  Request Allocated 
	   Cpus                 :       1.00        1         1 
	   Disk (KB)            : 3613855           1   3637421 
	   Memory (MB)          :     876       10240     10240 

	Job terminated of its own accord at 2021-07-27T14:29:44Z.
...
