000 (40732.000.000) 2021-07-26 16:55:00 Job submitted from host: <194.36.1.200:9618?addrs=194.36.1.200-9618&alias=hex.ppe.gla.ac.uk&noUDP&sock=schedd_1401_8c46>
...
040 (40732.000.000) 2021-07-27 19:00:10 Started transferring input files
	Transferring to host: <192.168.16.113:9618?addrs=192.168.16.113-9618&alias=condor-d19-03.ppe.cluster&noUDP&sock=slot1_4_26289_ba86_1127>
...
040 (40732.000.000) 2021-07-27 19:00:10 Finished transferring input files
...
001 (40732.000.000) 2021-07-27 19:00:11 Job executing on host: <192.168.16.113:9618?addrs=192.168.16.113-9618&alias=condor-d19-03.ppe.cluster&noUDP&sock=startd_2634_488c>
...
006 (40732.000.000) 2021-07-27 19:00:20 Image size of job updated: 68276
	19  -  MemoryUsage of job (MB)
	19192  -  ResidentSetSize of job (KB)
...
006 (40732.000.000) 2021-07-27 19:00:36 Image size of job updated: 760052
	19  -  MemoryUsage of job (MB)
	19192  -  ResidentSetSize of job (KB)
...
040 (40732.000.000) 2021-07-27 19:00:36 Started transferring output files
...
040 (40732.000.000) 2021-07-27 19:00:36 Finished transferring output files
...
005 (40732.000.000) 2021-07-27 19:00:36 Job terminated.
	(1) Normal termination (return value 0)
		Usr 0 00:00:06, Sys 0 00:00:02  -  Run Remote Usage
		Usr 0 00:00:00, Sys 0 00:00:00  -  Run Local Usage
		Usr 0 00:00:06, Sys 0 00:00:02  -  Total Remote Usage
		Usr 0 00:00:00, Sys 0 00:00:00  -  Total Local Usage
	718123  -  Run Bytes Sent By Job
	323  -  Run Bytes Received By Job
	718123  -  Total Bytes Sent By Job
	323  -  Total Bytes Received By Job
	Partitionable Resources :    Usage  Request Allocated 
	   Cpus                 :                 1         1 
	   Disk (KB)            :      711        1   3637421 
	   Memory (MB)          :       19    10240     10240 

	Job terminated of its own accord at 2021-07-27T18:00:36Z.
...
