000 (40257.000.000) 2021-07-26 16:54:33 Job submitted from host: <194.36.1.200:9618?addrs=194.36.1.200-9618&alias=hex.ppe.gla.ac.uk&noUDP&sock=schedd_1401_8c46>
...
040 (40257.000.000) 2021-07-26 20:48:32 Started transferring input files
	Transferring to host: <192.168.16.121:9618?addrs=192.168.16.121-9618&alias=condor-d20-01.ppe.cluster&noUDP&sock=slot1_1_40472_ef67_953>
...
040 (40257.000.000) 2021-07-26 20:48:32 Finished transferring input files
...
001 (40257.000.000) 2021-07-26 20:48:33 Job executing on host: <192.168.16.121:9618?addrs=192.168.16.121-9618&alias=condor-d20-01.ppe.cluster&noUDP&sock=startd_40545_137a>
...
006 (40257.000.000) 2021-07-26 20:48:41 Image size of job updated: 600144
	587  -  MemoryUsage of job (MB)
	600140  -  ResidentSetSize of job (KB)
...
006 (40257.000.000) 2021-07-26 20:53:41 Image size of job updated: 1487244
	657  -  MemoryUsage of job (MB)
	672192  -  ResidentSetSize of job (KB)
...
006 (40257.000.000) 2021-07-26 20:58:42 Image size of job updated: 1489928
	671  -  MemoryUsage of job (MB)
	686184  -  ResidentSetSize of job (KB)
...
006 (40257.000.000) 2021-07-26 21:03:43 Image size of job updated: 1506156
	671  -  MemoryUsage of job (MB)
	686184  -  ResidentSetSize of job (KB)
...
006 (40257.000.000) 2021-07-26 21:08:43 Image size of job updated: 1506156
	871  -  MemoryUsage of job (MB)
	891096  -  ResidentSetSize of job (KB)
...
006 (40257.000.000) 2021-07-26 21:23:45 Image size of job updated: 1509840
	871  -  MemoryUsage of job (MB)
	891096  -  ResidentSetSize of job (KB)
...
006 (40257.000.000) 2021-07-26 21:28:45 Image size of job updated: 1510804
	871  -  MemoryUsage of job (MB)
	891096  -  ResidentSetSize of job (KB)
...
006 (40257.000.000) 2021-07-26 21:38:47 Image size of job updated: 1517476
	871  -  MemoryUsage of job (MB)
	891096  -  ResidentSetSize of job (KB)
...
006 (40257.000.000) 2021-07-26 21:48:47 Image size of job updated: 1517476
	875  -  MemoryUsage of job (MB)
	895876  -  ResidentSetSize of job (KB)
...
006 (40257.000.000) 2021-07-26 22:03:48 Image size of job updated: 1517476
	882  -  MemoryUsage of job (MB)
	903116  -  ResidentSetSize of job (KB)
...
006 (40257.000.000) 2021-07-26 22:38:52 Image size of job updated: 1518980
	882  -  MemoryUsage of job (MB)
	903116  -  ResidentSetSize of job (KB)
...
006 (40257.000.000) 2021-07-26 23:43:58 Image size of job updated: 1538348
	882  -  MemoryUsage of job (MB)
	903116  -  ResidentSetSize of job (KB)
...
006 (40257.000.000) 2021-07-26 23:48:59 Image size of job updated: 1546772
	882  -  MemoryUsage of job (MB)
	903116  -  ResidentSetSize of job (KB)
...
006 (40257.000.000) 2021-07-27 00:04:00 Image size of job updated: 1546772
	883  -  MemoryUsage of job (MB)
	903940  -  ResidentSetSize of job (KB)
...
006 (40257.000.000) 2021-07-27 00:09:01 Image size of job updated: 1547216
	883  -  MemoryUsage of job (MB)
	903940  -  ResidentSetSize of job (KB)
...
006 (40257.000.000) 2021-07-27 00:49:05 Image size of job updated: 1547704
	883  -  MemoryUsage of job (MB)
	903940  -  ResidentSetSize of job (KB)
...
040 (40257.000.000) 2021-07-27 00:58:28 Started transferring output files
...
040 (40257.000.000) 2021-07-27 00:58:40 Finished transferring output files
...
005 (40257.000.000) 2021-07-27 00:58:40 Job terminated.
	(1) Normal termination (return value 0)
		Usr 0 03:41:35, Sys 0 00:26:50  -  Run Remote Usage
		Usr 0 00:00:00, Sys 0 00:00:00  -  Run Local Usage
		Usr 0 03:41:35, Sys 0 00:26:50  -  Total Remote Usage
		Usr 0 00:00:00, Sys 0 00:00:00  -  Total Local Usage
	3852761344  -  Run Bytes Sent By Job
	319  -  Run Bytes Received By Job
	3852761344  -  Total Bytes Sent By Job
	319  -  Total Bytes Received By Job
	Partitionable Resources :      Usage  Request Allocated 
	   Cpus                 :       1.00        1         1 
	   Disk (KB)            : 3762478           1   3637421 
	   Memory (MB)          :     883       10240     10240 

	Job terminated of its own accord at 2021-07-26T23:58:28Z.
...
