000 (40313.000.000) 2021-07-26 16:54:36 Job submitted from host: <194.36.1.200:9618?addrs=194.36.1.200-9618&alias=hex.ppe.gla.ac.uk&noUDP&sock=schedd_1401_8c46>
...
040 (40313.000.000) 2021-07-26 23:46:37 Started transferring input files
	Transferring to host: <192.168.16.111:9618?addrs=192.168.16.111-9618&alias=condor-d19-01.ppe.cluster&noUDP&sock=slot1_1_222987_4385_717>
...
040 (40313.000.000) 2021-07-26 23:46:37 Finished transferring input files
...
001 (40313.000.000) 2021-07-26 23:46:38 Job executing on host: <192.168.16.111:9618?addrs=192.168.16.111-9618&alias=condor-d19-01.ppe.cluster&noUDP&sock=startd_2932_afc5>
...
006 (40313.000.000) 2021-07-26 23:46:46 Image size of job updated: 32288
	32  -  MemoryUsage of job (MB)
	32284  -  ResidentSetSize of job (KB)
...
006 (40313.000.000) 2021-07-26 23:51:46 Image size of job updated: 1432856
	836  -  MemoryUsage of job (MB)
	855588  -  ResidentSetSize of job (KB)
...
006 (40313.000.000) 2021-07-26 23:56:47 Image size of job updated: 1470072
	836  -  MemoryUsage of job (MB)
	855588  -  ResidentSetSize of job (KB)
...
006 (40313.000.000) 2021-07-27 00:21:49 Image size of job updated: 1472992
	836  -  MemoryUsage of job (MB)
	855588  -  ResidentSetSize of job (KB)
...
006 (40313.000.000) 2021-07-27 00:31:51 Image size of job updated: 1487136
	836  -  MemoryUsage of job (MB)
	855588  -  ResidentSetSize of job (KB)
...
006 (40313.000.000) 2021-07-27 01:11:56 Image size of job updated: 1487136
	838  -  MemoryUsage of job (MB)
	857120  -  ResidentSetSize of job (KB)
...
006 (40313.000.000) 2021-07-27 01:16:57 Image size of job updated: 1521212
	854  -  MemoryUsage of job (MB)
	874000  -  ResidentSetSize of job (KB)
...
006 (40313.000.000) 2021-07-27 02:02:00 Image size of job updated: 1524964
	854  -  MemoryUsage of job (MB)
	874000  -  ResidentSetSize of job (KB)
...
006 (40313.000.000) 2021-07-27 02:47:03 Image size of job updated: 1525548
	854  -  MemoryUsage of job (MB)
	874000  -  ResidentSetSize of job (KB)
...
040 (40313.000.000) 2021-07-27 03:15:03 Started transferring output files
...
040 (40313.000.000) 2021-07-27 03:15:14 Finished transferring output files
...
005 (40313.000.000) 2021-07-27 03:15:14 Job terminated.
	(1) Normal termination (return value 0)
		Usr 0 03:00:35, Sys 0 00:26:03  -  Run Remote Usage
		Usr 0 00:00:00, Sys 0 00:00:00  -  Run Local Usage
		Usr 0 03:00:35, Sys 0 00:26:03  -  Total Remote Usage
		Usr 0 00:00:00, Sys 0 00:00:00  -  Total Local Usage
	3696279296  -  Run Bytes Sent By Job
	319  -  Run Bytes Received By Job
	3696279296  -  Total Bytes Sent By Job
	319  -  Total Bytes Received By Job
	Partitionable Resources :      Usage  Request Allocated 
	   Cpus                 :       1.00        1         1 
	   Disk (KB)            : 3609664           1    825748 
	   Memory (MB)          :     854       10240     10240 

	Job terminated of its own accord at 2021-07-27T02:15:03Z.
...
