000 (41043.000.000) 2021-07-26 16:55:22 Job submitted from host: <194.36.1.200:9618?addrs=194.36.1.200-9618&alias=hex.ppe.gla.ac.uk&noUDP&sock=schedd_1401_8c46>
...
040 (41043.000.000) 2021-07-28 11:16:00 Started transferring input files
	Transferring to host: <192.168.16.111:9618?addrs=192.168.16.111-9618&alias=condor-d19-01.ppe.cluster&noUDP&sock=slot1_7_140832_a258_17>
...
040 (41043.000.000) 2021-07-28 11:16:00 Finished transferring input files
...
001 (41043.000.000) 2021-07-28 11:16:01 Job executing on host: <192.168.16.111:9618?addrs=192.168.16.111-9618&alias=condor-d19-01.ppe.cluster&noUDP&sock=startd_2932_afc5>
...
006 (41043.000.000) 2021-07-28 11:16:10 Image size of job updated: 344616
	337  -  MemoryUsage of job (MB)
	344612  -  ResidentSetSize of job (KB)
...
006 (41043.000.000) 2021-07-28 11:21:11 Image size of job updated: 1416232
	653  -  MemoryUsage of job (MB)
	667860  -  ResidentSetSize of job (KB)
...
006 (41043.000.000) 2021-07-28 11:26:11 Image size of job updated: 1416232
	669  -  MemoryUsage of job (MB)
	684864  -  ResidentSetSize of job (KB)
...
006 (41043.000.000) 2021-07-28 11:46:14 Image size of job updated: 1417844
	669  -  MemoryUsage of job (MB)
	684864  -  ResidentSetSize of job (KB)
...
006 (41043.000.000) 2021-07-28 12:06:15 Image size of job updated: 1443848
	669  -  MemoryUsage of job (MB)
	684864  -  ResidentSetSize of job (KB)
...
006 (41043.000.000) 2021-07-28 12:11:16 Image size of job updated: 1451112
	669  -  MemoryUsage of job (MB)
	684864  -  ResidentSetSize of job (KB)
...
006 (41043.000.000) 2021-07-28 12:26:18 Image size of job updated: 1456716
	669  -  MemoryUsage of job (MB)
	684864  -  ResidentSetSize of job (KB)
...
006 (41043.000.000) 2021-07-28 12:36:19 Image size of job updated: 1456716
	672  -  MemoryUsage of job (MB)
	688076  -  ResidentSetSize of job (KB)
...
006 (41043.000.000) 2021-07-28 12:56:21 Image size of job updated: 1456716
	675  -  MemoryUsage of job (MB)
	690428  -  ResidentSetSize of job (KB)
...
006 (41043.000.000) 2021-07-28 13:21:23 Image size of job updated: 1456716
	779  -  MemoryUsage of job (MB)
	797120  -  ResidentSetSize of job (KB)
...
006 (41043.000.000) 2021-07-28 13:36:25 Image size of job updated: 1456716
	786  -  MemoryUsage of job (MB)
	804460  -  ResidentSetSize of job (KB)
...
006 (41043.000.000) 2021-07-28 14:06:29 Image size of job updated: 1460952
	786  -  MemoryUsage of job (MB)
	804460  -  ResidentSetSize of job (KB)
...
006 (41043.000.000) 2021-07-28 14:36:33 Image size of job updated: 1460952
	789  -  MemoryUsage of job (MB)
	807928  -  ResidentSetSize of job (KB)
...
040 (41043.000.000) 2021-07-28 14:53:21 Started transferring output files
...
040 (41043.000.000) 2021-07-28 14:53:33 Finished transferring output files
...
005 (41043.000.000) 2021-07-28 14:53:33 Job terminated.
	(1) Normal termination (return value 0)
		Usr 0 03:07:27, Sys 0 00:28:15  -  Run Remote Usage
		Usr 0 00:00:00, Sys 0 00:00:00  -  Run Local Usage
		Usr 0 03:07:27, Sys 0 00:28:15  -  Total Remote Usage
		Usr 0 00:00:00, Sys 0 00:00:00  -  Total Local Usage
	3767103744  -  Run Bytes Sent By Job
	323  -  Run Bytes Received By Job
	3767103744  -  Total Bytes Sent By Job
	323  -  Total Bytes Received By Job
	Partitionable Resources :      Usage  Request Allocated 
	   Cpus                 :       0.99        1         1 
	   Disk (KB)            : 3678828           1    825748 
	   Memory (MB)          :     789       10240     10240 

	Job terminated of its own accord at 2021-07-28T13:53:21Z.
...
