000 (40941.000.000) 2021-07-26 16:55:16 Job submitted from host: <194.36.1.200:9618?addrs=194.36.1.200-9618&alias=hex.ppe.gla.ac.uk&noUDP&sock=schedd_1401_8c46>
...
040 (40941.000.000) 2021-07-28 04:39:13 Started transferring input files
	Transferring to host: <192.168.16.114:9618?addrs=192.168.16.114-9618&alias=condor-d19-04.ppe.cluster&noUDP&sock=slot1_6_3775_9433_1404>
...
040 (40941.000.000) 2021-07-28 04:39:13 Finished transferring input files
...
001 (40941.000.000) 2021-07-28 04:39:14 Job executing on host: <192.168.16.114:9618?addrs=192.168.16.114-9618&alias=condor-d19-04.ppe.cluster&noUDP&sock=startd_2633_98f3>
...
006 (40941.000.000) 2021-07-28 04:39:21 Image size of job updated: 588588
	0  -  MemoryUsage of job (MB)
	0  -  ResidentSetSize of job (KB)
...
004 (40941.000.000) 2021-07-28 04:39:21 Job was evicted.
	(0) CPU times
		Usr 0 00:00:01, Sys 0 00:00:01  -  Run Remote Usage
		Usr 0 00:00:00, Sys 0 00:00:00  -  Run Local Usage
	0  -  Run Bytes Sent By Job
	323  -  Run Bytes Received By Job
	Partitionable Resources :    Usage  Request Allocated 
	   Cpus                 :     0.02        1         1 
	   Disk (KB)            :    16           1   3637421 
	   Memory (MB)          :     0       10240     10240 
...
040 (40941.000.000) 2021-07-28 04:42:12 Started transferring input files
	Transferring to host: <192.168.16.114:9618?addrs=192.168.16.114-9618&alias=condor-d19-04.ppe.cluster&noUDP&sock=slot1_12_27515_8e78_15>
...
040 (40941.000.000) 2021-07-28 04:42:12 Finished transferring input files
...
001 (40941.000.000) 2021-07-28 04:42:13 Job executing on host: <192.168.16.114:9618?addrs=192.168.16.114-9618&alias=condor-d19-04.ppe.cluster&noUDP&sock=startd_2633_98f3>
...
006 (40941.000.000) 2021-07-28 04:42:22 Image size of job updated: 750000
	62  -  MemoryUsage of job (MB)
	62660  -  ResidentSetSize of job (KB)
...
006 (40941.000.000) 2021-07-28 04:47:23 Image size of job updated: 1407888
	674  -  MemoryUsage of job (MB)
	689408  -  ResidentSetSize of job (KB)
...
006 (40941.000.000) 2021-07-28 04:52:23 Image size of job updated: 1416572
	674  -  MemoryUsage of job (MB)
	689408  -  ResidentSetSize of job (KB)
...
006 (40941.000.000) 2021-07-28 05:07:25 Image size of job updated: 1421328
	677  -  MemoryUsage of job (MB)
	692228  -  ResidentSetSize of job (KB)
...
006 (40941.000.000) 2021-07-28 05:17:26 Image size of job updated: 1421328
	679  -  MemoryUsage of job (MB)
	694952  -  ResidentSetSize of job (KB)
...
006 (40941.000.000) 2021-07-28 05:37:28 Image size of job updated: 1421328
	680  -  MemoryUsage of job (MB)
	695436  -  ResidentSetSize of job (KB)
...
006 (40941.000.000) 2021-07-28 06:02:30 Image size of job updated: 1427016
	680  -  MemoryUsage of job (MB)
	695436  -  ResidentSetSize of job (KB)
...
006 (40941.000.000) 2021-07-28 06:12:32 Image size of job updated: 1427016
	785  -  MemoryUsage of job (MB)
	802896  -  ResidentSetSize of job (KB)
...
006 (40941.000.000) 2021-07-28 07:37:40 Image size of job updated: 1427724
	785  -  MemoryUsage of job (MB)
	802896  -  ResidentSetSize of job (KB)
...
006 (40941.000.000) 2021-07-28 07:52:42 Image size of job updated: 1427724
	790  -  MemoryUsage of job (MB)
	808576  -  ResidentSetSize of job (KB)
...
040 (40941.000.000) 2021-07-28 08:45:26 Started transferring output files
...
040 (40941.000.000) 2021-07-28 08:45:38 Finished transferring output files
...
005 (40941.000.000) 2021-07-28 08:45:38 Job terminated.
	(1) Normal termination (return value 0)
		Usr 0 03:35:00, Sys 0 00:26:35  -  Run Remote Usage
		Usr 0 00:00:00, Sys 0 00:00:00  -  Run Local Usage
		Usr 0 03:35:01, Sys 0 00:26:36  -  Total Remote Usage
		Usr 0 00:00:00, Sys 0 00:00:00  -  Total Local Usage
	3863686912  -  Run Bytes Sent By Job
	323  -  Run Bytes Received By Job
	3863686912  -  Total Bytes Sent By Job
	646  -  Total Bytes Received By Job
	Partitionable Resources :      Usage  Request Allocated 
	   Cpus                 :       1.00        1         1 
	   Disk (KB)            : 3773148          17   3637421 
	   Memory (MB)          :     790       10240     10240 

	Job terminated of its own accord at 2021-07-28T07:45:26Z.
...
