000 (40357.000.000) 2021-07-26 16:54:38 Job submitted from host: <194.36.1.200:9618?addrs=194.36.1.200-9618&alias=hex.ppe.gla.ac.uk&noUDP&sock=schedd_1401_8c46>
...
040 (40357.000.000) 2021-07-27 00:51:38 Started transferring input files
	Transferring to host: <192.168.16.114:9618?addrs=192.168.16.114-9618&alias=condor-d19-04.ppe.cluster&noUDP&sock=slot1_10_3775_9433_770>
...
040 (40357.000.000) 2021-07-27 00:51:38 Finished transferring input files
...
001 (40357.000.000) 2021-07-27 00:51:39 Job executing on host: <192.168.16.114:9618?addrs=192.168.16.114-9618&alias=condor-d19-04.ppe.cluster&noUDP&sock=startd_2633_98f3>
...
006 (40357.000.000) 2021-07-27 00:51:48 Image size of job updated: 613956
	600  -  MemoryUsage of job (MB)
	613952  -  ResidentSetSize of job (KB)
...
006 (40357.000.000) 2021-07-27 00:56:49 Image size of job updated: 1270516
	625  -  MemoryUsage of job (MB)
	639812  -  ResidentSetSize of job (KB)
...
006 (40357.000.000) 2021-07-27 01:01:49 Image size of job updated: 1451424
	640  -  MemoryUsage of job (MB)
	654536  -  ResidentSetSize of job (KB)
...
006 (40357.000.000) 2021-07-27 01:06:49 Image size of job updated: 1451424
	649  -  MemoryUsage of job (MB)
	663600  -  ResidentSetSize of job (KB)
...
006 (40357.000.000) 2021-07-27 01:21:50 Image size of job updated: 1451424
	689  -  MemoryUsage of job (MB)
	705000  -  ResidentSetSize of job (KB)
...
006 (40357.000.000) 2021-07-27 01:26:51 Image size of job updated: 1521780
	689  -  MemoryUsage of job (MB)
	705000  -  ResidentSetSize of job (KB)
...
006 (40357.000.000) 2021-07-27 01:41:53 Image size of job updated: 1521780
	784  -  MemoryUsage of job (MB)
	802544  -  ResidentSetSize of job (KB)
...
006 (40357.000.000) 2021-07-27 02:26:57 Image size of job updated: 1525404
	784  -  MemoryUsage of job (MB)
	802544  -  ResidentSetSize of job (KB)
...
006 (40357.000.000) 2021-07-27 02:47:00 Image size of job updated: 1525404
	790  -  MemoryUsage of job (MB)
	808884  -  ResidentSetSize of job (KB)
...
006 (40357.000.000) 2021-07-27 02:52:01 Image size of job updated: 1539548
	790  -  MemoryUsage of job (MB)
	808884  -  ResidentSetSize of job (KB)
...
006 (40357.000.000) 2021-07-27 02:57:01 Image size of job updated: 1554588
	891  -  MemoryUsage of job (MB)
	911900  -  ResidentSetSize of job (KB)
...
006 (40357.000.000) 2021-07-27 03:22:03 Image size of job updated: 1558372
	891  -  MemoryUsage of job (MB)
	911900  -  ResidentSetSize of job (KB)
...
040 (40357.000.000) 2021-07-27 04:39:20 Started transferring output files
...
040 (40357.000.000) 2021-07-27 04:39:31 Finished transferring output files
...
005 (40357.000.000) 2021-07-27 04:39:31 Job terminated.
	(1) Normal termination (return value 0)
		Usr 0 03:21:42, Sys 0 00:24:18  -  Run Remote Usage
		Usr 0 00:00:00, Sys 0 00:00:00  -  Run Local Usage
		Usr 0 03:21:42, Sys 0 00:24:18  -  Total Remote Usage
		Usr 0 00:00:00, Sys 0 00:00:00  -  Total Local Usage
	3595173376  -  Run Bytes Sent By Job
	319  -  Run Bytes Received By Job
	3595173376  -  Total Bytes Sent By Job
	319  -  Total Bytes Received By Job
	Partitionable Resources :      Usage  Request Allocated 
	   Cpus                 :       0.99        1         1 
	   Disk (KB)            : 3510927           1   3637421 
	   Memory (MB)          :     891       10240     10240 

	Job terminated of its own accord at 2021-07-27T03:39:20Z.
...
