000 (40865.000.000) 2021-07-26 16:55:09 Job submitted from host: <194.36.1.200:9618?addrs=194.36.1.200-9618&alias=hex.ppe.gla.ac.uk&noUDP&sock=schedd_1401_8c46>
...
040 (40865.000.000) 2021-07-28 00:45:10 Started transferring input files
	Transferring to host: <192.168.16.121:9618?addrs=192.168.16.121-9618&alias=condor-d20-01.ppe.cluster&noUDP&sock=slot1_1_40472_ef67_1228>
...
040 (40865.000.000) 2021-07-28 00:45:10 Finished transferring input files
...
001 (40865.000.000) 2021-07-28 00:45:11 Job executing on host: <192.168.16.121:9618?addrs=192.168.16.121-9618&alias=condor-d20-01.ppe.cluster&noUDP&sock=startd_40545_137a>
...
006 (40865.000.000) 2021-07-28 00:45:19 Image size of job updated: 63104
	62  -  MemoryUsage of job (MB)
	63100  -  ResidentSetSize of job (KB)
...
006 (40865.000.000) 2021-07-28 00:50:19 Image size of job updated: 1407168
	630  -  MemoryUsage of job (MB)
	644816  -  ResidentSetSize of job (KB)
...
006 (40865.000.000) 2021-07-28 00:55:20 Image size of job updated: 1417804
	630  -  MemoryUsage of job (MB)
	644816  -  ResidentSetSize of job (KB)
...
006 (40865.000.000) 2021-07-28 01:00:21 Image size of job updated: 1417804
	670  -  MemoryUsage of job (MB)
	685324  -  ResidentSetSize of job (KB)
...
006 (40865.000.000) 2021-07-28 01:10:22 Image size of job updated: 1417804
	772  -  MemoryUsage of job (MB)
	790528  -  ResidentSetSize of job (KB)
...
006 (40865.000.000) 2021-07-28 01:25:24 Image size of job updated: 1422564
	772  -  MemoryUsage of job (MB)
	790528  -  ResidentSetSize of job (KB)
...
006 (40865.000.000) 2021-07-28 01:30:25 Image size of job updated: 1428776
	772  -  MemoryUsage of job (MB)
	790528  -  ResidentSetSize of job (KB)
...
006 (40865.000.000) 2021-07-28 01:55:26 Image size of job updated: 1428776
	787  -  MemoryUsage of job (MB)
	805592  -  ResidentSetSize of job (KB)
...
004 (40865.000.000) 2021-07-28 03:41:26 Job was evicted.
	(0) CPU times
		Usr 0 02:35:39, Sys 0 00:19:19  -  Run Remote Usage
		Usr 0 00:00:00, Sys 0 00:00:00  -  Run Local Usage
	0  -  Run Bytes Sent By Job
	319  -  Run Bytes Received By Job
	Partitionable Resources :      Usage  Request Allocated 
	   Cpus                 :       1.00        1         1 
	   Disk (KB)            : 2656720           1   3637421 
	   Memory (MB)          :     787       10240     10240 
...
040 (40865.000.000) 2021-07-28 03:44:12 Started transferring input files
	Transferring to host: <192.168.16.121:9618?addrs=192.168.16.121-9618&alias=condor-d20-01.ppe.cluster&noUDP&sock=slot1_5_25694_7f4e_8>
...
040 (40865.000.000) 2021-07-28 03:44:12 Finished transferring input files
...
001 (40865.000.000) 2021-07-28 03:44:13 Job executing on host: <192.168.16.121:9618?addrs=192.168.16.121-9618&alias=condor-d20-01.ppe.cluster&noUDP&sock=startd_40545_137a>
...
040 (40865.000.000) 2021-07-28 07:40:46 Started transferring output files
...
040 (40865.000.000) 2021-07-28 07:40:57 Finished transferring output files
...
005 (40865.000.000) 2021-07-28 07:40:57 Job terminated.
	(1) Normal termination (return value 0)
		Usr 0 03:28:52, Sys 0 00:26:07  -  Run Remote Usage
		Usr 0 00:00:00, Sys 0 00:00:00  -  Run Local Usage
		Usr 0 06:04:31, Sys 0 00:45:26  -  Total Remote Usage
		Usr 0 00:00:00, Sys 0 00:00:00  -  Total Local Usage
	3675399168  -  Run Bytes Sent By Job
	319  -  Run Bytes Received By Job
	3675399168  -  Total Bytes Sent By Job
	638  -  Total Bytes Received By Job
	Partitionable Resources :      Usage  Request Allocated 
	   Cpus                 :       0.99        1         1 
	   Disk (KB)            : 3589274     2750000   7274841 
	   Memory (MB)          :     977       10240     10240 

	Job terminated of its own accord at 2021-07-28T06:40:46Z.
...
