000 (40285.000.000) 2021-07-26 16:54:34 Job submitted from host: <194.36.1.200:9618?addrs=194.36.1.200-9618&alias=hex.ppe.gla.ac.uk&noUDP&sock=schedd_1401_8c46>
...
040 (40285.000.000) 2021-07-26 21:46:34 Started transferring input files
	Transferring to host: <192.168.16.104:9618?addrs=192.168.16.104-9618&alias=condor-h16-04.ppe.cluster&noUDP&sock=slot1_3_11689_b534_528>
...
040 (40285.000.000) 2021-07-26 21:46:34 Finished transferring input files
...
001 (40285.000.000) 2021-07-26 21:46:35 Job executing on host: <192.168.16.104:9618?addrs=192.168.16.104-9618&alias=condor-h16-04.ppe.cluster&noUDP&sock=startd_20625_9ceb>
...
006 (40285.000.000) 2021-07-26 21:46:44 Image size of job updated: 60400
	59  -  MemoryUsage of job (MB)
	60396  -  ResidentSetSize of job (KB)
...
006 (40285.000.000) 2021-07-26 21:51:45 Image size of job updated: 1410364
	674  -  MemoryUsage of job (MB)
	689208  -  ResidentSetSize of job (KB)
...
006 (40285.000.000) 2021-07-26 21:56:45 Image size of job updated: 1426720
	674  -  MemoryUsage of job (MB)
	689208  -  ResidentSetSize of job (KB)
...
006 (40285.000.000) 2021-07-26 22:01:45 Image size of job updated: 1426720
	779  -  MemoryUsage of job (MB)
	797116  -  ResidentSetSize of job (KB)
...
006 (40285.000.000) 2021-07-27 01:17:07 Image size of job updated: 1430436
	779  -  MemoryUsage of job (MB)
	797116  -  ResidentSetSize of job (KB)
...
006 (40285.000.000) 2021-07-27 01:27:07 Image size of job updated: 1430436
	781  -  MemoryUsage of job (MB)
	799484  -  ResidentSetSize of job (KB)
...
040 (40285.000.000) 2021-07-27 02:11:26 Started transferring output files
...
040 (40285.000.000) 2021-07-27 02:11:37 Finished transferring output files
...
005 (40285.000.000) 2021-07-27 02:11:37 Job terminated.
	(1) Normal termination (return value 0)
		Usr 0 03:44:22, Sys 0 00:38:49  -  Run Remote Usage
		Usr 0 00:00:00, Sys 0 00:00:00  -  Run Local Usage
		Usr 0 03:44:22, Sys 0 00:38:49  -  Total Remote Usage
		Usr 0 00:00:00, Sys 0 00:00:00  -  Total Local Usage
	3358124032  -  Run Bytes Sent By Job
	323  -  Run Bytes Received By Job
	3358124032  -  Total Bytes Sent By Job
	323  -  Total Bytes Received By Job
	Partitionable Resources :      Usage  Request Allocated 
	   Cpus                 :       1.00        1         1 
	   Disk (KB)            : 3279434           1    861476 
	   Memory (MB)          :     781       10240     10240 

	Job terminated of its own accord at 2021-07-27T01:11:26Z.
...
