000 (40420.000.000) 2021-07-26 16:54:41 Job submitted from host: <194.36.1.200:9618?addrs=194.36.1.200-9618&alias=hex.ppe.gla.ac.uk&noUDP&sock=schedd_1401_8c46>
...
040 (40420.000.000) 2021-07-27 04:11:41 Started transferring input files
	Transferring to host: <192.168.16.113:9618?addrs=192.168.16.113-9618&alias=condor-d19-03.ppe.cluster&noUDP&sock=slot1_9_26289_ba86_900>
...
040 (40420.000.000) 2021-07-27 04:11:41 Finished transferring input files
...
001 (40420.000.000) 2021-07-27 04:11:42 Job executing on host: <192.168.16.113:9618?addrs=192.168.16.113-9618&alias=condor-d19-03.ppe.cluster&noUDP&sock=startd_2634_488c>
...
006 (40420.000.000) 2021-07-27 04:11:51 Image size of job updated: 624564
	67  -  MemoryUsage of job (MB)
	67872  -  ResidentSetSize of job (KB)
...
006 (40420.000.000) 2021-07-27 04:16:52 Image size of job updated: 1415544
	626  -  MemoryUsage of job (MB)
	640320  -  ResidentSetSize of job (KB)
...
006 (40420.000.000) 2021-07-27 04:21:52 Image size of job updated: 1419588
	681  -  MemoryUsage of job (MB)
	697072  -  ResidentSetSize of job (KB)
...
006 (40420.000.000) 2021-07-27 04:31:53 Image size of job updated: 1419588
	782  -  MemoryUsage of job (MB)
	800488  -  ResidentSetSize of job (KB)
...
006 (40420.000.000) 2021-07-27 04:41:54 Image size of job updated: 1424396
	782  -  MemoryUsage of job (MB)
	800488  -  ResidentSetSize of job (KB)
...
006 (40420.000.000) 2021-07-27 04:56:56 Image size of job updated: 1425404
	782  -  MemoryUsage of job (MB)
	800488  -  ResidentSetSize of job (KB)
...
006 (40420.000.000) 2021-07-27 05:01:56 Image size of job updated: 1425404
	784  -  MemoryUsage of job (MB)
	802652  -  ResidentSetSize of job (KB)
...
006 (40420.000.000) 2021-07-27 05:06:57 Image size of job updated: 1427856
	784  -  MemoryUsage of job (MB)
	802652  -  ResidentSetSize of job (KB)
...
006 (40420.000.000) 2021-07-27 05:11:58 Image size of job updated: 1446108
	784  -  MemoryUsage of job (MB)
	802652  -  ResidentSetSize of job (KB)
...
006 (40420.000.000) 2021-07-27 05:16:58 Image size of job updated: 1451952
	784  -  MemoryUsage of job (MB)
	802652  -  ResidentSetSize of job (KB)
...
006 (40420.000.000) 2021-07-27 05:27:00 Image size of job updated: 1453956
	784  -  MemoryUsage of job (MB)
	802652  -  ResidentSetSize of job (KB)
...
006 (40420.000.000) 2021-07-27 05:32:00 Image size of job updated: 1455196
	784  -  MemoryUsage of job (MB)
	802652  -  ResidentSetSize of job (KB)
...
006 (40420.000.000) 2021-07-27 05:47:02 Image size of job updated: 1456540
	784  -  MemoryUsage of job (MB)
	802652  -  ResidentSetSize of job (KB)
...
006 (40420.000.000) 2021-07-27 06:27:06 Image size of job updated: 1456540
	786  -  MemoryUsage of job (MB)
	804500  -  ResidentSetSize of job (KB)
...
006 (40420.000.000) 2021-07-27 07:32:13 Image size of job updated: 1461068
	786  -  MemoryUsage of job (MB)
	804500  -  ResidentSetSize of job (KB)
...
040 (40420.000.000) 2021-07-27 08:06:44 Started transferring output files
...
040 (40420.000.000) 2021-07-27 08:06:56 Finished transferring output files
...
005 (40420.000.000) 2021-07-27 08:06:56 Job terminated.
	(1) Normal termination (return value 0)
		Usr 0 03:28:14, Sys 0 00:25:17  -  Run Remote Usage
		Usr 0 00:00:00, Sys 0 00:00:00  -  Run Local Usage
		Usr 0 03:28:14, Sys 0 00:25:17  -  Total Remote Usage
		Usr 0 00:00:00, Sys 0 00:00:00  -  Total Local Usage
	3669579776  -  Run Bytes Sent By Job
	319  -  Run Bytes Received By Job
	3669579776  -  Total Bytes Sent By Job
	319  -  Total Bytes Received By Job
	Partitionable Resources :      Usage  Request Allocated 
	   Cpus                 :       1.00        1         1 
	   Disk (KB)            : 3583589           1   3637421 
	   Memory (MB)          :     786       10240     10240 

	Job terminated of its own accord at 2021-07-27T07:06:44Z.
...
