000 (40533.000.000) 2021-07-26 16:54:46 Job submitted from host: <194.36.1.200:9618?addrs=194.36.1.200-9618&alias=hex.ppe.gla.ac.uk&noUDP&sock=schedd_1401_8c46>
...
040 (40533.000.000) 2021-07-27 08:55:44 Started transferring input files
	Transferring to host: <192.168.16.113:9618?addrs=192.168.16.113-9618&alias=condor-d19-03.ppe.cluster&noUDP&sock=slot1_11_26289_ba86_918>
...
040 (40533.000.000) 2021-07-27 08:55:44 Finished transferring input files
...
001 (40533.000.000) 2021-07-27 08:55:45 Job executing on host: <192.168.16.113:9618?addrs=192.168.16.113-9618&alias=condor-d19-03.ppe.cluster&noUDP&sock=startd_2634_488c>
...
006 (40533.000.000) 2021-07-27 08:55:54 Image size of job updated: 1218932
	591  -  MemoryUsage of job (MB)
	604552  -  ResidentSetSize of job (KB)
...
006 (40533.000.000) 2021-07-27 09:00:55 Image size of job updated: 1425708
	781  -  MemoryUsage of job (MB)
	799444  -  ResidentSetSize of job (KB)
...
006 (40533.000.000) 2021-07-27 09:15:56 Image size of job updated: 1428404
	781  -  MemoryUsage of job (MB)
	799444  -  ResidentSetSize of job (KB)
...
006 (40533.000.000) 2021-07-27 09:20:57 Image size of job updated: 1428404
	786  -  MemoryUsage of job (MB)
	804748  -  ResidentSetSize of job (KB)
...
006 (40533.000.000) 2021-07-27 09:25:57 Image size of job updated: 1478972
	843  -  MemoryUsage of job (MB)
	863176  -  ResidentSetSize of job (KB)
...
006 (40533.000.000) 2021-07-27 09:40:58 Image size of job updated: 1519924
	843  -  MemoryUsage of job (MB)
	863176  -  ResidentSetSize of job (KB)
...
006 (40533.000.000) 2021-07-27 09:45:58 Image size of job updated: 1530316
	862  -  MemoryUsage of job (MB)
	881824  -  ResidentSetSize of job (KB)
...
006 (40533.000.000) 2021-07-27 10:01:00 Image size of job updated: 1531500
	862  -  MemoryUsage of job (MB)
	881824  -  ResidentSetSize of job (KB)
...
006 (40533.000.000) 2021-07-27 10:41:04 Image size of job updated: 1534152
	862  -  MemoryUsage of job (MB)
	881824  -  ResidentSetSize of job (KB)
...
006 (40533.000.000) 2021-07-27 11:26:08 Image size of job updated: 1538124
	862  -  MemoryUsage of job (MB)
	881824  -  ResidentSetSize of job (KB)
...
006 (40533.000.000) 2021-07-27 12:16:13 Image size of job updated: 1538124
	868  -  MemoryUsage of job (MB)
	888368  -  ResidentSetSize of job (KB)
...
006 (40533.000.000) 2021-07-27 12:21:14 Image size of job updated: 1541220
	868  -  MemoryUsage of job (MB)
	888368  -  ResidentSetSize of job (KB)
...
040 (40533.000.000) 2021-07-27 12:49:55 Started transferring output files
...
040 (40533.000.000) 2021-07-27 12:50:06 Finished transferring output files
...
005 (40533.000.000) 2021-07-27 12:50:06 Job terminated.
	(1) Normal termination (return value 0)
		Usr 0 03:27:28, Sys 0 00:25:03  -  Run Remote Usage
		Usr 0 00:00:00, Sys 0 00:00:00  -  Run Local Usage
		Usr 0 03:27:28, Sys 0 00:25:03  -  Total Remote Usage
		Usr 0 00:00:00, Sys 0 00:00:00  -  Total Local Usage
	3696295424  -  Run Bytes Sent By Job
	319  -  Run Bytes Received By Job
	3696295424  -  Total Bytes Sent By Job
	319  -  Total Bytes Received By Job
	Partitionable Resources :      Usage  Request Allocated 
	   Cpus                 :       0.97        1         1 
	   Disk (KB)            : 3609679           1   3637421 
	   Memory (MB)          :     868       10240     10240 

	Job terminated of its own accord at 2021-07-27T11:49:55Z.
...
