000 (40295.000.000) 2021-07-26 16:54:35 Job submitted from host: <194.36.1.200:9618?addrs=194.36.1.200-9618&alias=hex.ppe.gla.ac.uk&noUDP&sock=schedd_1401_8c46>
...
040 (40295.000.000) 2021-07-26 21:54:26 Started transferring input files
	Transferring to host: <192.168.16.103:9618?addrs=192.168.16.103-9618&alias=condor-h16-03.ppe.cluster&noUDP&sock=slot1_5_22104_047c_488>
...
040 (40295.000.000) 2021-07-26 21:54:26 Finished transferring input files
...
001 (40295.000.000) 2021-07-26 21:54:27 Job executing on host: <192.168.16.103:9618?addrs=192.168.16.103-9618&alias=condor-h16-03.ppe.cluster&noUDP&sock=startd_20690_3293>
...
006 (40295.000.000) 2021-07-26 21:54:36 Image size of job updated: 51876
	51  -  MemoryUsage of job (MB)
	51872  -  ResidentSetSize of job (KB)
...
006 (40295.000.000) 2021-07-26 21:54:42 Image size of job updated: 154596
	51  -  MemoryUsage of job (MB)
	51904  -  ResidentSetSize of job (KB)
...
040 (40295.000.000) 2021-07-26 21:54:42 Started transferring output files
...
040 (40295.000.000) 2021-07-26 21:54:42 Finished transferring output files
...
005 (40295.000.000) 2021-07-26 21:54:42 Job terminated.
	(1) Normal termination (return value 0)
		Usr 0 00:00:07, Sys 0 00:00:03  -  Run Remote Usage
		Usr 0 00:00:00, Sys 0 00:00:00  -  Run Local Usage
		Usr 0 00:00:07, Sys 0 00:00:03  -  Total Remote Usage
		Usr 0 00:00:00, Sys 0 00:00:00  -  Total Local Usage
	718123  -  Run Bytes Sent By Job
	323  -  Run Bytes Received By Job
	718123  -  Total Bytes Sent By Job
	323  -  Total Bytes Received By Job
	Partitionable Resources :    Usage  Request Allocated 
	   Cpus                 :                 1         1 
	   Disk (KB)            :      712        1    861476 
	   Memory (MB)          :       51    10240     10240 

	Job terminated of its own accord at 2021-07-26T20:54:42Z.
...
