000 (41034.000.000) 2021-07-26 16:55:21 Job submitted from host: <194.36.1.200:9618?addrs=194.36.1.200-9618&alias=hex.ppe.gla.ac.uk&noUDP&sock=schedd_1401_8c46>
...
040 (41034.000.000) 2021-07-28 10:58:00 Started transferring input files
	Transferring to host: <192.168.16.112:9618?addrs=192.168.16.112-9618&alias=condor-d19-02.ppe.cluster&noUDP&sock=slot1_9_268998_2cf4_17>
...
040 (41034.000.000) 2021-07-28 10:58:00 Finished transferring input files
...
001 (41034.000.000) 2021-07-28 10:58:01 Job executing on host: <192.168.16.112:9618?addrs=192.168.16.112-9618&alias=condor-d19-02.ppe.cluster&noUDP&sock=startd_2914_5710>
...
006 (41034.000.000) 2021-07-28 10:58:10 Image size of job updated: 60320
	59  -  MemoryUsage of job (MB)
	60316  -  ResidentSetSize of job (KB)
...
006 (41034.000.000) 2021-07-28 11:03:11 Image size of job updated: 1452276
	817  -  MemoryUsage of job (MB)
	836488  -  ResidentSetSize of job (KB)
...
006 (41034.000.000) 2021-07-28 11:08:11 Image size of job updated: 1496196
	817  -  MemoryUsage of job (MB)
	836488  -  ResidentSetSize of job (KB)
...
006 (41034.000.000) 2021-07-28 11:13:12 Image size of job updated: 1496452
	817  -  MemoryUsage of job (MB)
	836488  -  ResidentSetSize of job (KB)
...
006 (41034.000.000) 2021-07-28 11:18:13 Image size of job updated: 1506084
	817  -  MemoryUsage of job (MB)
	836488  -  ResidentSetSize of job (KB)
...
006 (41034.000.000) 2021-07-28 11:23:13 Image size of job updated: 1506084
	866  -  MemoryUsage of job (MB)
	886664  -  ResidentSetSize of job (KB)
...
006 (41034.000.000) 2021-07-28 11:28:14 Image size of job updated: 1510068
	866  -  MemoryUsage of job (MB)
	886664  -  ResidentSetSize of job (KB)
...
006 (41034.000.000) 2021-07-28 11:48:17 Image size of job updated: 1547496
	878  -  MemoryUsage of job (MB)
	898964  -  ResidentSetSize of job (KB)
...
040 (41034.000.000) 2021-07-28 14:32:21 Started transferring output files
...
040 (41034.000.000) 2021-07-28 14:32:38 Finished transferring output files
...
005 (41034.000.000) 2021-07-28 14:32:38 Job terminated.
	(1) Normal termination (return value 0)
		Usr 0 03:05:30, Sys 0 00:27:07  -  Run Remote Usage
		Usr 0 00:00:00, Sys 0 00:00:00  -  Run Local Usage
		Usr 0 03:05:30, Sys 0 00:27:07  -  Total Remote Usage
		Usr 0 00:00:00, Sys 0 00:00:00  -  Total Local Usage
	3798114560  -  Run Bytes Sent By Job
	319  -  Run Bytes Received By Job
	3798114560  -  Total Bytes Sent By Job
	319  -  Total Bytes Received By Job
	Partitionable Resources :      Usage  Request Allocated 
	   Cpus                 :       1.00        1         1 
	   Disk (KB)            : 3709112           1    825748 
	   Memory (MB)          :     878       10240     10240 

	Job terminated of its own accord at 2021-07-28T13:32:21Z.
...
