000 (40454.000.000) 2021-07-26 16:54:42 Job submitted from host: <194.36.1.200:9618?addrs=194.36.1.200-9618&alias=hex.ppe.gla.ac.uk&noUDP&sock=schedd_1401_8c46>
...
040 (40454.000.000) 2021-07-27 06:08:09 Started transferring input files
	Transferring to host: <192.168.16.101:9618?addrs=192.168.16.101-9618&alias=condor-h16-01.ppe.cluster&noUDP&sock=slot1_4_21991_6617_537>
...
040 (40454.000.000) 2021-07-27 06:08:09 Finished transferring input files
...
001 (40454.000.000) 2021-07-27 06:08:10 Job executing on host: <192.168.16.101:9618?addrs=192.168.16.101-9618&alias=condor-h16-01.ppe.cluster&noUDP&sock=startd_2155_baae>
...
006 (40454.000.000) 2021-07-27 06:08:18 Image size of job updated: 23208
	1  -  MemoryUsage of job (MB)
	840  -  ResidentSetSize of job (KB)
...
006 (40454.000.000) 2021-07-27 06:13:18 Image size of job updated: 1304452
	673  -  MemoryUsage of job (MB)
	688552  -  ResidentSetSize of job (KB)
...
006 (40454.000.000) 2021-07-27 06:18:18 Image size of job updated: 1414196
	673  -  MemoryUsage of job (MB)
	688552  -  ResidentSetSize of job (KB)
...
006 (40454.000.000) 2021-07-27 06:38:20 Image size of job updated: 1434804
	673  -  MemoryUsage of job (MB)
	688552  -  ResidentSetSize of job (KB)
...
006 (40454.000.000) 2021-07-27 06:43:21 Image size of job updated: 1434804
	782  -  MemoryUsage of job (MB)
	800584  -  ResidentSetSize of job (KB)
...
006 (40454.000.000) 2021-07-27 07:08:24 Image size of job updated: 1434804
	785  -  MemoryUsage of job (MB)
	803540  -  ResidentSetSize of job (KB)
...
006 (40454.000.000) 2021-07-27 07:23:26 Image size of job updated: 1458540
	785  -  MemoryUsage of job (MB)
	803540  -  ResidentSetSize of job (KB)
...
006 (40454.000.000) 2021-07-27 07:33:28 Image size of job updated: 1458540
	787  -  MemoryUsage of job (MB)
	805128  -  ResidentSetSize of job (KB)
...
006 (40454.000.000) 2021-07-27 08:18:31 Image size of job updated: 1467420
	787  -  MemoryUsage of job (MB)
	805128  -  ResidentSetSize of job (KB)
...
040 (40454.000.000) 2021-07-27 08:57:16 Started transferring output files
...
040 (40454.000.000) 2021-07-27 08:57:22 Finished transferring output files
...
005 (40454.000.000) 2021-07-27 08:57:22 Job terminated.
	(1) Normal termination (return value 0)
		Usr 0 02:22:20, Sys 0 00:25:50  -  Run Remote Usage
		Usr 0 00:00:00, Sys 0 00:00:00  -  Run Local Usage
		Usr 0 02:22:20, Sys 0 00:25:50  -  Total Remote Usage
		Usr 0 00:00:00, Sys 0 00:00:00  -  Total Local Usage
	2056646528  -  Run Bytes Sent By Job
	323  -  Run Bytes Received By Job
	2056646528  -  Total Bytes Sent By Job
	323  -  Total Bytes Received By Job
	Partitionable Resources :      Usage  Request Allocated 
	   Cpus                 :       1.00        1         1 
	   Disk (KB)            : 2008460           1    864796 
	   Memory (MB)          :     787       10240     10240 

	Job terminated of its own accord at 2021-07-27T07:57:16Z.
...
