000 (41094.000.000) 2021-07-26 16:55:24 Job submitted from host: <194.36.1.200:9618?addrs=194.36.1.200-9618&alias=hex.ppe.gla.ac.uk&noUDP&sock=schedd_1401_8c46>
...
040 (41094.000.000) 2021-07-28 13:21:01 Started transferring input files
	Transferring to host: <192.168.16.113:9618?addrs=192.168.16.113-9618&alias=condor-d19-03.ppe.cluster&noUDP&sock=slot1_2_27242_340d_39>
...
040 (41094.000.000) 2021-07-28 13:21:01 Finished transferring input files
...
001 (41094.000.000) 2021-07-28 13:21:02 Job executing on host: <192.168.16.113:9618?addrs=192.168.16.113-9618&alias=condor-d19-03.ppe.cluster&noUDP&sock=startd_2634_488c>
...
006 (41094.000.000) 2021-07-28 13:21:11 Image size of job updated: 400104
	391  -  MemoryUsage of job (MB)
	400100  -  ResidentSetSize of job (KB)
...
006 (41094.000.000) 2021-07-28 13:26:12 Image size of job updated: 1440980
	650  -  MemoryUsage of job (MB)
	665268  -  ResidentSetSize of job (KB)
...
006 (41094.000.000) 2021-07-28 13:31:13 Image size of job updated: 1447084
	650  -  MemoryUsage of job (MB)
	665268  -  ResidentSetSize of job (KB)
...
006 (41094.000.000) 2021-07-28 13:36:13 Image size of job updated: 1453144
	650  -  MemoryUsage of job (MB)
	665268  -  ResidentSetSize of job (KB)
...
006 (41094.000.000) 2021-07-28 13:41:14 Image size of job updated: 1482780
	654  -  MemoryUsage of job (MB)
	668920  -  ResidentSetSize of job (KB)
...
006 (41094.000.000) 2021-07-28 13:46:15 Image size of job updated: 1482780
	662  -  MemoryUsage of job (MB)
	677848  -  ResidentSetSize of job (KB)
...
006 (41094.000.000) 2021-07-28 14:56:21 Image size of job updated: 1482780
	673  -  MemoryUsage of job (MB)
	688272  -  ResidentSetSize of job (KB)
...
006 (41094.000.000) 2021-07-28 15:06:22 Image size of job updated: 1482780
	805  -  MemoryUsage of job (MB)
	823360  -  ResidentSetSize of job (KB)
...
006 (41094.000.000) 2021-07-28 15:51:26 Image size of job updated: 1482780
	823  -  MemoryUsage of job (MB)
	841980  -  ResidentSetSize of job (KB)
...
006 (41094.000.000) 2021-07-28 16:31:30 Image size of job updated: 1488124
	823  -  MemoryUsage of job (MB)
	841980  -  ResidentSetSize of job (KB)
...
040 (41094.000.000) 2021-07-28 17:19:33 Started transferring output files
...
040 (41094.000.000) 2021-07-28 17:19:46 Finished transferring output files
...
005 (41094.000.000) 2021-07-28 17:19:46 Job terminated.
	(1) Normal termination (return value 0)
		Usr 0 03:30:10, Sys 0 00:26:23  -  Run Remote Usage
		Usr 0 00:00:00, Sys 0 00:00:00  -  Run Local Usage
		Usr 0 03:30:10, Sys 0 00:26:23  -  Total Remote Usage
		Usr 0 00:00:00, Sys 0 00:00:00  -  Total Local Usage
	3813918976  -  Run Bytes Sent By Job
	319  -  Run Bytes Received By Job
	3813918976  -  Total Bytes Sent By Job
	319  -  Total Bytes Received By Job
	Partitionable Resources :      Usage  Request Allocated 
	   Cpus                 :       1.00        1         1 
	   Disk (KB)            : 3724546           1   3637421 
	   Memory (MB)          :     823       10240     10240 

	Job terminated of its own accord at 2021-07-28T16:19:33Z.
...
