000 (40139.000.000) 2021-07-26 16:54:27 Job submitted from host: <194.36.1.200:9618?addrs=194.36.1.200-9618&alias=hex.ppe.gla.ac.uk&noUDP&sock=schedd_1401_8c46>
...
040 (40139.000.000) 2021-07-26 16:54:47 Started transferring input files
	Transferring to host: <192.168.16.113:9618?addrs=192.168.16.113-9618&alias=condor-d19-03.ppe.cluster&noUDP&sock=slot1_1_26289_ba86_854>
...
040 (40139.000.000) 2021-07-26 16:54:47 Finished transferring input files
...
001 (40139.000.000) 2021-07-26 16:54:48 Job executing on host: <192.168.16.113:9618?addrs=192.168.16.113-9618&alias=condor-d19-03.ppe.cluster&noUDP&sock=startd_2634_488c>
...
006 (40139.000.000) 2021-07-26 16:54:56 Image size of job updated: 23116
	8  -  MemoryUsage of job (MB)
	7932  -  ResidentSetSize of job (KB)
...
006 (40139.000.000) 2021-07-26 16:59:56 Image size of job updated: 1503280
	868  -  MemoryUsage of job (MB)
	888024  -  ResidentSetSize of job (KB)
...
006 (40139.000.000) 2021-07-26 17:04:58 Image size of job updated: 1509064
	868  -  MemoryUsage of job (MB)
	888024  -  ResidentSetSize of job (KB)
...
006 (40139.000.000) 2021-07-26 17:14:58 Image size of job updated: 1510120
	877  -  MemoryUsage of job (MB)
	898008  -  ResidentSetSize of job (KB)
...
006 (40139.000.000) 2021-07-26 17:50:02 Image size of job updated: 1510316
	877  -  MemoryUsage of job (MB)
	898008  -  ResidentSetSize of job (KB)
...
006 (40139.000.000) 2021-07-26 18:35:06 Image size of job updated: 1516416
	887  -  MemoryUsage of job (MB)
	908160  -  ResidentSetSize of job (KB)
...
006 (40139.000.000) 2021-07-26 19:50:12 Image size of job updated: 1516484
	887  -  MemoryUsage of job (MB)
	908160  -  ResidentSetSize of job (KB)
...
040 (40139.000.000) 2021-07-26 20:51:12 Started transferring output files
...
040 (40139.000.000) 2021-07-26 20:51:30 Finished transferring output files
...
005 (40139.000.000) 2021-07-26 20:51:30 Job terminated.
	(1) Normal termination (return value 0)
		Usr 0 03:28:13, Sys 0 00:25:39  -  Run Remote Usage
		Usr 0 00:00:00, Sys 0 00:00:00  -  Run Local Usage
		Usr 0 03:28:13, Sys 0 00:25:39  -  Total Remote Usage
		Usr 0 00:00:00, Sys 0 00:00:00  -  Total Local Usage
	3785252608  -  Run Bytes Sent By Job
	319  -  Run Bytes Received By Job
	3785252608  -  Total Bytes Sent By Job
	319  -  Total Bytes Received By Job
	Partitionable Resources :      Usage  Request Allocated 
	   Cpus                 :       0.99        1         1 
	   Disk (KB)            : 3696551           1   3637421 
	   Memory (MB)          :     887       10240     10240 

	Job terminated of its own accord at 2021-07-26T19:51:12Z.
...
