000 (40727.000.000) 2021-07-26 16:54:59 Job submitted from host: <194.36.1.200:9618?addrs=194.36.1.200-9618&alias=hex.ppe.gla.ac.uk&noUDP&sock=schedd_1401_8c46>
...
040 (40727.000.000) 2021-07-27 18:46:10 Started transferring input files
	Transferring to host: <192.168.16.112:9618?addrs=192.168.16.112-9618&alias=condor-d19-02.ppe.cluster&noUDP&sock=slot1_6_174254_74e7_1216>
...
040 (40727.000.000) 2021-07-27 18:46:11 Finished transferring input files
...
001 (40727.000.000) 2021-07-27 18:46:12 Job executing on host: <192.168.16.112:9618?addrs=192.168.16.112-9618&alias=condor-d19-02.ppe.cluster&noUDP&sock=startd_2914_5710>
...
006 (40727.000.000) 2021-07-27 18:46:20 Image size of job updated: 22824
	1  -  MemoryUsage of job (MB)
	772  -  ResidentSetSize of job (KB)
...
006 (40727.000.000) 2021-07-27 18:51:20 Image size of job updated: 1409084
	659  -  MemoryUsage of job (MB)
	673956  -  ResidentSetSize of job (KB)
...
006 (40727.000.000) 2021-07-27 18:56:20 Image size of job updated: 1424452
	659  -  MemoryUsage of job (MB)
	673956  -  ResidentSetSize of job (KB)
...
006 (40727.000.000) 2021-07-27 19:21:24 Image size of job updated: 1424452
	665  -  MemoryUsage of job (MB)
	680216  -  ResidentSetSize of job (KB)
...
006 (40727.000.000) 2021-07-27 19:26:24 Image size of job updated: 1424452
	771  -  MemoryUsage of job (MB)
	788936  -  ResidentSetSize of job (KB)
...
006 (40727.000.000) 2021-07-27 19:36:25 Image size of job updated: 1435068
	771  -  MemoryUsage of job (MB)
	788936  -  ResidentSetSize of job (KB)
...
006 (40727.000.000) 2021-07-27 19:41:25 Image size of job updated: 1512908
	771  -  MemoryUsage of job (MB)
	788936  -  ResidentSetSize of job (KB)
...
006 (40727.000.000) 2021-07-27 19:51:26 Image size of job updated: 1518808
	771  -  MemoryUsage of job (MB)
	788936  -  ResidentSetSize of job (KB)
...
006 (40727.000.000) 2021-07-27 19:56:26 Image size of job updated: 1526596
	771  -  MemoryUsage of job (MB)
	788936  -  ResidentSetSize of job (KB)
...
006 (40727.000.000) 2021-07-27 20:01:26 Image size of job updated: 1544828
	866  -  MemoryUsage of job (MB)
	886528  -  ResidentSetSize of job (KB)
...
040 (40727.000.000) 2021-07-27 21:04:42 Started transferring output files
...
040 (40727.000.000) 2021-07-27 21:04:51 Finished transferring output files
...
005 (40727.000.000) 2021-07-27 21:04:51 Job terminated.
	(1) Normal termination (return value 0)
		Usr 0 01:59:47, Sys 0 00:17:23  -  Run Remote Usage
		Usr 0 00:00:00, Sys 0 00:00:00  -  Run Local Usage
		Usr 0 01:59:47, Sys 0 00:17:23  -  Total Remote Usage
		Usr 0 00:00:00, Sys 0 00:00:00  -  Total Local Usage
	2423156736  -  Run Bytes Sent By Job
	323  -  Run Bytes Received By Job
	2423156736  -  Total Bytes Sent By Job
	323  -  Total Bytes Received By Job
	Partitionable Resources :      Usage  Request Allocated 
	   Cpus                 :       1.00        1         1 
	   Disk (KB)            : 2366380           1    825748 
	   Memory (MB)          :     866       10240     10240 

	Job terminated of its own accord at 2021-07-27T20:04:42Z.
...
