000 (40753.000.000) 2021-07-26 16:55:02 Job submitted from host: <194.36.1.200:9618?addrs=194.36.1.200-9618&alias=hex.ppe.gla.ac.uk&noUDP&sock=schedd_1401_8c46>
...
040 (40753.000.000) 2021-07-27 19:38:10 Started transferring input files
	Transferring to host: <192.168.16.113:9618?addrs=192.168.16.113-9618&alias=condor-d19-03.ppe.cluster&noUDP&sock=slot1_7_26289_ba86_1138>
...
040 (40753.000.000) 2021-07-27 19:38:10 Finished transferring input files
...
001 (40753.000.000) 2021-07-27 19:38:11 Job executing on host: <192.168.16.113:9618?addrs=192.168.16.113-9618&alias=condor-d19-03.ppe.cluster&noUDP&sock=startd_2634_488c>
...
006 (40753.000.000) 2021-07-27 19:38:20 Image size of job updated: 637892
	623  -  MemoryUsage of job (MB)
	637888  -  ResidentSetSize of job (KB)
...
006 (40753.000.000) 2021-07-27 19:43:21 Image size of job updated: 1413376
	781  -  MemoryUsage of job (MB)
	799432  -  ResidentSetSize of job (KB)
...
006 (40753.000.000) 2021-07-27 19:48:21 Image size of job updated: 1415228
	781  -  MemoryUsage of job (MB)
	799432  -  ResidentSetSize of job (KB)
...
006 (40753.000.000) 2021-07-27 19:53:21 Image size of job updated: 1455164
	781  -  MemoryUsage of job (MB)
	799432  -  ResidentSetSize of job (KB)
...
006 (40753.000.000) 2021-07-27 20:03:23 Image size of job updated: 1455164
	786  -  MemoryUsage of job (MB)
	804740  -  ResidentSetSize of job (KB)
...
006 (40753.000.000) 2021-07-27 20:13:23 Image size of job updated: 1506664
	786  -  MemoryUsage of job (MB)
	804740  -  ResidentSetSize of job (KB)
...
006 (40753.000.000) 2021-07-27 22:33:37 Image size of job updated: 1506664
	791  -  MemoryUsage of job (MB)
	809584  -  ResidentSetSize of job (KB)
...
040 (40753.000.000) 2021-07-27 23:34:40 Started transferring output files
...
040 (40753.000.000) 2021-07-27 23:34:51 Finished transferring output files
...
005 (40753.000.000) 2021-07-27 23:34:51 Job terminated.
	(1) Normal termination (return value 0)
		Usr 0 03:29:15, Sys 0 00:25:52  -  Run Remote Usage
		Usr 0 00:00:00, Sys 0 00:00:00  -  Run Local Usage
		Usr 0 03:29:15, Sys 0 00:25:52  -  Total Remote Usage
		Usr 0 00:00:00, Sys 0 00:00:00  -  Total Local Usage
	3696219136  -  Run Bytes Sent By Job
	319  -  Run Bytes Received By Job
	3696219136  -  Total Bytes Sent By Job
	319  -  Total Bytes Received By Job
	Partitionable Resources :      Usage  Request Allocated 
	   Cpus                 :       0.99        1         1 
	   Disk (KB)            : 3609605           1   3637421 
	   Memory (MB)          :     791       10240     10240 

	Job terminated of its own accord at 2021-07-27T22:34:40Z.
...
