000 (40430.000.000) 2021-07-26 16:54:41 Job submitted from host: <194.36.1.200:9618?addrs=194.36.1.200-9618&alias=hex.ppe.gla.ac.uk&noUDP&sock=schedd_1401_8c46>
...
040 (40430.000.000) 2021-07-27 04:39:42 Started transferring input files
	Transferring to host: <192.168.16.114:9618?addrs=192.168.16.114-9618&alias=condor-d19-04.ppe.cluster&noUDP&sock=slot1_10_3775_9433_782>
...
040 (40430.000.000) 2021-07-27 04:39:42 Finished transferring input files
...
001 (40430.000.000) 2021-07-27 04:39:43 Job executing on host: <192.168.16.114:9618?addrs=192.168.16.114-9618&alias=condor-d19-04.ppe.cluster&noUDP&sock=startd_2633_98f3>
...
006 (40430.000.000) 2021-07-27 04:39:52 Image size of job updated: 571124
	558  -  MemoryUsage of job (MB)
	571120  -  ResidentSetSize of job (KB)
...
006 (40430.000.000) 2021-07-27 04:44:53 Image size of job updated: 1414328
	627  -  MemoryUsage of job (MB)
	641360  -  ResidentSetSize of job (KB)
...
006 (40430.000.000) 2021-07-27 04:49:54 Image size of job updated: 1489312
	662  -  MemoryUsage of job (MB)
	677692  -  ResidentSetSize of job (KB)
...
006 (40430.000.000) 2021-07-27 04:54:54 Image size of job updated: 1497668
	844  -  MemoryUsage of job (MB)
	863472  -  ResidentSetSize of job (KB)
...
006 (40430.000.000) 2021-07-27 05:09:55 Image size of job updated: 1499608
	865  -  MemoryUsage of job (MB)
	885108  -  ResidentSetSize of job (KB)
...
006 (40430.000.000) 2021-07-27 05:39:58 Image size of job updated: 1525748
	865  -  MemoryUsage of job (MB)
	885108  -  ResidentSetSize of job (KB)
...
006 (40430.000.000) 2021-07-27 06:30:03 Image size of job updated: 1535532
	865  -  MemoryUsage of job (MB)
	885108  -  ResidentSetSize of job (KB)
...
006 (40430.000.000) 2021-07-27 07:55:11 Image size of job updated: 1538708
	865  -  MemoryUsage of job (MB)
	885108  -  ResidentSetSize of job (KB)
...
040 (40430.000.000) 2021-07-27 08:35:29 Started transferring output files
...
040 (40430.000.000) 2021-07-27 08:35:41 Finished transferring output files
...
005 (40430.000.000) 2021-07-27 08:35:41 Job terminated.
	(1) Normal termination (return value 0)
		Usr 0 03:28:28, Sys 0 00:25:37  -  Run Remote Usage
		Usr 0 00:00:00, Sys 0 00:00:00  -  Run Local Usage
		Usr 0 03:28:28, Sys 0 00:25:37  -  Total Remote Usage
		Usr 0 00:00:00, Sys 0 00:00:00  -  Total Local Usage
	3749949184  -  Run Bytes Sent By Job
	319  -  Run Bytes Received By Job
	3749949184  -  Total Bytes Sent By Job
	319  -  Total Bytes Received By Job
	Partitionable Resources :      Usage  Request Allocated 
	   Cpus                 :       0.99        1         1 
	   Disk (KB)            : 3662075           1   3637421 
	   Memory (MB)          :     865       10240     10240 

	Job terminated of its own accord at 2021-07-27T07:35:29Z.
...
