000 (41025.000.000) 2021-07-26 16:55:21 Job submitted from host: <194.36.1.200:9618?addrs=194.36.1.200-9618&alias=hex.ppe.gla.ac.uk&noUDP&sock=schedd_1401_8c46>
...
040 (41025.000.000) 2021-07-28 10:33:59 Started transferring input files
	Transferring to host: <192.168.16.101:9618?addrs=192.168.16.101-9618&alias=condor-h16-01.ppe.cluster&noUDP&sock=slot1_6_16412_7d14_13>
...
040 (41025.000.000) 2021-07-28 10:33:59 Finished transferring input files
...
001 (41025.000.000) 2021-07-28 10:34:00 Job executing on host: <192.168.16.101:9618?addrs=192.168.16.101-9618&alias=condor-h16-01.ppe.cluster&noUDP&sock=startd_2155_baae>
...
006 (41025.000.000) 2021-07-28 10:34:09 Image size of job updated: 415920
	36  -  MemoryUsage of job (MB)
	36796  -  ResidentSetSize of job (KB)
...
006 (41025.000.000) 2021-07-28 10:39:10 Image size of job updated: 1412084
	600  -  MemoryUsage of job (MB)
	614244  -  ResidentSetSize of job (KB)
...
006 (41025.000.000) 2021-07-28 10:44:10 Image size of job updated: 1488684
	854  -  MemoryUsage of job (MB)
	873824  -  ResidentSetSize of job (KB)
...
006 (41025.000.000) 2021-07-28 11:19:14 Image size of job updated: 1490408
	854  -  MemoryUsage of job (MB)
	873824  -  ResidentSetSize of job (KB)
...
006 (41025.000.000) 2021-07-28 11:29:15 Image size of job updated: 1495596
	854  -  MemoryUsage of job (MB)
	873824  -  ResidentSetSize of job (KB)
...
006 (41025.000.000) 2021-07-28 11:39:16 Image size of job updated: 1497388
	854  -  MemoryUsage of job (MB)
	873824  -  ResidentSetSize of job (KB)
...
006 (41025.000.000) 2021-07-28 11:44:17 Image size of job updated: 1505544
	854  -  MemoryUsage of job (MB)
	873824  -  ResidentSetSize of job (KB)
...
006 (41025.000.000) 2021-07-28 11:49:18 Image size of job updated: 1521880
	854  -  MemoryUsage of job (MB)
	873824  -  ResidentSetSize of job (KB)
...
006 (41025.000.000) 2021-07-28 12:04:19 Image size of job updated: 1531340
	854  -  MemoryUsage of job (MB)
	873824  -  ResidentSetSize of job (KB)
...
006 (41025.000.000) 2021-07-28 12:09:19 Image size of job updated: 1531340
	867  -  MemoryUsage of job (MB)
	887660  -  ResidentSetSize of job (KB)
...
006 (41025.000.000) 2021-07-28 12:14:19 Image size of job updated: 1535276
	867  -  MemoryUsage of job (MB)
	887660  -  ResidentSetSize of job (KB)
...
006 (41025.000.000) 2021-07-28 12:29:21 Image size of job updated: 1536620
	867  -  MemoryUsage of job (MB)
	887660  -  ResidentSetSize of job (KB)
...
006 (41025.000.000) 2021-07-28 13:14:26 Image size of job updated: 1538220
	867  -  MemoryUsage of job (MB)
	887660  -  ResidentSetSize of job (KB)
...
006 (41025.000.000) 2021-07-28 13:44:29 Image size of job updated: 1539300
	867  -  MemoryUsage of job (MB)
	887660  -  ResidentSetSize of job (KB)
...
006 (41025.000.000) 2021-07-28 13:49:31 Image size of job updated: 1539300
	867  -  MemoryUsage of job (MB)
	887692  -  ResidentSetSize of job (KB)
...
006 (41025.000.000) 2021-07-28 14:34:34 Image size of job updated: 1543828
	867  -  MemoryUsage of job (MB)
	887692  -  ResidentSetSize of job (KB)
...
040 (41025.000.000) 2021-07-28 15:18:32 Started transferring output files
...
040 (41025.000.000) 2021-07-28 15:18:51 Finished transferring output files
...
005 (41025.000.000) 2021-07-28 15:18:51 Job terminated.
	(1) Normal termination (return value 0)
		Usr 0 03:59:54, Sys 0 00:42:55  -  Run Remote Usage
		Usr 0 00:00:00, Sys 0 00:00:00  -  Run Local Usage
		Usr 0 03:59:54, Sys 0 00:42:55  -  Total Remote Usage
		Usr 0 00:00:00, Sys 0 00:00:00  -  Total Local Usage
	3669477632  -  Run Bytes Sent By Job
	319  -  Run Bytes Received By Job
	3669477632  -  Total Bytes Sent By Job
	319  -  Total Bytes Received By Job
	Partitionable Resources :      Usage  Request Allocated 
	   Cpus                 :       1.00        1         1 
	   Disk (KB)            : 3583489           1    864796 
	   Memory (MB)          :     867       10240     10240 

	Job terminated of its own accord at 2021-07-28T14:18:32Z.
...
