000 (40182.000.000) 2021-07-26 16:54:29 Job submitted from host: <194.36.1.200:9618?addrs=194.36.1.200-9618&alias=hex.ppe.gla.ac.uk&noUDP&sock=schedd_1401_8c46>
...
040 (40182.000.000) 2021-07-26 16:54:48 Started transferring input files
	Transferring to host: <192.168.16.113:9618?addrs=192.168.16.113-9618&alias=condor-d19-03.ppe.cluster&noUDP&sock=slot1_9_26289_ba86_862>
...
040 (40182.000.000) 2021-07-26 16:54:48 Finished transferring input files
...
001 (40182.000.000) 2021-07-26 16:54:49 Job executing on host: <192.168.16.113:9618?addrs=192.168.16.113-9618&alias=condor-d19-03.ppe.cluster&noUDP&sock=startd_2634_488c>
...
006 (40182.000.000) 2021-07-26 16:54:57 Image size of job updated: 22536
	8  -  MemoryUsage of job (MB)
	7352  -  ResidentSetSize of job (KB)
...
006 (40182.000.000) 2021-07-26 16:55:18 Image size of job updated: 760056
	8  -  MemoryUsage of job (MB)
	7352  -  ResidentSetSize of job (KB)
...
040 (40182.000.000) 2021-07-26 16:55:18 Started transferring output files
...
040 (40182.000.000) 2021-07-26 16:55:18 Finished transferring output files
...
005 (40182.000.000) 2021-07-26 16:55:18 Job terminated.
	(1) Normal termination (return value 0)
		Usr 0 00:00:06, Sys 0 00:00:04  -  Run Remote Usage
		Usr 0 00:00:00, Sys 0 00:00:00  -  Run Local Usage
		Usr 0 00:00:06, Sys 0 00:00:04  -  Total Remote Usage
		Usr 0 00:00:00, Sys 0 00:00:00  -  Total Local Usage
	718123  -  Run Bytes Sent By Job
	323  -  Run Bytes Received By Job
	718123  -  Total Bytes Sent By Job
	323  -  Total Bytes Received By Job
	Partitionable Resources :    Usage  Request Allocated 
	   Cpus                 :                 1         1 
	   Disk (KB)            :      711        1   3637421 
	   Memory (MB)          :        8    10240     10240 

	Job terminated of its own accord at 2021-07-26T15:55:18Z.
...
