000 (40398.000.000) 2021-07-26 16:54:40 Job submitted from host: <194.36.1.200:9618?addrs=194.36.1.200-9618&alias=hex.ppe.gla.ac.uk&noUDP&sock=schedd_1401_8c46>
...
040 (40398.000.000) 2021-07-27 03:26:41 Started transferring input files
	Transferring to host: <192.168.16.114:9618?addrs=192.168.16.114-9618&alias=condor-d19-04.ppe.cluster&noUDP&sock=slot1_3_3775_9433_776>
...
040 (40398.000.000) 2021-07-27 03:26:41 Finished transferring input files
...
001 (40398.000.000) 2021-07-27 03:26:42 Job executing on host: <192.168.16.114:9618?addrs=192.168.16.114-9618&alias=condor-d19-04.ppe.cluster&noUDP&sock=startd_2633_98f3>
...
006 (40398.000.000) 2021-07-27 03:26:50 Image size of job updated: 158268
	155  -  MemoryUsage of job (MB)
	158264  -  ResidentSetSize of job (KB)
...
040 (40398.000.000) 2021-07-27 03:26:54 Started transferring output files
...
040 (40398.000.000) 2021-07-27 03:26:54 Finished transferring output files
...
005 (40398.000.000) 2021-07-27 03:26:54 Job terminated.
	(1) Normal termination (return value 0)
		Usr 0 00:00:06, Sys 0 00:00:02  -  Run Remote Usage
		Usr 0 00:00:00, Sys 0 00:00:00  -  Run Local Usage
		Usr 0 00:00:06, Sys 0 00:00:02  -  Total Remote Usage
		Usr 0 00:00:00, Sys 0 00:00:00  -  Total Local Usage
	718123  -  Run Bytes Sent By Job
	323  -  Run Bytes Received By Job
	718123  -  Total Bytes Sent By Job
	323  -  Total Bytes Received By Job
	Partitionable Resources :    Usage  Request Allocated 
	   Cpus                 :                 1         1 
	   Disk (KB)            :      711        1   3637421 
	   Memory (MB)          :      155    10240     10240 

	Job terminated of its own accord at 2021-07-27T02:26:54Z.
...
