000 (40584.000.000) 2021-07-26 16:54:49 Job submitted from host: <194.36.1.200:9618?addrs=194.36.1.200-9618&alias=hex.ppe.gla.ac.uk&noUDP&sock=schedd_1401_8c46>
...
040 (40584.000.000) 2021-07-27 11:54:43 Started transferring input files
	Transferring to host: <192.168.16.112:9618?addrs=192.168.16.112-9618&alias=condor-d19-02.ppe.cluster&noUDP&sock=slot1_3_174254_74e7_766>
...
040 (40584.000.000) 2021-07-27 11:54:43 Finished transferring input files
...
001 (40584.000.000) 2021-07-27 11:54:44 Job executing on host: <192.168.16.112:9618?addrs=192.168.16.112-9618&alias=condor-d19-02.ppe.cluster&noUDP&sock=startd_2914_5710>
...
006 (40584.000.000) 2021-07-27 11:54:53 Image size of job updated: 207576
	28  -  MemoryUsage of job (MB)
	27704  -  ResidentSetSize of job (KB)
...
006 (40584.000.000) 2021-07-27 11:59:54 Image size of job updated: 1417480
	608  -  MemoryUsage of job (MB)
	622500  -  ResidentSetSize of job (KB)
...
006 (40584.000.000) 2021-07-27 12:04:54 Image size of job updated: 1417480
	649  -  MemoryUsage of job (MB)
	663564  -  ResidentSetSize of job (KB)
...
006 (40584.000.000) 2021-07-27 12:19:56 Image size of job updated: 1417480
	660  -  MemoryUsage of job (MB)
	675364  -  ResidentSetSize of job (KB)
...
006 (40584.000.000) 2021-07-27 12:29:58 Image size of job updated: 1417480
	779  -  MemoryUsage of job (MB)
	797052  -  ResidentSetSize of job (KB)
...
006 (40584.000.000) 2021-07-27 12:34:58 Image size of job updated: 1426648
	779  -  MemoryUsage of job (MB)
	797052  -  ResidentSetSize of job (KB)
...
006 (40584.000.000) 2021-07-27 12:45:00 Image size of job updated: 1483268
	779  -  MemoryUsage of job (MB)
	797052  -  ResidentSetSize of job (KB)
...
006 (40584.000.000) 2021-07-27 12:50:00 Image size of job updated: 1513720
	779  -  MemoryUsage of job (MB)
	797052  -  ResidentSetSize of job (KB)
...
006 (40584.000.000) 2021-07-27 12:55:01 Image size of job updated: 1519592
	823  -  MemoryUsage of job (MB)
	841944  -  ResidentSetSize of job (KB)
...
006 (40584.000.000) 2021-07-27 13:00:01 Image size of job updated: 1524816
	823  -  MemoryUsage of job (MB)
	841944  -  ResidentSetSize of job (KB)
...
006 (40584.000.000) 2021-07-27 13:05:01 Image size of job updated: 1524816
	839  -  MemoryUsage of job (MB)
	858780  -  ResidentSetSize of job (KB)
...
006 (40584.000.000) 2021-07-27 13:10:02 Image size of job updated: 1527412
	839  -  MemoryUsage of job (MB)
	858780  -  ResidentSetSize of job (KB)
...
006 (40584.000.000) 2021-07-27 13:20:02 Image size of job updated: 1527412
	852  -  MemoryUsage of job (MB)
	872144  -  ResidentSetSize of job (KB)
...
006 (40584.000.000) 2021-07-27 13:50:05 Image size of job updated: 1527412
	857  -  MemoryUsage of job (MB)
	876776  -  ResidentSetSize of job (KB)
...
006 (40584.000.000) 2021-07-27 14:05:07 Image size of job updated: 1528256
	857  -  MemoryUsage of job (MB)
	876776  -  ResidentSetSize of job (KB)
...
006 (40584.000.000) 2021-07-27 14:15:08 Image size of job updated: 1528256
	859  -  MemoryUsage of job (MB)
	878996  -  ResidentSetSize of job (KB)
...
006 (40584.000.000) 2021-07-27 15:15:14 Image size of job updated: 1531492
	859  -  MemoryUsage of job (MB)
	878996  -  ResidentSetSize of job (KB)
...
040 (40584.000.000) 2021-07-27 15:24:31 Started transferring output files
...
040 (40584.000.000) 2021-07-27 15:24:44 Finished transferring output files
...
005 (40584.000.000) 2021-07-27 15:24:44 Job terminated.
	(1) Normal termination (return value 0)
		Usr 0 03:01:15, Sys 0 00:26:47  -  Run Remote Usage
		Usr 0 00:00:00, Sys 0 00:00:00  -  Run Local Usage
		Usr 0 03:01:15, Sys 0 00:26:47  -  Total Remote Usage
		Usr 0 00:00:00, Sys 0 00:00:00  -  Total Local Usage
	3606007040  -  Run Bytes Sent By Job
	319  -  Run Bytes Received By Job
	3606007040  -  Total Bytes Sent By Job
	319  -  Total Bytes Received By Job
	Partitionable Resources :      Usage  Request Allocated 
	   Cpus                 :       1.00        1         1 
	   Disk (KB)            : 3521507           1    825748 
	   Memory (MB)          :     859       10240     10240 

	Job terminated of its own accord at 2021-07-27T14:24:31Z.
...
