000 (40909.000.000) 2021-07-26 16:55:12 Job submitted from host: <194.36.1.200:9618?addrs=194.36.1.200-9618&alias=hex.ppe.gla.ac.uk&noUDP&sock=schedd_1401_8c46>
...
040 (40909.000.000) 2021-07-28 02:47:13 Started transferring input files
	Transferring to host: <192.168.16.111:9618?addrs=192.168.16.111-9618&alias=condor-d19-01.ppe.cluster&noUDP&sock=slot1_8_222987_4385_1027>
...
040 (40909.000.000) 2021-07-28 02:47:13 Finished transferring input files
...
001 (40909.000.000) 2021-07-28 02:47:14 Job executing on host: <192.168.16.111:9618?addrs=192.168.16.111-9618&alias=condor-d19-01.ppe.cluster&noUDP&sock=startd_2932_afc5>
...
006 (40909.000.000) 2021-07-28 02:47:22 Image size of job updated: 33152
	33  -  MemoryUsage of job (MB)
	33148  -  ResidentSetSize of job (KB)
...
006 (40909.000.000) 2021-07-28 02:52:22 Image size of job updated: 1446468
	622  -  MemoryUsage of job (MB)
	636276  -  ResidentSetSize of job (KB)
...
006 (40909.000.000) 2021-07-28 02:57:23 Image size of job updated: 1461296
	627  -  MemoryUsage of job (MB)
	641736  -  ResidentSetSize of job (KB)
...
006 (40909.000.000) 2021-07-28 03:12:25 Image size of job updated: 1461296
	631  -  MemoryUsage of job (MB)
	645236  -  ResidentSetSize of job (KB)
...
006 (40909.000.000) 2021-07-28 03:27:26 Image size of job updated: 1461296
	636  -  MemoryUsage of job (MB)
	650836  -  ResidentSetSize of job (KB)
...
006 (40909.000.000) 2021-07-28 03:32:27 Image size of job updated: 1472952
	672  -  MemoryUsage of job (MB)
	687360  -  ResidentSetSize of job (KB)
...
006 (40909.000.000) 2021-07-28 03:37:27 Image size of job updated: 1505228
	838  -  MemoryUsage of job (MB)
	857648  -  ResidentSetSize of job (KB)
...
006 (40909.000.000) 2021-07-28 04:17:30 Image size of job updated: 1505228
	848  -  MemoryUsage of job (MB)
	867832  -  ResidentSetSize of job (KB)
...
006 (40909.000.000) 2021-07-28 04:22:30 Image size of job updated: 1513836
	848  -  MemoryUsage of job (MB)
	867832  -  ResidentSetSize of job (KB)
...
006 (40909.000.000) 2021-07-28 04:32:32 Image size of job updated: 1513836
	858  -  MemoryUsage of job (MB)
	878084  -  ResidentSetSize of job (KB)
...
006 (40909.000.000) 2021-07-28 04:42:33 Image size of job updated: 1513836
	864  -  MemoryUsage of job (MB)
	884532  -  ResidentSetSize of job (KB)
...
006 (40909.000.000) 2021-07-28 04:47:34 Image size of job updated: 1513836
	870  -  MemoryUsage of job (MB)
	890528  -  ResidentSetSize of job (KB)
...
040 (40909.000.000) 2021-07-28 06:23:12 Started transferring output files
...
040 (40909.000.000) 2021-07-28 06:23:24 Finished transferring output files
...
005 (40909.000.000) 2021-07-28 06:23:24 Job terminated.
	(1) Normal termination (return value 0)
		Usr 0 03:07:40, Sys 0 00:26:38  -  Run Remote Usage
		Usr 0 00:00:00, Sys 0 00:00:00  -  Run Local Usage
		Usr 0 03:07:40, Sys 0 00:26:38  -  Total Remote Usage
		Usr 0 00:00:00, Sys 0 00:00:00  -  Total Local Usage
	3785337088  -  Run Bytes Sent By Job
	319  -  Run Bytes Received By Job
	3785337088  -  Total Bytes Sent By Job
	319  -  Total Bytes Received By Job
	Partitionable Resources :      Usage  Request Allocated 
	   Cpus                 :       1.00        1         1 
	   Disk (KB)            : 3696634           1    825748 
	   Memory (MB)          :     870       10240     10240 

	Job terminated of its own accord at 2021-07-28T05:23:12Z.
...
