000 (41031.000.000) 2021-07-26 16:55:21 Job submitted from host: <194.36.1.200:9618?addrs=194.36.1.200-9618&alias=hex.ppe.gla.ac.uk&noUDP&sock=schedd_1401_8c46>
...
040 (41031.000.000) 2021-07-28 10:50:00 Started transferring input files
	Transferring to host: <192.168.16.103:9618?addrs=192.168.16.103-9618&alias=condor-h16-03.ppe.cluster&noUDP&sock=slot1_2_14413_0323_14>
...
040 (41031.000.000) 2021-07-28 10:50:00 Finished transferring input files
...
001 (41031.000.000) 2021-07-28 10:50:01 Job executing on host: <192.168.16.103:9618?addrs=192.168.16.103-9618&alias=condor-h16-03.ppe.cluster&noUDP&sock=startd_20690_3293>
...
006 (41031.000.000) 2021-07-28 10:50:10 Image size of job updated: 30772
	31  -  MemoryUsage of job (MB)
	30768  -  ResidentSetSize of job (KB)
...
006 (41031.000.000) 2021-07-28 10:55:11 Image size of job updated: 1485464
	850  -  MemoryUsage of job (MB)
	869780  -  ResidentSetSize of job (KB)
...
006 (41031.000.000) 2021-07-28 11:00:11 Image size of job updated: 1498212
	850  -  MemoryUsage of job (MB)
	869780  -  ResidentSetSize of job (KB)
...
006 (41031.000.000) 2021-07-28 11:05:11 Image size of job updated: 1510060
	850  -  MemoryUsage of job (MB)
	869780  -  ResidentSetSize of job (KB)
...
006 (41031.000.000) 2021-07-28 11:25:14 Image size of job updated: 1510060
	871  -  MemoryUsage of job (MB)
	891724  -  ResidentSetSize of job (KB)
...
006 (41031.000.000) 2021-07-28 11:45:16 Image size of job updated: 1516564
	871  -  MemoryUsage of job (MB)
	891724  -  ResidentSetSize of job (KB)
...
006 (41031.000.000) 2021-07-28 11:55:17 Image size of job updated: 1547568
	871  -  MemoryUsage of job (MB)
	891724  -  ResidentSetSize of job (KB)
...
006 (41031.000.000) 2021-07-28 12:00:17 Image size of job updated: 1558824
	871  -  MemoryUsage of job (MB)
	891724  -  ResidentSetSize of job (KB)
...
006 (41031.000.000) 2021-07-28 12:25:20 Image size of job updated: 1558824
	882  -  MemoryUsage of job (MB)
	902596  -  ResidentSetSize of job (KB)
...
006 (41031.000.000) 2021-07-28 13:00:24 Image size of job updated: 1558824
	883  -  MemoryUsage of job (MB)
	904108  -  ResidentSetSize of job (KB)
...
006 (41031.000.000) 2021-07-28 13:30:26 Image size of job updated: 1562656
	883  -  MemoryUsage of job (MB)
	904108  -  ResidentSetSize of job (KB)
...
006 (41031.000.000) 2021-07-28 13:45:27 Image size of job updated: 1562796
	883  -  MemoryUsage of job (MB)
	904108  -  ResidentSetSize of job (KB)
...
006 (41031.000.000) 2021-07-28 13:55:29 Image size of job updated: 1562796
	884  -  MemoryUsage of job (MB)
	904820  -  ResidentSetSize of job (KB)
...
006 (41031.000.000) 2021-07-28 14:15:30 Image size of job updated: 1565532
	884  -  MemoryUsage of job (MB)
	904820  -  ResidentSetSize of job (KB)
...
006 (41031.000.000) 2021-07-28 14:25:32 Image size of job updated: 1565532
	886  -  MemoryUsage of job (MB)
	906580  -  ResidentSetSize of job (KB)
...
040 (41031.000.000) 2021-07-28 15:33:50 Started transferring output files
...
040 (41031.000.000) 2021-07-28 15:34:02 Finished transferring output files
...
005 (41031.000.000) 2021-07-28 15:34:03 Job terminated.
	(1) Normal termination (return value 0)
		Usr 0 03:59:10, Sys 0 00:42:53  -  Run Remote Usage
		Usr 0 00:00:00, Sys 0 00:00:00  -  Run Local Usage
		Usr 0 03:59:10, Sys 0 00:42:53  -  Total Remote Usage
		Usr 0 00:00:00, Sys 0 00:00:00  -  Total Local Usage
	3688521472  -  Run Bytes Sent By Job
	319  -  Run Bytes Received By Job
	3688521472  -  Total Bytes Sent By Job
	319  -  Total Bytes Received By Job
	Partitionable Resources :      Usage  Request Allocated 
	   Cpus                 :       1.00        1         1 
	   Disk (KB)            : 3602087           1    861476 
	   Memory (MB)          :     886       10240     10240 

	Job terminated of its own accord at 2021-07-28T14:33:50Z.
...
