000 (40594.000.000) 2021-07-26 16:54:50 Job submitted from host: <194.36.1.200:9618?addrs=194.36.1.200-9618&alias=hex.ppe.gla.ac.uk&noUDP&sock=schedd_1401_8c46>
...
040 (40594.000.000) 2021-07-27 12:19:44 Started transferring input files
	Transferring to host: <192.168.16.114:9618?addrs=192.168.16.114-9618&alias=condor-d19-04.ppe.cluster&noUDP&sock=slot1_2_3775_9433_835>
...
040 (40594.000.000) 2021-07-27 12:19:44 Finished transferring input files
...
001 (40594.000.000) 2021-07-27 12:19:45 Job executing on host: <192.168.16.114:9618?addrs=192.168.16.114-9618&alias=condor-d19-04.ppe.cluster&noUDP&sock=startd_2633_98f3>
...
006 (40594.000.000) 2021-07-27 12:19:54 Image size of job updated: 364588
	357  -  MemoryUsage of job (MB)
	364584  -  ResidentSetSize of job (KB)
...
006 (40594.000.000) 2021-07-27 12:24:55 Image size of job updated: 1482832
	660  -  MemoryUsage of job (MB)
	674940  -  ResidentSetSize of job (KB)
...
006 (40594.000.000) 2021-07-27 12:29:55 Image size of job updated: 1482844
	847  -  MemoryUsage of job (MB)
	866516  -  ResidentSetSize of job (KB)
...
006 (40594.000.000) 2021-07-27 12:39:56 Image size of job updated: 1482844
	856  -  MemoryUsage of job (MB)
	876404  -  ResidentSetSize of job (KB)
...
006 (40594.000.000) 2021-07-27 12:44:57 Image size of job updated: 1490104
	856  -  MemoryUsage of job (MB)
	876404  -  ResidentSetSize of job (KB)
...
006 (40594.000.000) 2021-07-27 12:49:57 Image size of job updated: 1494088
	856  -  MemoryUsage of job (MB)
	876404  -  ResidentSetSize of job (KB)
...
006 (40594.000.000) 2021-07-27 13:09:59 Image size of job updated: 1515804
	856  -  MemoryUsage of job (MB)
	876404  -  ResidentSetSize of job (KB)
...
006 (40594.000.000) 2021-07-27 13:15:00 Image size of job updated: 1525840
	856  -  MemoryUsage of job (MB)
	876404  -  ResidentSetSize of job (KB)
...
006 (40594.000.000) 2021-07-27 13:20:00 Image size of job updated: 1530592
	856  -  MemoryUsage of job (MB)
	876404  -  ResidentSetSize of job (KB)
...
006 (40594.000.000) 2021-07-27 15:40:14 Image size of job updated: 1530592
	859  -  MemoryUsage of job (MB)
	879544  -  ResidentSetSize of job (KB)
...
040 (40594.000.000) 2021-07-27 16:18:41 Started transferring output files
...
040 (40594.000.000) 2021-07-27 16:18:56 Finished transferring output files
...
005 (40594.000.000) 2021-07-27 16:18:56 Job terminated.
	(1) Normal termination (return value 0)
		Usr 0 03:31:34, Sys 0 00:25:33  -  Run Remote Usage
		Usr 0 00:00:00, Sys 0 00:00:00  -  Run Local Usage
		Usr 0 03:31:34, Sys 0 00:25:33  -  Total Remote Usage
		Usr 0 00:00:00, Sys 0 00:00:00  -  Total Local Usage
	3798145280  -  Run Bytes Sent By Job
	319  -  Run Bytes Received By Job
	3798145280  -  Total Bytes Sent By Job
	319  -  Total Bytes Received By Job
	Partitionable Resources :      Usage  Request Allocated 
	   Cpus                 :       1.00        1         1 
	   Disk (KB)            : 3709142           1   3637421 
	   Memory (MB)          :     859       10240     10240 

	Job terminated of its own accord at 2021-07-27T15:18:41Z.
...
