000 (40565.000.000) 2021-07-26 16:54:48 Job submitted from host: <194.36.1.200:9618?addrs=194.36.1.200-9618&alias=hex.ppe.gla.ac.uk&noUDP&sock=schedd_1401_8c46>
...
040 (40565.000.000) 2021-07-27 11:13:42 Started transferring input files
	Transferring to host: <192.168.16.113:9618?addrs=192.168.16.113-9618&alias=condor-d19-03.ppe.cluster&noUDP&sock=slot1_8_26289_ba86_942>
...
040 (40565.000.000) 2021-07-27 11:13:42 Finished transferring input files
...
001 (40565.000.000) 2021-07-27 11:13:43 Job executing on host: <192.168.16.113:9618?addrs=192.168.16.113-9618&alias=condor-d19-03.ppe.cluster&noUDP&sock=startd_2634_488c>
...
006 (40565.000.000) 2021-07-27 11:13:51 Image size of job updated: 179016
	59  -  MemoryUsage of job (MB)
	60132  -  ResidentSetSize of job (KB)
...
006 (40565.000.000) 2021-07-27 11:18:51 Image size of job updated: 1406172
	659  -  MemoryUsage of job (MB)
	673796  -  ResidentSetSize of job (KB)
...
006 (40565.000.000) 2021-07-27 11:28:53 Image size of job updated: 1414672
	659  -  MemoryUsage of job (MB)
	673796  -  ResidentSetSize of job (KB)
...
006 (40565.000.000) 2021-07-27 11:38:54 Image size of job updated: 1421300
	669  -  MemoryUsage of job (MB)
	684108  -  ResidentSetSize of job (KB)
...
006 (40565.000.000) 2021-07-27 11:58:56 Image size of job updated: 1528496
	671  -  MemoryUsage of job (MB)
	686288  -  ResidentSetSize of job (KB)
...
006 (40565.000.000) 2021-07-27 12:03:56 Image size of job updated: 1532864
	671  -  MemoryUsage of job (MB)
	686288  -  ResidentSetSize of job (KB)
...
006 (40565.000.000) 2021-07-27 12:08:56 Image size of job updated: 1532864
	825  -  MemoryUsage of job (MB)
	844644  -  ResidentSetSize of job (KB)
...
006 (40565.000.000) 2021-07-27 12:18:58 Image size of job updated: 1532864
	857  -  MemoryUsage of job (MB)
	876888  -  ResidentSetSize of job (KB)
...
006 (40565.000.000) 2021-07-27 12:23:58 Image size of job updated: 1535700
	869  -  MemoryUsage of job (MB)
	889212  -  ResidentSetSize of job (KB)
...
006 (40565.000.000) 2021-07-27 14:24:10 Image size of job updated: 1535940
	869  -  MemoryUsage of job (MB)
	889212  -  ResidentSetSize of job (KB)
...
006 (40565.000.000) 2021-07-27 14:34:12 Image size of job updated: 1546944
	869  -  MemoryUsage of job (MB)
	889212  -  ResidentSetSize of job (KB)
...
040 (40565.000.000) 2021-07-27 15:11:52 Started transferring output files
...
040 (40565.000.000) 2021-07-27 15:12:04 Finished transferring output files
...
005 (40565.000.000) 2021-07-27 15:12:04 Job terminated.
	(1) Normal termination (return value 0)
		Usr 0 03:31:01, Sys 0 00:25:37  -  Run Remote Usage
		Usr 0 00:00:00, Sys 0 00:00:00  -  Run Local Usage
		Usr 0 03:31:01, Sys 0 00:25:37  -  Total Remote Usage
		Usr 0 00:00:00, Sys 0 00:00:00  -  Total Local Usage
	3794865152  -  Run Bytes Sent By Job
	323  -  Run Bytes Received By Job
	3794865152  -  Total Bytes Sent By Job
	323  -  Total Bytes Received By Job
	Partitionable Resources :      Usage  Request Allocated 
	   Cpus                 :       1.00        1         1 
	   Disk (KB)            : 3705938           1   3637421 
	   Memory (MB)          :     869       10240     10240 

	Job terminated of its own accord at 2021-07-27T14:11:52Z.
...
