000 (40145.000.000) 2021-07-26 16:54:28 Job submitted from host: <194.36.1.200:9618?addrs=194.36.1.200-9618&alias=hex.ppe.gla.ac.uk&noUDP&sock=schedd_1401_8c46>
...
040 (40145.000.000) 2021-07-26 16:54:47 Started transferring input files
	Transferring to host: <192.168.16.113:9618?addrs=192.168.16.113-9618&alias=condor-d19-03.ppe.cluster&noUDP&sock=slot1_2_26289_ba86_855>
...
040 (40145.000.000) 2021-07-26 16:54:47 Finished transferring input files
...
001 (40145.000.000) 2021-07-26 16:54:48 Job executing on host: <192.168.16.113:9618?addrs=192.168.16.113-9618&alias=condor-d19-03.ppe.cluster&noUDP&sock=startd_2634_488c>
...
006 (40145.000.000) 2021-07-26 16:54:56 Image size of job updated: 22692
	8  -  MemoryUsage of job (MB)
	7924  -  ResidentSetSize of job (KB)
...
006 (40145.000.000) 2021-07-26 16:59:56 Image size of job updated: 1415452
	591  -  MemoryUsage of job (MB)
	604684  -  ResidentSetSize of job (KB)
...
006 (40145.000.000) 2021-07-26 17:04:57 Image size of job updated: 1439508
	671  -  MemoryUsage of job (MB)
	686804  -  ResidentSetSize of job (KB)
...
006 (40145.000.000) 2021-07-26 17:09:57 Image size of job updated: 1499688
	671  -  MemoryUsage of job (MB)
	686808  -  ResidentSetSize of job (KB)
...
006 (40145.000.000) 2021-07-26 17:14:57 Image size of job updated: 1499688
	862  -  MemoryUsage of job (MB)
	882004  -  ResidentSetSize of job (KB)
...
006 (40145.000.000) 2021-07-26 17:24:59 Image size of job updated: 1505948
	862  -  MemoryUsage of job (MB)
	882004  -  ResidentSetSize of job (KB)
...
006 (40145.000.000) 2021-07-26 17:40:01 Image size of job updated: 1506824
	862  -  MemoryUsage of job (MB)
	882004  -  ResidentSetSize of job (KB)
...
006 (40145.000.000) 2021-07-26 17:45:01 Image size of job updated: 1508616
	879  -  MemoryUsage of job (MB)
	899520  -  ResidentSetSize of job (KB)
...
006 (40145.000.000) 2021-07-26 20:10:14 Image size of job updated: 1511056
	879  -  MemoryUsage of job (MB)
	899520  -  ResidentSetSize of job (KB)
...
040 (40145.000.000) 2021-07-26 20:43:24 Started transferring output files
...
040 (40145.000.000) 2021-07-26 20:43:38 Finished transferring output files
...
005 (40145.000.000) 2021-07-26 20:43:38 Job terminated.
	(1) Normal termination (return value 0)
		Usr 0 03:22:35, Sys 0 00:24:50  -  Run Remote Usage
		Usr 0 00:00:00, Sys 0 00:00:00  -  Run Local Usage
		Usr 0 03:22:35, Sys 0 00:24:50  -  Total Remote Usage
		Usr 0 00:00:00, Sys 0 00:00:00  -  Total Local Usage
	3669058560  -  Run Bytes Sent By Job
	319  -  Run Bytes Received By Job
	3669058560  -  Total Bytes Sent By Job
	319  -  Total Bytes Received By Job
	Partitionable Resources :      Usage  Request Allocated 
	   Cpus                 :       0.99        1         1 
	   Disk (KB)            : 3583080           1   3637421 
	   Memory (MB)          :     879       10240     10240 

	Job terminated of its own accord at 2021-07-26T19:43:24Z.
...
