000 (40406.000.000) 2021-07-26 16:54:40 Job submitted from host: <194.36.1.200:9618?addrs=194.36.1.200-9618&alias=hex.ppe.gla.ac.uk&noUDP&sock=schedd_1401_8c46>
...
040 (40406.000.000) 2021-07-27 03:33:12 Started transferring input files
	Transferring to host: <192.168.16.111:9618?addrs=192.168.16.111-9618&alias=condor-d19-01.ppe.cluster&noUDP&sock=slot1_2_222987_4385_730>
...
040 (40406.000.000) 2021-07-27 03:33:12 Finished transferring input files
...
001 (40406.000.000) 2021-07-27 03:33:13 Job executing on host: <192.168.16.111:9618?addrs=192.168.16.111-9618&alias=condor-d19-01.ppe.cluster&noUDP&sock=startd_2932_afc5>
...
006 (40406.000.000) 2021-07-27 03:33:21 Image size of job updated: 155784
	153  -  MemoryUsage of job (MB)
	155780  -  ResidentSetSize of job (KB)
...
006 (40406.000.000) 2021-07-27 03:33:24 Image size of job updated: 155788
	153  -  MemoryUsage of job (MB)
	155784  -  ResidentSetSize of job (KB)
...
040 (40406.000.000) 2021-07-27 03:33:24 Started transferring output files
...
040 (40406.000.000) 2021-07-27 03:33:24 Finished transferring output files
...
005 (40406.000.000) 2021-07-27 03:33:24 Job terminated.
	(1) Normal termination (return value 0)
		Usr 0 00:00:06, Sys 0 00:00:03  -  Run Remote Usage
		Usr 0 00:00:00, Sys 0 00:00:00  -  Run Local Usage
		Usr 0 00:00:06, Sys 0 00:00:03  -  Total Remote Usage
		Usr 0 00:00:00, Sys 0 00:00:00  -  Total Local Usage
	718123  -  Run Bytes Sent By Job
	323  -  Run Bytes Received By Job
	718123  -  Total Bytes Sent By Job
	323  -  Total Bytes Received By Job
	Partitionable Resources :    Usage  Request Allocated 
	   Cpus                 :                 1         1 
	   Disk (KB)            :      712        1    825748 
	   Memory (MB)          :      153    10240     10240 

	Job terminated of its own accord at 2021-07-27T02:33:24Z.
...
