000 (40278.000.000) 2021-07-26 16:54:34 Job submitted from host: <194.36.1.200:9618?addrs=194.36.1.200-9618&alias=hex.ppe.gla.ac.uk&noUDP&sock=schedd_1401_8c46>
...
040 (40278.000.000) 2021-07-26 21:07:32 Started transferring input files
	Transferring to host: <192.168.16.101:9618?addrs=192.168.16.101-9618&alias=condor-h16-01.ppe.cluster&noUDP&sock=slot1_1_21991_6617_521>
...
040 (40278.000.000) 2021-07-26 21:07:32 Finished transferring input files
...
001 (40278.000.000) 2021-07-26 21:07:33 Job executing on host: <192.168.16.101:9618?addrs=192.168.16.101-9618&alias=condor-h16-01.ppe.cluster&noUDP&sock=startd_2155_baae>
...
006 (40278.000.000) 2021-07-26 21:07:42 Image size of job updated: 13420
	14  -  MemoryUsage of job (MB)
	13420  -  ResidentSetSize of job (KB)
...
006 (40278.000.000) 2021-07-26 21:12:43 Image size of job updated: 1422040
	658  -  MemoryUsage of job (MB)
	673656  -  ResidentSetSize of job (KB)
...
006 (40278.000.000) 2021-07-26 21:42:45 Image size of job updated: 1423792
	658  -  MemoryUsage of job (MB)
	673656  -  ResidentSetSize of job (KB)
...
006 (40278.000.000) 2021-07-26 22:07:48 Image size of job updated: 1423792
	663  -  MemoryUsage of job (MB)
	678516  -  ResidentSetSize of job (KB)
...
006 (40278.000.000) 2021-07-26 22:22:49 Image size of job updated: 1430924
	783  -  MemoryUsage of job (MB)
	801484  -  ResidentSetSize of job (KB)
...
006 (40278.000.000) 2021-07-26 22:37:50 Image size of job updated: 1430924
	786  -  MemoryUsage of job (MB)
	804832  -  ResidentSetSize of job (KB)
...
006 (40278.000.000) 2021-07-26 23:02:53 Image size of job updated: 1430924
	795  -  MemoryUsage of job (MB)
	813548  -  ResidentSetSize of job (KB)
...
006 (40278.000.000) 2021-07-27 00:43:03 Image size of job updated: 1480140
	795  -  MemoryUsage of job (MB)
	813548  -  ResidentSetSize of job (KB)
...
006 (40278.000.000) 2021-07-27 00:48:04 Image size of job updated: 1488932
	795  -  MemoryUsage of job (MB)
	813548  -  ResidentSetSize of job (KB)
...
006 (40278.000.000) 2021-07-27 00:53:04 Image size of job updated: 1503260
	840  -  MemoryUsage of job (MB)
	859264  -  ResidentSetSize of job (KB)
...
006 (40278.000.000) 2021-07-27 00:58:04 Image size of job updated: 1510364
	847  -  MemoryUsage of job (MB)
	866352  -  ResidentSetSize of job (KB)
...
006 (40278.000.000) 2021-07-27 01:08:06 Image size of job updated: 1510532
	847  -  MemoryUsage of job (MB)
	866352  -  ResidentSetSize of job (KB)
...
006 (40278.000.000) 2021-07-27 01:48:10 Image size of job updated: 1512068
	847  -  MemoryUsage of job (MB)
	866352  -  ResidentSetSize of job (KB)
...
040 (40278.000.000) 2021-07-27 01:56:10 Started transferring output files
...
040 (40278.000.000) 2021-07-27 01:56:22 Finished transferring output files
...
005 (40278.000.000) 2021-07-27 01:56:22 Job terminated.
	(1) Normal termination (return value 0)
		Usr 0 04:02:36, Sys 0 00:44:05  -  Run Remote Usage
		Usr 0 00:00:00, Sys 0 00:00:00  -  Run Local Usage
		Usr 0 04:02:36, Sys 0 00:44:05  -  Total Remote Usage
		Usr 0 00:00:00, Sys 0 00:00:00  -  Total Local Usage
	3747592192  -  Run Bytes Sent By Job
	323  -  Run Bytes Received By Job
	3747592192  -  Total Bytes Sent By Job
	323  -  Total Bytes Received By Job
	Partitionable Resources :      Usage  Request Allocated 
	   Cpus                 :       0.99        1         1 
	   Disk (KB)            : 3659774           1    864796 
	   Memory (MB)          :     847       10240     10240 

	Job terminated of its own accord at 2021-07-27T00:56:10Z.
...
