000 (40702.000.000) 2021-07-26 16:54:57 Job submitted from host: <194.36.1.200:9618?addrs=194.36.1.200-9618&alias=hex.ppe.gla.ac.uk&noUDP&sock=schedd_1401_8c46>
...
040 (40702.000.000) 2021-07-27 16:57:09 Started transferring input files
	Transferring to host: <192.168.16.121:9618?addrs=192.168.16.121-9618&alias=condor-d20-01.ppe.cluster&noUDP&sock=slot1_8_40472_ef67_1203>
...
040 (40702.000.000) 2021-07-27 16:57:09 Finished transferring input files
...
001 (40702.000.000) 2021-07-27 16:57:10 Job executing on host: <192.168.16.121:9618?addrs=192.168.16.121-9618&alias=condor-d20-01.ppe.cluster&noUDP&sock=startd_40545_137a>
...
006 (40702.000.000) 2021-07-27 16:57:19 Image size of job updated: 32424
	32  -  MemoryUsage of job (MB)
	32420  -  ResidentSetSize of job (KB)
...
006 (40702.000.000) 2021-07-27 17:02:20 Image size of job updated: 1304216
	650  -  MemoryUsage of job (MB)
	664584  -  ResidentSetSize of job (KB)
...
006 (40702.000.000) 2021-07-27 17:07:21 Image size of job updated: 1481988
	657  -  MemoryUsage of job (MB)
	672688  -  ResidentSetSize of job (KB)
...
006 (40702.000.000) 2021-07-27 17:12:21 Image size of job updated: 1481988
	663  -  MemoryUsage of job (MB)
	678548  -  ResidentSetSize of job (KB)
...
006 (40702.000.000) 2021-07-27 17:17:21 Image size of job updated: 1505712
	670  -  MemoryUsage of job (MB)
	685104  -  ResidentSetSize of job (KB)
...
006 (40702.000.000) 2021-07-27 17:27:22 Image size of job updated: 1505712
	673  -  MemoryUsage of job (MB)
	688640  -  ResidentSetSize of job (KB)
...
006 (40702.000.000) 2021-07-27 17:32:22 Image size of job updated: 1505712
	840  -  MemoryUsage of job (MB)
	859396  -  ResidentSetSize of job (KB)
...
006 (40702.000.000) 2021-07-27 17:42:24 Image size of job updated: 1505712
	859  -  MemoryUsage of job (MB)
	879424  -  ResidentSetSize of job (KB)
...
006 (40702.000.000) 2021-07-27 17:52:25 Image size of job updated: 1537460
	859  -  MemoryUsage of job (MB)
	879424  -  ResidentSetSize of job (KB)
...
006 (40702.000.000) 2021-07-27 19:12:33 Image size of job updated: 1537596
	859  -  MemoryUsage of job (MB)
	879424  -  ResidentSetSize of job (KB)
...
040 (40702.000.000) 2021-07-27 20:58:43 Started transferring output files
...
040 (40702.000.000) 2021-07-27 20:58:54 Finished transferring output files
...
005 (40702.000.000) 2021-07-27 20:58:54 Job terminated.
	(1) Normal termination (return value 0)
		Usr 0 03:33:16, Sys 0 00:26:12  -  Run Remote Usage
		Usr 0 00:00:00, Sys 0 00:00:00  -  Run Local Usage
		Usr 0 03:33:16, Sys 0 00:26:12  -  Total Remote Usage
		Usr 0 00:00:00, Sys 0 00:00:00  -  Total Local Usage
	3773818624  -  Run Bytes Sent By Job
	319  -  Run Bytes Received By Job
	3773818624  -  Total Bytes Sent By Job
	319  -  Total Bytes Received By Job
	Partitionable Resources :      Usage  Request Allocated 
	   Cpus                 :       0.99        1         1 
	   Disk (KB)            : 3685385           1   3637421 
	   Memory (MB)          :     859       10240     10240 

	Job terminated of its own accord at 2021-07-27T19:58:43Z.
...
