000 (40900.000.000) 2021-07-26 16:55:11 Job submitted from host: <194.36.1.200:9618?addrs=194.36.1.200-9618&alias=hex.ppe.gla.ac.uk&noUDP&sock=schedd_1401_8c46>
...
040 (40900.000.000) 2021-07-28 02:36:48 Started transferring input files
	Transferring to host: <192.168.16.114:9618?addrs=192.168.16.114-9618&alias=condor-d19-04.ppe.cluster&noUDP&sock=slot1_12_3775_9433_1396>
...
040 (40900.000.000) 2021-07-28 02:36:48 Finished transferring input files
...
001 (40900.000.000) 2021-07-28 02:36:49 Job executing on host: <192.168.16.114:9618?addrs=192.168.16.114-9618&alias=condor-d19-04.ppe.cluster&noUDP&sock=startd_2633_98f3>
...
006 (40900.000.000) 2021-07-28 02:36:57 Image size of job updated: 154716
	152  -  MemoryUsage of job (MB)
	154712  -  ResidentSetSize of job (KB)
...
006 (40900.000.000) 2021-07-28 02:37:00 Image size of job updated: 154720
	152  -  MemoryUsage of job (MB)
	154712  -  ResidentSetSize of job (KB)
...
040 (40900.000.000) 2021-07-28 02:37:00 Started transferring output files
...
040 (40900.000.000) 2021-07-28 02:37:00 Finished transferring output files
...
005 (40900.000.000) 2021-07-28 02:37:00 Job terminated.
	(1) Normal termination (return value 0)
		Usr 0 00:00:06, Sys 0 00:00:01  -  Run Remote Usage
		Usr 0 00:00:00, Sys 0 00:00:00  -  Run Local Usage
		Usr 0 00:00:06, Sys 0 00:00:01  -  Total Remote Usage
		Usr 0 00:00:00, Sys 0 00:00:00  -  Total Local Usage
	718123  -  Run Bytes Sent By Job
	323  -  Run Bytes Received By Job
	718123  -  Total Bytes Sent By Job
	323  -  Total Bytes Received By Job
	Partitionable Resources :    Usage  Request Allocated 
	   Cpus                 :                 1         1 
	   Disk (KB)            :      712        1   3637421 
	   Memory (MB)          :      152    10240     10240 

	Job terminated of its own accord at 2021-07-28T01:37:00Z.
...
