000 (40611.000.000) 2021-07-26 16:54:51 Job submitted from host: <194.36.1.200:9618?addrs=194.36.1.200-9618&alias=hex.ppe.gla.ac.uk&noUDP&sock=schedd_1401_8c46>
...
040 (40611.000.000) 2021-07-27 12:50:44 Started transferring input files
	Transferring to host: <192.168.16.113:9618?addrs=192.168.16.113-9618&alias=condor-d19-03.ppe.cluster&noUDP&sock=slot1_11_26289_ba86_952>
...
040 (40611.000.000) 2021-07-27 12:50:44 Finished transferring input files
...
001 (40611.000.000) 2021-07-27 12:50:45 Job executing on host: <192.168.16.113:9618?addrs=192.168.16.113-9618&alias=condor-d19-03.ppe.cluster&noUDP&sock=startd_2634_488c>
...
006 (40611.000.000) 2021-07-27 12:50:54 Image size of job updated: 570600
	558  -  MemoryUsage of job (MB)
	570596  -  ResidentSetSize of job (KB)
...
006 (40611.000.000) 2021-07-27 12:55:55 Image size of job updated: 1408404
	674  -  MemoryUsage of job (MB)
	689692  -  ResidentSetSize of job (KB)
...
006 (40611.000.000) 2021-07-27 13:00:55 Image size of job updated: 1503764
	674  -  MemoryUsage of job (MB)
	689692  -  ResidentSetSize of job (KB)
...
006 (40611.000.000) 2021-07-27 13:10:57 Image size of job updated: 1503764
	678  -  MemoryUsage of job (MB)
	693664  -  ResidentSetSize of job (KB)
...
006 (40611.000.000) 2021-07-27 13:15:57 Image size of job updated: 1515648
	683  -  MemoryUsage of job (MB)
	698916  -  ResidentSetSize of job (KB)
...
006 (40611.000.000) 2021-07-27 13:30:59 Image size of job updated: 1515648
	778  -  MemoryUsage of job (MB)
	796460  -  ResidentSetSize of job (KB)
...
006 (40611.000.000) 2021-07-27 13:46:00 Image size of job updated: 1539472
	778  -  MemoryUsage of job (MB)
	796460  -  ResidentSetSize of job (KB)
...
006 (40611.000.000) 2021-07-27 13:51:00 Image size of job updated: 1541612
	778  -  MemoryUsage of job (MB)
	796460  -  ResidentSetSize of job (KB)
...
006 (40611.000.000) 2021-07-27 13:56:00 Image size of job updated: 1542708
	778  -  MemoryUsage of job (MB)
	796460  -  ResidentSetSize of job (KB)
...
006 (40611.000.000) 2021-07-27 14:06:02 Image size of job updated: 1543828
	871  -  MemoryUsage of job (MB)
	891192  -  ResidentSetSize of job (KB)
...
006 (40611.000.000) 2021-07-27 14:11:02 Image size of job updated: 1552124
	871  -  MemoryUsage of job (MB)
	891192  -  ResidentSetSize of job (KB)
...
006 (40611.000.000) 2021-07-27 14:26:04 Image size of job updated: 1552124
	871  -  MemoryUsage of job (MB)
	891616  -  ResidentSetSize of job (KB)
...
006 (40611.000.000) 2021-07-27 15:11:10 Image size of job updated: 1552124
	872  -  MemoryUsage of job (MB)
	892072  -  ResidentSetSize of job (KB)
...
006 (40611.000.000) 2021-07-27 15:21:10 Image size of job updated: 1552124
	883  -  MemoryUsage of job (MB)
	903972  -  ResidentSetSize of job (KB)
...
006 (40611.000.000) 2021-07-27 15:46:13 Image size of job updated: 1552436
	885  -  MemoryUsage of job (MB)
	906104  -  ResidentSetSize of job (KB)
...
040 (40611.000.000) 2021-07-27 16:56:47 Started transferring output files
...
040 (40611.000.000) 2021-07-27 16:57:00 Finished transferring output files
...
005 (40611.000.000) 2021-07-27 16:57:00 Job terminated.
	(1) Normal termination (return value 0)
		Usr 0 03:37:26, Sys 0 00:26:40  -  Run Remote Usage
		Usr 0 00:00:00, Sys 0 00:00:00  -  Run Local Usage
		Usr 0 03:37:26, Sys 0 00:26:40  -  Total Remote Usage
		Usr 0 00:00:00, Sys 0 00:00:00  -  Total Local Usage
	3864058624  -  Run Bytes Sent By Job
	323  -  Run Bytes Received By Job
	3864058624  -  Total Bytes Sent By Job
	323  -  Total Bytes Received By Job
	Partitionable Resources :      Usage  Request Allocated 
	   Cpus                 :       0.99        1         1 
	   Disk (KB)            : 3773510           1   3637421 
	   Memory (MB)          :     885       10240     10240 

	Job terminated of its own accord at 2021-07-27T15:56:47Z.
...
