000 (40309.000.000) 2021-07-26 16:54:36 Job submitted from host: <194.36.1.200:9618?addrs=194.36.1.200-9618&alias=hex.ppe.gla.ac.uk&noUDP&sock=schedd_1401_8c46>
...
040 (40309.000.000) 2021-07-26 23:22:38 Started transferring input files
	Transferring to host: <192.168.16.114:9618?addrs=192.168.16.114-9618&alias=condor-d19-04.ppe.cluster&noUDP&sock=slot1_9_3775_9433_758>
...
040 (40309.000.000) 2021-07-26 23:22:38 Finished transferring input files
...
001 (40309.000.000) 2021-07-26 23:22:39 Job executing on host: <192.168.16.114:9618?addrs=192.168.16.114-9618&alias=condor-d19-04.ppe.cluster&noUDP&sock=startd_2633_98f3>
...
006 (40309.000.000) 2021-07-26 23:22:47 Image size of job updated: 157748
	155  -  MemoryUsage of job (MB)
	157744  -  ResidentSetSize of job (KB)
...
006 (40309.000.000) 2021-07-26 23:27:47 Image size of job updated: 1417480
	773  -  MemoryUsage of job (MB)
	790584  -  ResidentSetSize of job (KB)
...
006 (40309.000.000) 2021-07-26 23:32:47 Image size of job updated: 1458304
	773  -  MemoryUsage of job (MB)
	790584  -  ResidentSetSize of job (KB)
...
006 (40309.000.000) 2021-07-26 23:42:48 Image size of job updated: 1458772
	773  -  MemoryUsage of job (MB)
	790584  -  ResidentSetSize of job (KB)
...
006 (40309.000.000) 2021-07-26 23:47:48 Image size of job updated: 1472856
	773  -  MemoryUsage of job (MB)
	790584  -  ResidentSetSize of job (KB)
...
006 (40309.000.000) 2021-07-26 23:52:50 Image size of job updated: 1472856
	810  -  MemoryUsage of job (MB)
	829108  -  ResidentSetSize of job (KB)
...
006 (40309.000.000) 2021-07-27 00:02:50 Image size of job updated: 1478432
	810  -  MemoryUsage of job (MB)
	829108  -  ResidentSetSize of job (KB)
...
006 (40309.000.000) 2021-07-27 00:07:51 Image size of job updated: 1487172
	810  -  MemoryUsage of job (MB)
	829108  -  ResidentSetSize of job (KB)
...
006 (40309.000.000) 2021-07-27 00:17:52 Image size of job updated: 1487172
	844  -  MemoryUsage of job (MB)
	863464  -  ResidentSetSize of job (KB)
...
006 (40309.000.000) 2021-07-27 01:02:57 Image size of job updated: 1531536
	844  -  MemoryUsage of job (MB)
	863464  -  ResidentSetSize of job (KB)
...
006 (40309.000.000) 2021-07-27 01:12:58 Image size of job updated: 1537544
	844  -  MemoryUsage of job (MB)
	863464  -  ResidentSetSize of job (KB)
...
006 (40309.000.000) 2021-07-27 01:27:59 Image size of job updated: 1543564
	844  -  MemoryUsage of job (MB)
	863464  -  ResidentSetSize of job (KB)
...
006 (40309.000.000) 2021-07-27 01:43:00 Image size of job updated: 1544660
	844  -  MemoryUsage of job (MB)
	863464  -  ResidentSetSize of job (KB)
...
006 (40309.000.000) 2021-07-27 01:48:01 Image size of job updated: 1545500
	872  -  MemoryUsage of job (MB)
	892892  -  ResidentSetSize of job (KB)
...
006 (40309.000.000) 2021-07-27 02:03:03 Image size of job updated: 1545500
	887  -  MemoryUsage of job (MB)
	908020  -  ResidentSetSize of job (KB)
...
006 (40309.000.000) 2021-07-27 02:08:04 Image size of job updated: 1549844
	887  -  MemoryUsage of job (MB)
	908020  -  ResidentSetSize of job (KB)
...
006 (40309.000.000) 2021-07-27 02:28:06 Image size of job updated: 1550320
	887  -  MemoryUsage of job (MB)
	908020  -  ResidentSetSize of job (KB)
...
006 (40309.000.000) 2021-07-27 02:58:09 Image size of job updated: 1553160
	887  -  MemoryUsage of job (MB)
	908020  -  ResidentSetSize of job (KB)
...
040 (40309.000.000) 2021-07-27 03:08:46 Started transferring output files
...
040 (40309.000.000) 2021-07-27 03:08:58 Finished transferring output files
...
005 (40309.000.000) 2021-07-27 03:08:58 Job terminated.
	(1) Normal termination (return value 0)
		Usr 0 03:19:59, Sys 0 00:24:26  -  Run Remote Usage
		Usr 0 00:00:00, Sys 0 00:00:00  -  Run Local Usage
		Usr 0 03:19:59, Sys 0 00:24:26  -  Total Remote Usage
		Usr 0 00:00:00, Sys 0 00:00:00  -  Total Local Usage
	3606013440  -  Run Bytes Sent By Job
	319  -  Run Bytes Received By Job
	3606013440  -  Total Bytes Sent By Job
	319  -  Total Bytes Received By Job
	Partitionable Resources :      Usage  Request Allocated 
	   Cpus                 :       0.99        1         1 
	   Disk (KB)            : 3521513           1   3637421 
	   Memory (MB)          :     887       10240     10240 

	Job terminated of its own accord at 2021-07-27T02:08:46Z.
...
