000 (40789.000.000) 2021-07-26 16:55:04 Job submitted from host: <194.36.1.200:9618?addrs=194.36.1.200-9618&alias=hex.ppe.gla.ac.uk&noUDP&sock=schedd_1401_8c46>
...
040 (40789.000.000) 2021-07-27 21:36:48 Started transferring input files
	Transferring to host: <192.168.16.101:9618?addrs=192.168.16.101-9618&alias=condor-h16-01.ppe.cluster&noUDP&sock=slot1_1_21991_6617_660>
...
040 (40789.000.000) 2021-07-27 21:36:48 Finished transferring input files
...
001 (40789.000.000) 2021-07-27 21:36:49 Job executing on host: <192.168.16.101:9618?addrs=192.168.16.101-9618&alias=condor-h16-01.ppe.cluster&noUDP&sock=startd_2155_baae>
...
006 (40789.000.000) 2021-07-27 21:36:58 Image size of job updated: 154444
	151  -  MemoryUsage of job (MB)
	154440  -  ResidentSetSize of job (KB)
...
006 (40789.000.000) 2021-07-27 21:37:03 Image size of job updated: 154720
	151  -  MemoryUsage of job (MB)
	154440  -  ResidentSetSize of job (KB)
...
040 (40789.000.000) 2021-07-27 21:37:03 Started transferring output files
...
040 (40789.000.000) 2021-07-27 21:37:03 Finished transferring output files
...
005 (40789.000.000) 2021-07-27 21:37:03 Job terminated.
	(1) Normal termination (return value 0)
		Usr 0 00:00:07, Sys 0 00:00:03  -  Run Remote Usage
		Usr 0 00:00:00, Sys 0 00:00:00  -  Run Local Usage
		Usr 0 00:00:07, Sys 0 00:00:03  -  Total Remote Usage
		Usr 0 00:00:00, Sys 0 00:00:00  -  Total Local Usage
	718123  -  Run Bytes Sent By Job
	323  -  Run Bytes Received By Job
	718123  -  Total Bytes Sent By Job
	323  -  Total Bytes Received By Job
	Partitionable Resources :    Usage  Request Allocated 
	   Cpus                 :                 1         1 
	   Disk (KB)            :      712        1    864796 
	   Memory (MB)          :      151    10240     10240 

	Job terminated of its own accord at 2021-07-27T20:37:03Z.
...
