000 (40375.000.000) 2021-07-26 16:54:39 Job submitted from host: <194.36.1.200:9618?addrs=194.36.1.200-9618&alias=hex.ppe.gla.ac.uk&noUDP&sock=schedd_1401_8c46>
...
040 (40375.000.000) 2021-07-27 02:12:38 Started transferring input files
	Transferring to host: <192.168.16.104:9618?addrs=192.168.16.104-9618&alias=condor-h16-04.ppe.cluster&noUDP&sock=slot1_3_11689_b534_533>
...
040 (40375.000.000) 2021-07-27 02:12:38 Finished transferring input files
...
001 (40375.000.000) 2021-07-27 02:12:39 Job executing on host: <192.168.16.104:9618?addrs=192.168.16.104-9618&alias=condor-h16-04.ppe.cluster&noUDP&sock=startd_20625_9ceb>
...
006 (40375.000.000) 2021-07-27 02:12:48 Image size of job updated: 431756
	37  -  MemoryUsage of job (MB)
	37052  -  ResidentSetSize of job (KB)
...
006 (40375.000.000) 2021-07-27 02:17:49 Image size of job updated: 1414324
	593  -  MemoryUsage of job (MB)
	607116  -  ResidentSetSize of job (KB)
...
006 (40375.000.000) 2021-07-27 02:22:50 Image size of job updated: 1449908
	626  -  MemoryUsage of job (MB)
	640780  -  ResidentSetSize of job (KB)
...
006 (40375.000.000) 2021-07-27 02:32:51 Image size of job updated: 1483856
	836  -  MemoryUsage of job (MB)
	855132  -  ResidentSetSize of job (KB)
...
006 (40375.000.000) 2021-07-27 03:17:55 Image size of job updated: 1483856
	839  -  MemoryUsage of job (MB)
	858240  -  ResidentSetSize of job (KB)
...
006 (40375.000.000) 2021-07-27 03:47:58 Image size of job updated: 1506316
	839  -  MemoryUsage of job (MB)
	858240  -  ResidentSetSize of job (KB)
...
006 (40375.000.000) 2021-07-27 04:03:00 Image size of job updated: 1507376
	839  -  MemoryUsage of job (MB)
	858240  -  ResidentSetSize of job (KB)
...
006 (40375.000.000) 2021-07-27 04:18:02 Image size of job updated: 1507376
	839  -  MemoryUsage of job (MB)
	859076  -  ResidentSetSize of job (KB)
...
006 (40375.000.000) 2021-07-27 04:23:02 Image size of job updated: 1508188
	839  -  MemoryUsage of job (MB)
	859076  -  ResidentSetSize of job (KB)
...
006 (40375.000.000) 2021-07-27 04:28:02 Image size of job updated: 1520076
	839  -  MemoryUsage of job (MB)
	859076  -  ResidentSetSize of job (KB)
...
006 (40375.000.000) 2021-07-27 05:43:09 Image size of job updated: 1520076
	847  -  MemoryUsage of job (MB)
	867172  -  ResidentSetSize of job (KB)
...
006 (40375.000.000) 2021-07-27 06:13:13 Image size of job updated: 1523252
	847  -  MemoryUsage of job (MB)
	867172  -  ResidentSetSize of job (KB)
...
040 (40375.000.000) 2021-07-27 07:06:29 Started transferring output files
...
040 (40375.000.000) 2021-07-27 07:06:42 Finished transferring output files
...
005 (40375.000.000) 2021-07-27 07:06:42 Job terminated.
	(1) Normal termination (return value 0)
		Usr 0 04:07:07, Sys 0 00:44:54  -  Run Remote Usage
		Usr 0 00:00:00, Sys 0 00:00:00  -  Run Local Usage
		Usr 0 04:07:07, Sys 0 00:44:54  -  Total Remote Usage
		Usr 0 00:00:00, Sys 0 00:00:00  -  Total Local Usage
	3749934592  -  Run Bytes Sent By Job
	319  -  Run Bytes Received By Job
	3749934592  -  Total Bytes Sent By Job
	319  -  Total Bytes Received By Job
	Partitionable Resources :      Usage  Request Allocated 
	   Cpus                 :       1.00        1         1 
	   Disk (KB)            : 3662061           1    861476 
	   Memory (MB)          :     847       10240     10240 

	Job terminated of its own accord at 2021-07-27T06:06:29Z.
...
