000 (40329.000.000) 2021-07-26 16:54:36 Job submitted from host: <194.36.1.200:9618?addrs=194.36.1.200-9618&alias=hex.ppe.gla.ac.uk&noUDP&sock=schedd_1401_8c46>
...
040 (40329.000.000) 2021-07-27 00:33:37 Started transferring input files
	Transferring to host: <192.168.16.121:9618?addrs=192.168.16.121-9618&alias=condor-d20-01.ppe.cluster&noUDP&sock=slot1_10_40472_ef67_963>
...
040 (40329.000.000) 2021-07-27 00:33:37 Finished transferring input files
...
001 (40329.000.000) 2021-07-27 00:33:38 Job executing on host: <192.168.16.121:9618?addrs=192.168.16.121-9618&alias=condor-d20-01.ppe.cluster&noUDP&sock=startd_40545_137a>
...
006 (40329.000.000) 2021-07-27 00:33:46 Image size of job updated: 64812
	64  -  MemoryUsage of job (MB)
	64808  -  ResidentSetSize of job (KB)
...
006 (40329.000.000) 2021-07-27 00:38:46 Image size of job updated: 1458644
	660  -  MemoryUsage of job (MB)
	675064  -  ResidentSetSize of job (KB)
...
006 (40329.000.000) 2021-07-27 00:43:47 Image size of job updated: 1504432
	773  -  MemoryUsage of job (MB)
	791404  -  ResidentSetSize of job (KB)
...
006 (40329.000.000) 2021-07-27 00:48:48 Image size of job updated: 1506028
	773  -  MemoryUsage of job (MB)
	791404  -  ResidentSetSize of job (KB)
...
006 (40329.000.000) 2021-07-27 00:53:48 Image size of job updated: 1513376
	773  -  MemoryUsage of job (MB)
	791404  -  ResidentSetSize of job (KB)
...
006 (40329.000.000) 2021-07-27 01:48:54 Image size of job updated: 1513376
	869  -  MemoryUsage of job (MB)
	889288  -  ResidentSetSize of job (KB)
...
006 (40329.000.000) 2021-07-27 02:03:55 Image size of job updated: 1513376
	874  -  MemoryUsage of job (MB)
	893960  -  ResidentSetSize of job (KB)
...
006 (40329.000.000) 2021-07-27 02:13:57 Image size of job updated: 1535848
	874  -  MemoryUsage of job (MB)
	893960  -  ResidentSetSize of job (KB)
...
006 (40329.000.000) 2021-07-27 02:18:57 Image size of job updated: 1539872
	874  -  MemoryUsage of job (MB)
	893960  -  ResidentSetSize of job (KB)
...
006 (40329.000.000) 2021-07-27 02:28:59 Image size of job updated: 1542872
	874  -  MemoryUsage of job (MB)
	893960  -  ResidentSetSize of job (KB)
...
006 (40329.000.000) 2021-07-27 02:59:01 Image size of job updated: 1549844
	875  -  MemoryUsage of job (MB)
	895872  -  ResidentSetSize of job (KB)
...
006 (40329.000.000) 2021-07-27 03:24:04 Image size of job updated: 1549844
	879  -  MemoryUsage of job (MB)
	899784  -  ResidentSetSize of job (KB)
...
040 (40329.000.000) 2021-07-27 04:42:07 Started transferring output files
...
040 (40329.000.000) 2021-07-27 04:42:20 Finished transferring output files
...
005 (40329.000.000) 2021-07-27 04:42:20 Job terminated.
	(1) Normal termination (return value 0)
		Usr 0 03:40:13, Sys 0 00:26:28  -  Run Remote Usage
		Usr 0 00:00:00, Sys 0 00:00:00  -  Run Local Usage
		Usr 0 03:40:13, Sys 0 00:26:28  -  Total Remote Usage
		Usr 0 00:00:00, Sys 0 00:00:00  -  Total Local Usage
	3865383424  -  Run Bytes Sent By Job
	323  -  Run Bytes Received By Job
	3865383424  -  Total Bytes Sent By Job
	323  -  Total Bytes Received By Job
	Partitionable Resources :      Usage  Request Allocated 
	   Cpus                 :       0.99        1         1 
	   Disk (KB)            : 3774804           1   3637421 
	   Memory (MB)          :     879       10240     10240 

	Job terminated of its own accord at 2021-07-27T03:42:07Z.
...
