000 (40204.000.000) 2021-07-26 16:54:30 Job submitted from host: <194.36.1.200:9618?addrs=194.36.1.200-9618&alias=hex.ppe.gla.ac.uk&noUDP&sock=schedd_1401_8c46>
...
040 (40204.000.000) 2021-07-26 16:54:48 Started transferring input files
	Transferring to host: <192.168.16.111:9618?addrs=192.168.16.111-9618&alias=condor-d19-01.ppe.cluster&noUDP&sock=slot1_9_222987_4385_695>
...
040 (40204.000.000) 2021-07-26 16:54:48 Finished transferring input files
...
001 (40204.000.000) 2021-07-26 16:54:49 Job executing on host: <192.168.16.111:9618?addrs=192.168.16.111-9618&alias=condor-d19-01.ppe.cluster&noUDP&sock=startd_2932_afc5>
...
006 (40204.000.000) 2021-07-26 16:54:58 Image size of job updated: 8120
	8  -  MemoryUsage of job (MB)
	7956  -  ResidentSetSize of job (KB)
...
006 (40204.000.000) 2021-07-26 16:59:59 Image size of job updated: 1470000
	645  -  MemoryUsage of job (MB)
	659972  -  ResidentSetSize of job (KB)
...
006 (40204.000.000) 2021-07-26 17:05:00 Image size of job updated: 1479452
	671  -  MemoryUsage of job (MB)
	686968  -  ResidentSetSize of job (KB)
...
006 (40204.000.000) 2021-07-26 17:10:00 Image size of job updated: 1491048
	671  -  MemoryUsage of job (MB)
	686968  -  ResidentSetSize of job (KB)
...
006 (40204.000.000) 2021-07-26 17:15:01 Image size of job updated: 1499788
	678  -  MemoryUsage of job (MB)
	693400  -  ResidentSetSize of job (KB)
...
006 (40204.000.000) 2021-07-26 17:20:02 Image size of job updated: 1499788
	855  -  MemoryUsage of job (MB)
	875124  -  ResidentSetSize of job (KB)
...
006 (40204.000.000) 2021-07-26 17:25:02 Image size of job updated: 1499788
	866  -  MemoryUsage of job (MB)
	886584  -  ResidentSetSize of job (KB)
...
006 (40204.000.000) 2021-07-26 17:30:02 Image size of job updated: 1503124
	866  -  MemoryUsage of job (MB)
	886584  -  ResidentSetSize of job (KB)
...
006 (40204.000.000) 2021-07-26 17:50:05 Image size of job updated: 1507476
	866  -  MemoryUsage of job (MB)
	886584  -  ResidentSetSize of job (KB)
...
006 (40204.000.000) 2021-07-26 19:10:14 Image size of job updated: 1509256
	866  -  MemoryUsage of job (MB)
	886584  -  ResidentSetSize of job (KB)
...
006 (40204.000.000) 2021-07-26 19:30:17 Image size of job updated: 1513012
	866  -  MemoryUsage of job (MB)
	886584  -  ResidentSetSize of job (KB)
...
040 (40204.000.000) 2021-07-26 20:20:21 Started transferring output files
...
040 (40204.000.000) 2021-07-26 20:20:32 Finished transferring output files
...
005 (40204.000.000) 2021-07-26 20:20:32 Job terminated.
	(1) Normal termination (return value 0)
		Usr 0 02:57:44, Sys 0 00:25:24  -  Run Remote Usage
		Usr 0 00:00:00, Sys 0 00:00:00  -  Run Local Usage
		Usr 0 02:57:44, Sys 0 00:25:24  -  Total Remote Usage
		Usr 0 00:00:00, Sys 0 00:00:00  -  Total Local Usage
	3717841408  -  Run Bytes Sent By Job
	319  -  Run Bytes Received By Job
	3717841408  -  Total Bytes Sent By Job
	319  -  Total Bytes Received By Job
	Partitionable Resources :      Usage  Request Allocated 
	   Cpus                 :       1.00        1         1 
	   Disk (KB)            : 3630720           1    825748 
	   Memory (MB)          :     866       10240     10240 

	Job terminated of its own accord at 2021-07-26T19:20:21Z.
...
