000 (40485.000.000) 2021-07-26 16:54:44 Job submitted from host: <194.36.1.200:9618?addrs=194.36.1.200-9618&alias=hex.ppe.gla.ac.uk&noUDP&sock=schedd_1401_8c46>
...
040 (40485.000.000) 2021-07-27 07:22:43 Started transferring input files
	Transferring to host: <192.168.16.112:9618?addrs=192.168.16.112-9618&alias=condor-d19-02.ppe.cluster&noUDP&sock=slot1_5_174254_74e7_732>
...
040 (40485.000.000) 2021-07-27 07:22:43 Finished transferring input files
...
001 (40485.000.000) 2021-07-27 07:22:44 Job executing on host: <192.168.16.112:9618?addrs=192.168.16.112-9618&alias=condor-d19-02.ppe.cluster&noUDP&sock=startd_2914_5710>
...
006 (40485.000.000) 2021-07-27 07:22:53 Image size of job updated: 30924
	31  -  MemoryUsage of job (MB)
	30920  -  ResidentSetSize of job (KB)
...
006 (40485.000.000) 2021-07-27 07:27:54 Image size of job updated: 1414360
	626  -  MemoryUsage of job (MB)
	640004  -  ResidentSetSize of job (KB)
...
006 (40485.000.000) 2021-07-27 07:37:55 Image size of job updated: 1483868
	648  -  MemoryUsage of job (MB)
	662532  -  ResidentSetSize of job (KB)
...
006 (40485.000.000) 2021-07-27 07:47:56 Image size of job updated: 1483868
	660  -  MemoryUsage of job (MB)
	675744  -  ResidentSetSize of job (KB)
...
006 (40485.000.000) 2021-07-27 08:02:57 Image size of job updated: 1483868
	806  -  MemoryUsage of job (MB)
	825192  -  ResidentSetSize of job (KB)
...
006 (40485.000.000) 2021-07-27 08:07:58 Image size of job updated: 1515944
	843  -  MemoryUsage of job (MB)
	862344  -  ResidentSetSize of job (KB)
...
006 (40485.000.000) 2021-07-27 08:12:58 Image size of job updated: 1524216
	843  -  MemoryUsage of job (MB)
	862344  -  ResidentSetSize of job (KB)
...
006 (40485.000.000) 2021-07-27 08:32:59 Image size of job updated: 1524216
	843  -  MemoryUsage of job (MB)
	862356  -  ResidentSetSize of job (KB)
...
006 (40485.000.000) 2021-07-27 08:43:01 Image size of job updated: 1524216
	850  -  MemoryUsage of job (MB)
	869844  -  ResidentSetSize of job (KB)
...
006 (40485.000.000) 2021-07-27 09:03:03 Image size of job updated: 1531160
	850  -  MemoryUsage of job (MB)
	869844  -  ResidentSetSize of job (KB)
...
006 (40485.000.000) 2021-07-27 09:18:04 Image size of job updated: 1531160
	853  -  MemoryUsage of job (MB)
	872496  -  ResidentSetSize of job (KB)
...
006 (40485.000.000) 2021-07-27 10:28:10 Image size of job updated: 1534468
	853  -  MemoryUsage of job (MB)
	872496  -  ResidentSetSize of job (KB)
...
006 (40485.000.000) 2021-07-27 10:58:14 Image size of job updated: 1534468
	858  -  MemoryUsage of job (MB)
	877932  -  ResidentSetSize of job (KB)
...
040 (40485.000.000) 2021-07-27 11:03:50 Started transferring output files
...
040 (40485.000.000) 2021-07-27 11:04:01 Finished transferring output files
...
005 (40485.000.000) 2021-07-27 11:04:01 Job terminated.
	(1) Normal termination (return value 0)
		Usr 0 03:11:24, Sys 0 00:27:58  -  Run Remote Usage
		Usr 0 00:00:00, Sys 0 00:00:00  -  Run Local Usage
		Usr 0 03:11:24, Sys 0 00:27:58  -  Total Remote Usage
		Usr 0 00:00:00, Sys 0 00:00:00  -  Total Local Usage
	3749931520  -  Run Bytes Sent By Job
	319  -  Run Bytes Received By Job
	3749931520  -  Total Bytes Sent By Job
	319  -  Total Bytes Received By Job
	Partitionable Resources :      Usage  Request Allocated 
	   Cpus                 :       1.00        1         1 
	   Disk (KB)            : 3662058           1    825748 
	   Memory (MB)          :     858       10240     10240 

	Job terminated of its own accord at 2021-07-27T10:03:50Z.
...
