000 (40198.000.000) 2021-07-26 16:54:30 Job submitted from host: <194.36.1.200:9618?addrs=194.36.1.200-9618&alias=hex.ppe.gla.ac.uk&noUDP&sock=schedd_1401_8c46>
...
040 (40198.000.000) 2021-07-26 16:54:48 Started transferring input files
	Transferring to host: <192.168.16.121:9618?addrs=192.168.16.121-9618&alias=condor-d20-01.ppe.cluster&noUDP&sock=slot1_12_40472_ef67_947>
...
040 (40198.000.000) 2021-07-26 16:54:48 Finished transferring input files
...
001 (40198.000.000) 2021-07-26 16:54:49 Job executing on host: <192.168.16.121:9618?addrs=192.168.16.121-9618&alias=condor-d20-01.ppe.cluster&noUDP&sock=startd_40545_137a>
...
006 (40198.000.000) 2021-07-26 16:54:57 Image size of job updated: 3396
	4  -  MemoryUsage of job (MB)
	3396  -  ResidentSetSize of job (KB)
...
006 (40198.000.000) 2021-07-26 16:59:57 Image size of job updated: 1412832
	659  -  MemoryUsage of job (MB)
	673824  -  ResidentSetSize of job (KB)
...
006 (40198.000.000) 2021-07-26 17:14:59 Image size of job updated: 1412832
	666  -  MemoryUsage of job (MB)
	681304  -  ResidentSetSize of job (KB)
...
006 (40198.000.000) 2021-07-26 17:25:00 Image size of job updated: 1412832
	666  -  MemoryUsage of job (MB)
	681832  -  ResidentSetSize of job (KB)
...
006 (40198.000.000) 2021-07-26 17:30:00 Image size of job updated: 1417652
	687  -  MemoryUsage of job (MB)
	702468  -  ResidentSetSize of job (KB)
...
006 (40198.000.000) 2021-07-26 17:35:00 Image size of job updated: 1423388
	687  -  MemoryUsage of job (MB)
	702468  -  ResidentSetSize of job (KB)
...
006 (40198.000.000) 2021-07-26 18:10:03 Image size of job updated: 1423388
	787  -  MemoryUsage of job (MB)
	805708  -  ResidentSetSize of job (KB)
...
006 (40198.000.000) 2021-07-26 18:35:07 Image size of job updated: 1424808
	787  -  MemoryUsage of job (MB)
	805708  -  ResidentSetSize of job (KB)
...
006 (40198.000.000) 2021-07-26 18:40:07 Image size of job updated: 1424840
	787  -  MemoryUsage of job (MB)
	805708  -  ResidentSetSize of job (KB)
...
006 (40198.000.000) 2021-07-26 19:35:13 Image size of job updated: 1424840
	790  -  MemoryUsage of job (MB)
	808688  -  ResidentSetSize of job (KB)
...
006 (40198.000.000) 2021-07-26 19:55:15 Image size of job updated: 1425416
	790  -  MemoryUsage of job (MB)
	808688  -  ResidentSetSize of job (KB)
...
006 (40198.000.000) 2021-07-26 20:45:20 Image size of job updated: 1432328
	790  -  MemoryUsage of job (MB)
	808688  -  ResidentSetSize of job (KB)
...
040 (40198.000.000) 2021-07-26 20:45:29 Started transferring output files
...
040 (40198.000.000) 2021-07-26 20:45:40 Finished transferring output files
...
005 (40198.000.000) 2021-07-26 20:45:40 Job terminated.
	(1) Normal termination (return value 0)
		Usr 0 03:22:41, Sys 0 00:25:32  -  Run Remote Usage
		Usr 0 00:00:00, Sys 0 00:00:00  -  Run Local Usage
		Usr 0 03:22:41, Sys 0 00:25:32  -  Total Remote Usage
		Usr 0 00:00:00, Sys 0 00:00:00  -  Total Local Usage
	3663749632  -  Run Bytes Sent By Job
	319  -  Run Bytes Received By Job
	3663749632  -  Total Bytes Sent By Job
	319  -  Total Bytes Received By Job
	Partitionable Resources :      Usage  Request Allocated 
	   Cpus                 :       0.99        1         1 
	   Disk (KB)            : 3577896           1   3637421 
	   Memory (MB)          :     790       10240     10240 

	Job terminated of its own accord at 2021-07-26T19:45:29Z.
...
