000 (40793.000.000) 2021-07-26 16:55:04 Job submitted from host: <194.36.1.200:9618?addrs=194.36.1.200-9618&alias=hex.ppe.gla.ac.uk&noUDP&sock=schedd_1401_8c46>
...
040 (40793.000.000) 2021-07-27 21:37:54 Started transferring input files
	Transferring to host: <192.168.16.101:9618?addrs=192.168.16.101-9618&alias=condor-h16-01.ppe.cluster&noUDP&sock=slot1_1_21991_6617_664>
...
040 (40793.000.000) 2021-07-27 21:37:54 Finished transferring input files
...
001 (40793.000.000) 2021-07-27 21:37:55 Job executing on host: <192.168.16.101:9618?addrs=192.168.16.101-9618&alias=condor-h16-01.ppe.cluster&noUDP&sock=startd_2155_baae>
...
006 (40793.000.000) 2021-07-27 21:38:03 Image size of job updated: 34496
	34  -  MemoryUsage of job (MB)
	34492  -  ResidentSetSize of job (KB)
...
006 (40793.000.000) 2021-07-27 21:38:10 Image size of job updated: 668940
	34  -  MemoryUsage of job (MB)
	34516  -  ResidentSetSize of job (KB)
...
040 (40793.000.000) 2021-07-27 21:38:10 Started transferring output files
...
040 (40793.000.000) 2021-07-27 21:38:10 Finished transferring output files
...
005 (40793.000.000) 2021-07-27 21:38:10 Job terminated.
	(1) Normal termination (return value 0)
		Usr 0 00:00:07, Sys 0 00:00:03  -  Run Remote Usage
		Usr 0 00:00:00, Sys 0 00:00:00  -  Run Local Usage
		Usr 0 00:00:07, Sys 0 00:00:03  -  Total Remote Usage
		Usr 0 00:00:00, Sys 0 00:00:00  -  Total Local Usage
	718123  -  Run Bytes Sent By Job
	323  -  Run Bytes Received By Job
	718123  -  Total Bytes Sent By Job
	323  -  Total Bytes Received By Job
	Partitionable Resources :    Usage  Request Allocated 
	   Cpus                 :                 1         1 
	   Disk (KB)            :      712        1    864796 
	   Memory (MB)          :       34    10240     10240 

	Job terminated of its own accord at 2021-07-27T20:38:10Z.
...
