000 (40992.000.000) 2021-07-26 16:55:19 Job submitted from host: <194.36.1.200:9618?addrs=194.36.1.200-9618&alias=hex.ppe.gla.ac.uk&noUDP&sock=schedd_1401_8c46>
...
040 (40992.000.000) 2021-07-28 08:45:19 Started transferring input files
	Transferring to host: <192.168.16.114:9618?addrs=192.168.16.114-9618&alias=condor-d19-04.ppe.cluster&noUDP&sock=slot1_11_27515_8e78_26>
...
040 (40992.000.000) 2021-07-28 08:45:19 Finished transferring input files
...
001 (40992.000.000) 2021-07-28 08:45:20 Job executing on host: <192.168.16.114:9618?addrs=192.168.16.114-9618&alias=condor-d19-04.ppe.cluster&noUDP&sock=startd_2633_98f3>
...
006 (40992.000.000) 2021-07-28 08:45:28 Image size of job updated: 591052
	369  -  MemoryUsage of job (MB)
	377744  -  ResidentSetSize of job (KB)
...
006 (40992.000.000) 2021-07-28 08:50:28 Image size of job updated: 1417544
	688  -  MemoryUsage of job (MB)
	704356  -  ResidentSetSize of job (KB)
...
006 (40992.000.000) 2021-07-28 08:55:29 Image size of job updated: 1522272
	688  -  MemoryUsage of job (MB)
	704356  -  ResidentSetSize of job (KB)
...
006 (40992.000.000) 2021-07-28 09:00:30 Image size of job updated: 1522272
	873  -  MemoryUsage of job (MB)
	893080  -  ResidentSetSize of job (KB)
...
022 (40992.000.000) 2021-07-28 09:08:57 Job disconnected, attempting to reconnect
    Local schedd and job shadow died, schedd now running again
    Trying to reconnect to slot1_11@condor-d19-04.ppe.cluster <192.168.16.114:9618?addrs=192.168.16.114-9618&alias=condor-d19-04.ppe.cluster&noUDP&sock=startd_2633_98f3>
...
023 (40992.000.000) 2021-07-28 09:08:57 Job reconnected to slot1_11@condor-d19-04.ppe.cluster
    startd address: <192.168.16.114:9618?addrs=192.168.16.114-9618&alias=condor-d19-04.ppe.cluster&noUDP&sock=startd_2633_98f3>
    starter address: <192.168.16.114:9618?addrs=192.168.16.114-9618&alias=condor-d19-04.ppe.cluster&noUDP&sock=slot1_11_27515_8e78_26>
...
006 (40992.000.000) 2021-07-28 09:10:32 Image size of job updated: 1750000
	873  -  MemoryUsage of job (MB)
	893080  -  ResidentSetSize of job (KB)
...
006 (40992.000.000) 2021-07-28 09:30:34 Image size of job updated: 1750000
	882  -  MemoryUsage of job (MB)
	902608  -  ResidentSetSize of job (KB)
...
006 (40992.000.000) 2021-07-28 09:45:36 Image size of job updated: 1750000
	882  -  MemoryUsage of job (MB)
	902724  -  ResidentSetSize of job (KB)
...
006 (40992.000.000) 2021-07-28 12:15:51 Image size of job updated: 1750000
	885  -  MemoryUsage of job (MB)
	906084  -  ResidentSetSize of job (KB)
...
005 (40992.000.000) 2021-07-28 12:32:49 Job terminated.
	(1) Normal termination (return value 0)
		Usr 0 03:20:04, Sys 0 00:25:36  -  Run Remote Usage
		Usr 0 00:00:00, Sys 0 00:00:00  -  Run Local Usage
		Usr 0 03:28:56, Sys 0 00:26:46  -  Total Remote Usage
		Usr 0 00:00:00, Sys 0 00:00:00  -  Total Local Usage
	3665395200  -  Run Bytes Sent By Job
	0  -  Run Bytes Received By Job
	3665395200  -  Total Bytes Sent By Job
	323  -  Total Bytes Received By Job
	Partitionable Resources :      Usage  Request Allocated 
	   Cpus                 :       1.00        1         1 
	   Disk (KB)            : 3579503     3579503   3637421 
	   Memory (MB)          :     885       10240     10240 

	Job terminated of its own accord at 2021-07-28T11:32:37Z.
...
