000 (40605.000.000) 2021-07-26 16:54:50 Job submitted from host: <194.36.1.200:9618?addrs=194.36.1.200-9618&alias=hex.ppe.gla.ac.uk&noUDP&sock=schedd_1401_8c46>
...
040 (40605.000.000) 2021-07-27 12:41:44 Started transferring input files
	Transferring to host: <192.168.16.121:9618?addrs=192.168.16.121-9618&alias=condor-d20-01.ppe.cluster&noUDP&sock=slot1_10_40472_ef67_1025>
...
040 (40605.000.000) 2021-07-27 12:41:44 Finished transferring input files
...
001 (40605.000.000) 2021-07-27 12:41:45 Job executing on host: <192.168.16.121:9618?addrs=192.168.16.121-9618&alias=condor-d20-01.ppe.cluster&noUDP&sock=startd_40545_137a>
...
006 (40605.000.000) 2021-07-27 12:41:54 Image size of job updated: 613796
	600  -  MemoryUsage of job (MB)
	613792  -  ResidentSetSize of job (KB)
...
006 (40605.000.000) 2021-07-27 12:46:55 Image size of job updated: 1302000
	671  -  MemoryUsage of job (MB)
	686292  -  ResidentSetSize of job (KB)
...
006 (40605.000.000) 2021-07-27 12:51:56 Image size of job updated: 1456252
	671  -  MemoryUsage of job (MB)
	686292  -  ResidentSetSize of job (KB)
...
006 (40605.000.000) 2021-07-27 12:56:56 Image size of job updated: 1500064
	671  -  MemoryUsage of job (MB)
	686292  -  ResidentSetSize of job (KB)
...
006 (40605.000.000) 2021-07-27 13:01:57 Image size of job updated: 1500064
	855  -  MemoryUsage of job (MB)
	875504  -  ResidentSetSize of job (KB)
...
006 (40605.000.000) 2021-07-27 13:37:00 Image size of job updated: 1521980
	855  -  MemoryUsage of job (MB)
	875504  -  ResidentSetSize of job (KB)
...
006 (40605.000.000) 2021-07-27 13:57:02 Image size of job updated: 1526280
	855  -  MemoryUsage of job (MB)
	875504  -  ResidentSetSize of job (KB)
...
006 (40605.000.000) 2021-07-27 14:17:04 Image size of job updated: 1530552
	855  -  MemoryUsage of job (MB)
	875504  -  ResidentSetSize of job (KB)
...
006 (40605.000.000) 2021-07-27 15:47:12 Image size of job updated: 1533064
	855  -  MemoryUsage of job (MB)
	875504  -  ResidentSetSize of job (KB)
...
006 (40605.000.000) 2021-07-27 15:52:13 Image size of job updated: 1533064
	858  -  MemoryUsage of job (MB)
	878364  -  ResidentSetSize of job (KB)
...
040 (40605.000.000) 2021-07-27 16:47:51 Started transferring output files
...
040 (40605.000.000) 2021-07-27 16:48:04 Finished transferring output files
...
005 (40605.000.000) 2021-07-27 16:48:04 Job terminated.
	(1) Normal termination (return value 0)
		Usr 0 03:38:14, Sys 0 00:25:57  -  Run Remote Usage
		Usr 0 00:00:00, Sys 0 00:00:00  -  Run Local Usage
		Usr 0 03:38:14, Sys 0 00:25:57  -  Total Remote Usage
		Usr 0 00:00:00, Sys 0 00:00:00  -  Total Local Usage
	3806326528  -  Run Bytes Sent By Job
	323  -  Run Bytes Received By Job
	3806326528  -  Total Bytes Sent By Job
	323  -  Total Bytes Received By Job
	Partitionable Resources :      Usage  Request Allocated 
	   Cpus                 :       1.00        1         1 
	   Disk (KB)            : 3717131           1   3637421 
	   Memory (MB)          :     858       10240     10240 

	Job terminated of its own accord at 2021-07-27T15:47:51Z.
...
