000 (40657.000.000) 2021-07-26 16:54:53 Job submitted from host: <194.36.1.200:9618?addrs=194.36.1.200-9618&alias=hex.ppe.gla.ac.uk&noUDP&sock=schedd_1401_8c46>
...
040 (40657.000.000) 2021-07-27 15:26:08 Started transferring input files
	Transferring to host: <192.168.16.111:9618?addrs=192.168.16.111-9618&alias=condor-d19-01.ppe.cluster&noUDP&sock=slot1_2_222987_4385_997>
...
040 (40657.000.000) 2021-07-27 15:26:08 Finished transferring input files
...
001 (40657.000.000) 2021-07-27 15:26:09 Job executing on host: <192.168.16.111:9618?addrs=192.168.16.111-9618&alias=condor-d19-01.ppe.cluster&noUDP&sock=startd_2932_afc5>
...
006 (40657.000.000) 2021-07-27 15:26:18 Image size of job updated: 23212
	16  -  MemoryUsage of job (MB)
	16004  -  ResidentSetSize of job (KB)
...
006 (40657.000.000) 2021-07-27 15:31:19 Image size of job updated: 1425476
	633  -  MemoryUsage of job (MB)
	648012  -  ResidentSetSize of job (KB)
...
006 (40657.000.000) 2021-07-27 15:36:20 Image size of job updated: 1499508
	863  -  MemoryUsage of job (MB)
	883668  -  ResidentSetSize of job (KB)
...
006 (40657.000.000) 2021-07-27 16:26:25 Image size of job updated: 1519428
	863  -  MemoryUsage of job (MB)
	883668  -  ResidentSetSize of job (KB)
...
006 (40657.000.000) 2021-07-27 16:31:26 Image size of job updated: 1522488
	863  -  MemoryUsage of job (MB)
	883668  -  ResidentSetSize of job (KB)
...
006 (40657.000.000) 2021-07-27 16:36:27 Image size of job updated: 1526836
	863  -  MemoryUsage of job (MB)
	883668  -  ResidentSetSize of job (KB)
...
006 (40657.000.000) 2021-07-27 16:41:27 Image size of job updated: 1527856
	863  -  MemoryUsage of job (MB)
	883668  -  ResidentSetSize of job (KB)
...
006 (40657.000.000) 2021-07-27 17:41:34 Image size of job updated: 1529820
	863  -  MemoryUsage of job (MB)
	883668  -  ResidentSetSize of job (KB)
...
006 (40657.000.000) 2021-07-27 17:56:36 Image size of job updated: 1531864
	863  -  MemoryUsage of job (MB)
	883668  -  ResidentSetSize of job (KB)
...
006 (40657.000.000) 2021-07-27 19:01:05 Image size of job updated: 1536468
	863  -  MemoryUsage of job (MB)
	883668  -  ResidentSetSize of job (KB)
...
040 (40657.000.000) 2021-07-27 19:01:05 Started transferring output files
...
040 (40657.000.000) 2021-07-27 19:01:19 Finished transferring output files
...
005 (40657.000.000) 2021-07-27 19:01:19 Job terminated.
	(1) Normal termination (return value 0)
		Usr 0 03:05:58, Sys 0 00:26:38  -  Run Remote Usage
		Usr 0 00:00:00, Sys 0 00:00:00  -  Run Local Usage
		Usr 0 03:05:58, Sys 0 00:26:38  -  Total Remote Usage
		Usr 0 00:00:00, Sys 0 00:00:00  -  Total Local Usage
	3715013888  -  Run Bytes Sent By Job
	323  -  Run Bytes Received By Job
	3715013888  -  Total Bytes Sent By Job
	323  -  Total Bytes Received By Job
	Partitionable Resources :      Usage  Request Allocated 
	   Cpus                 :       1.00        1         1 
	   Disk (KB)            : 3627959           1    825748 
	   Memory (MB)          :     863       10240     10240 

	Job terminated of its own accord at 2021-07-27T18:01:05Z.
...
