INFO: Using third party libraries from /home/ppe/j/jnugent/private/PhD_Year_1/software/MAUS-v2.9.1
MAUS web front-end directory: /home/ppe/j/jnugent/private/PhD_Year_1/software/MAUS-v2.9.1/third_party/install/lib/maus-apps-0.2
    Database directory: /home/ppe/j/jnugent/private/PhD_Year_1/software/MAUS-v2.9.1/third_party/install/lib/maus-apps-0.2/db
    Media directory: /home/ppe/j/jnugent/private/PhD_Year_1/software/MAUS-v2.9.1/third_party/install/lib/maus-apps-0.2/media
    Media directory (raw images): /home/ppe/j/jnugent/private/PhD_Year_1/software/MAUS-v2.9.1/third_party/install/lib/maus-apps-0.2/media/raw
SUCCESS: MAUS setup
Algorithm to analyse reduced MAUS root
trees for multiple scattering measurements
and to unfold the distribution

Received 2 arguements.
node type: Element, name: spec, with prop id: (null), prop name: (null), prop value: (null)
node type: Element, name: file, with prop id: outfile, prop name: LiHMu_3172_tof_lim27.5374090796_u27.7374090796.root, prop value: (null)
node type: Element, name: file, with prop id: datafile, prop name: /data/neutrino06/jnugent/v2.9.1/allLiH/reduced_tree_.root, prop value: (null)
node type: Element, name: file, with prop id: trainfile, prop name: /data/neutrino06/jnugent/v2.9.1/allZeroAbs/reduced_tree_.root, prop value: (null)
node type: Element, name: file, with prop id: modelfile, prop name: /home/ppe/j/jnugent/workarea/Unfolding/Cobb_results/LiH-6p5-200-B-hists.root, prop value: (null)
node type: Element, name: file, with prop id: trkreffiname, prop name: /home/ppe/j/jnugent/workarea/tracker_efficiency/tracker_resolution_plots_27.5374090796.root, prop value: (null)
node type: Element, name: file, with prop id: model3, prop name: Moliere, prop value: (null)
node type: Element, name: file, with prop id: model2, prop name: Cobb, prop value: (null)
node type: Element, name: file, with prop id: model1, prop name: GEANT, prop value: (null)
node type: Element, name: cuts, with prop id: (null), prop name: TOF_ll, prop value: 27.5374090796
node type: Element, name: cuts, with prop id: (null), prop name: TOF_ul, prop value: 27.7374090796
node type: Element, name: cuts, with prop id: (null), prop name: fid_rad, prop value: 140.0
node type: Element, name: cuts, with prop id: (null), prop name: fid_grad, prop value: 0.012
node type: Element, name: cuts, with prop id: (null), prop name: mode, prop value: -1
node type: Element, name: sys, with prop id: (null), prop name: niter, prop value: 10
node type: Element, name: histlimits, with prop id: (null), prop name: NbinsXY, prop value: 46
node type: Element, name: histlimits, with prop id: (null), prop name: NbinsTh, prop value: 200
node type: Element, name: histlimits, with prop id: (null), prop name: minXY, prop value: -0.06
node type: Element, name: histlimits, with prop id: (null), prop name: maxXY, prop value: 0.06
Writing outfile to LiHMu_3172_tof_lim27.5374090796_u27.7374090796.root
Reading outfilename at 
Reading data from /data/neutrino06/jnugent/v2.9.1/allLiH/reduced_tree_.root
Reading reference data from /data/neutrino06/jnugent/v2.9.1/allZeroAbs/reduced_tree_.root
Reading models from /home/ppe/j/jnugent/workarea/Unfolding/Cobb_results/LiH-6p5-200-B-hists.root
Reading models from 
Use  for propagation

TOF selection between 27.5374 and 27.7374
Fiducial selection contained by radius 140 with scattering 0.012

Adding systematic effect niter with value 10
Event 0
Event 100000
Event 200000
Event 300000
Event 400000
Event 500000
Event 600000
Event 700000
Event 800000
Event 900000
Event 1000000
Event 1100000
Event 1200000
Event 1300000
Event 1400000
Event 1500000
Event 1600000
Event 1700000
Event 1800000
Event 1900000
Event 2000000
Event 2100000
Event 2200000
Event 2300000
Event 2400000
Event 2500000
Event 2600000
Event 2700000
Event 2800000
Event 2900000
Event 3000000
Event 3100000
Event 3200000
Event 3300000
Event 3400000
Event 3500000
Event 3600000
Event 3700000
Event 3800000
Event 3900000
Event 4000000
Event 4100000
Event 4200000
Event 4300000
Event 4400000
Event 4500000
Event 4600000
Event 4700000
Event 4800000
Event 4900000
Event 5000000
Event 0
Event 100000
Event 200000
Event 300000
Event 400000
Event 500000
Event 600000
Event 700000
Event 800000
Event 900000
Event 1000000
Convolution with thetaX_GEANT from /home/ppe/j/jnugent/workarea/Unfolding/Cobb_results/LiH-6p5-200-B-hists.root
OBJ: RooUnfoldBayes	response	Unfold Response
regularisation parameter = 10, ntoys = 50
OBJ: RooUnfoldBayes	response	Unfold Response
regularisation parameter = 10, ntoys = 50
OBJ: RooUnfoldBayes	response	Unfold Response
regularisation parameter = 10, ntoys = 50
OBJ: RooUnfoldBayes	response	Unfold Response
regularisation parameter = 10, ntoys = 50
Now unfolding...
Iteration : 0
Chi^2 of change 144.94
Iteration : 1
Chi^2 of change 31.8898
Iteration : 2
Chi^2 of change 9.17141
Iteration : 3
Chi^2 of change 3.64042
Iteration : 4
Chi^2 of change 1.97204
Iteration : 5
Chi^2 of change 1.29866
Iteration : 6
Chi^2 of change 0.943517
Iteration : 7
Chi^2 of change 0.7246
Iteration : 8
Chi^2 of change 0.579288
Iteration : 9
Chi^2 of change 0.478676
Calculating covariances due to number of measured events
Now unfolding...
Iteration : 0
Chi^2 of change 423.848
Iteration : 1
Chi^2 of change 48.7851
Iteration : 2
Chi^2 of change 9.20124
Iteration : 3
Chi^2 of change 2.75944
Iteration : 4
Chi^2 of change 1.21497
Iteration : 5
Chi^2 of change 0.693596
Iteration : 6
Chi^2 of change 0.463442
Iteration : 7
Chi^2 of change 0.343691
Iteration : 8
Chi^2 of change 0.275593
Iteration : 9
Chi^2 of change 0.234488
Calculating covariances due to number of measured events
Now unfolding...
Iteration : 0
Chi^2 of change 460.216
Iteration : 1
Chi^2 of change 95.0753
Iteration : 2
Chi^2 of change 36.5195
Iteration : 3
Chi^2 of change 13.3547
Iteration : 4
Chi^2 of change 6.38266
Iteration : 5
Chi^2 of change 4.23281
Iteration : 6
Chi^2 of change 3.22216
Iteration : 7
Chi^2 of change 2.56497
Iteration : 8
Chi^2 of change 2.08972
Iteration : 9
Chi^2 of change 1.73695
Calculating covariances due to number of measured events
Now unfolding...
Iteration : 0
Chi^2 of change 343.65
Iteration : 1
Chi^2 of change 75.4762
Iteration : 2
Chi^2 of change 32.0804
Iteration : 3
Chi^2 of change 18.592
Iteration : 4
Chi^2 of change 12.1426
Iteration : 5
Chi^2 of change 8.58466
Iteration : 6
Chi^2 of change 6.58384
Iteration : 7
Chi^2 of change 5.36224
Iteration : 8
Chi^2 of change 4.51015
Iteration : 9
Chi^2 of change 3.86182
Calculating covariances due to number of measured events
Convolution with thetaX_Cobb from /home/ppe/j/jnugent/workarea/Unfolding/Cobb_results/LiH-6p5-200-B-hists.root
OBJ: RooUnfoldBayes	response	Unfold Response
regularisation parameter = 10, ntoys = 50
OBJ: RooUnfoldBayes	response	Unfold Response
regularisation parameter = 10, ntoys = 50
OBJ: RooUnfoldBayes	response	Unfold Response
regularisation parameter = 10, ntoys = 50
OBJ: RooUnfoldBayes	response	Unfold Response
regularisation parameter = 10, ntoys = 50
Now unfolding...
Iteration : 0
Chi^2 of change 101.329
Iteration : 1
Chi^2 of change 24.1867
Iteration : 2
Chi^2 of change 8.01524
Iteration : 3
Chi^2 of change 3.72111
Iteration : 4
Chi^2 of change 2.18271
Iteration : 5
Chi^2 of change 1.4252
Iteration : 6
Chi^2 of change 0.977449
Iteration : 7
Chi^2 of change 0.69788
Iteration : 8
Chi^2 of change 0.522227
Iteration : 9
Chi^2 of change 0.411618
Calculating covariances due to number of measured events
Now unfolding...
Iteration : 0
Chi^2 of change 386.759
Iteration : 1
Chi^2 of change 39.9859
Iteration : 2
Chi^2 of change 6.50947
Iteration : 3
Chi^2 of change 1.81934
Iteration : 4
Chi^2 of change 0.82274
Iteration : 5
Chi^2 of change 0.503157
Iteration : 6
Chi^2 of change 0.360785
Iteration : 7
Chi^2 of change 0.282693
Iteration : 8
Chi^2 of change 0.234571
Iteration : 9
Chi^2 of change 0.202749
Calculating covariances due to number of measured events
Now unfolding...
Iteration : 0
Chi^2 of change 385.432
Iteration : 1
Chi^2 of change 96.7973
Iteration : 2
Chi^2 of change 36.2368
Iteration : 3
Chi^2 of change 13.8525
Iteration : 4
Chi^2 of change 7.3826
Iteration : 5
Chi^2 of change 4.98677
Iteration : 6
Chi^2 of change 3.82054
Iteration : 7
Chi^2 of change 3.08588
Iteration : 8
Chi^2 of change 2.5362
Iteration : 9
Chi^2 of change 2.09148
Calculating covariances due to number of measured events
Now unfolding...
Iteration : 0
Chi^2 of change 237.175
Iteration : 1
Chi^2 of change 61.1637
Iteration : 2
Chi^2 of change 29.401
Iteration : 3
Chi^2 of change 17.5098
Iteration : 4
Chi^2 of change 11.6143
Iteration : 5
Chi^2 of change 8.36564
Iteration : 6
Chi^2 of change 6.42634
Iteration : 7
Chi^2 of change 5.16102
Iteration : 8
Chi^2 of change 4.28453
Iteration : 9
Chi^2 of change 3.65274
Calculating covariances due to number of measured events
Convolution with thetaX_Moliere from /home/ppe/j/jnugent/workarea/Unfolding/Cobb_results/LiH-6p5-200-B-hists.root
OBJ: RooUnfoldBayes	response	Unfold Response
regularisation parameter = 10, ntoys = 50
OBJ: RooUnfoldBayes	response	Unfold Response
regularisation parameter = 10, ntoys = 50
OBJ: RooUnfoldBayes	response	Unfold Response
regularisation parameter = 10, ntoys = 50
OBJ: RooUnfoldBayes	response	Unfold Response
regularisation parameter = 10, ntoys = 50
Now unfolding...
Iteration : 0
Chi^2 of change 116.46
Iteration : 1
Chi^2 of change 26.8655
Iteration : 2
Chi^2 of change 8.21693
Iteration : 3
Chi^2 of change 3.48717
Iteration : 4
Chi^2 of change 1.95637
Iteration : 5
Chi^2 of change 1.28249
Iteration : 6
Chi^2 of change 0.906155
Iteration : 7
Chi^2 of change 0.670932
Iteration : 8
Chi^2 of change 0.517545
Iteration : 9
Chi^2 of change 0.415362
Calculating covariances due to number of measured events
Now unfolding...
Iteration : 0
Chi^2 of change 409.509
Iteration : 1
Chi^2 of change 44.2854
Iteration : 2
Chi^2 of change 7.70406
Iteration : 3
Chi^2 of change 2.20778
Iteration : 4
Chi^2 of change 0.95594
Iteration : 5
Chi^2 of change 0.535301
Iteration : 6
Chi^2 of change 0.345226
Iteration : 7
Chi^2 of change 0.24307
Iteration : 8
Chi^2 of change 0.183041
Iteration : 9
Chi^2 of change 0.145818
Calculating covariances due to number of measured events
Now unfolding...
Iteration : 0
Chi^2 of change 339.072
Iteration : 1
Chi^2 of change 112.88
Iteration : 2
Chi^2 of change 51.9677
Iteration : 3
Chi^2 of change 25.3689
Iteration : 4
Chi^2 of change 12.2531
Iteration : 5
Chi^2 of change 6.35775
Iteration : 6
Chi^2 of change 3.77722
Iteration : 7
Chi^2 of change 2.57039
Iteration : 8
Chi^2 of change 1.91424
Iteration : 9
Chi^2 of change 1.50843
Calculating covariances due to number of measured events
Now unfolding...
Iteration : 0
Chi^2 of change 214.194
Iteration : 1
Chi^2 of change 57.0659
Iteration : 2
Chi^2 of change 26.7915
Iteration : 3
Chi^2 of change 18.7828
Iteration : 4
Chi^2 of change 14.1767
Iteration : 5
Chi^2 of change 10.2455
Iteration : 6
Chi^2 of change 7.36859
Iteration : 7
Chi^2 of change 5.56043
Iteration : 8
Chi^2 of change 4.44324
Iteration : 9
Chi^2 of change 3.70757
Calculating covariances due to number of measured events
