000 (39262.000.000) 2021-07-21 05:48:37 Job submitted from host: <194.36.1.200:9618?addrs=194.36.1.200-9618&alias=hex.ppe.gla.ac.uk&noUDP&sock=schedd_1401_8c46>
...
040 (39262.000.000) 2021-07-21 05:48:53 Started transferring input files
	Transferring to host: <192.168.16.121:9618?addrs=192.168.16.121-9618&alias=condor-d20-01.ppe.cluster&noUDP&sock=slot1_3_40472_ef67_741>
...
040 (39262.000.000) 2021-07-21 05:48:53 Finished transferring input files
...
001 (39262.000.000) 2021-07-21 05:48:54 Job executing on host: <192.168.16.121:9618?addrs=192.168.16.121-9618&alias=condor-d20-01.ppe.cluster&noUDP&sock=startd_40545_137a>
...
006 (39262.000.000) 2021-07-21 05:49:02 Image size of job updated: 193052
	184  -  MemoryUsage of job (MB)
	187992  -  ResidentSetSize of job (KB)
...
006 (39262.000.000) 2021-07-21 05:54:02 Image size of job updated: 1600708
	1068  -  MemoryUsage of job (MB)
	1092652  -  ResidentSetSize of job (KB)
...
006 (39262.000.000) 2021-07-21 05:59:03 Image size of job updated: 2692392
	1925  -  MemoryUsage of job (MB)
	1970416  -  ResidentSetSize of job (KB)
...
006 (39262.000.000) 2021-07-21 06:04:04 Image size of job updated: 3781980
	2733  -  MemoryUsage of job (MB)
	2797860  -  ResidentSetSize of job (KB)
...
006 (39262.000.000) 2021-07-21 06:09:04 Image size of job updated: 4869924
	3488  -  MemoryUsage of job (MB)
	3570748  -  ResidentSetSize of job (KB)
...
006 (39262.000.000) 2021-07-21 06:14:04 Image size of job updated: 7041264
	4195  -  MemoryUsage of job (MB)
	4295092  -  ResidentSetSize of job (KB)
...
006 (39262.000.000) 2021-07-21 06:19:05 Image size of job updated: 7254704
	4195  -  MemoryUsage of job (MB)
	4295092  -  ResidentSetSize of job (KB)
...
040 (39262.000.000) 2021-07-21 06:23:06 Started transferring output files
...
040 (39262.000.000) 2021-07-21 06:23:06 Finished transferring output files
...
005 (39262.000.000) 2021-07-21 06:23:06 Job terminated.
	(1) Normal termination (return value 1)
		Usr 0 00:33:33, Sys 0 00:00:09  -  Run Remote Usage
		Usr 0 00:00:00, Sys 0 00:00:00  -  Run Local Usage
		Usr 0 00:33:33, Sys 0 00:00:09  -  Total Remote Usage
		Usr 0 00:00:00, Sys 0 00:00:00  -  Total Local Usage
	40752  -  Run Bytes Sent By Job
	223  -  Run Bytes Received By Job
	40752  -  Total Bytes Sent By Job
	223  -  Total Bytes Received By Job
	Partitionable Resources :    Usage  Request Allocated 
	   Cpus                 :     0.98        1         1 
	   Disk (KB)            :    55           1   3637421 
	   Memory (MB)          :  4195        6144      6144 

	Job terminated of its own accord at 2021-07-21T05:23:06Z.
...
000 (39699.000.000) 2021-07-23 02:55:56 Job submitted from host: <194.36.1.200:9618?addrs=194.36.1.200-9618&alias=hex.ppe.gla.ac.uk&noUDP&sock=schedd_1401_8c46>
...
040 (39699.000.000) 2021-07-23 02:56:13 Started transferring input files
	Transferring to host: <192.168.16.113:9618?addrs=192.168.16.113-9618&alias=condor-d19-03.ppe.cluster&noUDP&sock=slot1_3_26289_ba86_791>
...
040 (39699.000.000) 2021-07-23 02:56:13 Finished transferring input files
...
001 (39699.000.000) 2021-07-23 02:56:14 Job executing on host: <192.168.16.113:9618?addrs=192.168.16.113-9618&alias=condor-d19-03.ppe.cluster&noUDP&sock=startd_2634_488c>
...
006 (39699.000.000) 2021-07-23 02:56:22 Image size of job updated: 190428
	184  -  MemoryUsage of job (MB)
	188016  -  ResidentSetSize of job (KB)
...
006 (39699.000.000) 2021-07-23 03:01:22 Image size of job updated: 1600712
	1078  -  MemoryUsage of job (MB)
	1103708  -  ResidentSetSize of job (KB)
...
006 (39699.000.000) 2021-07-23 03:06:22 Image size of job updated: 2692396
	1934  -  MemoryUsage of job (MB)
	1979424  -  ResidentSetSize of job (KB)
...
006 (39699.000.000) 2021-07-23 03:11:23 Image size of job updated: 3781984
	2762  -  MemoryUsage of job (MB)
	2827828  -  ResidentSetSize of job (KB)
...
006 (39699.000.000) 2021-07-23 03:16:24 Image size of job updated: 4870460
	3521  -  MemoryUsage of job (MB)
	3604864  -  ResidentSetSize of job (KB)
...
006 (39699.000.000) 2021-07-23 03:21:24 Image size of job updated: 7042216
	4222  -  MemoryUsage of job (MB)
	4322548  -  ResidentSetSize of job (KB)
...
006 (39699.000.000) 2021-07-23 03:26:25 Image size of job updated: 7254708
	4222  -  MemoryUsage of job (MB)
	4322548  -  ResidentSetSize of job (KB)
...
040 (39699.000.000) 2021-07-23 03:30:14 Started transferring output files
...
040 (39699.000.000) 2021-07-23 03:30:14 Finished transferring output files
...
005 (39699.000.000) 2021-07-23 03:30:14 Job terminated.
	(1) Normal termination (return value 1)
		Usr 0 00:32:58, Sys 0 00:00:11  -  Run Remote Usage
		Usr 0 00:00:00, Sys 0 00:00:00  -  Run Local Usage
		Usr 0 00:32:58, Sys 0 00:00:11  -  Total Remote Usage
		Usr 0 00:00:00, Sys 0 00:00:00  -  Total Local Usage
	40773  -  Run Bytes Sent By Job
	223  -  Run Bytes Received By Job
	40773  -  Total Bytes Sent By Job
	223  -  Total Bytes Received By Job
	Partitionable Resources :    Usage  Request Allocated 
	   Cpus                 :     1.00        1         1 
	   Disk (KB)            :    55           1   3637421 
	   Memory (MB)          :  4222        6144      6144 

	Job terminated of its own accord at 2021-07-23T02:30:14Z.
...
000 (40101.000.000) 2021-07-25 13:05:28 Job submitted from host: <194.36.1.200:9618?addrs=194.36.1.200-9618&alias=hex.ppe.gla.ac.uk&noUDP&sock=schedd_1401_8c46>
...
040 (40101.000.000) 2021-07-25 13:05:31 Started transferring input files
	Transferring to host: <192.168.16.113:9618?addrs=192.168.16.113-9618&alias=condor-d19-03.ppe.cluster&noUDP&sock=slot1_4_26289_ba86_849>
...
040 (40101.000.000) 2021-07-25 13:05:31 Finished transferring input files
...
001 (40101.000.000) 2021-07-25 13:05:32 Job executing on host: <192.168.16.113:9618?addrs=192.168.16.113-9618&alias=condor-d19-03.ppe.cluster&noUDP&sock=startd_2634_488c>
...
006 (40101.000.000) 2021-07-25 13:05:41 Image size of job updated: 199976
	187  -  MemoryUsage of job (MB)
	191468  -  ResidentSetSize of job (KB)
...
006 (40101.000.000) 2021-07-25 13:10:42 Image size of job updated: 2141392
	1090  -  MemoryUsage of job (MB)
	1115344  -  ResidentSetSize of job (KB)
...
006 (40101.000.000) 2021-07-25 13:15:43 Image size of job updated: 2692404
	1956  -  MemoryUsage of job (MB)
	2002172  -  ResidentSetSize of job (KB)
...
006 (40101.000.000) 2021-07-25 13:20:43 Image size of job updated: 3782472
	2777  -  MemoryUsage of job (MB)
	2843560  -  ResidentSetSize of job (KB)
...
006 (40101.000.000) 2021-07-25 13:25:43 Image size of job updated: 4870468
	3528  -  MemoryUsage of job (MB)
	3612500  -  ResidentSetSize of job (KB)
...
006 (40101.000.000) 2021-07-25 13:30:44 Image size of job updated: 7042224
	4230  -  MemoryUsage of job (MB)
	4330508  -  ResidentSetSize of job (KB)
...
006 (40101.000.000) 2021-07-25 13:35:44 Image size of job updated: 7254716
	4230  -  MemoryUsage of job (MB)
	4330508  -  ResidentSetSize of job (KB)
...
040 (40101.000.000) 2021-07-25 13:41:21 Started transferring output files
...
040 (40101.000.000) 2021-07-25 13:41:21 Finished transferring output files
...
005 (40101.000.000) 2021-07-25 13:41:21 Job terminated.
	(1) Normal termination (return value 0)
		Usr 0 00:35:06, Sys 0 00:00:09  -  Run Remote Usage
		Usr 0 00:00:00, Sys 0 00:00:00  -  Run Local Usage
		Usr 0 00:35:06, Sys 0 00:00:09  -  Total Remote Usage
		Usr 0 00:00:00, Sys 0 00:00:00  -  Total Local Usage
	488849  -  Run Bytes Sent By Job
	223  -  Run Bytes Received By Job
	488849  -  Total Bytes Sent By Job
	223  -  Total Bytes Received By Job
	Partitionable Resources :    Usage  Request Allocated 
	   Cpus                 :     1.00        1         1 
	   Disk (KB)            :   493           1   3637421 
	   Memory (MB)          :  4230        6144      6144 

	Job terminated of its own accord at 2021-07-25T12:41:21Z.
...
000 (41215.000.000) 2021-07-29 12:42:51 Job submitted from host: <194.36.1.200:9618?addrs=194.36.1.200-9618&alias=hex.ppe.gla.ac.uk&noUDP&sock=schedd_1401_8c46>
...
040 (41215.000.000) 2021-07-29 12:43:01 Started transferring input files
	Transferring to host: <192.168.16.103:9618?addrs=192.168.16.103-9618&alias=condor-h16-03.ppe.cluster&noUDP&sock=slot1_3_14413_0323_25>
...
040 (41215.000.000) 2021-07-29 12:43:01 Finished transferring input files
...
001 (41215.000.000) 2021-07-29 12:43:02 Job executing on host: <192.168.16.103:9618?addrs=192.168.16.103-9618&alias=condor-h16-03.ppe.cluster&noUDP&sock=startd_20690_3293>
...
006 (41215.000.000) 2021-07-29 12:43:11 Image size of job updated: 182640
	177  -  MemoryUsage of job (MB)
	180348  -  ResidentSetSize of job (KB)
...
006 (41215.000.000) 2021-07-29 12:43:42 Image size of job updated: 686508
	177  -  MemoryUsage of job (MB)
	180360  -  ResidentSetSize of job (KB)
...
040 (41215.000.000) 2021-07-29 12:43:42 Started transferring output files
...
040 (41215.000.000) 2021-07-29 12:43:42 Finished transferring output files
...
005 (41215.000.000) 2021-07-29 12:43:42 Job terminated.
	(1) Normal termination (return value 134)
		Usr 0 00:00:36, Sys 0 00:00:01  -  Run Remote Usage
		Usr 0 00:00:00, Sys 0 00:00:00  -  Run Local Usage
		Usr 0 00:00:36, Sys 0 00:00:01  -  Total Remote Usage
		Usr 0 00:00:00, Sys 0 00:00:00  -  Total Local Usage
	10516  -  Run Bytes Sent By Job
	223  -  Run Bytes Received By Job
	10516  -  Total Bytes Sent By Job
	223  -  Total Bytes Received By Job
	Partitionable Resources :    Usage  Request Allocated 
	   Cpus                 :                 1         1 
	   Disk (KB)            :       20        1    861476 
	   Memory (MB)          :      177     6144      6144 

	Job terminated of its own accord at 2021-07-29T11:43:42Z.
...
000 (41316.000.000) 2021-07-29 14:39:30 Job submitted from host: <194.36.1.200:9618?addrs=194.36.1.200-9618&alias=hex.ppe.gla.ac.uk&noUDP&sock=schedd_1401_8c46>
...
040 (41316.000.000) 2021-07-29 14:39:47 Started transferring input files
	Transferring to host: <192.168.16.101:9618?addrs=192.168.16.101-9618&alias=condor-h16-01.ppe.cluster&noUDP&sock=slot1_5_16412_7d14_55>
...
040 (41316.000.000) 2021-07-29 14:39:47 Finished transferring input files
...
001 (41316.000.000) 2021-07-29 14:39:48 Job executing on host: <192.168.16.101:9618?addrs=192.168.16.101-9618&alias=condor-h16-01.ppe.cluster&noUDP&sock=startd_2155_baae>
...
006 (41316.000.000) 2021-07-29 14:39:56 Image size of job updated: 509788
	165  -  MemoryUsage of job (MB)
	168328  -  ResidentSetSize of job (KB)
...
006 (41316.000.000) 2021-07-29 14:42:34 Image size of job updated: 825048
	165  -  MemoryUsage of job (MB)
	168332  -  ResidentSetSize of job (KB)
...
040 (41316.000.000) 2021-07-29 14:42:34 Started transferring output files
...
040 (41316.000.000) 2021-07-29 14:42:34 Finished transferring output files
...
005 (41316.000.000) 2021-07-29 14:42:34 Job terminated.
	(1) Normal termination (return value 0)
		Usr 0 00:02:42, Sys 0 00:00:02  -  Run Remote Usage
		Usr 0 00:00:00, Sys 0 00:00:00  -  Run Local Usage
		Usr 0 00:02:42, Sys 0 00:00:02  -  Total Remote Usage
		Usr 0 00:00:00, Sys 0 00:00:00  -  Total Local Usage
	474518  -  Run Bytes Sent By Job
	223  -  Run Bytes Received By Job
	474518  -  Total Bytes Sent By Job
	223  -  Total Bytes Received By Job
	Partitionable Resources :    Usage  Request Allocated 
	   Cpus                 :                 1         1 
	   Disk (KB)            :      473        1    864796 
	   Memory (MB)          :      165     6144      6144 

	Job terminated of its own accord at 2021-07-29T13:42:34Z.
...
000 (41552.000.000) 2021-07-31 00:37:49 Job submitted from host: <194.36.1.200:9618?addrs=194.36.1.200-9618&alias=hex.ppe.gla.ac.uk&noUDP&sock=schedd_1401_8c46>
...
040 (41552.000.000) 2021-07-31 00:38:07 Started transferring input files
	Transferring to host: <192.168.16.114:9618?addrs=192.168.16.114-9618&alias=condor-d19-04.ppe.cluster&noUDP&sock=slot1_3_34819_e2a1_25>
...
040 (41552.000.000) 2021-07-31 00:38:07 Finished transferring input files
...
001 (41552.000.000) 2021-07-31 00:38:08 Job executing on host: <192.168.16.114:9618?addrs=192.168.16.114-9618&alias=condor-d19-04.ppe.cluster&noUDP&sock=startd_2633_98f3>
...
006 (41552.000.000) 2021-07-31 00:38:16 Image size of job updated: 190068
	181  -  MemoryUsage of job (MB)
	185220  -  ResidentSetSize of job (KB)
...
006 (41552.000.000) 2021-07-31 00:43:16 Image size of job updated: 1600716
	1058  -  MemoryUsage of job (MB)
	1083368  -  ResidentSetSize of job (KB)
...
006 (41552.000.000) 2021-07-31 00:48:17 Image size of job updated: 2692400
	1921  -  MemoryUsage of job (MB)
	1966244  -  ResidentSetSize of job (KB)
...
006 (41552.000.000) 2021-07-31 00:53:18 Image size of job updated: 3781988
	2739  -  MemoryUsage of job (MB)
	2804404  -  ResidentSetSize of job (KB)
...
006 (41552.000.000) 2021-07-31 00:58:18 Image size of job updated: 4869928
	3492  -  MemoryUsage of job (MB)
	3575576  -  ResidentSetSize of job (KB)
...
006 (41552.000.000) 2021-07-31 01:03:19 Image size of job updated: 7041272
	4201  -  MemoryUsage of job (MB)
	4300820  -  ResidentSetSize of job (KB)
...
006 (41552.000.000) 2021-07-31 01:08:20 Image size of job updated: 7221048
	4201  -  MemoryUsage of job (MB)
	4300820  -  ResidentSetSize of job (KB)
...
040 (41552.000.000) 2021-07-31 01:14:12 Started transferring output files
...
040 (41552.000.000) 2021-07-31 01:14:12 Finished transferring output files
...
005 (41552.000.000) 2021-07-31 01:14:12 Job terminated.
	(1) Normal termination (return value 0)
		Usr 0 00:35:14, Sys 0 00:00:11  -  Run Remote Usage
		Usr 0 00:00:00, Sys 0 00:00:00  -  Run Local Usage
		Usr 0 00:35:14, Sys 0 00:00:11  -  Total Remote Usage
		Usr 0 00:00:00, Sys 0 00:00:00  -  Total Local Usage
	487180  -  Run Bytes Sent By Job
	223  -  Run Bytes Received By Job
	487180  -  Total Bytes Sent By Job
	223  -  Total Bytes Received By Job
	Partitionable Resources :    Usage  Request Allocated 
	   Cpus                 :     1.00        1         1 
	   Disk (KB)            :   491           1   3637421 
	   Memory (MB)          :  4201        6144      6144 

	Job terminated of its own accord at 2021-07-31T00:14:12Z.
...
