INFO: Using third party libraries from /home/ppe/j/jnugent/private/PhD_Year_1/software/MAUS-v2.9.1
MAUS web front-end directory: /home/ppe/j/jnugent/private/PhD_Year_1/software/MAUS-v2.9.1/third_party/install/lib/maus-apps-0.2
    Database directory: /home/ppe/j/jnugent/private/PhD_Year_1/software/MAUS-v2.9.1/third_party/install/lib/maus-apps-0.2/db
    Media directory: /home/ppe/j/jnugent/private/PhD_Year_1/software/MAUS-v2.9.1/third_party/install/lib/maus-apps-0.2/media
    Media directory (raw images): /home/ppe/j/jnugent/private/PhD_Year_1/software/MAUS-v2.9.1/third_party/install/lib/maus-apps-0.2/media/raw
SUCCESS: MAUS setup
Algorithm to analyse reduced MAUS root
trees for multiple scattering measurements
and to unfold the distribution

Received 2 arguements.
node type: Element, name: spec, with prop id: (null), prop name: (null), prop value: (null)
node type: Element, name: file, with prop id: outfile, prop name: LiHMu_3200_tof_lim28.8059285384_u29.0059285384.root, prop value: (null)
node type: Element, name: file, with prop id: datafile, prop name: /data/neutrino06/jnugent/v2.9.1/allLiH/reduced_tree_.root, prop value: (null)
node type: Element, name: file, with prop id: trainfile, prop name: /data/neutrino06/jnugent/v2.9.1/allZeroAbs/reduced_tree_.root, prop value: (null)
node type: Element, name: file, with prop id: modelfile, prop name: /home/ppe/j/jnugent/workarea/Unfolding/Cobb_results/LiH-6p5-200-B-hists.root, prop value: (null)
node type: Element, name: file, with prop id: trkreffiname, prop name: /home/ppe/j/jnugent/workarea/tracker_efficiency/tracker_resolution_plots_28.8059285384.root, prop value: (null)
node type: Element, name: file, with prop id: model3, prop name: Moliere, prop value: (null)
node type: Element, name: file, with prop id: model2, prop name: Cobb, prop value: (null)
node type: Element, name: file, with prop id: model1, prop name: GEANT, prop value: (null)
node type: Element, name: cuts, with prop id: (null), prop name: TOF_ll, prop value: 28.8059285384
node type: Element, name: cuts, with prop id: (null), prop name: TOF_ul, prop value: 29.0059285384
node type: Element, name: cuts, with prop id: (null), prop name: fid_rad, prop value: 140.0
node type: Element, name: cuts, with prop id: (null), prop name: fid_grad, prop value: 0.012
node type: Element, name: cuts, with prop id: (null), prop name: mode, prop value: -1
node type: Element, name: sys, with prop id: (null), prop name: niter, prop value: 10
node type: Element, name: histlimits, with prop id: (null), prop name: NbinsXY, prop value: 46
node type: Element, name: histlimits, with prop id: (null), prop name: NbinsTh, prop value: 200
node type: Element, name: histlimits, with prop id: (null), prop name: minXY, prop value: -0.06
node type: Element, name: histlimits, with prop id: (null), prop name: maxXY, prop value: 0.06
Writing outfile to LiHMu_3200_tof_lim28.8059285384_u29.0059285384.root
Reading outfilename at 
Reading data from /data/neutrino06/jnugent/v2.9.1/allLiH/reduced_tree_.root
Reading reference data from /data/neutrino06/jnugent/v2.9.1/allZeroAbs/reduced_tree_.root
Reading models from /home/ppe/j/jnugent/workarea/Unfolding/Cobb_results/LiH-6p5-200-B-hists.root
Reading models from 
Use  for propagation

TOF selection between 28.8059 and 29.0059
Fiducial selection contained by radius 140 with scattering 0.012

Adding systematic effect niter with value 10
Event 0
Event 100000
Event 200000
Event 300000
Event 400000
Event 500000
Event 600000
Event 700000
Event 800000
Event 900000
Event 1000000
Event 1100000
Event 1200000
Event 1300000
Event 1400000
Event 1500000
Event 1600000
Event 1700000
Event 1800000
Event 1900000
Event 2000000
Event 2100000
Event 2200000
Event 2300000
Event 2400000
Event 2500000
Event 2600000
Event 2700000
Event 2800000
Event 2900000
Event 3000000
Event 3100000
Event 3200000
Event 3300000
Event 3400000
Event 3500000
Event 3600000
Event 3700000
Event 3800000
Event 3900000
Event 4000000
Event 4100000
Event 4200000
Event 4300000
Event 4400000
Event 4500000
Event 4600000
Event 4700000
Event 4800000
Event 4900000
Event 5000000
Event 0
Event 100000
Event 200000
Event 300000
Event 400000
Event 500000
Event 600000
Event 700000
Event 800000
Event 900000
Event 1000000
Convolution with thetaX_GEANT from /home/ppe/j/jnugent/workarea/Unfolding/Cobb_results/LiH-6p5-200-B-hists.root
OBJ: RooUnfoldBayes	response	Unfold Response
regularisation parameter = 10, ntoys = 50
OBJ: RooUnfoldBayes	response	Unfold Response
regularisation parameter = 10, ntoys = 50
OBJ: RooUnfoldBayes	response	Unfold Response
regularisation parameter = 10, ntoys = 50
OBJ: RooUnfoldBayes	response	Unfold Response
regularisation parameter = 10, ntoys = 50
Now unfolding...
Iteration : 0
Chi^2 of change 250.348
Iteration : 1
Chi^2 of change 103.744
Iteration : 2
Chi^2 of change 35.404
Iteration : 3
Chi^2 of change 10.9369
Iteration : 4
Chi^2 of change 3.34217
Iteration : 5
Chi^2 of change 1.14752
Iteration : 6
Chi^2 of change 0.53124
Iteration : 7
Chi^2 of change 0.356239
Iteration : 8
Chi^2 of change 0.302128
Iteration : 9
Chi^2 of change 0.280973
Calculating covariances due to number of measured events
Now unfolding...
Iteration : 0
Chi^2 of change 308.906
Iteration : 1
Chi^2 of change 125.056
Iteration : 2
Chi^2 of change 46.6433
Iteration : 3
Chi^2 of change 17.2821
Iteration : 4
Chi^2 of change 6.98465
Iteration : 5
Chi^2 of change 3.34455
Iteration : 6
Chi^2 of change 1.93024
Iteration : 7
Chi^2 of change 1.28624
Iteration : 8
Chi^2 of change 0.940878
Iteration : 9
Chi^2 of change 0.73165
Calculating covariances due to number of measured events
Now unfolding...
Iteration : 0
Chi^2 of change 924.096
Iteration : 1
Chi^2 of change 341.401
Iteration : 2
Chi^2 of change 87.6396
Iteration : 3
Chi^2 of change 24.8322
Iteration : 4
Chi^2 of change 10.6653
Iteration : 5
Chi^2 of change 6.4211
Iteration : 6
Chi^2 of change 4.58259
Iteration : 7
Chi^2 of change 3.53819
Iteration : 8
Chi^2 of change 2.85317
Iteration : 9
Chi^2 of change 2.36773
Calculating covariances due to number of measured events
Now unfolding...
Iteration : 0
Chi^2 of change 517.09
Iteration : 1
Chi^2 of change 201.116
Iteration : 2
Chi^2 of change 77.1355
Iteration : 3
Chi^2 of change 35.6149
Iteration : 4
Chi^2 of change 20.6298
Iteration : 5
Chi^2 of change 14.1789
Iteration : 6
Chi^2 of change 10.8578
Iteration : 7
Chi^2 of change 8.8298
Iteration : 8
Chi^2 of change 7.41682
Iteration : 9
Chi^2 of change 6.34437
Calculating covariances due to number of measured events
Convolution with thetaX_Cobb from /home/ppe/j/jnugent/workarea/Unfolding/Cobb_results/LiH-6p5-200-B-hists.root
OBJ: RooUnfoldBayes	response	Unfold Response
regularisation parameter = 10, ntoys = 50
OBJ: RooUnfoldBayes	response	Unfold Response
regularisation parameter = 10, ntoys = 50
OBJ: RooUnfoldBayes	response	Unfold Response
regularisation parameter = 10, ntoys = 50
OBJ: RooUnfoldBayes	response	Unfold Response
regularisation parameter = 10, ntoys = 50
Now unfolding...
Iteration : 0
Chi^2 of change 311.04
Iteration : 1
Chi^2 of change 136.074
Iteration : 2
Chi^2 of change 48.0559
Iteration : 3
Chi^2 of change 15.2276
Iteration : 4
Chi^2 of change 4.79245
Iteration : 5
Chi^2 of change 1.71753
Iteration : 6
Chi^2 of change 0.827451
Iteration : 7
Chi^2 of change 0.557498
Iteration : 8
Chi^2 of change 0.462185
Iteration : 9
Chi^2 of change 0.4176
Calculating covariances due to number of measured events
Now unfolding...
Iteration : 0
Chi^2 of change 328.945
Iteration : 1
Chi^2 of change 130.449
Iteration : 2
Chi^2 of change 44.4251
Iteration : 3
Chi^2 of change 14.2681
Iteration : 4
Chi^2 of change 4.90495
Iteration : 5
Chi^2 of change 2.11967
Iteration : 6
Chi^2 of change 1.25466
Iteration : 7
Chi^2 of change 0.938895
Iteration : 8
Chi^2 of change 0.786632
Iteration : 9
Chi^2 of change 0.689528
Calculating covariances due to number of measured events
Now unfolding...
Iteration : 0
Chi^2 of change 814.676
Iteration : 1
Chi^2 of change 295.152
Iteration : 2
Chi^2 of change 85.2663
Iteration : 3
Chi^2 of change 23.8217
Iteration : 4
Chi^2 of change 8.39322
Iteration : 5
Chi^2 of change 4.36222
Iteration : 6
Chi^2 of change 3.06172
Iteration : 7
Chi^2 of change 2.46915
Iteration : 8
Chi^2 of change 2.11649
Iteration : 9
Chi^2 of change 1.87106
Calculating covariances due to number of measured events
Now unfolding...
Iteration : 0
Chi^2 of change 571.787
Iteration : 1
Chi^2 of change 236.688
Iteration : 2
Chi^2 of change 94.515
Iteration : 3
Chi^2 of change 41.0994
Iteration : 4
Chi^2 of change 21.1814
Iteration : 5
Chi^2 of change 13.1578
Iteration : 6
Chi^2 of change 9.52995
Iteration : 7
Chi^2 of change 7.62321
Iteration : 8
Chi^2 of change 6.42397
Iteration : 9
Chi^2 of change 5.55985
Calculating covariances due to number of measured events
Convolution with thetaX_Moliere from /home/ppe/j/jnugent/workarea/Unfolding/Cobb_results/LiH-6p5-200-B-hists.root
OBJ: RooUnfoldBayes	response	Unfold Response
regularisation parameter = 10, ntoys = 50
OBJ: RooUnfoldBayes	response	Unfold Response
regularisation parameter = 10, ntoys = 50
OBJ: RooUnfoldBayes	response	Unfold Response
regularisation parameter = 10, ntoys = 50
OBJ: RooUnfoldBayes	response	Unfold Response
regularisation parameter = 10, ntoys = 50
Now unfolding...
Iteration : 0
Chi^2 of change 274.183
Iteration : 1
Chi^2 of change 117.48
Iteration : 2
Chi^2 of change 41.7319
Iteration : 3
Chi^2 of change 13.4948
Iteration : 4
Chi^2 of change 4.28829
Iteration : 5
Chi^2 of change 1.45317
Iteration : 6
Chi^2 of change 0.585208
Iteration : 7
Chi^2 of change 0.309277
Iteration : 8
Chi^2 of change 0.213802
Iteration : 9
Chi^2 of change 0.175917
Calculating covariances due to number of measured events
Now unfolding...
Iteration : 0
Chi^2 of change 327.242
Iteration : 1
Chi^2 of change 132.284
Iteration : 2
Chi^2 of change 46.8515
Iteration : 3
Chi^2 of change 15.8706
Iteration : 4
Chi^2 of change 5.73993
Iteration : 5
Chi^2 of change 2.50432
Iteration : 6
Chi^2 of change 1.40206
Iteration : 7
Chi^2 of change 0.961439
Iteration : 8
Chi^2 of change 0.741497
Iteration : 9
Chi^2 of change 0.606803
Calculating covariances due to number of measured events
Now unfolding...
Iteration : 0
Chi^2 of change 909.351
Iteration : 1
Chi^2 of change 417.728
Iteration : 2
Chi^2 of change 118.153
Iteration : 3
Chi^2 of change 27.9848
Iteration : 4
Chi^2 of change 8.08358
Iteration : 5
Chi^2 of change 3.83918
Iteration : 6
Chi^2 of change 2.62016
Iteration : 7
Chi^2 of change 2.06538
Iteration : 8
Chi^2 of change 1.72367
Iteration : 9
Chi^2 of change 1.48416
Calculating covariances due to number of measured events
Now unfolding...
Iteration : 0
Chi^2 of change 473.767
Iteration : 1
Chi^2 of change 210.082
Iteration : 2
Chi^2 of change 90.3673
Iteration : 3
Chi^2 of change 43.2724
Iteration : 4
Chi^2 of change 25.125
Iteration : 5
Chi^2 of change 17.3057
Iteration : 6
Chi^2 of change 13.1383
Iteration : 7
Chi^2 of change 10.4251
Iteration : 8
Chi^2 of change 8.44116
Iteration : 9
Chi^2 of change 6.93842
Calculating covariances due to number of measured events
