INFO: Using third party libraries from /home/ppe/j/jnugent/private/PhD_Year_1/software/MAUS-v2.9.1
MAUS web front-end directory: /home/ppe/j/jnugent/private/PhD_Year_1/software/MAUS-v2.9.1/third_party/install/lib/maus-apps-0.2
    Database directory: /home/ppe/j/jnugent/private/PhD_Year_1/software/MAUS-v2.9.1/third_party/install/lib/maus-apps-0.2/db
    Media directory: /home/ppe/j/jnugent/private/PhD_Year_1/software/MAUS-v2.9.1/third_party/install/lib/maus-apps-0.2/media
    Media directory (raw images): /home/ppe/j/jnugent/private/PhD_Year_1/software/MAUS-v2.9.1/third_party/install/lib/maus-apps-0.2/media/raw
SUCCESS: MAUS setup
Algorithm to analyse reduced MAUS root
trees for multiple scattering measurements
and to unfold the distribution

Received 2 arguements.
node type: Element, name: spec, with prop id: (null), prop name: (null), prop value: (null)
node type: Element, name: file, with prop id: outfile, prop name: LiHMu_3200_tof_lim27.6059285384_u27.8059285384.root, prop value: (null)
node type: Element, name: file, with prop id: datafile, prop name: /data/neutrino06/jnugent/v2.9.1/allLiH/reduced_tree_.root, prop value: (null)
node type: Element, name: file, with prop id: trainfile, prop name: /data/neutrino06/jnugent/v2.9.1/allZeroAbs/reduced_tree_.root, prop value: (null)
node type: Element, name: file, with prop id: modelfile, prop name: /home/ppe/j/jnugent/workarea/Unfolding/Cobb_results/LiH-6p5-200-B-hists.root, prop value: (null)
node type: Element, name: file, with prop id: trkreffiname, prop name: /home/ppe/j/jnugent/workarea/tracker_efficiency/tracker_resolution_plots_27.6059285384.root, prop value: (null)
node type: Element, name: file, with prop id: model3, prop name: Moliere, prop value: (null)
node type: Element, name: file, with prop id: model2, prop name: Cobb, prop value: (null)
node type: Element, name: file, with prop id: model1, prop name: GEANT, prop value: (null)
node type: Element, name: cuts, with prop id: (null), prop name: TOF_ll, prop value: 27.6059285384
node type: Element, name: cuts, with prop id: (null), prop name: TOF_ul, prop value: 27.8059285384
node type: Element, name: cuts, with prop id: (null), prop name: fid_rad, prop value: 140.0
node type: Element, name: cuts, with prop id: (null), prop name: fid_grad, prop value: 0.012
node type: Element, name: cuts, with prop id: (null), prop name: mode, prop value: -1
node type: Element, name: sys, with prop id: (null), prop name: niter, prop value: 10
node type: Element, name: histlimits, with prop id: (null), prop name: NbinsXY, prop value: 46
node type: Element, name: histlimits, with prop id: (null), prop name: NbinsTh, prop value: 200
node type: Element, name: histlimits, with prop id: (null), prop name: minXY, prop value: -0.06
node type: Element, name: histlimits, with prop id: (null), prop name: maxXY, prop value: 0.06
Writing outfile to LiHMu_3200_tof_lim27.6059285384_u27.8059285384.root
Reading outfilename at 
Reading data from /data/neutrino06/jnugent/v2.9.1/allLiH/reduced_tree_.root
Reading reference data from /data/neutrino06/jnugent/v2.9.1/allZeroAbs/reduced_tree_.root
Reading models from /home/ppe/j/jnugent/workarea/Unfolding/Cobb_results/LiH-6p5-200-B-hists.root
Reading models from 
Use  for propagation

TOF selection between 27.6059 and 27.8059
Fiducial selection contained by radius 140 with scattering 0.012

Adding systematic effect niter with value 10
Event 0
Event 100000
Event 200000
Event 300000
Event 400000
Event 500000
Event 600000
Event 700000
Event 800000
Event 900000
Event 1000000
Event 1100000
Event 1200000
Event 1300000
Event 1400000
Event 1500000
Event 1600000
Event 1700000
Event 1800000
Event 1900000
Event 2000000
Event 2100000
Event 2200000
Event 2300000
Event 2400000
Event 2500000
Event 2600000
Event 2700000
Event 2800000
Event 2900000
Event 3000000
Event 3100000
Event 3200000
Event 3300000
Event 3400000
Event 3500000
Event 3600000
Event 3700000
Event 3800000
Event 3900000
Event 4000000
Event 4100000
Event 4200000
Event 4300000
Event 4400000
Event 4500000
Event 4600000
Event 4700000
Event 4800000
Event 4900000
Event 5000000
Event 0
Event 100000
Event 200000
Event 300000
Event 400000
Event 500000
Event 600000
Event 700000
Event 800000
Event 900000
Event 1000000
Convolution with thetaX_GEANT from /home/ppe/j/jnugent/workarea/Unfolding/Cobb_results/LiH-6p5-200-B-hists.root
OBJ: RooUnfoldBayes	response	Unfold Response
regularisation parameter = 10, ntoys = 50
OBJ: RooUnfoldBayes	response	Unfold Response
regularisation parameter = 10, ntoys = 50
OBJ: RooUnfoldBayes	response	Unfold Response
regularisation parameter = 10, ntoys = 50
OBJ: RooUnfoldBayes	response	Unfold Response
regularisation parameter = 10, ntoys = 50
Now unfolding...
Iteration : 0
Chi^2 of change 86.1333
Iteration : 1
Chi^2 of change 22.8502
Iteration : 2
Chi^2 of change 9.56871
Iteration : 3
Chi^2 of change 5.56478
Iteration : 4
Chi^2 of change 3.70987
Iteration : 5
Chi^2 of change 2.5906
Iteration : 6
Chi^2 of change 1.86552
Iteration : 7
Chi^2 of change 1.39439
Iteration : 8
Chi^2 of change 1.08809
Iteration : 9
Chi^2 of change 0.885751
Calculating covariances due to number of measured events
Now unfolding...
Iteration : 0
Chi^2 of change 368.254
Iteration : 1
Chi^2 of change 34.9192
Iteration : 2
Chi^2 of change 6.19622
Iteration : 3
Chi^2 of change 2.38577
Iteration : 4
Chi^2 of change 1.38624
Iteration : 5
Chi^2 of change 0.950583
Iteration : 6
Chi^2 of change 0.716414
Iteration : 7
Chi^2 of change 0.576502
Iteration : 8
Chi^2 of change 0.485553
Iteration : 9
Chi^2 of change 0.421918
Calculating covariances due to number of measured events
Now unfolding...
Iteration : 0
Chi^2 of change 431.332
Iteration : 1
Chi^2 of change 81.2101
Iteration : 2
Chi^2 of change 26.818
Iteration : 3
Chi^2 of change 10.537
Iteration : 4
Chi^2 of change 4.76851
Iteration : 5
Chi^2 of change 2.62473
Iteration : 6
Chi^2 of change 1.73782
Iteration : 7
Chi^2 of change 1.31404
Iteration : 8
Chi^2 of change 1.07707
Iteration : 9
Chi^2 of change 0.924033
Calculating covariances due to number of measured events
Now unfolding...
Iteration : 0
Chi^2 of change 251.508
Iteration : 1
Chi^2 of change 68.7293
Iteration : 2
Chi^2 of change 32.7476
Iteration : 3
Chi^2 of change 20.4482
Iteration : 4
Chi^2 of change 14.1301
Iteration : 5
Chi^2 of change 10.3569
Iteration : 6
Chi^2 of change 8.05535
Iteration : 7
Chi^2 of change 6.60101
Iteration : 8
Chi^2 of change 5.59537
Iteration : 9
Chi^2 of change 4.82901
Calculating covariances due to number of measured events
Convolution with thetaX_Cobb from /home/ppe/j/jnugent/workarea/Unfolding/Cobb_results/LiH-6p5-200-B-hists.root
OBJ: RooUnfoldBayes	response	Unfold Response
regularisation parameter = 10, ntoys = 50
OBJ: RooUnfoldBayes	response	Unfold Response
regularisation parameter = 10, ntoys = 50
OBJ: RooUnfoldBayes	response	Unfold Response
regularisation parameter = 10, ntoys = 50
OBJ: RooUnfoldBayes	response	Unfold Response
regularisation parameter = 10, ntoys = 50
Now unfolding...
Iteration : 0
Chi^2 of change 50.1059
Iteration : 1
Chi^2 of change 15.9111
Iteration : 2
Chi^2 of change 8.02914
Iteration : 3
Chi^2 of change 5.05168
Iteration : 4
Chi^2 of change 3.3534
Iteration : 5
Chi^2 of change 2.23982
Iteration : 6
Chi^2 of change 1.51097
Iteration : 7
Chi^2 of change 1.04661
Iteration : 8
Chi^2 of change 0.755156
Iteration : 9
Chi^2 of change 0.571505
Calculating covariances due to number of measured events
Now unfolding...
Iteration : 0
Chi^2 of change 349.263
Iteration : 1
Chi^2 of change 30.2249
Iteration : 2
Chi^2 of change 4.68001
Iteration : 3
Chi^2 of change 1.93603
Iteration : 4
Chi^2 of change 1.2805
Iteration : 5
Chi^2 of change 0.954502
Iteration : 6
Chi^2 of change 0.750621
Iteration : 7
Chi^2 of change 0.614025
Iteration : 8
Chi^2 of change 0.518194
Iteration : 9
Chi^2 of change 0.4481
Calculating covariances due to number of measured events
Now unfolding...
Iteration : 0
Chi^2 of change 281.045
Iteration : 1
Chi^2 of change 84.2309
Iteration : 2
Chi^2 of change 41.6202
Iteration : 3
Chi^2 of change 18.1082
Iteration : 4
Chi^2 of change 7.8212
Iteration : 5
Chi^2 of change 3.66036
Iteration : 6
Chi^2 of change 2.21549
Iteration : 7
Chi^2 of change 1.69888
Iteration : 8
Chi^2 of change 1.45278
Iteration : 9
Chi^2 of change 1.28583
Calculating covariances due to number of measured events
Now unfolding...
Iteration : 0
Chi^2 of change 158.957
Iteration : 1
Chi^2 of change 49.7912
Iteration : 2
Chi^2 of change 31.0904
Iteration : 3
Chi^2 of change 20.1231
Iteration : 4
Chi^2 of change 12.8762
Iteration : 5
Chi^2 of change 8.80784
Iteration : 6
Chi^2 of change 6.5926
Iteration : 7
Chi^2 of change 5.2382
Iteration : 8
Chi^2 of change 4.33337
Iteration : 9
Chi^2 of change 3.69677
Calculating covariances due to number of measured events
Convolution with thetaX_Moliere from /home/ppe/j/jnugent/workarea/Unfolding/Cobb_results/LiH-6p5-200-B-hists.root
OBJ: RooUnfoldBayes	response	Unfold Response
regularisation parameter = 10, ntoys = 50
OBJ: RooUnfoldBayes	response	Unfold Response
regularisation parameter = 10, ntoys = 50
OBJ: RooUnfoldBayes	response	Unfold Response
regularisation parameter = 10, ntoys = 50
OBJ: RooUnfoldBayes	response	Unfold Response
regularisation parameter = 10, ntoys = 50
Now unfolding...
Iteration : 0
Chi^2 of change 67.31
Iteration : 1
Chi^2 of change 18.7828
Iteration : 2
Chi^2 of change 8.35048
Iteration : 3
Chi^2 of change 5.03036
Iteration : 4
Chi^2 of change 3.37972
Iteration : 5
Chi^2 of change 2.32976
Iteration : 6
Chi^2 of change 1.62261
Iteration : 7
Chi^2 of change 1.14763
Iteration : 8
Chi^2 of change 0.830264
Iteration : 9
Chi^2 of change 0.617173
Calculating covariances due to number of measured events
Now unfolding...
Iteration : 0
Chi^2 of change 369.619
Iteration : 1
Chi^2 of change 33.9027
Iteration : 2
Chi^2 of change 5.6544
Iteration : 3
Chi^2 of change 2.12083
Iteration : 4
Chi^2 of change 1.20985
Iteration : 5
Chi^2 of change 0.801588
Iteration : 6
Chi^2 of change 0.57901
Iteration : 7
Chi^2 of change 0.447971
Iteration : 8
Chi^2 of change 0.366101
Iteration : 9
Chi^2 of change 0.311812
Calculating covariances due to number of measured events
Now unfolding...
Iteration : 0
Chi^2 of change 282.811
Iteration : 1
Chi^2 of change 158.865
Iteration : 2
Chi^2 of change 78.0665
Iteration : 3
Chi^2 of change 24.2348
Iteration : 4
Chi^2 of change 8.64834
Iteration : 5
Chi^2 of change 4.30208
Iteration : 6
Chi^2 of change 2.78105
Iteration : 7
Chi^2 of change 2.10425
Iteration : 8
Chi^2 of change 1.72192
Iteration : 9
Chi^2 of change 1.46298
Calculating covariances due to number of measured events
Now unfolding...
Iteration : 0
Chi^2 of change 123.843
Iteration : 1
Chi^2 of change 44.1334
Iteration : 2
Chi^2 of change 26.7861
Iteration : 3
Chi^2 of change 20.3991
Iteration : 4
Chi^2 of change 15.7997
Iteration : 5
Chi^2 of change 12.0219
Iteration : 6
Chi^2 of change 9.16657
Iteration : 7
Chi^2 of change 7.08689
Iteration : 8
Chi^2 of change 5.56263
Iteration : 9
Chi^2 of change 4.44207
Calculating covariances due to number of measured events
