000 (39259.000.000) 2021-07-21 05:48:37 Job submitted from host: <194.36.1.200:9618?addrs=194.36.1.200-9618&alias=hex.ppe.gla.ac.uk&noUDP&sock=schedd_1401_8c46>
...
040 (39259.000.000) 2021-07-21 05:48:53 Started transferring input files
	Transferring to host: <192.168.16.103:9618?addrs=192.168.16.103-9618&alias=condor-h16-03.ppe.cluster&noUDP&sock=slot1_3_22104_047c_332>
...
040 (39259.000.000) 2021-07-21 05:48:53 Finished transferring input files
...
001 (39259.000.000) 2021-07-21 05:48:54 Job executing on host: <192.168.16.103:9618?addrs=192.168.16.103-9618&alias=condor-h16-03.ppe.cluster&noUDP&sock=startd_20690_3293>
...
006 (39259.000.000) 2021-07-21 05:49:02 Image size of job updated: 185576
	174  -  MemoryUsage of job (MB)
	178020  -  ResidentSetSize of job (KB)
...
006 (39259.000.000) 2021-07-21 05:54:02 Image size of job updated: 1598956
	899  -  MemoryUsage of job (MB)
	920400  -  ResidentSetSize of job (KB)
...
006 (39259.000.000) 2021-07-21 05:59:03 Image size of job updated: 2687768
	1613  -  MemoryUsage of job (MB)
	1651676  -  ResidentSetSize of job (KB)
...
006 (39259.000.000) 2021-07-21 06:04:03 Image size of job updated: 3778212
	2293  -  MemoryUsage of job (MB)
	2347400  -  ResidentSetSize of job (KB)
...
006 (39259.000.000) 2021-07-21 06:09:03 Image size of job updated: 4864292
	2948  -  MemoryUsage of job (MB)
	3018580  -  ResidentSetSize of job (KB)
...
006 (39259.000.000) 2021-07-21 06:14:04 Image size of job updated: 4870928
	3550  -  MemoryUsage of job (MB)
	3634948  -  ResidentSetSize of job (KB)
...
006 (39259.000.000) 2021-07-21 06:19:05 Image size of job updated: 7040188
	4122  -  MemoryUsage of job (MB)
	4220004  -  ResidentSetSize of job (KB)
...
006 (39259.000.000) 2021-07-21 06:24:05 Image size of job updated: 7254708
	4122  -  MemoryUsage of job (MB)
	4220016  -  ResidentSetSize of job (KB)
...
040 (39259.000.000) 2021-07-21 06:30:59 Started transferring output files
...
040 (39259.000.000) 2021-07-21 06:30:59 Finished transferring output files
...
005 (39259.000.000) 2021-07-21 06:30:59 Job terminated.
	(1) Normal termination (return value 1)
		Usr 0 00:41:14, Sys 0 00:00:34  -  Run Remote Usage
		Usr 0 00:00:00, Sys 0 00:00:00  -  Run Local Usage
		Usr 0 00:41:14, Sys 0 00:00:34  -  Total Remote Usage
		Usr 0 00:00:00, Sys 0 00:00:00  -  Total Local Usage
	40752  -  Run Bytes Sent By Job
	223  -  Run Bytes Received By Job
	40752  -  Total Bytes Sent By Job
	223  -  Total Bytes Received By Job
	Partitionable Resources :    Usage  Request Allocated 
	   Cpus                 :     1.00        1         1 
	   Disk (KB)            :    55           1    861476 
	   Memory (MB)          :  4122        6144      6144 

	Job terminated of its own accord at 2021-07-21T05:30:59Z.
...
000 (39696.000.000) 2021-07-23 02:55:56 Job submitted from host: <194.36.1.200:9618?addrs=194.36.1.200-9618&alias=hex.ppe.gla.ac.uk&noUDP&sock=schedd_1401_8c46>
...
040 (39696.000.000) 2021-07-23 02:56:13 Started transferring input files
	Transferring to host: <192.168.16.112:9618?addrs=192.168.16.112-9618&alias=condor-d19-02.ppe.cluster&noUDP&sock=slot1_2_174254_74e7_606>
...
040 (39696.000.000) 2021-07-23 02:56:13 Finished transferring input files
...
001 (39696.000.000) 2021-07-23 02:56:14 Job executing on host: <192.168.16.112:9618?addrs=192.168.16.112-9618&alias=condor-d19-02.ppe.cluster&noUDP&sock=startd_2914_5710>
...
006 (39696.000.000) 2021-07-23 02:56:22 Image size of job updated: 186000
	175  -  MemoryUsage of job (MB)
	178356  -  ResidentSetSize of job (KB)
...
006 (39696.000.000) 2021-07-23 03:01:22 Image size of job updated: 1600736
	1071  -  MemoryUsage of job (MB)
	1096068  -  ResidentSetSize of job (KB)
...
006 (39696.000.000) 2021-07-23 03:06:23 Image size of job updated: 2692420
	1940  -  MemoryUsage of job (MB)
	1986124  -  ResidentSetSize of job (KB)
...
006 (39696.000.000) 2021-07-23 03:11:24 Image size of job updated: 3782484
	2773  -  MemoryUsage of job (MB)
	2838620  -  ResidentSetSize of job (KB)
...
006 (39696.000.000) 2021-07-23 03:16:24 Image size of job updated: 4870480
	3528  -  MemoryUsage of job (MB)
	3611872  -  ResidentSetSize of job (KB)
...
006 (39696.000.000) 2021-07-23 03:21:25 Image size of job updated: 7042236
	3879  -  MemoryUsage of job (MB)
	3971788  -  ResidentSetSize of job (KB)
...
006 (39696.000.000) 2021-07-23 03:26:25 Image size of job updated: 7221044
	3879  -  MemoryUsage of job (MB)
	3971792  -  ResidentSetSize of job (KB)
...
040 (39696.000.000) 2021-07-23 03:30:49 Started transferring output files
...
040 (39696.000.000) 2021-07-23 03:30:49 Finished transferring output files
...
005 (39696.000.000) 2021-07-23 03:30:49 Job terminated.
	(1) Normal termination (return value 1)
		Usr 0 00:33:29, Sys 0 00:00:21  -  Run Remote Usage
		Usr 0 00:00:00, Sys 0 00:00:00  -  Run Local Usage
		Usr 0 00:33:29, Sys 0 00:00:21  -  Total Remote Usage
		Usr 0 00:00:00, Sys 0 00:00:00  -  Total Local Usage
	40773  -  Run Bytes Sent By Job
	223  -  Run Bytes Received By Job
	40773  -  Total Bytes Sent By Job
	223  -  Total Bytes Received By Job
	Partitionable Resources :    Usage  Request Allocated 
	   Cpus                 :     0.98        1         1 
	   Disk (KB)            :    55           1    825748 
	   Memory (MB)          :  3879        6144      6144 

	Job terminated of its own accord at 2021-07-23T02:30:49Z.
...
000 (40098.000.000) 2021-07-25 13:05:27 Job submitted from host: <194.36.1.200:9618?addrs=194.36.1.200-9618&alias=hex.ppe.gla.ac.uk&noUDP&sock=schedd_1401_8c46>
...
040 (40098.000.000) 2021-07-25 13:05:31 Started transferring input files
	Transferring to host: <192.168.16.101:9618?addrs=192.168.16.101-9618&alias=condor-h16-01.ppe.cluster&noUDP&sock=slot1_3_21991_6617_507>
...
040 (40098.000.000) 2021-07-25 13:05:31 Finished transferring input files
...
001 (40098.000.000) 2021-07-25 13:05:32 Job executing on host: <192.168.16.101:9618?addrs=192.168.16.101-9618&alias=condor-h16-01.ppe.cluster&noUDP&sock=startd_2155_baae>
...
006 (40098.000.000) 2021-07-25 13:05:41 Image size of job updated: 525348
	161  -  MemoryUsage of job (MB)
	164732  -  ResidentSetSize of job (KB)
...
006 (40098.000.000) 2021-07-25 13:10:42 Image size of job updated: 1598968
	860  -  MemoryUsage of job (MB)
	880048  -  ResidentSetSize of job (KB)
...
006 (40098.000.000) 2021-07-25 13:15:42 Image size of job updated: 2686544
	1542  -  MemoryUsage of job (MB)
	1578880  -  ResidentSetSize of job (KB)
...
006 (40098.000.000) 2021-07-25 13:20:42 Image size of job updated: 3777524
	2194  -  MemoryUsage of job (MB)
	2246436  -  ResidentSetSize of job (KB)
...
006 (40098.000.000) 2021-07-25 13:25:43 Image size of job updated: 4864304
	2825  -  MemoryUsage of job (MB)
	2891832  -  ResidentSetSize of job (KB)
...
006 (40098.000.000) 2021-07-25 13:30:43 Image size of job updated: 4869448
	3410  -  MemoryUsage of job (MB)
	3490956  -  ResidentSetSize of job (KB)
...
006 (40098.000.000) 2021-07-25 13:35:43 Image size of job updated: 7038580
	3959  -  MemoryUsage of job (MB)
	4053920  -  ResidentSetSize of job (KB)
...
006 (40098.000.000) 2021-07-25 13:40:44 Image size of job updated: 7254720
	3959  -  MemoryUsage of job (MB)
	4053924  -  ResidentSetSize of job (KB)
...
040 (40098.000.000) 2021-07-25 13:52:18 Started transferring output files
...
040 (40098.000.000) 2021-07-25 13:52:18 Finished transferring output files
...
005 (40098.000.000) 2021-07-25 13:52:18 Job terminated.
	(1) Normal termination (return value 0)
		Usr 0 00:45:40, Sys 0 00:00:47  -  Run Remote Usage
		Usr 0 00:00:00, Sys 0 00:00:00  -  Run Local Usage
		Usr 0 00:45:40, Sys 0 00:00:47  -  Total Remote Usage
		Usr 0 00:00:00, Sys 0 00:00:00  -  Total Local Usage
	486475  -  Run Bytes Sent By Job
	223  -  Run Bytes Received By Job
	486475  -  Total Bytes Sent By Job
	223  -  Total Bytes Received By Job
	Partitionable Resources :    Usage  Request Allocated 
	   Cpus                 :     1.00        1         1 
	   Disk (KB)            :   490           1    864796 
	   Memory (MB)          :  3959        6144      6144 

	Job terminated of its own accord at 2021-07-25T12:52:18Z.
...
000 (41212.000.000) 2021-07-29 12:42:51 Job submitted from host: <194.36.1.200:9618?addrs=194.36.1.200-9618&alias=hex.ppe.gla.ac.uk&noUDP&sock=schedd_1401_8c46>
...
040 (41212.000.000) 2021-07-29 12:43:01 Started transferring input files
	Transferring to host: <192.168.16.111:9618?addrs=192.168.16.111-9618&alias=condor-d19-01.ppe.cluster&noUDP&sock=slot1_2_140832_a258_38>
...
040 (41212.000.000) 2021-07-29 12:43:01 Finished transferring input files
...
001 (41212.000.000) 2021-07-29 12:43:02 Job executing on host: <192.168.16.111:9618?addrs=192.168.16.111-9618&alias=condor-d19-01.ppe.cluster&noUDP&sock=startd_2932_afc5>
...
006 (41212.000.000) 2021-07-29 12:43:11 Image size of job updated: 197068
	185  -  MemoryUsage of job (MB)
	188816  -  ResidentSetSize of job (KB)
...
006 (41212.000.000) 2021-07-29 12:43:35 Image size of job updated: 644580
	185  -  MemoryUsage of job (MB)
	188816  -  ResidentSetSize of job (KB)
...
040 (41212.000.000) 2021-07-29 12:43:35 Started transferring output files
...
040 (41212.000.000) 2021-07-29 12:43:35 Finished transferring output files
...
005 (41212.000.000) 2021-07-29 12:43:35 Job terminated.
	(1) Normal termination (return value 134)
		Usr 0 00:00:28, Sys 0 00:00:02  -  Run Remote Usage
		Usr 0 00:00:00, Sys 0 00:00:00  -  Run Local Usage
		Usr 0 00:00:28, Sys 0 00:00:02  -  Total Remote Usage
		Usr 0 00:00:00, Sys 0 00:00:00  -  Total Local Usage
	10533  -  Run Bytes Sent By Job
	223  -  Run Bytes Received By Job
	10533  -  Total Bytes Sent By Job
	223  -  Total Bytes Received By Job
	Partitionable Resources :    Usage  Request Allocated 
	   Cpus                 :                 1         1 
	   Disk (KB)            :       20        1    825748 
	   Memory (MB)          :      185     6144      6144 

	Job terminated of its own accord at 2021-07-29T11:43:35Z.
...
000 (41313.000.000) 2021-07-29 14:39:29 Job submitted from host: <194.36.1.200:9618?addrs=194.36.1.200-9618&alias=hex.ppe.gla.ac.uk&noUDP&sock=schedd_1401_8c46>
...
040 (41313.000.000) 2021-07-29 14:39:47 Started transferring input files
	Transferring to host: <192.168.16.114:9618?addrs=192.168.16.114-9618&alias=condor-d19-04.ppe.cluster&noUDP&sock=slot1_2_27515_8e78_60>
...
040 (41313.000.000) 2021-07-29 14:39:47 Finished transferring input files
...
001 (41313.000.000) 2021-07-29 14:39:48 Job executing on host: <192.168.16.114:9618?addrs=192.168.16.114-9618&alias=condor-d19-04.ppe.cluster&noUDP&sock=startd_2633_98f3>
...
006 (41313.000.000) 2021-07-29 14:39:56 Image size of job updated: 379756
	199  -  MemoryUsage of job (MB)
	203088  -  ResidentSetSize of job (KB)
...
006 (41313.000.000) 2021-07-29 14:41:37 Image size of job updated: 824868
	199  -  MemoryUsage of job (MB)
	203088  -  ResidentSetSize of job (KB)
...
040 (41313.000.000) 2021-07-29 14:41:37 Started transferring output files
...
040 (41313.000.000) 2021-07-29 14:41:37 Finished transferring output files
...
005 (41313.000.000) 2021-07-29 14:41:37 Job terminated.
	(1) Normal termination (return value 0)
		Usr 0 00:01:46, Sys 0 00:00:01  -  Run Remote Usage
		Usr 0 00:00:00, Sys 0 00:00:00  -  Run Local Usage
		Usr 0 00:01:46, Sys 0 00:00:01  -  Total Remote Usage
		Usr 0 00:00:00, Sys 0 00:00:00  -  Total Local Usage
	485720  -  Run Bytes Sent By Job
	223  -  Run Bytes Received By Job
	485720  -  Total Bytes Sent By Job
	223  -  Total Bytes Received By Job
	Partitionable Resources :    Usage  Request Allocated 
	   Cpus                 :     1.00        1         1 
	   Disk (KB)            :   490           1   3637421 
	   Memory (MB)          :   199        6144      6144 

	Job terminated of its own accord at 2021-07-29T13:41:37Z.
...
000 (41549.000.000) 2021-07-31 00:37:49 Job submitted from host: <194.36.1.200:9618?addrs=194.36.1.200-9618&alias=hex.ppe.gla.ac.uk&noUDP&sock=schedd_1401_8c46>
...
040 (41549.000.000) 2021-07-31 00:38:07 Started transferring input files
	Transferring to host: <192.168.16.112:9618?addrs=192.168.16.112-9618&alias=condor-d19-02.ppe.cluster&noUDP&sock=slot1_2_47958_7fd7_38>
...
040 (41549.000.000) 2021-07-31 00:38:07 Finished transferring input files
...
001 (41549.000.000) 2021-07-31 00:38:08 Job executing on host: <192.168.16.112:9618?addrs=192.168.16.112-9618&alias=condor-d19-02.ppe.cluster&noUDP&sock=startd_2914_5710>
...
006 (41549.000.000) 2021-07-31 00:38:17 Image size of job updated: 197216
	184  -  MemoryUsage of job (MB)
	188120  -  ResidentSetSize of job (KB)
...
006 (41549.000.000) 2021-07-31 00:43:18 Image size of job updated: 2142388
	1105  -  MemoryUsage of job (MB)
	1130944  -  ResidentSetSize of job (KB)
...
006 (41549.000.000) 2021-07-31 00:48:19 Image size of job updated: 2692400
	1972  -  MemoryUsage of job (MB)
	2019204  -  ResidentSetSize of job (KB)
...
006 (41549.000.000) 2021-07-31 00:53:19 Image size of job updated: 3782464
	2791  -  MemoryUsage of job (MB)
	2857828  -  ResidentSetSize of job (KB)
...
006 (41549.000.000) 2021-07-31 00:58:20 Image size of job updated: 4870464
	3533  -  MemoryUsage of job (MB)
	3617616  -  ResidentSetSize of job (KB)
...
006 (41549.000.000) 2021-07-31 01:03:21 Image size of job updated: 7041272
	4044  -  MemoryUsage of job (MB)
	4140704  -  ResidentSetSize of job (KB)
...
006 (41549.000.000) 2021-07-31 01:08:21 Image size of job updated: 7254712
	4044  -  MemoryUsage of job (MB)
	4140716  -  ResidentSetSize of job (KB)
...
040 (41549.000.000) 2021-07-31 01:14:53 Started transferring output files
...
040 (41549.000.000) 2021-07-31 01:14:53 Finished transferring output files
...
005 (41549.000.000) 2021-07-31 01:14:53 Job terminated.
	(1) Normal termination (return value 0)
		Usr 0 00:35:14, Sys 0 00:00:26  -  Run Remote Usage
		Usr 0 00:00:00, Sys 0 00:00:00  -  Run Local Usage
		Usr 0 00:35:14, Sys 0 00:00:26  -  Total Remote Usage
		Usr 0 00:00:00, Sys 0 00:00:00  -  Total Local Usage
	487208  -  Run Bytes Sent By Job
	223  -  Run Bytes Received By Job
	487208  -  Total Bytes Sent By Job
	223  -  Total Bytes Received By Job
	Partitionable Resources :    Usage  Request Allocated 
	   Cpus                 :     1.00        1         1 
	   Disk (KB)            :   491           1    825748 
	   Memory (MB)          :  4044        6144      6144 

	Job terminated of its own accord at 2021-07-31T00:14:53Z.
...
