000 (39256.000.000) 2021-07-21 05:48:37 Job submitted from host: <194.36.1.200:9618?addrs=194.36.1.200-9618&alias=hex.ppe.gla.ac.uk&noUDP&sock=schedd_1401_8c46>
...
040 (39256.000.000) 2021-07-21 05:48:53 Started transferring input files
	Transferring to host: <192.168.16.111:9618?addrs=192.168.16.111-9618&alias=condor-d19-01.ppe.cluster&noUDP&sock=slot1_2_222987_4385_545>
...
040 (39256.000.000) 2021-07-21 05:48:53 Finished transferring input files
...
001 (39256.000.000) 2021-07-21 05:48:54 Job executing on host: <192.168.16.111:9618?addrs=192.168.16.111-9618&alias=condor-d19-01.ppe.cluster&noUDP&sock=startd_2932_afc5>
...
006 (39256.000.000) 2021-07-21 05:49:02 Image size of job updated: 190560
	179  -  MemoryUsage of job (MB)
	182780  -  ResidentSetSize of job (KB)
...
006 (39256.000.000) 2021-07-21 05:54:02 Image size of job updated: 1600708
	1047  -  MemoryUsage of job (MB)
	1071228  -  ResidentSetSize of job (KB)
...
006 (39256.000.000) 2021-07-21 05:59:03 Image size of job updated: 2691472
	1872  -  MemoryUsage of job (MB)
	1916288  -  ResidentSetSize of job (KB)
...
006 (39256.000.000) 2021-07-21 06:04:03 Image size of job updated: 3781468
	2655  -  MemoryUsage of job (MB)
	2718040  -  ResidentSetSize of job (KB)
...
006 (39256.000.000) 2021-07-21 06:09:03 Image size of job updated: 4868880
	3373  -  MemoryUsage of job (MB)
	3453020  -  ResidentSetSize of job (KB)
...
006 (39256.000.000) 2021-07-21 06:14:04 Image size of job updated: 7039344
	4032  -  MemoryUsage of job (MB)
	4128436  -  ResidentSetSize of job (KB)
...
006 (39256.000.000) 2021-07-21 06:19:05 Image size of job updated: 7254704
	4032  -  MemoryUsage of job (MB)
	4128436  -  ResidentSetSize of job (KB)
...
040 (39256.000.000) 2021-07-21 06:25:09 Started transferring output files
...
040 (39256.000.000) 2021-07-21 06:25:09 Finished transferring output files
...
005 (39256.000.000) 2021-07-21 06:25:09 Job terminated.
	(1) Normal termination (return value 1)
		Usr 0 00:35:34, Sys 0 00:00:18  -  Run Remote Usage
		Usr 0 00:00:00, Sys 0 00:00:00  -  Run Local Usage
		Usr 0 00:35:34, Sys 0 00:00:18  -  Total Remote Usage
		Usr 0 00:00:00, Sys 0 00:00:00  -  Total Local Usage
	40752  -  Run Bytes Sent By Job
	223  -  Run Bytes Received By Job
	40752  -  Total Bytes Sent By Job
	223  -  Total Bytes Received By Job
	Partitionable Resources :    Usage  Request Allocated 
	   Cpus                 :     1.00        1         1 
	   Disk (KB)            :    55           1    825748 
	   Memory (MB)          :  4032        6144      6144 

	Job terminated of its own accord at 2021-07-21T05:25:09Z.
...
000 (39693.000.000) 2021-07-23 02:55:54 Job submitted from host: <194.36.1.200:9618?addrs=194.36.1.200-9618&alias=hex.ppe.gla.ac.uk&noUDP&sock=schedd_1401_8c46>
...
040 (39693.000.000) 2021-07-23 02:56:13 Started transferring input files
	Transferring to host: <192.168.16.121:9618?addrs=192.168.16.121-9618&alias=condor-d20-01.ppe.cluster&noUDP&sock=slot1_2_40472_ef67_850>
...
040 (39693.000.000) 2021-07-23 02:56:13 Finished transferring input files
...
001 (39693.000.000) 2021-07-23 02:56:14 Job executing on host: <192.168.16.121:9618?addrs=192.168.16.121-9618&alias=condor-d20-01.ppe.cluster&noUDP&sock=startd_40545_137a>
...
006 (39693.000.000) 2021-07-23 02:56:22 Image size of job updated: 189292
	181  -  MemoryUsage of job (MB)
	185288  -  ResidentSetSize of job (KB)
...
006 (39693.000.000) 2021-07-23 03:01:22 Image size of job updated: 1600736
	1057  -  MemoryUsage of job (MB)
	1081852  -  ResidentSetSize of job (KB)
...
006 (39693.000.000) 2021-07-23 03:06:22 Image size of job updated: 2692420
	1905  -  MemoryUsage of job (MB)
	1950352  -  ResidentSetSize of job (KB)
...
006 (39693.000.000) 2021-07-23 03:11:23 Image size of job updated: 3782004
	2713  -  MemoryUsage of job (MB)
	2777784  -  ResidentSetSize of job (KB)
...
006 (39693.000.000) 2021-07-23 03:16:24 Image size of job updated: 4869948
	3464  -  MemoryUsage of job (MB)
	3546520  -  ResidentSetSize of job (KB)
...
006 (39693.000.000) 2021-07-23 03:21:24 Image size of job updated: 7040612
	4154  -  MemoryUsage of job (MB)
	4253072  -  ResidentSetSize of job (KB)
...
006 (39693.000.000) 2021-07-23 03:26:25 Image size of job updated: 7221044
	4154  -  MemoryUsage of job (MB)
	4253072  -  ResidentSetSize of job (KB)
...
040 (39693.000.000) 2021-07-23 03:30:55 Started transferring output files
...
040 (39693.000.000) 2021-07-23 03:30:55 Finished transferring output files
...
005 (39693.000.000) 2021-07-23 03:30:55 Job terminated.
	(1) Normal termination (return value 1)
		Usr 0 00:33:28, Sys 0 00:00:13  -  Run Remote Usage
		Usr 0 00:00:00, Sys 0 00:00:00  -  Run Local Usage
		Usr 0 00:33:28, Sys 0 00:00:13  -  Total Remote Usage
		Usr 0 00:00:00, Sys 0 00:00:00  -  Total Local Usage
	40773  -  Run Bytes Sent By Job
	223  -  Run Bytes Received By Job
	40773  -  Total Bytes Sent By Job
	223  -  Total Bytes Received By Job
	Partitionable Resources :    Usage  Request Allocated 
	   Cpus                 :     1.00        1         1 
	   Disk (KB)            :    55           1   3637421 
	   Memory (MB)          :  4154        6144      6144 

	Job terminated of its own accord at 2021-07-23T02:30:55Z.
...
000 (40095.000.000) 2021-07-25 13:05:27 Job submitted from host: <194.36.1.200:9618?addrs=194.36.1.200-9618&alias=hex.ppe.gla.ac.uk&noUDP&sock=schedd_1401_8c46>
...
040 (40095.000.000) 2021-07-25 13:05:31 Started transferring input files
	Transferring to host: <192.168.16.114:9618?addrs=192.168.16.114-9618&alias=condor-d19-04.ppe.cluster&noUDP&sock=slot1_3_3775_9433_727>
...
040 (40095.000.000) 2021-07-25 13:05:31 Finished transferring input files
...
001 (40095.000.000) 2021-07-25 13:05:32 Job executing on host: <192.168.16.114:9618?addrs=192.168.16.114-9618&alias=condor-d19-04.ppe.cluster&noUDP&sock=startd_2633_98f3>
...
006 (40095.000.000) 2021-07-25 13:05:41 Image size of job updated: 507824
	185  -  MemoryUsage of job (MB)
	188524  -  ResidentSetSize of job (KB)
...
006 (40095.000.000) 2021-07-25 13:10:42 Image size of job updated: 1599488
	998  -  MemoryUsage of job (MB)
	1021380  -  ResidentSetSize of job (KB)
...
006 (40095.000.000) 2021-07-25 13:15:43 Image size of job updated: 2690440
	1803  -  MemoryUsage of job (MB)
	1845956  -  ResidentSetSize of job (KB)
...
006 (40095.000.000) 2021-07-25 13:20:43 Image size of job updated: 3781484
	2572  -  MemoryUsage of job (MB)
	2632864  -  ResidentSetSize of job (KB)
...
006 (40095.000.000) 2021-07-25 13:25:44 Image size of job updated: 4867960
	3306  -  MemoryUsage of job (MB)
	3384364  -  ResidentSetSize of job (KB)
...
006 (40095.000.000) 2021-07-25 13:30:45 Image size of job updated: 7038580
	3993  -  MemoryUsage of job (MB)
	4088828  -  ResidentSetSize of job (KB)
...
006 (40095.000.000) 2021-07-25 13:35:45 Image size of job updated: 7254720
	3993  -  MemoryUsage of job (MB)
	4088828  -  ResidentSetSize of job (KB)
...
040 (40095.000.000) 2021-07-25 13:43:08 Started transferring output files
...
040 (40095.000.000) 2021-07-25 13:43:08 Finished transferring output files
...
005 (40095.000.000) 2021-07-25 13:43:08 Job terminated.
	(1) Normal termination (return value 0)
		Usr 0 00:37:07, Sys 0 00:00:07  -  Run Remote Usage
		Usr 0 00:00:00, Sys 0 00:00:00  -  Run Local Usage
		Usr 0 00:37:07, Sys 0 00:00:07  -  Total Remote Usage
		Usr 0 00:00:00, Sys 0 00:00:00  -  Total Local Usage
	486362  -  Run Bytes Sent By Job
	223  -  Run Bytes Received By Job
	486362  -  Total Bytes Sent By Job
	223  -  Total Bytes Received By Job
	Partitionable Resources :    Usage  Request Allocated 
	   Cpus                 :     1.00        1         1 
	   Disk (KB)            :   490           1   3637421 
	   Memory (MB)          :  3993        6144      6144 

	Job terminated of its own accord at 2021-07-25T12:43:08Z.
...
000 (41209.000.000) 2021-07-29 12:42:50 Job submitted from host: <194.36.1.200:9618?addrs=194.36.1.200-9618&alias=hex.ppe.gla.ac.uk&noUDP&sock=schedd_1401_8c46>
...
040 (41209.000.000) 2021-07-29 12:43:01 Started transferring input files
	Transferring to host: <192.168.16.114:9618?addrs=192.168.16.114-9618&alias=condor-d19-04.ppe.cluster&noUDP&sock=slot1_2_27515_8e78_47>
...
040 (41209.000.000) 2021-07-29 12:43:01 Finished transferring input files
...
001 (41209.000.000) 2021-07-29 12:43:02 Job executing on host: <192.168.16.114:9618?addrs=192.168.16.114-9618&alias=condor-d19-04.ppe.cluster&noUDP&sock=startd_2633_98f3>
...
006 (41209.000.000) 2021-07-29 12:43:11 Image size of job updated: 201356
	194  -  MemoryUsage of job (MB)
	198340  -  ResidentSetSize of job (KB)
...
006 (41209.000.000) 2021-07-29 12:43:33 Image size of job updated: 610520
	194  -  MemoryUsage of job (MB)
	198340  -  ResidentSetSize of job (KB)
...
040 (41209.000.000) 2021-07-29 12:43:33 Started transferring output files
...
040 (41209.000.000) 2021-07-29 12:43:34 Finished transferring output files
...
005 (41209.000.000) 2021-07-29 12:43:34 Job terminated.
	(1) Normal termination (return value 134)
		Usr 0 00:00:29, Sys 0 00:00:01  -  Run Remote Usage
		Usr 0 00:00:00, Sys 0 00:00:00  -  Run Local Usage
		Usr 0 00:00:29, Sys 0 00:00:01  -  Total Remote Usage
		Usr 0 00:00:00, Sys 0 00:00:00  -  Total Local Usage
	10530  -  Run Bytes Sent By Job
	223  -  Run Bytes Received By Job
	10530  -  Total Bytes Sent By Job
	223  -  Total Bytes Received By Job
	Partitionable Resources :    Usage  Request Allocated 
	   Cpus                 :                 1         1 
	   Disk (KB)            :       20        1   3637421 
	   Memory (MB)          :      194     6144      6144 

	Job terminated of its own accord at 2021-07-29T11:43:33Z.
...
000 (41310.000.000) 2021-07-29 14:39:29 Job submitted from host: <194.36.1.200:9618?addrs=194.36.1.200-9618&alias=hex.ppe.gla.ac.uk&noUDP&sock=schedd_1401_8c46>
...
040 (41310.000.000) 2021-07-29 14:39:46 Started transferring input files
	Transferring to host: <192.168.16.113:9618?addrs=192.168.16.113-9618&alias=condor-d19-03.ppe.cluster&noUDP&sock=slot1_3_27242_340d_66>
...
040 (41310.000.000) 2021-07-29 14:39:46 Finished transferring input files
...
001 (41310.000.000) 2021-07-29 14:39:47 Job executing on host: <192.168.16.113:9618?addrs=192.168.16.113-9618&alias=condor-d19-03.ppe.cluster&noUDP&sock=startd_2634_488c>
...
006 (41310.000.000) 2021-07-29 14:39:57 Image size of job updated: 487384
	197  -  MemoryUsage of job (MB)
	201600  -  ResidentSetSize of job (KB)
...
006 (41310.000.000) 2021-07-29 14:41:14 Image size of job updated: 858692
	197  -  MemoryUsage of job (MB)
	201604  -  ResidentSetSize of job (KB)
...
040 (41310.000.000) 2021-07-29 14:41:15 Started transferring output files
...
040 (41310.000.000) 2021-07-29 14:41:15 Finished transferring output files
...
005 (41310.000.000) 2021-07-29 14:41:15 Job terminated.
	(1) Normal termination (return value 0)
		Usr 0 00:01:24, Sys 0 00:00:00  -  Run Remote Usage
		Usr 0 00:00:00, Sys 0 00:00:00  -  Run Local Usage
		Usr 0 00:01:24, Sys 0 00:00:00  -  Total Remote Usage
		Usr 0 00:00:00, Sys 0 00:00:00  -  Total Local Usage
	484349  -  Run Bytes Sent By Job
	223  -  Run Bytes Received By Job
	484349  -  Total Bytes Sent By Job
	223  -  Total Bytes Received By Job
	Partitionable Resources :    Usage  Request Allocated 
	   Cpus                 :                 1         1 
	   Disk (KB)            :      483        1   3637421 
	   Memory (MB)          :      197     6144      6144 

	Job terminated of its own accord at 2021-07-29T13:41:14Z.
...
000 (41546.000.000) 2021-07-31 00:37:48 Job submitted from host: <194.36.1.200:9618?addrs=194.36.1.200-9618&alias=hex.ppe.gla.ac.uk&noUDP&sock=schedd_1401_8c46>
...
040 (41546.000.000) 2021-07-31 00:38:07 Started transferring input files
	Transferring to host: <192.168.16.121:9618?addrs=192.168.16.121-9618&alias=condor-d20-01.ppe.cluster&noUDP&sock=slot1_2_40511_6a08_29>
...
040 (41546.000.000) 2021-07-31 00:38:07 Finished transferring input files
...
001 (41546.000.000) 2021-07-31 00:38:08 Job executing on host: <192.168.16.121:9618?addrs=192.168.16.121-9618&alias=condor-d20-01.ppe.cluster&noUDP&sock=startd_40545_137a>
...
006 (41546.000.000) 2021-07-31 00:38:16 Image size of job updated: 198200
	184  -  MemoryUsage of job (MB)
	187844  -  ResidentSetSize of job (KB)
...
006 (41546.000.000) 2021-07-31 00:43:16 Image size of job updated: 1600648
	1067  -  MemoryUsage of job (MB)
	1092244  -  ResidentSetSize of job (KB)
...
006 (41546.000.000) 2021-07-31 00:48:17 Image size of job updated: 2692260
	1918  -  MemoryUsage of job (MB)
	1963808  -  ResidentSetSize of job (KB)
...
006 (41546.000.000) 2021-07-31 00:53:18 Image size of job updated: 3781848
	2720  -  MemoryUsage of job (MB)
	2785112  -  ResidentSetSize of job (KB)
...
006 (41546.000.000) 2021-07-31 00:58:18 Image size of job updated: 4869792
	3481  -  MemoryUsage of job (MB)
	3563716  -  ResidentSetSize of job (KB)
...
006 (41546.000.000) 2021-07-31 01:03:18 Image size of job updated: 7041264
	4185  -  MemoryUsage of job (MB)
	4285196  -  ResidentSetSize of job (KB)
...
006 (41546.000.000) 2021-07-31 01:08:19 Image size of job updated: 7254576
	4185  -  MemoryUsage of job (MB)
	4285196  -  ResidentSetSize of job (KB)
...
040 (41546.000.000) 2021-07-31 01:14:16 Started transferring output files
...
040 (41546.000.000) 2021-07-31 01:14:16 Finished transferring output files
...
005 (41546.000.000) 2021-07-31 01:14:16 Job terminated.
	(1) Normal termination (return value 0)
		Usr 0 00:35:15, Sys 0 00:00:11  -  Run Remote Usage
		Usr 0 00:00:00, Sys 0 00:00:00  -  Run Local Usage
		Usr 0 00:35:15, Sys 0 00:00:11  -  Total Remote Usage
		Usr 0 00:00:00, Sys 0 00:00:00  -  Total Local Usage
	486760  -  Run Bytes Sent By Job
	223  -  Run Bytes Received By Job
	486760  -  Total Bytes Sent By Job
	223  -  Total Bytes Received By Job
	Partitionable Resources :    Usage  Request Allocated 
	   Cpus                 :     0.91        1         1 
	   Disk (KB)            :   491           1   3637421 
	   Memory (MB)          :  4185        6144      6144 

	Job terminated of its own accord at 2021-07-31T00:14:16Z.
...
000 (48341.000.000) 2021-09-11 20:13:07 Job submitted from host: <194.36.1.200:9618?addrs=194.36.1.200-9618&alias=hex.ppe.gla.ac.uk&noUDP&sock=schedd_1448_c939>
...
040 (48341.000.000) 2021-09-11 20:13:20 Started transferring input files
	Transferring to host: <192.168.16.111:9618?addrs=192.168.16.111-9618&alias=condor-d19-01.ppe.cluster&noUDP&sock=slot1_2_182004_0862_206>
...
040 (48341.000.000) 2021-09-11 20:13:20 Finished transferring input files
...
001 (48341.000.000) 2021-09-11 20:13:21 Job executing on host: <192.168.16.111:9618?addrs=192.168.16.111-9618&alias=condor-d19-01.ppe.cluster&noUDP&sock=startd_9802_ef68>
...
006 (48341.000.000) 2021-09-11 20:13:30 Image size of job updated: 194048
	185  -  MemoryUsage of job (MB)
	188808  -  ResidentSetSize of job (KB)
...
006 (48341.000.000) 2021-09-11 20:18:31 Image size of job updated: 2141416
	1094  -  MemoryUsage of job (MB)
	1119516  -  ResidentSetSize of job (KB)
...
006 (48341.000.000) 2021-09-11 20:23:31 Image size of job updated: 2692428
	1968  -  MemoryUsage of job (MB)
	2014540  -  ResidentSetSize of job (KB)
...
006 (48341.000.000) 2021-09-11 20:28:32 Image size of job updated: 3782496
	2794  -  MemoryUsage of job (MB)
	2860692  -  ResidentSetSize of job (KB)
...
006 (48341.000.000) 2021-09-11 20:33:33 Image size of job updated: 4870492
	3541  -  MemoryUsage of job (MB)
	3625304  -  ResidentSetSize of job (KB)
...
006 (48341.000.000) 2021-09-11 20:38:33 Image size of job updated: 8116716
	4205  -  MemoryUsage of job (MB)
	4305888  -  ResidentSetSize of job (KB)
...
040 (48341.000.000) 2021-09-11 20:49:54 Started transferring output files
...
040 (48341.000.000) 2021-09-11 20:49:54 Finished transferring output files
...
005 (48341.000.000) 2021-09-11 20:49:54 Job terminated.
	(1) Normal termination (return value 0)
		Usr 0 00:35:28, Sys 0 00:00:21  -  Run Remote Usage
		Usr 0 00:00:00, Sys 0 00:00:00  -  Run Local Usage
		Usr 0 00:35:28, Sys 0 00:00:21  -  Total Remote Usage
		Usr 0 00:00:00, Sys 0 00:00:00  -  Total Local Usage
	486815  -  Run Bytes Sent By Job
	223  -  Run Bytes Received By Job
	486815  -  Total Bytes Sent By Job
	223  -  Total Bytes Received By Job
	Partitionable Resources :    Usage  Request Allocated 
	   Cpus                 :     1.00        1         1 
	   Disk (KB)            :   491           1    825748 
	   Memory (MB)          :  4205        6144      6144 

	Job terminated of its own accord at 2021-09-11T19:49:54Z.
...
000 (53584.000.000) 2021-10-19 19:59:49 Job submitted from host: <194.36.1.200:9618?addrs=194.36.1.200-9618&alias=hex.ppe.gla.ac.uk&noUDP&sock=schedd_1448_c939>
...
040 (53584.000.000) 2021-10-19 19:59:57 Started transferring input files
	Transferring to host: <192.168.16.101:9618?addrs=192.168.16.101-9618&alias=condor-h16-01.ppe.cluster&noUDP&sock=slot1_3_31253_50d0_2572>
...
040 (53584.000.000) 2021-10-19 19:59:57 Finished transferring input files
...
001 (53584.000.000) 2021-10-19 19:59:58 Job executing on host: <192.168.16.101:9618?addrs=192.168.16.101-9618&alias=condor-h16-01.ppe.cluster&noUDP&sock=startd_2281_279d>
...
006 (53584.000.000) 2021-10-19 20:00:07 Image size of job updated: 185524
	172  -  MemoryUsage of job (MB)
	176080  -  ResidentSetSize of job (KB)
...
006 (53584.000.000) 2021-10-19 20:05:08 Image size of job updated: 1598988
	898  -  MemoryUsage of job (MB)
	918688  -  ResidentSetSize of job (KB)
...
006 (53584.000.000) 2021-10-19 20:10:08 Image size of job updated: 2687800
	1614  -  MemoryUsage of job (MB)
	1652292  -  ResidentSetSize of job (KB)
...
006 (53584.000.000) 2021-10-19 20:15:09 Image size of job updated: 3778244
	2298  -  MemoryUsage of job (MB)
	2352352  -  ResidentSetSize of job (KB)
...
006 (53584.000.000) 2021-10-19 20:20:10 Image size of job updated: 4864764
	2955  -  MemoryUsage of job (MB)
	3025920  -  ResidentSetSize of job (KB)
...
006 (53584.000.000) 2021-10-19 20:25:10 Image size of job updated: 4870960
	3558  -  MemoryUsage of job (MB)
	3642520  -  ResidentSetSize of job (KB)
...
006 (53584.000.000) 2021-10-19 20:30:11 Image size of job updated: 7040220
	4133  -  MemoryUsage of job (MB)
	4231716  -  ResidentSetSize of job (KB)
...
006 (53584.000.000) 2021-10-19 20:35:12 Image size of job updated: 7221056
	4133  -  MemoryUsage of job (MB)
	4231732  -  ResidentSetSize of job (KB)
...
040 (53584.000.000) 2021-10-19 20:44:30 Started transferring output files
...
040 (53584.000.000) 2021-10-19 20:44:30 Finished transferring output files
...
005 (53584.000.000) 2021-10-19 20:44:30 Job terminated.
	(1) Normal termination (return value 0)
		Usr 0 00:43:41, Sys 0 00:00:36  -  Run Remote Usage
		Usr 0 00:00:00, Sys 0 00:00:00  -  Run Local Usage
		Usr 0 00:43:41, Sys 0 00:00:36  -  Total Remote Usage
		Usr 0 00:00:00, Sys 0 00:00:00  -  Total Local Usage
	486938  -  Run Bytes Sent By Job
	223  -  Run Bytes Received By Job
	486938  -  Total Bytes Sent By Job
	223  -  Total Bytes Received By Job
	Partitionable Resources :    Usage  Request Allocated 
	   Cpus                 :     1.00        1         1 
	   Disk (KB)            :   491           1    864796 
	   Memory (MB)          :  4133        6144      6144 

	Job terminated of its own accord at 2021-10-19T19:44:30Z.
...
000 (62565.000.000) 2021-11-18 15:30:17 Job submitted from host: <194.36.1.200:9618?addrs=194.36.1.200-9618&alias=hex.ppe.gla.ac.uk&noUDP&sock=schedd_1448_c939>
...
040 (62565.000.000) 2021-11-18 15:30:34 Started transferring input files
	Transferring to host: <192.168.16.111:9618?addrs=192.168.16.111-9618&alias=condor-d19-01.ppe.cluster&noUDP&sock=slot1_2_49788_e662_6991>
...
040 (62565.000.000) 2021-11-18 15:30:34 Finished transferring input files
...
001 (62565.000.000) 2021-11-18 15:30:35 Job executing on host: <192.168.16.111:9618?addrs=192.168.16.111-9618&alias=condor-d19-01.ppe.cluster&noUDP&sock=startd_9802_ef68>
...
006 (62565.000.000) 2021-11-18 15:30:44 Image size of job updated: 194284
	186  -  MemoryUsage of job (MB)
	190388  -  ResidentSetSize of job (KB)
...
006 (62565.000.000) 2021-11-18 15:35:45 Image size of job updated: 1600744
	1074  -  MemoryUsage of job (MB)
	1098804  -  ResidentSetSize of job (KB)
...
006 (62565.000.000) 2021-11-18 15:40:45 Image size of job updated: 2692428
	1939  -  MemoryUsage of job (MB)
	1984764  -  ResidentSetSize of job (KB)
...
006 (62565.000.000) 2021-11-18 15:45:46 Image size of job updated: 3782016
	2749  -  MemoryUsage of job (MB)
	2814736  -  ResidentSetSize of job (KB)
...
006 (62565.000.000) 2021-11-18 15:50:46 Image size of job updated: 4869960
	3482  -  MemoryUsage of job (MB)
	3565532  -  ResidentSetSize of job (KB)
...
006 (62565.000.000) 2021-11-18 15:55:46 Image size of job updated: 7041300
	4159  -  MemoryUsage of job (MB)
	4257984  -  ResidentSetSize of job (KB)
...
006 (62565.000.000) 2021-11-18 16:00:47 Image size of job updated: 7221060
	4159  -  MemoryUsage of job (MB)
	4257984  -  ResidentSetSize of job (KB)
...
040 (62565.000.000) 2021-11-18 16:08:14 Started transferring output files
...
040 (62565.000.000) 2021-11-18 16:08:14 Finished transferring output files
...
005 (62565.000.000) 2021-11-18 16:08:14 Job terminated.
	(1) Normal termination (return value 0)
		Usr 0 00:36:53, Sys 0 00:00:20  -  Run Remote Usage
		Usr 0 00:00:00, Sys 0 00:00:00  -  Run Local Usage
		Usr 0 00:36:53, Sys 0 00:00:20  -  Total Remote Usage
		Usr 0 00:00:00, Sys 0 00:00:00  -  Total Local Usage
	1668934  -  Run Bytes Sent By Job
	223  -  Run Bytes Received By Job
	1668934  -  Total Bytes Sent By Job
	223  -  Total Bytes Received By Job
	Partitionable Resources :    Usage  Request Allocated 
	   Cpus                 :     1.00        1         1 
	   Disk (KB)            :  1645           1    825748 
	   Memory (MB)          :  4159        6144      6144 

	Job terminated of its own accord at 2021-11-18T16:08:14Z.
...
000 (81509.000.000) 2022-01-27 15:33:55 Job submitted from host: <194.36.1.200:9618?addrs=194.36.1.200-9618&alias=hex.ppe.gla.ac.uk&noUDP&sock=schedd_1448_c939>
...
040 (81509.000.000) 2022-01-27 15:34:09 Started transferring input files
	Transferring to host: <192.168.16.111:9618?addrs=192.168.16.111-9618&alias=condor-d19-01.ppe.cluster&noUDP&sock=slot1_7_191214_4f99_16466>
...
040 (81509.000.000) 2022-01-27 15:34:09 Finished transferring input files
...
001 (81509.000.000) 2022-01-27 15:34:10 Job executing on host: <192.168.16.111:9618?addrs=192.168.16.111-9618&alias=condor-d19-01.ppe.cluster&noUDP&sock=startd_9802_ef68>
...
006 (81509.000.000) 2022-01-27 15:34:18 Image size of job updated: 171648
	158  -  MemoryUsage of job (MB)
	161028  -  ResidentSetSize of job (KB)
...
006 (81509.000.000) 2022-01-27 15:36:03 Image size of job updated: 824928
	158  -  MemoryUsage of job (MB)
	161032  -  ResidentSetSize of job (KB)
...
040 (81509.000.000) 2022-01-27 15:36:03 Started transferring output files
...
040 (81509.000.000) 2022-01-27 15:36:03 Finished transferring output files
...
005 (81509.000.000) 2022-01-27 15:36:03 Job terminated.
	(1) Normal termination (return value 0)
		Usr 0 00:01:47, Sys 0 00:00:01  -  Run Remote Usage
		Usr 0 00:00:00, Sys 0 00:00:00  -  Run Local Usage
		Usr 0 00:01:47, Sys 0 00:00:01  -  Total Remote Usage
		Usr 0 00:00:00, Sys 0 00:00:00  -  Total Local Usage
	503280  -  Run Bytes Sent By Job
	223  -  Run Bytes Received By Job
	503280  -  Total Bytes Sent By Job
	223  -  Total Bytes Received By Job
	Partitionable Resources :    Usage  Request Allocated 
	   Cpus                 :                 1         1 
	   Disk (KB)            :      501        1    825748 
	   Memory (MB)          :      158     6144      6144 

	Job terminated of its own accord at 2022-01-27T15:36:03Z.
...
000 (81657.000.000) 2022-01-28 14:22:36 Job submitted from host: <194.36.1.200:9618?addrs=194.36.1.200-9618&alias=hex.ppe.gla.ac.uk&noUDP&sock=schedd_1448_c939>
...
040 (81657.000.000) 2022-01-28 14:28:43 Started transferring input files
	Transferring to host: <192.168.16.103:9618?addrs=192.168.16.103-9618&alias=condor-h16-03.ppe.cluster&noUDP&sock=slot1_6_1926_ca87_11651>
...
040 (81657.000.000) 2022-01-28 14:28:43 Finished transferring input files
...
001 (81657.000.000) 2022-01-28 14:28:44 Job executing on host: <192.168.16.103:9618?addrs=192.168.16.103-9618&alias=condor-h16-03.ppe.cluster&noUDP&sock=startd_2362_b6c9>
...
006 (81657.000.000) 2022-01-28 14:28:53 Image size of job updated: 391500
	165  -  MemoryUsage of job (MB)
	167968  -  ResidentSetSize of job (KB)
...
006 (81657.000.000) 2022-01-28 14:30:54 Image size of job updated: 858596
	165  -  MemoryUsage of job (MB)
	167968  -  ResidentSetSize of job (KB)
...
040 (81657.000.000) 2022-01-28 14:30:54 Started transferring output files
...
040 (81657.000.000) 2022-01-28 14:30:54 Finished transferring output files
...
005 (81657.000.000) 2022-01-28 14:30:54 Job terminated.
	(1) Normal termination (return value 0)
		Usr 0 00:02:06, Sys 0 00:00:01  -  Run Remote Usage
		Usr 0 00:00:00, Sys 0 00:00:00  -  Run Local Usage
		Usr 0 00:02:06, Sys 0 00:00:01  -  Total Remote Usage
		Usr 0 00:00:00, Sys 0 00:00:00  -  Total Local Usage
	503269  -  Run Bytes Sent By Job
	223  -  Run Bytes Received By Job
	503269  -  Total Bytes Sent By Job
	223  -  Total Bytes Received By Job
	Partitionable Resources :    Usage  Request Allocated 
	   Cpus                 :     1.00        1         1 
	   Disk (KB)            :   507           1    861476 
	   Memory (MB)          :   165        6144      6144 

	Job terminated of its own accord at 2022-01-28T14:30:54Z.
...
000 (81759.000.000) 2022-01-28 19:05:23 Job submitted from host: <194.36.1.200:9618?addrs=194.36.1.200-9618&alias=hex.ppe.gla.ac.uk&noUDP&sock=schedd_1448_c939>
...
040 (81759.000.000) 2022-01-28 19:06:31 Started transferring input files
	Transferring to host: <192.168.16.112:9618?addrs=192.168.16.112-9618&alias=condor-d19-02.ppe.cluster&noUDP&sock=slot1_11_271865_3c88_25318>
...
040 (81759.000.000) 2022-01-28 19:06:31 Finished transferring input files
...
001 (81759.000.000) 2022-01-28 19:06:32 Job executing on host: <192.168.16.112:9618?addrs=192.168.16.112-9618&alias=condor-d19-02.ppe.cluster&noUDP&sock=startd_9793_c30d>
...
006 (81759.000.000) 2022-01-28 19:06:41 Image size of job updated: 161412
	158  -  MemoryUsage of job (MB)
	161412  -  ResidentSetSize of job (KB)
...
006 (81759.000.000) 2022-01-28 19:09:12 Image size of job updated: 824800
	158  -  MemoryUsage of job (MB)
	161420  -  ResidentSetSize of job (KB)
...
040 (81759.000.000) 2022-01-28 19:09:12 Started transferring output files
...
040 (81759.000.000) 2022-01-28 19:09:12 Finished transferring output files
...
005 (81759.000.000) 2022-01-28 19:09:12 Job terminated.
	(1) Normal termination (return value 0)
		Usr 0 00:02:31, Sys 0 00:00:02  -  Run Remote Usage
		Usr 0 00:00:00, Sys 0 00:00:00  -  Run Local Usage
		Usr 0 00:02:31, Sys 0 00:00:02  -  Total Remote Usage
		Usr 0 00:00:00, Sys 0 00:00:00  -  Total Local Usage
	503365  -  Run Bytes Sent By Job
	223  -  Run Bytes Received By Job
	503365  -  Total Bytes Sent By Job
	223  -  Total Bytes Received By Job
	Partitionable Resources :    Usage  Request Allocated 
	   Cpus                 :     0.98        1         1 
	   Disk (KB)            :   507           1    825748 
	   Memory (MB)          :   158        6144      6144 

	Job terminated of its own accord at 2022-01-28T19:09:12Z.
...
000 (81866.000.000) 2022-01-29 13:21:17 Job submitted from host: <194.36.1.200:9618?addrs=194.36.1.200-9618&alias=hex.ppe.gla.ac.uk&noUDP&sock=schedd_1448_c939>
...
040 (81866.000.000) 2022-01-29 13:30:35 Started transferring input files
	Transferring to host: <192.168.16.114:9618?addrs=192.168.16.114-9618&alias=condor-d19-04.ppe.cluster&noUDP&sock=slot1_11_5311_d471_38371>
...
040 (81866.000.000) 2022-01-29 13:30:35 Finished transferring input files
...
001 (81866.000.000) 2022-01-29 13:30:36 Job executing on host: <192.168.16.114:9618?addrs=192.168.16.114-9618&alias=condor-d19-04.ppe.cluster&noUDP&sock=startd_2652_a140>
...
006 (81866.000.000) 2022-01-29 13:30:44 Image size of job updated: 332936
	177  -  MemoryUsage of job (MB)
	180804  -  ResidentSetSize of job (KB)
...
006 (81866.000.000) 2022-01-29 13:32:07 Image size of job updated: 824796
	177  -  MemoryUsage of job (MB)
	180856  -  ResidentSetSize of job (KB)
...
040 (81866.000.000) 2022-01-29 13:32:07 Started transferring output files
...
040 (81866.000.000) 2022-01-29 13:32:07 Finished transferring output files
...
005 (81866.000.000) 2022-01-29 13:32:07 Job terminated.
	(1) Normal termination (return value 0)
		Usr 0 00:01:26, Sys 0 00:00:00  -  Run Remote Usage
		Usr 0 00:00:00, Sys 0 00:00:00  -  Run Local Usage
		Usr 0 00:01:26, Sys 0 00:00:00  -  Total Remote Usage
		Usr 0 00:00:00, Sys 0 00:00:00  -  Total Local Usage
	503280  -  Run Bytes Sent By Job
	223  -  Run Bytes Received By Job
	503280  -  Total Bytes Sent By Job
	223  -  Total Bytes Received By Job
	Partitionable Resources :    Usage  Request Allocated 
	   Cpus                 :                 1         1 
	   Disk (KB)            :      501        1   3637421 
	   Memory (MB)          :      177     6144      6144 

	Job terminated of its own accord at 2022-01-29T13:32:07Z.
...
000 (83035.000.000) 2022-01-31 16:28:39 Job submitted from host: <194.36.1.200:9618?addrs=194.36.1.200-9618&alias=hex.ppe.gla.ac.uk&noUDP&sock=schedd_1448_c939>
...
040 (83035.000.000) 2022-01-31 16:28:55 Started transferring input files
	Transferring to host: <192.168.16.101:9618?addrs=192.168.16.101-9618&alias=condor-h16-01.ppe.cluster&noUDP&sock=slot1_2_17226_0676_21331>
...
040 (83035.000.000) 2022-01-31 16:28:55 Finished transferring input files
...
001 (83035.000.000) 2022-01-31 16:28:56 Job executing on host: <192.168.16.101:9618?addrs=192.168.16.101-9618&alias=condor-h16-01.ppe.cluster&noUDP&sock=startd_2281_279d>
...
006 (83035.000.000) 2022-01-31 16:29:04 Image size of job updated: 170116
	157  -  MemoryUsage of job (MB)
	160428  -  ResidentSetSize of job (KB)
...
006 (83035.000.000) 2022-01-31 16:34:04 Image size of job updated: 1599056
	890  -  MemoryUsage of job (MB)
	910440  -  ResidentSetSize of job (KB)
...
006 (83035.000.000) 2022-01-31 16:39:04 Image size of job updated: 2687868
	1596  -  MemoryUsage of job (MB)
	1633392  -  ResidentSetSize of job (KB)
...
006 (83035.000.000) 2022-01-31 16:44:05 Image size of job updated: 3778312
	2270  -  MemoryUsage of job (MB)
	2324332  -  ResidentSetSize of job (KB)
...
006 (83035.000.000) 2022-01-31 16:49:05 Image size of job updated: 4864392
	2911  -  MemoryUsage of job (MB)
	2979932  -  ResidentSetSize of job (KB)
...
006 (83035.000.000) 2022-01-31 16:54:05 Image size of job updated: 4870560
	3501  -  MemoryUsage of job (MB)
	3585012  -  ResidentSetSize of job (KB)
...
006 (83035.000.000) 2022-01-31 16:59:06 Image size of job updated: 8116784
	4050  -  MemoryUsage of job (MB)
	4146800  -  ResidentSetSize of job (KB)
...
006 (83035.000.000) 2022-01-31 17:14:07 Image size of job updated: 8116784
	4380  -  MemoryUsage of job (MB)
	4484120  -  ResidentSetSize of job (KB)
...
006 (83035.000.000) 2022-01-31 17:19:08 Image size of job updated: 8116784
	4380  -  MemoryUsage of job (MB)
	4484280  -  ResidentSetSize of job (KB)
...
040 (83035.000.000) 2022-01-31 17:27:40 Started transferring output files
...
040 (83035.000.000) 2022-01-31 17:27:40 Finished transferring output files
...
005 (83035.000.000) 2022-01-31 17:27:40 Job terminated.
	(1) Normal termination (return value 0)
		Usr 0 00:44:23, Sys 0 00:01:01  -  Run Remote Usage
		Usr 0 00:00:00, Sys 0 00:00:00  -  Run Local Usage
		Usr 0 00:44:23, Sys 0 00:01:01  -  Total Remote Usage
		Usr 0 00:00:00, Sys 0 00:00:00  -  Total Local Usage
	1668945  -  Run Bytes Sent By Job
	223  -  Run Bytes Received By Job
	1668945  -  Total Bytes Sent By Job
	223  -  Total Bytes Received By Job
	Partitionable Resources :    Usage  Request Allocated 
	   Cpus                 :     1.00        1         1 
	   Disk (KB)            :  1645           1    864796 
	   Memory (MB)          :  4380        6144      6144 

	Job terminated of its own accord at 2022-01-31T17:27:40Z.
...
000 (85249.000.000) 2022-02-04 11:09:33 Job submitted from host: <194.36.1.200:9618?addrs=194.36.1.200-9618&alias=hex.ppe.gla.ac.uk&noUDP&sock=schedd_1448_c939>
...
040 (85249.000.000) 2022-02-04 11:09:52 Started transferring input files
	Transferring to host: <192.168.16.113:9618?addrs=192.168.16.113-9618&alias=condor-d19-03.ppe.cluster&noUDP&sock=slot1_10_12571_2818_89306>
...
040 (85249.000.000) 2022-02-04 11:09:52 Finished transferring input files
...
001 (85249.000.000) 2022-02-04 11:09:53 Job executing on host: <192.168.16.113:9618?addrs=192.168.16.113-9618&alias=condor-d19-03.ppe.cluster&noUDP&sock=startd_2672_5925>
...
006 (85249.000.000) 2022-02-04 11:10:01 Image size of job updated: 534032
	165  -  MemoryUsage of job (MB)
	168716  -  ResidentSetSize of job (KB)
...
006 (85249.000.000) 2022-02-04 11:11:36 Image size of job updated: 824796
	165  -  MemoryUsage of job (MB)
	168716  -  ResidentSetSize of job (KB)
...
040 (85249.000.000) 2022-02-04 11:11:36 Started transferring output files
...
040 (85249.000.000) 2022-02-04 11:11:36 Finished transferring output files
...
005 (85249.000.000) 2022-02-04 11:11:36 Job terminated.
	(1) Normal termination (return value 0)
		Usr 0 00:01:41, Sys 0 00:00:00  -  Run Remote Usage
		Usr 0 00:00:00, Sys 0 00:00:00  -  Run Local Usage
		Usr 0 00:01:41, Sys 0 00:00:00  -  Total Remote Usage
		Usr 0 00:00:00, Sys 0 00:00:00  -  Total Local Usage
	503280  -  Run Bytes Sent By Job
	223  -  Run Bytes Received By Job
	503280  -  Total Bytes Sent By Job
	223  -  Total Bytes Received By Job
	Partitionable Resources :    Usage  Request Allocated 
	   Cpus                 :                 1         1 
	   Disk (KB)            :      501        1   3637421 
	   Memory (MB)          :      165     6144      6144 

	Job terminated of its own accord at 2022-02-04T11:11:36Z.
...
000 (85378.000.000) 2022-02-05 23:52:23 Job submitted from host: <194.36.1.200:9618?addrs=194.36.1.200-9618&alias=hex.ppe.gla.ac.uk&noUDP&sock=schedd_1448_c939>
...
040 (85378.000.000) 2022-02-06 00:03:45 Started transferring input files
	Transferring to host: <192.168.16.111:9618?addrs=192.168.16.111-9618&alias=condor-d19-01.ppe.cluster&noUDP&sock=slot1_5_191214_4f99_94988>
...
040 (85378.000.000) 2022-02-06 00:03:45 Finished transferring input files
...
001 (85378.000.000) 2022-02-06 00:03:46 Job executing on host: <192.168.16.111:9618?addrs=192.168.16.111-9618&alias=condor-d19-01.ppe.cluster&noUDP&sock=startd_9802_ef68>
...
006 (85378.000.000) 2022-02-06 00:03:54 Image size of job updated: 245500
	166  -  MemoryUsage of job (MB)
	169040  -  ResidentSetSize of job (KB)
...
006 (85378.000.000) 2022-02-06 00:08:54 Image size of job updated: 1599572
	936  -  MemoryUsage of job (MB)
	957732  -  ResidentSetSize of job (KB)
...
006 (85378.000.000) 2022-02-06 00:13:55 Image size of job updated: 2690000
	1678  -  MemoryUsage of job (MB)
	1718024  -  ResidentSetSize of job (KB)
...
006 (85378.000.000) 2022-02-06 00:18:56 Image size of job updated: 4314512
	2370  -  MemoryUsage of job (MB)
	2426500  -  ResidentSetSize of job (KB)
...
006 (85378.000.000) 2022-02-06 00:23:56 Image size of job updated: 4866092
	2968  -  MemoryUsage of job (MB)
	3038628  -  ResidentSetSize of job (KB)
...
006 (85378.000.000) 2022-02-06 00:28:56 Image size of job updated: 4872340
	3121  -  MemoryUsage of job (MB)
	3195332  -  ResidentSetSize of job (KB)
...
006 (85378.000.000) 2022-02-06 00:33:57 Image size of job updated: 8116780
	3224  -  MemoryUsage of job (MB)
	3301316  -  ResidentSetSize of job (KB)
...
006 (85378.000.000) 2022-02-06 00:38:57 Image size of job updated: 8116780
	3224  -  MemoryUsage of job (MB)
	3301340  -  ResidentSetSize of job (KB)
...
040 (85378.000.000) 2022-02-06 00:46:28 Started transferring output files
...
040 (85378.000.000) 2022-02-06 00:46:28 Finished transferring output files
...
005 (85378.000.000) 2022-02-06 00:46:28 Job terminated.
	(1) Normal termination (return value 0)
		Usr 0 00:40:47, Sys 0 00:00:48  -  Run Remote Usage
		Usr 0 00:00:00, Sys 0 00:00:00  -  Run Local Usage
		Usr 0 00:40:47, Sys 0 00:00:48  -  Total Remote Usage
		Usr 0 00:00:00, Sys 0 00:00:00  -  Total Local Usage
	1668934  -  Run Bytes Sent By Job
	223  -  Run Bytes Received By Job
	1668934  -  Total Bytes Sent By Job
	223  -  Total Bytes Received By Job
	Partitionable Resources :    Usage  Request Allocated 
	   Cpus                 :     0.99        1         1 
	   Disk (KB)            :  1645           1    825748 
	   Memory (MB)          :  3224        6144      6144 

	Job terminated of its own accord at 2022-02-06T00:46:28Z.
...
000 (244599.000.000) 2022-02-19 14:01:05 Job submitted from host: <194.36.1.200:9618?addrs=194.36.1.200-9618&alias=hex.ppe.gla.ac.uk&noUDP&sock=schedd_1448_c939>
...
040 (244599.000.000) 2022-02-19 14:01:22 Started transferring input files
	Transferring to host: <192.168.16.113:9618?addrs=192.168.16.113-9618&alias=condor-d19-03.ppe.cluster&noUDP&sock=slot1_11_12571_2818_213184>
...
040 (244599.000.000) 2022-02-19 14:01:22 Finished transferring input files
...
001 (244599.000.000) 2022-02-19 14:01:23 Job executing on host: <192.168.16.113:9618?addrs=192.168.16.113-9618&alias=condor-d19-03.ppe.cluster&noUDP&sock=startd_2672_5925>
...
006 (244599.000.000) 2022-02-19 14:01:32 Image size of job updated: 542484
	178  -  MemoryUsage of job (MB)
	181700  -  ResidentSetSize of job (KB)
...
006 (244599.000.000) 2022-02-19 14:06:33 Image size of job updated: 1600812
	1017  -  MemoryUsage of job (MB)
	1040428  -  ResidentSetSize of job (KB)
...
006 (244599.000.000) 2022-02-19 14:11:34 Image size of job updated: 2692496
	1883  -  MemoryUsage of job (MB)
	1927552  -  ResidentSetSize of job (KB)
...
006 (244599.000.000) 2022-02-19 14:16:34 Image size of job updated: 3782084
	2706  -  MemoryUsage of job (MB)
	2770176  -  ResidentSetSize of job (KB)
...
006 (244599.000.000) 2022-02-19 14:21:34 Image size of job updated: 4870028
	3463  -  MemoryUsage of job (MB)
	3545292  -  ResidentSetSize of job (KB)
...
006 (244599.000.000) 2022-02-19 14:26:35 Image size of job updated: 8116784
	4139  -  MemoryUsage of job (MB)
	4237432  -  ResidentSetSize of job (KB)
...
006 (244599.000.000) 2022-02-19 14:31:36 Image size of job updated: 8116784
	4139  -  MemoryUsage of job (MB)
	4237444  -  ResidentSetSize of job (KB)
...
040 (244599.000.000) 2022-02-19 14:38:05 Started transferring output files
...
040 (244599.000.000) 2022-02-19 14:38:05 Finished transferring output files
...
005 (244599.000.000) 2022-02-19 14:38:05 Job terminated.
	(1) Normal termination (return value 0)
		Usr 0 00:35:37, Sys 0 00:00:19  -  Run Remote Usage
		Usr 0 00:00:00, Sys 0 00:00:00  -  Run Local Usage
		Usr 0 00:35:37, Sys 0 00:00:19  -  Total Remote Usage
		Usr 0 00:00:00, Sys 0 00:00:00  -  Total Local Usage
	1668945  -  Run Bytes Sent By Job
	223  -  Run Bytes Received By Job
	1668945  -  Total Bytes Sent By Job
	223  -  Total Bytes Received By Job
	Partitionable Resources :    Usage  Request Allocated 
	   Cpus                 :     1.00        1         1 
	   Disk (KB)            :  1645           1   3637421 
	   Memory (MB)          :  4139        6144      6144 

	Job terminated of its own accord at 2022-02-19T14:38:05Z.
...
000 (326053.000.000) 2022-02-28 20:21:15 Job submitted from host: <194.36.1.200:9618?addrs=194.36.1.200-9618&alias=hex.ppe.gla.ac.uk&noUDP&sock=schedd_1448_c939>
...
040 (326053.000.000) 2022-02-28 20:31:13 Started transferring input files
	Transferring to host: <192.168.16.113:9618?addrs=192.168.16.113-9618&alias=condor-d19-03.ppe.cluster&noUDP&sock=slot1_37_12571_2818_262397>
...
040 (326053.000.000) 2022-02-28 20:31:13 Finished transferring input files
...
001 (326053.000.000) 2022-02-28 20:31:14 Job executing on host: <192.168.16.113:9618?addrs=192.168.16.113-9618&alias=condor-d19-03.ppe.cluster&noUDP&sock=startd_2672_5925>
...
006 (326053.000.000) 2022-02-28 20:31:23 Image size of job updated: 168092
	165  -  MemoryUsage of job (MB)
	168092  -  ResidentSetSize of job (KB)
...
006 (326053.000.000) 2022-02-28 20:33:22 Image size of job updated: 859196
	165  -  MemoryUsage of job (MB)
	168100  -  ResidentSetSize of job (KB)
...
040 (326053.000.000) 2022-02-28 20:33:22 Started transferring output files
...
040 (326053.000.000) 2022-02-28 20:33:22 Finished transferring output files
...
005 (326053.000.000) 2022-02-28 20:33:22 Job terminated.
	(1) Normal termination (return value 0)
		Usr 0 00:02:05, Sys 0 00:00:00  -  Run Remote Usage
		Usr 0 00:00:00, Sys 0 00:00:00  -  Run Local Usage
		Usr 0 00:02:05, Sys 0 00:00:00  -  Total Remote Usage
		Usr 0 00:00:00, Sys 0 00:00:00  -  Total Local Usage
	503279  -  Run Bytes Sent By Job
	223  -  Run Bytes Received By Job
	503279  -  Total Bytes Sent By Job
	223  -  Total Bytes Received By Job
	Partitionable Resources :    Usage  Request Allocated 
	   Cpus                 :                 1         1 
	   Disk (KB)            :      502        1   3637421 
	   Memory (MB)          :      165     6144      6144 

	Job terminated of its own accord at 2022-02-28T20:33:22Z.
...
000 (351955.000.000) 2022-03-01 15:58:23 Job submitted from host: <194.36.1.200:9618?addrs=194.36.1.200-9618&alias=hex.ppe.gla.ac.uk&noUDP&sock=schedd_1448_c939>
...
040 (351955.000.000) 2022-03-01 15:58:32 Started transferring input files
	Transferring to host: <192.168.16.112:9618?addrs=192.168.16.112-9618&alias=condor-d19-02.ppe.cluster&noUDP&sock=slot1_2_271865_3c88_265109>
...
040 (351955.000.000) 2022-03-01 15:58:32 Finished transferring input files
...
001 (351955.000.000) 2022-03-01 15:58:33 Job executing on host: <192.168.16.112:9618?addrs=192.168.16.112-9618&alias=condor-d19-02.ppe.cluster&noUDP&sock=startd_9793_c30d>
...
006 (351955.000.000) 2022-03-01 15:58:42 Image size of job updated: 169920
	166  -  MemoryUsage of job (MB)
	169020  -  ResidentSetSize of job (KB)
...
006 (351955.000.000) 2022-03-01 16:00:09 Image size of job updated: 825204
	166  -  MemoryUsage of job (MB)
	169024  -  ResidentSetSize of job (KB)
...
040 (351955.000.000) 2022-03-01 16:00:09 Started transferring output files
...
040 (351955.000.000) 2022-03-01 16:00:09 Finished transferring output files
...
005 (351955.000.000) 2022-03-01 16:00:09 Job terminated.
	(1) Normal termination (return value 0)
		Usr 0 00:01:27, Sys 0 00:00:01  -  Run Remote Usage
		Usr 0 00:00:00, Sys 0 00:00:00  -  Run Local Usage
		Usr 0 00:01:27, Sys 0 00:00:01  -  Total Remote Usage
		Usr 0 00:00:00, Sys 0 00:00:00  -  Total Local Usage
	503280  -  Run Bytes Sent By Job
	223  -  Run Bytes Received By Job
	503280  -  Total Bytes Sent By Job
	223  -  Total Bytes Received By Job
	Partitionable Resources :    Usage  Request Allocated 
	   Cpus                 :                 1         1 
	   Disk (KB)            :      501        1    825748 
	   Memory (MB)          :      166     6144      6144 

	Job terminated of its own accord at 2022-03-01T16:00:09Z.
...
000 (352474.000.000) 2022-03-02 19:15:47 Job submitted from host: <194.36.1.200:9618?addrs=194.36.1.200-9618&alias=hex.ppe.gla.ac.uk&noUDP&sock=schedd_1448_c939>
...
040 (352474.000.000) 2022-03-02 19:15:52 Started transferring input files
	Transferring to host: <192.168.16.102:9618?addrs=192.168.16.102-9618&alias=condor-h16-02.ppe.cluster&noUDP&sock=slot1_4_24770_74a8_107082>
...
040 (352474.000.000) 2022-03-02 19:15:52 Finished transferring input files
...
001 (352474.000.000) 2022-03-02 19:15:53 Job executing on host: <192.168.16.102:9618?addrs=192.168.16.102-9618&alias=condor-h16-02.ppe.cluster&noUDP&sock=startd_2233_3b11>
...
006 (352474.000.000) 2022-03-02 19:16:02 Image size of job updated: 168856
	160  -  MemoryUsage of job (MB)
	162900  -  ResidentSetSize of job (KB)
...
006 (352474.000.000) 2022-03-02 19:21:03 Image size of job updated: 1599024
	879  -  MemoryUsage of job (MB)
	899212  -  ResidentSetSize of job (KB)
...
006 (352474.000.000) 2022-03-02 19:26:03 Image size of job updated: 2687076
	1582  -  MemoryUsage of job (MB)
	1619824  -  ResidentSetSize of job (KB)
...
006 (352474.000.000) 2022-03-02 19:31:03 Image size of job updated: 3777584
	2199  -  MemoryUsage of job (MB)
	2251476  -  ResidentSetSize of job (KB)
...
006 (352474.000.000) 2022-03-02 19:36:05 Image size of job updated: 4864360
	2845  -  MemoryUsage of job (MB)
	2912376  -  ResidentSetSize of job (KB)
...
006 (352474.000.000) 2022-03-02 19:41:05 Image size of job updated: 4869508
	3309  -  MemoryUsage of job (MB)
	3387812  -  ResidentSetSize of job (KB)
...
006 (352474.000.000) 2022-03-02 19:46:05 Image size of job updated: 8116752
	3309  -  MemoryUsage of job (MB)
	3387812  -  ResidentSetSize of job (KB)
...
006 (352474.000.000) 2022-03-02 19:56:07 Image size of job updated: 8116752
	3330  -  MemoryUsage of job (MB)
	3409620  -  ResidentSetSize of job (KB)
...
006 (352474.000.000) 2022-03-02 20:01:07 Image size of job updated: 8116752
	3717  -  MemoryUsage of job (MB)
	3805920  -  ResidentSetSize of job (KB)
...
006 (352474.000.000) 2022-03-02 20:06:08 Image size of job updated: 8116752
	4040  -  MemoryUsage of job (MB)
	4136948  -  ResidentSetSize of job (KB)
...
006 (352474.000.000) 2022-03-02 20:11:09 Image size of job updated: 8116752
	4279  -  MemoryUsage of job (MB)
	4380816  -  ResidentSetSize of job (KB)
...
006 (352474.000.000) 2022-03-02 20:16:09 Image size of job updated: 8116752
	4371  -  MemoryUsage of job (MB)
	4475228  -  ResidentSetSize of job (KB)
...
040 (352474.000.000) 2022-03-02 20:32:24 Started transferring output files
...
040 (352474.000.000) 2022-03-02 20:32:24 Finished transferring output files
...
005 (352474.000.000) 2022-03-02 20:32:24 Job terminated.
	(1) Normal termination (return value 0)
		Usr 0 00:46:08, Sys 0 00:00:53  -  Run Remote Usage
		Usr 0 00:00:00, Sys 0 00:00:00  -  Run Local Usage
		Usr 0 00:46:08, Sys 0 00:00:53  -  Total Remote Usage
		Usr 0 00:00:00, Sys 0 00:00:00  -  Total Local Usage
	1668800  -  Run Bytes Sent By Job
	223  -  Run Bytes Received By Job
	1668800  -  Total Bytes Sent By Job
	223  -  Total Bytes Received By Job
	Partitionable Resources :    Usage  Request Allocated 
	   Cpus                 :     1.00        1         1 
	   Disk (KB)            :  1645           1    864796 
	   Memory (MB)          :  4371        6144      6144 

	Job terminated of its own accord at 2022-03-02T20:32:24Z.
...
000 (508370.000.000) 2022-03-17 20:36:07 Job submitted from host: <194.36.1.200:9618?addrs=194.36.1.200-9618&alias=hex.ppe.gla.ac.uk&noUDP&sock=schedd_1448_c939>
...
040 (508370.000.000) 2022-03-17 20:36:14 Started transferring input files
	Transferring to host: <192.168.16.113:9618?addrs=192.168.16.113-9618&alias=condor-d19-03.ppe.cluster&noUDP&sock=slot1_2_35343_1736_3004>
...
040 (508370.000.000) 2022-03-17 20:36:14 Finished transferring input files
...
001 (508370.000.000) 2022-03-17 20:36:15 Job executing on host: <192.168.16.113:9618?addrs=192.168.16.113-9618&alias=condor-d19-03.ppe.cluster&noUDP&sock=startd_2672_5925>
...
006 (508370.000.000) 2022-03-17 20:36:23 Image size of job updated: 193536
	186  -  MemoryUsage of job (MB)
	189564  -  ResidentSetSize of job (KB)
...
006 (508370.000.000) 2022-03-17 20:41:23 Image size of job updated: 2412116
	1079  -  MemoryUsage of job (MB)
	1104752  -  ResidentSetSize of job (KB)
...
006 (508370.000.000) 2022-03-17 20:46:24 Image size of job updated: 2692788
	1940  -  MemoryUsage of job (MB)
	1985628  -  ResidentSetSize of job (KB)
...
006 (508370.000.000) 2022-03-17 20:51:24 Image size of job updated: 3782852
	2761  -  MemoryUsage of job (MB)
	2826688  -  ResidentSetSize of job (KB)
...
006 (508370.000.000) 2022-03-17 20:56:24 Image size of job updated: 4870848
	3513  -  MemoryUsage of job (MB)
	3596296  -  ResidentSetSize of job (KB)
...
006 (508370.000.000) 2022-03-17 21:01:26 Image size of job updated: 7042604
	4220  -  MemoryUsage of job (MB)
	4320732  -  ResidentSetSize of job (KB)
...
006 (508370.000.000) 2022-03-17 21:06:26 Image size of job updated: 7221896
	4220  -  MemoryUsage of job (MB)
	4320732  -  ResidentSetSize of job (KB)
...
040 (508370.000.000) 2022-03-17 21:12:14 Started transferring output files
...
040 (508370.000.000) 2022-03-17 21:12:14 Finished transferring output files
...
005 (508370.000.000) 2022-03-17 21:12:14 Job terminated.
	(1) Normal termination (return value 0)
		Usr 0 00:34:56, Sys 0 00:00:18  -  Run Remote Usage
		Usr 0 00:00:00, Sys 0 00:00:00  -  Run Local Usage
		Usr 0 00:34:56, Sys 0 00:00:18  -  Total Remote Usage
		Usr 0 00:00:00, Sys 0 00:00:00  -  Total Local Usage
	1664677  -  Run Bytes Sent By Job
	223  -  Run Bytes Received By Job
	1664677  -  Total Bytes Sent By Job
	223  -  Total Bytes Received By Job
	Partitionable Resources :    Usage  Request Allocated 
	   Cpus                 :     0.86        1         1 
	   Disk (KB)            :  1641           1   3637421 
	   Memory (MB)          :  4220        6144      6144 

	Job terminated of its own accord at 2022-03-17T21:12:14Z.
...
000 (508633.000.000) 2022-04-06 14:40:52 Job submitted from host: <194.36.1.200:9618?addrs=194.36.1.200-9618&alias=hex.ppe.gla.ac.uk&noUDP&sock=schedd_1448_c939>
...
040 (508633.000.000) 2022-04-06 14:41:07 Started transferring input files
	Transferring to host: <192.168.16.114:9618?addrs=192.168.16.114-9618&alias=condor-d19-04.ppe.cluster&noUDP&sock=slot1_2_16667_28bf_7951>
...
040 (508633.000.000) 2022-04-06 14:41:07 Finished transferring input files
...
001 (508633.000.000) 2022-04-06 14:41:08 Job executing on host: <192.168.16.114:9618?addrs=192.168.16.114-9618&alias=condor-d19-04.ppe.cluster&noUDP&sock=startd_2652_a140>
...
006 (508633.000.000) 2022-04-06 14:41:16 Image size of job updated: 198528
	187  -  MemoryUsage of job (MB)
	191204  -  ResidentSetSize of job (KB)
...
006 (508633.000.000) 2022-04-06 14:46:16 Image size of job updated: 1601120
	1070  -  MemoryUsage of job (MB)
	1095632  -  ResidentSetSize of job (KB)
...
006 (508633.000.000) 2022-04-06 14:51:17 Image size of job updated: 2692804
	1934  -  MemoryUsage of job (MB)
	1980288  -  ResidentSetSize of job (KB)
...
006 (508633.000.000) 2022-04-06 14:56:18 Image size of job updated: 3782388
	2750  -  MemoryUsage of job (MB)
	2815432  -  ResidentSetSize of job (KB)
...
006 (508633.000.000) 2022-04-06 15:01:18 Image size of job updated: 4870332
	3494  -  MemoryUsage of job (MB)
	3577796  -  ResidentSetSize of job (KB)
...
006 (508633.000.000) 2022-04-06 15:06:19 Image size of job updated: 7041676
	4183  -  MemoryUsage of job (MB)
	4282612  -  ResidentSetSize of job (KB)
...
006 (508633.000.000) 2022-04-06 15:11:20 Image size of job updated: 7221916
	4183  -  MemoryUsage of job (MB)
	4282628  -  ResidentSetSize of job (KB)
...
040 (508633.000.000) 2022-04-06 15:17:31 Started transferring output files
...
040 (508633.000.000) 2022-04-06 15:17:31 Finished transferring output files
...
005 (508633.000.000) 2022-04-06 15:17:31 Job terminated.
	(1) Normal termination (return value 0)
		Usr 0 00:35:10, Sys 0 00:00:19  -  Run Remote Usage
		Usr 0 00:00:00, Sys 0 00:00:00  -  Run Local Usage
		Usr 0 00:35:10, Sys 0 00:00:19  -  Total Remote Usage
		Usr 0 00:00:00, Sys 0 00:00:00  -  Total Local Usage
	1668945  -  Run Bytes Sent By Job
	223  -  Run Bytes Received By Job
	1668945  -  Total Bytes Sent By Job
	223  -  Total Bytes Received By Job
	Partitionable Resources :    Usage  Request Allocated 
	   Cpus                 :     1.00        1         1 
	   Disk (KB)            :  1645           1   3637421 
	   Memory (MB)          :  4183        6144      6144 

	Job terminated of its own accord at 2022-04-06T14:17:31Z.
...
