INFO: Using third party libraries from /home/ppe/j/jnugent/private/PhD_Year_1/software/MAUS-v2.9.1
MAUS web front-end directory: /home/ppe/j/jnugent/private/PhD_Year_1/software/MAUS-v2.9.1/third_party/install/lib/maus-apps-0.2
    Database directory: /home/ppe/j/jnugent/private/PhD_Year_1/software/MAUS-v2.9.1/third_party/install/lib/maus-apps-0.2/db
    Media directory: /home/ppe/j/jnugent/private/PhD_Year_1/software/MAUS-v2.9.1/third_party/install/lib/maus-apps-0.2/media
    Media directory (raw images): /home/ppe/j/jnugent/private/PhD_Year_1/software/MAUS-v2.9.1/third_party/install/lib/maus-apps-0.2/media/raw
SUCCESS: MAUS setup
Algorithm to analyse reduced MAUS root
trees for multiple scattering measurements
and to unfold the distribution

Received 2 arguements.
node type: Element, name: spec, with prop id: (null), prop name: (null), prop value: (null)
node type: Element, name: file, with prop id: outfile, prop name: LiHMu_3200_tof_lim26.8059285384_u27.0059285384.root, prop value: (null)
node type: Element, name: file, with prop id: datafile, prop name: /data/neutrino06/jnugent/v2.9.1/allLiH/reduced_tree_.root, prop value: (null)
node type: Element, name: file, with prop id: trainfile, prop name: /data/neutrino06/jnugent/v2.9.1/allZeroAbs/reduced_tree_.root, prop value: (null)
node type: Element, name: file, with prop id: modelfile, prop name: /home/ppe/j/jnugent/workarea/Unfolding/Cobb_results/LiH-6p5-200-B-hists.root, prop value: (null)
node type: Element, name: file, with prop id: trkreffiname, prop name: /home/ppe/j/jnugent/workarea/tracker_efficiency/tracker_resolution_plots_26.8059285384.root, prop value: (null)
node type: Element, name: file, with prop id: model3, prop name: Moliere, prop value: (null)
node type: Element, name: file, with prop id: model2, prop name: Cobb, prop value: (null)
node type: Element, name: file, with prop id: model1, prop name: GEANT, prop value: (null)
node type: Element, name: cuts, with prop id: (null), prop name: TOF_ll, prop value: 26.8059285384
node type: Element, name: cuts, with prop id: (null), prop name: TOF_ul, prop value: 27.0059285384
node type: Element, name: cuts, with prop id: (null), prop name: fid_rad, prop value: 140.0
node type: Element, name: cuts, with prop id: (null), prop name: fid_grad, prop value: 0.012
node type: Element, name: cuts, with prop id: (null), prop name: mode, prop value: -1
node type: Element, name: sys, with prop id: (null), prop name: niter, prop value: 10
node type: Element, name: histlimits, with prop id: (null), prop name: NbinsXY, prop value: 46
node type: Element, name: histlimits, with prop id: (null), prop name: NbinsTh, prop value: 200
node type: Element, name: histlimits, with prop id: (null), prop name: minXY, prop value: -0.06
node type: Element, name: histlimits, with prop id: (null), prop name: maxXY, prop value: 0.06
Writing outfile to LiHMu_3200_tof_lim26.8059285384_u27.0059285384.root
Reading outfilename at 
Reading data from /data/neutrino06/jnugent/v2.9.1/allLiH/reduced_tree_.root
Reading reference data from /data/neutrino06/jnugent/v2.9.1/allZeroAbs/reduced_tree_.root
Reading models from /home/ppe/j/jnugent/workarea/Unfolding/Cobb_results/LiH-6p5-200-B-hists.root
Reading models from 
Use  for propagation

TOF selection between 26.8059 and 27.0059
Fiducial selection contained by radius 140 with scattering 0.012

Adding systematic effect niter with value 10
Event 0
Event 100000
Event 200000
Event 300000
Event 400000
Event 500000
Event 600000
Event 700000
Event 800000
Event 900000
Event 1000000
Event 1100000
Event 1200000
Event 1300000
Event 1400000
Event 1500000
Event 1600000
Event 1700000
Event 1800000
Event 1900000
Event 2000000
Event 2100000
Event 2200000
Event 2300000
Event 2400000
Event 2500000
Event 2600000
Event 2700000
Event 2800000
Event 2900000
Event 3000000
Event 3100000
Event 3200000
Event 3300000
Event 3400000
Event 3500000
Event 3600000
Event 3700000
Event 3800000
Event 3900000
Event 4000000
Event 4100000
Event 4200000
Event 4300000
Event 4400000
Event 4500000
Event 4600000
Event 4700000
Event 4800000
Event 4900000
Event 5000000
Event 0
Event 100000
Event 200000
Event 300000
Event 400000
Event 500000
Event 600000
Event 700000
Event 800000
Event 900000
Event 1000000
Convolution with thetaX_GEANT from /home/ppe/j/jnugent/workarea/Unfolding/Cobb_results/LiH-6p5-200-B-hists.root
OBJ: RooUnfoldBayes	response	Unfold Response
regularisation parameter = 10, ntoys = 50
OBJ: RooUnfoldBayes	response	Unfold Response
regularisation parameter = 10, ntoys = 50
OBJ: RooUnfoldBayes	response	Unfold Response
regularisation parameter = 10, ntoys = 50
OBJ: RooUnfoldBayes	response	Unfold Response
regularisation parameter = 10, ntoys = 50
Now unfolding...
Iteration : 0
Chi^2 of change 396.085
Iteration : 1
Chi^2 of change 66.1262
Iteration : 2
Chi^2 of change 16.3698
Iteration : 3
Chi^2 of change 5.1493
Iteration : 4
Chi^2 of change 1.99303
Iteration : 5
Chi^2 of change 0.971096
Iteration : 6
Chi^2 of change 0.597953
Iteration : 7
Chi^2 of change 0.434615
Iteration : 8
Chi^2 of change 0.35652
Iteration : 9
Chi^2 of change 0.311713
Calculating covariances due to number of measured events
Now unfolding...
Iteration : 0
Chi^2 of change 429.339
Iteration : 1
Chi^2 of change 63.5357
Iteration : 2
Chi^2 of change 14.4436
Iteration : 3
Chi^2 of change 4.30413
Iteration : 4
Chi^2 of change 1.69948
Iteration : 5
Chi^2 of change 0.934171
Iteration : 6
Chi^2 of change 0.661623
Iteration : 7
Chi^2 of change 0.531411
Iteration : 8
Chi^2 of change 0.452838
Iteration : 9
Chi^2 of change 0.401358
Calculating covariances due to number of measured events
Now unfolding...
Iteration : 0
Chi^2 of change 786.667
Iteration : 1
Chi^2 of change 108.429
Iteration : 2
Chi^2 of change 23.8118
Iteration : 3
Chi^2 of change 6.9543
Iteration : 4
Chi^2 of change 2.82136
Iteration : 5
Chi^2 of change 1.59439
Iteration : 6
Chi^2 of change 1.16974
Iteration : 7
Chi^2 of change 0.980376
Iteration : 8
Chi^2 of change 0.869055
Iteration : 9
Chi^2 of change 0.788368
Calculating covariances due to number of measured events
Now unfolding...
Iteration : 0
Chi^2 of change 857.69
Iteration : 1
Chi^2 of change 112.075
Iteration : 2
Chi^2 of change 28.4189
Iteration : 3
Chi^2 of change 11.0145
Iteration : 4
Chi^2 of change 6.53154
Iteration : 5
Chi^2 of change 4.96307
Iteration : 6
Chi^2 of change 4.19286
Iteration : 7
Chi^2 of change 3.66042
Iteration : 8
Chi^2 of change 3.21106
Iteration : 9
Chi^2 of change 2.81508
Calculating covariances due to number of measured events
Convolution with thetaX_Cobb from /home/ppe/j/jnugent/workarea/Unfolding/Cobb_results/LiH-6p5-200-B-hists.root
OBJ: RooUnfoldBayes	response	Unfold Response
regularisation parameter = 10, ntoys = 50
OBJ: RooUnfoldBayes	response	Unfold Response
regularisation parameter = 10, ntoys = 50
OBJ: RooUnfoldBayes	response	Unfold Response
regularisation parameter = 10, ntoys = 50
OBJ: RooUnfoldBayes	response	Unfold Response
regularisation parameter = 10, ntoys = 50
Now unfolding...
Iteration : 0
Chi^2 of change 282.089
Iteration : 1
Chi^2 of change 50.2585
Iteration : 2
Chi^2 of change 13.4811
Iteration : 3
Chi^2 of change 5.26789
Iteration : 4
Chi^2 of change 2.99546
Iteration : 5
Chi^2 of change 2.19501
Iteration : 6
Chi^2 of change 1.71437
Iteration : 7
Chi^2 of change 1.25746
Iteration : 8
Chi^2 of change 0.859643
Iteration : 9
Chi^2 of change 0.58383
Calculating covariances due to number of measured events
Now unfolding...
Iteration : 0
Chi^2 of change 363.663
Iteration : 1
Chi^2 of change 53.9804
Iteration : 2
Chi^2 of change 12.4455
Iteration : 3
Chi^2 of change 3.88071
Iteration : 4
Chi^2 of change 1.53949
Iteration : 5
Chi^2 of change 0.778372
Iteration : 6
Chi^2 of change 0.49284
Iteration : 7
Chi^2 of change 0.364344
Iteration : 8
Chi^2 of change 0.296096
Iteration : 9
Chi^2 of change 0.250506
Calculating covariances due to number of measured events
Now unfolding...
Iteration : 0
Chi^2 of change 581.737
Iteration : 1
Chi^2 of change 88.6188
Iteration : 2
Chi^2 of change 21.6611
Iteration : 3
Chi^2 of change 6.79044
Iteration : 4
Chi^2 of change 2.64867
Iteration : 5
Chi^2 of change 1.4128
Iteration : 6
Chi^2 of change 0.992933
Iteration : 7
Chi^2 of change 0.802014
Iteration : 8
Chi^2 of change 0.688979
Iteration : 9
Chi^2 of change 0.613002
Calculating covariances due to number of measured events
Now unfolding...
Iteration : 0
Chi^2 of change 652.805
Iteration : 1
Chi^2 of change 90.2823
Iteration : 2
Chi^2 of change 25.9643
Iteration : 3
Chi^2 of change 11.7883
Iteration : 4
Chi^2 of change 7.36319
Iteration : 5
Chi^2 of change 5.51326
Iteration : 6
Chi^2 of change 4.54602
Iteration : 7
Chi^2 of change 3.88832
Iteration : 8
Chi^2 of change 3.37276
Iteration : 9
Chi^2 of change 2.92493
Calculating covariances due to number of measured events
Convolution with thetaX_Moliere from /home/ppe/j/jnugent/workarea/Unfolding/Cobb_results/LiH-6p5-200-B-hists.root
OBJ: RooUnfoldBayes	response	Unfold Response
regularisation parameter = 10, ntoys = 50
OBJ: RooUnfoldBayes	response	Unfold Response
regularisation parameter = 10, ntoys = 50
OBJ: RooUnfoldBayes	response	Unfold Response
regularisation parameter = 10, ntoys = 50
OBJ: RooUnfoldBayes	response	Unfold Response
regularisation parameter = 10, ntoys = 50
Now unfolding...
Iteration : 0
Chi^2 of change 328.224
Iteration : 1
Chi^2 of change 56.6625
Iteration : 2
Chi^2 of change 14.254
Iteration : 3
Chi^2 of change 4.84733
Iteration : 4
Chi^2 of change 2.35433
Iteration : 5
Chi^2 of change 1.60029
Iteration : 6
Chi^2 of change 1.29958
Iteration : 7
Chi^2 of change 1.08063
Iteration : 8
Chi^2 of change 0.852038
Iteration : 9
Chi^2 of change 0.628603
Calculating covariances due to number of measured events
Now unfolding...
Iteration : 0
Chi^2 of change 411.181
Iteration : 1
Chi^2 of change 61.4978
Iteration : 2
Chi^2 of change 14.7777
Iteration : 3
Chi^2 of change 5.02004
Iteration : 4
Chi^2 of change 2.18184
Iteration : 5
Chi^2 of change 1.12475
Iteration : 6
Chi^2 of change 0.673365
Iteration : 7
Chi^2 of change 0.46674
Iteration : 8
Chi^2 of change 0.358274
Iteration : 9
Chi^2 of change 0.296658
Calculating covariances due to number of measured events
Now unfolding...
Iteration : 0
Chi^2 of change 638.976
Iteration : 1
Chi^2 of change 100.759
Iteration : 2
Chi^2 of change 25.3356
Iteration : 3
Chi^2 of change 9.55232
Iteration : 4
Chi^2 of change 4.84889
Iteration : 5
Chi^2 of change 2.80903
Iteration : 6
Chi^2 of change 1.78435
Iteration : 7
Chi^2 of change 1.24738
Iteration : 8
Chi^2 of change 0.943695
Iteration : 9
Chi^2 of change 0.760716
Calculating covariances due to number of measured events
Now unfolding...
Iteration : 0
Chi^2 of change 681.642
Iteration : 1
Chi^2 of change 101.389
Iteration : 2
Chi^2 of change 26.9728
Iteration : 3
Chi^2 of change 9.88276
Iteration : 4
Chi^2 of change 4.81684
Iteration : 5
Chi^2 of change 3.15777
Iteration : 6
Chi^2 of change 2.4729
Iteration : 7
Chi^2 of change 2.11253
Iteration : 8
Chi^2 of change 1.87807
Iteration : 9
Chi^2 of change 1.69222
Calculating covariances due to number of measured events
