INFO: Using third party libraries from /home/ppe/j/jnugent/private/PhD_Year_1/software/MAUS-v2.9.1
MAUS web front-end directory: /home/ppe/j/jnugent/private/PhD_Year_1/software/MAUS-v2.9.1/third_party/install/lib/maus-apps-0.2
    Database directory: /home/ppe/j/jnugent/private/PhD_Year_1/software/MAUS-v2.9.1/third_party/install/lib/maus-apps-0.2/db
    Media directory: /home/ppe/j/jnugent/private/PhD_Year_1/software/MAUS-v2.9.1/third_party/install/lib/maus-apps-0.2/media
    Media directory (raw images): /home/ppe/j/jnugent/private/PhD_Year_1/software/MAUS-v2.9.1/third_party/install/lib/maus-apps-0.2/media/raw
SUCCESS: MAUS setup
Algorithm to analyse reduced MAUS root
trees for multiple scattering measurements
and to unfold the distribution

Received 2 arguements.
node type: Element, name: spec, with prop id: (null), prop name: (null), prop value: (null)
node type: Element, name: file, with prop id: outfile, prop name: LiHMu_3172_tof_lim28.9374090796_u29.1374090796.root, prop value: (null)
node type: Element, name: file, with prop id: datafile, prop name: /data/neutrino06/jnugent/v2.9.1/allLiH/reduced_tree_.root, prop value: (null)
node type: Element, name: file, with prop id: trainfile, prop name: /data/neutrino06/jnugent/v2.9.1/allZeroAbs/reduced_tree_.root, prop value: (null)
node type: Element, name: file, with prop id: modelfile, prop name: /home/ppe/j/jnugent/workarea/Unfolding/Cobb_results/LiH-6p5-200-B-hists.root, prop value: (null)
node type: Element, name: file, with prop id: trkreffiname, prop name: /home/ppe/j/jnugent/workarea/tracker_efficiency/tracker_resolution_plots_28.9374090796.root, prop value: (null)
node type: Element, name: file, with prop id: model3, prop name: Moliere, prop value: (null)
node type: Element, name: file, with prop id: model2, prop name: Cobb, prop value: (null)
node type: Element, name: file, with prop id: model1, prop name: GEANT, prop value: (null)
node type: Element, name: cuts, with prop id: (null), prop name: TOF_ll, prop value: 28.9374090796
node type: Element, name: cuts, with prop id: (null), prop name: TOF_ul, prop value: 29.1374090796
node type: Element, name: cuts, with prop id: (null), prop name: fid_rad, prop value: 140.0
node type: Element, name: cuts, with prop id: (null), prop name: fid_grad, prop value: 0.012
node type: Element, name: cuts, with prop id: (null), prop name: mode, prop value: -1
node type: Element, name: sys, with prop id: (null), prop name: niter, prop value: 10
node type: Element, name: histlimits, with prop id: (null), prop name: NbinsXY, prop value: 46
node type: Element, name: histlimits, with prop id: (null), prop name: NbinsTh, prop value: 200
node type: Element, name: histlimits, with prop id: (null), prop name: minXY, prop value: -0.06
node type: Element, name: histlimits, with prop id: (null), prop name: maxXY, prop value: 0.06
Writing outfile to LiHMu_3172_tof_lim28.9374090796_u29.1374090796.root
Reading outfilename at 
Reading data from /data/neutrino06/jnugent/v2.9.1/allLiH/reduced_tree_.root
Reading reference data from /data/neutrino06/jnugent/v2.9.1/allZeroAbs/reduced_tree_.root
Reading models from /home/ppe/j/jnugent/workarea/Unfolding/Cobb_results/LiH-6p5-200-B-hists.root
Reading models from 
Use  for propagation

TOF selection between 28.9374 and 29.1374
Fiducial selection contained by radius 140 with scattering 0.012

Adding systematic effect niter with value 10
Event 0
Event 100000
Event 200000
Event 300000
Event 400000
Event 500000
Event 600000
Event 700000
Event 800000
Event 900000
Event 1000000
Event 1100000
Event 1200000
Event 1300000
Event 1400000
Event 1500000
Event 1600000
Event 1700000
Event 1800000
Event 1900000
Event 2000000
Event 2100000
Event 2200000
Event 2300000
Event 2400000
Event 2500000
Event 2600000
Event 2700000
Event 2800000
Event 2900000
Event 3000000
Event 3100000
Event 3200000
Event 3300000
Event 3400000
Event 3500000
Event 3600000
Event 3700000
Event 3800000
Event 3900000
Event 4000000
Event 4100000
Event 4200000
Event 4300000
Event 4400000
Event 4500000
Event 4600000
Event 4700000
Event 4800000
Event 4900000
Event 5000000
Event 0
Event 100000
Event 200000
Event 300000
Event 400000
Event 500000
Event 600000
Event 700000
Event 800000
Event 900000
Event 1000000
Convolution with thetaX_GEANT from /home/ppe/j/jnugent/workarea/Unfolding/Cobb_results/LiH-6p5-200-B-hists.root
OBJ: RooUnfoldBayes	response	Unfold Response
regularisation parameter = 10, ntoys = 50
OBJ: RooUnfoldBayes	response	Unfold Response
regularisation parameter = 10, ntoys = 50
OBJ: RooUnfoldBayes	response	Unfold Response
regularisation parameter = 10, ntoys = 50
OBJ: RooUnfoldBayes	response	Unfold Response
regularisation parameter = 10, ntoys = 50
Now unfolding...
Iteration : 0
Chi^2 of change 368.144
Iteration : 1
Chi^2 of change 146.084
Iteration : 2
Chi^2 of change 46.6643
Iteration : 3
Chi^2 of change 14.1853
Iteration : 4
Chi^2 of change 4.80281
Iteration : 5
Chi^2 of change 2.11361
Iteration : 6
Chi^2 of change 1.26999
Iteration : 7
Chi^2 of change 0.950694
Iteration : 8
Chi^2 of change 0.796409
Iteration : 9
Chi^2 of change 0.703507
Calculating covariances due to number of measured events
Now unfolding...
Iteration : 0
Chi^2 of change 321.549
Iteration : 1
Chi^2 of change 133.972
Iteration : 2
Chi^2 of change 48.6003
Iteration : 3
Chi^2 of change 16.3217
Iteration : 4
Chi^2 of change 5.57761
Iteration : 5
Chi^2 of change 2.18649
Iteration : 6
Chi^2 of change 1.09218
Iteration : 7
Chi^2 of change 0.698118
Iteration : 8
Chi^2 of change 0.52642
Iteration : 9
Chi^2 of change 0.433943
Calculating covariances due to number of measured events
Now unfolding...
Iteration : 0
Chi^2 of change 977.744
Iteration : 1
Chi^2 of change 314.327
Iteration : 2
Chi^2 of change 86.898
Iteration : 3
Chi^2 of change 29.1648
Iteration : 4
Chi^2 of change 13.7093
Iteration : 5
Chi^2 of change 8.11021
Iteration : 6
Chi^2 of change 5.40636
Iteration : 7
Chi^2 of change 3.84877
Iteration : 8
Chi^2 of change 2.85882
Iteration : 9
Chi^2 of change 2.21527
Calculating covariances due to number of measured events
Now unfolding...
Iteration : 0
Chi^2 of change 713.658
Iteration : 1
Chi^2 of change 247.295
Iteration : 2
Chi^2 of change 81.9524
Iteration : 3
Chi^2 of change 33.0839
Iteration : 4
Chi^2 of change 17.668
Iteration : 5
Chi^2 of change 11.7019
Iteration : 6
Chi^2 of change 8.76956
Iteration : 7
Chi^2 of change 7.0292
Iteration : 8
Chi^2 of change 5.86735
Iteration : 9
Chi^2 of change 5.03094
Calculating covariances due to number of measured events
Convolution with thetaX_Cobb from /home/ppe/j/jnugent/workarea/Unfolding/Cobb_results/LiH-6p5-200-B-hists.root
OBJ: RooUnfoldBayes	response	Unfold Response
regularisation parameter = 10, ntoys = 50
OBJ: RooUnfoldBayes	response	Unfold Response
regularisation parameter = 10, ntoys = 50
OBJ: RooUnfoldBayes	response	Unfold Response
regularisation parameter = 10, ntoys = 50
OBJ: RooUnfoldBayes	response	Unfold Response
regularisation parameter = 10, ntoys = 50
Now unfolding...
Iteration : 0
Chi^2 of change 373.145
Iteration : 1
Chi^2 of change 164.592
Iteration : 2
Chi^2 of change 60.1696
Iteration : 3
Chi^2 of change 21.6498
Iteration : 4
Chi^2 of change 9.09455
Iteration : 5
Chi^2 of change 4.92279
Iteration : 6
Chi^2 of change 3.30691
Iteration : 7
Chi^2 of change 2.51209
Iteration : 8
Chi^2 of change 2.02759
Iteration : 9
Chi^2 of change 1.69152
Calculating covariances due to number of measured events
Now unfolding...
Iteration : 0
Chi^2 of change 311.312
Iteration : 1
Chi^2 of change 132.866
Iteration : 2
Chi^2 of change 49.3918
Iteration : 3
Chi^2 of change 17.0511
Iteration : 4
Chi^2 of change 6.09426
Iteration : 5
Chi^2 of change 2.59056
Iteration : 6
Chi^2 of change 1.44986
Iteration : 7
Chi^2 of change 1.03287
Iteration : 8
Chi^2 of change 0.842415
Iteration : 9
Chi^2 of change 0.730169
Calculating covariances due to number of measured events
Now unfolding...
Iteration : 0
Chi^2 of change 913.396
Iteration : 1
Chi^2 of change 338.271
Iteration : 2
Chi^2 of change 98.7818
Iteration : 3
Chi^2 of change 29.1164
Iteration : 4
Chi^2 of change 11.2389
Iteration : 5
Chi^2 of change 6.08694
Iteration : 6
Chi^2 of change 4.10708
Iteration : 7
Chi^2 of change 3.07485
Iteration : 8
Chi^2 of change 2.42327
Iteration : 9
Chi^2 of change 1.96329
Calculating covariances due to number of measured events
Now unfolding...
Iteration : 0
Chi^2 of change 662.039
Iteration : 1
Chi^2 of change 254.527
Iteration : 2
Chi^2 of change 94.0175
Iteration : 3
Chi^2 of change 40.4098
Iteration : 4
Chi^2 of change 22.0292
Iteration : 5
Chi^2 of change 14.2801
Iteration : 6
Chi^2 of change 10.226
Iteration : 7
Chi^2 of change 7.82538
Iteration : 8
Chi^2 of change 6.29322
Iteration : 9
Chi^2 of change 5.24124
Calculating covariances due to number of measured events
Convolution with thetaX_Moliere from /home/ppe/j/jnugent/workarea/Unfolding/Cobb_results/LiH-6p5-200-B-hists.root
OBJ: RooUnfoldBayes	response	Unfold Response
regularisation parameter = 10, ntoys = 50
OBJ: RooUnfoldBayes	response	Unfold Response
regularisation parameter = 10, ntoys = 50
OBJ: RooUnfoldBayes	response	Unfold Response
regularisation parameter = 10, ntoys = 50
OBJ: RooUnfoldBayes	response	Unfold Response
regularisation parameter = 10, ntoys = 50
Now unfolding...
Iteration : 0
Chi^2 of change 374.339
Iteration : 1
Chi^2 of change 159.801
Iteration : 2
Chi^2 of change 55.2102
Iteration : 3
Chi^2 of change 18.2007
Iteration : 4
Chi^2 of change 6.70661
Iteration : 5
Chi^2 of change 3.13153
Iteration : 6
Chi^2 of change 1.88443
Iteration : 7
Chi^2 of change 1.35056
Iteration : 8
Chi^2 of change 1.0642
Iteration : 9
Chi^2 of change 0.88136
Calculating covariances due to number of measured events
Now unfolding...
Iteration : 0
Chi^2 of change 305.883
Iteration : 1
Chi^2 of change 134.578
Iteration : 2
Chi^2 of change 50.3995
Iteration : 3
Chi^2 of change 17.3572
Iteration : 4
Chi^2 of change 5.93003
Iteration : 5
Chi^2 of change 2.20073
Iteration : 6
Chi^2 of change 0.983865
Iteration : 7
Chi^2 of change 0.563594
Iteration : 8
Chi^2 of change 0.40092
Iteration : 9
Chi^2 of change 0.327284
Calculating covariances due to number of measured events
Now unfolding...
Iteration : 0
Chi^2 of change 1014.55
Iteration : 1
Chi^2 of change 379.647
Iteration : 2
Chi^2 of change 89.2262
Iteration : 3
Chi^2 of change 23.3729
Iteration : 4
Chi^2 of change 9.26913
Iteration : 5
Chi^2 of change 5.54808
Iteration : 6
Chi^2 of change 4.09545
Iteration : 7
Chi^2 of change 3.302
Iteration : 8
Chi^2 of change 2.76604
Iteration : 9
Chi^2 of change 2.39151
Calculating covariances due to number of measured events
Now unfolding...
Iteration : 0
Chi^2 of change 598.68
Iteration : 1
Chi^2 of change 290.785
Iteration : 2
Chi^2 of change 111.079
Iteration : 3
Chi^2 of change 47.0419
Iteration : 4
Chi^2 of change 23.0315
Iteration : 5
Chi^2 of change 13.6251
Iteration : 6
Chi^2 of change 9.42781
Iteration : 7
Chi^2 of change 7.21178
Iteration : 8
Chi^2 of change 5.87619
Iteration : 9
Chi^2 of change 4.98559
Calculating covariances due to number of measured events
