INFO: Using third party libraries from /home/ppe/j/jnugent/private/PhD_Year_1/software/MAUS-v2.9.1
MAUS web front-end directory: /home/ppe/j/jnugent/private/PhD_Year_1/software/MAUS-v2.9.1/third_party/install/lib/maus-apps-0.2
    Database directory: /home/ppe/j/jnugent/private/PhD_Year_1/software/MAUS-v2.9.1/third_party/install/lib/maus-apps-0.2/db
    Media directory: /home/ppe/j/jnugent/private/PhD_Year_1/software/MAUS-v2.9.1/third_party/install/lib/maus-apps-0.2/media
    Media directory (raw images): /home/ppe/j/jnugent/private/PhD_Year_1/software/MAUS-v2.9.1/third_party/install/lib/maus-apps-0.2/media/raw
SUCCESS: MAUS setup
Algorithm to analyse reduced MAUS root
trees for multiple scattering measurements
and to unfold the distribution

Received 2 arguements.
node type: Element, name: spec, with prop id: (null), prop name: (null), prop value: (null)
node type: Element, name: file, with prop id: outfile, prop name: LiHMu_3240_tof_lim29.4570317938_u29.6570317938.root, prop value: (null)
node type: Element, name: file, with prop id: datafile, prop name: /data/neutrino06/jnugent/v2.9.1/allLiH/reduced_tree_.root, prop value: (null)
node type: Element, name: file, with prop id: trainfile, prop name: /data/neutrino06/jnugent/v2.9.1/allZeroAbs/reduced_tree_.root, prop value: (null)
node type: Element, name: file, with prop id: modelfile, prop name: /home/ppe/j/jnugent/workarea/Unfolding/Cobb_results/LiH-6p5-200-B-hists.root, prop value: (null)
node type: Element, name: file, with prop id: trkreffiname, prop name: /home/ppe/j/jnugent/workarea/tracker_efficiency/tracker_resolution_plots_29.4570317938.root, prop value: (null)
node type: Element, name: file, with prop id: model3, prop name: Moliere, prop value: (null)
node type: Element, name: file, with prop id: model2, prop name: Cobb, prop value: (null)
node type: Element, name: file, with prop id: model1, prop name: GEANT, prop value: (null)
node type: Element, name: cuts, with prop id: (null), prop name: TOF_ll, prop value: 29.4570317938
node type: Element, name: cuts, with prop id: (null), prop name: TOF_ul, prop value: 29.6570317938
node type: Element, name: cuts, with prop id: (null), prop name: fid_rad, prop value: 140.0
node type: Element, name: cuts, with prop id: (null), prop name: fid_grad, prop value: 0.012
node type: Element, name: cuts, with prop id: (null), prop name: mode, prop value: -1
node type: Element, name: sys, with prop id: (null), prop name: niter, prop value: 10
node type: Element, name: histlimits, with prop id: (null), prop name: NbinsXY, prop value: 46
node type: Element, name: histlimits, with prop id: (null), prop name: NbinsTh, prop value: 200
node type: Element, name: histlimits, with prop id: (null), prop name: minXY, prop value: -0.06
node type: Element, name: histlimits, with prop id: (null), prop name: maxXY, prop value: 0.06
Writing outfile to LiHMu_3240_tof_lim29.4570317938_u29.6570317938.root
Reading outfilename at 
Reading data from /data/neutrino06/jnugent/v2.9.1/allLiH/reduced_tree_.root
Reading reference data from /data/neutrino06/jnugent/v2.9.1/allZeroAbs/reduced_tree_.root
Reading models from /home/ppe/j/jnugent/workarea/Unfolding/Cobb_results/LiH-6p5-200-B-hists.root
Reading models from 
Use  for propagation

TOF selection between 29.457 and 29.657
Fiducial selection contained by radius 140 with scattering 0.012

Adding systematic effect niter with value 10
Event 0
Event 100000
Event 200000
Event 300000
Event 400000
Event 500000
Event 600000
Event 700000
Event 800000
Event 900000
Event 1000000
Event 1100000
Event 1200000
Event 1300000
Event 1400000
Event 1500000
Event 1600000
Event 1700000
Event 1800000
Event 1900000
Event 2000000
Event 2100000
Event 2200000
Event 2300000
Event 2400000
Event 2500000
Event 2600000
Event 2700000
Event 2800000
Event 2900000
Event 3000000
Event 3100000
Event 3200000
Event 3300000
Event 3400000
Event 3500000
Event 3600000
Event 3700000
Event 3800000
Event 3900000
Event 4000000
Event 4100000
Event 4200000
Event 4300000
Event 4400000
Event 4500000
Event 4600000
Event 4700000
Event 4800000
Event 4900000
Event 5000000
Event 0
Event 100000
Event 200000
Event 300000
Event 400000
Event 500000
Event 600000
Event 700000
Event 800000
Event 900000
Event 1000000
Convolution with thetaX_GEANT from /home/ppe/j/jnugent/workarea/Unfolding/Cobb_results/LiH-6p5-200-B-hists.root
OBJ: RooUnfoldBayes	response	Unfold Response
regularisation parameter = 10, ntoys = 50
OBJ: RooUnfoldBayes	response	Unfold Response
regularisation parameter = 10, ntoys = 50
OBJ: RooUnfoldBayes	response	Unfold Response
regularisation parameter = 10, ntoys = 50
OBJ: RooUnfoldBayes	response	Unfold Response
regularisation parameter = 10, ntoys = 50
Now unfolding...
Iteration : 0
Chi^2 of change 86.1756
Iteration : 1
Chi^2 of change 43.948
Iteration : 2
Chi^2 of change 18.6183
Iteration : 3
Chi^2 of change 7.43293
Iteration : 4
Chi^2 of change 3.29115
Iteration : 5
Chi^2 of change 1.80369
Iteration : 6
Chi^2 of change 1.22224
Iteration : 7
Chi^2 of change 0.950237
Iteration : 8
Chi^2 of change 0.792888
Iteration : 9
Chi^2 of change 0.68498
Calculating covariances due to number of measured events
Now unfolding...
Iteration : 0
Chi^2 of change 76.0554
Iteration : 1
Chi^2 of change 39.0419
Iteration : 2
Chi^2 of change 18.3706
Iteration : 3
Chi^2 of change 7.42664
Iteration : 4
Chi^2 of change 3.24398
Iteration : 5
Chi^2 of change 1.83959
Iteration : 6
Chi^2 of change 1.2951
Iteration : 7
Chi^2 of change 1.01693
Iteration : 8
Chi^2 of change 0.833803
Iteration : 9
Chi^2 of change 0.694522
Calculating covariances due to number of measured events
Now unfolding...
Iteration : 0
Chi^2 of change 266.266
Iteration : 1
Chi^2 of change 93.8467
Iteration : 2
Chi^2 of change 28.7688
Iteration : 3
Chi^2 of change 11.1138
Iteration : 4
Chi^2 of change 5.67659
Iteration : 5
Chi^2 of change 3.58596
Iteration : 6
Chi^2 of change 2.5619
Iteration : 7
Chi^2 of change 1.98098
Iteration : 8
Chi^2 of change 1.61673
Iteration : 9
Chi^2 of change 1.36732
Calculating covariances due to number of measured events
Now unfolding...
Iteration : 0
Chi^2 of change 215.854
Iteration : 1
Chi^2 of change 65.6052
Iteration : 2
Chi^2 of change 28.3583
Iteration : 3
Chi^2 of change 14.9146
Iteration : 4
Chi^2 of change 9.22074
Iteration : 5
Chi^2 of change 6.35951
Iteration : 6
Chi^2 of change 4.69559
Iteration : 7
Chi^2 of change 3.64209
Iteration : 8
Chi^2 of change 2.92638
Iteration : 9
Chi^2 of change 2.40846
Calculating covariances due to number of measured events
Convolution with thetaX_Cobb from /home/ppe/j/jnugent/workarea/Unfolding/Cobb_results/LiH-6p5-200-B-hists.root
OBJ: RooUnfoldBayes	response	Unfold Response
regularisation parameter = 10, ntoys = 50
OBJ: RooUnfoldBayes	response	Unfold Response
regularisation parameter = 10, ntoys = 50
OBJ: RooUnfoldBayes	response	Unfold Response
regularisation parameter = 10, ntoys = 50
OBJ: RooUnfoldBayes	response	Unfold Response
regularisation parameter = 10, ntoys = 50
Now unfolding...
Iteration : 0
Chi^2 of change 82.641
Iteration : 1
Chi^2 of change 41.386
Iteration : 2
Chi^2 of change 17.8208
Iteration : 3
Chi^2 of change 7.25009
Iteration : 4
Chi^2 of change 3.203
Iteration : 5
Chi^2 of change 1.69192
Iteration : 6
Chi^2 of change 1.08692
Iteration : 7
Chi^2 of change 0.806059
Iteration : 8
Chi^2 of change 0.648727
Iteration : 9
Chi^2 of change 0.551483
Calculating covariances due to number of measured events
Now unfolding...
Iteration : 0
Chi^2 of change 100.291
Iteration : 1
Chi^2 of change 47.3388
Iteration : 2
Chi^2 of change 20.2723
Iteration : 3
Chi^2 of change 8.53228
Iteration : 4
Chi^2 of change 4.0447
Iteration : 5
Chi^2 of change 2.2946
Iteration : 6
Chi^2 of change 1.5138
Iteration : 7
Chi^2 of change 1.0933
Iteration : 8
Chi^2 of change 0.828812
Iteration : 9
Chi^2 of change 0.647219
Calculating covariances due to number of measured events
Now unfolding...
Iteration : 0
Chi^2 of change 242.668
Iteration : 1
Chi^2 of change 98.5403
Iteration : 2
Chi^2 of change 34.8229
Iteration : 3
Chi^2 of change 13.0888
Iteration : 4
Chi^2 of change 6.1364
Iteration : 5
Chi^2 of change 3.62522
Iteration : 6
Chi^2 of change 2.53449
Iteration : 7
Chi^2 of change 1.95996
Iteration : 8
Chi^2 of change 1.60273
Iteration : 9
Chi^2 of change 1.3706
Calculating covariances due to number of measured events
Now unfolding...
Iteration : 0
Chi^2 of change 189.071
Iteration : 1
Chi^2 of change 66.0941
Iteration : 2
Chi^2 of change 28.3524
Iteration : 3
Chi^2 of change 15.277
Iteration : 4
Chi^2 of change 9.72091
Iteration : 5
Chi^2 of change 6.97267
Iteration : 6
Chi^2 of change 5.39133
Iteration : 7
Chi^2 of change 4.36452
Iteration : 8
Chi^2 of change 3.6333
Iteration : 9
Chi^2 of change 3.0743
Calculating covariances due to number of measured events
Convolution with thetaX_Moliere from /home/ppe/j/jnugent/workarea/Unfolding/Cobb_results/LiH-6p5-200-B-hists.root
OBJ: RooUnfoldBayes	response	Unfold Response
regularisation parameter = 10, ntoys = 50
OBJ: RooUnfoldBayes	response	Unfold Response
regularisation parameter = 10, ntoys = 50
OBJ: RooUnfoldBayes	response	Unfold Response
regularisation parameter = 10, ntoys = 50
OBJ: RooUnfoldBayes	response	Unfold Response
regularisation parameter = 10, ntoys = 50
Now unfolding...
Iteration : 0
Chi^2 of change 83.6985
Iteration : 1
Chi^2 of change 43.7554
Iteration : 2
Chi^2 of change 18.6247
Iteration : 3
Chi^2 of change 7.18042
Iteration : 4
Chi^2 of change 2.86387
Iteration : 5
Chi^2 of change 1.35734
Iteration : 6
Chi^2 of change 0.814777
Iteration : 7
Chi^2 of change 0.597873
Iteration : 8
Chi^2 of change 0.4948
Iteration : 9
Chi^2 of change 0.433447
Calculating covariances due to number of measured events
Now unfolding...
Iteration : 0
Chi^2 of change 82.0867
Iteration : 1
Chi^2 of change 41.285
Iteration : 2
Chi^2 of change 18.4977
Iteration : 3
Chi^2 of change 7.77219
Iteration : 4
Chi^2 of change 3.2719
Iteration : 5
Chi^2 of change 1.48238
Iteration : 6
Chi^2 of change 0.774034
Iteration : 7
Chi^2 of change 0.480911
Iteration : 8
Chi^2 of change 0.348001
Iteration : 9
Chi^2 of change 0.279691
Calculating covariances due to number of measured events
Now unfolding...
Iteration : 0
Chi^2 of change 278.728
Iteration : 1
Chi^2 of change 117.945
Iteration : 2
Chi^2 of change 39.7115
Iteration : 3
Chi^2 of change 14.0393
Iteration : 4
Chi^2 of change 6.0151
Iteration : 5
Chi^2 of change 3.31508
Iteration : 6
Chi^2 of change 2.20328
Iteration : 7
Chi^2 of change 1.6202
Iteration : 8
Chi^2 of change 1.25439
Iteration : 9
Chi^2 of change 1.00187
Calculating covariances due to number of measured events
Now unfolding...
Iteration : 0
Chi^2 of change 176.062
Iteration : 1
Chi^2 of change 87.0668
Iteration : 2
Chi^2 of change 38.6713
Iteration : 3
Chi^2 of change 19.9645
Iteration : 4
Chi^2 of change 11.9993
Iteration : 5
Chi^2 of change 8.01282
Iteration : 6
Chi^2 of change 5.81919
Iteration : 7
Chi^2 of change 4.48894
Iteration : 8
Chi^2 of change 3.61317
Iteration : 9
Chi^2 of change 2.99312
Calculating covariances due to number of measured events
