INFO: Using third party libraries from /home/ppe/j/jnugent/private/PhD_Year_1/software/MAUS-v2.9.1
MAUS web front-end directory: /home/ppe/j/jnugent/private/PhD_Year_1/software/MAUS-v2.9.1/third_party/install/lib/maus-apps-0.2
    Database directory: /home/ppe/j/jnugent/private/PhD_Year_1/software/MAUS-v2.9.1/third_party/install/lib/maus-apps-0.2/db
    Media directory: /home/ppe/j/jnugent/private/PhD_Year_1/software/MAUS-v2.9.1/third_party/install/lib/maus-apps-0.2/media
    Media directory (raw images): /home/ppe/j/jnugent/private/PhD_Year_1/software/MAUS-v2.9.1/third_party/install/lib/maus-apps-0.2/media/raw
SUCCESS: MAUS setup
Algorithm to analyse reduced MAUS root
trees for multiple scattering measurements
and to unfold the distribution

Received 2 arguements.
node type: Element, name: spec, with prop id: (null), prop name: (null), prop value: (null)
node type: Element, name: file, with prop id: outfile, prop name: LiHMu_3200_tof_lim27.0059285384_u27.2059285384.root, prop value: (null)
node type: Element, name: file, with prop id: datafile, prop name: /data/neutrino06/jnugent/v2.9.1/allLiH/reduced_tree_.root, prop value: (null)
node type: Element, name: file, with prop id: trainfile, prop name: /data/neutrino06/jnugent/v2.9.1/allZeroAbs/reduced_tree_.root, prop value: (null)
node type: Element, name: file, with prop id: modelfile, prop name: /home/ppe/j/jnugent/workarea/Unfolding/Cobb_results/LiH-6p5-200-B-hists.root, prop value: (null)
node type: Element, name: file, with prop id: trkreffiname, prop name: /home/ppe/j/jnugent/workarea/tracker_efficiency/tracker_resolution_plots_27.0059285384.root, prop value: (null)
node type: Element, name: file, with prop id: model3, prop name: Moliere, prop value: (null)
node type: Element, name: file, with prop id: model2, prop name: Cobb, prop value: (null)
node type: Element, name: file, with prop id: model1, prop name: GEANT, prop value: (null)
node type: Element, name: cuts, with prop id: (null), prop name: TOF_ll, prop value: 27.0059285384
node type: Element, name: cuts, with prop id: (null), prop name: TOF_ul, prop value: 27.2059285384
node type: Element, name: cuts, with prop id: (null), prop name: fid_rad, prop value: 140.0
node type: Element, name: cuts, with prop id: (null), prop name: fid_grad, prop value: 0.012
node type: Element, name: cuts, with prop id: (null), prop name: mode, prop value: -1
node type: Element, name: sys, with prop id: (null), prop name: niter, prop value: 10
node type: Element, name: histlimits, with prop id: (null), prop name: NbinsXY, prop value: 46
node type: Element, name: histlimits, with prop id: (null), prop name: NbinsTh, prop value: 200
node type: Element, name: histlimits, with prop id: (null), prop name: minXY, prop value: -0.06
node type: Element, name: histlimits, with prop id: (null), prop name: maxXY, prop value: 0.06
Writing outfile to LiHMu_3200_tof_lim27.0059285384_u27.2059285384.root
Reading outfilename at 
Reading data from /data/neutrino06/jnugent/v2.9.1/allLiH/reduced_tree_.root
Reading reference data from /data/neutrino06/jnugent/v2.9.1/allZeroAbs/reduced_tree_.root
Reading models from /home/ppe/j/jnugent/workarea/Unfolding/Cobb_results/LiH-6p5-200-B-hists.root
Reading models from 
Use  for propagation

TOF selection between 27.0059 and 27.2059
Fiducial selection contained by radius 140 with scattering 0.012

Adding systematic effect niter with value 10
Event 0
Event 100000
Event 200000
Event 300000
Event 400000
Event 500000
Event 600000
Event 700000
Event 800000
Event 900000
Event 1000000
Event 1100000
Event 1200000
Event 1300000
Event 1400000
Event 1500000
Event 1600000
Event 1700000
Event 1800000
Event 1900000
Event 2000000
Event 2100000
Event 2200000
Event 2300000
Event 2400000
Event 2500000
Event 2600000
Event 2700000
Event 2800000
Event 2900000
Event 3000000
Event 3100000
Event 3200000
Event 3300000
Event 3400000
Event 3500000
Event 3600000
Event 3700000
Event 3800000
Event 3900000
Event 4000000
Event 4100000
Event 4200000
Event 4300000
Event 4400000
Event 4500000
Event 4600000
Event 4700000
Event 4800000
Event 4900000
Event 5000000
Event 0
Event 100000
Event 200000
Event 300000
Event 400000
Event 500000
Event 600000
Event 700000
Event 800000
Event 900000
Event 1000000
Convolution with thetaX_GEANT from /home/ppe/j/jnugent/workarea/Unfolding/Cobb_results/LiH-6p5-200-B-hists.root
OBJ: RooUnfoldBayes	response	Unfold Response
regularisation parameter = 10, ntoys = 50
OBJ: RooUnfoldBayes	response	Unfold Response
regularisation parameter = 10, ntoys = 50
OBJ: RooUnfoldBayes	response	Unfold Response
regularisation parameter = 10, ntoys = 50
OBJ: RooUnfoldBayes	response	Unfold Response
regularisation parameter = 10, ntoys = 50
Now unfolding...
Iteration : 0
Chi^2 of change 362.287
Iteration : 1
Chi^2 of change 60.0725
Iteration : 2
Chi^2 of change 14.1073
Iteration : 3
Chi^2 of change 4.43516
Iteration : 4
Chi^2 of change 1.80662
Iteration : 5
Chi^2 of change 0.907537
Iteration : 6
Chi^2 of change 0.547558
Iteration : 7
Chi^2 of change 0.388526
Iteration : 8
Chi^2 of change 0.311077
Iteration : 9
Chi^2 of change 0.267957
Calculating covariances due to number of measured events
Now unfolding...
Iteration : 0
Chi^2 of change 495.026
Iteration : 1
Chi^2 of change 85.3422
Iteration : 2
Chi^2 of change 22.1855
Iteration : 3
Chi^2 of change 8.09198
Iteration : 4
Chi^2 of change 3.93856
Iteration : 5
Chi^2 of change 2.36244
Iteration : 6
Chi^2 of change 1.63621
Iteration : 7
Chi^2 of change 1.25438
Iteration : 8
Chi^2 of change 1.03225
Iteration : 9
Chi^2 of change 0.884331
Calculating covariances due to number of measured events
Now unfolding...
Iteration : 0
Chi^2 of change 900.127
Iteration : 1
Chi^2 of change 136.891
Iteration : 2
Chi^2 of change 33.5285
Iteration : 3
Chi^2 of change 10.6944
Iteration : 4
Chi^2 of change 4.38507
Iteration : 5
Chi^2 of change 2.23022
Iteration : 6
Chi^2 of change 1.35157
Iteration : 7
Chi^2 of change 0.937247
Iteration : 8
Chi^2 of change 0.724767
Iteration : 9
Chi^2 of change 0.588924
Calculating covariances due to number of measured events
Now unfolding...
Iteration : 0
Chi^2 of change 919.227
Iteration : 1
Chi^2 of change 147.652
Iteration : 2
Chi^2 of change 40.4848
Iteration : 3
Chi^2 of change 16.5208
Iteration : 4
Chi^2 of change 9.08059
Iteration : 5
Chi^2 of change 6.08375
Iteration : 6
Chi^2 of change 4.59608
Iteration : 7
Chi^2 of change 3.74582
Iteration : 8
Chi^2 of change 3.21018
Iteration : 9
Chi^2 of change 2.82764
Calculating covariances due to number of measured events
Convolution with thetaX_Cobb from /home/ppe/j/jnugent/workarea/Unfolding/Cobb_results/LiH-6p5-200-B-hists.root
OBJ: RooUnfoldBayes	response	Unfold Response
regularisation parameter = 10, ntoys = 50
OBJ: RooUnfoldBayes	response	Unfold Response
regularisation parameter = 10, ntoys = 50
OBJ: RooUnfoldBayes	response	Unfold Response
regularisation parameter = 10, ntoys = 50
OBJ: RooUnfoldBayes	response	Unfold Response
regularisation parameter = 10, ntoys = 50
Now unfolding...
Iteration : 0
Chi^2 of change 271.804
Iteration : 1
Chi^2 of change 49.7738
Iteration : 2
Chi^2 of change 12.6217
Iteration : 3
Chi^2 of change 4.29718
Iteration : 4
Chi^2 of change 1.87816
Iteration : 5
Chi^2 of change 0.981852
Iteration : 6
Chi^2 of change 0.588888
Iteration : 7
Chi^2 of change 0.398277
Iteration : 8
Chi^2 of change 0.298274
Iteration : 9
Chi^2 of change 0.241259
Calculating covariances due to number of measured events
Now unfolding...
Iteration : 0
Chi^2 of change 443.931
Iteration : 1
Chi^2 of change 76.0739
Iteration : 2
Chi^2 of change 20.0476
Iteration : 3
Chi^2 of change 7.15845
Iteration : 4
Chi^2 of change 3.1706
Iteration : 5
Chi^2 of change 1.66541
Iteration : 6
Chi^2 of change 1.02948
Iteration : 7
Chi^2 of change 0.734784
Iteration : 8
Chi^2 of change 0.581958
Iteration : 9
Chi^2 of change 0.491579
Calculating covariances due to number of measured events
Now unfolding...
Iteration : 0
Chi^2 of change 697.426
Iteration : 1
Chi^2 of change 122.647
Iteration : 2
Chi^2 of change 32.2044
Iteration : 3
Chi^2 of change 9.75031
Iteration : 4
Chi^2 of change 3.96265
Iteration : 5
Chi^2 of change 2.15142
Iteration : 6
Chi^2 of change 1.45645
Iteration : 7
Chi^2 of change 1.12639
Iteration : 8
Chi^2 of change 0.936677
Iteration : 9
Chi^2 of change 0.810644
Calculating covariances due to number of measured events
Now unfolding...
Iteration : 0
Chi^2 of change 743.519
Iteration : 1
Chi^2 of change 121.708
Iteration : 2
Chi^2 of change 36.617
Iteration : 3
Chi^2 of change 16.9898
Iteration : 4
Chi^2 of change 10.2769
Iteration : 5
Chi^2 of change 7.02651
Iteration : 6
Chi^2 of change 5.19407
Iteration : 7
Chi^2 of change 4.15503
Iteration : 8
Chi^2 of change 3.52056
Iteration : 9
Chi^2 of change 3.08326
Calculating covariances due to number of measured events
Convolution with thetaX_Moliere from /home/ppe/j/jnugent/workarea/Unfolding/Cobb_results/LiH-6p5-200-B-hists.root
OBJ: RooUnfoldBayes	response	Unfold Response
regularisation parameter = 10, ntoys = 50
OBJ: RooUnfoldBayes	response	Unfold Response
regularisation parameter = 10, ntoys = 50
OBJ: RooUnfoldBayes	response	Unfold Response
regularisation parameter = 10, ntoys = 50
OBJ: RooUnfoldBayes	response	Unfold Response
regularisation parameter = 10, ntoys = 50
Now unfolding...
Iteration : 0
Chi^2 of change 320.048
Iteration : 1
Chi^2 of change 56.5042
Iteration : 2
Chi^2 of change 13.5947
Iteration : 3
Chi^2 of change 4.25075
Iteration : 4
Chi^2 of change 1.67383
Iteration : 5
Chi^2 of change 0.781938
Iteration : 6
Chi^2 of change 0.418797
Iteration : 7
Chi^2 of change 0.257414
Iteration : 8
Chi^2 of change 0.181389
Iteration : 9
Chi^2 of change 0.142908
Calculating covariances due to number of measured events
Now unfolding...
Iteration : 0
Chi^2 of change 477.203
Iteration : 1
Chi^2 of change 81.4229
Iteration : 2
Chi^2 of change 20.844
Iteration : 3
Chi^2 of change 7.04141
Iteration : 4
Chi^2 of change 2.90741
Iteration : 5
Chi^2 of change 1.41899
Iteration : 6
Chi^2 of change 0.819843
Iteration : 7
Chi^2 of change 0.555375
Iteration : 8
Chi^2 of change 0.424967
Iteration : 9
Chi^2 of change 0.351448
Calculating covariances due to number of measured events
Now unfolding...
Iteration : 0
Chi^2 of change 747.505
Iteration : 1
Chi^2 of change 141.34
Iteration : 2
Chi^2 of change 38.2699
Iteration : 3
Chi^2 of change 12.005
Iteration : 4
Chi^2 of change 5.04638
Iteration : 5
Chi^2 of change 2.85179
Iteration : 6
Chi^2 of change 1.94519
Iteration : 7
Chi^2 of change 1.47035
Iteration : 8
Chi^2 of change 1.17532
Iteration : 9
Chi^2 of change 0.971139
Calculating covariances due to number of measured events
Now unfolding...
Iteration : 0
Chi^2 of change 741.96
Iteration : 1
Chi^2 of change 135.543
Iteration : 2
Chi^2 of change 40.9088
Iteration : 3
Chi^2 of change 17.9006
Iteration : 4
Chi^2 of change 9.88891
Iteration : 5
Chi^2 of change 6.52339
Iteration : 6
Chi^2 of change 4.84858
Iteration : 7
Chi^2 of change 3.79404
Iteration : 8
Chi^2 of change 3.0389
Iteration : 9
Chi^2 of change 2.51387
Calculating covariances due to number of measured events
