INFO: Using third party libraries from /home/ppe/j/jnugent/private/PhD_Year_1/software/MAUS-v2.9.1
MAUS web front-end directory: /home/ppe/j/jnugent/private/PhD_Year_1/software/MAUS-v2.9.1/third_party/install/lib/maus-apps-0.2
    Database directory: /home/ppe/j/jnugent/private/PhD_Year_1/software/MAUS-v2.9.1/third_party/install/lib/maus-apps-0.2/db
    Media directory: /home/ppe/j/jnugent/private/PhD_Year_1/software/MAUS-v2.9.1/third_party/install/lib/maus-apps-0.2/media
    Media directory (raw images): /home/ppe/j/jnugent/private/PhD_Year_1/software/MAUS-v2.9.1/third_party/install/lib/maus-apps-0.2/media/raw
SUCCESS: MAUS setup
Algorithm to analyse reduced MAUS root
trees for multiple scattering measurements
and to unfold the distribution

Received 2 arguements.
node type: Element, name: spec, with prop id: (null), prop name: (null), prop value: (null)
node type: Element, name: file, with prop id: outfile, prop name: LiHMu_3172_tof_lim29.7374090796_u29.9374090796.root, prop value: (null)
node type: Element, name: file, with prop id: datafile, prop name: /data/neutrino06/jnugent/v2.9.1/allLiH/reduced_tree_.root, prop value: (null)
node type: Element, name: file, with prop id: trainfile, prop name: /data/neutrino06/jnugent/v2.9.1/allZeroAbs/reduced_tree_.root, prop value: (null)
node type: Element, name: file, with prop id: modelfile, prop name: /home/ppe/j/jnugent/workarea/Unfolding/Cobb_results/LiH-6p5-200-B-hists.root, prop value: (null)
node type: Element, name: file, with prop id: trkreffiname, prop name: /home/ppe/j/jnugent/workarea/tracker_efficiency/tracker_resolution_plots_29.7374090796.root, prop value: (null)
node type: Element, name: file, with prop id: model3, prop name: Moliere, prop value: (null)
node type: Element, name: file, with prop id: model2, prop name: Cobb, prop value: (null)
node type: Element, name: file, with prop id: model1, prop name: GEANT, prop value: (null)
node type: Element, name: cuts, with prop id: (null), prop name: TOF_ll, prop value: 29.7374090796
node type: Element, name: cuts, with prop id: (null), prop name: TOF_ul, prop value: 29.9374090796
node type: Element, name: cuts, with prop id: (null), prop name: fid_rad, prop value: 140.0
node type: Element, name: cuts, with prop id: (null), prop name: fid_grad, prop value: 0.012
node type: Element, name: cuts, with prop id: (null), prop name: mode, prop value: -1
node type: Element, name: sys, with prop id: (null), prop name: niter, prop value: 10
node type: Element, name: histlimits, with prop id: (null), prop name: NbinsXY, prop value: 46
node type: Element, name: histlimits, with prop id: (null), prop name: NbinsTh, prop value: 200
node type: Element, name: histlimits, with prop id: (null), prop name: minXY, prop value: -0.06
node type: Element, name: histlimits, with prop id: (null), prop name: maxXY, prop value: 0.06
Writing outfile to LiHMu_3172_tof_lim29.7374090796_u29.9374090796.root
Reading outfilename at 
Reading data from /data/neutrino06/jnugent/v2.9.1/allLiH/reduced_tree_.root
Reading reference data from /data/neutrino06/jnugent/v2.9.1/allZeroAbs/reduced_tree_.root
Reading models from /home/ppe/j/jnugent/workarea/Unfolding/Cobb_results/LiH-6p5-200-B-hists.root
Reading models from 
Use  for propagation

TOF selection between 29.7374 and 29.9374
Fiducial selection contained by radius 140 with scattering 0.012

Adding systematic effect niter with value 10
Event 0
Event 100000
Event 200000
Event 300000
Event 400000
Event 500000
Event 600000
Event 700000
Event 800000
Event 900000
Event 1000000
Event 1100000
Event 1200000
Event 1300000
Event 1400000
Event 1500000
Event 1600000
Event 1700000
Event 1800000
Event 1900000
Event 2000000
Event 2100000
Event 2200000
Event 2300000
Event 2400000
Event 2500000
Event 2600000
Event 2700000
Event 2800000
Event 2900000
Event 3000000
Event 3100000
Event 3200000
Event 3300000
Event 3400000
Event 3500000
Event 3600000
Event 3700000
Event 3800000
Event 3900000
Event 4000000
Event 4100000
Event 4200000
Event 4300000
Event 4400000
Event 4500000
Event 4600000
Event 4700000
Event 4800000
Event 4900000
Event 5000000
Event 0
Event 100000
Event 200000
Event 300000
Event 400000
Event 500000
Event 600000
Event 700000
Event 800000
Event 900000
Event 1000000
Convolution with thetaX_GEANT from /home/ppe/j/jnugent/workarea/Unfolding/Cobb_results/LiH-6p5-200-B-hists.root
OBJ: RooUnfoldBayes	response	Unfold Response
regularisation parameter = 10, ntoys = 50
OBJ: RooUnfoldBayes	response	Unfold Response
regularisation parameter = 10, ntoys = 50
OBJ: RooUnfoldBayes	response	Unfold Response
regularisation parameter = 10, ntoys = 50
OBJ: RooUnfoldBayes	response	Unfold Response
regularisation parameter = 10, ntoys = 50
Now unfolding...
Iteration : 0
Chi^2 of change 25.6097
Iteration : 1
Chi^2 of change 10.4871
Iteration : 2
Chi^2 of change 5.04931
Iteration : 3
Chi^2 of change 2.87902
Iteration : 4
Chi^2 of change 1.69758
Iteration : 5
Chi^2 of change 1.02741
Iteration : 6
Chi^2 of change 0.66902
Iteration : 7
Chi^2 of change 0.482743
Iteration : 8
Chi^2 of change 0.382361
Iteration : 9
Chi^2 of change 0.322812
Calculating covariances due to number of measured events
Now unfolding...
Iteration : 0
Chi^2 of change 22.0991
Iteration : 1
Chi^2 of change 10.3118
Iteration : 2
Chi^2 of change 4.60342
Iteration : 3
Chi^2 of change 2.4381
Iteration : 4
Chi^2 of change 1.61872
Iteration : 5
Chi^2 of change 1.21584
Iteration : 6
Chi^2 of change 0.970461
Iteration : 7
Chi^2 of change 0.799266
Iteration : 8
Chi^2 of change 0.675399
Iteration : 9
Chi^2 of change 0.581113
Calculating covariances due to number of measured events
Now unfolding...
Iteration : 0
Chi^2 of change 70.2046
Iteration : 1
Chi^2 of change 14.3039
Iteration : 2
Chi^2 of change 6.34064
Iteration : 3
Chi^2 of change 3.42641
Iteration : 4
Chi^2 of change 2.13261
Iteration : 5
Chi^2 of change 1.51367
Iteration : 6
Chi^2 of change 1.17691
Iteration : 7
Chi^2 of change 0.963881
Iteration : 8
Chi^2 of change 0.804968
Iteration : 9
Chi^2 of change 0.687585
Calculating covariances due to number of measured events
Now unfolding...
Iteration : 0
Chi^2 of change 64.5902
Iteration : 1
Chi^2 of change 12.3584
Iteration : 2
Chi^2 of change 6.44467
Iteration : 3
Chi^2 of change 3.85196
Iteration : 4
Chi^2 of change 2.48398
Iteration : 5
Chi^2 of change 1.73784
Iteration : 6
Chi^2 of change 1.29588
Iteration : 7
Chi^2 of change 1.00458
Iteration : 8
Chi^2 of change 0.801823
Iteration : 9
Chi^2 of change 0.648449
Calculating covariances due to number of measured events
Convolution with thetaX_Cobb from /home/ppe/j/jnugent/workarea/Unfolding/Cobb_results/LiH-6p5-200-B-hists.root
OBJ: RooUnfoldBayes	response	Unfold Response
regularisation parameter = 10, ntoys = 50
OBJ: RooUnfoldBayes	response	Unfold Response
regularisation parameter = 10, ntoys = 50
OBJ: RooUnfoldBayes	response	Unfold Response
regularisation parameter = 10, ntoys = 50
OBJ: RooUnfoldBayes	response	Unfold Response
regularisation parameter = 10, ntoys = 50
Now unfolding...
Iteration : 0
Chi^2 of change 25.3772
Iteration : 1
Chi^2 of change 10.0351
Iteration : 2
Chi^2 of change 5.51298
Iteration : 3
Chi^2 of change 2.93482
Iteration : 4
Chi^2 of change 1.44454
Iteration : 5
Chi^2 of change 0.81461
Iteration : 6
Chi^2 of change 0.579961
Iteration : 7
Chi^2 of change 0.47864
Iteration : 8
Chi^2 of change 0.41968
Iteration : 9
Chi^2 of change 0.376311
Calculating covariances due to number of measured events
Now unfolding...
Iteration : 0
Chi^2 of change 35.1563
Iteration : 1
Chi^2 of change 12.4453
Iteration : 2
Chi^2 of change 4.46851
Iteration : 3
Chi^2 of change 1.83209
Iteration : 4
Chi^2 of change 0.95557
Iteration : 5
Chi^2 of change 0.607294
Iteration : 6
Chi^2 of change 0.447937
Iteration : 7
Chi^2 of change 0.359815
Iteration : 8
Chi^2 of change 0.302874
Iteration : 9
Chi^2 of change 0.258695
Calculating covariances due to number of measured events
Now unfolding...
Iteration : 0
Chi^2 of change 55.1863
Iteration : 1
Chi^2 of change 19.3716
Iteration : 2
Chi^2 of change 7.36562
Iteration : 3
Chi^2 of change 3.66399
Iteration : 4
Chi^2 of change 2.12373
Iteration : 5
Chi^2 of change 1.35616
Iteration : 6
Chi^2 of change 0.946687
Iteration : 7
Chi^2 of change 0.713264
Iteration : 8
Chi^2 of change 0.568345
Iteration : 9
Chi^2 of change 0.471229
Calculating covariances due to number of measured events
Now unfolding...
Iteration : 0
Chi^2 of change 82.6991
Iteration : 1
Chi^2 of change 13.8587
Iteration : 2
Chi^2 of change 6.74536
Iteration : 3
Chi^2 of change 4.07322
Iteration : 4
Chi^2 of change 2.73336
Iteration : 5
Chi^2 of change 1.91756
Iteration : 6
Chi^2 of change 1.40479
Iteration : 7
Chi^2 of change 1.06479
Iteration : 8
Chi^2 of change 0.82841
Iteration : 9
Chi^2 of change 0.661523
Calculating covariances due to number of measured events
Convolution with thetaX_Moliere from /home/ppe/j/jnugent/workarea/Unfolding/Cobb_results/LiH-6p5-200-B-hists.root
OBJ: RooUnfoldBayes	response	Unfold Response
regularisation parameter = 10, ntoys = 50
OBJ: RooUnfoldBayes	response	Unfold Response
regularisation parameter = 10, ntoys = 50
OBJ: RooUnfoldBayes	response	Unfold Response
regularisation parameter = 10, ntoys = 50
OBJ: RooUnfoldBayes	response	Unfold Response
regularisation parameter = 10, ntoys = 50
Now unfolding...
Iteration : 0
Chi^2 of change 21.2728
Iteration : 1
Chi^2 of change 12.4895
Iteration : 2
Chi^2 of change 5.25669
Iteration : 3
Chi^2 of change 2.46313
Iteration : 4
Chi^2 of change 1.45546
Iteration : 5
Chi^2 of change 1.01645
Iteration : 6
Chi^2 of change 0.775908
Iteration : 7
Chi^2 of change 0.617644
Iteration : 8
Chi^2 of change 0.502063
Iteration : 9
Chi^2 of change 0.41379
Calculating covariances due to number of measured events
Now unfolding...
Iteration : 0
Chi^2 of change 24.1739
Iteration : 1
Chi^2 of change 11.5547
Iteration : 2
Chi^2 of change 4.78922
Iteration : 3
Chi^2 of change 2.32039
Iteration : 4
Chi^2 of change 1.44219
Iteration : 5
Chi^2 of change 1.05853
Iteration : 6
Chi^2 of change 0.847923
Iteration : 7
Chi^2 of change 0.706686
Iteration : 8
Chi^2 of change 0.598873
Iteration : 9
Chi^2 of change 0.514266
Calculating covariances due to number of measured events
Now unfolding...
Iteration : 0
Chi^2 of change 79.3506
Iteration : 1
Chi^2 of change 30.2557
Iteration : 2
Chi^2 of change 7.95068
Iteration : 3
Chi^2 of change 2.64092
Iteration : 4
Chi^2 of change 1.28601
Iteration : 5
Chi^2 of change 0.809637
Iteration : 6
Chi^2 of change 0.59543
Iteration : 7
Chi^2 of change 0.481709
Iteration : 8
Chi^2 of change 0.413031
Iteration : 9
Chi^2 of change 0.364108
Calculating covariances due to number of measured events
Now unfolding...
Iteration : 0
Chi^2 of change 56.6568
Iteration : 1
Chi^2 of change 18.8284
Iteration : 2
Chi^2 of change 9.56586
Iteration : 3
Chi^2 of change 6.2156
Iteration : 4
Chi^2 of change 4.44843
Iteration : 5
Chi^2 of change 3.31879
Iteration : 6
Chi^2 of change 2.58424
Iteration : 7
Chi^2 of change 2.06429
Iteration : 8
Chi^2 of change 1.66017
Iteration : 9
Chi^2 of change 1.34316
Calculating covariances due to number of measured events
