000 (39263.000.000) 2021-07-21 05:48:37 Job submitted from host: <194.36.1.200:9618?addrs=194.36.1.200-9618&alias=hex.ppe.gla.ac.uk&noUDP&sock=schedd_1401_8c46>
...
040 (39263.000.000) 2021-07-21 05:48:53 Started transferring input files
	Transferring to host: <192.168.16.104:9618?addrs=192.168.16.104-9618&alias=condor-h16-04.ppe.cluster&noUDP&sock=slot1_4_11689_b534_341>
...
040 (39263.000.000) 2021-07-21 05:48:53 Finished transferring input files
...
001 (39263.000.000) 2021-07-21 05:48:54 Job executing on host: <192.168.16.104:9618?addrs=192.168.16.104-9618&alias=condor-h16-04.ppe.cluster&noUDP&sock=startd_20625_9ceb>
...
006 (39263.000.000) 2021-07-21 05:49:02 Image size of job updated: 180556
	176  -  MemoryUsage of job (MB)
	179560  -  ResidentSetSize of job (KB)
...
006 (39263.000.000) 2021-07-21 05:54:02 Image size of job updated: 1598956
	870  -  MemoryUsage of job (MB)
	890696  -  ResidentSetSize of job (KB)
...
006 (39263.000.000) 2021-07-21 05:59:03 Image size of job updated: 2686532
	1545  -  MemoryUsage of job (MB)
	1582052  -  ResidentSetSize of job (KB)
...
006 (39263.000.000) 2021-07-21 06:04:04 Image size of job updated: 3777512
	2197  -  MemoryUsage of job (MB)
	2248916  -  ResidentSetSize of job (KB)
...
006 (39263.000.000) 2021-07-21 06:09:04 Image size of job updated: 3782464
	2819  -  MemoryUsage of job (MB)
	2886320  -  ResidentSetSize of job (KB)
...
006 (39263.000.000) 2021-07-21 06:14:04 Image size of job updated: 4868884
	3402  -  MemoryUsage of job (MB)
	3482740  -  ResidentSetSize of job (KB)
...
006 (39263.000.000) 2021-07-21 06:19:05 Image size of job updated: 8116684
	3948  -  MemoryUsage of job (MB)
	4042272  -  ResidentSetSize of job (KB)
...
006 (39263.000.000) 2021-07-21 06:24:06 Image size of job updated: 8116684
	3948  -  MemoryUsage of job (MB)
	4042276  -  ResidentSetSize of job (KB)
...
040 (39263.000.000) 2021-07-21 06:33:21 Started transferring output files
...
040 (39263.000.000) 2021-07-21 06:33:21 Finished transferring output files
...
005 (39263.000.000) 2021-07-21 06:33:21 Job terminated.
	(1) Normal termination (return value 1)
		Usr 0 00:43:32, Sys 0 00:00:36  -  Run Remote Usage
		Usr 0 00:00:00, Sys 0 00:00:00  -  Run Local Usage
		Usr 0 00:43:32, Sys 0 00:00:36  -  Total Remote Usage
		Usr 0 00:00:00, Sys 0 00:00:00  -  Total Local Usage
	40752  -  Run Bytes Sent By Job
	223  -  Run Bytes Received By Job
	40752  -  Total Bytes Sent By Job
	223  -  Total Bytes Received By Job
	Partitionable Resources :    Usage  Request Allocated 
	   Cpus                 :     1.00        1         1 
	   Disk (KB)            :    55           1    861476 
	   Memory (MB)          :  3948        6144      6144 

	Job terminated of its own accord at 2021-07-21T05:33:21Z.
...
000 (39700.000.000) 2021-07-23 02:55:56 Job submitted from host: <194.36.1.200:9618?addrs=194.36.1.200-9618&alias=hex.ppe.gla.ac.uk&noUDP&sock=schedd_1401_8c46>
...
040 (39700.000.000) 2021-07-23 02:56:13 Started transferring input files
	Transferring to host: <192.168.16.114:9618?addrs=192.168.16.114-9618&alias=condor-d19-04.ppe.cluster&noUDP&sock=slot1_3_3775_9433_708>
...
040 (39700.000.000) 2021-07-23 02:56:13 Finished transferring input files
...
001 (39700.000.000) 2021-07-23 02:56:14 Job executing on host: <192.168.16.114:9618?addrs=192.168.16.114-9618&alias=condor-d19-04.ppe.cluster&noUDP&sock=startd_2633_98f3>
...
006 (39700.000.000) 2021-07-23 02:56:22 Image size of job updated: 191504
	185  -  MemoryUsage of job (MB)
	189348  -  ResidentSetSize of job (KB)
...
006 (39700.000.000) 2021-07-23 03:01:22 Image size of job updated: 1600740
	1064  -  MemoryUsage of job (MB)
	1089532  -  ResidentSetSize of job (KB)
...
006 (39700.000.000) 2021-07-23 03:06:22 Image size of job updated: 2692424
	1921  -  MemoryUsage of job (MB)
	1966248  -  ResidentSetSize of job (KB)
...
006 (39700.000.000) 2021-07-23 03:11:23 Image size of job updated: 3782008
	2747  -  MemoryUsage of job (MB)
	2812600  -  ResidentSetSize of job (KB)
...
006 (39700.000.000) 2021-07-23 03:16:23 Image size of job updated: 4869952
	3502  -  MemoryUsage of job (MB)
	3585540  -  ResidentSetSize of job (KB)
...
006 (39700.000.000) 2021-07-23 03:21:23 Image size of job updated: 8116708
	4204  -  MemoryUsage of job (MB)
	4304360  -  ResidentSetSize of job (KB)
...
040 (39700.000.000) 2021-07-23 03:30:24 Started transferring output files
...
040 (39700.000.000) 2021-07-23 03:30:24 Finished transferring output files
...
005 (39700.000.000) 2021-07-23 03:30:24 Job terminated.
	(1) Normal termination (return value 1)
		Usr 0 00:32:56, Sys 0 00:00:13  -  Run Remote Usage
		Usr 0 00:00:00, Sys 0 00:00:00  -  Run Local Usage
		Usr 0 00:32:56, Sys 0 00:00:13  -  Total Remote Usage
		Usr 0 00:00:00, Sys 0 00:00:00  -  Total Local Usage
	40773  -  Run Bytes Sent By Job
	223  -  Run Bytes Received By Job
	40773  -  Total Bytes Sent By Job
	223  -  Total Bytes Received By Job
	Partitionable Resources :    Usage  Request Allocated 
	   Cpus                 :     0.98        1         1 
	   Disk (KB)            :    55           1   3637421 
	   Memory (MB)          :  4204        6144      6144 

	Job terminated of its own accord at 2021-07-23T02:30:24Z.
...
000 (40102.000.000) 2021-07-25 13:05:28 Job submitted from host: <194.36.1.200:9618?addrs=194.36.1.200-9618&alias=hex.ppe.gla.ac.uk&noUDP&sock=schedd_1401_8c46>
...
040 (40102.000.000) 2021-07-25 13:05:31 Started transferring input files
	Transferring to host: <192.168.16.121:9618?addrs=192.168.16.121-9618&alias=condor-d20-01.ppe.cluster&noUDP&sock=slot1_3_40472_ef67_931>
...
040 (40102.000.000) 2021-07-25 13:05:31 Finished transferring input files
...
001 (40102.000.000) 2021-07-25 13:05:32 Job executing on host: <192.168.16.121:9618?addrs=192.168.16.121-9618&alias=condor-d20-01.ppe.cluster&noUDP&sock=startd_40545_137a>
...
006 (40102.000.000) 2021-07-25 13:05:41 Image size of job updated: 193152
	185  -  MemoryUsage of job (MB)
	188756  -  ResidentSetSize of job (KB)
...
006 (40102.000.000) 2021-07-25 13:10:42 Image size of job updated: 1600720
	1073  -  MemoryUsage of job (MB)
	1097848  -  ResidentSetSize of job (KB)
...
006 (40102.000.000) 2021-07-25 13:15:43 Image size of job updated: 2692404
	1924  -  MemoryUsage of job (MB)
	1969468  -  ResidentSetSize of job (KB)
...
006 (40102.000.000) 2021-07-25 13:20:43 Image size of job updated: 3781992
	2734  -  MemoryUsage of job (MB)
	2798960  -  ResidentSetSize of job (KB)
...
006 (40102.000.000) 2021-07-25 13:25:44 Image size of job updated: 4869936
	3483  -  MemoryUsage of job (MB)
	3565704  -  ResidentSetSize of job (KB)
...
006 (40102.000.000) 2021-07-25 13:30:45 Image size of job updated: 7041276
	4179  -  MemoryUsage of job (MB)
	4278860  -  ResidentSetSize of job (KB)
...
006 (40102.000.000) 2021-07-25 13:35:45 Image size of job updated: 7254716
	4179  -  MemoryUsage of job (MB)
	4278860  -  ResidentSetSize of job (KB)
...
040 (40102.000.000) 2021-07-25 13:41:43 Started transferring output files
...
040 (40102.000.000) 2021-07-25 13:41:43 Finished transferring output files
...
005 (40102.000.000) 2021-07-25 13:41:43 Job terminated.
	(1) Normal termination (return value 0)
		Usr 0 00:35:37, Sys 0 00:00:09  -  Run Remote Usage
		Usr 0 00:00:00, Sys 0 00:00:00  -  Run Local Usage
		Usr 0 00:35:37, Sys 0 00:00:09  -  Total Remote Usage
		Usr 0 00:00:00, Sys 0 00:00:00  -  Total Local Usage
	488905  -  Run Bytes Sent By Job
	223  -  Run Bytes Received By Job
	488905  -  Total Bytes Sent By Job
	223  -  Total Bytes Received By Job
	Partitionable Resources :    Usage  Request Allocated 
	   Cpus                 :     1.00        1         1 
	   Disk (KB)            :   493           1   3637421 
	   Memory (MB)          :  4179        6144      6144 

	Job terminated of its own accord at 2021-07-25T12:41:43Z.
...
000 (41216.000.000) 2021-07-29 12:42:51 Job submitted from host: <194.36.1.200:9618?addrs=194.36.1.200-9618&alias=hex.ppe.gla.ac.uk&noUDP&sock=schedd_1401_8c46>
...
040 (41216.000.000) 2021-07-29 12:43:01 Started transferring input files
	Transferring to host: <192.168.16.113:9618?addrs=192.168.16.113-9618&alias=condor-d19-03.ppe.cluster&noUDP&sock=slot1_3_27242_340d_53>
...
040 (41216.000.000) 2021-07-29 12:43:01 Finished transferring input files
...
001 (41216.000.000) 2021-07-29 12:43:02 Job executing on host: <192.168.16.113:9618?addrs=192.168.16.113-9618&alias=condor-d19-03.ppe.cluster&noUDP&sock=startd_2634_488c>
...
006 (41216.000.000) 2021-07-29 12:43:11 Image size of job updated: 208604
	198  -  MemoryUsage of job (MB)
	202672  -  ResidentSetSize of job (KB)
...
006 (41216.000.000) 2021-07-29 12:43:34 Image size of job updated: 612116
	198  -  MemoryUsage of job (MB)
	202672  -  ResidentSetSize of job (KB)
...
040 (41216.000.000) 2021-07-29 12:43:34 Started transferring output files
...
040 (41216.000.000) 2021-07-29 12:43:34 Finished transferring output files
...
005 (41216.000.000) 2021-07-29 12:43:34 Job terminated.
	(1) Normal termination (return value 134)
		Usr 0 00:00:29, Sys 0 00:00:01  -  Run Remote Usage
		Usr 0 00:00:00, Sys 0 00:00:00  -  Run Local Usage
		Usr 0 00:00:29, Sys 0 00:00:01  -  Total Remote Usage
		Usr 0 00:00:00, Sys 0 00:00:00  -  Total Local Usage
	10530  -  Run Bytes Sent By Job
	223  -  Run Bytes Received By Job
	10530  -  Total Bytes Sent By Job
	223  -  Total Bytes Received By Job
	Partitionable Resources :    Usage  Request Allocated 
	   Cpus                 :     0.01        1         1 
	   Disk (KB)            :    25           1   3637421 
	   Memory (MB)          :   198        6144      6144 

	Job terminated of its own accord at 2021-07-29T11:43:34Z.
...
000 (41317.000.000) 2021-07-29 14:39:30 Job submitted from host: <194.36.1.200:9618?addrs=194.36.1.200-9618&alias=hex.ppe.gla.ac.uk&noUDP&sock=schedd_1401_8c46>
...
040 (41317.000.000) 2021-07-29 14:39:47 Started transferring input files
	Transferring to host: <192.168.16.104:9618?addrs=192.168.16.104-9618&alias=condor-h16-04.ppe.cluster&noUDP&sock=slot1_4_993_6881_55>
...
040 (41317.000.000) 2021-07-29 14:39:47 Finished transferring input files
...
001 (41317.000.000) 2021-07-29 14:39:48 Job executing on host: <192.168.16.104:9618?addrs=192.168.16.104-9618&alias=condor-h16-04.ppe.cluster&noUDP&sock=startd_20625_9ceb>
...
006 (41317.000.000) 2021-07-29 14:39:56 Image size of job updated: 319020
	182  -  MemoryUsage of job (MB)
	186312  -  ResidentSetSize of job (KB)
...
006 (41317.000.000) 2021-07-29 14:42:07 Image size of job updated: 824988
	182  -  MemoryUsage of job (MB)
	186312  -  ResidentSetSize of job (KB)
...
040 (41317.000.000) 2021-07-29 14:42:07 Started transferring output files
...
040 (41317.000.000) 2021-07-29 14:42:07 Finished transferring output files
...
005 (41317.000.000) 2021-07-29 14:42:07 Job terminated.
	(1) Normal termination (return value 0)
		Usr 0 00:02:16, Sys 0 00:00:01  -  Run Remote Usage
		Usr 0 00:00:00, Sys 0 00:00:00  -  Run Local Usage
		Usr 0 00:02:16, Sys 0 00:00:01  -  Total Remote Usage
		Usr 0 00:00:00, Sys 0 00:00:00  -  Total Local Usage
	485134  -  Run Bytes Sent By Job
	223  -  Run Bytes Received By Job
	485134  -  Total Bytes Sent By Job
	223  -  Total Bytes Received By Job
	Partitionable Resources :    Usage  Request Allocated 
	   Cpus                 :     0.09        1         1 
	   Disk (KB)            :   489           1    861476 
	   Memory (MB)          :   182        6144      6144 

	Job terminated of its own accord at 2021-07-29T13:42:07Z.
...
000 (41553.000.000) 2021-07-31 00:37:49 Job submitted from host: <194.36.1.200:9618?addrs=194.36.1.200-9618&alias=hex.ppe.gla.ac.uk&noUDP&sock=schedd_1401_8c46>
...
040 (41553.000.000) 2021-07-31 00:38:07 Started transferring input files
	Transferring to host: <192.168.16.113:9618?addrs=192.168.16.113-9618&alias=condor-d19-03.ppe.cluster&noUDP&sock=slot1_3_39582_d983_30>
...
040 (41553.000.000) 2021-07-31 00:38:07 Finished transferring input files
...
001 (41553.000.000) 2021-07-31 00:38:08 Job executing on host: <192.168.16.113:9618?addrs=192.168.16.113-9618&alias=condor-d19-03.ppe.cluster&noUDP&sock=startd_2634_488c>
...
006 (41553.000.000) 2021-07-31 00:38:16 Image size of job updated: 194216
	180  -  MemoryUsage of job (MB)
	183628  -  ResidentSetSize of job (KB)
...
006 (41553.000.000) 2021-07-31 00:43:16 Image size of job updated: 1600824
	1064  -  MemoryUsage of job (MB)
	1089024  -  ResidentSetSize of job (KB)
...
006 (41553.000.000) 2021-07-31 00:48:17 Image size of job updated: 2692440
	1919  -  MemoryUsage of job (MB)
	1964684  -  ResidentSetSize of job (KB)
...
006 (41553.000.000) 2021-07-31 00:53:18 Image size of job updated: 3782028
	2735  -  MemoryUsage of job (MB)
	2799868  -  ResidentSetSize of job (KB)
...
006 (41553.000.000) 2021-07-31 00:58:18 Image size of job updated: 4869968
	3491  -  MemoryUsage of job (MB)
	3573928  -  ResidentSetSize of job (KB)
...
006 (41553.000.000) 2021-07-31 01:03:18 Image size of job updated: 7041124
	4191  -  MemoryUsage of job (MB)
	4290872  -  ResidentSetSize of job (KB)
...
006 (41553.000.000) 2021-07-31 01:08:19 Image size of job updated: 7251676
	4191  -  MemoryUsage of job (MB)
	4290880  -  ResidentSetSize of job (KB)
...
040 (41553.000.000) 2021-07-31 01:14:03 Started transferring output files
...
040 (41553.000.000) 2021-07-31 01:14:03 Finished transferring output files
...
005 (41553.000.000) 2021-07-31 01:14:03 Job terminated.
	(1) Normal termination (return value 0)
		Usr 0 00:35:03, Sys 0 00:00:15  -  Run Remote Usage
		Usr 0 00:00:00, Sys 0 00:00:00  -  Run Local Usage
		Usr 0 00:35:03, Sys 0 00:00:15  -  Total Remote Usage
		Usr 0 00:00:00, Sys 0 00:00:00  -  Total Local Usage
	487167  -  Run Bytes Sent By Job
	223  -  Run Bytes Received By Job
	487167  -  Total Bytes Sent By Job
	223  -  Total Bytes Received By Job
	Partitionable Resources :    Usage  Request Allocated 
	   Cpus                 :     1.00        1         1 
	   Disk (KB)            :   491           1   3637421 
	   Memory (MB)          :  4191        6144      6144 

	Job terminated of its own accord at 2021-07-31T00:14:03Z.
...
000 (48348.000.000) 2021-09-11 20:13:07 Job submitted from host: <194.36.1.200:9618?addrs=194.36.1.200-9618&alias=hex.ppe.gla.ac.uk&noUDP&sock=schedd_1448_c939>
...
040 (48348.000.000) 2021-09-11 20:13:20 Started transferring input files
	Transferring to host: <192.168.16.104:9618?addrs=192.168.16.104-9618&alias=condor-h16-04.ppe.cluster&noUDP&sock=slot1_4_2043_3a6c_247>
...
040 (48348.000.000) 2021-09-11 20:13:20 Finished transferring input files
...
001 (48348.000.000) 2021-09-11 20:13:21 Job executing on host: <192.168.16.104:9618?addrs=192.168.16.104-9618&alias=condor-h16-04.ppe.cluster&noUDP&sock=startd_2491_3281>
...
006 (48348.000.000) 2021-09-11 20:13:30 Image size of job updated: 199196
	182  -  MemoryUsage of job (MB)
	185588  -  ResidentSetSize of job (KB)
...
006 (48348.000.000) 2021-09-11 20:18:31 Image size of job updated: 1598960
	905  -  MemoryUsage of job (MB)
	926496  -  ResidentSetSize of job (KB)
...
006 (48348.000.000) 2021-09-11 20:23:31 Image size of job updated: 2687008
	1604  -  MemoryUsage of job (MB)
	1642264  -  ResidentSetSize of job (KB)
...
006 (48348.000.000) 2021-09-11 20:28:32 Image size of job updated: 3777516
	2267  -  MemoryUsage of job (MB)
	2320900  -  ResidentSetSize of job (KB)
...
006 (48348.000.000) 2021-09-11 20:33:33 Image size of job updated: 4864296
	2918  -  MemoryUsage of job (MB)
	2987576  -  ResidentSetSize of job (KB)
...
006 (48348.000.000) 2021-09-11 20:38:33 Image size of job updated: 4869932
	3516  -  MemoryUsage of job (MB)
	3600100  -  ResidentSetSize of job (KB)
...
006 (48348.000.000) 2021-09-11 20:43:33 Image size of job updated: 7039352
	4073  -  MemoryUsage of job (MB)
	4169968  -  ResidentSetSize of job (KB)
...
006 (48348.000.000) 2021-09-11 20:48:34 Image size of job updated: 7254712
	4073  -  MemoryUsage of job (MB)
	4170096  -  ResidentSetSize of job (KB)
...
040 (48348.000.000) 2021-09-11 20:58:17 Started transferring output files
...
040 (48348.000.000) 2021-09-11 20:58:17 Finished transferring output files
...
005 (48348.000.000) 2021-09-11 20:58:17 Job terminated.
	(1) Normal termination (return value 0)
		Usr 0 00:44:03, Sys 0 00:00:29  -  Run Remote Usage
		Usr 0 00:00:00, Sys 0 00:00:00  -  Run Local Usage
		Usr 0 00:44:03, Sys 0 00:00:29  -  Total Remote Usage
		Usr 0 00:00:00, Sys 0 00:00:00  -  Total Local Usage
	487194  -  Run Bytes Sent By Job
	223  -  Run Bytes Received By Job
	487194  -  Total Bytes Sent By Job
	223  -  Total Bytes Received By Job
	Partitionable Resources :    Usage  Request Allocated 
	   Cpus                 :     1.00        1         1 
	   Disk (KB)            :   491           1    861476 
	   Memory (MB)          :  4073        6144      6144 

	Job terminated of its own accord at 2021-09-11T19:58:17Z.
...
000 (53591.000.000) 2021-10-19 19:59:49 Job submitted from host: <194.36.1.200:9618?addrs=194.36.1.200-9618&alias=hex.ppe.gla.ac.uk&noUDP&sock=schedd_1448_c939>
...
040 (53591.000.000) 2021-10-19 19:59:57 Started transferring input files
	Transferring to host: <192.168.16.113:9618?addrs=192.168.16.113-9618&alias=condor-d19-03.ppe.cluster&noUDP&sock=slot1_4_17218_6375_4022>
...
040 (53591.000.000) 2021-10-19 19:59:57 Finished transferring input files
...
001 (53591.000.000) 2021-10-19 19:59:58 Job executing on host: <192.168.16.113:9618?addrs=192.168.16.113-9618&alias=condor-d19-03.ppe.cluster&noUDP&sock=startd_2672_5925>
...
006 (53591.000.000) 2021-10-19 20:00:07 Image size of job updated: 192328
	182  -  MemoryUsage of job (MB)
	185872  -  ResidentSetSize of job (KB)
...
006 (53591.000.000) 2021-10-19 20:05:08 Image size of job updated: 2141416
	1083  -  MemoryUsage of job (MB)
	1108552  -  ResidentSetSize of job (KB)
...
006 (53591.000.000) 2021-10-19 20:10:08 Image size of job updated: 2692428
	1951  -  MemoryUsage of job (MB)
	1997432  -  ResidentSetSize of job (KB)
...
006 (53591.000.000) 2021-10-19 20:15:08 Image size of job updated: 3782496
	2782  -  MemoryUsage of job (MB)
	2848668  -  ResidentSetSize of job (KB)
...
006 (53591.000.000) 2021-10-19 20:20:09 Image size of job updated: 4870492
	3533  -  MemoryUsage of job (MB)
	3616892  -  ResidentSetSize of job (KB)
...
006 (53591.000.000) 2021-10-19 20:25:09 Image size of job updated: 7042684
	4236  -  MemoryUsage of job (MB)
	4337152  -  ResidentSetSize of job (KB)
...
006 (53591.000.000) 2021-10-19 20:30:10 Image size of job updated: 7221056
	4236  -  MemoryUsage of job (MB)
	4337152  -  ResidentSetSize of job (KB)
...
040 (53591.000.000) 2021-10-19 20:35:29 Started transferring output files
...
040 (53591.000.000) 2021-10-19 20:35:30 Finished transferring output files
...
005 (53591.000.000) 2021-10-19 20:35:30 Job terminated.
	(1) Normal termination (return value 0)
		Usr 0 00:34:47, Sys 0 00:00:15  -  Run Remote Usage
		Usr 0 00:00:00, Sys 0 00:00:00  -  Run Local Usage
		Usr 0 00:34:47, Sys 0 00:00:15  -  Total Remote Usage
		Usr 0 00:00:00, Sys 0 00:00:00  -  Total Local Usage
	487329  -  Run Bytes Sent By Job
	223  -  Run Bytes Received By Job
	487329  -  Total Bytes Sent By Job
	223  -  Total Bytes Received By Job
	Partitionable Resources :    Usage  Request Allocated 
	   Cpus                 :     1.00        1         1 
	   Disk (KB)            :   491           1   3637421 
	   Memory (MB)          :  4236        6144      6144 

	Job terminated of its own accord at 2021-10-19T19:35:29Z.
...
000 (62572.000.000) 2021-11-18 15:30:18 Job submitted from host: <194.36.1.200:9618?addrs=194.36.1.200-9618&alias=hex.ppe.gla.ac.uk&noUDP&sock=schedd_1448_c939>
...
040 (62572.000.000) 2021-11-18 15:30:34 Started transferring input files
	Transferring to host: <192.168.16.114:9618?addrs=192.168.16.114-9618&alias=condor-d19-04.ppe.cluster&noUDP&sock=slot1_4_42225_150e_5317>
...
040 (62572.000.000) 2021-11-18 15:30:34 Finished transferring input files
...
001 (62572.000.000) 2021-11-18 15:30:35 Job executing on host: <192.168.16.114:9618?addrs=192.168.16.114-9618&alias=condor-d19-04.ppe.cluster&noUDP&sock=startd_2652_a140>
...
006 (62572.000.000) 2021-11-18 15:30:44 Image size of job updated: 542416
	180  -  MemoryUsage of job (MB)
	183856  -  ResidentSetSize of job (KB)
...
006 (62572.000.000) 2021-11-18 15:35:45 Image size of job updated: 2142420
	1051  -  MemoryUsage of job (MB)
	1075652  -  ResidentSetSize of job (KB)
...
006 (62572.000.000) 2021-11-18 15:40:45 Image size of job updated: 2692428
	1910  -  MemoryUsage of job (MB)
	1955736  -  ResidentSetSize of job (KB)
...
006 (62572.000.000) 2021-11-18 15:45:46 Image size of job updated: 3782496
	2733  -  MemoryUsage of job (MB)
	2798176  -  ResidentSetSize of job (KB)
...
006 (62572.000.000) 2021-11-18 15:50:47 Image size of job updated: 4870492
	3484  -  MemoryUsage of job (MB)
	3567308  -  ResidentSetSize of job (KB)
...
006 (62572.000.000) 2021-11-18 15:55:47 Image size of job updated: 7042248
	4190  -  MemoryUsage of job (MB)
	4289980  -  ResidentSetSize of job (KB)
...
006 (62572.000.000) 2021-11-18 16:00:47 Image size of job updated: 7264540
	4190  -  MemoryUsage of job (MB)
	4290424  -  ResidentSetSize of job (KB)
...
040 (62572.000.000) 2021-11-18 16:06:37 Started transferring output files
...
040 (62572.000.000) 2021-11-18 16:06:37 Finished transferring output files
...
005 (62572.000.000) 2021-11-18 16:06:37 Job terminated.
	(1) Normal termination (return value 0)
		Usr 0 00:35:05, Sys 0 00:00:18  -  Run Remote Usage
		Usr 0 00:00:00, Sys 0 00:00:00  -  Run Local Usage
		Usr 0 00:35:05, Sys 0 00:00:18  -  Total Remote Usage
		Usr 0 00:00:00, Sys 0 00:00:00  -  Total Local Usage
	1177289  -  Run Bytes Sent By Job
	223  -  Run Bytes Received By Job
	1177289  -  Total Bytes Sent By Job
	223  -  Total Bytes Received By Job
	Partitionable Resources :    Usage  Request Allocated 
	   Cpus                 :     1.00        1         1 
	   Disk (KB)            :  1165           1   3637421 
	   Memory (MB)          :  4190        6144      6144 

	Job terminated of its own accord at 2021-11-18T16:06:37Z.
...
000 (81516.000.000) 2022-01-27 15:33:56 Job submitted from host: <194.36.1.200:9618?addrs=194.36.1.200-9618&alias=hex.ppe.gla.ac.uk&noUDP&sock=schedd_1448_c939>
...
040 (81516.000.000) 2022-01-27 15:34:09 Started transferring input files
	Transferring to host: <192.168.16.114:9618?addrs=192.168.16.114-9618&alias=condor-d19-04.ppe.cluster&noUDP&sock=slot1_6_5311_d471_22940>
...
040 (81516.000.000) 2022-01-27 15:34:09 Finished transferring input files
...
001 (81516.000.000) 2022-01-27 15:34:10 Job executing on host: <192.168.16.114:9618?addrs=192.168.16.114-9618&alias=condor-d19-04.ppe.cluster&noUDP&sock=startd_2652_a140>
...
006 (81516.000.000) 2022-01-27 15:34:18 Image size of job updated: 176660
	164  -  MemoryUsage of job (MB)
	167920  -  ResidentSetSize of job (KB)
...
006 (81516.000.000) 2022-01-27 15:35:59 Image size of job updated: 824824
	164  -  MemoryUsage of job (MB)
	167920  -  ResidentSetSize of job (KB)
...
040 (81516.000.000) 2022-01-27 15:35:59 Started transferring output files
...
040 (81516.000.000) 2022-01-27 15:35:59 Finished transferring output files
...
005 (81516.000.000) 2022-01-27 15:36:00 Job terminated.
	(1) Normal termination (return value 0)
		Usr 0 00:01:43, Sys 0 00:00:01  -  Run Remote Usage
		Usr 0 00:00:00, Sys 0 00:00:00  -  Run Local Usage
		Usr 0 00:01:43, Sys 0 00:00:01  -  Total Remote Usage
		Usr 0 00:00:00, Sys 0 00:00:00  -  Total Local Usage
	519880  -  Run Bytes Sent By Job
	223  -  Run Bytes Received By Job
	519880  -  Total Bytes Sent By Job
	223  -  Total Bytes Received By Job
	Partitionable Resources :    Usage  Request Allocated 
	   Cpus                 :                 1         1 
	   Disk (KB)            :      517        1   3637421 
	   Memory (MB)          :      164     6144      6144 

	Job terminated of its own accord at 2022-01-27T15:35:59Z.
...
000 (81664.000.000) 2022-01-28 14:22:36 Job submitted from host: <194.36.1.200:9618?addrs=194.36.1.200-9618&alias=hex.ppe.gla.ac.uk&noUDP&sock=schedd_1448_c939>
...
040 (81664.000.000) 2022-01-28 14:28:43 Started transferring input files
	Transferring to host: <192.168.16.114:9618?addrs=192.168.16.114-9618&alias=condor-d19-04.ppe.cluster&noUDP&sock=slot1_15_5311_d471_30161>
...
040 (81664.000.000) 2022-01-28 14:28:43 Finished transferring input files
...
001 (81664.000.000) 2022-01-28 14:28:44 Job executing on host: <192.168.16.114:9618?addrs=192.168.16.114-9618&alias=condor-d19-04.ppe.cluster&noUDP&sock=startd_2652_a140>
...
006 (81664.000.000) 2022-01-28 14:28:53 Image size of job updated: 525584
	179  -  MemoryUsage of job (MB)
	183192  -  ResidentSetSize of job (KB)
...
006 (81664.000.000) 2022-01-28 14:30:30 Image size of job updated: 858620
	179  -  MemoryUsage of job (MB)
	183200  -  ResidentSetSize of job (KB)
...
040 (81664.000.000) 2022-01-28 14:30:30 Started transferring output files
...
040 (81664.000.000) 2022-01-28 14:30:30 Finished transferring output files
...
005 (81664.000.000) 2022-01-28 14:30:30 Job terminated.
	(1) Normal termination (return value 0)
		Usr 0 00:01:44, Sys 0 00:00:00  -  Run Remote Usage
		Usr 0 00:00:00, Sys 0 00:00:00  -  Run Local Usage
		Usr 0 00:01:44, Sys 0 00:00:00  -  Total Remote Usage
		Usr 0 00:00:00, Sys 0 00:00:00  -  Total Local Usage
	519965  -  Run Bytes Sent By Job
	223  -  Run Bytes Received By Job
	519965  -  Total Bytes Sent By Job
	223  -  Total Bytes Received By Job
	Partitionable Resources :    Usage  Request Allocated 
	   Cpus                 :                 1         1 
	   Disk (KB)            :      518        1   3637421 
	   Memory (MB)          :      179     6144      6144 

	Job terminated of its own accord at 2022-01-28T14:30:30Z.
...
000 (81766.000.000) 2022-01-28 19:05:23 Job submitted from host: <194.36.1.200:9618?addrs=194.36.1.200-9618&alias=hex.ppe.gla.ac.uk&noUDP&sock=schedd_1448_c939>
...
040 (81766.000.000) 2022-01-28 19:07:02 Started transferring input files
	Transferring to host: <192.168.16.114:9618?addrs=192.168.16.114-9618&alias=condor-d19-04.ppe.cluster&noUDP&sock=slot1_22_5311_d471_30735>
...
040 (81766.000.000) 2022-01-28 19:07:02 Finished transferring input files
...
001 (81766.000.000) 2022-01-28 19:07:03 Job executing on host: <192.168.16.114:9618?addrs=192.168.16.114-9618&alias=condor-d19-04.ppe.cluster&noUDP&sock=startd_2652_a140>
...
006 (81766.000.000) 2022-01-28 19:07:12 Image size of job updated: 507564
	167  -  MemoryUsage of job (MB)
	170704  -  ResidentSetSize of job (KB)
...
006 (81766.000.000) 2022-01-28 19:09:12 Image size of job updated: 824828
	167  -  MemoryUsage of job (MB)
	170712  -  ResidentSetSize of job (KB)
...
040 (81766.000.000) 2022-01-28 19:09:12 Started transferring output files
...
040 (81766.000.000) 2022-01-28 19:09:12 Finished transferring output files
...
005 (81766.000.000) 2022-01-28 19:09:12 Job terminated.
	(1) Normal termination (return value 0)
		Usr 0 00:02:05, Sys 0 00:00:01  -  Run Remote Usage
		Usr 0 00:00:00, Sys 0 00:00:00  -  Run Local Usage
		Usr 0 00:02:05, Sys 0 00:00:01  -  Total Remote Usage
		Usr 0 00:00:00, Sys 0 00:00:00  -  Total Local Usage
	519965  -  Run Bytes Sent By Job
	223  -  Run Bytes Received By Job
	519965  -  Total Bytes Sent By Job
	223  -  Total Bytes Received By Job
	Partitionable Resources :    Usage  Request Allocated 
	   Cpus                 :     1.00        1         1 
	   Disk (KB)            :   523           1   3637421 
	   Memory (MB)          :   167        6144      6144 

	Job terminated of its own accord at 2022-01-28T19:09:12Z.
...
000 (81873.000.000) 2022-01-29 13:21:18 Job submitted from host: <194.36.1.200:9618?addrs=194.36.1.200-9618&alias=hex.ppe.gla.ac.uk&noUDP&sock=schedd_1448_c939>
...
040 (81873.000.000) 2022-01-29 13:30:35 Started transferring input files
	Transferring to host: <192.168.16.113:9618?addrs=192.168.16.113-9618&alias=condor-d19-03.ppe.cluster&noUDP&sock=slot1_13_12571_2818_41388>
...
040 (81873.000.000) 2022-01-29 13:30:35 Finished transferring input files
...
001 (81873.000.000) 2022-01-29 13:30:36 Job executing on host: <192.168.16.113:9618?addrs=192.168.16.113-9618&alias=condor-d19-03.ppe.cluster&noUDP&sock=startd_2672_5925>
...
006 (81873.000.000) 2022-01-29 13:30:44 Image size of job updated: 542304
	177  -  MemoryUsage of job (MB)
	181196  -  ResidentSetSize of job (KB)
...
006 (81873.000.000) 2022-01-29 13:32:24 Image size of job updated: 858824
	177  -  MemoryUsage of job (MB)
	181196  -  ResidentSetSize of job (KB)
...
040 (81873.000.000) 2022-01-29 13:32:24 Started transferring output files
...
040 (81873.000.000) 2022-01-29 13:32:24 Finished transferring output files
...
005 (81873.000.000) 2022-01-29 13:32:24 Job terminated.
	(1) Normal termination (return value 0)
		Usr 0 00:01:44, Sys 0 00:00:00  -  Run Remote Usage
		Usr 0 00:00:00, Sys 0 00:00:00  -  Run Local Usage
		Usr 0 00:01:44, Sys 0 00:00:00  -  Total Remote Usage
		Usr 0 00:00:00, Sys 0 00:00:00  -  Total Local Usage
	519869  -  Run Bytes Sent By Job
	223  -  Run Bytes Received By Job
	519869  -  Total Bytes Sent By Job
	223  -  Total Bytes Received By Job
	Partitionable Resources :    Usage  Request Allocated 
	   Cpus                 :                 1         1 
	   Disk (KB)            :      517        1   3637421 
	   Memory (MB)          :      177     6144      6144 

	Job terminated of its own accord at 2022-01-29T13:32:24Z.
...
000 (83042.000.000) 2022-01-31 16:28:39 Job submitted from host: <194.36.1.200:9618?addrs=194.36.1.200-9618&alias=hex.ppe.gla.ac.uk&noUDP&sock=schedd_1448_c939>
...
040 (83042.000.000) 2022-01-31 16:28:55 Started transferring input files
	Transferring to host: <192.168.16.102:9618?addrs=192.168.16.102-9618&alias=condor-h16-02.ppe.cluster&noUDP&sock=slot1_6_24770_74a8_20888>
...
040 (83042.000.000) 2022-01-31 16:28:55 Finished transferring input files
...
001 (83042.000.000) 2022-01-31 16:28:56 Job executing on host: <192.168.16.102:9618?addrs=192.168.16.102-9618&alias=condor-h16-02.ppe.cluster&noUDP&sock=startd_2233_3b11>
...
006 (83042.000.000) 2022-01-31 16:29:04 Image size of job updated: 517136
	158  -  MemoryUsage of job (MB)
	161784  -  ResidentSetSize of job (KB)
...
006 (83042.000.000) 2022-01-31 16:34:04 Image size of job updated: 1599052
	863  -  MemoryUsage of job (MB)
	883056  -  ResidentSetSize of job (KB)
...
006 (83042.000.000) 2022-01-31 16:39:05 Image size of job updated: 2145188
	1422  -  MemoryUsage of job (MB)
	1455696  -  ResidentSetSize of job (KB)
...
006 (83042.000.000) 2022-01-31 16:44:06 Image size of job updated: 3776728
	2104  -  MemoryUsage of job (MB)
	2154032  -  ResidentSetSize of job (KB)
...
006 (83042.000.000) 2022-01-31 16:49:06 Image size of job updated: 3781568
	2592  -  MemoryUsage of job (MB)
	2654208  -  ResidentSetSize of job (KB)
...
006 (83042.000.000) 2022-01-31 16:54:07 Image size of job updated: 5404580
	3017  -  MemoryUsage of job (MB)
	3088632  -  ResidentSetSize of job (KB)
...
006 (83042.000.000) 2022-01-31 16:59:08 Image size of job updated: 5404580
	3423  -  MemoryUsage of job (MB)
	3504148  -  ResidentSetSize of job (KB)
...
006 (83042.000.000) 2022-01-31 17:04:08 Image size of job updated: 7038664
	3946  -  MemoryUsage of job (MB)
	4039724  -  ResidentSetSize of job (KB)
...
006 (83042.000.000) 2022-01-31 17:09:08 Image size of job updated: 7221100
	3946  -  MemoryUsage of job (MB)
	4039724  -  ResidentSetSize of job (KB)
...
040 (83042.000.000) 2022-01-31 17:21:27 Started transferring output files
...
040 (83042.000.000) 2022-01-31 17:21:28 Finished transferring output files
...
005 (83042.000.000) 2022-01-31 17:21:28 Job terminated.
	(1) Normal termination (return value 0)
		Usr 0 00:51:21, Sys 0 00:00:42  -  Run Remote Usage
		Usr 0 00:00:00, Sys 0 00:00:00  -  Run Local Usage
		Usr 0 00:51:21, Sys 0 00:00:42  -  Total Remote Usage
		Usr 0 00:00:00, Sys 0 00:00:00  -  Total Local Usage
	1177203  -  Run Bytes Sent By Job
	223  -  Run Bytes Received By Job
	1177203  -  Total Bytes Sent By Job
	223  -  Total Bytes Received By Job
	Partitionable Resources :    Usage  Request Allocated 
	   Cpus                 :     0.86        1         1 
	   Disk (KB)            :  1165           1    864796 
	   Memory (MB)          :  3946        6144      6144 

	Job terminated of its own accord at 2022-01-31T17:21:27Z.
...
000 (85256.000.000) 2022-02-04 11:09:33 Job submitted from host: <194.36.1.200:9618?addrs=194.36.1.200-9618&alias=hex.ppe.gla.ac.uk&noUDP&sock=schedd_1448_c939>
...
040 (85256.000.000) 2022-02-04 11:09:52 Started transferring input files
	Transferring to host: <192.168.16.113:9618?addrs=192.168.16.113-9618&alias=condor-d19-03.ppe.cluster&noUDP&sock=slot1_15_12571_2818_89308>
...
040 (85256.000.000) 2022-02-04 11:09:52 Finished transferring input files
...
001 (85256.000.000) 2022-02-04 11:09:53 Job executing on host: <192.168.16.113:9618?addrs=192.168.16.113-9618&alias=condor-d19-03.ppe.cluster&noUDP&sock=startd_2672_5925>
...
006 (85256.000.000) 2022-02-04 11:10:01 Image size of job updated: 534032
	166  -  MemoryUsage of job (MB)
	169716  -  ResidentSetSize of job (KB)
...
006 (85256.000.000) 2022-02-04 11:12:05 Image size of job updated: 858620
	166  -  MemoryUsage of job (MB)
	169716  -  ResidentSetSize of job (KB)
...
040 (85256.000.000) 2022-02-04 11:12:05 Started transferring output files
...
040 (85256.000.000) 2022-02-04 11:12:05 Finished transferring output files
...
005 (85256.000.000) 2022-02-04 11:12:05 Job terminated.
	(1) Normal termination (return value 0)
		Usr 0 00:02:10, Sys 0 00:00:00  -  Run Remote Usage
		Usr 0 00:00:00, Sys 0 00:00:00  -  Run Local Usage
		Usr 0 00:02:10, Sys 0 00:00:00  -  Total Remote Usage
		Usr 0 00:00:00, Sys 0 00:00:00  -  Total Local Usage
	519880  -  Run Bytes Sent By Job
	223  -  Run Bytes Received By Job
	519880  -  Total Bytes Sent By Job
	223  -  Total Bytes Received By Job
	Partitionable Resources :    Usage  Request Allocated 
	   Cpus                 :                 1         1 
	   Disk (KB)            :      517        1   3637421 
	   Memory (MB)          :      166     6144      6144 

	Job terminated of its own accord at 2022-02-04T11:12:05Z.
...
000 (85385.000.000) 2022-02-05 23:52:23 Job submitted from host: <194.36.1.200:9618?addrs=194.36.1.200-9618&alias=hex.ppe.gla.ac.uk&noUDP&sock=schedd_1448_c939>
...
040 (85385.000.000) 2022-02-06 00:03:45 Started transferring input files
	Transferring to host: <192.168.16.104:9618?addrs=192.168.16.104-9618&alias=condor-h16-04.ppe.cluster&noUDP&sock=slot1_5_31468_cd79_40484>
...
040 (85385.000.000) 2022-02-06 00:03:45 Finished transferring input files
...
001 (85385.000.000) 2022-02-06 00:03:46 Job executing on host: <192.168.16.104:9618?addrs=192.168.16.104-9618&alias=condor-h16-04.ppe.cluster&noUDP&sock=startd_2491_3281>
...
006 (85385.000.000) 2022-02-06 00:03:54 Image size of job updated: 233740
	164  -  MemoryUsage of job (MB)
	167556  -  ResidentSetSize of job (KB)
...
006 (85385.000.000) 2022-02-06 00:08:54 Image size of job updated: 1599056
	852  -  MemoryUsage of job (MB)
	872208  -  ResidentSetSize of job (KB)
...
006 (85385.000.000) 2022-02-06 00:13:55 Image size of job updated: 2686632
	1520  -  MemoryUsage of job (MB)
	1556248  -  ResidentSetSize of job (KB)
...
006 (85385.000.000) 2022-02-06 00:18:56 Image size of job updated: 3777612
	2173  -  MemoryUsage of job (MB)
	2224680  -  ResidentSetSize of job (KB)
...
006 (85385.000.000) 2022-02-06 00:23:56 Image size of job updated: 3782564
	2793  -  MemoryUsage of job (MB)
	2859344  -  ResidentSetSize of job (KB)
...
006 (85385.000.000) 2022-02-06 00:28:57 Image size of job updated: 4868984
	3376  -  MemoryUsage of job (MB)
	3456452  -  ResidentSetSize of job (KB)
...
006 (85385.000.000) 2022-02-06 00:33:58 Image size of job updated: 8116784
	3886  -  MemoryUsage of job (MB)
	3978632  -  ResidentSetSize of job (KB)
...
006 (85385.000.000) 2022-02-06 00:38:58 Image size of job updated: 8116784
	3886  -  MemoryUsage of job (MB)
	3978648  -  ResidentSetSize of job (KB)
...
040 (85385.000.000) 2022-02-06 01:00:13 Started transferring output files
...
040 (85385.000.000) 2022-02-06 01:00:13 Finished transferring output files
...
005 (85385.000.000) 2022-02-06 01:00:13 Job terminated.
	(1) Normal termination (return value 0)
		Usr 0 00:45:58, Sys 0 00:00:47  -  Run Remote Usage
		Usr 0 00:00:00, Sys 0 00:00:00  -  Run Local Usage
		Usr 0 00:45:58, Sys 0 00:00:47  -  Total Remote Usage
		Usr 0 00:00:00, Sys 0 00:00:00  -  Total Local Usage
	1177204  -  Run Bytes Sent By Job
	223  -  Run Bytes Received By Job
	1177204  -  Total Bytes Sent By Job
	223  -  Total Bytes Received By Job
	Partitionable Resources :    Usage  Request Allocated 
	   Cpus                 :     1.00        1         1 
	   Disk (KB)            :  1165           1    861476 
	   Memory (MB)          :  3886        6144      6144 

	Job terminated of its own accord at 2022-02-06T01:00:13Z.
...
000 (244606.000.000) 2022-02-19 14:01:06 Job submitted from host: <194.36.1.200:9618?addrs=194.36.1.200-9618&alias=hex.ppe.gla.ac.uk&noUDP&sock=schedd_1448_c939>
...
040 (244606.000.000) 2022-02-19 14:01:22 Started transferring input files
	Transferring to host: <192.168.16.121:9618?addrs=192.168.16.121-9618&alias=condor-d20-01.ppe.cluster&noUDP&sock=slot1_18_42603_6ade_1605292>
...
040 (244606.000.000) 2022-02-19 14:01:22 Finished transferring input files
...
001 (244606.000.000) 2022-02-19 14:01:23 Job executing on host: <192.168.16.121:9618?addrs=192.168.16.121-9618&alias=condor-d20-01.ppe.cluster&noUDP&sock=startd_42477_4473>
...
006 (244606.000.000) 2022-02-19 14:01:32 Image size of job updated: 319072
	185  -  MemoryUsage of job (MB)
	188760  -  ResidentSetSize of job (KB)
...
006 (244606.000.000) 2022-02-19 14:06:33 Image size of job updated: 1600812
	1031  -  MemoryUsage of job (MB)
	1055296  -  ResidentSetSize of job (KB)
...
006 (244606.000.000) 2022-02-19 14:11:33 Image size of job updated: 2691576
	1856  -  MemoryUsage of job (MB)
	1900360  -  ResidentSetSize of job (KB)
...
006 (244606.000.000) 2022-02-19 14:16:33 Image size of job updated: 3781572
	2633  -  MemoryUsage of job (MB)
	2695460  -  ResidentSetSize of job (KB)
...
006 (244606.000.000) 2022-02-19 14:21:34 Image size of job updated: 4868984
	3356  -  MemoryUsage of job (MB)
	3436360  -  ResidentSetSize of job (KB)
...
006 (244606.000.000) 2022-02-19 14:26:35 Image size of job updated: 7039448
	4021  -  MemoryUsage of job (MB)
	4116528  -  ResidentSetSize of job (KB)
...
006 (244606.000.000) 2022-02-19 14:31:35 Image size of job updated: 7221112
	4021  -  MemoryUsage of job (MB)
	4116548  -  ResidentSetSize of job (KB)
...
040 (244606.000.000) 2022-02-19 14:39:30 Started transferring output files
...
040 (244606.000.000) 2022-02-19 14:39:30 Finished transferring output files
...
005 (244606.000.000) 2022-02-19 14:39:30 Job terminated.
	(1) Normal termination (return value 0)
		Usr 0 00:37:43, Sys 0 00:00:15  -  Run Remote Usage
		Usr 0 00:00:00, Sys 0 00:00:00  -  Run Local Usage
		Usr 0 00:37:43, Sys 0 00:00:15  -  Total Remote Usage
		Usr 0 00:00:00, Sys 0 00:00:00  -  Total Local Usage
	1177193  -  Run Bytes Sent By Job
	223  -  Run Bytes Received By Job
	1177193  -  Total Bytes Sent By Job
	223  -  Total Bytes Received By Job
	Partitionable Resources :    Usage  Request Allocated 
	   Cpus                 :     1.00        1         1 
	   Disk (KB)            :  1164           1   3637421 
	   Memory (MB)          :  4021        6144      6144 

	Job terminated of its own accord at 2022-02-19T14:39:30Z.
...
000 (326060.000.000) 2022-02-28 20:21:15 Job submitted from host: <194.36.1.200:9618?addrs=194.36.1.200-9618&alias=hex.ppe.gla.ac.uk&noUDP&sock=schedd_1448_c939>
...
040 (326060.000.000) 2022-02-28 20:32:26 Started transferring input files
	Transferring to host: <192.168.16.111:9618?addrs=192.168.16.111-9618&alias=condor-d19-01.ppe.cluster&noUDP&sock=slot1_28_191214_4f99_263302>
...
040 (326060.000.000) 2022-02-28 20:32:26 Finished transferring input files
...
001 (326060.000.000) 2022-02-28 20:32:27 Job executing on host: <192.168.16.111:9618?addrs=192.168.16.111-9618&alias=condor-d19-01.ppe.cluster&noUDP&sock=startd_9802_ef68>
...
006 (326060.000.000) 2022-02-28 20:32:35 Image size of job updated: 516376
	157  -  MemoryUsage of job (MB)
	160040  -  ResidentSetSize of job (KB)
...
006 (326060.000.000) 2022-02-28 20:35:50 Image size of job updated: 825296
	157  -  MemoryUsage of job (MB)
	160052  -  ResidentSetSize of job (KB)
...
040 (326060.000.000) 2022-02-28 20:35:50 Started transferring output files
...
040 (326060.000.000) 2022-02-28 20:35:50 Finished transferring output files
...
005 (326060.000.000) 2022-02-28 20:35:50 Job terminated.
	(1) Normal termination (return value 0)
		Usr 0 00:03:20, Sys 0 00:00:02  -  Run Remote Usage
		Usr 0 00:00:00, Sys 0 00:00:00  -  Run Local Usage
		Usr 0 00:03:20, Sys 0 00:00:02  -  Total Remote Usage
		Usr 0 00:00:00, Sys 0 00:00:00  -  Total Local Usage
	519869  -  Run Bytes Sent By Job
	223  -  Run Bytes Received By Job
	519869  -  Total Bytes Sent By Job
	223  -  Total Bytes Received By Job
	Partitionable Resources :    Usage  Request Allocated 
	   Cpus                 :                 1         1 
	   Disk (KB)            :      518        1    825748 
	   Memory (MB)          :      157     6144      6144 

	Job terminated of its own accord at 2022-02-28T20:35:50Z.
...
000 (351962.000.000) 2022-03-01 15:58:23 Job submitted from host: <194.36.1.200:9618?addrs=194.36.1.200-9618&alias=hex.ppe.gla.ac.uk&noUDP&sock=schedd_1448_c939>
...
040 (351962.000.000) 2022-03-01 15:58:33 Started transferring input files
	Transferring to host: <192.168.16.114:9618?addrs=192.168.16.114-9618&alias=condor-d19-04.ppe.cluster&noUDP&sock=slot1_3_5311_d471_266938>
...
040 (351962.000.000) 2022-03-01 15:58:33 Finished transferring input files
...
001 (351962.000.000) 2022-03-01 15:58:34 Job executing on host: <192.168.16.114:9618?addrs=192.168.16.114-9618&alias=condor-d19-04.ppe.cluster&noUDP&sock=startd_2652_a140>
...
006 (351962.000.000) 2022-03-01 15:58:43 Image size of job updated: 180972
	176  -  MemoryUsage of job (MB)
	180132  -  ResidentSetSize of job (KB)
...
006 (351962.000.000) 2022-03-01 16:00:24 Image size of job updated: 825300
	176  -  MemoryUsage of job (MB)
	180132  -  ResidentSetSize of job (KB)
...
040 (351962.000.000) 2022-03-01 16:00:24 Started transferring output files
...
040 (351962.000.000) 2022-03-01 16:00:24 Finished transferring output files
...
005 (351962.000.000) 2022-03-01 16:00:24 Job terminated.
	(1) Normal termination (return value 0)
		Usr 0 00:01:43, Sys 0 00:00:00  -  Run Remote Usage
		Usr 0 00:00:00, Sys 0 00:00:00  -  Run Local Usage
		Usr 0 00:01:43, Sys 0 00:00:00  -  Total Remote Usage
		Usr 0 00:00:00, Sys 0 00:00:00  -  Total Local Usage
	519880  -  Run Bytes Sent By Job
	223  -  Run Bytes Received By Job
	519880  -  Total Bytes Sent By Job
	223  -  Total Bytes Received By Job
	Partitionable Resources :    Usage  Request Allocated 
	   Cpus                 :     1.00        1         1 
	   Disk (KB)            :   523           1   3637421 
	   Memory (MB)          :   176        6144      6144 

	Job terminated of its own accord at 2022-03-01T16:00:24Z.
...
000 (352481.000.000) 2022-03-02 19:15:47 Job submitted from host: <194.36.1.200:9618?addrs=194.36.1.200-9618&alias=hex.ppe.gla.ac.uk&noUDP&sock=schedd_1448_c939>
...
040 (352481.000.000) 2022-03-02 19:15:52 Started transferring input files
	Transferring to host: <192.168.16.114:9618?addrs=192.168.16.114-9618&alias=condor-d19-04.ppe.cluster&noUDP&sock=slot1_3_5311_d471_267450>
...
040 (352481.000.000) 2022-03-02 19:15:52 Finished transferring input files
...
001 (352481.000.000) 2022-03-02 19:15:53 Job executing on host: <192.168.16.114:9618?addrs=192.168.16.114-9618&alias=condor-d19-04.ppe.cluster&noUDP&sock=startd_2652_a140>
...
006 (352481.000.000) 2022-03-02 19:16:02 Image size of job updated: 177864
	169  -  MemoryUsage of job (MB)
	172812  -  ResidentSetSize of job (KB)
...
006 (352481.000.000) 2022-03-02 19:21:03 Image size of job updated: 1600788
	1058  -  MemoryUsage of job (MB)
	1082404  -  ResidentSetSize of job (KB)
...
006 (352481.000.000) 2022-03-02 19:26:04 Image size of job updated: 2692472
	1916  -  MemoryUsage of job (MB)
	1961428  -  ResidentSetSize of job (KB)
...
006 (352481.000.000) 2022-03-02 19:31:04 Image size of job updated: 3782060
	2735  -  MemoryUsage of job (MB)
	2800172  -  ResidentSetSize of job (KB)
...
006 (352481.000.000) 2022-03-02 19:36:05 Image size of job updated: 4870000
	3486  -  MemoryUsage of job (MB)
	3569420  -  ResidentSetSize of job (KB)
...
006 (352481.000.000) 2022-03-02 19:41:06 Image size of job updated: 7041344
	4165  -  MemoryUsage of job (MB)
	4264580  -  ResidentSetSize of job (KB)
...
006 (352481.000.000) 2022-03-02 19:46:06 Image size of job updated: 7221616
	4165  -  MemoryUsage of job (MB)
	4264580  -  ResidentSetSize of job (KB)
...
040 (352481.000.000) 2022-03-02 19:52:01 Started transferring output files
...
040 (352481.000.000) 2022-03-02 19:52:01 Finished transferring output files
...
005 (352481.000.000) 2022-03-02 19:52:01 Job terminated.
	(1) Normal termination (return value 0)
		Usr 0 00:34:55, Sys 0 00:00:20  -  Run Remote Usage
		Usr 0 00:00:00, Sys 0 00:00:00  -  Run Local Usage
		Usr 0 00:34:55, Sys 0 00:00:20  -  Total Remote Usage
		Usr 0 00:00:00, Sys 0 00:00:00  -  Total Local Usage
	1177048  -  Run Bytes Sent By Job
	223  -  Run Bytes Received By Job
	1177048  -  Total Bytes Sent By Job
	223  -  Total Bytes Received By Job
	Partitionable Resources :    Usage  Request Allocated 
	   Cpus                 :     0.96        1         1 
	   Disk (KB)            :  1165           1   3637421 
	   Memory (MB)          :  4165        6144      6144 

	Job terminated of its own accord at 2022-03-02T19:52:01Z.
...
000 (508377.000.000) 2022-03-17 20:36:07 Job submitted from host: <194.36.1.200:9618?addrs=194.36.1.200-9618&alias=hex.ppe.gla.ac.uk&noUDP&sock=schedd_1448_c939>
...
040 (508377.000.000) 2022-03-17 20:36:14 Started transferring input files
	Transferring to host: <192.168.16.114:9618?addrs=192.168.16.114-9618&alias=condor-d19-04.ppe.cluster&noUDP&sock=slot1_3_16667_28bf_2969>
...
040 (508377.000.000) 2022-03-17 20:36:14 Finished transferring input files
...
001 (508377.000.000) 2022-03-17 20:36:15 Job executing on host: <192.168.16.114:9618?addrs=192.168.16.114-9618&alias=condor-d19-04.ppe.cluster&noUDP&sock=startd_2652_a140>
...
006 (508377.000.000) 2022-03-17 20:36:24 Image size of job updated: 196228
	186  -  MemoryUsage of job (MB)
	189632  -  ResidentSetSize of job (KB)
...
006 (508377.000.000) 2022-03-17 20:41:25 Image size of job updated: 2142780
	1073  -  MemoryUsage of job (MB)
	1098224  -  ResidentSetSize of job (KB)
...
006 (508377.000.000) 2022-03-17 20:46:27 Image size of job updated: 2692792
	1933  -  MemoryUsage of job (MB)
	1978812  -  ResidentSetSize of job (KB)
...
006 (508377.000.000) 2022-03-17 20:51:27 Image size of job updated: 3782856
	2747  -  MemoryUsage of job (MB)
	2812472  -  ResidentSetSize of job (KB)
...
006 (508377.000.000) 2022-03-17 20:56:27 Image size of job updated: 4870856
	3495  -  MemoryUsage of job (MB)
	3578264  -  ResidentSetSize of job (KB)
...
006 (508377.000.000) 2022-03-17 21:01:28 Image size of job updated: 7042608
	4147  -  MemoryUsage of job (MB)
	4245920  -  ResidentSetSize of job (KB)
...
006 (508377.000.000) 2022-03-17 21:06:29 Image size of job updated: 7221936
	4147  -  MemoryUsage of job (MB)
	4245944  -  ResidentSetSize of job (KB)
...
040 (508377.000.000) 2022-03-17 21:12:17 Started transferring output files
...
040 (508377.000.000) 2022-03-17 21:12:17 Finished transferring output files
...
005 (508377.000.000) 2022-03-17 21:12:17 Job terminated.
	(1) Normal termination (return value 0)
		Usr 0 00:34:58, Sys 0 00:00:18  -  Run Remote Usage
		Usr 0 00:00:00, Sys 0 00:00:00  -  Run Local Usage
		Usr 0 00:34:58, Sys 0 00:00:18  -  Total Remote Usage
		Usr 0 00:00:00, Sys 0 00:00:00  -  Total Local Usage
	1177204  -  Run Bytes Sent By Job
	223  -  Run Bytes Received By Job
	1177204  -  Total Bytes Sent By Job
	223  -  Total Bytes Received By Job
	Partitionable Resources :    Usage  Request Allocated 
	   Cpus                 :     0.96        1         1 
	   Disk (KB)            :  1165           1   3637421 
	   Memory (MB)          :  4147        6144      6144 

	Job terminated of its own accord at 2022-03-17T21:12:17Z.
...
000 (508640.000.000) 2022-04-06 14:40:53 Job submitted from host: <194.36.1.200:9618?addrs=194.36.1.200-9618&alias=hex.ppe.gla.ac.uk&noUDP&sock=schedd_1448_c939>
...
040 (508640.000.000) 2022-04-06 14:41:07 Started transferring input files
	Transferring to host: <192.168.16.101:9618?addrs=192.168.16.101-9618&alias=condor-h16-01.ppe.cluster&noUDP&sock=slot1_4_31698_dbc2_2595>
...
040 (508640.000.000) 2022-04-06 14:41:07 Finished transferring input files
...
001 (508640.000.000) 2022-04-06 14:41:08 Job executing on host: <192.168.16.101:9618?addrs=192.168.16.101-9618&alias=condor-h16-01.ppe.cluster&noUDP&sock=startd_2281_279d>
...
006 (508640.000.000) 2022-04-06 14:41:17 Image size of job updated: 525744
	170  -  MemoryUsage of job (MB)
	174024  -  ResidentSetSize of job (KB)
...
006 (508640.000.000) 2022-04-06 14:46:18 Image size of job updated: 1599364
	908  -  MemoryUsage of job (MB)
	929128  -  ResidentSetSize of job (KB)
...
006 (508640.000.000) 2022-04-06 14:51:18 Image size of job updated: 2688180
	1636  -  MemoryUsage of job (MB)
	1674248  -  ResidentSetSize of job (KB)
...
006 (508640.000.000) 2022-04-06 14:56:18 Image size of job updated: 3779272
	2322  -  MemoryUsage of job (MB)
	2376884  -  ResidentSetSize of job (KB)
...
006 (508640.000.000) 2022-04-06 15:01:19 Image size of job updated: 4865792
	2986  -  MemoryUsage of job (MB)
	3057224  -  ResidentSetSize of job (KB)
...
006 (508640.000.000) 2022-04-06 15:06:20 Image size of job updated: 4871776
	3587  -  MemoryUsage of job (MB)
	3673076  -  ResidentSetSize of job (KB)
...
006 (508640.000.000) 2022-04-06 15:11:20 Image size of job updated: 7041680
	4127  -  MemoryUsage of job (MB)
	4226016  -  ResidentSetSize of job (KB)
...
006 (508640.000.000) 2022-04-06 15:16:21 Image size of job updated: 7221952
	4127  -  MemoryUsage of job (MB)
	4226028  -  ResidentSetSize of job (KB)
...
040 (508640.000.000) 2022-04-06 15:25:32 Started transferring output files
...
040 (508640.000.000) 2022-04-06 15:25:32 Finished transferring output files
...
005 (508640.000.000) 2022-04-06 15:25:32 Job terminated.
	(1) Normal termination (return value 0)
		Usr 0 00:43:13, Sys 0 00:00:36  -  Run Remote Usage
		Usr 0 00:00:00, Sys 0 00:00:00  -  Run Local Usage
		Usr 0 00:43:13, Sys 0 00:00:36  -  Total Remote Usage
		Usr 0 00:00:00, Sys 0 00:00:00  -  Total Local Usage
	1177204  -  Run Bytes Sent By Job
	223  -  Run Bytes Received By Job
	1177204  -  Total Bytes Sent By Job
	223  -  Total Bytes Received By Job
	Partitionable Resources :    Usage  Request Allocated 
	   Cpus                 :     0.99        1         1 
	   Disk (KB)            :  1165           1    864796 
	   Memory (MB)          :  4127        6144      6144 

	Job terminated of its own accord at 2022-04-06T14:25:32Z.
...
