INFO: Using third party libraries from /home/ppe/j/jnugent/private/PhD_Year_1/software/MAUS-v2.9.1
MAUS web front-end directory: /home/ppe/j/jnugent/private/PhD_Year_1/software/MAUS-v2.9.1/third_party/install/lib/maus-apps-0.2
    Database directory: /home/ppe/j/jnugent/private/PhD_Year_1/software/MAUS-v2.9.1/third_party/install/lib/maus-apps-0.2/db
    Media directory: /home/ppe/j/jnugent/private/PhD_Year_1/software/MAUS-v2.9.1/third_party/install/lib/maus-apps-0.2/media
    Media directory (raw images): /home/ppe/j/jnugent/private/PhD_Year_1/software/MAUS-v2.9.1/third_party/install/lib/maus-apps-0.2/media/raw
SUCCESS: MAUS setup
Algorithm to analyse reduced MAUS root
trees for multiple scattering measurements
and to unfold the distribution

Received 2 arguements.
node type: Element, name: spec, with prop id: (null), prop name: (null), prop value: (null)
node type: Element, name: file, with prop id: outfile, prop name: LiHMu_3172_tof_lim27.9374090796_u28.1374090796.root, prop value: (null)
node type: Element, name: file, with prop id: datafile, prop name: /data/neutrino06/jnugent/v2.9.1/allLiH/reduced_tree_.root, prop value: (null)
node type: Element, name: file, with prop id: trainfile, prop name: /data/neutrino06/jnugent/v2.9.1/allZeroAbs/reduced_tree_.root, prop value: (null)
node type: Element, name: file, with prop id: modelfile, prop name: /home/ppe/j/jnugent/workarea/Unfolding/Cobb_results/LiH-6p5-200-B-hists.root, prop value: (null)
node type: Element, name: file, with prop id: trkreffiname, prop name: /home/ppe/j/jnugent/workarea/tracker_efficiency/tracker_resolution_plots_27.9374090796.root, prop value: (null)
node type: Element, name: file, with prop id: model3, prop name: Moliere, prop value: (null)
node type: Element, name: file, with prop id: model2, prop name: Cobb, prop value: (null)
node type: Element, name: file, with prop id: model1, prop name: GEANT, prop value: (null)
node type: Element, name: cuts, with prop id: (null), prop name: TOF_ll, prop value: 27.9374090796
node type: Element, name: cuts, with prop id: (null), prop name: TOF_ul, prop value: 28.1374090796
node type: Element, name: cuts, with prop id: (null), prop name: fid_rad, prop value: 140.0
node type: Element, name: cuts, with prop id: (null), prop name: fid_grad, prop value: 0.012
node type: Element, name: cuts, with prop id: (null), prop name: mode, prop value: -1
node type: Element, name: sys, with prop id: (null), prop name: niter, prop value: 10
node type: Element, name: histlimits, with prop id: (null), prop name: NbinsXY, prop value: 46
node type: Element, name: histlimits, with prop id: (null), prop name: NbinsTh, prop value: 200
node type: Element, name: histlimits, with prop id: (null), prop name: minXY, prop value: -0.06
node type: Element, name: histlimits, with prop id: (null), prop name: maxXY, prop value: 0.06
Writing outfile to LiHMu_3172_tof_lim27.9374090796_u28.1374090796.root
Reading outfilename at 
Reading data from /data/neutrino06/jnugent/v2.9.1/allLiH/reduced_tree_.root
Reading reference data from /data/neutrino06/jnugent/v2.9.1/allZeroAbs/reduced_tree_.root
Reading models from /home/ppe/j/jnugent/workarea/Unfolding/Cobb_results/LiH-6p5-200-B-hists.root
Reading models from 
Use  for propagation

TOF selection between 27.9374 and 28.1374
Fiducial selection contained by radius 140 with scattering 0.012

Adding systematic effect niter with value 10
Event 0
Event 100000
Event 200000
Event 300000
Event 400000
Event 500000
Event 600000
Event 700000
Event 800000
Event 900000
Event 1000000
Event 1100000
Event 1200000
Event 1300000
Event 1400000
Event 1500000
Event 1600000
Event 1700000
Event 1800000
Event 1900000
Event 2000000
Event 2100000
Event 2200000
Event 2300000
Event 2400000
Event 2500000
Event 2600000
Event 2700000
Event 2800000
Event 2900000
Event 3000000
Event 3100000
Event 3200000
Event 3300000
Event 3400000
Event 3500000
Event 3600000
Event 3700000
Event 3800000
Event 3900000
Event 4000000
Event 4100000
Event 4200000
Event 4300000
Event 4400000
Event 4500000
Event 4600000
Event 4700000
Event 4800000
Event 4900000
Event 5000000
Event 0
Event 100000
Event 200000
Event 300000
Event 400000
Event 500000
Event 600000
Event 700000
Event 800000
Event 900000
Event 1000000
Convolution with thetaX_GEANT from /home/ppe/j/jnugent/workarea/Unfolding/Cobb_results/LiH-6p5-200-B-hists.root
OBJ: RooUnfoldBayes	response	Unfold Response
regularisation parameter = 10, ntoys = 50
OBJ: RooUnfoldBayes	response	Unfold Response
regularisation parameter = 10, ntoys = 50
OBJ: RooUnfoldBayes	response	Unfold Response
regularisation parameter = 10, ntoys = 50
OBJ: RooUnfoldBayes	response	Unfold Response
regularisation parameter = 10, ntoys = 50
Now unfolding...
Iteration : 0
Chi^2 of change 29.3561
Iteration : 1
Chi^2 of change 5.72238
Iteration : 2
Chi^2 of change 1.59848
Iteration : 3
Chi^2 of change 0.696153
Iteration : 4
Chi^2 of change 0.451089
Iteration : 5
Chi^2 of change 0.36891
Iteration : 6
Chi^2 of change 0.333394
Iteration : 7
Chi^2 of change 0.312903
Iteration : 8
Chi^2 of change 0.297769
Iteration : 9
Chi^2 of change 0.284712
Calculating covariances due to number of measured events
Now unfolding...
Iteration : 0
Chi^2 of change 204.731
Iteration : 1
Chi^2 of change 22.0563
Iteration : 2
Chi^2 of change 3.4737
Iteration : 3
Chi^2 of change 1.43474
Iteration : 4
Chi^2 of change 1.10904
Iteration : 5
Chi^2 of change 1.00153
Iteration : 6
Chi^2 of change 0.939538
Iteration : 7
Chi^2 of change 0.892957
Iteration : 8
Chi^2 of change 0.852683
Iteration : 9
Chi^2 of change 0.814975
Calculating covariances due to number of measured events
Now unfolding...
Iteration : 0
Chi^2 of change 210.942
Iteration : 1
Chi^2 of change 22.5668
Iteration : 2
Chi^2 of change 11.2088
Iteration : 3
Chi^2 of change 5.48596
Iteration : 4
Chi^2 of change 3.16822
Iteration : 5
Chi^2 of change 2.23057
Iteration : 6
Chi^2 of change 1.79352
Iteration : 7
Chi^2 of change 1.54922
Iteration : 8
Chi^2 of change 1.38825
Iteration : 9
Chi^2 of change 1.26836
Calculating covariances due to number of measured events
Now unfolding...
Iteration : 0
Chi^2 of change 94.219
Iteration : 1
Chi^2 of change 30.4929
Iteration : 2
Chi^2 of change 21.7831
Iteration : 3
Chi^2 of change 16.4217
Iteration : 4
Chi^2 of change 12.7191
Iteration : 5
Chi^2 of change 10.0529
Iteration : 6
Chi^2 of change 8.13192
Iteration : 7
Chi^2 of change 6.73694
Iteration : 8
Chi^2 of change 5.72307
Iteration : 9
Chi^2 of change 4.96072
Calculating covariances due to number of measured events
Convolution with thetaX_Cobb from /home/ppe/j/jnugent/workarea/Unfolding/Cobb_results/LiH-6p5-200-B-hists.root
OBJ: RooUnfoldBayes	response	Unfold Response
regularisation parameter = 10, ntoys = 50
OBJ: RooUnfoldBayes	response	Unfold Response
regularisation parameter = 10, ntoys = 50
OBJ: RooUnfoldBayes	response	Unfold Response
regularisation parameter = 10, ntoys = 50
OBJ: RooUnfoldBayes	response	Unfold Response
regularisation parameter = 10, ntoys = 50
Now unfolding...
Iteration : 0
Chi^2 of change 42.6463
Iteration : 1
Chi^2 of change 11.0258
Iteration : 2
Chi^2 of change 3.4258
Iteration : 3
Chi^2 of change 1.35995
Iteration : 4
Chi^2 of change 0.726578
Iteration : 5
Chi^2 of change 0.496709
Iteration : 6
Chi^2 of change 0.391468
Iteration : 7
Chi^2 of change 0.330574
Iteration : 8
Chi^2 of change 0.288931
Iteration : 9
Chi^2 of change 0.2576
Calculating covariances due to number of measured events
Now unfolding...
Iteration : 0
Chi^2 of change 222.355
Iteration : 1
Chi^2 of change 28.918
Iteration : 2
Chi^2 of change 5.53876
Iteration : 3
Chi^2 of change 2.1362
Iteration : 4
Chi^2 of change 1.36892
Iteration : 5
Chi^2 of change 1.07678
Iteration : 6
Chi^2 of change 0.906947
Iteration : 7
Chi^2 of change 0.780182
Iteration : 8
Chi^2 of change 0.675289
Iteration : 9
Chi^2 of change 0.586188
Calculating covariances due to number of measured events
Now unfolding...
Iteration : 0
Chi^2 of change 358.306
Iteration : 1
Chi^2 of change 66.6647
Iteration : 2
Chi^2 of change 17.9794
Iteration : 3
Chi^2 of change 5.83437
Iteration : 4
Chi^2 of change 3.11616
Iteration : 5
Chi^2 of change 2.24799
Iteration : 6
Chi^2 of change 1.83807
Iteration : 7
Chi^2 of change 1.58126
Iteration : 8
Chi^2 of change 1.39569
Iteration : 9
Chi^2 of change 1.25192
Calculating covariances due to number of measured events
Now unfolding...
Iteration : 0
Chi^2 of change 162.493
Iteration : 1
Chi^2 of change 49.9627
Iteration : 2
Chi^2 of change 32.4052
Iteration : 3
Chi^2 of change 20.8658
Iteration : 4
Chi^2 of change 13.7369
Iteration : 5
Chi^2 of change 10.1549
Iteration : 6
Chi^2 of change 8.19602
Iteration : 7
Chi^2 of change 6.85909
Iteration : 8
Chi^2 of change 5.81369
Iteration : 9
Chi^2 of change 4.96814
Calculating covariances due to number of measured events
Convolution with thetaX_Moliere from /home/ppe/j/jnugent/workarea/Unfolding/Cobb_results/LiH-6p5-200-B-hists.root
OBJ: RooUnfoldBayes	response	Unfold Response
regularisation parameter = 10, ntoys = 50
OBJ: RooUnfoldBayes	response	Unfold Response
regularisation parameter = 10, ntoys = 50
OBJ: RooUnfoldBayes	response	Unfold Response
regularisation parameter = 10, ntoys = 50
OBJ: RooUnfoldBayes	response	Unfold Response
regularisation parameter = 10, ntoys = 50
Now unfolding...
Iteration : 0
Chi^2 of change 33.7459
Iteration : 1
Chi^2 of change 7.80027
Iteration : 2
Chi^2 of change 2.31045
Iteration : 3
Chi^2 of change 0.910582
Iteration : 4
Chi^2 of change 0.484275
Iteration : 5
Chi^2 of change 0.324969
Iteration : 6
Chi^2 of change 0.249484
Iteration : 7
Chi^2 of change 0.205274
Iteration : 8
Chi^2 of change 0.175444
Iteration : 9
Chi^2 of change 0.153634
Calculating covariances due to number of measured events
Now unfolding...
Iteration : 0
Chi^2 of change 214.503
Iteration : 1
Chi^2 of change 24.5935
Iteration : 2
Chi^2 of change 3.70012
Iteration : 3
Chi^2 of change 1.12142
Iteration : 4
Chi^2 of change 0.66577
Iteration : 5
Chi^2 of change 0.534236
Iteration : 6
Chi^2 of change 0.478461
Iteration : 7
Chi^2 of change 0.447203
Iteration : 8
Chi^2 of change 0.425226
Iteration : 9
Chi^2 of change 0.40702
Calculating covariances due to number of measured events
Now unfolding...
Iteration : 0
Chi^2 of change 195.242
Iteration : 1
Chi^2 of change 112.659
Iteration : 2
Chi^2 of change 31.1714
Iteration : 3
Chi^2 of change 14.4493
Iteration : 4
Chi^2 of change 7.45471
Iteration : 5
Chi^2 of change 4.57032
Iteration : 6
Chi^2 of change 3.33323
Iteration : 7
Chi^2 of change 2.68468
Iteration : 8
Chi^2 of change 2.26305
Iteration : 9
Chi^2 of change 1.94784
Calculating covariances due to number of measured events
Now unfolding...
Iteration : 0
Chi^2 of change 41.9002
Iteration : 1
Chi^2 of change 20.7136
Iteration : 2
Chi^2 of change 14.2434
Iteration : 3
Chi^2 of change 11.3234
Iteration : 4
Chi^2 of change 9.52065
Iteration : 5
Chi^2 of change 8.13984
Iteration : 6
Chi^2 of change 7.00761
Iteration : 7
Chi^2 of change 6.07566
Iteration : 8
Chi^2 of change 5.31032
Iteration : 9
Chi^2 of change 4.67986
Calculating covariances due to number of measured events
