000 (39258.000.000) 2021-07-21 05:48:37 Job submitted from host: <194.36.1.200:9618?addrs=194.36.1.200-9618&alias=hex.ppe.gla.ac.uk&noUDP&sock=schedd_1401_8c46>
...
040 (39258.000.000) 2021-07-21 05:48:53 Started transferring input files
	Transferring to host: <192.168.16.101:9618?addrs=192.168.16.101-9618&alias=condor-h16-01.ppe.cluster&noUDP&sock=slot1_3_21991_6617_309>
...
040 (39258.000.000) 2021-07-21 05:48:53 Finished transferring input files
...
001 (39258.000.000) 2021-07-21 05:48:54 Job executing on host: <192.168.16.101:9618?addrs=192.168.16.101-9618&alias=condor-h16-01.ppe.cluster&noUDP&sock=startd_2155_baae>
...
006 (39258.000.000) 2021-07-21 05:49:02 Image size of job updated: 184100
	177  -  MemoryUsage of job (MB)
	180472  -  ResidentSetSize of job (KB)
...
006 (39258.000.000) 2021-07-21 05:54:02 Image size of job updated: 1598952
	937  -  MemoryUsage of job (MB)
	959288  -  ResidentSetSize of job (KB)
...
006 (39258.000.000) 2021-07-21 05:59:03 Image size of job updated: 2687764
	1676  -  MemoryUsage of job (MB)
	1716044  -  ResidentSetSize of job (KB)
...
006 (39258.000.000) 2021-07-21 06:04:03 Image size of job updated: 3778860
	2380  -  MemoryUsage of job (MB)
	2436360  -  ResidentSetSize of job (KB)
...
006 (39258.000.000) 2021-07-21 06:09:03 Image size of job updated: 4865992
	3065  -  MemoryUsage of job (MB)
	3138380  -  ResidentSetSize of job (KB)
...
006 (39258.000.000) 2021-07-21 06:14:05 Image size of job updated: 4871360
	3667  -  MemoryUsage of job (MB)
	3754348  -  ResidentSetSize of job (KB)
...
006 (39258.000.000) 2021-07-21 06:19:05 Image size of job updated: 8116680
	4252  -  MemoryUsage of job (MB)
	4353532  -  ResidentSetSize of job (KB)
...
006 (39258.000.000) 2021-07-21 06:24:05 Image size of job updated: 8116680
	4252  -  MemoryUsage of job (MB)
	4353544  -  ResidentSetSize of job (KB)
...
040 (39258.000.000) 2021-07-21 06:29:46 Started transferring output files
...
040 (39258.000.000) 2021-07-21 06:29:46 Finished transferring output files
...
005 (39258.000.000) 2021-07-21 06:29:46 Job terminated.
	(1) Normal termination (return value 1)
		Usr 0 00:40:02, Sys 0 00:00:28  -  Run Remote Usage
		Usr 0 00:00:00, Sys 0 00:00:00  -  Run Local Usage
		Usr 0 00:40:02, Sys 0 00:00:28  -  Total Remote Usage
		Usr 0 00:00:00, Sys 0 00:00:00  -  Total Local Usage
	40752  -  Run Bytes Sent By Job
	223  -  Run Bytes Received By Job
	40752  -  Total Bytes Sent By Job
	223  -  Total Bytes Received By Job
	Partitionable Resources :    Usage  Request Allocated 
	   Cpus                 :     1.00        1         1 
	   Disk (KB)            :    55           1    864796 
	   Memory (MB)          :  4252        6144      6144 

	Job terminated of its own accord at 2021-07-21T05:29:46Z.
...
000 (39695.000.000) 2021-07-23 02:55:55 Job submitted from host: <194.36.1.200:9618?addrs=194.36.1.200-9618&alias=hex.ppe.gla.ac.uk&noUDP&sock=schedd_1401_8c46>
...
040 (39695.000.000) 2021-07-23 02:56:13 Started transferring input files
	Transferring to host: <192.168.16.111:9618?addrs=192.168.16.111-9618&alias=condor-d19-01.ppe.cluster&noUDP&sock=slot1_2_222987_4385_608>
...
040 (39695.000.000) 2021-07-23 02:56:13 Finished transferring input files
...
001 (39695.000.000) 2021-07-23 02:56:14 Job executing on host: <192.168.16.111:9618?addrs=192.168.16.111-9618&alias=condor-d19-01.ppe.cluster&noUDP&sock=startd_2932_afc5>
...
006 (39695.000.000) 2021-07-23 02:56:22 Image size of job updated: 192616
	179  -  MemoryUsage of job (MB)
	182516  -  ResidentSetSize of job (KB)
...
006 (39695.000.000) 2021-07-23 03:01:22 Image size of job updated: 2141408
	1091  -  MemoryUsage of job (MB)
	1116204  -  ResidentSetSize of job (KB)
...
006 (39695.000.000) 2021-07-23 03:06:23 Image size of job updated: 2692420
	1965  -  MemoryUsage of job (MB)
	2011796  -  ResidentSetSize of job (KB)
...
006 (39695.000.000) 2021-07-23 03:11:24 Image size of job updated: 3782484
	2784  -  MemoryUsage of job (MB)
	2850560  -  ResidentSetSize of job (KB)
...
006 (39695.000.000) 2021-07-23 03:16:24 Image size of job updated: 4870480
	3422  -  MemoryUsage of job (MB)
	3503352  -  ResidentSetSize of job (KB)
...
006 (39695.000.000) 2021-07-23 03:21:25 Image size of job updated: 7041288
	3998  -  MemoryUsage of job (MB)
	4093388  -  ResidentSetSize of job (KB)
...
006 (39695.000.000) 2021-07-23 03:26:25 Image size of job updated: 7221048
	3998  -  MemoryUsage of job (MB)
	4093388  -  ResidentSetSize of job (KB)
...
040 (39695.000.000) 2021-07-23 03:30:58 Started transferring output files
...
040 (39695.000.000) 2021-07-23 03:30:58 Finished transferring output files
...
005 (39695.000.000) 2021-07-23 03:30:58 Job terminated.
	(1) Normal termination (return value 1)
		Usr 0 00:33:17, Sys 0 00:00:22  -  Run Remote Usage
		Usr 0 00:00:00, Sys 0 00:00:00  -  Run Local Usage
		Usr 0 00:33:17, Sys 0 00:00:22  -  Total Remote Usage
		Usr 0 00:00:00, Sys 0 00:00:00  -  Total Local Usage
	40773  -  Run Bytes Sent By Job
	223  -  Run Bytes Received By Job
	40773  -  Total Bytes Sent By Job
	223  -  Total Bytes Received By Job
	Partitionable Resources :    Usage  Request Allocated 
	   Cpus                 :     0.99        1         1 
	   Disk (KB)            :    55           1    825748 
	   Memory (MB)          :  3998        6144      6144 

	Job terminated of its own accord at 2021-07-23T02:30:58Z.
...
000 (40097.000.000) 2021-07-25 13:05:27 Job submitted from host: <194.36.1.200:9618?addrs=194.36.1.200-9618&alias=hex.ppe.gla.ac.uk&noUDP&sock=schedd_1401_8c46>
...
040 (40097.000.000) 2021-07-25 13:05:31 Started transferring input files
	Transferring to host: <192.168.16.112:9618?addrs=192.168.16.112-9618&alias=condor-d19-02.ppe.cluster&noUDP&sock=slot1_2_174254_74e7_676>
...
040 (40097.000.000) 2021-07-25 13:05:31 Finished transferring input files
...
001 (40097.000.000) 2021-07-25 13:05:32 Job executing on host: <192.168.16.112:9618?addrs=192.168.16.112-9618&alias=condor-d19-02.ppe.cluster&noUDP&sock=startd_2914_5710>
...
006 (40097.000.000) 2021-07-25 13:05:41 Image size of job updated: 197032
	185  -  MemoryUsage of job (MB)
	189312  -  ResidentSetSize of job (KB)
...
006 (40097.000.000) 2021-07-25 13:10:42 Image size of job updated: 2141396
	1088  -  MemoryUsage of job (MB)
	1113592  -  ResidentSetSize of job (KB)
...
006 (40097.000.000) 2021-07-25 13:15:42 Image size of job updated: 2692408
	1953  -  MemoryUsage of job (MB)
	1999280  -  ResidentSetSize of job (KB)
...
006 (40097.000.000) 2021-07-25 13:20:42 Image size of job updated: 3782476
	2774  -  MemoryUsage of job (MB)
	2839744  -  ResidentSetSize of job (KB)
...
006 (40097.000.000) 2021-07-25 13:25:43 Image size of job updated: 4870472
	3521  -  MemoryUsage of job (MB)
	3605100  -  ResidentSetSize of job (KB)
...
006 (40097.000.000) 2021-07-25 13:30:43 Image size of job updated: 7041280
	4170  -  MemoryUsage of job (MB)
	4269868  -  ResidentSetSize of job (KB)
...
006 (40097.000.000) 2021-07-25 13:35:43 Image size of job updated: 7254720
	4170  -  MemoryUsage of job (MB)
	4269868  -  ResidentSetSize of job (KB)
...
040 (40097.000.000) 2021-07-25 13:42:10 Started transferring output files
...
040 (40097.000.000) 2021-07-25 13:42:10 Finished transferring output files
...
005 (40097.000.000) 2021-07-25 13:42:10 Job terminated.
	(1) Normal termination (return value 0)
		Usr 0 00:35:33, Sys 0 00:00:32  -  Run Remote Usage
		Usr 0 00:00:00, Sys 0 00:00:00  -  Run Local Usage
		Usr 0 00:35:33, Sys 0 00:00:32  -  Total Remote Usage
		Usr 0 00:00:00, Sys 0 00:00:00  -  Total Local Usage
	486357  -  Run Bytes Sent By Job
	223  -  Run Bytes Received By Job
	486357  -  Total Bytes Sent By Job
	223  -  Total Bytes Received By Job
	Partitionable Resources :    Usage  Request Allocated 
	   Cpus                 :     1.00        1         1 
	   Disk (KB)            :   490           1    825748 
	   Memory (MB)          :  4170        6144      6144 

	Job terminated of its own accord at 2021-07-25T12:42:09Z.
...
000 (41211.000.000) 2021-07-29 12:42:50 Job submitted from host: <194.36.1.200:9618?addrs=194.36.1.200-9618&alias=hex.ppe.gla.ac.uk&noUDP&sock=schedd_1401_8c46>
...
040 (41211.000.000) 2021-07-29 12:43:01 Started transferring input files
	Transferring to host: <192.168.16.112:9618?addrs=192.168.16.112-9618&alias=condor-d19-02.ppe.cluster&noUDP&sock=slot1_2_268998_2cf4_37>
...
040 (41211.000.000) 2021-07-29 12:43:01 Finished transferring input files
...
001 (41211.000.000) 2021-07-29 12:43:02 Job executing on host: <192.168.16.112:9618?addrs=192.168.16.112-9618&alias=condor-d19-02.ppe.cluster&noUDP&sock=startd_2914_5710>
...
006 (41211.000.000) 2021-07-29 12:43:11 Image size of job updated: 202348
	185  -  MemoryUsage of job (MB)
	188788  -  ResidentSetSize of job (KB)
...
006 (41211.000.000) 2021-07-29 12:43:35 Image size of job updated: 644316
	185  -  MemoryUsage of job (MB)
	188788  -  ResidentSetSize of job (KB)
...
040 (41211.000.000) 2021-07-29 12:43:35 Started transferring output files
...
040 (41211.000.000) 2021-07-29 12:43:35 Finished transferring output files
...
005 (41211.000.000) 2021-07-29 12:43:35 Job terminated.
	(1) Normal termination (return value 134)
		Usr 0 00:00:29, Sys 0 00:00:00  -  Run Remote Usage
		Usr 0 00:00:00, Sys 0 00:00:00  -  Run Local Usage
		Usr 0 00:00:29, Sys 0 00:00:00  -  Total Remote Usage
		Usr 0 00:00:00, Sys 0 00:00:00  -  Total Local Usage
	10531  -  Run Bytes Sent By Job
	223  -  Run Bytes Received By Job
	10531  -  Total Bytes Sent By Job
	223  -  Total Bytes Received By Job
	Partitionable Resources :    Usage  Request Allocated 
	   Cpus                 :                 1         1 
	   Disk (KB)            :       20        1    825748 
	   Memory (MB)          :      185     6144      6144 

	Job terminated of its own accord at 2021-07-29T11:43:35Z.
...
000 (41312.000.000) 2021-07-29 14:39:29 Job submitted from host: <194.36.1.200:9618?addrs=194.36.1.200-9618&alias=hex.ppe.gla.ac.uk&noUDP&sock=schedd_1401_8c46>
...
040 (41312.000.000) 2021-07-29 14:39:47 Started transferring input files
	Transferring to host: <192.168.16.111:9618?addrs=192.168.16.111-9618&alias=condor-d19-01.ppe.cluster&noUDP&sock=slot1_2_140832_a258_46>
...
040 (41312.000.000) 2021-07-29 14:39:47 Finished transferring input files
...
001 (41312.000.000) 2021-07-29 14:39:48 Job executing on host: <192.168.16.111:9618?addrs=192.168.16.111-9618&alias=condor-d19-01.ppe.cluster&noUDP&sock=startd_2932_afc5>
...
006 (41312.000.000) 2021-07-29 14:39:56 Image size of job updated: 332944
	197  -  MemoryUsage of job (MB)
	201504  -  ResidentSetSize of job (KB)
...
006 (41312.000.000) 2021-07-29 14:41:36 Image size of job updated: 824992
	197  -  MemoryUsage of job (MB)
	201504  -  ResidentSetSize of job (KB)
...
040 (41312.000.000) 2021-07-29 14:41:36 Started transferring output files
...
040 (41312.000.000) 2021-07-29 14:41:36 Finished transferring output files
...
005 (41312.000.000) 2021-07-29 14:41:36 Job terminated.
	(1) Normal termination (return value 0)
		Usr 0 00:01:44, Sys 0 00:00:01  -  Run Remote Usage
		Usr 0 00:00:00, Sys 0 00:00:00  -  Run Local Usage
		Usr 0 00:01:44, Sys 0 00:00:01  -  Total Remote Usage
		Usr 0 00:00:00, Sys 0 00:00:00  -  Total Local Usage
	485253  -  Run Bytes Sent By Job
	223  -  Run Bytes Received By Job
	485253  -  Total Bytes Sent By Job
	223  -  Total Bytes Received By Job
	Partitionable Resources :    Usage  Request Allocated 
	   Cpus                 :                 1         1 
	   Disk (KB)            :      484        1    825748 
	   Memory (MB)          :      197     6144      6144 

	Job terminated of its own accord at 2021-07-29T13:41:36Z.
...
000 (41548.000.000) 2021-07-31 00:37:49 Job submitted from host: <194.36.1.200:9618?addrs=194.36.1.200-9618&alias=hex.ppe.gla.ac.uk&noUDP&sock=schedd_1401_8c46>
...
040 (41548.000.000) 2021-07-31 00:38:07 Started transferring input files
	Transferring to host: <192.168.16.111:9618?addrs=192.168.16.111-9618&alias=condor-d19-01.ppe.cluster&noUDP&sock=slot1_2_211146_3543_36>
...
040 (41548.000.000) 2021-07-31 00:38:07 Finished transferring input files
...
001 (41548.000.000) 2021-07-31 00:38:08 Job executing on host: <192.168.16.111:9618?addrs=192.168.16.111-9618&alias=condor-d19-01.ppe.cluster&noUDP&sock=startd_2932_afc5>
...
006 (41548.000.000) 2021-07-31 00:38:16 Image size of job updated: 191368
	179  -  MemoryUsage of job (MB)
	182972  -  ResidentSetSize of job (KB)
...
006 (41548.000.000) 2021-07-31 00:43:16 Image size of job updated: 2142392
	1095  -  MemoryUsage of job (MB)
	1120900  -  ResidentSetSize of job (KB)
...
006 (41548.000.000) 2021-07-31 00:48:17 Image size of job updated: 2692404
	1964  -  MemoryUsage of job (MB)
	2010180  -  ResidentSetSize of job (KB)
...
006 (41548.000.000) 2021-07-31 00:53:17 Image size of job updated: 3782468
	2785  -  MemoryUsage of job (MB)
	2851412  -  ResidentSetSize of job (KB)
...
006 (41548.000.000) 2021-07-31 00:58:17 Image size of job updated: 4870468
	3525  -  MemoryUsage of job (MB)
	3608972  -  ResidentSetSize of job (KB)
...
006 (41548.000.000) 2021-07-31 01:03:18 Image size of job updated: 7041276
	3923  -  MemoryUsage of job (MB)
	4016632  -  ResidentSetSize of job (KB)
...
006 (41548.000.000) 2021-07-31 01:08:18 Image size of job updated: 7221052
	3923  -  MemoryUsage of job (MB)
	4016632  -  ResidentSetSize of job (KB)
...
040 (41548.000.000) 2021-07-31 01:14:48 Started transferring output files
...
040 (41548.000.000) 2021-07-31 01:14:48 Finished transferring output files
...
005 (41548.000.000) 2021-07-31 01:14:48 Job terminated.
	(1) Normal termination (return value 0)
		Usr 0 00:35:11, Sys 0 00:00:29  -  Run Remote Usage
		Usr 0 00:00:00, Sys 0 00:00:00  -  Run Local Usage
		Usr 0 00:35:11, Sys 0 00:00:29  -  Total Remote Usage
		Usr 0 00:00:00, Sys 0 00:00:00  -  Total Local Usage
	485047  -  Run Bytes Sent By Job
	223  -  Run Bytes Received By Job
	485047  -  Total Bytes Sent By Job
	223  -  Total Bytes Received By Job
	Partitionable Resources :    Usage  Request Allocated 
	   Cpus                 :     0.98        1         1 
	   Disk (KB)            :   489           1    825748 
	   Memory (MB)          :  3923        6144      6144 

	Job terminated of its own accord at 2021-07-31T00:14:48Z.
...
000 (48343.000.000) 2021-09-11 20:13:07 Job submitted from host: <194.36.1.200:9618?addrs=194.36.1.200-9618&alias=hex.ppe.gla.ac.uk&noUDP&sock=schedd_1448_c939>
...
040 (48343.000.000) 2021-09-11 20:13:20 Started transferring input files
	Transferring to host: <192.168.16.101:9618?addrs=192.168.16.101-9618&alias=condor-h16-01.ppe.cluster&noUDP&sock=slot1_3_5997_2dcd_273>
...
040 (48343.000.000) 2021-09-11 20:13:20 Finished transferring input files
...
001 (48343.000.000) 2021-09-11 20:13:21 Job executing on host: <192.168.16.101:9618?addrs=192.168.16.101-9618&alias=condor-h16-01.ppe.cluster&noUDP&sock=startd_2281_279d>
...
006 (48343.000.000) 2021-09-11 20:13:30 Image size of job updated: 188108
	184  -  MemoryUsage of job (MB)
	188108  -  ResidentSetSize of job (KB)
...
006 (48343.000.000) 2021-09-11 20:18:30 Image size of job updated: 1599512
	957  -  MemoryUsage of job (MB)
	979128  -  ResidentSetSize of job (KB)
...
006 (48343.000.000) 2021-09-11 20:23:30 Image size of job updated: 2689936
	1677  -  MemoryUsage of job (MB)
	1717052  -  ResidentSetSize of job (KB)
...
006 (48343.000.000) 2021-09-11 20:28:31 Image size of job updated: 3778896
	2321  -  MemoryUsage of job (MB)
	2375984  -  ResidentSetSize of job (KB)
...
006 (48343.000.000) 2021-09-11 20:33:32 Image size of job updated: 4866028
	2971  -  MemoryUsage of job (MB)
	3041680  -  ResidentSetSize of job (KB)
...
006 (48343.000.000) 2021-09-11 20:38:32 Image size of job updated: 4872276
	3390  -  MemoryUsage of job (MB)
	3470412  -  ResidentSetSize of job (KB)
...
006 (48343.000.000) 2021-09-11 20:43:33 Image size of job updated: 8116716
	3390  -  MemoryUsage of job (MB)
	3470456  -  ResidentSetSize of job (KB)
...
006 (48343.000.000) 2021-09-11 20:53:34 Image size of job updated: 8116716
	4226  -  MemoryUsage of job (MB)
	4327208  -  ResidentSetSize of job (KB)
...
040 (48343.000.000) 2021-09-11 21:06:46 Started transferring output files
...
040 (48343.000.000) 2021-09-11 21:06:46 Finished transferring output files
...
005 (48343.000.000) 2021-09-11 21:06:46 Job terminated.
	(1) Normal termination (return value 0)
		Usr 0 00:41:41, Sys 0 00:00:47  -  Run Remote Usage
		Usr 0 00:00:00, Sys 0 00:00:00  -  Run Local Usage
		Usr 0 00:41:41, Sys 0 00:00:47  -  Total Remote Usage
		Usr 0 00:00:00, Sys 0 00:00:00  -  Total Local Usage
	485021  -  Run Bytes Sent By Job
	223  -  Run Bytes Received By Job
	485021  -  Total Bytes Sent By Job
	223  -  Total Bytes Received By Job
	Partitionable Resources :    Usage  Request Allocated 
	   Cpus                 :     0.99        1         1 
	   Disk (KB)            :   489           1    864796 
	   Memory (MB)          :  4226        6144      6144 

	Job terminated of its own accord at 2021-09-11T20:06:46Z.
...
000 (53586.000.000) 2021-10-19 19:59:49 Job submitted from host: <194.36.1.200:9618?addrs=194.36.1.200-9618&alias=hex.ppe.gla.ac.uk&noUDP&sock=schedd_1448_c939>
...
040 (53586.000.000) 2021-10-19 19:59:57 Started transferring input files
	Transferring to host: <192.168.16.114:9618?addrs=192.168.16.114-9618&alias=condor-d19-04.ppe.cluster&noUDP&sock=slot1_3_51536_8629_4018>
...
040 (53586.000.000) 2021-10-19 19:59:57 Finished transferring input files
...
001 (53586.000.000) 2021-10-19 19:59:58 Job executing on host: <192.168.16.114:9618?addrs=192.168.16.114-9618&alias=condor-d19-04.ppe.cluster&noUDP&sock=startd_2652_a140>
...
006 (53586.000.000) 2021-10-19 20:00:07 Image size of job updated: 194260
	186  -  MemoryUsage of job (MB)
	189872  -  ResidentSetSize of job (KB)
...
006 (53586.000.000) 2021-10-19 20:05:08 Image size of job updated: 1600748
	1074  -  MemoryUsage of job (MB)
	1099036  -  ResidentSetSize of job (KB)
...
006 (53586.000.000) 2021-10-19 20:10:08 Image size of job updated: 2692432
	1939  -  MemoryUsage of job (MB)
	1984660  -  ResidentSetSize of job (KB)
...
006 (53586.000.000) 2021-10-19 20:15:08 Image size of job updated: 3782020
	2764  -  MemoryUsage of job (MB)
	2829740  -  ResidentSetSize of job (KB)
...
006 (53586.000.000) 2021-10-19 20:20:09 Image size of job updated: 4870496
	3529  -  MemoryUsage of job (MB)
	3613368  -  ResidentSetSize of job (KB)
...
006 (53586.000.000) 2021-10-19 20:25:10 Image size of job updated: 7042252
	4240  -  MemoryUsage of job (MB)
	4340744  -  ResidentSetSize of job (KB)
...
006 (53586.000.000) 2021-10-19 20:30:10 Image size of job updated: 7221060
	4240  -  MemoryUsage of job (MB)
	4340744  -  ResidentSetSize of job (KB)
...
040 (53586.000.000) 2021-10-19 20:35:38 Started transferring output files
...
040 (53586.000.000) 2021-10-19 20:35:38 Finished transferring output files
...
005 (53586.000.000) 2021-10-19 20:35:38 Job terminated.
	(1) Normal termination (return value 0)
		Usr 0 00:35:07, Sys 0 00:00:11  -  Run Remote Usage
		Usr 0 00:00:00, Sys 0 00:00:00  -  Run Local Usage
		Usr 0 00:35:07, Sys 0 00:00:11  -  Total Remote Usage
		Usr 0 00:00:00, Sys 0 00:00:00  -  Total Local Usage
	485144  -  Run Bytes Sent By Job
	223  -  Run Bytes Received By Job
	485144  -  Total Bytes Sent By Job
	223  -  Total Bytes Received By Job
	Partitionable Resources :    Usage  Request Allocated 
	   Cpus                 :     1.00        1         1 
	   Disk (KB)            :   489           1   3637421 
	   Memory (MB)          :  4240        6144      6144 

	Job terminated of its own accord at 2021-10-19T19:35:38Z.
...
000 (62567.000.000) 2021-11-18 15:30:17 Job submitted from host: <194.36.1.200:9618?addrs=194.36.1.200-9618&alias=hex.ppe.gla.ac.uk&noUDP&sock=schedd_1448_c939>
...
040 (62567.000.000) 2021-11-18 15:30:34 Started transferring input files
	Transferring to host: <192.168.16.112:9618?addrs=192.168.16.112-9618&alias=condor-d19-02.ppe.cluster&noUDP&sock=slot1_2_43743_a68c_6748>
...
040 (62567.000.000) 2021-11-18 15:30:34 Finished transferring input files
...
001 (62567.000.000) 2021-11-18 15:30:35 Job executing on host: <192.168.16.112:9618?addrs=192.168.16.112-9618&alias=condor-d19-02.ppe.cluster&noUDP&sock=startd_9793_c30d>
...
006 (62567.000.000) 2021-11-18 15:30:44 Image size of job updated: 170404
	164  -  MemoryUsage of job (MB)
	167284  -  ResidentSetSize of job (KB)
...
006 (62567.000.000) 2021-11-18 15:35:44 Image size of job updated: 1600748
	998  -  MemoryUsage of job (MB)
	1021240  -  ResidentSetSize of job (KB)
...
006 (62567.000.000) 2021-11-18 15:40:44 Image size of job updated: 2691512
	1804  -  MemoryUsage of job (MB)
	1846328  -  ResidentSetSize of job (KB)
...
006 (62567.000.000) 2021-11-18 15:45:45 Image size of job updated: 3781508
	2569  -  MemoryUsage of job (MB)
	2630512  -  ResidentSetSize of job (KB)
...
006 (62567.000.000) 2021-11-18 15:50:45 Image size of job updated: 4867984
	3289  -  MemoryUsage of job (MB)
	3367752  -  ResidentSetSize of job (KB)
...
006 (62567.000.000) 2021-11-18 15:55:45 Image size of job updated: 7038604
	3936  -  MemoryUsage of job (MB)
	4029636  -  ResidentSetSize of job (KB)
...
006 (62567.000.000) 2021-11-18 16:00:46 Image size of job updated: 7221064
	3936  -  MemoryUsage of job (MB)
	4029648  -  ResidentSetSize of job (KB)
...
040 (62567.000.000) 2021-11-18 16:09:54 Started transferring output files
...
040 (62567.000.000) 2021-11-18 16:09:54 Finished transferring output files
...
005 (62567.000.000) 2021-11-18 16:09:54 Job terminated.
	(1) Normal termination (return value 0)
		Usr 0 00:38:14, Sys 0 00:00:37  -  Run Remote Usage
		Usr 0 00:00:00, Sys 0 00:00:00  -  Run Local Usage
		Usr 0 00:38:14, Sys 0 00:00:37  -  Total Remote Usage
		Usr 0 00:00:00, Sys 0 00:00:00  -  Total Local Usage
	1699850  -  Run Bytes Sent By Job
	223  -  Run Bytes Received By Job
	1699850  -  Total Bytes Sent By Job
	223  -  Total Bytes Received By Job
	Partitionable Resources :    Usage  Request Allocated 
	   Cpus                 :     0.98        1         1 
	   Disk (KB)            :  1675           1    825748 
	   Memory (MB)          :  3936        6144      6144 

	Job terminated of its own accord at 2021-11-18T16:09:54Z.
...
000 (81511.000.000) 2022-01-27 15:33:55 Job submitted from host: <194.36.1.200:9618?addrs=194.36.1.200-9618&alias=hex.ppe.gla.ac.uk&noUDP&sock=schedd_1448_c939>
...
040 (81511.000.000) 2022-01-27 15:34:09 Started transferring input files
	Transferring to host: <192.168.16.113:9618?addrs=192.168.16.113-9618&alias=condor-d19-03.ppe.cluster&noUDP&sock=slot1_3_12571_2818_25470>
...
040 (81511.000.000) 2022-01-27 15:34:09 Finished transferring input files
...
001 (81511.000.000) 2022-01-27 15:34:10 Job executing on host: <192.168.16.113:9618?addrs=192.168.16.113-9618&alias=condor-d19-03.ppe.cluster&noUDP&sock=startd_2672_5925>
...
006 (81511.000.000) 2022-01-27 15:34:18 Image size of job updated: 174312
	165  -  MemoryUsage of job (MB)
	168032  -  ResidentSetSize of job (KB)
...
006 (81511.000.000) 2022-01-27 15:35:57 Image size of job updated: 832816
	165  -  MemoryUsage of job (MB)
	168044  -  ResidentSetSize of job (KB)
...
040 (81511.000.000) 2022-01-27 15:35:57 Started transferring output files
...
040 (81511.000.000) 2022-01-27 15:35:57 Finished transferring output files
...
005 (81511.000.000) 2022-01-27 15:35:57 Job terminated.
	(1) Normal termination (return value 0)
		Usr 0 00:01:42, Sys 0 00:00:00  -  Run Remote Usage
		Usr 0 00:00:00, Sys 0 00:00:00  -  Run Local Usage
		Usr 0 00:01:42, Sys 0 00:00:00  -  Total Remote Usage
		Usr 0 00:00:00, Sys 0 00:00:00  -  Total Local Usage
	518725  -  Run Bytes Sent By Job
	223  -  Run Bytes Received By Job
	518725  -  Total Bytes Sent By Job
	223  -  Total Bytes Received By Job
	Partitionable Resources :    Usage  Request Allocated 
	   Cpus                 :                 1         1 
	   Disk (KB)            :      516        1   3637421 
	   Memory (MB)          :      165     6144      6144 

	Job terminated of its own accord at 2022-01-27T15:35:57Z.
...
000 (81659.000.000) 2022-01-28 14:22:36 Job submitted from host: <194.36.1.200:9618?addrs=194.36.1.200-9618&alias=hex.ppe.gla.ac.uk&noUDP&sock=schedd_1448_c939>
...
040 (81659.000.000) 2022-01-28 14:28:44 Started transferring input files
	Transferring to host: <192.168.16.114:9618?addrs=192.168.16.114-9618&alias=condor-d19-04.ppe.cluster&noUDP&sock=slot1_13_5311_d471_30159>
...
040 (81659.000.000) 2022-01-28 14:28:44 Finished transferring input files
...
001 (81659.000.000) 2022-01-28 14:28:45 Job executing on host: <192.168.16.114:9618?addrs=192.168.16.114-9618&alias=condor-d19-04.ppe.cluster&noUDP&sock=startd_2652_a140>
...
006 (81659.000.000) 2022-01-28 14:28:54 Image size of job updated: 517140
	179  -  MemoryUsage of job (MB)
	183160  -  ResidentSetSize of job (KB)
...
006 (81659.000.000) 2022-01-28 14:30:28 Image size of job updated: 900408
	179  -  MemoryUsage of job (MB)
	183172  -  ResidentSetSize of job (KB)
...
040 (81659.000.000) 2022-01-28 14:30:28 Started transferring output files
...
040 (81659.000.000) 2022-01-28 14:30:28 Finished transferring output files
...
005 (81659.000.000) 2022-01-28 14:30:28 Job terminated.
	(1) Normal termination (return value 0)
		Usr 0 00:01:40, Sys 0 00:00:00  -  Run Remote Usage
		Usr 0 00:00:00, Sys 0 00:00:00  -  Run Local Usage
		Usr 0 00:01:40, Sys 0 00:00:00  -  Total Remote Usage
		Usr 0 00:00:00, Sys 0 00:00:00  -  Total Local Usage
	518725  -  Run Bytes Sent By Job
	223  -  Run Bytes Received By Job
	518725  -  Total Bytes Sent By Job
	223  -  Total Bytes Received By Job
	Partitionable Resources :    Usage  Request Allocated 
	   Cpus                 :                 1         1 
	   Disk (KB)            :      516        1   3637421 
	   Memory (MB)          :      179     6144      6144 

	Job terminated of its own accord at 2022-01-28T14:30:28Z.
...
000 (81761.000.000) 2022-01-28 19:05:23 Job submitted from host: <194.36.1.200:9618?addrs=194.36.1.200-9618&alias=hex.ppe.gla.ac.uk&noUDP&sock=schedd_1448_c939>
...
040 (81761.000.000) 2022-01-28 19:06:59 Started transferring input files
	Transferring to host: <192.168.16.114:9618?addrs=192.168.16.114-9618&alias=condor-d19-04.ppe.cluster&noUDP&sock=slot1_23_5311_d471_30731>
...
040 (81761.000.000) 2022-01-28 19:06:59 Finished transferring input files
...
001 (81761.000.000) 2022-01-28 19:07:00 Job executing on host: <192.168.16.114:9618?addrs=192.168.16.114-9618&alias=condor-d19-04.ppe.cluster&noUDP&sock=startd_2652_a140>
...
006 (81761.000.000) 2022-01-28 19:07:08 Image size of job updated: 525584
	166  -  MemoryUsage of job (MB)
	169576  -  ResidentSetSize of job (KB)
...
006 (81761.000.000) 2022-01-28 19:09:06 Image size of job updated: 832812
	166  -  MemoryUsage of job (MB)
	169584  -  ResidentSetSize of job (KB)
...
040 (81761.000.000) 2022-01-28 19:09:06 Started transferring output files
...
040 (81761.000.000) 2022-01-28 19:09:06 Finished transferring output files
...
005 (81761.000.000) 2022-01-28 19:09:06 Job terminated.
	(1) Normal termination (return value 0)
		Usr 0 00:02:02, Sys 0 00:00:01  -  Run Remote Usage
		Usr 0 00:00:00, Sys 0 00:00:00  -  Run Local Usage
		Usr 0 00:02:02, Sys 0 00:00:01  -  Total Remote Usage
		Usr 0 00:00:00, Sys 0 00:00:00  -  Total Local Usage
	518725  -  Run Bytes Sent By Job
	223  -  Run Bytes Received By Job
	518725  -  Total Bytes Sent By Job
	223  -  Total Bytes Received By Job
	Partitionable Resources :    Usage  Request Allocated 
	   Cpus                 :     1.00        1         1 
	   Disk (KB)            :   522           1   3637421 
	   Memory (MB)          :   166        6144      6144 

	Job terminated of its own accord at 2022-01-28T19:09:06Z.
...
000 (81868.000.000) 2022-01-29 13:21:17 Job submitted from host: <194.36.1.200:9618?addrs=194.36.1.200-9618&alias=hex.ppe.gla.ac.uk&noUDP&sock=schedd_1448_c939>
...
040 (81868.000.000) 2022-01-29 13:30:35 Started transferring input files
	Transferring to host: <192.168.16.112:9618?addrs=192.168.16.112-9618&alias=condor-d19-02.ppe.cluster&noUDP&sock=slot1_8_271865_3c88_31930>
...
040 (81868.000.000) 2022-01-29 13:30:35 Finished transferring input files
...
001 (81868.000.000) 2022-01-29 13:30:36 Job executing on host: <192.168.16.112:9618?addrs=192.168.16.112-9618&alias=condor-d19-02.ppe.cluster&noUDP&sock=startd_9793_c30d>
...
006 (81868.000.000) 2022-01-29 13:30:45 Image size of job updated: 534036
	176  -  MemoryUsage of job (MB)
	180144  -  ResidentSetSize of job (KB)
...
006 (81868.000.000) 2022-01-29 13:32:44 Image size of job updated: 832816
	176  -  MemoryUsage of job (MB)
	180144  -  ResidentSetSize of job (KB)
...
040 (81868.000.000) 2022-01-29 13:32:44 Started transferring output files
...
040 (81868.000.000) 2022-01-29 13:32:44 Finished transferring output files
...
005 (81868.000.000) 2022-01-29 13:32:44 Job terminated.
	(1) Normal termination (return value 0)
		Usr 0 00:02:03, Sys 0 00:00:01  -  Run Remote Usage
		Usr 0 00:00:00, Sys 0 00:00:00  -  Run Local Usage
		Usr 0 00:02:03, Sys 0 00:00:01  -  Total Remote Usage
		Usr 0 00:00:00, Sys 0 00:00:00  -  Total Local Usage
	518714  -  Run Bytes Sent By Job
	223  -  Run Bytes Received By Job
	518714  -  Total Bytes Sent By Job
	223  -  Total Bytes Received By Job
	Partitionable Resources :    Usage  Request Allocated 
	   Cpus                 :     1.00        1         1 
	   Disk (KB)            :   522           1    825748 
	   Memory (MB)          :   176        6144      6144 

	Job terminated of its own accord at 2022-01-29T13:32:44Z.
...
000 (83037.000.000) 2022-01-31 16:28:39 Job submitted from host: <194.36.1.200:9618?addrs=194.36.1.200-9618&alias=hex.ppe.gla.ac.uk&noUDP&sock=schedd_1448_c939>
...
040 (83037.000.000) 2022-01-31 16:28:55 Started transferring input files
	Transferring to host: <192.168.16.111:9618?addrs=192.168.16.111-9618&alias=condor-d19-01.ppe.cluster&noUDP&sock=slot1_2_191214_4f99_48979>
...
040 (83037.000.000) 2022-01-31 16:28:55 Finished transferring input files
...
001 (83037.000.000) 2022-01-31 16:28:56 Job executing on host: <192.168.16.111:9618?addrs=192.168.16.111-9618&alias=condor-d19-01.ppe.cluster&noUDP&sock=startd_9802_ef68>
...
006 (83037.000.000) 2022-01-31 16:29:04 Image size of job updated: 525588
	164  -  MemoryUsage of job (MB)
	167228  -  ResidentSetSize of job (KB)
...
006 (83037.000.000) 2022-01-31 16:34:04 Image size of job updated: 2142488
	1045  -  MemoryUsage of job (MB)
	1069536  -  ResidentSetSize of job (KB)
...
006 (83037.000.000) 2022-01-31 16:39:05 Image size of job updated: 2692496
	1910  -  MemoryUsage of job (MB)
	1955296  -  ResidentSetSize of job (KB)
...
006 (83037.000.000) 2022-01-31 16:44:06 Image size of job updated: 3782084
	2721  -  MemoryUsage of job (MB)
	2785792  -  ResidentSetSize of job (KB)
...
006 (83037.000.000) 2022-01-31 16:49:06 Image size of job updated: 4868984
	3332  -  MemoryUsage of job (MB)
	3411292  -  ResidentSetSize of job (KB)
...
006 (83037.000.000) 2022-01-31 16:54:07 Image size of job updated: 7038280
	3670  -  MemoryUsage of job (MB)
	3757456  -  ResidentSetSize of job (KB)
...
006 (83037.000.000) 2022-01-31 16:59:08 Image size of job updated: 7221112
	3670  -  MemoryUsage of job (MB)
	3757472  -  ResidentSetSize of job (KB)
...
040 (83037.000.000) 2022-01-31 17:09:13 Started transferring output files
...
040 (83037.000.000) 2022-01-31 17:09:13 Finished transferring output files
...
005 (83037.000.000) 2022-01-31 17:09:13 Job terminated.
	(1) Normal termination (return value 0)
		Usr 0 00:38:33, Sys 0 00:00:45  -  Run Remote Usage
		Usr 0 00:00:00, Sys 0 00:00:00  -  Run Local Usage
		Usr 0 00:38:33, Sys 0 00:00:45  -  Total Remote Usage
		Usr 0 00:00:00, Sys 0 00:00:00  -  Total Local Usage
	1699861  -  Run Bytes Sent By Job
	223  -  Run Bytes Received By Job
	1699861  -  Total Bytes Sent By Job
	223  -  Total Bytes Received By Job
	Partitionable Resources :    Usage  Request Allocated 
	   Cpus                 :     1.00        1         1 
	   Disk (KB)            :  1675           1    825748 
	   Memory (MB)          :  3670        6144      6144 

	Job terminated of its own accord at 2022-01-31T17:09:13Z.
...
000 (85251.000.000) 2022-02-04 11:09:33 Job submitted from host: <194.36.1.200:9618?addrs=194.36.1.200-9618&alias=hex.ppe.gla.ac.uk&noUDP&sock=schedd_1448_c939>
...
040 (85251.000.000) 2022-02-04 11:09:52 Started transferring input files
	Transferring to host: <192.168.16.102:9618?addrs=192.168.16.102-9618&alias=condor-h16-02.ppe.cluster&noUDP&sock=slot1_9_24770_74a8_32099>
...
040 (85251.000.000) 2022-02-04 11:09:52 Finished transferring input files
...
001 (85251.000.000) 2022-02-04 11:09:53 Job executing on host: <192.168.16.102:9618?addrs=192.168.16.102-9618&alias=condor-h16-02.ppe.cluster&noUDP&sock=startd_2233_3b11>
...
006 (85251.000.000) 2022-02-04 11:10:01 Image size of job updated: 534032
	158  -  MemoryUsage of job (MB)
	160892  -  ResidentSetSize of job (KB)
...
006 (85251.000.000) 2022-02-04 11:12:55 Image size of job updated: 900396
	158  -  MemoryUsage of job (MB)
	160896  -  ResidentSetSize of job (KB)
...
040 (85251.000.000) 2022-02-04 11:12:55 Started transferring output files
...
040 (85251.000.000) 2022-02-04 11:12:55 Finished transferring output files
...
005 (85251.000.000) 2022-02-04 11:12:55 Job terminated.
	(1) Normal termination (return value 0)
		Usr 0 00:02:59, Sys 0 00:00:02  -  Run Remote Usage
		Usr 0 00:00:00, Sys 0 00:00:00  -  Run Local Usage
		Usr 0 00:02:59, Sys 0 00:00:02  -  Total Remote Usage
		Usr 0 00:00:00, Sys 0 00:00:00  -  Total Local Usage
	518714  -  Run Bytes Sent By Job
	223  -  Run Bytes Received By Job
	518714  -  Total Bytes Sent By Job
	223  -  Total Bytes Received By Job
	Partitionable Resources :    Usage  Request Allocated 
	   Cpus                 :                 1         1 
	   Disk (KB)            :      516        1    864796 
	   Memory (MB)          :      158     6144      6144 

	Job terminated of its own accord at 2022-02-04T11:12:55Z.
...
000 (85380.000.000) 2022-02-05 23:52:23 Job submitted from host: <194.36.1.200:9618?addrs=194.36.1.200-9618&alias=hex.ppe.gla.ac.uk&noUDP&sock=schedd_1448_c939>
...
040 (85380.000.000) 2022-02-06 00:03:45 Started transferring input files
	Transferring to host: <192.168.16.102:9618?addrs=192.168.16.102-9618&alias=condor-h16-02.ppe.cluster&noUDP&sock=slot1_6_24770_74a8_36107>
...
040 (85380.000.000) 2022-02-06 00:03:45 Finished transferring input files
...
001 (85380.000.000) 2022-02-06 00:03:46 Job executing on host: <192.168.16.102:9618?addrs=192.168.16.102-9618&alias=condor-h16-02.ppe.cluster&noUDP&sock=startd_2233_3b11>
...
006 (85380.000.000) 2022-02-06 00:03:54 Image size of job updated: 534032
	164  -  MemoryUsage of job (MB)
	167040  -  ResidentSetSize of job (KB)
...
006 (85380.000.000) 2022-02-06 00:08:54 Image size of job updated: 1599052
	808  -  MemoryUsage of job (MB)
	826856  -  ResidentSetSize of job (KB)
...
006 (85380.000.000) 2022-02-06 00:13:55 Image size of job updated: 2145188
	1430  -  MemoryUsage of job (MB)
	1463868  -  ResidentSetSize of job (KB)
...
006 (85380.000.000) 2022-02-06 00:18:56 Image size of job updated: 3775972
	2009  -  MemoryUsage of job (MB)
	2056964  -  ResidentSetSize of job (KB)
...
006 (85380.000.000) 2022-02-06 00:23:56 Image size of job updated: 3781568
	2605  -  MemoryUsage of job (MB)
	2667124  -  ResidentSetSize of job (KB)
...
006 (85380.000.000) 2022-02-06 00:28:57 Image size of job updated: 4867200
	3187  -  MemoryUsage of job (MB)
	3262864  -  ResidentSetSize of job (KB)
...
006 (85380.000.000) 2022-02-06 00:33:58 Image size of job updated: 4872744
	3869  -  MemoryUsage of job (MB)
	3961664  -  ResidentSetSize of job (KB)
...
006 (85380.000.000) 2022-02-06 00:38:58 Image size of job updated: 8116780
	3871  -  MemoryUsage of job (MB)
	3963828  -  ResidentSetSize of job (KB)
...
006 (85380.000.000) 2022-02-06 00:43:58 Image size of job updated: 8116780
	3958  -  MemoryUsage of job (MB)
	4052052  -  ResidentSetSize of job (KB)
...
006 (85380.000.000) 2022-02-06 00:48:59 Image size of job updated: 8116780
	3958  -  MemoryUsage of job (MB)
	4052180  -  ResidentSetSize of job (KB)
...
040 (85380.000.000) 2022-02-06 00:58:09 Started transferring output files
...
040 (85380.000.000) 2022-02-06 00:58:09 Finished transferring output files
...
005 (85380.000.000) 2022-02-06 00:58:09 Job terminated.
	(1) Normal termination (return value 0)
		Usr 0 00:48:59, Sys 0 00:00:48  -  Run Remote Usage
		Usr 0 00:00:00, Sys 0 00:00:00  -  Run Local Usage
		Usr 0 00:48:59, Sys 0 00:00:48  -  Total Remote Usage
		Usr 0 00:00:00, Sys 0 00:00:00  -  Total Local Usage
	1699861  -  Run Bytes Sent By Job
	223  -  Run Bytes Received By Job
	1699861  -  Total Bytes Sent By Job
	223  -  Total Bytes Received By Job
	Partitionable Resources :    Usage  Request Allocated 
	   Cpus                 :     1.00        1         1 
	   Disk (KB)            :  1675           1    864796 
	   Memory (MB)          :  3958        6144      6144 

	Job terminated of its own accord at 2022-02-06T00:58:09Z.
...
000 (244601.000.000) 2022-02-19 14:01:06 Job submitted from host: <194.36.1.200:9618?addrs=194.36.1.200-9618&alias=hex.ppe.gla.ac.uk&noUDP&sock=schedd_1448_c939>
...
040 (244601.000.000) 2022-02-19 14:01:22 Started transferring input files
	Transferring to host: <192.168.16.121:9618?addrs=192.168.16.121-9618&alias=condor-d20-01.ppe.cluster&noUDP&sock=slot1_17_42603_6ade_1605291>
...
040 (244601.000.000) 2022-02-19 14:01:22 Finished transferring input files
...
001 (244601.000.000) 2022-02-19 14:01:23 Job executing on host: <192.168.16.121:9618?addrs=192.168.16.121-9618&alias=condor-d20-01.ppe.cluster&noUDP&sock=startd_42477_4473>
...
006 (244601.000.000) 2022-02-19 14:01:32 Image size of job updated: 319080
	200  -  MemoryUsage of job (MB)
	204376  -  ResidentSetSize of job (KB)
...
006 (244601.000.000) 2022-02-19 14:06:33 Image size of job updated: 1600788
	1045  -  MemoryUsage of job (MB)
	1069440  -  ResidentSetSize of job (KB)
...
006 (244601.000.000) 2022-02-19 14:11:34 Image size of job updated: 2691552
	1873  -  MemoryUsage of job (MB)
	1917484  -  ResidentSetSize of job (KB)
...
006 (244601.000.000) 2022-02-19 14:16:34 Image size of job updated: 3781548
	2653  -  MemoryUsage of job (MB)
	2716260  -  ResidentSetSize of job (KB)
...
006 (244601.000.000) 2022-02-19 14:21:34 Image size of job updated: 4868024
	3311  -  MemoryUsage of job (MB)
	3389560  -  ResidentSetSize of job (KB)
...
006 (244601.000.000) 2022-02-19 14:26:35 Image size of job updated: 7038252
	3942  -  MemoryUsage of job (MB)
	4036492  -  ResidentSetSize of job (KB)
...
006 (244601.000.000) 2022-02-19 14:31:35 Image size of job updated: 7221176
	3942  -  MemoryUsage of job (MB)
	4036508  -  ResidentSetSize of job (KB)
...
040 (244601.000.000) 2022-02-19 14:40:20 Started transferring output files
...
040 (244601.000.000) 2022-02-19 14:40:20 Finished transferring output files
...
005 (244601.000.000) 2022-02-19 14:40:20 Job terminated.
	(1) Normal termination (return value 0)
		Usr 0 00:38:31, Sys 0 00:00:14  -  Run Remote Usage
		Usr 0 00:00:00, Sys 0 00:00:00  -  Run Local Usage
		Usr 0 00:38:31, Sys 0 00:00:14  -  Total Remote Usage
		Usr 0 00:00:00, Sys 0 00:00:00  -  Total Local Usage
	1699850  -  Run Bytes Sent By Job
	223  -  Run Bytes Received By Job
	1699850  -  Total Bytes Sent By Job
	223  -  Total Bytes Received By Job
	Partitionable Resources :    Usage  Request Allocated 
	   Cpus                 :     1.00        1         1 
	   Disk (KB)            :  1675           1   3637421 
	   Memory (MB)          :  3942        6144      6144 

	Job terminated of its own accord at 2022-02-19T14:40:20Z.
...
000 (326055.000.000) 2022-02-28 20:21:15 Job submitted from host: <194.36.1.200:9618?addrs=194.36.1.200-9618&alias=hex.ppe.gla.ac.uk&noUDP&sock=schedd_1448_c939>
...
040 (326055.000.000) 2022-02-28 20:31:25 Started transferring input files
	Transferring to host: <192.168.16.111:9618?addrs=192.168.16.111-9618&alias=condor-d19-01.ppe.cluster&noUDP&sock=slot1_36_191214_4f99_263299>
...
040 (326055.000.000) 2022-02-28 20:31:25 Finished transferring input files
...
001 (326055.000.000) 2022-02-28 20:31:26 Job executing on host: <192.168.16.111:9618?addrs=192.168.16.111-9618&alias=condor-d19-01.ppe.cluster&noUDP&sock=startd_9802_ef68>
...
006 (326055.000.000) 2022-02-28 20:31:34 Image size of job updated: 521364
	153  -  MemoryUsage of job (MB)
	155664  -  ResidentSetSize of job (KB)
...
006 (326055.000.000) 2022-02-28 20:34:54 Image size of job updated: 825500
	153  -  MemoryUsage of job (MB)
	155664  -  ResidentSetSize of job (KB)
...
040 (326055.000.000) 2022-02-28 20:34:54 Started transferring output files
...
040 (326055.000.000) 2022-02-28 20:34:54 Finished transferring output files
...
005 (326055.000.000) 2022-02-28 20:34:54 Job terminated.
	(1) Normal termination (return value 0)
		Usr 0 00:03:25, Sys 0 00:00:01  -  Run Remote Usage
		Usr 0 00:00:00, Sys 0 00:00:00  -  Run Local Usage
		Usr 0 00:03:25, Sys 0 00:00:01  -  Total Remote Usage
		Usr 0 00:00:00, Sys 0 00:00:00  -  Total Local Usage
	518714  -  Run Bytes Sent By Job
	223  -  Run Bytes Received By Job
	518714  -  Total Bytes Sent By Job
	223  -  Total Bytes Received By Job
	Partitionable Resources :    Usage  Request Allocated 
	   Cpus                 :     1.00        1         1 
	   Disk (KB)            :   522           1    825748 
	   Memory (MB)          :   153        6144      6144 

	Job terminated of its own accord at 2022-02-28T20:34:54Z.
...
000 (351957.000.000) 2022-03-01 15:58:23 Job submitted from host: <194.36.1.200:9618?addrs=194.36.1.200-9618&alias=hex.ppe.gla.ac.uk&noUDP&sock=schedd_1448_c939>
...
040 (351957.000.000) 2022-03-01 15:58:32 Started transferring input files
	Transferring to host: <192.168.16.102:9618?addrs=192.168.16.102-9618&alias=condor-h16-02.ppe.cluster&noUDP&sock=slot1_4_24770_74a8_106883>
...
040 (351957.000.000) 2022-03-01 15:58:32 Finished transferring input files
...
001 (351957.000.000) 2022-03-01 15:58:33 Job executing on host: <192.168.16.102:9618?addrs=192.168.16.102-9618&alias=condor-h16-02.ppe.cluster&noUDP&sock=startd_2233_3b11>
...
006 (351957.000.000) 2022-03-01 15:58:42 Image size of job updated: 168452
	153  -  MemoryUsage of job (MB)
	155660  -  ResidentSetSize of job (KB)
...
006 (351957.000.000) 2022-03-01 16:00:56 Image size of job updated: 825488
	153  -  MemoryUsage of job (MB)
	155660  -  ResidentSetSize of job (KB)
...
040 (351957.000.000) 2022-03-01 16:00:56 Started transferring output files
...
040 (351957.000.000) 2022-03-01 16:00:56 Finished transferring output files
...
005 (351957.000.000) 2022-03-01 16:00:56 Job terminated.
	(1) Normal termination (return value 0)
		Usr 0 00:02:13, Sys 0 00:00:02  -  Run Remote Usage
		Usr 0 00:00:00, Sys 0 00:00:00  -  Run Local Usage
		Usr 0 00:02:13, Sys 0 00:00:02  -  Total Remote Usage
		Usr 0 00:00:00, Sys 0 00:00:00  -  Total Local Usage
	518725  -  Run Bytes Sent By Job
	223  -  Run Bytes Received By Job
	518725  -  Total Bytes Sent By Job
	223  -  Total Bytes Received By Job
	Partitionable Resources :    Usage  Request Allocated 
	   Cpus                 :                 1         1 
	   Disk (KB)            :      516        1    864796 
	   Memory (MB)          :      153     6144      6144 

	Job terminated of its own accord at 2022-03-01T16:00:56Z.
...
000 (352476.000.000) 2022-03-02 19:15:47 Job submitted from host: <194.36.1.200:9618?addrs=194.36.1.200-9618&alias=hex.ppe.gla.ac.uk&noUDP&sock=schedd_1448_c939>
...
040 (352476.000.000) 2022-03-02 19:15:52 Started transferring input files
	Transferring to host: <192.168.16.112:9618?addrs=192.168.16.112-9618&alias=condor-d19-02.ppe.cluster&noUDP&sock=slot1_2_271865_3c88_265336>
...
040 (352476.000.000) 2022-03-02 19:15:52 Finished transferring input files
...
001 (352476.000.000) 2022-03-02 19:15:53 Job executing on host: <192.168.16.112:9618?addrs=192.168.16.112-9618&alias=condor-d19-02.ppe.cluster&noUDP&sock=startd_9793_c30d>
...
006 (352476.000.000) 2022-03-02 19:16:02 Image size of job updated: 176884
	167  -  MemoryUsage of job (MB)
	170856  -  ResidentSetSize of job (KB)
...
006 (352476.000.000) 2022-03-02 19:21:03 Image size of job updated: 2141460
	1071  -  MemoryUsage of job (MB)
	1096316  -  ResidentSetSize of job (KB)
...
006 (352476.000.000) 2022-03-02 19:26:03 Image size of job updated: 2692472
	1941  -  MemoryUsage of job (MB)
	1987240  -  ResidentSetSize of job (KB)
...
006 (352476.000.000) 2022-03-02 19:31:03 Image size of job updated: 3782536
	2765  -  MemoryUsage of job (MB)
	2831280  -  ResidentSetSize of job (KB)
...
006 (352476.000.000) 2022-03-02 19:36:04 Image size of job updated: 4870536
	3495  -  MemoryUsage of job (MB)
	3578116  -  ResidentSetSize of job (KB)
...
006 (352476.000.000) 2022-03-02 19:41:04 Image size of job updated: 7041344
	4058  -  MemoryUsage of job (MB)
	4154580  -  ResidentSetSize of job (KB)
...
006 (352476.000.000) 2022-03-02 19:46:04 Image size of job updated: 7221616
	4058  -  MemoryUsage of job (MB)
	4154588  -  ResidentSetSize of job (KB)
...
040 (352476.000.000) 2022-03-02 19:53:19 Started transferring output files
...
040 (352476.000.000) 2022-03-02 19:53:19 Finished transferring output files
...
005 (352476.000.000) 2022-03-02 19:53:19 Job terminated.
	(1) Normal termination (return value 0)
		Usr 0 00:35:27, Sys 0 00:00:37  -  Run Remote Usage
		Usr 0 00:00:00, Sys 0 00:00:00  -  Run Local Usage
		Usr 0 00:35:27, Sys 0 00:00:37  -  Total Remote Usage
		Usr 0 00:00:00, Sys 0 00:00:00  -  Total Local Usage
	1699716  -  Run Bytes Sent By Job
	223  -  Run Bytes Received By Job
	1699716  -  Total Bytes Sent By Job
	223  -  Total Bytes Received By Job
	Partitionable Resources :    Usage  Request Allocated 
	   Cpus                 :     1.00        1         1 
	   Disk (KB)            :  1675           1    825748 
	   Memory (MB)          :  4058        6144      6144 

	Job terminated of its own accord at 2022-03-02T19:53:19Z.
...
000 (508372.000.000) 2022-03-17 20:36:07 Job submitted from host: <194.36.1.200:9618?addrs=194.36.1.200-9618&alias=hex.ppe.gla.ac.uk&noUDP&sock=schedd_1448_c939>
...
040 (508372.000.000) 2022-03-17 20:36:14 Started transferring input files
	Transferring to host: <192.168.16.111:9618?addrs=192.168.16.111-9618&alias=condor-d19-01.ppe.cluster&noUDP&sock=slot1_2_255784_b79a_2258>
...
040 (508372.000.000) 2022-03-17 20:36:14 Finished transferring input files
...
001 (508372.000.000) 2022-03-17 20:36:15 Job executing on host: <192.168.16.111:9618?addrs=192.168.16.111-9618&alias=condor-d19-01.ppe.cluster&noUDP&sock=startd_9802_ef68>
...
006 (508372.000.000) 2022-03-17 20:36:24 Image size of job updated: 191144
	182  -  MemoryUsage of job (MB)
	185888  -  ResidentSetSize of job (KB)
...
006 (508372.000.000) 2022-03-17 20:41:25 Image size of job updated: 2142780
	1086  -  MemoryUsage of job (MB)
	1111948  -  ResidentSetSize of job (KB)
...
006 (508372.000.000) 2022-03-17 20:46:25 Image size of job updated: 2692792
	1956  -  MemoryUsage of job (MB)
	2002796  -  ResidentSetSize of job (KB)
...
006 (508372.000.000) 2022-03-17 20:51:25 Image size of job updated: 3782856
	2778  -  MemoryUsage of job (MB)
	2844484  -  ResidentSetSize of job (KB)
...
006 (508372.000.000) 2022-03-17 20:56:26 Image size of job updated: 4870852
	2778  -  MemoryUsage of job (MB)
	2844492  -  ResidentSetSize of job (KB)
...
006 (508372.000.000) 2022-03-17 21:01:27 Image size of job updated: 8117076
	2829  -  MemoryUsage of job (MB)
	2896020  -  ResidentSetSize of job (KB)
...
006 (508372.000.000) 2022-03-17 21:06:27 Image size of job updated: 8117076
	2829  -  MemoryUsage of job (MB)
	2896024  -  ResidentSetSize of job (KB)
...
040 (508372.000.000) 2022-03-17 21:14:21 Started transferring output files
...
040 (508372.000.000) 2022-03-17 21:14:21 Finished transferring output files
...
005 (508372.000.000) 2022-03-17 21:14:21 Job terminated.
	(1) Normal termination (return value 0)
		Usr 0 00:35:48, Sys 0 00:00:37  -  Run Remote Usage
		Usr 0 00:00:00, Sys 0 00:00:00  -  Run Local Usage
		Usr 0 00:35:48, Sys 0 00:00:37  -  Total Remote Usage
		Usr 0 00:00:00, Sys 0 00:00:00  -  Total Local Usage
	1699861  -  Run Bytes Sent By Job
	223  -  Run Bytes Received By Job
	1699861  -  Total Bytes Sent By Job
	223  -  Total Bytes Received By Job
	Partitionable Resources :    Usage  Request Allocated 
	   Cpus                 :     1.00        1         1 
	   Disk (KB)            :  1675           1    825748 
	   Memory (MB)          :  2829        6144      6144 

	Job terminated of its own accord at 2022-03-17T21:14:21Z.
...
000 (508635.000.000) 2022-04-06 14:40:53 Job submitted from host: <194.36.1.200:9618?addrs=194.36.1.200-9618&alias=hex.ppe.gla.ac.uk&noUDP&sock=schedd_1448_c939>
...
040 (508635.000.000) 2022-04-06 14:41:07 Started transferring input files
	Transferring to host: <192.168.16.121:9618?addrs=192.168.16.121-9618&alias=condor-d20-01.ppe.cluster&noUDP&sock=slot1_2_4447_104e_7632>
...
040 (508635.000.000) 2022-04-06 14:41:07 Finished transferring input files
...
001 (508635.000.000) 2022-04-06 14:41:08 Job executing on host: <192.168.16.121:9618?addrs=192.168.16.121-9618&alias=condor-d20-01.ppe.cluster&noUDP&sock=startd_42477_4473>
...
006 (508635.000.000) 2022-04-06 14:41:16 Image size of job updated: 190616
	185  -  MemoryUsage of job (MB)
	188536  -  ResidentSetSize of job (KB)
...
006 (508635.000.000) 2022-04-06 14:46:16 Image size of job updated: 1601116
	1066  -  MemoryUsage of job (MB)
	1091408  -  ResidentSetSize of job (KB)
...
006 (508635.000.000) 2022-04-06 14:51:17 Image size of job updated: 2692800
	1917  -  MemoryUsage of job (MB)
	1962000  -  ResidentSetSize of job (KB)
...
006 (508635.000.000) 2022-04-06 14:56:18 Image size of job updated: 3782384
	2719  -  MemoryUsage of job (MB)
	2783600  -  ResidentSetSize of job (KB)
...
006 (508635.000.000) 2022-04-06 15:01:18 Image size of job updated: 4869840
	3450  -  MemoryUsage of job (MB)
	3531852  -  ResidentSetSize of job (KB)
...
006 (508635.000.000) 2022-04-06 15:06:18 Image size of job updated: 7040588
	4128  -  MemoryUsage of job (MB)
	4226168  -  ResidentSetSize of job (KB)
...
006 (508635.000.000) 2022-04-06 15:11:19 Image size of job updated: 7221944
	4128  -  MemoryUsage of job (MB)
	4226168  -  ResidentSetSize of job (KB)
...
040 (508635.000.000) 2022-04-06 15:18:03 Started transferring output files
...
040 (508635.000.000) 2022-04-06 15:18:03 Finished transferring output files
...
005 (508635.000.000) 2022-04-06 15:18:03 Job terminated.
	(1) Normal termination (return value 0)
		Usr 0 00:35:45, Sys 0 00:00:12  -  Run Remote Usage
		Usr 0 00:00:00, Sys 0 00:00:00  -  Run Local Usage
		Usr 0 00:35:45, Sys 0 00:00:12  -  Total Remote Usage
		Usr 0 00:00:00, Sys 0 00:00:00  -  Total Local Usage
	1699861  -  Run Bytes Sent By Job
	223  -  Run Bytes Received By Job
	1699861  -  Total Bytes Sent By Job
	223  -  Total Bytes Received By Job
	Partitionable Resources :    Usage  Request Allocated 
	   Cpus                 :     1.00        1         1 
	   Disk (KB)            :  1675           1   3637421 
	   Memory (MB)          :  4128        6144      6144 

	Job terminated of its own accord at 2022-04-06T14:18:03Z.
...
