INFO: Using third party libraries from /home/ppe/j/jnugent/private/PhD_Year_1/software/MAUS-v2.9.1
MAUS web front-end directory: /home/ppe/j/jnugent/private/PhD_Year_1/software/MAUS-v2.9.1/third_party/install/lib/maus-apps-0.2
    Database directory: /home/ppe/j/jnugent/private/PhD_Year_1/software/MAUS-v2.9.1/third_party/install/lib/maus-apps-0.2/db
    Media directory: /home/ppe/j/jnugent/private/PhD_Year_1/software/MAUS-v2.9.1/third_party/install/lib/maus-apps-0.2/media
    Media directory (raw images): /home/ppe/j/jnugent/private/PhD_Year_1/software/MAUS-v2.9.1/third_party/install/lib/maus-apps-0.2/media/raw
SUCCESS: MAUS setup
Algorithm to analyse reduced MAUS root
trees for multiple scattering measurements
and to unfold the distribution

Received 2 arguements.
node type: Element, name: spec, with prop id: (null), prop name: (null), prop value: (null)
node type: Element, name: file, with prop id: outfile, prop name: LiHMu_3240_tof_lim27.2570317938_u27.4570317938.root, prop value: (null)
node type: Element, name: file, with prop id: datafile, prop name: /data/neutrino06/jnugent/v2.9.1/allLiH/reduced_tree_.root, prop value: (null)
node type: Element, name: file, with prop id: trainfile, prop name: /data/neutrino06/jnugent/v2.9.1/allZeroAbs/reduced_tree_.root, prop value: (null)
node type: Element, name: file, with prop id: modelfile, prop name: /home/ppe/j/jnugent/workarea/Unfolding/Cobb_results/LiH-6p5-200-B-hists.root, prop value: (null)
node type: Element, name: file, with prop id: trkreffiname, prop name: /home/ppe/j/jnugent/workarea/tracker_efficiency/tracker_resolution_plots_27.2570317938.root, prop value: (null)
node type: Element, name: file, with prop id: model3, prop name: Moliere, prop value: (null)
node type: Element, name: file, with prop id: model2, prop name: Cobb, prop value: (null)
node type: Element, name: file, with prop id: model1, prop name: GEANT, prop value: (null)
node type: Element, name: cuts, with prop id: (null), prop name: TOF_ll, prop value: 27.2570317938
node type: Element, name: cuts, with prop id: (null), prop name: TOF_ul, prop value: 27.4570317938
node type: Element, name: cuts, with prop id: (null), prop name: fid_rad, prop value: 140.0
node type: Element, name: cuts, with prop id: (null), prop name: fid_grad, prop value: 0.012
node type: Element, name: cuts, with prop id: (null), prop name: mode, prop value: -1
node type: Element, name: sys, with prop id: (null), prop name: niter, prop value: 10
node type: Element, name: histlimits, with prop id: (null), prop name: NbinsXY, prop value: 46
node type: Element, name: histlimits, with prop id: (null), prop name: NbinsTh, prop value: 200
node type: Element, name: histlimits, with prop id: (null), prop name: minXY, prop value: -0.06
node type: Element, name: histlimits, with prop id: (null), prop name: maxXY, prop value: 0.06
Writing outfile to LiHMu_3240_tof_lim27.2570317938_u27.4570317938.root
Reading outfilename at 
Reading data from /data/neutrino06/jnugent/v2.9.1/allLiH/reduced_tree_.root
Reading reference data from /data/neutrino06/jnugent/v2.9.1/allZeroAbs/reduced_tree_.root
Reading models from /home/ppe/j/jnugent/workarea/Unfolding/Cobb_results/LiH-6p5-200-B-hists.root
Reading models from 
Use  for propagation

TOF selection between 27.257 and 27.457
Fiducial selection contained by radius 140 with scattering 0.012

Adding systematic effect niter with value 10
Event 0
Event 100000
Event 200000
Event 300000
Event 400000
Event 500000
Event 600000
Event 700000
Event 800000
Event 900000
Event 1000000
Event 1100000
Event 1200000
Event 1300000
Event 1400000
Event 1500000
Event 1600000
Event 1700000
Event 1800000
Event 1900000
Event 2000000
Event 2100000
Event 2200000
Event 2300000
Event 2400000
Event 2500000
Event 2600000
Event 2700000
Event 2800000
Event 2900000
Event 3000000
Event 3100000
Event 3200000
Event 3300000
Event 3400000
Event 3500000
Event 3600000
Event 3700000
Event 3800000
Event 3900000
Event 4000000
Event 4100000
Event 4200000
Event 4300000
Event 4400000
Event 4500000
Event 4600000
Event 4700000
Event 4800000
Event 4900000
Event 5000000
Event 0
Event 100000
Event 200000
Event 300000
Event 400000
Event 500000
Event 600000
Event 700000
Event 800000
Event 900000
Event 1000000
Convolution with thetaX_GEANT from /home/ppe/j/jnugent/workarea/Unfolding/Cobb_results/LiH-6p5-200-B-hists.root
OBJ: RooUnfoldBayes	response	Unfold Response
regularisation parameter = 10, ntoys = 50
OBJ: RooUnfoldBayes	response	Unfold Response
regularisation parameter = 10, ntoys = 50
OBJ: RooUnfoldBayes	response	Unfold Response
regularisation parameter = 10, ntoys = 50
OBJ: RooUnfoldBayes	response	Unfold Response
regularisation parameter = 10, ntoys = 50
Now unfolding...
Iteration : 0
Chi^2 of change 332.789
Iteration : 1
Chi^2 of change 68.6801
Iteration : 2
Chi^2 of change 18.6433
Iteration : 3
Chi^2 of change 6.83304
Iteration : 4
Chi^2 of change 3.36127
Iteration : 5
Chi^2 of change 2.01168
Iteration : 6
Chi^2 of change 1.34066
Iteration : 7
Chi^2 of change 0.957732
Iteration : 8
Chi^2 of change 0.724285
Iteration : 9
Chi^2 of change 0.575599
Calculating covariances due to number of measured events
Now unfolding...
Iteration : 0
Chi^2 of change 473.408
Iteration : 1
Chi^2 of change 75.2866
Iteration : 2
Chi^2 of change 16.2227
Iteration : 3
Chi^2 of change 4.29001
Iteration : 4
Chi^2 of change 1.51228
Iteration : 5
Chi^2 of change 0.802512
Iteration : 6
Chi^2 of change 0.589161
Iteration : 7
Chi^2 of change 0.497703
Iteration : 8
Chi^2 of change 0.437739
Iteration : 9
Chi^2 of change 0.388204
Calculating covariances due to number of measured events
Now unfolding...
Iteration : 0
Chi^2 of change 894.066
Iteration : 1
Chi^2 of change 145.267
Iteration : 2
Chi^2 of change 51.3974
Iteration : 3
Chi^2 of change 25.5237
Iteration : 4
Chi^2 of change 12.372
Iteration : 5
Chi^2 of change 5.78657
Iteration : 6
Chi^2 of change 3.16124
Iteration : 7
Chi^2 of change 2.13469
Iteration : 8
Chi^2 of change 1.62249
Iteration : 9
Chi^2 of change 1.29244
Calculating covariances due to number of measured events
Now unfolding...
Iteration : 0
Chi^2 of change 793.416
Iteration : 1
Chi^2 of change 143.242
Iteration : 2
Chi^2 of change 39.5329
Iteration : 3
Chi^2 of change 15.99
Iteration : 4
Chi^2 of change 9.17424
Iteration : 5
Chi^2 of change 6.52438
Iteration : 6
Chi^2 of change 5.1492
Iteration : 7
Chi^2 of change 4.29118
Iteration : 8
Chi^2 of change 3.67969
Iteration : 9
Chi^2 of change 3.22139
Calculating covariances due to number of measured events
Convolution with thetaX_Cobb from /home/ppe/j/jnugent/workarea/Unfolding/Cobb_results/LiH-6p5-200-B-hists.root
OBJ: RooUnfoldBayes	response	Unfold Response
regularisation parameter = 10, ntoys = 50
OBJ: RooUnfoldBayes	response	Unfold Response
regularisation parameter = 10, ntoys = 50
OBJ: RooUnfoldBayes	response	Unfold Response
regularisation parameter = 10, ntoys = 50
OBJ: RooUnfoldBayes	response	Unfold Response
regularisation parameter = 10, ntoys = 50
Now unfolding...
Iteration : 0
Chi^2 of change 240.601
Iteration : 1
Chi^2 of change 51.6998
Iteration : 2
Chi^2 of change 14.8342
Iteration : 3
Chi^2 of change 5.99923
Iteration : 4
Chi^2 of change 3.31561
Iteration : 5
Chi^2 of change 2.18558
Iteration : 6
Chi^2 of change 1.55492
Iteration : 7
Chi^2 of change 1.15122
Iteration : 8
Chi^2 of change 0.89156
Iteration : 9
Chi^2 of change 0.718454
Calculating covariances due to number of measured events
Now unfolding...
Iteration : 0
Chi^2 of change 385.106
Iteration : 1
Chi^2 of change 60.4451
Iteration : 2
Chi^2 of change 13.2415
Iteration : 3
Chi^2 of change 3.59003
Iteration : 4
Chi^2 of change 1.27939
Iteration : 5
Chi^2 of change 0.677651
Iteration : 6
Chi^2 of change 0.503728
Iteration : 7
Chi^2 of change 0.43812
Iteration : 8
Chi^2 of change 0.39862
Iteration : 9
Chi^2 of change 0.364632
Calculating covariances due to number of measured events
Now unfolding...
Iteration : 0
Chi^2 of change 620.068
Iteration : 1
Chi^2 of change 120.205
Iteration : 2
Chi^2 of change 39.9628
Iteration : 3
Chi^2 of change 14.0757
Iteration : 4
Chi^2 of change 6.03098
Iteration : 5
Chi^2 of change 3.15615
Iteration : 6
Chi^2 of change 1.98184
Iteration : 7
Chi^2 of change 1.44783
Iteration : 8
Chi^2 of change 1.16802
Iteration : 9
Chi^2 of change 0.995468
Calculating covariances due to number of measured events
Now unfolding...
Iteration : 0
Chi^2 of change 571.183
Iteration : 1
Chi^2 of change 109.949
Iteration : 2
Chi^2 of change 34.7373
Iteration : 3
Chi^2 of change 16.9014
Iteration : 4
Chi^2 of change 11.0048
Iteration : 5
Chi^2 of change 7.95107
Iteration : 6
Chi^2 of change 5.96311
Iteration : 7
Chi^2 of change 4.64391
Iteration : 8
Chi^2 of change 3.7972
Iteration : 9
Chi^2 of change 3.23833
Calculating covariances due to number of measured events
Convolution with thetaX_Moliere from /home/ppe/j/jnugent/workarea/Unfolding/Cobb_results/LiH-6p5-200-B-hists.root
OBJ: RooUnfoldBayes	response	Unfold Response
regularisation parameter = 10, ntoys = 50
OBJ: RooUnfoldBayes	response	Unfold Response
regularisation parameter = 10, ntoys = 50
OBJ: RooUnfoldBayes	response	Unfold Response
regularisation parameter = 10, ntoys = 50
OBJ: RooUnfoldBayes	response	Unfold Response
regularisation parameter = 10, ntoys = 50
Now unfolding...
Iteration : 0
Chi^2 of change 281.326
Iteration : 1
Chi^2 of change 59.219
Iteration : 2
Chi^2 of change 16.5046
Iteration : 3
Chi^2 of change 6.475
Iteration : 4
Chi^2 of change 3.551
Iteration : 5
Chi^2 of change 2.37558
Iteration : 6
Chi^2 of change 1.7347
Iteration : 7
Chi^2 of change 1.32454
Iteration : 8
Chi^2 of change 1.04549
Iteration : 9
Chi^2 of change 0.849641
Calculating covariances due to number of measured events
Now unfolding...
Iteration : 0
Chi^2 of change 429.677
Iteration : 1
Chi^2 of change 68.7061
Iteration : 2
Chi^2 of change 15.017
Iteration : 3
Chi^2 of change 3.92041
Iteration : 4
Chi^2 of change 1.24921
Iteration : 5
Chi^2 of change 0.549346
Iteration : 6
Chi^2 of change 0.347528
Iteration : 7
Chi^2 of change 0.276461
Iteration : 8
Chi^2 of change 0.241206
Iteration : 9
Chi^2 of change 0.216968
Calculating covariances due to number of measured events
Now unfolding...
Iteration : 0
Chi^2 of change 665.357
Iteration : 1
Chi^2 of change 136.973
Iteration : 2
Chi^2 of change 45.53
Iteration : 3
Chi^2 of change 16.5427
Iteration : 4
Chi^2 of change 6.34911
Iteration : 5
Chi^2 of change 2.79678
Iteration : 6
Chi^2 of change 1.53484
Iteration : 7
Chi^2 of change 1.04663
Iteration : 8
Chi^2 of change 0.819616
Iteration : 9
Chi^2 of change 0.687569
Calculating covariances due to number of measured events
Now unfolding...
Iteration : 0
Chi^2 of change 602.736
Iteration : 1
Chi^2 of change 120.123
Iteration : 2
Chi^2 of change 37.637
Iteration : 3
Chi^2 of change 18.5083
Iteration : 4
Chi^2 of change 11.6738
Iteration : 5
Chi^2 of change 8.31762
Iteration : 6
Chi^2 of change 6.38192
Iteration : 7
Chi^2 of change 5.1587
Iteration : 8
Chi^2 of change 4.30789
Iteration : 9
Chi^2 of change 3.67577
Calculating covariances due to number of measured events
