000 (39257.000.000) 2021-07-21 05:48:37 Job submitted from host: <194.36.1.200:9618?addrs=194.36.1.200-9618&alias=hex.ppe.gla.ac.uk&noUDP&sock=schedd_1401_8c46>
...
040 (39257.000.000) 2021-07-21 05:48:53 Started transferring input files
	Transferring to host: <192.168.16.112:9618?addrs=192.168.16.112-9618&alias=condor-d19-02.ppe.cluster&noUDP&sock=slot1_2_174254_74e7_527>
...
040 (39257.000.000) 2021-07-21 05:48:53 Finished transferring input files
...
001 (39257.000.000) 2021-07-21 05:48:54 Job executing on host: <192.168.16.112:9618?addrs=192.168.16.112-9618&alias=condor-d19-02.ppe.cluster&noUDP&sock=startd_2914_5710>
...
006 (39257.000.000) 2021-07-21 05:49:02 Image size of job updated: 509792
	178  -  MemoryUsage of job (MB)
	182176  -  ResidentSetSize of job (KB)
...
006 (39257.000.000) 2021-07-21 05:54:02 Image size of job updated: 2142388
	1081  -  MemoryUsage of job (MB)
	1106840  -  ResidentSetSize of job (KB)
...
006 (39257.000.000) 2021-07-21 05:59:03 Image size of job updated: 2692396
	1941  -  MemoryUsage of job (MB)
	1986652  -  ResidentSetSize of job (KB)
...
006 (39257.000.000) 2021-07-21 06:04:03 Image size of job updated: 3782464
	2759  -  MemoryUsage of job (MB)
	2824816  -  ResidentSetSize of job (KB)
...
006 (39257.000.000) 2021-07-21 06:09:03 Image size of job updated: 4870460
	3425  -  MemoryUsage of job (MB)
	3507160  -  ResidentSetSize of job (KB)
...
006 (39257.000.000) 2021-07-21 06:14:04 Image size of job updated: 7041268
	4058  -  MemoryUsage of job (MB)
	4154952  -  ResidentSetSize of job (KB)
...
006 (39257.000.000) 2021-07-21 06:19:04 Image size of job updated: 7254708
	4058  -  MemoryUsage of job (MB)
	4154984  -  ResidentSetSize of job (KB)
...
040 (39257.000.000) 2021-07-21 06:23:30 Started transferring output files
...
040 (39257.000.000) 2021-07-21 06:23:30 Finished transferring output files
...
005 (39257.000.000) 2021-07-21 06:23:30 Job terminated.
	(1) Normal termination (return value 1)
		Usr 0 00:33:11, Sys 0 00:00:23  -  Run Remote Usage
		Usr 0 00:00:00, Sys 0 00:00:00  -  Run Local Usage
		Usr 0 00:33:11, Sys 0 00:00:23  -  Total Remote Usage
		Usr 0 00:00:00, Sys 0 00:00:00  -  Total Local Usage
	40752  -  Run Bytes Sent By Job
	223  -  Run Bytes Received By Job
	40752  -  Total Bytes Sent By Job
	223  -  Total Bytes Received By Job
	Partitionable Resources :    Usage  Request Allocated 
	   Cpus                 :     0.99        1         1 
	   Disk (KB)            :    55           1    825748 
	   Memory (MB)          :  4058        6144      6144 

	Job terminated of its own accord at 2021-07-21T05:23:30Z.
...
000 (39694.000.000) 2021-07-23 02:55:55 Job submitted from host: <194.36.1.200:9618?addrs=194.36.1.200-9618&alias=hex.ppe.gla.ac.uk&noUDP&sock=schedd_1401_8c46>
...
040 (39694.000.000) 2021-07-23 02:56:13 Started transferring input files
	Transferring to host: <192.168.16.104:9618?addrs=192.168.16.104-9618&alias=condor-h16-04.ppe.cluster&noUDP&sock=slot1_4_11689_b534_438>
...
040 (39694.000.000) 2021-07-23 02:56:13 Finished transferring input files
...
001 (39694.000.000) 2021-07-23 02:56:14 Job executing on host: <192.168.16.104:9618?addrs=192.168.16.104-9618&alias=condor-h16-04.ppe.cluster&noUDP&sock=startd_20625_9ceb>
...
006 (39694.000.000) 2021-07-23 02:56:22 Image size of job updated: 319020
	172  -  MemoryUsage of job (MB)
	175236  -  ResidentSetSize of job (KB)
...
006 (39694.000.000) 2021-07-23 03:01:22 Image size of job updated: 1598976
	872  -  MemoryUsage of job (MB)
	892908  -  ResidentSetSize of job (KB)
...
006 (39694.000.000) 2021-07-23 03:06:22 Image size of job updated: 2686552
	1565  -  MemoryUsage of job (MB)
	1601768  -  ResidentSetSize of job (KB)
...
006 (39694.000.000) 2021-07-23 03:11:23 Image size of job updated: 3777536
	2233  -  MemoryUsage of job (MB)
	2286532  -  ResidentSetSize of job (KB)
...
006 (39694.000.000) 2021-07-23 03:16:23 Image size of job updated: 4864312
	2880  -  MemoryUsage of job (MB)
	2948800  -  ResidentSetSize of job (KB)
...
006 (39694.000.000) 2021-07-23 03:21:23 Image size of job updated: 4869948
	3480  -  MemoryUsage of job (MB)
	3562776  -  ResidentSetSize of job (KB)
...
006 (39694.000.000) 2021-07-23 03:26:24 Image size of job updated: 7039368
	4039  -  MemoryUsage of job (MB)
	4135816  -  ResidentSetSize of job (KB)
...
006 (39694.000.000) 2021-07-23 03:31:25 Image size of job updated: 7221048
	4039  -  MemoryUsage of job (MB)
	4135824  -  ResidentSetSize of job (KB)
...
040 (39694.000.000) 2021-07-23 03:39:55 Started transferring output files
...
040 (39694.000.000) 2021-07-23 03:39:55 Finished transferring output files
...
005 (39694.000.000) 2021-07-23 03:39:55 Job terminated.
	(1) Normal termination (return value 1)
		Usr 0 00:42:24, Sys 0 00:00:34  -  Run Remote Usage
		Usr 0 00:00:00, Sys 0 00:00:00  -  Run Local Usage
		Usr 0 00:42:24, Sys 0 00:00:34  -  Total Remote Usage
		Usr 0 00:00:00, Sys 0 00:00:00  -  Total Local Usage
	40773  -  Run Bytes Sent By Job
	223  -  Run Bytes Received By Job
	40773  -  Total Bytes Sent By Job
	223  -  Total Bytes Received By Job
	Partitionable Resources :    Usage  Request Allocated 
	   Cpus                 :     0.98        1         1 
	   Disk (KB)            :    55           1    861476 
	   Memory (MB)          :  4039        6144      6144 

	Job terminated of its own accord at 2021-07-23T02:39:55Z.
...
000 (40096.000.000) 2021-07-25 13:05:27 Job submitted from host: <194.36.1.200:9618?addrs=194.36.1.200-9618&alias=hex.ppe.gla.ac.uk&noUDP&sock=schedd_1401_8c46>
...
040 (40096.000.000) 2021-07-25 13:05:31 Started transferring input files
	Transferring to host: <192.168.16.111:9618?addrs=192.168.16.111-9618&alias=condor-d19-01.ppe.cluster&noUDP&sock=slot1_2_222987_4385_683>
...
040 (40096.000.000) 2021-07-25 13:05:31 Finished transferring input files
...
001 (40096.000.000) 2021-07-25 13:05:32 Job executing on host: <192.168.16.111:9618?addrs=192.168.16.111-9618&alias=condor-d19-01.ppe.cluster&noUDP&sock=startd_2932_afc5>
...
006 (40096.000.000) 2021-07-25 13:05:41 Image size of job updated: 199672
	187  -  MemoryUsage of job (MB)
	190624  -  ResidentSetSize of job (KB)
...
006 (40096.000.000) 2021-07-25 13:10:42 Image size of job updated: 2142400
	1100  -  MemoryUsage of job (MB)
	1125704  -  ResidentSetSize of job (KB)
...
006 (40096.000.000) 2021-07-25 13:15:42 Image size of job updated: 2692408
	1965  -  MemoryUsage of job (MB)
	2011580  -  ResidentSetSize of job (KB)
...
006 (40096.000.000) 2021-07-25 13:20:42 Image size of job updated: 3782476
	2785  -  MemoryUsage of job (MB)
	2851208  -  ResidentSetSize of job (KB)
...
006 (40096.000.000) 2021-07-25 13:25:43 Image size of job updated: 4870472
	3265  -  MemoryUsage of job (MB)
	3343088  -  ResidentSetSize of job (KB)
...
006 (40096.000.000) 2021-07-25 13:30:43 Image size of job updated: 7042228
	3773  -  MemoryUsage of job (MB)
	3863400  -  ResidentSetSize of job (KB)
...
006 (40096.000.000) 2021-07-25 13:35:43 Image size of job updated: 7254720
	3773  -  MemoryUsage of job (MB)
	3863400  -  ResidentSetSize of job (KB)
...
040 (40096.000.000) 2021-07-25 13:41:49 Started transferring output files
...
040 (40096.000.000) 2021-07-25 13:41:49 Finished transferring output files
...
005 (40096.000.000) 2021-07-25 13:41:49 Job terminated.
	(1) Normal termination (return value 0)
		Usr 0 00:34:30, Sys 0 00:00:27  -  Run Remote Usage
		Usr 0 00:00:00, Sys 0 00:00:00  -  Run Local Usage
		Usr 0 00:34:30, Sys 0 00:00:27  -  Total Remote Usage
		Usr 0 00:00:00, Sys 0 00:00:00  -  Total Local Usage
	488487  -  Run Bytes Sent By Job
	223  -  Run Bytes Received By Job
	488487  -  Total Bytes Sent By Job
	223  -  Total Bytes Received By Job
	Partitionable Resources :    Usage  Request Allocated 
	   Cpus                 :     0.99        1         1 
	   Disk (KB)            :   492           1    825748 
	   Memory (MB)          :  3773        6144      6144 

	Job terminated of its own accord at 2021-07-25T12:41:49Z.
...
000 (41210.000.000) 2021-07-29 12:42:50 Job submitted from host: <194.36.1.200:9618?addrs=194.36.1.200-9618&alias=hex.ppe.gla.ac.uk&noUDP&sock=schedd_1401_8c46>
...
040 (41210.000.000) 2021-07-29 12:43:01 Started transferring input files
	Transferring to host: <192.168.16.101:9618?addrs=192.168.16.101-9618&alias=condor-h16-01.ppe.cluster&noUDP&sock=slot1_5_16412_7d14_37>
...
040 (41210.000.000) 2021-07-29 12:43:01 Finished transferring input files
...
001 (41210.000.000) 2021-07-29 12:43:02 Job executing on host: <192.168.16.101:9618?addrs=192.168.16.101-9618&alias=condor-h16-01.ppe.cluster&noUDP&sock=startd_2155_baae>
...
006 (41210.000.000) 2021-07-29 12:43:11 Image size of job updated: 512948
	171  -  MemoryUsage of job (MB)
	174640  -  ResidentSetSize of job (KB)
...
006 (41210.000.000) 2021-07-29 12:43:40 Image size of job updated: 653880
	171  -  MemoryUsage of job (MB)
	174640  -  ResidentSetSize of job (KB)
...
040 (41210.000.000) 2021-07-29 12:43:40 Started transferring output files
...
040 (41210.000.000) 2021-07-29 12:43:40 Finished transferring output files
...
005 (41210.000.000) 2021-07-29 12:43:40 Job terminated.
	(1) Normal termination (return value 134)
		Usr 0 00:00:37, Sys 0 00:00:00  -  Run Remote Usage
		Usr 0 00:00:00, Sys 0 00:00:00  -  Run Local Usage
		Usr 0 00:00:37, Sys 0 00:00:00  -  Total Remote Usage
		Usr 0 00:00:00, Sys 0 00:00:00  -  Total Local Usage
	10531  -  Run Bytes Sent By Job
	223  -  Run Bytes Received By Job
	10531  -  Total Bytes Sent By Job
	223  -  Total Bytes Received By Job
	Partitionable Resources :    Usage  Request Allocated 
	   Cpus                 :                 1         1 
	   Disk (KB)            :       20        1    864796 
	   Memory (MB)          :      171     6144      6144 

	Job terminated of its own accord at 2021-07-29T11:43:40Z.
...
000 (41311.000.000) 2021-07-29 14:39:29 Job submitted from host: <194.36.1.200:9618?addrs=194.36.1.200-9618&alias=hex.ppe.gla.ac.uk&noUDP&sock=schedd_1401_8c46>
...
040 (41311.000.000) 2021-07-29 14:39:47 Started transferring input files
	Transferring to host: <192.168.16.112:9618?addrs=192.168.16.112-9618&alias=condor-d19-02.ppe.cluster&noUDP&sock=slot1_2_268998_2cf4_46>
...
040 (41311.000.000) 2021-07-29 14:39:47 Finished transferring input files
...
001 (41311.000.000) 2021-07-29 14:39:48 Job executing on host: <192.168.16.112:9618?addrs=192.168.16.112-9618&alias=condor-d19-02.ppe.cluster&noUDP&sock=startd_2914_5710>
...
006 (41311.000.000) 2021-07-29 14:39:56 Image size of job updated: 319080
	193  -  MemoryUsage of job (MB)
	196780  -  ResidentSetSize of job (KB)
...
006 (41311.000.000) 2021-07-29 14:41:28 Image size of job updated: 833148
	193  -  MemoryUsage of job (MB)
	196780  -  ResidentSetSize of job (KB)
...
040 (41311.000.000) 2021-07-29 14:41:28 Started transferring output files
...
040 (41311.000.000) 2021-07-29 14:41:28 Finished transferring output files
...
005 (41311.000.000) 2021-07-29 14:41:28 Job terminated.
	(1) Normal termination (return value 0)
		Usr 0 00:01:35, Sys 0 00:00:00  -  Run Remote Usage
		Usr 0 00:00:00, Sys 0 00:00:00  -  Run Local Usage
		Usr 0 00:01:35, Sys 0 00:00:00  -  Total Remote Usage
		Usr 0 00:00:00, Sys 0 00:00:00  -  Total Local Usage
	485494  -  Run Bytes Sent By Job
	223  -  Run Bytes Received By Job
	485494  -  Total Bytes Sent By Job
	223  -  Total Bytes Received By Job
	Partitionable Resources :    Usage  Request Allocated 
	   Cpus                 :     1.00        1         1 
	   Disk (KB)            :   490           1    825748 
	   Memory (MB)          :   193        6144      6144 

	Job terminated of its own accord at 2021-07-29T13:41:28Z.
...
000 (41547.000.000) 2021-07-31 00:37:48 Job submitted from host: <194.36.1.200:9618?addrs=194.36.1.200-9618&alias=hex.ppe.gla.ac.uk&noUDP&sock=schedd_1401_8c46>
...
040 (41547.000.000) 2021-07-31 00:38:07 Started transferring input files
	Transferring to host: <192.168.16.104:9618?addrs=192.168.16.104-9618&alias=condor-h16-04.ppe.cluster&noUDP&sock=slot1_3_24731_fa07_21>
...
040 (41547.000.000) 2021-07-31 00:38:07 Finished transferring input files
...
001 (41547.000.000) 2021-07-31 00:38:08 Job executing on host: <192.168.16.104:9618?addrs=192.168.16.104-9618&alias=condor-h16-04.ppe.cluster&noUDP&sock=startd_20625_9ceb>
...
006 (41547.000.000) 2021-07-31 00:38:16 Image size of job updated: 177872
	172  -  MemoryUsage of job (MB)
	175512  -  ResidentSetSize of job (KB)
...
006 (41547.000.000) 2021-07-31 00:43:16 Image size of job updated: 1598956
	886  -  MemoryUsage of job (MB)
	906568  -  ResidentSetSize of job (KB)
...
006 (41547.000.000) 2021-07-31 00:48:17 Image size of job updated: 2687008
	1593  -  MemoryUsage of job (MB)
	1630988  -  ResidentSetSize of job (KB)
...
006 (41547.000.000) 2021-07-31 00:53:18 Image size of job updated: 3778216
	2261  -  MemoryUsage of job (MB)
	2314756  -  ResidentSetSize of job (KB)
...
006 (41547.000.000) 2021-07-31 00:58:18 Image size of job updated: 4864292
	2907  -  MemoryUsage of job (MB)
	2976064  -  ResidentSetSize of job (KB)
...
006 (41547.000.000) 2021-07-31 01:03:19 Image size of job updated: 4870464
	3453  -  MemoryUsage of job (MB)
	3534872  -  ResidentSetSize of job (KB)
...
006 (41547.000.000) 2021-07-31 01:08:20 Image size of job updated: 7039352
	3908  -  MemoryUsage of job (MB)
	4001480  -  ResidentSetSize of job (KB)
...
006 (41547.000.000) 2021-07-31 01:13:20 Image size of job updated: 7053308
	3908  -  MemoryUsage of job (MB)
	4001496  -  ResidentSetSize of job (KB)
...
006 (41547.000.000) 2021-07-31 01:18:20 Image size of job updated: 7221048
	3908  -  MemoryUsage of job (MB)
	4001496  -  ResidentSetSize of job (KB)
...
040 (41547.000.000) 2021-07-31 01:26:34 Started transferring output files
...
040 (41547.000.000) 2021-07-31 01:26:34 Finished transferring output files
...
005 (41547.000.000) 2021-07-31 01:26:34 Job terminated.
	(1) Normal termination (return value 0)
		Usr 0 00:44:33, Sys 0 00:00:42  -  Run Remote Usage
		Usr 0 00:00:00, Sys 0 00:00:00  -  Run Local Usage
		Usr 0 00:44:33, Sys 0 00:00:42  -  Total Remote Usage
		Usr 0 00:00:00, Sys 0 00:00:00  -  Total Local Usage
	484916  -  Run Bytes Sent By Job
	223  -  Run Bytes Received By Job
	484916  -  Total Bytes Sent By Job
	223  -  Total Bytes Received By Job
	Partitionable Resources :    Usage  Request Allocated 
	   Cpus                 :     1.00        1         1 
	   Disk (KB)            :   489           1    861476 
	   Memory (MB)          :  3908        6144      6144 

	Job terminated of its own accord at 2021-07-31T00:26:34Z.
...
