000 (39261.000.000) 2021-07-21 05:48:37 Job submitted from host: <194.36.1.200:9618?addrs=194.36.1.200-9618&alias=hex.ppe.gla.ac.uk&noUDP&sock=schedd_1401_8c46>
...
040 (39261.000.000) 2021-07-21 05:48:53 Started transferring input files
	Transferring to host: <192.168.16.114:9618?addrs=192.168.16.114-9618&alias=condor-d19-04.ppe.cluster&noUDP&sock=slot1_3_3775_9433_633>
...
040 (39261.000.000) 2021-07-21 05:48:53 Finished transferring input files
...
001 (39261.000.000) 2021-07-21 05:48:54 Job executing on host: <192.168.16.114:9618?addrs=192.168.16.114-9618&alias=condor-d19-04.ppe.cluster&noUDP&sock=startd_2633_98f3>
...
006 (39261.000.000) 2021-07-21 05:49:02 Image size of job updated: 199092
	185  -  MemoryUsage of job (MB)
	188512  -  ResidentSetSize of job (KB)
...
006 (39261.000.000) 2021-07-21 05:54:02 Image size of job updated: 1600708
	1079  -  MemoryUsage of job (MB)
	1104768  -  ResidentSetSize of job (KB)
...
006 (39261.000.000) 2021-07-21 05:59:03 Image size of job updated: 2692392
	1939  -  MemoryUsage of job (MB)
	1984580  -  ResidentSetSize of job (KB)
...
006 (39261.000.000) 2021-07-21 06:04:04 Image size of job updated: 3781980
	2765  -  MemoryUsage of job (MB)
	2830936  -  ResidentSetSize of job (KB)
...
006 (39261.000.000) 2021-07-21 06:09:04 Image size of job updated: 4869924
	3508  -  MemoryUsage of job (MB)
	3591860  -  ResidentSetSize of job (KB)
...
006 (39261.000.000) 2021-07-21 06:14:04 Image size of job updated: 7041264
	4205  -  MemoryUsage of job (MB)
	4305312  -  ResidentSetSize of job (KB)
...
006 (39261.000.000) 2021-07-21 06:19:05 Image size of job updated: 7254704
	4205  -  MemoryUsage of job (MB)
	4305312  -  ResidentSetSize of job (KB)
...
040 (39261.000.000) 2021-07-21 06:23:03 Started transferring output files
...
040 (39261.000.000) 2021-07-21 06:23:03 Finished transferring output files
...
005 (39261.000.000) 2021-07-21 06:23:03 Job terminated.
	(1) Normal termination (return value 1)
		Usr 0 00:33:21, Sys 0 00:00:09  -  Run Remote Usage
		Usr 0 00:00:00, Sys 0 00:00:00  -  Run Local Usage
		Usr 0 00:33:21, Sys 0 00:00:09  -  Total Remote Usage
		Usr 0 00:00:00, Sys 0 00:00:00  -  Total Local Usage
	40752  -  Run Bytes Sent By Job
	223  -  Run Bytes Received By Job
	40752  -  Total Bytes Sent By Job
	223  -  Total Bytes Received By Job
	Partitionable Resources :    Usage  Request Allocated 
	   Cpus                 :     1.00        1         1 
	   Disk (KB)            :    55           1   3637421 
	   Memory (MB)          :  4205        6144      6144 

	Job terminated of its own accord at 2021-07-21T05:23:03Z.
...
000 (39698.000.000) 2021-07-23 02:55:56 Job submitted from host: <194.36.1.200:9618?addrs=194.36.1.200-9618&alias=hex.ppe.gla.ac.uk&noUDP&sock=schedd_1401_8c46>
...
040 (39698.000.000) 2021-07-23 02:56:13 Started transferring input files
	Transferring to host: <192.168.16.103:9618?addrs=192.168.16.103-9618&alias=condor-h16-03.ppe.cluster&noUDP&sock=slot1_3_22104_047c_407>
...
040 (39698.000.000) 2021-07-23 02:56:13 Finished transferring input files
...
001 (39698.000.000) 2021-07-23 02:56:14 Job executing on host: <192.168.16.103:9618?addrs=192.168.16.103-9618&alias=condor-h16-03.ppe.cluster&noUDP&sock=startd_20690_3293>
...
006 (39698.000.000) 2021-07-23 02:56:22 Image size of job updated: 165772
	160  -  MemoryUsage of job (MB)
	163532  -  ResidentSetSize of job (KB)
...
006 (39698.000.000) 2021-07-23 03:01:22 Image size of job updated: 1598976
	904  -  MemoryUsage of job (MB)
	925140  -  ResidentSetSize of job (KB)
...
006 (39698.000.000) 2021-07-23 03:06:23 Image size of job updated: 2687788
	1634  -  MemoryUsage of job (MB)
	1672356  -  ResidentSetSize of job (KB)
...
006 (39698.000.000) 2021-07-23 03:11:24 Image size of job updated: 3778884
	2324  -  MemoryUsage of job (MB)
	2379536  -  ResidentSetSize of job (KB)
...
006 (39698.000.000) 2021-07-23 03:16:24 Image size of job updated: 4865404
	2993  -  MemoryUsage of job (MB)
	3064572  -  ResidentSetSize of job (KB)
...
006 (39698.000.000) 2021-07-23 03:21:24 Image size of job updated: 4871388
	3581  -  MemoryUsage of job (MB)
	3666876  -  ResidentSetSize of job (KB)
...
006 (39698.000.000) 2021-07-23 03:26:25 Image size of job updated: 7041288
	4136  -  MemoryUsage of job (MB)
	4234588  -  ResidentSetSize of job (KB)
...
006 (39698.000.000) 2021-07-23 03:31:25 Image size of job updated: 7221044
	4136  -  MemoryUsage of job (MB)
	4234648  -  ResidentSetSize of job (KB)
...
040 (39698.000.000) 2021-07-23 03:37:48 Started transferring output files
...
040 (39698.000.000) 2021-07-23 03:37:48 Finished transferring output files
...
005 (39698.000.000) 2021-07-23 03:37:48 Job terminated.
	(1) Normal termination (return value 1)
		Usr 0 00:40:00, Sys 0 00:00:47  -  Run Remote Usage
		Usr 0 00:00:00, Sys 0 00:00:00  -  Run Local Usage
		Usr 0 00:40:00, Sys 0 00:00:47  -  Total Remote Usage
		Usr 0 00:00:00, Sys 0 00:00:00  -  Total Local Usage
	40773  -  Run Bytes Sent By Job
	223  -  Run Bytes Received By Job
	40773  -  Total Bytes Sent By Job
	223  -  Total Bytes Received By Job
	Partitionable Resources :    Usage  Request Allocated 
	   Cpus                 :        0        1         1 
	   Disk (KB)            :       55        1    861476 
	   Memory (MB)          :     4136     6144      6144 

	Job terminated of its own accord at 2021-07-23T02:37:48Z.
...
000 (40100.000.000) 2021-07-25 13:05:28 Job submitted from host: <194.36.1.200:9618?addrs=194.36.1.200-9618&alias=hex.ppe.gla.ac.uk&noUDP&sock=schedd_1401_8c46>
...
040 (40100.000.000) 2021-07-25 13:05:31 Started transferring input files
	Transferring to host: <192.168.16.103:9618?addrs=192.168.16.103-9618&alias=condor-h16-03.ppe.cluster&noUDP&sock=slot1_3_22104_047c_469>
...
040 (40100.000.000) 2021-07-25 13:05:31 Finished transferring input files
...
001 (40100.000.000) 2021-07-25 13:05:32 Job executing on host: <192.168.16.103:9618?addrs=192.168.16.103-9618&alias=condor-h16-03.ppe.cluster&noUDP&sock=startd_20690_3293>
...
006 (40100.000.000) 2021-07-25 13:05:41 Image size of job updated: 183892
	171  -  MemoryUsage of job (MB)
	174972  -  ResidentSetSize of job (KB)
...
006 (40100.000.000) 2021-07-25 13:10:42 Image size of job updated: 1598968
	886  -  MemoryUsage of job (MB)
	906784  -  ResidentSetSize of job (KB)
...
006 (40100.000.000) 2021-07-25 13:15:42 Image size of job updated: 2687780
	1613  -  MemoryUsage of job (MB)
	1651348  -  ResidentSetSize of job (KB)
...
006 (40100.000.000) 2021-07-25 13:20:42 Image size of job updated: 3778224
	2307  -  MemoryUsage of job (MB)
	2362080  -  ResidentSetSize of job (KB)
...
006 (40100.000.000) 2021-07-25 13:25:43 Image size of job updated: 4864744
	2976  -  MemoryUsage of job (MB)
	3047164  -  ResidentSetSize of job (KB)
...
006 (40100.000.000) 2021-07-25 13:30:44 Image size of job updated: 4870940
	3511  -  MemoryUsage of job (MB)
	3594816  -  ResidentSetSize of job (KB)
...
006 (40100.000.000) 2021-07-25 13:35:44 Image size of job updated: 7041280
	3953  -  MemoryUsage of job (MB)
	4047400  -  ResidentSetSize of job (KB)
...
006 (40100.000.000) 2021-07-25 13:40:45 Image size of job updated: 7254720
	3953  -  MemoryUsage of job (MB)
	4047424  -  ResidentSetSize of job (KB)
...
040 (40100.000.000) 2021-07-25 13:49:59 Started transferring output files
...
040 (40100.000.000) 2021-07-25 13:49:59 Finished transferring output files
...
005 (40100.000.000) 2021-07-25 13:49:59 Job terminated.
	(1) Normal termination (return value 0)
		Usr 0 00:43:07, Sys 0 00:00:36  -  Run Remote Usage
		Usr 0 00:00:00, Sys 0 00:00:00  -  Run Local Usage
		Usr 0 00:43:07, Sys 0 00:00:36  -  Total Remote Usage
		Usr 0 00:00:00, Sys 0 00:00:00  -  Total Local Usage
	486686  -  Run Bytes Sent By Job
	223  -  Run Bytes Received By Job
	486686  -  Total Bytes Sent By Job
	223  -  Total Bytes Received By Job
	Partitionable Resources :    Usage  Request Allocated 
	   Cpus                 :     1.00        1         1 
	   Disk (KB)            :   490           1    861476 
	   Memory (MB)          :  3953        6144      6144 

	Job terminated of its own accord at 2021-07-25T12:49:59Z.
...
000 (41214.000.000) 2021-07-29 12:42:51 Job submitted from host: <194.36.1.200:9618?addrs=194.36.1.200-9618&alias=hex.ppe.gla.ac.uk&noUDP&sock=schedd_1401_8c46>
...
040 (41214.000.000) 2021-07-29 12:43:01 Started transferring input files
	Transferring to host: <192.168.16.104:9618?addrs=192.168.16.104-9618&alias=condor-h16-04.ppe.cluster&noUDP&sock=slot1_4_993_6881_40>
...
040 (41214.000.000) 2021-07-29 12:43:01 Finished transferring input files
...
001 (41214.000.000) 2021-07-29 12:43:02 Job executing on host: <192.168.16.104:9618?addrs=192.168.16.104-9618&alias=condor-h16-04.ppe.cluster&noUDP&sock=startd_20625_9ceb>
...
006 (41214.000.000) 2021-07-29 12:43:11 Image size of job updated: 332932
	186  -  MemoryUsage of job (MB)
	190152  -  ResidentSetSize of job (KB)
...
006 (41214.000.000) 2021-07-29 12:43:39 Image size of job updated: 610524
	186  -  MemoryUsage of job (MB)
	190152  -  ResidentSetSize of job (KB)
...
040 (41214.000.000) 2021-07-29 12:43:39 Started transferring output files
...
040 (41214.000.000) 2021-07-29 12:43:39 Finished transferring output files
...
005 (41214.000.000) 2021-07-29 12:43:39 Job terminated.
	(1) Normal termination (return value 134)
		Usr 0 00:00:35, Sys 0 00:00:01  -  Run Remote Usage
		Usr 0 00:00:00, Sys 0 00:00:00  -  Run Local Usage
		Usr 0 00:00:35, Sys 0 00:00:01  -  Total Remote Usage
		Usr 0 00:00:00, Sys 0 00:00:00  -  Total Local Usage
	10516  -  Run Bytes Sent By Job
	223  -  Run Bytes Received By Job
	10516  -  Total Bytes Sent By Job
	223  -  Total Bytes Received By Job
	Partitionable Resources :    Usage  Request Allocated 
	   Cpus                 :                 1         1 
	   Disk (KB)            :       20        1    861476 
	   Memory (MB)          :      186     6144      6144 

	Job terminated of its own accord at 2021-07-29T11:43:39Z.
...
000 (41315.000.000) 2021-07-29 14:39:29 Job submitted from host: <194.36.1.200:9618?addrs=194.36.1.200-9618&alias=hex.ppe.gla.ac.uk&noUDP&sock=schedd_1401_8c46>
...
040 (41315.000.000) 2021-07-29 14:39:47 Started transferring input files
	Transferring to host: <192.168.16.121:9618?addrs=192.168.16.121-9618&alias=condor-d20-01.ppe.cluster&noUDP&sock=slot1_3_25694_7f4e_72>
...
040 (41315.000.000) 2021-07-29 14:39:47 Finished transferring input files
...
001 (41315.000.000) 2021-07-29 14:39:48 Job executing on host: <192.168.16.121:9618?addrs=192.168.16.121-9618&alias=condor-d20-01.ppe.cluster&noUDP&sock=startd_40545_137a>
...
006 (41315.000.000) 2021-07-29 14:39:56 Image size of job updated: 512960
	197  -  MemoryUsage of job (MB)
	201144  -  ResidentSetSize of job (KB)
...
006 (41315.000.000) 2021-07-29 14:41:51 Image size of job updated: 824988
	197  -  MemoryUsage of job (MB)
	201144  -  ResidentSetSize of job (KB)
...
040 (41315.000.000) 2021-07-29 14:41:52 Started transferring output files
...
040 (41315.000.000) 2021-07-29 14:41:52 Finished transferring output files
...
005 (41315.000.000) 2021-07-29 14:41:52 Job terminated.
	(1) Normal termination (return value 0)
		Usr 0 00:02:00, Sys 0 00:00:01  -  Run Remote Usage
		Usr 0 00:00:00, Sys 0 00:00:00  -  Run Local Usage
		Usr 0 00:02:00, Sys 0 00:00:01  -  Total Remote Usage
		Usr 0 00:00:00, Sys 0 00:00:00  -  Total Local Usage
	485900  -  Run Bytes Sent By Job
	223  -  Run Bytes Received By Job
	485900  -  Total Bytes Sent By Job
	223  -  Total Bytes Received By Job
	Partitionable Resources :    Usage  Request Allocated 
	   Cpus                 :                 1         1 
	   Disk (KB)            :      484        1   3637421 
	   Memory (MB)          :      197     6144      6144 

	Job terminated of its own accord at 2021-07-29T13:41:51Z.
...
000 (41551.000.000) 2021-07-31 00:37:49 Job submitted from host: <194.36.1.200:9618?addrs=194.36.1.200-9618&alias=hex.ppe.gla.ac.uk&noUDP&sock=schedd_1401_8c46>
...
040 (41551.000.000) 2021-07-31 00:38:07 Started transferring input files
	Transferring to host: <192.168.16.103:9618?addrs=192.168.16.103-9618&alias=condor-h16-03.ppe.cluster&noUDP&sock=slot1_3_29705_9c11_11>
...
040 (41551.000.000) 2021-07-31 00:38:07 Finished transferring input files
...
001 (41551.000.000) 2021-07-31 00:38:08 Job executing on host: <192.168.16.103:9618?addrs=192.168.16.103-9618&alias=condor-h16-03.ppe.cluster&noUDP&sock=startd_20690_3293>
...
006 (41551.000.000) 2021-07-31 00:38:17 Image size of job updated: 185728
	179  -  MemoryUsage of job (MB)
	182996  -  ResidentSetSize of job (KB)
...
006 (41551.000.000) 2021-07-31 00:43:18 Image size of job updated: 1598952
	918  -  MemoryUsage of job (MB)
	939112  -  ResidentSetSize of job (KB)
...
006 (41551.000.000) 2021-07-31 00:48:19 Image size of job updated: 2687768
	1632  -  MemoryUsage of job (MB)
	1670268  -  ResidentSetSize of job (KB)
...
006 (41551.000.000) 2021-07-31 00:53:19 Image size of job updated: 3778212
	2318  -  MemoryUsage of job (MB)
	2373196  -  ResidentSetSize of job (KB)
...
006 (41551.000.000) 2021-07-31 00:58:20 Image size of job updated: 4864728
	2984  -  MemoryUsage of job (MB)
	3055232  -  ResidentSetSize of job (KB)
...
006 (41551.000.000) 2021-07-31 01:03:21 Image size of job updated: 4870928
	3579  -  MemoryUsage of job (MB)
	3664092  -  ResidentSetSize of job (KB)
...
006 (41551.000.000) 2021-07-31 01:08:21 Image size of job updated: 8116680
	4154  -  MemoryUsage of job (MB)
	4252988  -  ResidentSetSize of job (KB)
...
040 (41551.000.000) 2021-07-31 01:22:35 Started transferring output files
...
040 (41551.000.000) 2021-07-31 01:22:35 Finished transferring output files
...
005 (41551.000.000) 2021-07-31 01:22:35 Job terminated.
	(1) Normal termination (return value 0)
		Usr 0 00:43:39, Sys 0 00:00:27  -  Run Remote Usage
		Usr 0 00:00:00, Sys 0 00:00:00  -  Run Local Usage
		Usr 0 00:43:39, Sys 0 00:00:27  -  Total Remote Usage
		Usr 0 00:00:00, Sys 0 00:00:00  -  Total Local Usage
	486857  -  Run Bytes Sent By Job
	223  -  Run Bytes Received By Job
	486857  -  Total Bytes Sent By Job
	223  -  Total Bytes Received By Job
	Partitionable Resources :    Usage  Request Allocated 
	   Cpus                 :     1.00        1         1 
	   Disk (KB)            :   491           1    861476 
	   Memory (MB)          :  4154        6144      6144 

	Job terminated of its own accord at 2021-07-31T00:22:35Z.
...
