INFO: Using third party libraries from /home/ppe/j/jnugent/private/PhD_Year_1/software/MAUS-v2.9.1
MAUS web front-end directory: /home/ppe/j/jnugent/private/PhD_Year_1/software/MAUS-v2.9.1/third_party/install/lib/maus-apps-0.2
    Database directory: /home/ppe/j/jnugent/private/PhD_Year_1/software/MAUS-v2.9.1/third_party/install/lib/maus-apps-0.2/db
    Media directory: /home/ppe/j/jnugent/private/PhD_Year_1/software/MAUS-v2.9.1/third_party/install/lib/maus-apps-0.2/media
    Media directory (raw images): /home/ppe/j/jnugent/private/PhD_Year_1/software/MAUS-v2.9.1/third_party/install/lib/maus-apps-0.2/media/raw
SUCCESS: MAUS setup
Algorithm to analyse reduced MAUS root
trees for multiple scattering measurements
and to unfold the distribution

Received 2 arguements.
node type: Element, name: spec, with prop id: (null), prop name: (null), prop value: (null)
node type: Element, name: file, with prop id: outfile, prop name: LiHMu_3240_tof_lim26.4570317938_u26.6570317938.root, prop value: (null)
node type: Element, name: file, with prop id: datafile, prop name: /data/neutrino06/jnugent/v2.9.1/allLiH/reduced_tree_.root, prop value: (null)
node type: Element, name: file, with prop id: trainfile, prop name: /data/neutrino06/jnugent/v2.9.1/allZeroAbs/reduced_tree_.root, prop value: (null)
node type: Element, name: file, with prop id: modelfile, prop name: /home/ppe/j/jnugent/workarea/Unfolding/Cobb_results/LiH-6p5-200-B-hists.root, prop value: (null)
node type: Element, name: file, with prop id: trkreffiname, prop name: /home/ppe/j/jnugent/workarea/tracker_efficiency/tracker_resolution_plots_26.4570317938.root, prop value: (null)
node type: Element, name: file, with prop id: model3, prop name: Moliere, prop value: (null)
node type: Element, name: file, with prop id: model2, prop name: Cobb, prop value: (null)
node type: Element, name: file, with prop id: model1, prop name: GEANT, prop value: (null)
node type: Element, name: cuts, with prop id: (null), prop name: TOF_ll, prop value: 26.4570317938
node type: Element, name: cuts, with prop id: (null), prop name: TOF_ul, prop value: 26.6570317938
node type: Element, name: cuts, with prop id: (null), prop name: fid_rad, prop value: 140.0
node type: Element, name: cuts, with prop id: (null), prop name: fid_grad, prop value: 0.012
node type: Element, name: cuts, with prop id: (null), prop name: mode, prop value: -1
node type: Element, name: sys, with prop id: (null), prop name: niter, prop value: 10
node type: Element, name: histlimits, with prop id: (null), prop name: NbinsXY, prop value: 46
node type: Element, name: histlimits, with prop id: (null), prop name: NbinsTh, prop value: 200
node type: Element, name: histlimits, with prop id: (null), prop name: minXY, prop value: -0.06
node type: Element, name: histlimits, with prop id: (null), prop name: maxXY, prop value: 0.06
Writing outfile to LiHMu_3240_tof_lim26.4570317938_u26.6570317938.root
Reading outfilename at 
Reading data from /data/neutrino06/jnugent/v2.9.1/allLiH/reduced_tree_.root
Reading reference data from /data/neutrino06/jnugent/v2.9.1/allZeroAbs/reduced_tree_.root
Reading models from /home/ppe/j/jnugent/workarea/Unfolding/Cobb_results/LiH-6p5-200-B-hists.root
Reading models from 
Use  for propagation

TOF selection between 26.457 and 26.657
Fiducial selection contained by radius 140 with scattering 0.012

Adding systematic effect niter with value 10
Event 0
Event 100000
Event 200000
Event 300000
Event 400000
Event 500000
Event 600000
Event 700000
Event 800000
Event 900000
Event 1000000
Event 1100000
Event 1200000
Event 1300000
Event 1400000
Event 1500000
Event 1600000
Event 1700000
Event 1800000
Event 1900000
Event 2000000
Event 2100000
Event 2200000
Event 2300000
Event 2400000
Event 2500000
Event 2600000
Event 2700000
Event 2800000
Event 2900000
Event 3000000
Event 3100000
Event 3200000
Event 3300000
Event 3400000
Event 3500000
Event 3600000
Event 3700000
Event 3800000
Event 3900000
Event 4000000
Event 4100000
Event 4200000
Event 4300000
Event 4400000
Event 4500000
Event 4600000
Event 4700000
Event 4800000
Event 4900000
Event 5000000
Event 0
Event 100000
Event 200000
Event 300000
Event 400000
Event 500000
Event 600000
Event 700000
Event 800000
Event 900000
Event 1000000
Convolution with thetaX_GEANT from /home/ppe/j/jnugent/workarea/Unfolding/Cobb_results/LiH-6p5-200-B-hists.root
OBJ: RooUnfoldBayes	response	Unfold Response
regularisation parameter = 10, ntoys = 50
OBJ: RooUnfoldBayes	response	Unfold Response
regularisation parameter = 10, ntoys = 50
OBJ: RooUnfoldBayes	response	Unfold Response
regularisation parameter = 10, ntoys = 50
OBJ: RooUnfoldBayes	response	Unfold Response
regularisation parameter = 10, ntoys = 50
Now unfolding...
Iteration : 0
Chi^2 of change 53.0713
Iteration : 1
Chi^2 of change 8.34903
Iteration : 2
Chi^2 of change 2.54081
Iteration : 3
Chi^2 of change 1.25536
Iteration : 4
Chi^2 of change 0.933826
Iteration : 5
Chi^2 of change 0.791642
Iteration : 6
Chi^2 of change 0.69734
Iteration : 7
Chi^2 of change 0.623128
Iteration : 8
Chi^2 of change 0.558535
Iteration : 9
Chi^2 of change 0.503869
Calculating covariances due to number of measured events
Now unfolding...
Iteration : 0
Chi^2 of change 38.6093
Iteration : 1
Chi^2 of change 4.80833
Iteration : 2
Chi^2 of change 1.75175
Iteration : 3
Chi^2 of change 1.05535
Iteration : 4
Chi^2 of change 0.79256
Iteration : 5
Chi^2 of change 0.639765
Iteration : 6
Chi^2 of change 0.544687
Iteration : 7
Chi^2 of change 0.479502
Iteration : 8
Chi^2 of change 0.429183
Iteration : 9
Chi^2 of change 0.3893
Calculating covariances due to number of measured events
Now unfolding...
Iteration : 0
Chi^2 of change 88.3168
Iteration : 1
Chi^2 of change 10.297
Iteration : 2
Chi^2 of change 3.36116
Iteration : 3
Chi^2 of change 1.93995
Iteration : 4
Chi^2 of change 1.47317
Iteration : 5
Chi^2 of change 1.22641
Iteration : 6
Chi^2 of change 1.04333
Iteration : 7
Chi^2 of change 0.90825
Iteration : 8
Chi^2 of change 0.80404
Iteration : 9
Chi^2 of change 0.720453
Calculating covariances due to number of measured events
Now unfolding...
Iteration : 0
Chi^2 of change 162.105
Iteration : 1
Chi^2 of change 23.866
Iteration : 2
Chi^2 of change 11.717
Iteration : 3
Chi^2 of change 7.15707
Iteration : 4
Chi^2 of change 4.9314
Iteration : 5
Chi^2 of change 3.73491
Iteration : 6
Chi^2 of change 3.02011
Iteration : 7
Chi^2 of change 2.54654
Iteration : 8
Chi^2 of change 2.21127
Iteration : 9
Chi^2 of change 1.94857
Calculating covariances due to number of measured events
Convolution with thetaX_Cobb from /home/ppe/j/jnugent/workarea/Unfolding/Cobb_results/LiH-6p5-200-B-hists.root
OBJ: RooUnfoldBayes	response	Unfold Response
regularisation parameter = 10, ntoys = 50
OBJ: RooUnfoldBayes	response	Unfold Response
regularisation parameter = 10, ntoys = 50
OBJ: RooUnfoldBayes	response	Unfold Response
regularisation parameter = 10, ntoys = 50
OBJ: RooUnfoldBayes	response	Unfold Response
regularisation parameter = 10, ntoys = 50
Now unfolding...
Iteration : 0
Chi^2 of change 37.9381
Iteration : 1
Chi^2 of change 6.70136
Iteration : 2
Chi^2 of change 2.69723
Iteration : 3
Chi^2 of change 1.28738
Iteration : 4
Chi^2 of change 0.755124
Iteration : 5
Chi^2 of change 0.548894
Iteration : 6
Chi^2 of change 0.440901
Iteration : 7
Chi^2 of change 0.368425
Iteration : 8
Chi^2 of change 0.317854
Iteration : 9
Chi^2 of change 0.279536
Calculating covariances due to number of measured events
Now unfolding...
Iteration : 0
Chi^2 of change 33.8313
Iteration : 1
Chi^2 of change 5.70578
Iteration : 2
Chi^2 of change 2.24503
Iteration : 3
Chi^2 of change 1.25678
Iteration : 4
Chi^2 of change 0.845762
Iteration : 5
Chi^2 of change 0.626051
Iteration : 6
Chi^2 of change 0.491973
Iteration : 7
Chi^2 of change 0.409338
Iteration : 8
Chi^2 of change 0.354206
Iteration : 9
Chi^2 of change 0.313275
Calculating covariances due to number of measured events
Now unfolding...
Iteration : 0
Chi^2 of change 65.9756
Iteration : 1
Chi^2 of change 9.78964
Iteration : 2
Chi^2 of change 3.87679
Iteration : 3
Chi^2 of change 2.25148
Iteration : 4
Chi^2 of change 1.54771
Iteration : 5
Chi^2 of change 1.19052
Iteration : 6
Chi^2 of change 0.993305
Iteration : 7
Chi^2 of change 0.865665
Iteration : 8
Chi^2 of change 0.770516
Iteration : 9
Chi^2 of change 0.692966
Calculating covariances due to number of measured events
Now unfolding...
Iteration : 0
Chi^2 of change 136.66
Iteration : 1
Chi^2 of change 21.3113
Iteration : 2
Chi^2 of change 11.9396
Iteration : 3
Chi^2 of change 7.68751
Iteration : 4
Chi^2 of change 5.17808
Iteration : 5
Chi^2 of change 3.71783
Iteration : 6
Chi^2 of change 2.82549
Iteration : 7
Chi^2 of change 2.27839
Iteration : 8
Chi^2 of change 1.89699
Iteration : 9
Chi^2 of change 1.6158
Calculating covariances due to number of measured events
Convolution with thetaX_Moliere from /home/ppe/j/jnugent/workarea/Unfolding/Cobb_results/LiH-6p5-200-B-hists.root
OBJ: RooUnfoldBayes	response	Unfold Response
regularisation parameter = 10, ntoys = 50
OBJ: RooUnfoldBayes	response	Unfold Response
regularisation parameter = 10, ntoys = 50
OBJ: RooUnfoldBayes	response	Unfold Response
regularisation parameter = 10, ntoys = 50
OBJ: RooUnfoldBayes	response	Unfold Response
regularisation parameter = 10, ntoys = 50
Now unfolding...
Iteration : 0
Chi^2 of change 52.6717
Iteration : 1
Chi^2 of change 12.7882
Iteration : 2
Chi^2 of change 2.89559
Iteration : 3
Chi^2 of change 1.28955
Iteration : 4
Chi^2 of change 0.718931
Iteration : 5
Chi^2 of change 0.489057
Iteration : 6
Chi^2 of change 0.380465
Iteration : 7
Chi^2 of change 0.317098
Iteration : 8
Chi^2 of change 0.274987
Iteration : 9
Chi^2 of change 0.244649
Calculating covariances due to number of measured events
Now unfolding...
Iteration : 0
Chi^2 of change 29.6951
Iteration : 1
Chi^2 of change 4.19941
Iteration : 2
Chi^2 of change 1.15312
Iteration : 3
Chi^2 of change 0.567213
Iteration : 4
Chi^2 of change 0.397393
Iteration : 5
Chi^2 of change 0.321634
Iteration : 6
Chi^2 of change 0.276751
Iteration : 7
Chi^2 of change 0.245848
Iteration : 8
Chi^2 of change 0.222488
Iteration : 9
Chi^2 of change 0.203025
Calculating covariances due to number of measured events
Now unfolding...
Iteration : 0
Chi^2 of change 64.6195
Iteration : 1
Chi^2 of change 8.5304
Iteration : 2
Chi^2 of change 2.62767
Iteration : 3
Chi^2 of change 1.497
Iteration : 4
Chi^2 of change 1.19426
Iteration : 5
Chi^2 of change 1.04232
Iteration : 6
Chi^2 of change 0.920866
Iteration : 7
Chi^2 of change 0.815172
Iteration : 8
Chi^2 of change 0.726849
Iteration : 9
Chi^2 of change 0.650735
Calculating covariances due to number of measured events
Now unfolding...
Iteration : 0
Chi^2 of change 95.4639
Iteration : 1
Chi^2 of change 18.6518
Iteration : 2
Chi^2 of change 9.76724
Iteration : 3
Chi^2 of change 6.50939
Iteration : 4
Chi^2 of change 4.19936
Iteration : 5
Chi^2 of change 2.96583
Iteration : 6
Chi^2 of change 2.33927
Iteration : 7
Chi^2 of change 1.96003
Iteration : 8
Chi^2 of change 1.69152
Iteration : 9
Chi^2 of change 1.48723
Calculating covariances due to number of measured events
