INFO: Using third party libraries from /home/ppe/j/jnugent/private/PhD_Year_1/software/MAUS-v2.9.1
MAUS web front-end directory: /home/ppe/j/jnugent/private/PhD_Year_1/software/MAUS-v2.9.1/third_party/install/lib/maus-apps-0.2
    Database directory: /home/ppe/j/jnugent/private/PhD_Year_1/software/MAUS-v2.9.1/third_party/install/lib/maus-apps-0.2/db
    Media directory: /home/ppe/j/jnugent/private/PhD_Year_1/software/MAUS-v2.9.1/third_party/install/lib/maus-apps-0.2/media
    Media directory (raw images): /home/ppe/j/jnugent/private/PhD_Year_1/software/MAUS-v2.9.1/third_party/install/lib/maus-apps-0.2/media/raw
SUCCESS: MAUS setup
Algorithm to analyse reduced MAUS root
trees for multiple scattering measurements
and to unfold the distribution

Received 2 arguements.
node type: Element, name: spec, with prop id: (null), prop name: (null), prop value: (null)
node type: Element, name: file, with prop id: outfile, prop name: LiHMu_3200_tof_lim26.6059285384_u26.8059285384.root, prop value: (null)
node type: Element, name: file, with prop id: datafile, prop name: /data/neutrino06/jnugent/v2.9.1/allLiH/reduced_tree_.root, prop value: (null)
node type: Element, name: file, with prop id: trainfile, prop name: /data/neutrino06/jnugent/v2.9.1/allZeroAbs/reduced_tree_.root, prop value: (null)
node type: Element, name: file, with prop id: modelfile, prop name: /home/ppe/j/jnugent/workarea/Unfolding/Cobb_results/LiH-6p5-200-B-hists.root, prop value: (null)
node type: Element, name: file, with prop id: trkreffiname, prop name: /home/ppe/j/jnugent/workarea/tracker_efficiency/tracker_resolution_plots_26.6059285384.root, prop value: (null)
node type: Element, name: file, with prop id: model3, prop name: Moliere, prop value: (null)
node type: Element, name: file, with prop id: model2, prop name: Cobb, prop value: (null)
node type: Element, name: file, with prop id: model1, prop name: GEANT, prop value: (null)
node type: Element, name: cuts, with prop id: (null), prop name: TOF_ll, prop value: 26.6059285384
node type: Element, name: cuts, with prop id: (null), prop name: TOF_ul, prop value: 26.8059285384
node type: Element, name: cuts, with prop id: (null), prop name: fid_rad, prop value: 140.0
node type: Element, name: cuts, with prop id: (null), prop name: fid_grad, prop value: 0.012
node type: Element, name: cuts, with prop id: (null), prop name: mode, prop value: -1
node type: Element, name: sys, with prop id: (null), prop name: niter, prop value: 10
node type: Element, name: histlimits, with prop id: (null), prop name: NbinsXY, prop value: 46
node type: Element, name: histlimits, with prop id: (null), prop name: NbinsTh, prop value: 200
node type: Element, name: histlimits, with prop id: (null), prop name: minXY, prop value: -0.06
node type: Element, name: histlimits, with prop id: (null), prop name: maxXY, prop value: 0.06
Writing outfile to LiHMu_3200_tof_lim26.6059285384_u26.8059285384.root
Reading outfilename at 
Reading data from /data/neutrino06/jnugent/v2.9.1/allLiH/reduced_tree_.root
Reading reference data from /data/neutrino06/jnugent/v2.9.1/allZeroAbs/reduced_tree_.root
Reading models from /home/ppe/j/jnugent/workarea/Unfolding/Cobb_results/LiH-6p5-200-B-hists.root
Reading models from 
Use  for propagation

TOF selection between 26.6059 and 26.8059
Fiducial selection contained by radius 140 with scattering 0.012

Adding systematic effect niter with value 10
Event 0
Event 100000
Event 200000
Event 300000
Event 400000
Event 500000
Event 600000
Event 700000
Event 800000
Event 900000
Event 1000000
Event 1100000
Event 1200000
Event 1300000
Event 1400000
Event 1500000
Event 1600000
Event 1700000
Event 1800000
Event 1900000
Event 2000000
Event 2100000
Event 2200000
Event 2300000
Event 2400000
Event 2500000
Event 2600000
Event 2700000
Event 2800000
Event 2900000
Event 3000000
Event 3100000
Event 3200000
Event 3300000
Event 3400000
Event 3500000
Event 3600000
Event 3700000
Event 3800000
Event 3900000
Event 4000000
Event 4100000
Event 4200000
Event 4300000
Event 4400000
Event 4500000
Event 4600000
Event 4700000
Event 4800000
Event 4900000
Event 5000000
Event 0
Event 100000
Event 200000
Event 300000
Event 400000
Event 500000
Event 600000
Event 700000
Event 800000
Event 900000
Event 1000000
Convolution with thetaX_GEANT from /home/ppe/j/jnugent/workarea/Unfolding/Cobb_results/LiH-6p5-200-B-hists.root
OBJ: RooUnfoldBayes	response	Unfold Response
regularisation parameter = 10, ntoys = 50
OBJ: RooUnfoldBayes	response	Unfold Response
regularisation parameter = 10, ntoys = 50
OBJ: RooUnfoldBayes	response	Unfold Response
regularisation parameter = 10, ntoys = 50
OBJ: RooUnfoldBayes	response	Unfold Response
regularisation parameter = 10, ntoys = 50
Now unfolding...
Iteration : 0
Chi^2 of change 121.817
Iteration : 1
Chi^2 of change 20.2563
Iteration : 2
Chi^2 of change 5.94164
Iteration : 3
Chi^2 of change 2.68539
Iteration : 4
Chi^2 of change 1.52792
Iteration : 5
Chi^2 of change 0.981747
Iteration : 6
Chi^2 of change 0.702254
Iteration : 7
Chi^2 of change 0.551951
Iteration : 8
Chi^2 of change 0.465069
Iteration : 9
Chi^2 of change 0.408699
Calculating covariances due to number of measured events
Now unfolding...
Iteration : 0
Chi^2 of change 138.959
Iteration : 1
Chi^2 of change 23.1307
Iteration : 2
Chi^2 of change 6.60741
Iteration : 3
Chi^2 of change 2.70802
Iteration : 4
Chi^2 of change 1.3724
Iteration : 5
Chi^2 of change 0.815902
Iteration : 6
Chi^2 of change 0.557578
Iteration : 7
Chi^2 of change 0.426712
Iteration : 8
Chi^2 of change 0.353222
Iteration : 9
Chi^2 of change 0.304102
Calculating covariances due to number of measured events
Now unfolding...
Iteration : 0
Chi^2 of change 301.672
Iteration : 1
Chi^2 of change 41.1543
Iteration : 2
Chi^2 of change 10.3699
Iteration : 3
Chi^2 of change 3.77521
Iteration : 4
Chi^2 of change 1.86162
Iteration : 5
Chi^2 of change 1.22281
Iteration : 6
Chi^2 of change 0.976474
Iteration : 7
Chi^2 of change 0.854459
Iteration : 8
Chi^2 of change 0.780066
Iteration : 9
Chi^2 of change 0.72834
Calculating covariances due to number of measured events
Now unfolding...
Iteration : 0
Chi^2 of change 388.647
Iteration : 1
Chi^2 of change 52.4591
Iteration : 2
Chi^2 of change 18.4961
Iteration : 3
Chi^2 of change 9.762
Iteration : 4
Chi^2 of change 6.32805
Iteration : 5
Chi^2 of change 4.603
Iteration : 6
Chi^2 of change 3.56661
Iteration : 7
Chi^2 of change 2.87796
Iteration : 8
Chi^2 of change 2.38649
Iteration : 9
Chi^2 of change 2.01995
Calculating covariances due to number of measured events
Convolution with thetaX_Cobb from /home/ppe/j/jnugent/workarea/Unfolding/Cobb_results/LiH-6p5-200-B-hists.root
OBJ: RooUnfoldBayes	response	Unfold Response
regularisation parameter = 10, ntoys = 50
OBJ: RooUnfoldBayes	response	Unfold Response
regularisation parameter = 10, ntoys = 50
OBJ: RooUnfoldBayes	response	Unfold Response
regularisation parameter = 10, ntoys = 50
OBJ: RooUnfoldBayes	response	Unfold Response
regularisation parameter = 10, ntoys = 50
Now unfolding...
Iteration : 0
Chi^2 of change 108.351
Iteration : 1
Chi^2 of change 17.3551
Iteration : 2
Chi^2 of change 4.77867
Iteration : 3
Chi^2 of change 2.06158
Iteration : 4
Chi^2 of change 1.24762
Iteration : 5
Chi^2 of change 0.903694
Iteration : 6
Chi^2 of change 0.717069
Iteration : 7
Chi^2 of change 0.603069
Iteration : 8
Chi^2 of change 0.527393
Iteration : 9
Chi^2 of change 0.472276
Calculating covariances due to number of measured events
Now unfolding...
Iteration : 0
Chi^2 of change 131.142
Iteration : 1
Chi^2 of change 21.0782
Iteration : 2
Chi^2 of change 4.71082
Iteration : 3
Chi^2 of change 1.59772
Iteration : 4
Chi^2 of change 0.698808
Iteration : 5
Chi^2 of change 0.389525
Iteration : 6
Chi^2 of change 0.268217
Iteration : 7
Chi^2 of change 0.21224
Iteration : 8
Chi^2 of change 0.18098
Iteration : 9
Chi^2 of change 0.160245
Calculating covariances due to number of measured events
Now unfolding...
Iteration : 0
Chi^2 of change 243.564
Iteration : 1
Chi^2 of change 33.1069
Iteration : 2
Chi^2 of change 8.86493
Iteration : 3
Chi^2 of change 3.61637
Iteration : 4
Chi^2 of change 2.04551
Iteration : 5
Chi^2 of change 1.44315
Iteration : 6
Chi^2 of change 1.14809
Iteration : 7
Chi^2 of change 0.968411
Iteration : 8
Chi^2 of change 0.840102
Iteration : 9
Chi^2 of change 0.732187
Calculating covariances due to number of measured events
Now unfolding...
Iteration : 0
Chi^2 of change 328.503
Iteration : 1
Chi^2 of change 44.2818
Iteration : 2
Chi^2 of change 17.4413
Iteration : 3
Chi^2 of change 10.2048
Iteration : 4
Chi^2 of change 7.03701
Iteration : 5
Chi^2 of change 5.36223
Iteration : 6
Chi^2 of change 4.3296
Iteration : 7
Chi^2 of change 3.59446
Iteration : 8
Chi^2 of change 3.0505
Iteration : 9
Chi^2 of change 2.61762
Calculating covariances due to number of measured events
Convolution with thetaX_Moliere from /home/ppe/j/jnugent/workarea/Unfolding/Cobb_results/LiH-6p5-200-B-hists.root
OBJ: RooUnfoldBayes	response	Unfold Response
regularisation parameter = 10, ntoys = 50
OBJ: RooUnfoldBayes	response	Unfold Response
regularisation parameter = 10, ntoys = 50
OBJ: RooUnfoldBayes	response	Unfold Response
regularisation parameter = 10, ntoys = 50
OBJ: RooUnfoldBayes	response	Unfold Response
regularisation parameter = 10, ntoys = 50
Now unfolding...
Iteration : 0
Chi^2 of change 109.666
Iteration : 1
Chi^2 of change 18.9025
Iteration : 2
Chi^2 of change 5.12174
Iteration : 3
Chi^2 of change 2.10889
Iteration : 4
Chi^2 of change 1.17186
Iteration : 5
Chi^2 of change 0.760598
Iteration : 6
Chi^2 of change 0.549284
Iteration : 7
Chi^2 of change 0.438467
Iteration : 8
Chi^2 of change 0.375479
Iteration : 9
Chi^2 of change 0.335157
Calculating covariances due to number of measured events
Now unfolding...
Iteration : 0
Chi^2 of change 128.537
Iteration : 1
Chi^2 of change 20.5676
Iteration : 2
Chi^2 of change 5.60917
Iteration : 3
Chi^2 of change 2.05429
Iteration : 4
Chi^2 of change 0.932297
Iteration : 5
Chi^2 of change 0.530887
Iteration : 6
Chi^2 of change 0.368952
Iteration : 7
Chi^2 of change 0.291966
Iteration : 8
Chi^2 of change 0.247756
Iteration : 9
Chi^2 of change 0.217569
Calculating covariances due to number of measured events
Now unfolding...
Iteration : 0
Chi^2 of change 245.643
Iteration : 1
Chi^2 of change 36.9032
Iteration : 2
Chi^2 of change 9.24905
Iteration : 3
Chi^2 of change 3.42692
Iteration : 4
Chi^2 of change 1.83828
Iteration : 5
Chi^2 of change 1.26901
Iteration : 6
Chi^2 of change 1.02515
Iteration : 7
Chi^2 of change 0.886829
Iteration : 8
Chi^2 of change 0.785937
Iteration : 9
Chi^2 of change 0.705277
Calculating covariances due to number of measured events
Now unfolding...
Iteration : 0
Chi^2 of change 286.857
Iteration : 1
Chi^2 of change 50.7331
Iteration : 2
Chi^2 of change 18.2584
Iteration : 3
Chi^2 of change 8.11786
Iteration : 4
Chi^2 of change 5.15573
Iteration : 5
Chi^2 of change 3.97045
Iteration : 6
Chi^2 of change 3.25218
Iteration : 7
Chi^2 of change 2.77103
Iteration : 8
Chi^2 of change 2.42647
Iteration : 9
Chi^2 of change 2.16292
Calculating covariances due to number of measured events
