INFO: Using third party libraries from /home/ppe/j/jnugent/private/PhD_Year_1/software/MAUS-v2.9.1
MAUS web front-end directory: /home/ppe/j/jnugent/private/PhD_Year_1/software/MAUS-v2.9.1/third_party/install/lib/maus-apps-0.2
    Database directory: /home/ppe/j/jnugent/private/PhD_Year_1/software/MAUS-v2.9.1/third_party/install/lib/maus-apps-0.2/db
    Media directory: /home/ppe/j/jnugent/private/PhD_Year_1/software/MAUS-v2.9.1/third_party/install/lib/maus-apps-0.2/media
    Media directory (raw images): /home/ppe/j/jnugent/private/PhD_Year_1/software/MAUS-v2.9.1/third_party/install/lib/maus-apps-0.2/media/raw
SUCCESS: MAUS setup
Algorithm to analyse reduced MAUS root
trees for multiple scattering measurements
and to unfold the distribution

Received 2 arguements.
node type: Element, name: spec, with prop id: (null), prop name: (null), prop value: (null)
node type: Element, name: file, with prop id: outfile, prop name: LiHMu_3200_tof_lim28.0059285384_u28.2059285384.root, prop value: (null)
node type: Element, name: file, with prop id: datafile, prop name: /data/neutrino06/jnugent/v2.9.1/allLiH/reduced_tree_.root, prop value: (null)
node type: Element, name: file, with prop id: trainfile, prop name: /data/neutrino06/jnugent/v2.9.1/allZeroAbs/reduced_tree_.root, prop value: (null)
node type: Element, name: file, with prop id: modelfile, prop name: /home/ppe/j/jnugent/workarea/Unfolding/Cobb_results/LiH-6p5-200-B-hists.root, prop value: (null)
node type: Element, name: file, with prop id: trkreffiname, prop name: /home/ppe/j/jnugent/workarea/tracker_efficiency/tracker_resolution_plots_28.0059285384.root, prop value: (null)
node type: Element, name: file, with prop id: model3, prop name: Moliere, prop value: (null)
node type: Element, name: file, with prop id: model2, prop name: Cobb, prop value: (null)
node type: Element, name: file, with prop id: model1, prop name: GEANT, prop value: (null)
node type: Element, name: cuts, with prop id: (null), prop name: TOF_ll, prop value: 28.0059285384
node type: Element, name: cuts, with prop id: (null), prop name: TOF_ul, prop value: 28.2059285384
node type: Element, name: cuts, with prop id: (null), prop name: fid_rad, prop value: 140.0
node type: Element, name: cuts, with prop id: (null), prop name: fid_grad, prop value: 0.012
node type: Element, name: cuts, with prop id: (null), prop name: mode, prop value: -1
node type: Element, name: sys, with prop id: (null), prop name: niter, prop value: 10
node type: Element, name: histlimits, with prop id: (null), prop name: NbinsXY, prop value: 46
node type: Element, name: histlimits, with prop id: (null), prop name: NbinsTh, prop value: 200
node type: Element, name: histlimits, with prop id: (null), prop name: minXY, prop value: -0.06
node type: Element, name: histlimits, with prop id: (null), prop name: maxXY, prop value: 0.06
Writing outfile to LiHMu_3200_tof_lim28.0059285384_u28.2059285384.root
Reading outfilename at 
Reading data from /data/neutrino06/jnugent/v2.9.1/allLiH/reduced_tree_.root
Reading reference data from /data/neutrino06/jnugent/v2.9.1/allZeroAbs/reduced_tree_.root
Reading models from /home/ppe/j/jnugent/workarea/Unfolding/Cobb_results/LiH-6p5-200-B-hists.root
Reading models from 
Use  for propagation

TOF selection between 28.0059 and 28.2059
Fiducial selection contained by radius 140 with scattering 0.012

Adding systematic effect niter with value 10
Event 0
Event 100000
Event 200000
Event 300000
Event 400000
Event 500000
Event 600000
Event 700000
Event 800000
Event 900000
Event 1000000
Event 1100000
Event 1200000
Event 1300000
Event 1400000
Event 1500000
Event 1600000
Event 1700000
Event 1800000
Event 1900000
Event 2000000
Event 2100000
Event 2200000
Event 2300000
Event 2400000
Event 2500000
Event 2600000
Event 2700000
Event 2800000
Event 2900000
Event 3000000
Event 3100000
Event 3200000
Event 3300000
Event 3400000
Event 3500000
Event 3600000
Event 3700000
Event 3800000
Event 3900000
Event 4000000
Event 4100000
Event 4200000
Event 4300000
Event 4400000
Event 4500000
Event 4600000
Event 4700000
Event 4800000
Event 4900000
Event 5000000
Event 0
Event 100000
Event 200000
Event 300000
Event 400000
Event 500000
Event 600000
Event 700000
Event 800000
Event 900000
Event 1000000
Convolution with thetaX_GEANT from /home/ppe/j/jnugent/workarea/Unfolding/Cobb_results/LiH-6p5-200-B-hists.root
OBJ: RooUnfoldBayes	response	Unfold Response
regularisation parameter = 10, ntoys = 50
OBJ: RooUnfoldBayes	response	Unfold Response
regularisation parameter = 10, ntoys = 50
OBJ: RooUnfoldBayes	response	Unfold Response
regularisation parameter = 10, ntoys = 50
OBJ: RooUnfoldBayes	response	Unfold Response
regularisation parameter = 10, ntoys = 50
Now unfolding...
Iteration : 0
Chi^2 of change 21.0025
Iteration : 1
Chi^2 of change 4.49181
Iteration : 2
Chi^2 of change 1.33708
Iteration : 3
Chi^2 of change 0.584052
Iteration : 4
Chi^2 of change 0.362701
Iteration : 5
Chi^2 of change 0.280887
Iteration : 6
Chi^2 of change 0.240741
Iteration : 7
Chi^2 of change 0.215001
Iteration : 8
Chi^2 of change 0.195408
Iteration : 9
Chi^2 of change 0.17918
Calculating covariances due to number of measured events
Now unfolding...
Iteration : 0
Chi^2 of change 187.913
Iteration : 1
Chi^2 of change 26.5816
Iteration : 2
Chi^2 of change 5.12964
Iteration : 3
Chi^2 of change 1.83431
Iteration : 4
Chi^2 of change 1.17115
Iteration : 5
Chi^2 of change 0.99039
Iteration : 6
Chi^2 of change 0.922726
Iteration : 7
Chi^2 of change 0.886556
Iteration : 8
Chi^2 of change 0.859404
Iteration : 9
Chi^2 of change 0.833809
Calculating covariances due to number of measured events
Now unfolding...
Iteration : 0
Chi^2 of change 222.227
Iteration : 1
Chi^2 of change 35.1522
Iteration : 2
Chi^2 of change 20.7176
Iteration : 3
Chi^2 of change 11.5932
Iteration : 4
Chi^2 of change 6.93317
Iteration : 5
Chi^2 of change 4.91057
Iteration : 6
Chi^2 of change 3.88314
Iteration : 7
Chi^2 of change 3.18398
Iteration : 8
Chi^2 of change 2.64476
Iteration : 9
Chi^2 of change 2.23097
Calculating covariances due to number of measured events
Now unfolding...
Iteration : 0
Chi^2 of change 111.437
Iteration : 1
Chi^2 of change 46.6302
Iteration : 2
Chi^2 of change 24.488
Iteration : 3
Chi^2 of change 15.528
Iteration : 4
Chi^2 of change 11.5627
Iteration : 5
Chi^2 of change 9.18495
Iteration : 6
Chi^2 of change 7.5309
Iteration : 7
Chi^2 of change 6.33434
Iteration : 8
Chi^2 of change 5.44612
Iteration : 9
Chi^2 of change 4.76473
Calculating covariances due to number of measured events
Convolution with thetaX_Cobb from /home/ppe/j/jnugent/workarea/Unfolding/Cobb_results/LiH-6p5-200-B-hists.root
OBJ: RooUnfoldBayes	response	Unfold Response
regularisation parameter = 10, ntoys = 50
OBJ: RooUnfoldBayes	response	Unfold Response
regularisation parameter = 10, ntoys = 50
OBJ: RooUnfoldBayes	response	Unfold Response
regularisation parameter = 10, ntoys = 50
OBJ: RooUnfoldBayes	response	Unfold Response
regularisation parameter = 10, ntoys = 50
Now unfolding...
Iteration : 0
Chi^2 of change 35.667
Iteration : 1
Chi^2 of change 10.2073
Iteration : 2
Chi^2 of change 3.09126
Iteration : 3
Chi^2 of change 1.08273
Iteration : 4
Chi^2 of change 0.508338
Iteration : 5
Chi^2 of change 0.337611
Iteration : 6
Chi^2 of change 0.281295
Iteration : 7
Chi^2 of change 0.258186
Iteration : 8
Chi^2 of change 0.24529
Iteration : 9
Chi^2 of change 0.235939
Calculating covariances due to number of measured events
Now unfolding...
Iteration : 0
Chi^2 of change 237.299
Iteration : 1
Chi^2 of change 37.5392
Iteration : 2
Chi^2 of change 7.1729
Iteration : 3
Chi^2 of change 1.90821
Iteration : 4
Chi^2 of change 0.806655
Iteration : 5
Chi^2 of change 0.534076
Iteration : 6
Chi^2 of change 0.451873
Iteration : 7
Chi^2 of change 0.417581
Iteration : 8
Chi^2 of change 0.396564
Iteration : 9
Chi^2 of change 0.379954
Calculating covariances due to number of measured events
Now unfolding...
Iteration : 0
Chi^2 of change 216.411
Iteration : 1
Chi^2 of change 43.9114
Iteration : 2
Chi^2 of change 25.0799
Iteration : 3
Chi^2 of change 15.5147
Iteration : 4
Chi^2 of change 8.32385
Iteration : 5
Chi^2 of change 4.11054
Iteration : 6
Chi^2 of change 2.39308
Iteration : 7
Chi^2 of change 1.77417
Iteration : 8
Chi^2 of change 1.50498
Iteration : 9
Chi^2 of change 1.34472
Calculating covariances due to number of measured events
Now unfolding...
Iteration : 0
Chi^2 of change 176.421
Iteration : 1
Chi^2 of change 59.1654
Iteration : 2
Chi^2 of change 33.521
Iteration : 3
Chi^2 of change 22.1241
Iteration : 4
Chi^2 of change 16.9198
Iteration : 5
Chi^2 of change 13.7249
Iteration : 6
Chi^2 of change 11.0961
Iteration : 7
Chi^2 of change 8.8173
Iteration : 8
Chi^2 of change 6.96994
Iteration : 9
Chi^2 of change 5.61104
Calculating covariances due to number of measured events
Convolution with thetaX_Moliere from /home/ppe/j/jnugent/workarea/Unfolding/Cobb_results/LiH-6p5-200-B-hists.root
OBJ: RooUnfoldBayes	response	Unfold Response
regularisation parameter = 10, ntoys = 50
OBJ: RooUnfoldBayes	response	Unfold Response
regularisation parameter = 10, ntoys = 50
OBJ: RooUnfoldBayes	response	Unfold Response
regularisation parameter = 10, ntoys = 50
OBJ: RooUnfoldBayes	response	Unfold Response
regularisation parameter = 10, ntoys = 50
Now unfolding...
Iteration : 0
Chi^2 of change 27.4662
Iteration : 1
Chi^2 of change 6.83962
Iteration : 2
Chi^2 of change 1.91213
Iteration : 3
Chi^2 of change 0.601911
Iteration : 4
Chi^2 of change 0.226485
Iteration : 5
Chi^2 of change 0.111103
Iteration : 6
Chi^2 of change 0.0720335
Iteration : 7
Chi^2 of change 0.0567918
Iteration : 8
Chi^2 of change 0.0496894
Iteration : 9
Chi^2 of change 0.04573
Calculating covariances due to number of measured events
Now unfolding...
Iteration : 0
Chi^2 of change 209.456
Iteration : 1
Chi^2 of change 30.1864
Iteration : 2
Chi^2 of change 5.27581
Iteration : 3
Chi^2 of change 1.30537
Iteration : 4
Chi^2 of change 0.510923
Iteration : 5
Chi^2 of change 0.311247
Iteration : 6
Chi^2 of change 0.247161
Iteration : 7
Chi^2 of change 0.219382
Iteration : 8
Chi^2 of change 0.203331
Iteration : 9
Chi^2 of change 0.192177
Calculating covariances due to number of measured events
Now unfolding...
Iteration : 0
Chi^2 of change 148.974
Iteration : 1
Chi^2 of change 48.6257
Iteration : 2
Chi^2 of change 34.1739
Iteration : 3
Chi^2 of change 22.7891
Iteration : 4
Chi^2 of change 13.6798
Iteration : 5
Chi^2 of change 8.00754
Iteration : 6
Chi^2 of change 4.91949
Iteration : 7
Chi^2 of change 3.27283
Iteration : 8
Chi^2 of change 2.36652
Iteration : 9
Chi^2 of change 1.8392
Calculating covariances due to number of measured events
Now unfolding...
Iteration : 0
Chi^2 of change 65.4363
Iteration : 1
Chi^2 of change 28.4505
Iteration : 2
Chi^2 of change 17.1084
Iteration : 3
Chi^2 of change 12.7793
Iteration : 4
Chi^2 of change 10.4361
Iteration : 5
Chi^2 of change 8.70792
Iteration : 6
Chi^2 of change 7.29825
Iteration : 7
Chi^2 of change 6.12721
Iteration : 8
Chi^2 of change 5.17041
Iteration : 9
Chi^2 of change 4.40553
Calculating covariances due to number of measured events
