000 (159790.000.000) 06/25 22:36:53 Job submitted from host: <172.20.203.50:9618?addrs=172.20.203.50-9618+[--1]-9618&noUDP&sock=7405_cae4_4>
...
001 (159790.000.000) 06/25 22:37:10 Job executing on host: <10.194.1.4:9618?addrs=10.194.1.4-9618+[--1]-9618&noUDP&sock=11079_d9d8_3>
...
006 (159790.000.000) 06/25 22:37:18 Image size of job updated: 168324
	165  -  MemoryUsage of job (MB)
	168324  -  ResidentSetSize of job (KB)
...
006 (159790.000.000) 06/25 22:42:18 Image size of job updated: 918612
	898  -  MemoryUsage of job (MB)
	918612  -  ResidentSetSize of job (KB)
...
006 (159790.000.000) 06/25 22:47:19 Image size of job updated: 1651084
	1612  -  MemoryUsage of job (MB)
	1650188  -  ResidentSetSize of job (KB)
...
006 (159790.000.000) 06/25 22:52:20 Image size of job updated: 2344156
	2279  -  MemoryUsage of job (MB)
	2333240  -  ResidentSetSize of job (KB)
...
006 (159790.000.000) 06/25 22:57:20 Image size of job updated: 3013168
	2920  -  MemoryUsage of job (MB)
	2989752  -  ResidentSetSize of job (KB)
...
006 (159790.000.000) 06/25 23:02:20 Image size of job updated: 3630376
	3484  -  MemoryUsage of job (MB)
	3566864  -  ResidentSetSize of job (KB)
...
006 (159790.000.000) 06/25 23:07:21 Image size of job updated: 4141912
	3615  -  MemoryUsage of job (MB)
	3700944  -  ResidentSetSize of job (KB)
...
004 (159790.000.000) 06/26 16:40:08 Job was evicted.
	(0) Job was not checkpointed.
		Usr 0 17:59:34, Sys 0 00:01:43  -  Run Remote Usage
		Usr 0 00:00:00, Sys 0 00:00:00  -  Run Local Usage
	0  -  Run Bytes Sent By Job
	223  -  Run Bytes Received By Job
	Partitionable Resources :    Usage  Request Allocated
	   Cpus                 :                 1         1
	   Disk (KB)            :       38        1   4449816
	   Memory (MB)          :     3615     6144      6144
...
009 (159790.000.000) 06/26 16:40:08 Job was aborted by the user.
	via condor_rm (by user jnugent)
...
000 (159869.000.000) 06/26 21:46:03 Job submitted from host: <172.20.203.50:9618?addrs=172.20.203.50-9618+[--1]-9618&noUDP&sock=7405_cae4_4>
...
001 (159869.000.000) 06/26 21:46:09 Job executing on host: <10.194.1.4:9618?addrs=10.194.1.4-9618+[--1]-9618&noUDP&sock=11079_d9d8_3>
...
006 (159869.000.000) 06/26 21:46:17 Image size of job updated: 163220
	160  -  MemoryUsage of job (MB)
	163220  -  ResidentSetSize of job (KB)
...
006 (159869.000.000) 06/26 21:51:17 Image size of job updated: 887228
	864  -  MemoryUsage of job (MB)
	884668  -  ResidentSetSize of job (KB)
...
006 (159869.000.000) 06/26 21:56:17 Image size of job updated: 1592492
	1549  -  MemoryUsage of job (MB)
	1585848  -  ResidentSetSize of job (KB)
...
006 (159869.000.000) 06/26 22:01:18 Image size of job updated: 2262432
	2191  -  MemoryUsage of job (MB)
	2242604  -  ResidentSetSize of job (KB)
...
006 (159869.000.000) 06/26 22:06:18 Image size of job updated: 2908364
	2767  -  MemoryUsage of job (MB)
	2832808  -  ResidentSetSize of job (KB)
...
006 (159869.000.000) 06/26 22:11:18 Image size of job updated: 3520604
	2917  -  MemoryUsage of job (MB)
	2986624  -  ResidentSetSize of job (KB)
...
006 (159869.000.000) 06/26 22:16:19 Image size of job updated: 4031916
	2917  -  MemoryUsage of job (MB)
	2986628  -  ResidentSetSize of job (KB)
...
006 (159869.000.000) 06/26 22:21:20 Image size of job updated: 4516672
	3447  -  MemoryUsage of job (MB)
	3528936  -  ResidentSetSize of job (KB)
...
005 (159869.000.000) 06/26 22:31:54 Job terminated.
	(1) Normal termination (return value 0)
		Usr 0 00:42:22, Sys 0 00:00:48  -  Run Remote Usage
		Usr 0 00:00:00, Sys 0 00:00:00  -  Run Local Usage
		Usr 0 00:42:22, Sys 0 00:00:48  -  Total Remote Usage
		Usr 0 00:00:00, Sys 0 00:00:00  -  Total Local Usage
	417668  -  Run Bytes Sent By Job
	223  -  Run Bytes Received By Job
	417668  -  Total Bytes Sent By Job
	223  -  Total Bytes Received By Job
	Partitionable Resources :    Usage  Request Allocated
	   Cpus                 :                 1         1
	   Disk (KB)            :      418        1   4449816
	   Memory (MB)          :     3447     6144      6144
...
000 (166852.000.000) 07/16 14:30:04 Job submitted from host: <172.20.203.50:9618?addrs=172.20.203.50-9618+[--1]-9618&noUDP&sock=7405_cae4_4>
...
001 (166852.000.000) 07/16 14:30:23 Job executing on host: <10.194.1.8:9618?addrs=10.194.1.8-9618+[--1]-9618&noUDP&sock=13314_e004_3>
...
006 (166852.000.000) 07/16 14:30:31 Image size of job updated: 160892
	158  -  MemoryUsage of job (MB)
	160892  -  ResidentSetSize of job (KB)
...
006 (166852.000.000) 07/16 14:35:31 Image size of job updated: 669732
	651  -  MemoryUsage of job (MB)
	665708  -  ResidentSetSize of job (KB)
...
006 (166852.000.000) 07/16 14:45:32 Image size of job updated: 1178600
	1145  -  MemoryUsage of job (MB)
	1172308  -  ResidentSetSize of job (KB)
...
006 (166852.000.000) 07/16 14:50:32 Image size of job updated: 1746120
	1697  -  MemoryUsage of job (MB)
	1737380  -  ResidentSetSize of job (KB)
...
006 (166852.000.000) 07/16 14:55:33 Image size of job updated: 2288192
	2220  -  MemoryUsage of job (MB)
	2273064  -  ResidentSetSize of job (KB)
...
006 (166852.000.000) 07/16 15:00:34 Image size of job updated: 2817772
	2730  -  MemoryUsage of job (MB)
	2795136  -  ResidentSetSize of job (KB)
...
006 (166852.000.000) 07/16 15:05:34 Image size of job updated: 3350456
	3231  -  MemoryUsage of job (MB)
	3308224  -  ResidentSetSize of job (KB)
...
006 (166852.000.000) 07/16 15:10:35 Image size of job updated: 3836112
	3700  -  MemoryUsage of job (MB)
	3788672  -  ResidentSetSize of job (KB)
...
006 (166852.000.000) 07/16 15:15:36 Image size of job updated: 4279696
	4134  -  MemoryUsage of job (MB)
	4232256  -  ResidentSetSize of job (KB)
...
006 (166852.000.000) 07/16 15:20:36 Image size of job updated: 4279696
	4134  -  MemoryUsage of job (MB)
	4232260  -  ResidentSetSize of job (KB)
...
005 (166852.000.000) 07/16 15:29:46 Job terminated.
	(1) Normal termination (return value 1)
		Usr 0 00:58:09, Sys 0 00:00:53  -  Run Remote Usage
		Usr 0 00:00:00, Sys 0 00:00:00  -  Run Local Usage
		Usr 0 00:58:09, Sys 0 00:00:53  -  Total Remote Usage
		Usr 0 00:00:00, Sys 0 00:00:00  -  Total Local Usage
	36034  -  Run Bytes Sent By Job
	223  -  Run Bytes Received By Job
	36034  -  Total Bytes Sent By Job
	223  -  Total Bytes Received By Job
	Partitionable Resources :    Usage  Request Allocated
	   Cpus                 :                 1         1
	   Disk (KB)            :       45        1  10479080
	   Memory (MB)          :     4134     6144      6144
...
000 (167018.000.000) 07/23 07:43:56 Job submitted from host: <172.20.203.50:9618?addrs=172.20.203.50-9618+[--1]-9618&noUDP&sock=7405_cae4_4>
...
001 (167018.000.000) 07/23 07:44:10 Job executing on host: <10.194.1.6:9618?addrs=10.194.1.6-9618+[--1]-9618&noUDP&sock=13347_82a4_3>
...
006 (167018.000.000) 07/23 07:44:18 Image size of job updated: 161548
	157  -  MemoryUsage of job (MB)
	160752  -  ResidentSetSize of job (KB)
...
006 (167018.000.000) 07/23 07:49:18 Image size of job updated: 663956
	645  -  MemoryUsage of job (MB)
	660216  -  ResidentSetSize of job (KB)
...
006 (167018.000.000) 07/23 07:54:19 Image size of job updated: 663956
	645  -  MemoryUsage of job (MB)
	660224  -  ResidentSetSize of job (KB)
...
006 (167018.000.000) 07/23 07:59:20 Image size of job updated: 1150068
	1121  -  MemoryUsage of job (MB)
	1147284  -  ResidentSetSize of job (KB)
...
006 (167018.000.000) 07/23 08:04:20 Image size of job updated: 1713584
	1670  -  MemoryUsage of job (MB)
	1709644  -  ResidentSetSize of job (KB)
...
006 (167018.000.000) 07/23 08:09:20 Image size of job updated: 2249040
	2193  -  MemoryUsage of job (MB)
	2244896  -  ResidentSetSize of job (KB)
...
006 (167018.000.000) 07/23 08:14:21 Image size of job updated: 2770724
	2700  -  MemoryUsage of job (MB)
	2764444  -  ResidentSetSize of job (KB)
...
006 (167018.000.000) 07/23 08:19:21 Image size of job updated: 3294784
	3209  -  MemoryUsage of job (MB)
	3285724  -  ResidentSetSize of job (KB)
...
006 (167018.000.000) 07/23 08:24:21 Image size of job updated: 3781136
	3681  -  MemoryUsage of job (MB)
	3768608  -  ResidentSetSize of job (KB)
...
006 (167018.000.000) 07/23 08:29:22 Image size of job updated: 4242212
	4131  -  MemoryUsage of job (MB)
	4229816  -  ResidentSetSize of job (KB)
...
005 (167018.000.000) 07/23 08:46:10 Job terminated.
	(1) Normal termination (return value 0)
		Usr 0 01:00:38, Sys 0 00:01:00  -  Run Remote Usage
		Usr 0 00:00:00, Sys 0 00:00:00  -  Run Local Usage
		Usr 0 01:00:38, Sys 0 00:01:00  -  Total Remote Usage
		Usr 0 00:00:00, Sys 0 00:00:00  -  Total Local Usage
	440019  -  Run Bytes Sent By Job
	223  -  Run Bytes Received By Job
	440019  -  Total Bytes Sent By Job
	223  -  Total Bytes Received By Job
	Partitionable Resources :    Usage  Request Allocated
	   Cpus                 :                 1         1
	   Disk (KB)            :      440        1  10479080
	   Memory (MB)          :     4131     6144      6144
...
000 (167120.000.000) 07/24 22:01:00 Job submitted from host: <172.20.203.50:9618?addrs=172.20.203.50-9618+[--1]-9618&noUDP&sock=7405_cae4_4>
...
001 (167120.000.000) 07/24 22:01:15 Job executing on host: <10.194.1.6:9618?addrs=10.194.1.6-9618+[--1]-9618&noUDP&sock=13347_82a4_3>
...
006 (167120.000.000) 07/24 22:01:24 Image size of job updated: 167696
	164  -  MemoryUsage of job (MB)
	167696  -  ResidentSetSize of job (KB)
...
006 (167120.000.000) 07/24 22:06:25 Image size of job updated: 804596
	786  -  MemoryUsage of job (MB)
	804596  -  ResidentSetSize of job (KB)
...
006 (167120.000.000) 07/24 22:11:25 Image size of job updated: 1422408
	1390  -  MemoryUsage of job (MB)
	1422408  -  ResidentSetSize of job (KB)
...
006 (167120.000.000) 07/24 22:16:25 Image size of job updated: 2021528
	1975  -  MemoryUsage of job (MB)
	2021528  -  ResidentSetSize of job (KB)
...
006 (167120.000.000) 07/24 22:21:26 Image size of job updated: 2595100
	2534  -  MemoryUsage of job (MB)
	2593796  -  ResidentSetSize of job (KB)
...
006 (167120.000.000) 07/24 22:26:27 Image size of job updated: 3155208
	3065  -  MemoryUsage of job (MB)
	3138104  -  ResidentSetSize of job (KB)
...
006 (167120.000.000) 07/24 22:31:27 Image size of job updated: 3672656
	3518  -  MemoryUsage of job (MB)
	3601540  -  ResidentSetSize of job (KB)
...
006 (167120.000.000) 07/24 22:36:28 Image size of job updated: 4160000
	3960  -  MemoryUsage of job (MB)
	4054640  -  ResidentSetSize of job (KB)
...
006 (167120.000.000) 07/24 22:41:29 Image size of job updated: 4160000
	3960  -  MemoryUsage of job (MB)
	4054644  -  ResidentSetSize of job (KB)
...
005 (167120.000.000) 07/24 22:52:57 Job terminated.
	(1) Normal termination (return value 0)
		Usr 0 00:50:13, Sys 0 00:00:43  -  Run Remote Usage
		Usr 0 00:00:00, Sys 0 00:00:00  -  Run Local Usage
		Usr 0 00:50:13, Sys 0 00:00:43  -  Total Remote Usage
		Usr 0 00:00:00, Sys 0 00:00:00  -  Total Local Usage
	430605  -  Run Bytes Sent By Job
	223  -  Run Bytes Received By Job
	430605  -  Total Bytes Sent By Job
	223  -  Total Bytes Received By Job
	Partitionable Resources :    Usage  Request Allocated
	   Cpus                 :                 1         1
	   Disk (KB)            :      431        1  10479080
	   Memory (MB)          :     3960     6144      6144
...
000 (167190.000.000) 07/26 22:04:22 Job submitted from host: <172.20.203.50:9618?addrs=172.20.203.50-9618+[--1]-9618&noUDP&sock=7405_cae4_4>
...
001 (167190.000.000) 07/26 22:04:38 Job executing on host: <10.194.1.8:9618?addrs=10.194.1.8-9618+[--1]-9618&noUDP&sock=13314_e004_3>
...
006 (167190.000.000) 07/26 22:04:46 Image size of job updated: 157236
	154  -  MemoryUsage of job (MB)
	157236  -  ResidentSetSize of job (KB)
...
006 (167190.000.000) 07/26 22:09:46 Image size of job updated: 801664
	780  -  MemoryUsage of job (MB)
	797960  -  ResidentSetSize of job (KB)
...
006 (167190.000.000) 07/26 22:14:46 Image size of job updated: 1398120
	1357  -  MemoryUsage of job (MB)
	1389172  -  ResidentSetSize of job (KB)
...
006 (167190.000.000) 07/26 22:19:47 Image size of job updated: 2004328
	1938  -  MemoryUsage of job (MB)
	1984288  -  ResidentSetSize of job (KB)
...
006 (167190.000.000) 07/26 22:24:48 Image size of job updated: 2580980
	2491  -  MemoryUsage of job (MB)
	2549860  -  ResidentSetSize of job (KB)
...
006 (167190.000.000) 07/26 22:29:48 Image size of job updated: 3143160
	3027  -  MemoryUsage of job (MB)
	3099608  -  ResidentSetSize of job (KB)
...
006 (167190.000.000) 07/26 22:34:49 Image size of job updated: 3666104
	3527  -  MemoryUsage of job (MB)
	3611488  -  ResidentSetSize of job (KB)
...
006 (167190.000.000) 07/26 22:39:50 Image size of job updated: 4122220
	3966  -  MemoryUsage of job (MB)
	4061124  -  ResidentSetSize of job (KB)
...
006 (167190.000.000) 07/26 22:44:50 Image size of job updated: 4122220
	3966  -  MemoryUsage of job (MB)
	4061132  -  ResidentSetSize of job (KB)
...
005 (167190.000.000) 07/26 22:56:29 Job terminated.
	(1) Normal termination (return value 0)
		Usr 0 00:50:15, Sys 0 00:00:42  -  Run Remote Usage
		Usr 0 00:00:00, Sys 0 00:00:00  -  Run Local Usage
		Usr 0 00:50:15, Sys 0 00:00:42  -  Total Remote Usage
		Usr 0 00:00:00, Sys 0 00:00:00  -  Total Local Usage
	419310  -  Run Bytes Sent By Job
	223  -  Run Bytes Received By Job
	419310  -  Total Bytes Sent By Job
	223  -  Total Bytes Received By Job
	Partitionable Resources :    Usage  Request Allocated
	   Cpus                 :                 1         1
	   Disk (KB)            :      420        1  10479080
	   Memory (MB)          :     3966     6144      6144
...
000 (167246.000.000) 07/27 19:18:30 Job submitted from host: <172.20.203.50:9618?addrs=172.20.203.50-9618+[--1]-9618&noUDP&sock=7405_cae4_4>
...
001 (167246.000.000) 07/27 19:18:46 Job executing on host: <10.194.1.8:9618?addrs=10.194.1.8-9618+[--1]-9618&noUDP&sock=13314_e004_3>
...
006 (167246.000.000) 07/27 19:18:55 Image size of job updated: 162764
	159  -  MemoryUsage of job (MB)
	162764  -  ResidentSetSize of job (KB)
...
006 (167246.000.000) 07/27 19:23:56 Image size of job updated: 802356
	784  -  MemoryUsage of job (MB)
	802356  -  ResidentSetSize of job (KB)
...
006 (167246.000.000) 07/27 19:28:56 Image size of job updated: 1415452
	1381  -  MemoryUsage of job (MB)
	1413296  -  ResidentSetSize of job (KB)
...
006 (167246.000.000) 07/27 19:33:56 Image size of job updated: 2015588
	1959  -  MemoryUsage of job (MB)
	2005336  -  ResidentSetSize of job (KB)
...
006 (167246.000.000) 07/27 19:38:58 Image size of job updated: 2589388
	2517  -  MemoryUsage of job (MB)
	2577400  -  ResidentSetSize of job (KB)
...
006 (167246.000.000) 07/27 19:43:58 Image size of job updated: 3148288
	3063  -  MemoryUsage of job (MB)
	3135768  -  ResidentSetSize of job (KB)
...
006 (167246.000.000) 07/27 19:48:58 Image size of job updated: 3657576
	3558  -  MemoryUsage of job (MB)
	3642612  -  ResidentSetSize of job (KB)
...
006 (167246.000.000) 07/27 19:53:59 Image size of job updated: 4100608
	3981  -  MemoryUsage of job (MB)
	4075916  -  ResidentSetSize of job (KB)
...
005 (167246.000.000) 07/27 20:10:44 Job terminated.
	(1) Normal termination (return value 0)
		Usr 0 00:50:30, Sys 0 00:00:42  -  Run Remote Usage
		Usr 0 00:00:00, Sys 0 00:00:00  -  Run Local Usage
		Usr 0 00:50:30, Sys 0 00:00:42  -  Total Remote Usage
		Usr 0 00:00:00, Sys 0 00:00:00  -  Total Local Usage
	452810  -  Run Bytes Sent By Job
	223  -  Run Bytes Received By Job
	452810  -  Total Bytes Sent By Job
	223  -  Total Bytes Received By Job
	Partitionable Resources :    Usage  Request Allocated
	   Cpus                 :                 1         1
	   Disk (KB)            :      452        1  10479080
	   Memory (MB)          :     3981     6144      6144
...
000 (167387.000.000) 08/05 16:51:18 Job submitted from host: <172.20.203.50:9618?addrs=172.20.203.50-9618+[--1]-9618&noUDP&sock=1508097_aeae_4>
...
001 (167387.000.000) 08/05 16:51:33 Job executing on host: <10.194.1.102:9618?addrs=10.194.1.102-9618&noUDP&sock=230304_f773_3>
...
006 (167387.000.000) 08/05 16:51:42 Image size of job updated: 201484
	195  -  MemoryUsage of job (MB)
	199264  -  ResidentSetSize of job (KB)
...
006 (167387.000.000) 08/05 16:56:43 Image size of job updated: 1132860
	1105  -  MemoryUsage of job (MB)
	1130640  -  ResidentSetSize of job (KB)
...
006 (167387.000.000) 08/05 17:01:43 Image size of job updated: 1999100
	1951  -  MemoryUsage of job (MB)
	1996880  -  ResidentSetSize of job (KB)
...
006 (167387.000.000) 08/05 17:06:44 Image size of job updated: 2835612
	2767  -  MemoryUsage of job (MB)
	2833392  -  ResidentSetSize of job (KB)
...
006 (167387.000.000) 08/05 17:11:44 Image size of job updated: 3603888
	3518  -  MemoryUsage of job (MB)
	3601668  -  ResidentSetSize of job (KB)
...
006 (167387.000.000) 08/05 17:16:44 Image size of job updated: 4291044
	4189  -  MemoryUsage of job (MB)
	4288824  -  ResidentSetSize of job (KB)
...
005 (167387.000.000) 08/05 17:27:00 Job terminated.
	(1) Normal termination (return value 0)
		Usr 0 00:35:09, Sys 0 00:00:14  -  Run Remote Usage
		Usr 0 00:00:00, Sys 0 00:00:00  -  Run Local Usage
		Usr 0 00:35:09, Sys 0 00:00:14  -  Total Remote Usage
		Usr 0 00:00:00, Sys 0 00:00:00  -  Total Local Usage
	421956  -  Run Bytes Sent By Job
	223  -  Run Bytes Received By Job
	421956  -  Total Bytes Sent By Job
	223  -  Total Bytes Received By Job
	Partitionable Resources :    Usage  Request Allocated
	   Cpus                 :                 1         1
	   Disk (KB)            :      428        1    332844
	   Memory (MB)          :     4189     6144      6144
...
000 (167445.000.000) 08/06 22:48:28 Job submitted from host: <172.20.203.50:9618?addrs=172.20.203.50-9618+[--1]-9618&noUDP&sock=1508097_aeae_4>
...
001 (167445.000.000) 08/06 22:48:41 Job executing on host: <10.194.1.4:9618?addrs=10.194.1.4-9618+[--1]-9618&noUDP&sock=11079_d9d8_3>
...
006 (167445.000.000) 08/06 22:48:50 Image size of job updated: 163292
	160  -  MemoryUsage of job (MB)
	163292  -  ResidentSetSize of job (KB)
...
006 (167445.000.000) 08/06 22:53:50 Image size of job updated: 861836
	842  -  MemoryUsage of job (MB)
	861836  -  ResidentSetSize of job (KB)
...
006 (167445.000.000) 08/06 22:58:50 Image size of job updated: 1536256
	1496  -  MemoryUsage of job (MB)
	1531192  -  ResidentSetSize of job (KB)
...
006 (167445.000.000) 08/06 23:03:51 Image size of job updated: 2191072
	2111  -  MemoryUsage of job (MB)
	2161452  -  ResidentSetSize of job (KB)
...
006 (167445.000.000) 08/06 23:08:51 Image size of job updated: 2819876
	2711  -  MemoryUsage of job (MB)
	2775928  -  ResidentSetSize of job (KB)
...
006 (167445.000.000) 08/06 23:13:51 Image size of job updated: 3419752
	3289  -  MemoryUsage of job (MB)
	3367816  -  ResidentSetSize of job (KB)
...
006 (167445.000.000) 08/06 23:18:53 Image size of job updated: 4526312
	4359  -  MemoryUsage of job (MB)
	4463172  -  ResidentSetSize of job (KB)
...
005 (167445.000.000) 08/06 23:35:34 Job terminated.
	(1) Normal termination (return value 0)
		Usr 0 00:45:29, Sys 0 00:00:37  -  Run Remote Usage
		Usr 0 00:00:00, Sys 0 00:00:00  -  Run Local Usage
		Usr 0 00:45:29, Sys 0 00:00:37  -  Total Remote Usage
		Usr 0 00:00:00, Sys 0 00:00:00  -  Total Local Usage
	437334  -  Run Bytes Sent By Job
	223  -  Run Bytes Received By Job
	437334  -  Total Bytes Sent By Job
	223  -  Total Bytes Received By Job
	Partitionable Resources :    Usage  Request Allocated
	   Cpus                 :                 1         1
	   Disk (KB)            :      437        1   4449816
	   Memory (MB)          :     4359     6144      6144
...
000 (167530.000.000) 08/11 22:25:34 Job submitted from host: <172.20.203.50:9618?addrs=172.20.203.50-9618+[--1]-9618&noUDP&sock=1508097_aeae_4>
...
001 (167530.000.000) 08/11 22:25:48 Job executing on host: <10.194.1.8:9618?addrs=10.194.1.8-9618+[--1]-9618&noUDP&sock=13314_e004_3>
...
006 (167530.000.000) 08/11 22:25:57 Image size of job updated: 162588
	159  -  MemoryUsage of job (MB)
	162588  -  ResidentSetSize of job (KB)
...
006 (167530.000.000) 08/11 22:30:57 Image size of job updated: 824160
	805  -  MemoryUsage of job (MB)
	824160  -  ResidentSetSize of job (KB)
...
006 (167530.000.000) 08/11 22:35:57 Image size of job updated: 1450300
	1412  -  MemoryUsage of job (MB)
	1445664  -  ResidentSetSize of job (KB)
...
006 (167530.000.000) 08/11 22:40:58 Image size of job updated: 2058004
	1995  -  MemoryUsage of job (MB)
	2042504  -  ResidentSetSize of job (KB)
...
006 (167530.000.000) 08/11 22:45:59 Image size of job updated: 2635712
	2551  -  MemoryUsage of job (MB)
	2611864  -  ResidentSetSize of job (KB)
...
006 (167530.000.000) 08/11 22:50:59 Image size of job updated: 3210736
	3108  -  MemoryUsage of job (MB)
	3182076  -  ResidentSetSize of job (KB)
...
006 (167530.000.000) 08/11 22:56:00 Image size of job updated: 3732984
	3603  -  MemoryUsage of job (MB)
	3689368  -  ResidentSetSize of job (KB)
...
006 (167530.000.000) 08/11 23:01:01 Image size of job updated: 4203256
	4047  -  MemoryUsage of job (MB)
	4143376  -  ResidentSetSize of job (KB)
...
006 (167530.000.000) 08/11 23:06:01 Image size of job updated: 4203256
	4047  -  MemoryUsage of job (MB)
	4143384  -  ResidentSetSize of job (KB)
...
005 (167530.000.000) 08/11 23:17:09 Job terminated.
	(1) Normal termination (return value 0)
		Usr 0 00:48:57, Sys 0 00:00:52  -  Run Remote Usage
		Usr 0 00:00:00, Sys 0 00:00:00  -  Run Local Usage
		Usr 0 00:48:57, Sys 0 00:00:52  -  Total Remote Usage
		Usr 0 00:00:00, Sys 0 00:00:00  -  Total Local Usage
	469360  -  Run Bytes Sent By Job
	223  -  Run Bytes Received By Job
	469360  -  Total Bytes Sent By Job
	223  -  Total Bytes Received By Job
	Partitionable Resources :    Usage  Request Allocated
	   Cpus                 :                 1         1
	   Disk (KB)            :      469        1  10479080
	   Memory (MB)          :     4047     6144      6144
...
000 (167586.000.000) 08/12 16:14:22 Job submitted from host: <172.20.203.50:9618?addrs=172.20.203.50-9618+[--1]-9618&noUDP&sock=1508097_aeae_4>
...
001 (167586.000.000) 08/12 16:14:41 Job executing on host: <10.194.1.8:9618?addrs=10.194.1.8-9618+[--1]-9618&noUDP&sock=13314_e004_3>
...
006 (167586.000.000) 08/12 16:14:50 Image size of job updated: 168604
	165  -  MemoryUsage of job (MB)
	168604  -  ResidentSetSize of job (KB)
...
006 (167586.000.000) 08/12 16:19:51 Image size of job updated: 837160
	817  -  MemoryUsage of job (MB)
	836164  -  ResidentSetSize of job (KB)
...
006 (167586.000.000) 08/12 16:24:51 Image size of job updated: 1476616
	1437  -  MemoryUsage of job (MB)
	1470844  -  ResidentSetSize of job (KB)
...
006 (167586.000.000) 08/12 16:29:22 Image size of job updated: 2033932
	1976  -  MemoryUsage of job (MB)
	2022544  -  ResidentSetSize of job (KB)
...
004 (167586.000.000) 08/12 16:29:22 Job was evicted.
	(0) Job was not checkpointed.
		Usr 0 00:14:31, Sys 0 00:00:09  -  Run Remote Usage
		Usr 0 00:00:00, Sys 0 00:00:00  -  Run Local Usage
	0  -  Run Bytes Sent By Job
	223  -  Run Bytes Received By Job
	Partitionable Resources :    Usage  Request Allocated
	   Cpus                 :                 1         1
	   Disk (KB)            :       15        1  10479080
	   Memory (MB)          :     1976     6144      6144
...
009 (167586.000.000) 08/12 16:29:22 Job was aborted by the user.
	via condor_rm (by user jnugent)
...
000 (167642.000.000) 08/12 16:30:24 Job submitted from host: <172.20.203.50:9618?addrs=172.20.203.50-9618+[--1]-9618&noUDP&sock=1508097_aeae_4>
...
001 (167642.000.000) 08/12 16:30:43 Job executing on host: <10.194.1.101:9618?addrs=10.194.1.101-9618&noUDP&sock=230536_196c_3>
...
007 (167642.000.000) 08/12 16:30:43 Shadow exception!
	Error from slot1_3@condor01.ppe.gla.ac.uk: Failed to execute '/tmp/condor/execute/dir_253574/condor_exec.exe': (errno=2: 'No such file or directory')
	0  -  Run Bytes Sent By Job
	223  -  Run Bytes Received By Job
...
012 (167642.000.000) 08/12 16:30:43 Job was held.
	Error from slot1_3@condor01.ppe.gla.ac.uk: Failed to execute '/tmp/condor/execute/dir_253574/condor_exec.exe': (errno=2: 'No such file or directory')
	Code 6 Subcode 2
...
013 (167642.000.000) 08/12 16:32:31 Job was released.
	via condor_release (by user jnugent)
...
001 (167642.000.000) 08/12 16:32:32 Job executing on host: <10.194.1.101:9618?addrs=10.194.1.101-9618&noUDP&sock=230536_196c_3>
...
007 (167642.000.000) 08/12 16:32:32 Shadow exception!
	Error from slot1_1@condor01.ppe.gla.ac.uk: Failed to execute '/tmp/condor/execute/dir_253785/condor_exec.exe': (errno=2: 'No such file or directory')
	0  -  Run Bytes Sent By Job
	223  -  Run Bytes Received By Job
...
012 (167642.000.000) 08/12 16:32:32 Job was held.
	Error from slot1_1@condor01.ppe.gla.ac.uk: Failed to execute '/tmp/condor/execute/dir_253785/condor_exec.exe': (errno=2: 'No such file or directory')
	Code 6 Subcode 2
...
013 (167642.000.000) 08/12 17:00:07 Job was released.
	via condor_release (by user jnugent)
...
001 (167642.000.000) 08/12 17:00:09 Job executing on host: <10.194.1.8:9618?addrs=10.194.1.8-9618+[--1]-9618&noUDP&sock=13314_e004_3>
...
006 (167642.000.000) 08/12 17:00:17 Image size of job updated: 156448
	153  -  MemoryUsage of job (MB)
	156448  -  ResidentSetSize of job (KB)
...
006 (167642.000.000) 08/12 17:05:17 Image size of job updated: 740668
	723  -  MemoryUsage of job (MB)
	740060  -  ResidentSetSize of job (KB)
...
006 (167642.000.000) 08/12 17:10:18 Image size of job updated: 1239076
	1203  -  MemoryUsage of job (MB)
	1231048  -  ResidentSetSize of job (KB)
...
006 (167642.000.000) 08/12 17:15:19 Image size of job updated: 1819296
	1774  -  MemoryUsage of job (MB)
	1815804  -  ResidentSetSize of job (KB)
...
006 (167642.000.000) 08/12 17:20:19 Image size of job updated: 2346724
	2272  -  MemoryUsage of job (MB)
	2325596  -  ResidentSetSize of job (KB)
...
006 (167642.000.000) 08/12 17:25:19 Image size of job updated: 2916432
	2828  -  MemoryUsage of job (MB)
	2895320  -  ResidentSetSize of job (KB)
...
006 (167642.000.000) 08/12 17:30:20 Image size of job updated: 3515244
	3413  -  MemoryUsage of job (MB)
	3494160  -  ResidentSetSize of job (KB)
...
006 (167642.000.000) 08/12 17:35:21 Image size of job updated: 4062144
	3947  -  MemoryUsage of job (MB)
	4041060  -  ResidentSetSize of job (KB)
...
005 (167642.000.000) 08/12 17:48:22 Job terminated.
	(1) Normal termination (return value 1)
		Usr 0 00:46:39, Sys 0 00:00:56  -  Run Remote Usage
		Usr 0 00:00:00, Sys 0 00:00:00  -  Run Local Usage
		Usr 0 00:46:39, Sys 0 00:00:56  -  Total Remote Usage
		Usr 0 00:00:00, Sys 0 00:00:00  -  Total Local Usage
	28592  -  Run Bytes Sent By Job
	223  -  Run Bytes Received By Job
	28592  -  Total Bytes Sent By Job
	669  -  Total Bytes Received By Job
	Partitionable Resources :    Usage  Request Allocated
	   Cpus                 :                 1         1
	   Disk (KB)            :       39        1  10479080
	   Memory (MB)          :     3947     6144      6144
...
000 (167739.000.000) 08/13 14:55:23 Job submitted from host: <172.20.203.50:9618?addrs=172.20.203.50-9618+[--1]-9618&noUDP&sock=1508097_aeae_4>
...
001 (167739.000.000) 08/13 14:55:35 Job executing on host: <10.194.1.6:9618?addrs=10.194.1.6-9618+[--1]-9618&noUDP&sock=13347_82a4_3>
...
006 (167739.000.000) 08/13 14:55:44 Image size of job updated: 168180
	165  -  MemoryUsage of job (MB)
	168172  -  ResidentSetSize of job (KB)
...
006 (167739.000.000) 08/13 15:00:45 Image size of job updated: 892876
	872  -  MemoryUsage of job (MB)
	892868  -  ResidentSetSize of job (KB)
...
006 (167739.000.000) 08/13 15:05:45 Image size of job updated: 1586220
	1550  -  MemoryUsage of job (MB)
	1586212  -  ResidentSetSize of job (KB)
...
006 (167739.000.000) 08/13 15:10:46 Image size of job updated: 2267968
	2215  -  MemoryUsage of job (MB)
	2267960  -  ResidentSetSize of job (KB)
...
006 (167739.000.000) 08/13 15:15:47 Image size of job updated: 2925272
	2857  -  MemoryUsage of job (MB)
	2925240  -  ResidentSetSize of job (KB)
...
006 (167739.000.000) 08/13 15:20:47 Image size of job updated: 3545264
	3463  -  MemoryUsage of job (MB)
	3545232  -  ResidentSetSize of job (KB)
...
006 (167739.000.000) 08/13 15:25:47 Image size of job updated: 4097268
	3971  -  MemoryUsage of job (MB)
	4065876  -  ResidentSetSize of job (KB)
...
006 (167739.000.000) 08/13 15:30:49 Image size of job updated: 4097268
	3971  -  MemoryUsage of job (MB)
	4065880  -  ResidentSetSize of job (KB)
...
005 (167739.000.000) 08/13 15:41:28 Job terminated.
	(1) Normal termination (return value 0)
		Usr 0 00:43:57, Sys 0 00:00:53  -  Run Remote Usage
		Usr 0 00:00:00, Sys 0 00:00:00  -  Run Local Usage
		Usr 0 00:43:57, Sys 0 00:00:53  -  Total Remote Usage
		Usr 0 00:00:00, Sys 0 00:00:00  -  Total Local Usage
	425924  -  Run Bytes Sent By Job
	223  -  Run Bytes Received By Job
	425924  -  Total Bytes Sent By Job
	223  -  Total Bytes Received By Job
	Partitionable Resources :    Usage  Request Allocated
	   Cpus                 :                 1         1
	   Disk (KB)            :      426        1  10479080
	   Memory (MB)          :     3971     6144      6144
...
000 (167783.000.000) 08/17 21:28:38 Job submitted from host: <172.20.203.50:9618?addrs=172.20.203.50-9618+[--1]-9618&noUDP&sock=1508097_aeae_4>
...
001 (167783.000.000) 08/17 21:28:52 Job executing on host: <10.194.1.101:9618?addrs=10.194.1.101-9618&noUDP&sock=230536_196c_3>
...
007 (167783.000.000) 08/17 21:28:52 Shadow exception!
	Error from slot1_3@condor01.ppe.gla.ac.uk: Failed to execute '/tmp/condor/execute/dir_158639/condor_exec.exe': (errno=2: 'No such file or directory')
	0  -  Run Bytes Sent By Job
	223  -  Run Bytes Received By Job
...
012 (167783.000.000) 08/17 21:28:52 Job was held.
	Error from slot1_3@condor01.ppe.gla.ac.uk: Failed to execute '/tmp/condor/execute/dir_158639/condor_exec.exe': (errno=2: 'No such file or directory')
	Code 6 Subcode 2
...
013 (167783.000.000) 08/17 21:33:26 Job was released.
	via condor_release (by user jnugent)
...
001 (167783.000.000) 08/17 21:33:27 Job executing on host: <10.194.1.101:9618?addrs=10.194.1.101-9618&noUDP&sock=230536_196c_3>
...
007 (167783.000.000) 08/17 21:33:27 Shadow exception!
	Error from slot1_1@condor01.ppe.gla.ac.uk: Failed to execute '/tmp/condor/execute/dir_158820/condor_exec.exe': (errno=2: 'No such file or directory')
	0  -  Run Bytes Sent By Job
	223  -  Run Bytes Received By Job
...
012 (167783.000.000) 08/17 21:33:27 Job was held.
	Error from slot1_1@condor01.ppe.gla.ac.uk: Failed to execute '/tmp/condor/execute/dir_158820/condor_exec.exe': (errno=2: 'No such file or directory')
	Code 6 Subcode 2
...
013 (167783.000.000) 08/17 22:00:09 Job was released.
	via condor_release (by user jnugent)
...
001 (167783.000.000) 08/17 22:00:18 Job executing on host: <10.194.1.8:9618?addrs=10.194.1.8-9618+[--1]-9618&noUDP&sock=13314_e004_3>
...
006 (167783.000.000) 08/17 22:00:27 Image size of job updated: 162968
	160  -  MemoryUsage of job (MB)
	162960  -  ResidentSetSize of job (KB)
...
006 (167783.000.000) 08/17 22:05:28 Image size of job updated: 751172
	732  -  MemoryUsage of job (MB)
	749252  -  ResidentSetSize of job (KB)
...
006 (167783.000.000) 08/17 22:10:28 Image size of job updated: 1360128
	1326  -  MemoryUsage of job (MB)
	1357072  -  ResidentSetSize of job (KB)
...
006 (167783.000.000) 08/17 22:15:28 Image size of job updated: 1969856
	1921  -  MemoryUsage of job (MB)
	1966272  -  ResidentSetSize of job (KB)
...
006 (167783.000.000) 08/17 22:20:29 Image size of job updated: 2586508
	2523  -  MemoryUsage of job (MB)
	2582768  -  ResidentSetSize of job (KB)
...
006 (167783.000.000) 08/17 22:25:29 Image size of job updated: 3178152
	3101  -  MemoryUsage of job (MB)
	3174412  -  ResidentSetSize of job (KB)
...
006 (167783.000.000) 08/17 22:30:29 Image size of job updated: 3723484
	3633  -  MemoryUsage of job (MB)
	3719744  -  ResidentSetSize of job (KB)
...
006 (167783.000.000) 08/17 22:35:31 Image size of job updated: 4267604
	4164  -  MemoryUsage of job (MB)
	4263900  -  ResidentSetSize of job (KB)
...
005 (167783.000.000) 08/17 22:47:50 Job terminated.
	(1) Normal termination (return value 0)
		Usr 0 00:45:57, Sys 0 00:00:52  -  Run Remote Usage
		Usr 0 00:00:00, Sys 0 00:00:00  -  Run Local Usage
		Usr 0 00:45:57, Sys 0 00:00:52  -  Total Remote Usage
		Usr 0 00:00:00, Sys 0 00:00:00  -  Total Local Usage
	425924  -  Run Bytes Sent By Job
	223  -  Run Bytes Received By Job
	425924  -  Total Bytes Sent By Job
	669  -  Total Bytes Received By Job
	Partitionable Resources :    Usage  Request Allocated
	   Cpus                 :                 1         1
	   Disk (KB)            :      427        1  10479080
	   Memory (MB)          :     4164     6144      6144
...
000 (167846.000.000) 08/19 16:29:37 Job submitted from host: <172.20.203.50:9618?addrs=172.20.203.50-9618+[--1]-9618&noUDP&sock=1508097_aeae_4>
...
001 (167846.000.000) 08/19 16:29:56 Job executing on host: <10.194.1.8:9618?addrs=10.194.1.8-9618+[--1]-9618&noUDP&sock=13314_e004_3>
...
006 (167846.000.000) 08/19 16:30:04 Image size of job updated: 162588
	159  -  MemoryUsage of job (MB)
	162588  -  ResidentSetSize of job (KB)
...
006 (167846.000.000) 08/19 16:30:55 Image size of job updated: 284892
	279  -  MemoryUsage of job (MB)
	284892  -  ResidentSetSize of job (KB)
...
004 (167846.000.000) 08/19 16:30:55 Job was evicted.
	(0) Job was not checkpointed.
		Usr 0 00:00:58, Sys 0 00:00:00  -  Run Remote Usage
		Usr 0 00:00:00, Sys 0 00:00:00  -  Run Local Usage
	0  -  Run Bytes Sent By Job
	223  -  Run Bytes Received By Job
	Partitionable Resources :    Usage  Request Allocated
	   Cpus                 :                 1         1
	   Disk (KB)            :       15        1  10479080
	   Memory (MB)          :      279     6144      6144
...
009 (167846.000.000) 08/19 16:30:55 Job was aborted by the user.
	via condor_rm (by user jnugent)
...
000 (167902.000.000) 08/19 16:34:59 Job submitted from host: <172.20.203.50:9618?addrs=172.20.203.50-9618+[--1]-9618&noUDP&sock=1508097_aeae_4>
...
001 (167902.000.000) 08/19 16:35:13 Job executing on host: <10.194.1.102:9618?addrs=10.194.1.102-9618&noUDP&sock=230304_f773_3>
...
006 (167902.000.000) 08/19 16:35:21 Image size of job updated: 197836
	194  -  MemoryUsage of job (MB)
	197836  -  ResidentSetSize of job (KB)
...
006 (167902.000.000) 08/19 16:40:21 Image size of job updated: 1099712
	1072  -  MemoryUsage of job (MB)
	1096836  -  ResidentSetSize of job (KB)
...
006 (167902.000.000) 08/19 16:45:21 Image size of job updated: 1955388
	1888  -  MemoryUsage of job (MB)
	1932352  -  ResidentSetSize of job (KB)
...
006 (167902.000.000) 08/19 16:50:22 Image size of job updated: 2748916
	2644  -  MemoryUsage of job (MB)
	2707364  -  ResidentSetSize of job (KB)
...
006 (167902.000.000) 08/19 16:55:22 Image size of job updated: 3494544
	3357  -  MemoryUsage of job (MB)
	3437468  -  ResidentSetSize of job (KB)
...
006 (167902.000.000) 08/19 17:00:22 Image size of job updated: 4155840
	3997  -  MemoryUsage of job (MB)
	4091992  -  ResidentSetSize of job (KB)
...
005 (167902.000.000) 08/19 17:12:14 Job terminated.
	(1) Normal termination (return value 0)
		Usr 0 00:36:11, Sys 0 00:00:40  -  Run Remote Usage
		Usr 0 00:00:00, Sys 0 00:00:00  -  Run Local Usage
		Usr 0 00:36:11, Sys 0 00:00:40  -  Total Remote Usage
		Usr 0 00:00:00, Sys 0 00:00:00  -  Total Local Usage
	469382  -  Run Bytes Sent By Job
	223  -  Run Bytes Received By Job
	469382  -  Total Bytes Sent By Job
	223  -  Total Bytes Received By Job
	Partitionable Resources :    Usage  Request Allocated
	   Cpus                 :                 1         1
	   Disk (KB)            :      474        1    332844
	   Memory (MB)          :     3997     6144      6144
...
000 (169336.000.000) 08/25 02:11:31 Job submitted from host: <172.20.203.50:9618?addrs=172.20.203.50-9618+[--1]-9618&noUDP&sock=1508097_aeae_4>
...
001 (169336.000.000) 08/25 02:11:44 Job executing on host: <10.194.1.6:9618?addrs=10.194.1.6-9618+[--1]-9618&noUDP&sock=13347_82a4_3>
...
006 (169336.000.000) 08/25 02:11:53 Image size of job updated: 169088
	166  -  MemoryUsage of job (MB)
	169088  -  ResidentSetSize of job (KB)
...
006 (169336.000.000) 08/25 02:16:54 Image size of job updated: 850756
	831  -  MemoryUsage of job (MB)
	850756  -  ResidentSetSize of job (KB)
...
006 (169336.000.000) 08/25 02:21:54 Image size of job updated: 1500480
	1458  -  MemoryUsage of job (MB)
	1492828  -  ResidentSetSize of job (KB)
...
006 (169336.000.000) 08/25 02:26:54 Image size of job updated: 2123400
	2048  -  MemoryUsage of job (MB)
	2096688  -  ResidentSetSize of job (KB)
...
006 (169336.000.000) 08/25 02:31:55 Image size of job updated: 2727088
	2617  -  MemoryUsage of job (MB)
	2679484  -  ResidentSetSize of job (KB)
...
006 (169336.000.000) 08/25 02:36:56 Image size of job updated: 3314032
	3176  -  MemoryUsage of job (MB)
	3251348  -  ResidentSetSize of job (KB)
...
006 (169336.000.000) 08/25 02:41:56 Image size of job updated: 3839728
	3680  -  MemoryUsage of job (MB)
	3767552  -  ResidentSetSize of job (KB)
...
006 (169336.000.000) 08/25 02:46:56 Image size of job updated: 4352016
	4189  -  MemoryUsage of job (MB)
	4288940  -  ResidentSetSize of job (KB)
...
006 (169336.000.000) 08/25 02:51:57 Image size of job updated: 4352016
	4189  -  MemoryUsage of job (MB)
	4288944  -  ResidentSetSize of job (KB)
...
005 (169336.000.000) 08/25 03:00:33 Job terminated.
	(1) Normal termination (return value 0)
		Usr 0 00:47:19, Sys 0 00:00:46  -  Run Remote Usage
		Usr 0 00:00:00, Sys 0 00:00:00  -  Run Local Usage
		Usr 0 00:47:19, Sys 0 00:00:46  -  Total Remote Usage
		Usr 0 00:00:00, Sys 0 00:00:00  -  Total Local Usage
	425924  -  Run Bytes Sent By Job
	223  -  Run Bytes Received By Job
	425924  -  Total Bytes Sent By Job
	223  -  Total Bytes Received By Job
	Partitionable Resources :    Usage  Request Allocated
	   Cpus                 :                 1         1
	   Disk (KB)            :      426        1  10479080
	   Memory (MB)          :     4189     6144      6144
...
000 (174194.000.000) 09/08 04:54:18 Job submitted from host: <172.20.203.50:9618?addrs=172.20.203.50-9618+[--1]-9618&noUDP&sock=1508097_aeae_4>
...
001 (174194.000.000) 09/08 04:54:36 Job executing on host: <10.194.1.8:9618?addrs=10.194.1.8-9618+[--1]-9618&noUDP&sock=13314_e004_3>
...
006 (174194.000.000) 09/08 04:54:45 Image size of job updated: 169024
	166  -  MemoryUsage of job (MB)
	169024  -  ResidentSetSize of job (KB)
...
006 (174194.000.000) 09/08 04:59:46 Image size of job updated: 835688
	817  -  MemoryUsage of job (MB)
	835688  -  ResidentSetSize of job (KB)
...
006 (174194.000.000) 09/08 05:04:47 Image size of job updated: 1481300
	1447  -  MemoryUsage of job (MB)
	1481300  -  ResidentSetSize of job (KB)
...
006 (174194.000.000) 09/08 05:09:47 Image size of job updated: 2104240
	2055  -  MemoryUsage of job (MB)
	2104240  -  ResidentSetSize of job (KB)
...
006 (174194.000.000) 09/08 05:14:48 Image size of job updated: 2704872
	2642  -  MemoryUsage of job (MB)
	2704872  -  ResidentSetSize of job (KB)
...
006 (174194.000.000) 09/08 05:19:49 Image size of job updated: 3276792
	3200  -  MemoryUsage of job (MB)
	3276532  -  ResidentSetSize of job (KB)
...
006 (174194.000.000) 09/08 05:24:50 Image size of job updated: 3787928
	3699  -  MemoryUsage of job (MB)
	3787176  -  ResidentSetSize of job (KB)
...
006 (174194.000.000) 09/08 05:29:50 Image size of job updated: 4283608
	4183  -  MemoryUsage of job (MB)
	4282508  -  ResidentSetSize of job (KB)
...
006 (174194.000.000) 09/08 05:34:51 Image size of job updated: 4283608
	4183  -  MemoryUsage of job (MB)
	4282524  -  ResidentSetSize of job (KB)
...
005 (174194.000.000) 09/08 05:44:06 Job terminated.
	(1) Normal termination (return value 0)
		Usr 0 00:48:47, Sys 0 00:00:39  -  Run Remote Usage
		Usr 0 00:00:00, Sys 0 00:00:00  -  Run Local Usage
		Usr 0 00:48:47, Sys 0 00:00:39  -  Total Remote Usage
		Usr 0 00:00:00, Sys 0 00:00:00  -  Total Local Usage
	425924  -  Run Bytes Sent By Job
	223  -  Run Bytes Received By Job
	425924  -  Total Bytes Sent By Job
	223  -  Total Bytes Received By Job
	Partitionable Resources :    Usage  Request Allocated
	   Cpus                 :                 1         1
	   Disk (KB)            :      426        1  10479080
	   Memory (MB)          :     4183     6144      6144
...
000 (192644.000.000) 09/20 12:13:30 Job submitted from host: <172.20.203.50:9618?addrs=172.20.203.50-9618+[--1]-9618&noUDP&sock=1508097_aeae_4>
...
001 (192644.000.000) 09/20 12:13:48 Job executing on host: <10.194.1.102:9618?addrs=10.194.1.102-9618&noUDP&sock=257478_1204_69>
...
006 (192644.000.000) 09/20 12:13:56 Image size of job updated: 197096
	188  -  MemoryUsage of job (MB)
	192364  -  ResidentSetSize of job (KB)
...
006 (192644.000.000) 09/20 12:18:56 Image size of job updated: 277720
	267  -  MemoryUsage of job (MB)
	272940  -  ResidentSetSize of job (KB)
...
005 (192644.000.000) 09/20 12:18:58 Job terminated.
	(1) Normal termination (return value 1)
		Usr 0 00:05:06, Sys 0 00:00:02  -  Run Remote Usage
		Usr 0 00:00:00, Sys 0 00:00:00  -  Run Local Usage
		Usr 0 00:05:06, Sys 0 00:00:02  -  Total Remote Usage
		Usr 0 00:00:00, Sys 0 00:00:00  -  Total Local Usage
	82401  -  Run Bytes Sent By Job
	223  -  Run Bytes Received By Job
	82401  -  Total Bytes Sent By Job
	223  -  Total Bytes Received By Job
	Partitionable Resources :    Usage  Request Allocated
	   Cpus                 :                 1         1
	   Disk (KB)            :       97        1    301700
	   Memory (MB)          :      267     6144      6144
...
000 (228065.000.000) 09/27 09:26:07 Job submitted from host: <172.20.203.50:9618?addrs=172.20.203.50-9618+[--1]-9618&noUDP&sock=1508097_aeae_4>
...
001 (228065.000.000) 09/27 09:30:40 Job executing on host: <10.194.1.8:9618?addrs=10.194.1.8-9618+[--1]-9618&noUDP&sock=13314_e004_3>
...
006 (228065.000.000) 09/27 09:30:49 Image size of job updated: 205556
	201  -  MemoryUsage of job (MB)
	205548  -  ResidentSetSize of job (KB)
...
006 (228065.000.000) 09/27 09:35:50 Image size of job updated: 776116
	758  -  MemoryUsage of job (MB)
	776108  -  ResidentSetSize of job (KB)
...
006 (228065.000.000) 09/27 09:40:50 Image size of job updated: 1142648
	1116  -  MemoryUsage of job (MB)
	1142640  -  ResidentSetSize of job (KB)
...
006 (228065.000.000) 09/27 09:45:51 Image size of job updated: 1468428
	1435  -  MemoryUsage of job (MB)
	1468420  -  ResidentSetSize of job (KB)
...
006 (228065.000.000) 09/27 09:50:52 Image size of job updated: 1883808
	1839  -  MemoryUsage of job (MB)
	1882456  -  ResidentSetSize of job (KB)
...
006 (228065.000.000) 09/27 09:55:52 Image size of job updated: 2234028
	2104  -  MemoryUsage of job (MB)
	2154168  -  ResidentSetSize of job (KB)
...
006 (228065.000.000) 09/27 10:00:52 Image size of job updated: 2519340
	2368  -  MemoryUsage of job (MB)
	2424200  -  ResidentSetSize of job (KB)
...
006 (228065.000.000) 09/27 10:05:53 Image size of job updated: 2769028
	2434  -  MemoryUsage of job (MB)
	2491976  -  ResidentSetSize of job (KB)
...
006 (228065.000.000) 09/27 10:10:54 Image size of job updated: 3002648
	2655  -  MemoryUsage of job (MB)
	2718028  -  ResidentSetSize of job (KB)
...
006 (228065.000.000) 09/27 10:15:54 Image size of job updated: 3210212
	2853  -  MemoryUsage of job (MB)
	2921344  -  ResidentSetSize of job (KB)
...
005 (228065.000.000) 09/27 10:30:38 Job terminated.
	(1) Normal termination (return value 1)
		Usr 0 00:57:46, Sys 0 00:00:46  -  Run Remote Usage
		Usr 0 00:00:00, Sys 0 00:00:00  -  Run Local Usage
		Usr 0 00:57:46, Sys 0 00:00:46  -  Total Remote Usage
		Usr 0 00:00:00, Sys 0 00:00:00  -  Total Local Usage
	150083072  -  Run Bytes Sent By Job
	223  -  Run Bytes Received By Job
	150083072  -  Total Bytes Sent By Job
	223  -  Total Bytes Received By Job
	Partitionable Resources :    Usage  Request Allocated
	   Cpus                 :                 1         1
	   Disk (KB)            :   146576        1  10479080
	   Memory (MB)          :     2853     6144      6144
...
000 (231213.000.000) 09/30 16:56:55 Job submitted from host: <172.20.203.50:9618?addrs=172.20.203.50-9618+[--1]-9618&noUDP&sock=1508097_aeae_4>
...
001 (231213.000.000) 09/30 17:04:44 Job executing on host: <10.194.1.6:9618?addrs=10.194.1.6-9618+[--1]-9618&noUDP&sock=13347_82a4_3>
...
006 (231213.000.000) 09/30 17:04:53 Image size of job updated: 203720
	199  -  MemoryUsage of job (MB)
	203704  -  ResidentSetSize of job (KB)
...
006 (231213.000.000) 09/30 17:09:54 Image size of job updated: 619420
	605  -  MemoryUsage of job (MB)
	619404  -  ResidentSetSize of job (KB)
...
006 (231213.000.000) 09/30 17:14:54 Image size of job updated: 1032588
	1009  -  MemoryUsage of job (MB)
	1032572  -  ResidentSetSize of job (KB)
...
006 (231213.000.000) 09/30 17:19:54 Image size of job updated: 1376568
	1343  -  MemoryUsage of job (MB)
	1374716  -  ResidentSetSize of job (KB)
...
006 (231213.000.000) 09/30 17:24:55 Image size of job updated: 1734528
	1688  -  MemoryUsage of job (MB)
	1728360  -  ResidentSetSize of job (KB)
...
006 (231213.000.000) 09/30 17:29:56 Image size of job updated: 2112396
	2030  -  MemoryUsage of job (MB)
	2078392  -  ResidentSetSize of job (KB)
...
006 (231213.000.000) 09/30 17:34:56 Image size of job updated: 2479644
	2372  -  MemoryUsage of job (MB)
	2428608  -  ResidentSetSize of job (KB)
...
006 (231213.000.000) 09/30 17:39:56 Image size of job updated: 2763172
	2652  -  MemoryUsage of job (MB)
	2715172  -  ResidentSetSize of job (KB)
...
006 (231213.000.000) 09/30 17:44:57 Image size of job updated: 3036192
	2918  -  MemoryUsage of job (MB)
	2987796  -  ResidentSetSize of job (KB)
...
006 (231213.000.000) 09/30 17:49:58 Image size of job updated: 3036192
	2918  -  MemoryUsage of job (MB)
	2987800  -  ResidentSetSize of job (KB)
...
005 (231213.000.000) 09/30 18:01:08 Job terminated.
	(1) Normal termination (return value 1)
		Usr 0 00:55:36, Sys 0 00:00:33  -  Run Remote Usage
		Usr 0 00:00:00, Sys 0 00:00:00  -  Run Local Usage
		Usr 0 00:55:36, Sys 0 00:00:33  -  Total Remote Usage
		Usr 0 00:00:00, Sys 0 00:00:00  -  Total Local Usage
	91020  -  Run Bytes Sent By Job
	223  -  Run Bytes Received By Job
	91020  -  Total Bytes Sent By Job
	223  -  Total Bytes Received By Job
	Partitionable Resources :    Usage  Request Allocated
	   Cpus                 :                 1         1
	   Disk (KB)            :       99        1  10479080
	   Memory (MB)          :     2918     6144      6144
...
000 (320949.000.000) 02/05 13:10:52 Job submitted from host: <172.20.203.50:9618?addrs=172.20.203.50-9618+[--1]-9618&noUDP&sock=1508097_aeae_4>
...
001 (320949.000.000) 02/05 13:22:51 Job executing on host: <10.194.1.6:9618?addrs=10.194.1.6-9618+[--1]-9618&noUDP&sock=13347_82a4_3>
...
006 (320949.000.000) 02/05 13:22:59 Image size of job updated: 80528
	77  -  MemoryUsage of job (MB)
	78148  -  ResidentSetSize of job (KB)
...
006 (320949.000.000) 02/05 13:27:59 Image size of job updated: 442560
	430  -  MemoryUsage of job (MB)
	439936  -  ResidentSetSize of job (KB)
...
006 (320949.000.000) 02/05 13:33:01 Image size of job updated: 697592
	677  -  MemoryUsage of job (MB)
	692904  -  ResidentSetSize of job (KB)
...
006 (320949.000.000) 02/05 13:38:01 Image size of job updated: 936884
	908  -  MemoryUsage of job (MB)
	929056  -  ResidentSetSize of job (KB)
...
005 (320949.000.000) 02/05 13:39:02 Job terminated.
	(1) Normal termination (return value 1)
		Usr 0 00:14:34, Sys 0 00:01:17  -  Run Remote Usage
		Usr 0 00:00:00, Sys 0 00:00:00  -  Run Local Usage
		Usr 0 00:14:34, Sys 0 00:01:17  -  Total Remote Usage
		Usr 0 00:00:00, Sys 0 00:00:00  -  Total Local Usage
	123800472  -  Run Bytes Sent By Job
	223  -  Run Bytes Received By Job
	123800472  -  Total Bytes Sent By Job
	223  -  Total Bytes Received By Job
	Partitionable Resources :    Usage  Request Allocated
	   Cpus                 :                 1         1
	   Disk (KB)            :   120909        1  10479080
	   Memory (MB)          :      908     6144      6144
...
000 (321198.000.000) 02/05 16:08:45 Job submitted from host: <172.20.203.50:9618?addrs=172.20.203.50-9618+[--1]-9618&noUDP&sock=1508097_aeae_4>
...
001 (321198.000.000) 02/05 16:36:59 Job executing on host: <10.194.1.8:9618?addrs=10.194.1.8-9618+[--1]-9618&noUDP&sock=13314_e004_3>
...
006 (321198.000.000) 02/05 16:37:09 Image size of job updated: 150316
	147  -  MemoryUsage of job (MB)
	150316  -  ResidentSetSize of job (KB)
...
006 (321198.000.000) 02/05 16:42:09 Image size of job updated: 477732
	467  -  MemoryUsage of job (MB)
	477732  -  ResidentSetSize of job (KB)
...
006 (321198.000.000) 02/05 16:47:09 Image size of job updated: 804376
	786  -  MemoryUsage of job (MB)
	804376  -  ResidentSetSize of job (KB)
...
006 (321198.000.000) 02/05 16:52:10 Image size of job updated: 1131844
	1106  -  MemoryUsage of job (MB)
	1131844  -  ResidentSetSize of job (KB)
...
006 (321198.000.000) 02/05 16:57:11 Image size of job updated: 1449460
	1416  -  MemoryUsage of job (MB)
	1449460  -  ResidentSetSize of job (KB)
...
006 (321198.000.000) 02/05 17:02:11 Image size of job updated: 1773244
	1732  -  MemoryUsage of job (MB)
	1773244  -  ResidentSetSize of job (KB)
...
006 (321198.000.000) 02/05 17:07:11 Image size of job updated: 2135972
	2085  -  MemoryUsage of job (MB)
	2134996  -  ResidentSetSize of job (KB)
...
006 (321198.000.000) 02/05 17:12:12 Image size of job updated: 2520964
	2456  -  MemoryUsage of job (MB)
	2514712  -  ResidentSetSize of job (KB)
...
006 (321198.000.000) 02/05 17:17:12 Image size of job updated: 2900692
	2773  -  MemoryUsage of job (MB)
	2839076  -  ResidentSetSize of job (KB)
...
006 (321198.000.000) 02/05 17:22:12 Image size of job updated: 3263708
	3098  -  MemoryUsage of job (MB)
	3171900  -  ResidentSetSize of job (KB)
...
006 (321198.000.000) 02/05 17:27:13 Image size of job updated: 3634572
	3435  -  MemoryUsage of job (MB)
	3516688  -  ResidentSetSize of job (KB)
...
005 (321198.000.000) 02/05 17:46:06 Job terminated.
	(1) Normal termination (return value 0)
		Usr 0 01:06:59, Sys 0 00:00:52  -  Run Remote Usage
		Usr 0 00:00:00, Sys 0 00:00:00  -  Run Local Usage
		Usr 0 01:06:59, Sys 0 00:00:52  -  Total Remote Usage
		Usr 0 00:00:00, Sys 0 00:00:00  -  Total Local Usage
	436056  -  Run Bytes Sent By Job
	223  -  Run Bytes Received By Job
	436056  -  Total Bytes Sent By Job
	223  -  Total Bytes Received By Job
	Partitionable Resources :    Usage  Request Allocated
	   Cpus                 :                 1         1
	   Disk (KB)            :      436        1  10479080
	   Memory (MB)          :     3435     6144      6144
...
000 (321797.000.000) 02/10 11:45:10 Job submitted from host: <172.20.203.50:9618?addrs=172.20.203.50-9618+[--1]-9618&noUDP&sock=1508097_aeae_4>
...
001 (321797.000.000) 02/10 16:39:08 Job executing on host: <10.194.1.102:9618?addrs=10.194.1.102-9618&noUDP&sock=2792_a882_3>
...
006 (321797.000.000) 02/10 16:39:16 Image size of job updated: 157396
	154  -  MemoryUsage of job (MB)
	157396  -  ResidentSetSize of job (KB)
...
006 (321797.000.000) 02/10 16:44:16 Image size of job updated: 514332
	503  -  MemoryUsage of job (MB)
	514332  -  ResidentSetSize of job (KB)
...
006 (321797.000.000) 02/10 16:49:16 Image size of job updated: 867716
	846  -  MemoryUsage of job (MB)
	865684  -  ResidentSetSize of job (KB)
...
006 (321797.000.000) 02/10 16:54:17 Image size of job updated: 1217744
	1183  -  MemoryUsage of job (MB)
	1211076  -  ResidentSetSize of job (KB)
...
006 (321797.000.000) 02/10 16:59:17 Image size of job updated: 1558664
	1516  -  MemoryUsage of job (MB)
	1551924  -  ResidentSetSize of job (KB)
...
006 (321797.000.000) 02/10 17:04:17 Image size of job updated: 1893200
	1842  -  MemoryUsage of job (MB)
	1886000  -  ResidentSetSize of job (KB)
...
006 (321797.000.000) 02/10 17:09:18 Image size of job updated: 2225444
	2146  -  MemoryUsage of job (MB)
	2197352  -  ResidentSetSize of job (KB)
...
006 (321797.000.000) 02/10 17:14:19 Image size of job updated: 2542040
	2455  -  MemoryUsage of job (MB)
	2513644  -  ResidentSetSize of job (KB)
...
006 (321797.000.000) 02/10 17:19:19 Image size of job updated: 2853540
	2757  -  MemoryUsage of job (MB)
	2823136  -  ResidentSetSize of job (KB)
...
006 (321797.000.000) 02/10 17:24:20 Image size of job updated: 3158500
	3052  -  MemoryUsage of job (MB)
	3124756  -  ResidentSetSize of job (KB)
...
006 (321797.000.000) 02/10 17:29:21 Image size of job updated: 3456204
	3332  -  MemoryUsage of job (MB)
	3411276  -  ResidentSetSize of job (KB)
...
006 (321797.000.000) 02/10 17:34:21 Image size of job updated: 3747748
	3616  -  MemoryUsage of job (MB)
	3702540  -  ResidentSetSize of job (KB)
...
005 (321797.000.000) 02/10 17:52:44 Job terminated.
	(1) Normal termination (return value 0)
		Usr 0 01:12:20, Sys 0 00:00:44  -  Run Remote Usage
		Usr 0 00:00:00, Sys 0 00:00:00  -  Run Local Usage
		Usr 0 01:12:20, Sys 0 00:00:44  -  Total Remote Usage
		Usr 0 00:00:00, Sys 0 00:00:00  -  Total Local Usage
	491500  -  Run Bytes Sent By Job
	223  -  Run Bytes Received By Job
	491500  -  Total Bytes Sent By Job
	223  -  Total Bytes Received By Job
	Partitionable Resources :    Usage  Request Allocated
	   Cpus                 :                 1         1
	   Disk (KB)            :      496        1   8207617
	   Memory (MB)          :     3616     6144      6144
...
000 (322148.000.000) 02/13 10:25:38 Job submitted from host: <172.20.203.50:9618?addrs=172.20.203.50-9618+[--1]-9618&noUDP&sock=1508097_aeae_4>
...
001 (322148.000.000) 02/13 10:25:40 Job executing on host: <10.194.1.8:9618?addrs=10.194.1.8-9618+[--1]-9618&noUDP&sock=13314_e004_3>
...
006 (322148.000.000) 02/13 10:25:48 Image size of job updated: 149108
	146  -  MemoryUsage of job (MB)
	149008  -  ResidentSetSize of job (KB)
...
006 (322148.000.000) 02/13 10:30:48 Image size of job updated: 455644
	445  -  MemoryUsage of job (MB)
	455544  -  ResidentSetSize of job (KB)
...
006 (322148.000.000) 02/13 10:35:49 Image size of job updated: 764788
	747  -  MemoryUsage of job (MB)
	764688  -  ResidentSetSize of job (KB)
...
006 (322148.000.000) 02/13 10:40:50 Image size of job updated: 1067492
	1043  -  MemoryUsage of job (MB)
	1067392  -  ResidentSetSize of job (KB)
...
006 (322148.000.000) 02/13 10:45:50 Image size of job updated: 1364092
	1333  -  MemoryUsage of job (MB)
	1363992  -  ResidentSetSize of job (KB)
...
006 (322148.000.000) 02/13 10:50:50 Image size of job updated: 1656512
	1618  -  MemoryUsage of job (MB)
	1656412  -  ResidentSetSize of job (KB)
...
006 (322148.000.000) 02/13 10:55:51 Image size of job updated: 1944036
	1899  -  MemoryUsage of job (MB)
	1943936  -  ResidentSetSize of job (KB)
...
006 (322148.000.000) 02/13 11:00:51 Image size of job updated: 2225760
	2173  -  MemoryUsage of job (MB)
	2224420  -  ResidentSetSize of job (KB)
...
006 (322148.000.000) 02/13 11:05:51 Image size of job updated: 2500444
	2439  -  MemoryUsage of job (MB)
	2497488  -  ResidentSetSize of job (KB)
...
006 (322148.000.000) 02/13 11:10:52 Image size of job updated: 2773996
	2706  -  MemoryUsage of job (MB)
	2769928  -  ResidentSetSize of job (KB)
...
006 (322148.000.000) 02/13 11:15:53 Image size of job updated: 3030792
	2872  -  MemoryUsage of job (MB)
	2940324  -  ResidentSetSize of job (KB)
...
006 (322148.000.000) 02/13 11:20:53 Image size of job updated: 3287736
	2922  -  MemoryUsage of job (MB)
	2992040  -  ResidentSetSize of job (KB)
...
006 (322148.000.000) 02/13 11:25:54 Image size of job updated: 3542624
	3151  -  MemoryUsage of job (MB)
	3226504  -  ResidentSetSize of job (KB)
...
006 (322148.000.000) 02/13 11:30:55 Image size of job updated: 3752272
	3425  -  MemoryUsage of job (MB)
	3506620  -  ResidentSetSize of job (KB)
...
005 (322148.000.000) 02/13 11:54:43 Job terminated.
	(1) Normal termination (return value 0)
		Usr 0 01:25:00, Sys 0 00:00:52  -  Run Remote Usage
		Usr 0 00:00:00, Sys 0 00:00:00  -  Run Local Usage
		Usr 0 01:25:00, Sys 0 00:00:52  -  Total Remote Usage
		Usr 0 00:00:00, Sys 0 00:00:00  -  Total Local Usage
	491286  -  Run Bytes Sent By Job
	223  -  Run Bytes Received By Job
	491286  -  Total Bytes Sent By Job
	223  -  Total Bytes Received By Job
	Partitionable Resources :    Usage  Request Allocated
	   Cpus                 :                 1         1
	   Disk (KB)            :      490        1  10479080
	   Memory (MB)          :     3425     6144      6144
...
000 (322503.000.000) 02/14 17:33:59 Job submitted from host: <172.20.203.50:9618?addrs=172.20.203.50-9618+[--1]-9618&noUDP&sock=1508097_aeae_4>
...
001 (322503.000.000) 02/14 20:15:11 Job executing on host: <10.194.1.101:9618?addrs=10.194.1.101-9618&noUDP&sock=2723_547a_3>
...
006 (322503.000.000) 02/14 20:15:20 Image size of job updated: 158336
	155  -  MemoryUsage of job (MB)
	158336  -  ResidentSetSize of job (KB)
...
006 (322503.000.000) 02/14 20:20:21 Image size of job updated: 614000
	600  -  MemoryUsage of job (MB)
	614000  -  ResidentSetSize of job (KB)
...
006 (322503.000.000) 02/14 20:25:22 Image size of job updated: 1060324
	1036  -  MemoryUsage of job (MB)
	1060324  -  ResidentSetSize of job (KB)
...
006 (322503.000.000) 02/14 20:30:22 Image size of job updated: 1502632
	1468  -  MemoryUsage of job (MB)
	1502632  -  ResidentSetSize of job (KB)
...
006 (322503.000.000) 02/14 20:35:23 Image size of job updated: 1934324
	1889  -  MemoryUsage of job (MB)
	1934288  -  ResidentSetSize of job (KB)
...
006 (322503.000.000) 02/14 20:40:24 Image size of job updated: 2356252
	2301  -  MemoryUsage of job (MB)
	2356156  -  ResidentSetSize of job (KB)
...
006 (322503.000.000) 02/14 20:45:24 Image size of job updated: 2778028
	2548  -  MemoryUsage of job (MB)
	2609052  -  ResidentSetSize of job (KB)
...
006 (322503.000.000) 02/14 20:50:24 Image size of job updated: 3169384
	2951  -  MemoryUsage of job (MB)
	3021672  -  ResidentSetSize of job (KB)
...
006 (322503.000.000) 02/14 20:55:25 Image size of job updated: 3556224
	3326  -  MemoryUsage of job (MB)
	3404868  -  ResidentSetSize of job (KB)
...
006 (322503.000.000) 02/14 21:00:25 Image size of job updated: 3902212
	3703  -  MemoryUsage of job (MB)
	3791636  -  ResidentSetSize of job (KB)
...
006 (322503.000.000) 02/14 21:05:25 Image size of job updated: 4250320
	3703  -  MemoryUsage of job (MB)
	3791636  -  ResidentSetSize of job (KB)
...
006 (322503.000.000) 02/14 21:10:26 Image size of job updated: 4547532
	3703  -  MemoryUsage of job (MB)
	3791636  -  ResidentSetSize of job (KB)
...
005 (322503.000.000) 02/14 21:31:24 Job terminated.
	(1) Normal termination (return value 0)
		Usr 0 01:11:53, Sys 0 00:00:54  -  Run Remote Usage
		Usr 0 00:00:00, Sys 0 00:00:00  -  Run Local Usage
		Usr 0 01:11:53, Sys 0 00:00:54  -  Total Remote Usage
		Usr 0 00:00:00, Sys 0 00:00:00  -  Total Local Usage
	435316  -  Run Bytes Sent By Job
	223  -  Run Bytes Received By Job
	435316  -  Total Bytes Sent By Job
	223  -  Total Bytes Received By Job
	Partitionable Resources :    Usage  Request Allocated
	   Cpus                 :                 1         1
	   Disk (KB)            :      441        1   8223588
	   Memory (MB)          :     3703     6144      6144
...
000 (361229.000.000) 03/12 21:55:37 Job submitted from host: <172.20.203.50:9618?addrs=172.20.203.50-9618+[--1]-9618&noUDP&sock=1508097_aeae_4>
...
001 (361229.000.000) 03/12 21:55:40 Job executing on host: <10.194.1.101:9618?addrs=10.194.1.101-9618&noUDP&sock=2723_547a_3>
...
006 (361229.000.000) 03/12 21:55:49 Image size of job updated: 217104
	197  -  MemoryUsage of job (MB)
	201536  -  ResidentSetSize of job (KB)
...
006 (361229.000.000) 03/12 22:00:50 Image size of job updated: 1147156
	1106  -  MemoryUsage of job (MB)
	1131588  -  ResidentSetSize of job (KB)
...
006 (361229.000.000) 03/12 22:05:50 Image size of job updated: 2057700
	1995  -  MemoryUsage of job (MB)
	2042132  -  ResidentSetSize of job (KB)
...
006 (361229.000.000) 03/12 22:10:50 Image size of job updated: 2904224
	2821  -  MemoryUsage of job (MB)
	2888656  -  ResidentSetSize of job (KB)
...
006 (361229.000.000) 03/12 22:15:51 Image size of job updated: 3721092
	3619  -  MemoryUsage of job (MB)
	3705524  -  ResidentSetSize of job (KB)
...
006 (361229.000.000) 03/12 22:20:51 Image size of job updated: 4474884
	4355  -  MemoryUsage of job (MB)
	4459316  -  ResidentSetSize of job (KB)
...
005 (361229.000.000) 03/12 22:30:10 Job terminated.
	(1) Normal termination (return value 0)
		Usr 0 00:34:05, Sys 0 00:00:17  -  Run Remote Usage
		Usr 0 00:00:00, Sys 0 00:00:00  -  Run Local Usage
		Usr 0 00:34:05, Sys 0 00:00:17  -  Total Remote Usage
		Usr 0 00:00:00, Sys 0 00:00:00  -  Total Local Usage
	441731  -  Run Bytes Sent By Job
	223  -  Run Bytes Received By Job
	441731  -  Total Bytes Sent By Job
	223  -  Total Bytes Received By Job
	Partitionable Resources :    Usage  Request Allocated
	   Cpus                 :                 1         1
	   Disk (KB)            :      447        1   8223588
	   Memory (MB)          :     4355     6144      6144
...
000 (361275.000.000) 03/12 22:33:26 Job submitted from host: <172.20.203.50:9618?addrs=172.20.203.50-9618+[--1]-9618&noUDP&sock=1508097_aeae_4>
...
001 (361275.000.000) 03/12 22:33:43 Job executing on host: <10.194.1.4:9618?addrs=10.194.1.4-9618+[--1]-9618&noUDP&sock=11079_d9d8_3>
...
006 (361275.000.000) 03/12 22:33:52 Image size of job updated: 179900
	174  -  MemoryUsage of job (MB)
	177304  -  ResidentSetSize of job (KB)
...
006 (361275.000.000) 03/12 22:38:53 Image size of job updated: 915656
	892  -  MemoryUsage of job (MB)
	913060  -  ResidentSetSize of job (KB)
...
006 (361275.000.000) 03/12 22:43:53 Image size of job updated: 1635748
	1595  -  MemoryUsage of job (MB)
	1633152  -  ResidentSetSize of job (KB)
...
006 (361275.000.000) 03/12 22:48:54 Image size of job updated: 2321896
	2265  -  MemoryUsage of job (MB)
	2319300  -  ResidentSetSize of job (KB)
...
006 (361275.000.000) 03/12 22:53:55 Image size of job updated: 2993208
	2921  -  MemoryUsage of job (MB)
	2990612  -  ResidentSetSize of job (KB)
...
006 (361275.000.000) 03/12 22:58:55 Image size of job updated: 3599176
	3513  -  MemoryUsage of job (MB)
	3596580  -  ResidentSetSize of job (KB)
...
006 (361275.000.000) 03/12 23:03:55 Image size of job updated: 4179772
	4080  -  MemoryUsage of job (MB)
	4177176  -  ResidentSetSize of job (KB)
...
006 (361275.000.000) 03/12 23:08:57 Image size of job updated: 4179772
	4080  -  MemoryUsage of job (MB)
	4177180  -  ResidentSetSize of job (KB)
...
005 (361275.000.000) 03/12 23:18:03 Job terminated.
	(1) Normal termination (return value 0)
		Usr 0 00:43:57, Sys 0 00:00:19  -  Run Remote Usage
		Usr 0 00:00:00, Sys 0 00:00:00  -  Run Local Usage
		Usr 0 00:43:57, Sys 0 00:00:19  -  Total Remote Usage
		Usr 0 00:00:00, Sys 0 00:00:00  -  Total Local Usage
	430308  -  Run Bytes Sent By Job
	223  -  Run Bytes Received By Job
	430308  -  Total Bytes Sent By Job
	223  -  Total Bytes Received By Job
	Partitionable Resources :    Usage  Request Allocated
	   Cpus                 :                 1         1
	   Disk (KB)            :      430        1   4449816
	   Memory (MB)          :     4080     6144      6144
...
