000 (159792.000.000) 06/25 22:36:53 Job submitted from host: <172.20.203.50:9618?addrs=172.20.203.50-9618+[--1]-9618&noUDP&sock=7405_cae4_4>
...
001 (159792.000.000) 06/25 22:37:10 Job executing on host: <10.194.1.4:9618?addrs=10.194.1.4-9618+[--1]-9618&noUDP&sock=11079_d9d8_3>
...
006 (159792.000.000) 06/25 22:37:18 Image size of job updated: 167704
	164  -  MemoryUsage of job (MB)
	167704  -  ResidentSetSize of job (KB)
...
006 (159792.000.000) 06/25 22:42:18 Image size of job updated: 896904
	876  -  MemoryUsage of job (MB)
	896904  -  ResidentSetSize of job (KB)
...
006 (159792.000.000) 06/25 22:47:19 Image size of job updated: 1616796
	1578  -  MemoryUsage of job (MB)
	1615560  -  ResidentSetSize of job (KB)
...
006 (159792.000.000) 06/25 22:52:20 Image size of job updated: 2293136
	2227  -  MemoryUsage of job (MB)
	2280152  -  ResidentSetSize of job (KB)
...
006 (159792.000.000) 06/25 22:57:20 Image size of job updated: 2941376
	2851  -  MemoryUsage of job (MB)
	2918960  -  ResidentSetSize of job (KB)
...
006 (159792.000.000) 06/25 23:02:20 Image size of job updated: 3552352
	3396  -  MemoryUsage of job (MB)
	3476992  -  ResidentSetSize of job (KB)
...
006 (159792.000.000) 06/25 23:07:22 Image size of job updated: 4102204
	3952  -  MemoryUsage of job (MB)
	4046368  -  ResidentSetSize of job (KB)
...
004 (159792.000.000) 06/26 16:40:08 Job was evicted.
	(0) Job was not checkpointed.
		Usr 0 18:00:56, Sys 0 00:01:29  -  Run Remote Usage
		Usr 0 00:00:00, Sys 0 00:00:00  -  Run Local Usage
	0  -  Run Bytes Sent By Job
	223  -  Run Bytes Received By Job
	Partitionable Resources :    Usage  Request Allocated
	   Cpus                 :                 1         1
	   Disk (KB)            :       38        1   4449816
	   Memory (MB)          :     3952     6144      6144
...
009 (159792.000.000) 06/26 16:40:08 Job was aborted by the user.
	via condor_rm (by user jnugent)
...
000 (159871.000.000) 06/26 21:46:03 Job submitted from host: <172.20.203.50:9618?addrs=172.20.203.50-9618+[--1]-9618&noUDP&sock=7405_cae4_4>
...
001 (159871.000.000) 06/26 21:46:09 Job executing on host: <10.194.1.4:9618?addrs=10.194.1.4-9618+[--1]-9618&noUDP&sock=11079_d9d8_3>
...
006 (159871.000.000) 06/26 21:46:17 Image size of job updated: 163324
	160  -  MemoryUsage of job (MB)
	163324  -  ResidentSetSize of job (KB)
...
006 (159871.000.000) 06/26 21:51:17 Image size of job updated: 873320
	853  -  MemoryUsage of job (MB)
	873084  -  ResidentSetSize of job (KB)
...
006 (159871.000.000) 06/26 21:56:18 Image size of job updated: 1562280
	1525  -  MemoryUsage of job (MB)
	1561596  -  ResidentSetSize of job (KB)
...
006 (159871.000.000) 06/26 22:01:19 Image size of job updated: 2223436
	2171  -  MemoryUsage of job (MB)
	2222828  -  ResidentSetSize of job (KB)
...
006 (159871.000.000) 06/26 22:06:19 Image size of job updated: 2857840
	2789  -  MemoryUsage of job (MB)
	2855392  -  ResidentSetSize of job (KB)
...
006 (159871.000.000) 06/26 22:11:20 Image size of job updated: 3465180
	3356  -  MemoryUsage of job (MB)
	3436252  -  ResidentSetSize of job (KB)
...
006 (159871.000.000) 06/26 22:16:21 Image size of job updated: 3996240
	3849  -  MemoryUsage of job (MB)
	3941012  -  ResidentSetSize of job (KB)
...
006 (159871.000.000) 06/26 22:21:21 Image size of job updated: 4512000
	4353  -  MemoryUsage of job (MB)
	4456764  -  ResidentSetSize of job (KB)
...
006 (159871.000.000) 06/26 22:26:21 Image size of job updated: 4512000
	4353  -  MemoryUsage of job (MB)
	4456768  -  ResidentSetSize of job (KB)
...
005 (159871.000.000) 06/26 22:30:39 Job terminated.
	(1) Normal termination (return value 0)
		Usr 0 00:43:17, Sys 0 00:00:38  -  Run Remote Usage
		Usr 0 00:00:00, Sys 0 00:00:00  -  Run Local Usage
		Usr 0 00:43:17, Sys 0 00:00:38  -  Total Remote Usage
		Usr 0 00:00:00, Sys 0 00:00:00  -  Total Local Usage
	417419  -  Run Bytes Sent By Job
	223  -  Run Bytes Received By Job
	417419  -  Total Bytes Sent By Job
	223  -  Total Bytes Received By Job
	Partitionable Resources :    Usage  Request Allocated
	   Cpus                 :                 1         1
	   Disk (KB)            :      418        1   4449816
	   Memory (MB)          :     4353     6144      6144
...
000 (166854.000.000) 07/16 14:30:04 Job submitted from host: <172.20.203.50:9618?addrs=172.20.203.50-9618+[--1]-9618&noUDP&sock=7405_cae4_4>
...
001 (166854.000.000) 07/16 14:30:24 Job executing on host: <10.194.1.6:9618?addrs=10.194.1.6-9618+[--1]-9618&noUDP&sock=13347_82a4_3>
...
006 (166854.000.000) 07/16 14:30:33 Image size of job updated: 163324
	160  -  MemoryUsage of job (MB)
	163324  -  ResidentSetSize of job (KB)
...
006 (166854.000.000) 07/16 14:35:34 Image size of job updated: 668988
	647  -  MemoryUsage of job (MB)
	662520  -  ResidentSetSize of job (KB)
...
006 (166854.000.000) 07/16 14:40:35 Image size of job updated: 668988
	647  -  MemoryUsage of job (MB)
	662528  -  ResidentSetSize of job (KB)
...
006 (166854.000.000) 07/16 14:45:35 Image size of job updated: 1178860
	1145  -  MemoryUsage of job (MB)
	1172324  -  ResidentSetSize of job (KB)
...
006 (166854.000.000) 07/16 14:50:35 Image size of job updated: 1727004
	1678  -  MemoryUsage of job (MB)
	1717932  -  ResidentSetSize of job (KB)
...
006 (166854.000.000) 07/16 14:55:36 Image size of job updated: 2269316
	2204  -  MemoryUsage of job (MB)
	2256356  -  ResidentSetSize of job (KB)
...
006 (166854.000.000) 07/16 15:00:37 Image size of job updated: 2792968
	2709  -  MemoryUsage of job (MB)
	2773204  -  ResidentSetSize of job (KB)
...
006 (166854.000.000) 07/16 15:05:37 Image size of job updated: 3310816
	3204  -  MemoryUsage of job (MB)
	3280424  -  ResidentSetSize of job (KB)
...
006 (166854.000.000) 07/16 15:10:38 Image size of job updated: 3793364
	3659  -  MemoryUsage of job (MB)
	3746004  -  ResidentSetSize of job (KB)
...
006 (166854.000.000) 07/16 15:15:39 Image size of job updated: 4253812
	4108  -  MemoryUsage of job (MB)
	4206384  -  ResidentSetSize of job (KB)
...
006 (166854.000.000) 07/16 15:20:39 Image size of job updated: 4253812
	4108  -  MemoryUsage of job (MB)
	4206388  -  ResidentSetSize of job (KB)
...
005 (166854.000.000) 07/16 15:30:12 Job terminated.
	(1) Normal termination (return value 1)
		Usr 0 00:58:31, Sys 0 00:00:55  -  Run Remote Usage
		Usr 0 00:00:00, Sys 0 00:00:00  -  Run Local Usage
		Usr 0 00:58:31, Sys 0 00:00:55  -  Total Remote Usage
		Usr 0 00:00:00, Sys 0 00:00:00  -  Total Local Usage
	36034  -  Run Bytes Sent By Job
	223  -  Run Bytes Received By Job
	36034  -  Total Bytes Sent By Job
	223  -  Total Bytes Received By Job
	Partitionable Resources :    Usage  Request Allocated
	   Cpus                 :                 1         1
	   Disk (KB)            :       45        1  10479080
	   Memory (MB)          :     4108     6144      6144
...
000 (167020.000.000) 07/23 07:43:57 Job submitted from host: <172.20.203.50:9618?addrs=172.20.203.50-9618+[--1]-9618&noUDP&sock=7405_cae4_4>
...
001 (167020.000.000) 07/23 07:44:11 Job executing on host: <10.194.1.8:9618?addrs=10.194.1.8-9618+[--1]-9618&noUDP&sock=13314_e004_3>
...
006 (167020.000.000) 07/23 07:44:19 Image size of job updated: 160700
	157  -  MemoryUsage of job (MB)
	160700  -  ResidentSetSize of job (KB)
...
006 (167020.000.000) 07/23 07:49:19 Image size of job updated: 665276
	645  -  MemoryUsage of job (MB)
	660396  -  ResidentSetSize of job (KB)
...
006 (167020.000.000) 07/23 07:59:21 Image size of job updated: 1172844
	1141  -  MemoryUsage of job (MB)
	1168188  -  ResidentSetSize of job (KB)
...
006 (167020.000.000) 07/23 08:04:21 Image size of job updated: 1738848
	1694  -  MemoryUsage of job (MB)
	1734060  -  ResidentSetSize of job (KB)
...
006 (167020.000.000) 07/23 08:09:21 Image size of job updated: 2282148
	2224  -  MemoryUsage of job (MB)
	2277108  -  ResidentSetSize of job (KB)
...
006 (167020.000.000) 07/23 08:14:22 Image size of job updated: 2807660
	2733  -  MemoryUsage of job (MB)
	2798564  -  ResidentSetSize of job (KB)
...
006 (167020.000.000) 07/23 08:19:22 Image size of job updated: 3330648
	3243  -  MemoryUsage of job (MB)
	3320052  -  ResidentSetSize of job (KB)
...
006 (167020.000.000) 07/23 08:24:22 Image size of job updated: 3813288
	3703  -  MemoryUsage of job (MB)
	3790860  -  ResidentSetSize of job (KB)
...
006 (167020.000.000) 07/23 08:29:23 Image size of job updated: 4271228
	4134  -  MemoryUsage of job (MB)
	4232916  -  ResidentSetSize of job (KB)
...
005 (167020.000.000) 07/23 08:45:42 Job terminated.
	(1) Normal termination (return value 0)
		Usr 0 01:00:18, Sys 0 00:00:48  -  Run Remote Usage
		Usr 0 00:00:00, Sys 0 00:00:00  -  Run Local Usage
		Usr 0 01:00:18, Sys 0 00:00:48  -  Total Remote Usage
		Usr 0 00:00:00, Sys 0 00:00:00  -  Total Local Usage
	439972  -  Run Bytes Sent By Job
	223  -  Run Bytes Received By Job
	439972  -  Total Bytes Sent By Job
	223  -  Total Bytes Received By Job
	Partitionable Resources :    Usage  Request Allocated
	   Cpus                 :                 1         1
	   Disk (KB)            :      440        1  10479080
	   Memory (MB)          :     4134     6144      6144
...
000 (167122.000.000) 07/24 22:01:00 Job submitted from host: <172.20.203.50:9618?addrs=172.20.203.50-9618+[--1]-9618&noUDP&sock=7405_cae4_4>
...
001 (167122.000.000) 07/24 22:01:15 Job executing on host: <10.194.1.6:9618?addrs=10.194.1.6-9618+[--1]-9618&noUDP&sock=13347_82a4_3>
...
006 (167122.000.000) 07/24 22:01:24 Image size of job updated: 162244
	159  -  MemoryUsage of job (MB)
	162244  -  ResidentSetSize of job (KB)
...
006 (167122.000.000) 07/24 22:06:24 Image size of job updated: 798908
	781  -  MemoryUsage of job (MB)
	798908  -  ResidentSetSize of job (KB)
...
006 (167122.000.000) 07/24 22:11:24 Image size of job updated: 1413964
	1381  -  MemoryUsage of job (MB)
	1413964  -  ResidentSetSize of job (KB)
...
006 (167122.000.000) 07/24 22:16:25 Image size of job updated: 2011864
	1965  -  MemoryUsage of job (MB)
	2011864  -  ResidentSetSize of job (KB)
...
006 (167122.000.000) 07/24 22:21:26 Image size of job updated: 2584828
	2524  -  MemoryUsage of job (MB)
	2584052  -  ResidentSetSize of job (KB)
...
006 (167122.000.000) 07/24 22:26:26 Image size of job updated: 3143632
	3058  -  MemoryUsage of job (MB)
	3130496  -  ResidentSetSize of job (KB)
...
006 (167122.000.000) 07/24 22:31:26 Image size of job updated: 3660156
	3531  -  MemoryUsage of job (MB)
	3615124  -  ResidentSetSize of job (KB)
...
006 (167122.000.000) 07/24 22:36:27 Image size of job updated: 4144672
	3993  -  MemoryUsage of job (MB)
	4088000  -  ResidentSetSize of job (KB)
...
006 (167122.000.000) 07/24 22:41:28 Image size of job updated: 4144672
	3993  -  MemoryUsage of job (MB)
	4088008  -  ResidentSetSize of job (KB)
...
005 (167122.000.000) 07/24 22:52:29 Job terminated.
	(1) Normal termination (return value 0)
		Usr 0 00:50:19, Sys 0 00:00:39  -  Run Remote Usage
		Usr 0 00:00:00, Sys 0 00:00:00  -  Run Local Usage
		Usr 0 00:50:19, Sys 0 00:00:39  -  Total Remote Usage
		Usr 0 00:00:00, Sys 0 00:00:00  -  Total Local Usage
	431571  -  Run Bytes Sent By Job
	223  -  Run Bytes Received By Job
	431571  -  Total Bytes Sent By Job
	223  -  Total Bytes Received By Job
	Partitionable Resources :    Usage  Request Allocated
	   Cpus                 :                 1         1
	   Disk (KB)            :      432        1  10479080
	   Memory (MB)          :     3993     6144      6144
...
000 (167192.000.000) 07/26 22:04:23 Job submitted from host: <172.20.203.50:9618?addrs=172.20.203.50-9618+[--1]-9618&noUDP&sock=7405_cae4_4>
...
001 (167192.000.000) 07/26 22:04:38 Job executing on host: <10.194.1.6:9618?addrs=10.194.1.6-9618+[--1]-9618&noUDP&sock=13347_82a4_3>
...
006 (167192.000.000) 07/26 22:04:46 Image size of job updated: 162224
	159  -  MemoryUsage of job (MB)
	162224  -  ResidentSetSize of job (KB)
...
006 (167192.000.000) 07/26 22:09:46 Image size of job updated: 798128
	775  -  MemoryUsage of job (MB)
	793544  -  ResidentSetSize of job (KB)
...
006 (167192.000.000) 07/26 22:14:46 Image size of job updated: 1407500
	1365  -  MemoryUsage of job (MB)
	1397240  -  ResidentSetSize of job (KB)
...
006 (167192.000.000) 07/26 22:19:47 Image size of job updated: 2004476
	1941  -  MemoryUsage of job (MB)
	1986940  -  ResidentSetSize of job (KB)
...
006 (167192.000.000) 07/26 22:24:47 Image size of job updated: 2578284
	2493  -  MemoryUsage of job (MB)
	2552720  -  ResidentSetSize of job (KB)
...
006 (167192.000.000) 07/26 22:29:47 Image size of job updated: 3138508
	3032  -  MemoryUsage of job (MB)
	3104676  -  ResidentSetSize of job (KB)
...
006 (167192.000.000) 07/26 22:34:48 Image size of job updated: 3659976
	3537  -  MemoryUsage of job (MB)
	3621860  -  ResidentSetSize of job (KB)
...
006 (167192.000.000) 07/26 22:39:49 Image size of job updated: 4148592
	4007  -  MemoryUsage of job (MB)
	4102204  -  ResidentSetSize of job (KB)
...
006 (167192.000.000) 07/26 22:44:49 Image size of job updated: 4148592
	4007  -  MemoryUsage of job (MB)
	4102212  -  ResidentSetSize of job (KB)
...
005 (167192.000.000) 07/26 22:55:53 Job terminated.
	(1) Normal termination (return value 0)
		Usr 0 00:50:14, Sys 0 00:00:41  -  Run Remote Usage
		Usr 0 00:00:00, Sys 0 00:00:00  -  Run Local Usage
		Usr 0 00:50:14, Sys 0 00:00:41  -  Total Remote Usage
		Usr 0 00:00:00, Sys 0 00:00:00  -  Total Local Usage
	431524  -  Run Bytes Sent By Job
	223  -  Run Bytes Received By Job
	431524  -  Total Bytes Sent By Job
	223  -  Total Bytes Received By Job
	Partitionable Resources :    Usage  Request Allocated
	   Cpus                 :                 1         1
	   Disk (KB)            :      432        1  10479080
	   Memory (MB)          :     4007     6144      6144
...
000 (167248.000.000) 07/27 19:18:30 Job submitted from host: <172.20.203.50:9618?addrs=172.20.203.50-9618+[--1]-9618&noUDP&sock=7405_cae4_4>
...
001 (167248.000.000) 07/27 19:18:46 Job executing on host: <10.194.1.6:9618?addrs=10.194.1.6-9618+[--1]-9618&noUDP&sock=13347_82a4_3>
...
006 (167248.000.000) 07/27 19:18:55 Image size of job updated: 163144
	160  -  MemoryUsage of job (MB)
	163144  -  ResidentSetSize of job (KB)
...
006 (167248.000.000) 07/27 19:23:56 Image size of job updated: 800684
	782  -  MemoryUsage of job (MB)
	800684  -  ResidentSetSize of job (KB)
...
006 (167248.000.000) 07/27 19:28:56 Image size of job updated: 1413656
	1381  -  MemoryUsage of job (MB)
	1413464  -  ResidentSetSize of job (KB)
...
006 (167248.000.000) 07/27 19:33:56 Image size of job updated: 2011828
	1959  -  MemoryUsage of job (MB)
	2005548  -  ResidentSetSize of job (KB)
...
006 (167248.000.000) 07/27 19:38:57 Image size of job updated: 2578252
	2504  -  MemoryUsage of job (MB)
	2563528  -  ResidentSetSize of job (KB)
...
006 (167248.000.000) 07/27 19:43:57 Image size of job updated: 3136744
	3038  -  MemoryUsage of job (MB)
	3110628  -  ResidentSetSize of job (KB)
...
006 (167248.000.000) 07/27 19:48:57 Image size of job updated: 3651172
	3514  -  MemoryUsage of job (MB)
	3597816  -  ResidentSetSize of job (KB)
...
006 (167248.000.000) 07/27 19:53:58 Image size of job updated: 4029592
	3882  -  MemoryUsage of job (MB)
	3974908  -  ResidentSetSize of job (KB)
...
006 (167248.000.000) 07/27 19:58:59 Image size of job updated: 4502100
	4341  -  MemoryUsage of job (MB)
	4445116  -  ResidentSetSize of job (KB)
...
006 (167248.000.000) 07/27 20:03:59 Image size of job updated: 4502100
	4341  -  MemoryUsage of job (MB)
	4445120  -  ResidentSetSize of job (KB)
...
005 (167248.000.000) 07/27 20:11:24 Job terminated.
	(1) Normal termination (return value 0)
		Usr 0 00:50:21, Sys 0 00:00:46  -  Run Remote Usage
		Usr 0 00:00:00, Sys 0 00:00:00  -  Run Local Usage
		Usr 0 00:50:21, Sys 0 00:00:46  -  Total Remote Usage
		Usr 0 00:00:00, Sys 0 00:00:00  -  Total Local Usage
	420833  -  Run Bytes Sent By Job
	223  -  Run Bytes Received By Job
	420833  -  Total Bytes Sent By Job
	223  -  Total Bytes Received By Job
	Partitionable Resources :    Usage  Request Allocated
	   Cpus                 :                 1         1
	   Disk (KB)            :      421        1  10479080
	   Memory (MB)          :     4341     6144      6144
...
000 (167389.000.000) 08/05 16:51:18 Job submitted from host: <172.20.203.50:9618?addrs=172.20.203.50-9618+[--1]-9618&noUDP&sock=1508097_aeae_4>
...
001 (167389.000.000) 08/05 16:51:34 Job executing on host: <10.194.1.6:9618?addrs=10.194.1.6-9618+[--1]-9618&noUDP&sock=13347_82a4_3>
...
006 (167389.000.000) 08/05 16:51:42 Image size of job updated: 160216
	154  -  MemoryUsage of job (MB)
	157252  -  ResidentSetSize of job (KB)
...
006 (167389.000.000) 08/05 16:56:42 Image size of job updated: 848088
	824  -  MemoryUsage of job (MB)
	842924  -  ResidentSetSize of job (KB)
...
006 (167389.000.000) 08/05 17:01:42 Image size of job updated: 1513340
	1471  -  MemoryUsage of job (MB)
	1505416  -  ResidentSetSize of job (KB)
...
006 (167389.000.000) 08/05 17:06:43 Image size of job updated: 2147676
	2084  -  MemoryUsage of job (MB)
	2133340  -  ResidentSetSize of job (KB)
...
006 (167389.000.000) 08/05 17:11:43 Image size of job updated: 2755604
	2674  -  MemoryUsage of job (MB)
	2737972  -  ResidentSetSize of job (KB)
...
006 (167389.000.000) 08/05 17:16:43 Image size of job updated: 3352440
	3119  -  MemoryUsage of job (MB)
	3193168  -  ResidentSetSize of job (KB)
...
006 (167389.000.000) 08/05 17:21:44 Image size of job updated: 3887992
	3119  -  MemoryUsage of job (MB)
	3193168  -  ResidentSetSize of job (KB)
...
006 (167389.000.000) 08/05 17:26:45 Image size of job updated: 4159004
	3119  -  MemoryUsage of job (MB)
	3193168  -  ResidentSetSize of job (KB)
...
006 (167389.000.000) 08/05 17:31:45 Image size of job updated: 4452864
	3119  -  MemoryUsage of job (MB)
	3193168  -  ResidentSetSize of job (KB)
...
006 (167389.000.000) 08/05 17:36:46 Image size of job updated: 4452864
	3964  -  MemoryUsage of job (MB)
	4058436  -  ResidentSetSize of job (KB)
...
005 (167389.000.000) 08/05 17:51:16 Job terminated.
	(1) Normal termination (return value 0)
		Usr 0 00:45:06, Sys 0 00:00:57  -  Run Remote Usage
		Usr 0 00:00:00, Sys 0 00:00:00  -  Run Local Usage
		Usr 0 00:45:06, Sys 0 00:00:57  -  Total Remote Usage
		Usr 0 00:00:00, Sys 0 00:00:00  -  Total Local Usage
	422890  -  Run Bytes Sent By Job
	223  -  Run Bytes Received By Job
	422890  -  Total Bytes Sent By Job
	223  -  Total Bytes Received By Job
	Partitionable Resources :    Usage  Request Allocated
	   Cpus                 :                 1         1
	   Disk (KB)            :      423        1  10479080
	   Memory (MB)          :     3964     6144      6144
...
000 (167447.000.000) 08/06 22:48:28 Job submitted from host: <172.20.203.50:9618?addrs=172.20.203.50-9618+[--1]-9618&noUDP&sock=1508097_aeae_4>
...
001 (167447.000.000) 08/06 22:48:42 Job executing on host: <10.194.1.6:9618?addrs=10.194.1.6-9618+[--1]-9618&noUDP&sock=13347_82a4_3>
...
006 (167447.000.000) 08/06 22:48:50 Image size of job updated: 163280
	160  -  MemoryUsage of job (MB)
	163280  -  ResidentSetSize of job (KB)
...
006 (167447.000.000) 08/06 22:53:50 Image size of job updated: 816648
	797  -  MemoryUsage of job (MB)
	815376  -  ResidentSetSize of job (KB)
...
006 (167447.000.000) 08/06 22:58:50 Image size of job updated: 1432072
	1389  -  MemoryUsage of job (MB)
	1421628  -  ResidentSetSize of job (KB)
...
006 (167447.000.000) 08/06 23:03:51 Image size of job updated: 2028828
	1958  -  MemoryUsage of job (MB)
	2004064  -  ResidentSetSize of job (KB)
...
006 (167447.000.000) 08/06 23:08:51 Image size of job updated: 2605008
	2482  -  MemoryUsage of job (MB)
	2541476  -  ResidentSetSize of job (KB)
...
006 (167447.000.000) 08/06 23:13:51 Image size of job updated: 3163552
	3022  -  MemoryUsage of job (MB)
	3094068  -  ResidentSetSize of job (KB)
...
006 (167447.000.000) 08/06 23:18:52 Image size of job updated: 3681176
	3505  -  MemoryUsage of job (MB)
	3588988  -  ResidentSetSize of job (KB)
...
006 (167447.000.000) 08/06 23:23:53 Image size of job updated: 4116004
	3950  -  MemoryUsage of job (MB)
	4044416  -  ResidentSetSize of job (KB)
...
006 (167447.000.000) 08/06 23:28:53 Image size of job updated: 4116004
	3950  -  MemoryUsage of job (MB)
	4044424  -  ResidentSetSize of job (KB)
...
005 (167447.000.000) 08/06 23:40:22 Job terminated.
	(1) Normal termination (return value 0)
		Usr 0 00:49:52, Sys 0 00:00:43  -  Run Remote Usage
		Usr 0 00:00:00, Sys 0 00:00:00  -  Run Local Usage
		Usr 0 00:49:52, Sys 0 00:00:43  -  Total Remote Usage
		Usr 0 00:00:00, Sys 0 00:00:00  -  Total Local Usage
	438319  -  Run Bytes Sent By Job
	223  -  Run Bytes Received By Job
	438319  -  Total Bytes Sent By Job
	223  -  Total Bytes Received By Job
	Partitionable Resources :    Usage  Request Allocated
	   Cpus                 :                 1         1
	   Disk (KB)            :      438        1  10479080
	   Memory (MB)          :     3950     6144      6144
...
000 (167532.000.000) 08/11 22:25:34 Job submitted from host: <172.20.203.50:9618?addrs=172.20.203.50-9618+[--1]-9618&noUDP&sock=1508097_aeae_4>
...
001 (167532.000.000) 08/11 22:25:48 Job executing on host: <10.194.1.102:9618?addrs=10.194.1.102-9618&noUDP&sock=230304_f773_3>
...
006 (167532.000.000) 08/11 22:25:57 Image size of job updated: 208868
	197  -  MemoryUsage of job (MB)
	200884  -  ResidentSetSize of job (KB)
...
006 (167532.000.000) 08/11 22:30:58 Image size of job updated: 1182260
	1147  -  MemoryUsage of job (MB)
	1174276  -  ResidentSetSize of job (KB)
...
006 (167532.000.000) 08/11 22:35:58 Image size of job updated: 2119140
	2062  -  MemoryUsage of job (MB)
	2111156  -  ResidentSetSize of job (KB)
...
006 (167532.000.000) 08/11 22:40:59 Image size of job updated: 2998624
	2921  -  MemoryUsage of job (MB)
	2990640  -  ResidentSetSize of job (KB)
...
006 (167532.000.000) 08/11 22:46:00 Image size of job updated: 3792016
	3696  -  MemoryUsage of job (MB)
	3784032  -  ResidentSetSize of job (KB)
...
006 (167532.000.000) 08/11 22:51:00 Image size of job updated: 4515084
	4402  -  MemoryUsage of job (MB)
	4507100  -  ResidentSetSize of job (KB)
...
005 (167532.000.000) 08/11 22:59:28 Job terminated.
	(1) Normal termination (return value 0)
		Usr 0 00:32:44, Sys 0 00:00:23  -  Run Remote Usage
		Usr 0 00:00:00, Sys 0 00:00:00  -  Run Local Usage
		Usr 0 00:32:44, Sys 0 00:00:23  -  Total Remote Usage
		Usr 0 00:00:00, Sys 0 00:00:00  -  Total Local Usage
	426116  -  Run Bytes Sent By Job
	223  -  Run Bytes Received By Job
	426116  -  Total Bytes Sent By Job
	223  -  Total Bytes Received By Job
	Partitionable Resources :    Usage  Request Allocated
	   Cpus                 :                 1         1
	   Disk (KB)            :      432        1    332844
	   Memory (MB)          :     4402     6144      6144
...
000 (167588.000.000) 08/12 16:14:22 Job submitted from host: <172.20.203.50:9618?addrs=172.20.203.50-9618+[--1]-9618&noUDP&sock=1508097_aeae_4>
...
001 (167588.000.000) 08/12 16:14:41 Job executing on host: <10.194.1.102:9618?addrs=10.194.1.102-9618&noUDP&sock=230304_f773_3>
...
006 (167588.000.000) 08/12 16:14:50 Image size of job updated: 204176
	197  -  MemoryUsage of job (MB)
	201620  -  ResidentSetSize of job (KB)
...
006 (167588.000.000) 08/12 16:19:51 Image size of job updated: 1104620
	1077  -  MemoryUsage of job (MB)
	1102064  -  ResidentSetSize of job (KB)
...
006 (167588.000.000) 08/12 16:24:51 Image size of job updated: 1952428
	1905  -  MemoryUsage of job (MB)
	1949872  -  ResidentSetSize of job (KB)
...
006 (167588.000.000) 08/12 16:29:23 Image size of job updated: 2671928
	2607  -  MemoryUsage of job (MB)
	2669372  -  ResidentSetSize of job (KB)
...
004 (167588.000.000) 08/12 16:29:23 Job was evicted.
	(0) Job was not checkpointed.
		Usr 0 00:14:32, Sys 0 00:00:08  -  Run Remote Usage
		Usr 0 00:00:00, Sys 0 00:00:00  -  Run Local Usage
	0  -  Run Bytes Sent By Job
	223  -  Run Bytes Received By Job
	Partitionable Resources :    Usage  Request Allocated
	   Cpus                 :                 1         1
	   Disk (KB)            :       21        1    332844
	   Memory (MB)          :     2607     6144      6144
...
009 (167588.000.000) 08/12 16:29:23 Job was aborted by the user.
	via condor_rm (by user jnugent)
...
000 (167644.000.000) 08/12 16:30:25 Job submitted from host: <172.20.203.50:9618?addrs=172.20.203.50-9618+[--1]-9618&noUDP&sock=1508097_aeae_4>
...
001 (167644.000.000) 08/12 16:30:43 Job executing on host: <10.194.1.6:9618?addrs=10.194.1.6-9618+[--1]-9618&noUDP&sock=13347_82a4_3>
...
006 (167644.000.000) 08/12 16:30:51 Image size of job updated: 157644
	154  -  MemoryUsage of job (MB)
	157644  -  ResidentSetSize of job (KB)
...
006 (167644.000.000) 08/12 16:35:51 Image size of job updated: 800192
	782  -  MemoryUsage of job (MB)
	800032  -  ResidentSetSize of job (KB)
...
006 (167644.000.000) 08/12 16:40:52 Image size of job updated: 1396852
	1360  -  MemoryUsage of job (MB)
	1391764  -  ResidentSetSize of job (KB)
...
006 (167644.000.000) 08/12 16:45:53 Image size of job updated: 1991988
	1938  -  MemoryUsage of job (MB)
	1984304  -  ResidentSetSize of job (KB)
...
006 (167644.000.000) 08/12 16:50:53 Image size of job updated: 2575864
	2504  -  MemoryUsage of job (MB)
	2563476  -  ResidentSetSize of job (KB)
...
006 (167644.000.000) 08/12 16:55:53 Image size of job updated: 3143056
	3058  -  MemoryUsage of job (MB)
	3130584  -  ResidentSetSize of job (KB)
...
006 (167644.000.000) 08/12 17:00:54 Image size of job updated: 3667488
	3564  -  MemoryUsage of job (MB)
	3649184  -  ResidentSetSize of job (KB)
...
006 (167644.000.000) 08/12 17:05:54 Image size of job updated: 4136152
	4010  -  MemoryUsage of job (MB)
	4105712  -  ResidentSetSize of job (KB)
...
006 (167644.000.000) 08/12 17:10:54 Image size of job updated: 4136152
	4010  -  MemoryUsage of job (MB)
	4105720  -  ResidentSetSize of job (KB)
...
005 (167644.000.000) 08/12 17:20:02 Job terminated.
	(1) Normal termination (return value 1)
		Usr 0 00:48:06, Sys 0 00:00:52  -  Run Remote Usage
		Usr 0 00:00:00, Sys 0 00:00:00  -  Run Local Usage
		Usr 0 00:48:06, Sys 0 00:00:52  -  Total Remote Usage
		Usr 0 00:00:00, Sys 0 00:00:00  -  Total Local Usage
	28592  -  Run Bytes Sent By Job
	223  -  Run Bytes Received By Job
	28592  -  Total Bytes Sent By Job
	223  -  Total Bytes Received By Job
	Partitionable Resources :    Usage  Request Allocated
	   Cpus                 :                 1         1
	   Disk (KB)            :       38        1  10479080
	   Memory (MB)          :     4010     6144      6144
...
000 (167741.000.000) 08/13 14:55:24 Job submitted from host: <172.20.203.50:9618?addrs=172.20.203.50-9618+[--1]-9618&noUDP&sock=1508097_aeae_4>
...
001 (167741.000.000) 08/13 14:55:35 Job executing on host: <10.194.1.101:9618?addrs=10.194.1.101-9618&noUDP&sock=230536_196c_3>
...
007 (167741.000.000) 08/13 14:55:35 Shadow exception!
	Error from slot1_1@condor01.ppe.gla.ac.uk: Failed to execute '/tmp/condor/execute/dir_328994/condor_exec.exe': (errno=2: 'No such file or directory')
	0  -  Run Bytes Sent By Job
	223  -  Run Bytes Received By Job
...
012 (167741.000.000) 08/13 14:55:35 Job was held.
	Error from slot1_1@condor01.ppe.gla.ac.uk: Failed to execute '/tmp/condor/execute/dir_328994/condor_exec.exe': (errno=2: 'No such file or directory')
	Code 6 Subcode 2
...
013 (167741.000.000) 08/13 14:56:33 Job was released.
	via condor_release (by user jnugent)
...
001 (167741.000.000) 08/13 14:56:34 Job executing on host: <10.194.1.4:9618?addrs=10.194.1.4-9618+[--1]-9618&noUDP&sock=11079_d9d8_3>
...
006 (167741.000.000) 08/13 14:56:43 Image size of job updated: 173796
	170  -  MemoryUsage of job (MB)
	173796  -  ResidentSetSize of job (KB)
...
006 (167741.000.000) 08/13 15:01:44 Image size of job updated: 902912
	882  -  MemoryUsage of job (MB)
	902912  -  ResidentSetSize of job (KB)
...
006 (167741.000.000) 08/13 15:06:44 Image size of job updated: 1594968
	1558  -  MemoryUsage of job (MB)
	1594968  -  ResidentSetSize of job (KB)
...
006 (167741.000.000) 08/13 15:11:44 Image size of job updated: 2277340
	2224  -  MemoryUsage of job (MB)
	2277340  -  ResidentSetSize of job (KB)
...
006 (167741.000.000) 08/13 15:16:45 Image size of job updated: 2933744
	2865  -  MemoryUsage of job (MB)
	2933716  -  ResidentSetSize of job (KB)
...
006 (167741.000.000) 08/13 15:21:45 Image size of job updated: 3542808
	3458  -  MemoryUsage of job (MB)
	3540044  -  ResidentSetSize of job (KB)
...
006 (167741.000.000) 08/13 15:26:45 Image size of job updated: 4106900
	4005  -  MemoryUsage of job (MB)
	4100300  -  ResidentSetSize of job (KB)
...
006 (167741.000.000) 08/13 15:31:46 Image size of job updated: 4106900
	4005  -  MemoryUsage of job (MB)
	4100304  -  ResidentSetSize of job (KB)
...
005 (167741.000.000) 08/13 15:41:25 Job terminated.
	(1) Normal termination (return value 0)
		Usr 0 00:43:47, Sys 0 00:00:47  -  Run Remote Usage
		Usr 0 00:00:00, Sys 0 00:00:00  -  Run Local Usage
		Usr 0 00:43:47, Sys 0 00:00:47  -  Total Remote Usage
		Usr 0 00:00:00, Sys 0 00:00:00  -  Total Local Usage
	426992  -  Run Bytes Sent By Job
	223  -  Run Bytes Received By Job
	426992  -  Total Bytes Sent By Job
	446  -  Total Bytes Received By Job
	Partitionable Resources :    Usage  Request Allocated
	   Cpus                 :                 1         1
	   Disk (KB)            :      428        1   4449816
	   Memory (MB)          :     4005     6144      6144
...
000 (167785.000.000) 08/17 21:28:38 Job submitted from host: <172.20.203.50:9618?addrs=172.20.203.50-9618+[--1]-9618&noUDP&sock=1508097_aeae_4>
...
001 (167785.000.000) 08/17 21:28:52 Job executing on host: <10.194.1.6:9618?addrs=10.194.1.6-9618+[--1]-9618&noUDP&sock=13347_82a4_3>
...
006 (167785.000.000) 08/17 21:29:01 Image size of job updated: 163012
	160  -  MemoryUsage of job (MB)
	163012  -  ResidentSetSize of job (KB)
...
006 (167785.000.000) 08/17 21:34:01 Image size of job updated: 837508
	817  -  MemoryUsage of job (MB)
	836388  -  ResidentSetSize of job (KB)
...
006 (167785.000.000) 08/17 21:39:01 Image size of job updated: 1479124
	1440  -  MemoryUsage of job (MB)
	1474208  -  ResidentSetSize of job (KB)
...
006 (167785.000.000) 08/17 21:44:02 Image size of job updated: 2098668
	2042  -  MemoryUsage of job (MB)
	2090308  -  ResidentSetSize of job (KB)
...
006 (167785.000.000) 08/17 21:49:03 Image size of job updated: 2692808
	2621  -  MemoryUsage of job (MB)
	2683060  -  ResidentSetSize of job (KB)
...
006 (167785.000.000) 08/17 21:54:03 Image size of job updated: 3275096
	3187  -  MemoryUsage of job (MB)
	3262512  -  ResidentSetSize of job (KB)
...
006 (167785.000.000) 08/17 21:59:03 Image size of job updated: 3796660
	3689  -  MemoryUsage of job (MB)
	3777124  -  ResidentSetSize of job (KB)
...
006 (167785.000.000) 08/17 22:04:04 Image size of job updated: 4291396
	4161  -  MemoryUsage of job (MB)
	4260720  -  ResidentSetSize of job (KB)
...
005 (167785.000.000) 08/17 22:18:28 Job terminated.
	(1) Normal termination (return value 0)
		Usr 0 00:48:06, Sys 0 00:00:48  -  Run Remote Usage
		Usr 0 00:00:00, Sys 0 00:00:00  -  Run Local Usage
		Usr 0 00:48:06, Sys 0 00:00:48  -  Total Remote Usage
		Usr 0 00:00:00, Sys 0 00:00:00  -  Total Local Usage
	426992  -  Run Bytes Sent By Job
	223  -  Run Bytes Received By Job
	426992  -  Total Bytes Sent By Job
	223  -  Total Bytes Received By Job
	Partitionable Resources :    Usage  Request Allocated
	   Cpus                 :                 1         1
	   Disk (KB)            :      427        1  10479080
	   Memory (MB)          :     4161     6144      6144
...
000 (167848.000.000) 08/19 16:29:38 Job submitted from host: <172.20.203.50:9618?addrs=172.20.203.50-9618+[--1]-9618&noUDP&sock=1508097_aeae_4>
...
001 (167848.000.000) 08/19 16:29:56 Job executing on host: <10.194.1.102:9618?addrs=10.194.1.102-9618&noUDP&sock=230304_f773_3>
...
006 (167848.000.000) 08/19 16:30:04 Image size of job updated: 184772
	181  -  MemoryUsage of job (MB)
	184772  -  ResidentSetSize of job (KB)
...
006 (167848.000.000) 08/19 16:30:55 Image size of job updated: 353240
	345  -  MemoryUsage of job (MB)
	353240  -  ResidentSetSize of job (KB)
...
004 (167848.000.000) 08/19 16:30:55 Job was evicted.
	(0) Job was not checkpointed.
		Usr 0 00:00:58, Sys 0 00:00:00  -  Run Remote Usage
		Usr 0 00:00:00, Sys 0 00:00:00  -  Run Local Usage
	0  -  Run Bytes Sent By Job
	223  -  Run Bytes Received By Job
	Partitionable Resources :    Usage  Request Allocated
	   Cpus                 :                 1         1
	   Disk (KB)            :       21        1    332844
	   Memory (MB)          :      345     6144      6144
...
009 (167848.000.000) 08/19 16:30:55 Job was aborted by the user.
	via condor_rm (by user jnugent)
...
000 (167904.000.000) 08/19 16:34:59 Job submitted from host: <172.20.203.50:9618?addrs=172.20.203.50-9618+[--1]-9618&noUDP&sock=1508097_aeae_4>
...
001 (167904.000.000) 08/19 16:35:13 Job executing on host: <10.194.1.4:9618?addrs=10.194.1.4-9618+[--1]-9618&noUDP&sock=11079_d9d8_3>
...
006 (167904.000.000) 08/19 16:35:21 Image size of job updated: 168088
	165  -  MemoryUsage of job (MB)
	168088  -  ResidentSetSize of job (KB)
...
006 (167904.000.000) 08/19 16:40:21 Image size of job updated: 866392
	846  -  MemoryUsage of job (MB)
	865968  -  ResidentSetSize of job (KB)
...
006 (167904.000.000) 08/19 16:45:22 Image size of job updated: 1544136
	1502  -  MemoryUsage of job (MB)
	1537136  -  ResidentSetSize of job (KB)
...
006 (167904.000.000) 08/19 16:50:23 Image size of job updated: 2198920
	2129  -  MemoryUsage of job (MB)
	2179860  -  ResidentSetSize of job (KB)
...
006 (167904.000.000) 08/19 16:55:23 Image size of job updated: 2824756
	2740  -  MemoryUsage of job (MB)
	2805064  -  ResidentSetSize of job (KB)
...
006 (167904.000.000) 08/19 17:00:23 Image size of job updated: 3422400
	3179  -  MemoryUsage of job (MB)
	3254356  -  ResidentSetSize of job (KB)
...
006 (167904.000.000) 08/19 17:05:24 Image size of job updated: 4312196
	3640  -  MemoryUsage of job (MB)
	3726804  -  ResidentSetSize of job (KB)
...
006 (167904.000.000) 08/19 17:10:25 Image size of job updated: 4423856
	4021  -  MemoryUsage of job (MB)
	4116832  -  ResidentSetSize of job (KB)
...
005 (167904.000.000) 08/19 17:22:33 Job terminated.
	(1) Normal termination (return value 0)
		Usr 0 00:45:18, Sys 0 00:00:46  -  Run Remote Usage
		Usr 0 00:00:00, Sys 0 00:00:00  -  Run Local Usage
		Usr 0 00:45:18, Sys 0 00:00:46  -  Total Remote Usage
		Usr 0 00:00:00, Sys 0 00:00:00  -  Total Local Usage
	426125  -  Run Bytes Sent By Job
	223  -  Run Bytes Received By Job
	426125  -  Total Bytes Sent By Job
	223  -  Total Bytes Received By Job
	Partitionable Resources :    Usage  Request Allocated
	   Cpus                 :                 1         1
	   Disk (KB)            :      426        1   4449816
	   Memory (MB)          :     4021     6144      6144
...
000 (169338.000.000) 08/25 02:11:31 Job submitted from host: <172.20.203.50:9618?addrs=172.20.203.50-9618+[--1]-9618&noUDP&sock=1508097_aeae_4>
...
001 (169338.000.000) 08/25 02:11:44 Job executing on host: <10.194.1.101:9618?addrs=10.194.1.101-9618&noUDP&sock=338462_5bc1_6>
...
006 (169338.000.000) 08/25 02:11:53 Image size of job updated: 201788
	198  -  MemoryUsage of job (MB)
	201788  -  ResidentSetSize of job (KB)
...
006 (169338.000.000) 08/25 02:16:54 Image size of job updated: 1091276
	1066  -  MemoryUsage of job (MB)
	1091276  -  ResidentSetSize of job (KB)
...
006 (169338.000.000) 08/25 02:21:55 Image size of job updated: 1891820
	1848  -  MemoryUsage of job (MB)
	1891820  -  ResidentSetSize of job (KB)
...
006 (169338.000.000) 08/25 02:26:55 Image size of job updated: 2669400
	2607  -  MemoryUsage of job (MB)
	2669356  -  ResidentSetSize of job (KB)
...
006 (169338.000.000) 08/25 02:31:56 Image size of job updated: 3410504
	3327  -  MemoryUsage of job (MB)
	3406536  -  ResidentSetSize of job (KB)
...
006 (169338.000.000) 08/25 02:36:57 Image size of job updated: 4083260
	3941  -  MemoryUsage of job (MB)
	4035500  -  ResidentSetSize of job (KB)
...
005 (169338.000.000) 08/25 02:49:18 Job terminated.
	(1) Normal termination (return value 0)
		Usr 0 00:37:10, Sys 0 00:00:21  -  Run Remote Usage
		Usr 0 00:00:00, Sys 0 00:00:00  -  Run Local Usage
		Usr 0 00:37:10, Sys 0 00:00:21  -  Total Remote Usage
		Usr 0 00:00:00, Sys 0 00:00:00  -  Total Local Usage
	426992  -  Run Bytes Sent By Job
	223  -  Run Bytes Received By Job
	426992  -  Total Bytes Sent By Job
	223  -  Total Bytes Received By Job
	Partitionable Resources :    Usage  Request Allocated
	   Cpus                 :                 1         1
	   Disk (KB)            :      433        1    331719
	   Memory (MB)          :     3941     6144      6144
...
000 (174196.000.000) 09/08 04:54:18 Job submitted from host: <172.20.203.50:9618?addrs=172.20.203.50-9618+[--1]-9618&noUDP&sock=1508097_aeae_4>
...
001 (174196.000.000) 09/08 04:54:36 Job executing on host: <10.194.1.101:9618?addrs=10.194.1.101-9618&noUDP&sock=141767_f2e4_3>
...
006 (174196.000.000) 09/08 04:54:44 Image size of job updated: 189220
	185  -  MemoryUsage of job (MB)
	189220  -  ResidentSetSize of job (KB)
...
006 (174196.000.000) 09/08 04:59:44 Image size of job updated: 1121392
	1096  -  MemoryUsage of job (MB)
	1121392  -  ResidentSetSize of job (KB)
...
006 (174196.000.000) 09/08 05:04:45 Image size of job updated: 2021480
	1975  -  MemoryUsage of job (MB)
	2021480  -  ResidentSetSize of job (KB)
...
006 (174196.000.000) 09/08 05:09:45 Image size of job updated: 2859832
	2792  -  MemoryUsage of job (MB)
	2858848  -  ResidentSetSize of job (KB)
...
006 (174196.000.000) 09/08 05:14:46 Image size of job updated: 3643452
	3552  -  MemoryUsage of job (MB)
	3636832  -  ResidentSetSize of job (KB)
...
006 (174196.000.000) 09/08 05:19:47 Image size of job updated: 4341348
	3552  -  MemoryUsage of job (MB)
	3636836  -  ResidentSetSize of job (KB)
...
005 (174196.000.000) 09/08 05:30:21 Job terminated.
	(1) Normal termination (return value 0)
		Usr 0 00:34:21, Sys 0 00:00:35  -  Run Remote Usage
		Usr 0 00:00:00, Sys 0 00:00:00  -  Run Local Usage
		Usr 0 00:34:21, Sys 0 00:00:35  -  Total Remote Usage
		Usr 0 00:00:00, Sys 0 00:00:00  -  Total Local Usage
	426992  -  Run Bytes Sent By Job
	223  -  Run Bytes Received By Job
	426992  -  Total Bytes Sent By Job
	223  -  Total Bytes Received By Job
	Partitionable Resources :    Usage  Request Allocated
	   Cpus                 :                 1         1
	   Disk (KB)            :      433        1    325443
	   Memory (MB)          :     3552     6144      6144
...
000 (192646.000.000) 09/20 12:13:30 Job submitted from host: <172.20.203.50:9618?addrs=172.20.203.50-9618+[--1]-9618&noUDP&sock=1508097_aeae_4>
...
001 (192646.000.000) 09/20 12:13:48 Job executing on host: <10.194.1.8:9618?addrs=10.194.1.8-9618+[--1]-9618&noUDP&sock=13314_e004_3>
...
006 (192646.000.000) 09/20 12:13:57 Image size of job updated: 192440
	188  -  MemoryUsage of job (MB)
	192440  -  ResidentSetSize of job (KB)
...
006 (192646.000.000) 09/20 12:18:58 Image size of job updated: 373892
	366  -  MemoryUsage of job (MB)
	373892  -  ResidentSetSize of job (KB)
...
006 (192646.000.000) 09/20 12:20:21 Image size of job updated: 663408
	366  -  MemoryUsage of job (MB)
	373892  -  ResidentSetSize of job (KB)
...
005 (192646.000.000) 09/20 12:20:23 Job terminated.
	(1) Normal termination (return value 1)
		Usr 0 00:06:26, Sys 0 00:00:05  -  Run Remote Usage
		Usr 0 00:00:00, Sys 0 00:00:00  -  Run Local Usage
		Usr 0 00:06:26, Sys 0 00:00:05  -  Total Remote Usage
		Usr 0 00:00:00, Sys 0 00:00:00  -  Total Local Usage
	50082352  -  Run Bytes Sent By Job
	223  -  Run Bytes Received By Job
	50082352  -  Total Bytes Sent By Job
	223  -  Total Bytes Received By Job
	Partitionable Resources :    Usage  Request Allocated
	   Cpus                 :                 1         1
	   Disk (KB)            :    48919        1  10479080
	   Memory (MB)          :      366     6144      6144
...
000 (228067.000.000) 09/27 09:26:07 Job submitted from host: <172.20.203.50:9618?addrs=172.20.203.50-9618+[--1]-9618&noUDP&sock=1508097_aeae_4>
...
001 (228067.000.000) 09/27 09:31:40 Job executing on host: <10.194.1.6:9618?addrs=10.194.1.6-9618+[--1]-9618&noUDP&sock=13347_82a4_3>
...
006 (228067.000.000) 09/27 09:31:49 Image size of job updated: 195032
	191  -  MemoryUsage of job (MB)
	194812  -  ResidentSetSize of job (KB)
...
006 (228067.000.000) 09/27 09:36:50 Image size of job updated: 590676
	577  -  MemoryUsage of job (MB)
	590456  -  ResidentSetSize of job (KB)
...
006 (228067.000.000) 09/27 09:41:50 Image size of job updated: 928412
	907  -  MemoryUsage of job (MB)
	928192  -  ResidentSetSize of job (KB)
...
006 (228067.000.000) 09/27 09:46:50 Image size of job updated: 1274452
	1245  -  MemoryUsage of job (MB)
	1274232  -  ResidentSetSize of job (KB)
...
006 (228067.000.000) 09/27 09:51:51 Image size of job updated: 1712536
	1673  -  MemoryUsage of job (MB)
	1712316  -  ResidentSetSize of job (KB)
...
006 (228067.000.000) 09/27 09:56:51 Image size of job updated: 2154660
	2104  -  MemoryUsage of job (MB)
	2154440  -  ResidentSetSize of job (KB)
...
006 (228067.000.000) 09/27 10:01:51 Image size of job updated: 2556528
	2497  -  MemoryUsage of job (MB)
	2556220  -  ResidentSetSize of job (KB)
...
006 (228067.000.000) 09/27 10:06:52 Image size of job updated: 2915584
	2633  -  MemoryUsage of job (MB)
	2695436  -  ResidentSetSize of job (KB)
...
005 (228067.000.000) 09/27 10:22:40 Job terminated.
	(1) Normal termination (return value 1)
		Usr 0 00:49:53, Sys 0 00:00:33  -  Run Remote Usage
		Usr 0 00:00:00, Sys 0 00:00:00  -  Run Local Usage
		Usr 0 00:49:53, Sys 0 00:00:33  -  Total Remote Usage
		Usr 0 00:00:00, Sys 0 00:00:00  -  Total Local Usage
	83223  -  Run Bytes Sent By Job
	223  -  Run Bytes Received By Job
	83223  -  Total Bytes Sent By Job
	223  -  Total Bytes Received By Job
	Partitionable Resources :    Usage  Request Allocated
	   Cpus                 :                 1         1
	   Disk (KB)            :       92        1  10479080
	   Memory (MB)          :     2633     6144      6144
...
000 (231215.000.000) 09/30 16:56:55 Job submitted from host: <172.20.203.50:9618?addrs=172.20.203.50-9618+[--1]-9618&noUDP&sock=1508097_aeae_4>
...
001 (231215.000.000) 09/30 17:04:44 Job executing on host: <10.194.1.6:9618?addrs=10.194.1.6-9618+[--1]-9618&noUDP&sock=13347_82a4_3>
...
006 (231215.000.000) 09/30 17:04:53 Image size of job updated: 204592
	200  -  MemoryUsage of job (MB)
	204592  -  ResidentSetSize of job (KB)
...
006 (231215.000.000) 09/30 17:09:54 Image size of job updated: 617768
	604  -  MemoryUsage of job (MB)
	617768  -  ResidentSetSize of job (KB)
...
006 (231215.000.000) 09/30 17:14:54 Image size of job updated: 1019388
	996  -  MemoryUsage of job (MB)
	1019388  -  ResidentSetSize of job (KB)
...
006 (231215.000.000) 09/30 17:19:54 Image size of job updated: 1374496
	1341  -  MemoryUsage of job (MB)
	1372952  -  ResidentSetSize of job (KB)
...
006 (231215.000.000) 09/30 17:24:55 Image size of job updated: 1732212
	1689  -  MemoryUsage of job (MB)
	1728864  -  ResidentSetSize of job (KB)
...
006 (231215.000.000) 09/30 17:29:56 Image size of job updated: 2109208
	2035  -  MemoryUsage of job (MB)
	2083128  -  ResidentSetSize of job (KB)
...
006 (231215.000.000) 09/30 17:34:56 Image size of job updated: 2476928
	2397  -  MemoryUsage of job (MB)
	2454036  -  ResidentSetSize of job (KB)
...
006 (231215.000.000) 09/30 17:39:56 Image size of job updated: 2756528
	2675  -  MemoryUsage of job (MB)
	2738256  -  ResidentSetSize of job (KB)
...
006 (231215.000.000) 09/30 17:44:57 Image size of job updated: 3033028
	2949  -  MemoryUsage of job (MB)
	3018808  -  ResidentSetSize of job (KB)
...
006 (231215.000.000) 09/30 17:49:57 Image size of job updated: 3033028
	2949  -  MemoryUsage of job (MB)
	3018812  -  ResidentSetSize of job (KB)
...
005 (231215.000.000) 09/30 18:00:46 Job terminated.
	(1) Normal termination (return value 1)
		Usr 0 00:55:16, Sys 0 00:00:32  -  Run Remote Usage
		Usr 0 00:00:00, Sys 0 00:00:00  -  Run Local Usage
		Usr 0 00:55:16, Sys 0 00:00:32  -  Total Remote Usage
		Usr 0 00:00:00, Sys 0 00:00:00  -  Total Local Usage
	91020  -  Run Bytes Sent By Job
	223  -  Run Bytes Received By Job
	91020  -  Total Bytes Sent By Job
	223  -  Total Bytes Received By Job
	Partitionable Resources :    Usage  Request Allocated
	   Cpus                 :                 1         1
	   Disk (KB)            :       99        1  10479080
	   Memory (MB)          :     2949     6144      6144
...
000 (320951.000.000) 02/05 13:10:52 Job submitted from host: <172.20.203.50:9618?addrs=172.20.203.50-9618+[--1]-9618&noUDP&sock=1508097_aeae_4>
...
001 (320951.000.000) 02/05 13:22:51 Job executing on host: <10.194.1.6:9618?addrs=10.194.1.6-9618+[--1]-9618&noUDP&sock=13347_82a4_3>
...
006 (320951.000.000) 02/05 13:23:00 Image size of job updated: 137516
	131  -  MemoryUsage of job (MB)
	133876  -  ResidentSetSize of job (KB)
...
006 (320951.000.000) 02/05 13:28:01 Image size of job updated: 443196
	430  -  MemoryUsage of job (MB)
	439492  -  ResidentSetSize of job (KB)
...
006 (320951.000.000) 02/05 13:33:01 Image size of job updated: 690972
	671  -  MemoryUsage of job (MB)
	686600  -  ResidentSetSize of job (KB)
...
006 (320951.000.000) 02/05 13:38:01 Image size of job updated: 926996
	900  -  MemoryUsage of job (MB)
	921504  -  ResidentSetSize of job (KB)
...
005 (320951.000.000) 02/05 13:39:16 Job terminated.
	(1) Normal termination (return value 1)
		Usr 0 00:14:48, Sys 0 00:01:20  -  Run Remote Usage
		Usr 0 00:00:00, Sys 0 00:00:00  -  Run Local Usage
		Usr 0 00:14:48, Sys 0 00:01:20  -  Total Remote Usage
		Usr 0 00:00:00, Sys 0 00:00:00  -  Total Local Usage
	123800480  -  Run Bytes Sent By Job
	223  -  Run Bytes Received By Job
	123800480  -  Total Bytes Sent By Job
	223  -  Total Bytes Received By Job
	Partitionable Resources :    Usage  Request Allocated
	   Cpus                 :                 1         1
	   Disk (KB)            :   120909        1  10479080
	   Memory (MB)          :      900     6144      6144
...
000 (321200.000.000) 02/05 16:08:46 Job submitted from host: <172.20.203.50:9618?addrs=172.20.203.50-9618+[--1]-9618&noUDP&sock=1508097_aeae_4>
...
001 (321200.000.000) 02/05 16:37:00 Job executing on host: <10.194.1.4:9618?addrs=10.194.1.4-9618+[--1]-9618&noUDP&sock=11079_d9d8_3>
...
006 (321200.000.000) 02/05 16:37:09 Image size of job updated: 157124
	154  -  MemoryUsage of job (MB)
	157108  -  ResidentSetSize of job (KB)
...
006 (321200.000.000) 02/05 16:42:10 Image size of job updated: 500204
	489  -  MemoryUsage of job (MB)
	500008  -  ResidentSetSize of job (KB)
...
006 (321200.000.000) 02/05 16:47:11 Image size of job updated: 847216
	828  -  MemoryUsage of job (MB)
	847020  -  ResidentSetSize of job (KB)
...
006 (321200.000.000) 02/05 16:52:11 Image size of job updated: 1200140
	1172  -  MemoryUsage of job (MB)
	1199944  -  ResidentSetSize of job (KB)
...
006 (321200.000.000) 02/05 16:57:12 Image size of job updated: 1548464
	1512  -  MemoryUsage of job (MB)
	1548268  -  ResidentSetSize of job (KB)
...
006 (321200.000.000) 02/05 17:02:13 Image size of job updated: 1889388
	1845  -  MemoryUsage of job (MB)
	1889188  -  ResidentSetSize of job (KB)
...
006 (321200.000.000) 02/05 17:07:13 Image size of job updated: 2233032
	2181  -  MemoryUsage of job (MB)
	2232784  -  ResidentSetSize of job (KB)
...
006 (321200.000.000) 02/05 17:12:13 Image size of job updated: 2571000
	2486  -  MemoryUsage of job (MB)
	2545116  -  ResidentSetSize of job (KB)
...
006 (321200.000.000) 02/05 17:17:14 Image size of job updated: 2900028
	2749  -  MemoryUsage of job (MB)
	2814844  -  ResidentSetSize of job (KB)
...
006 (321200.000.000) 02/05 17:22:14 Image size of job updated: 3219244
	2964  -  MemoryUsage of job (MB)
	3034692  -  ResidentSetSize of job (KB)
...
006 (321200.000.000) 02/05 17:27:14 Image size of job updated: 3529468
	3000  -  MemoryUsage of job (MB)
	3071752  -  ResidentSetSize of job (KB)
...
006 (321200.000.000) 02/05 17:32:15 Image size of job updated: 3758916
	3614  -  MemoryUsage of job (MB)
	3699796  -  ResidentSetSize of job (KB)
...
005 (321200.000.000) 02/05 17:49:56 Job terminated.
	(1) Normal termination (return value 0)
		Usr 0 01:10:59, Sys 0 00:00:44  -  Run Remote Usage
		Usr 0 00:00:00, Sys 0 00:00:00  -  Run Local Usage
		Usr 0 01:10:59, Sys 0 00:00:44  -  Total Remote Usage
		Usr 0 00:00:00, Sys 0 00:00:00  -  Total Local Usage
	436829  -  Run Bytes Sent By Job
	223  -  Run Bytes Received By Job
	436829  -  Total Bytes Sent By Job
	223  -  Total Bytes Received By Job
	Partitionable Resources :    Usage  Request Allocated
	   Cpus                 :                 1         1
	   Disk (KB)            :      437        1   4449816
	   Memory (MB)          :     3614     6144      6144
...
000 (321799.000.000) 02/10 11:45:10 Job submitted from host: <172.20.203.50:9618?addrs=172.20.203.50-9618+[--1]-9618&noUDP&sock=1508097_aeae_4>
...
001 (321799.000.000) 02/10 16:40:29 Job executing on host: <10.194.1.102:9618?addrs=10.194.1.102-9618&noUDP&sock=2792_a882_3>
...
006 (321799.000.000) 02/10 16:40:37 Image size of job updated: 150504
	147  -  MemoryUsage of job (MB)
	150504  -  ResidentSetSize of job (KB)
...
006 (321799.000.000) 02/10 16:45:37 Image size of job updated: 509084
	498  -  MemoryUsage of job (MB)
	509084  -  ResidentSetSize of job (KB)
...
006 (321799.000.000) 02/10 16:50:38 Image size of job updated: 867852
	843  -  MemoryUsage of job (MB)
	862420  -  ResidentSetSize of job (KB)
...
006 (321799.000.000) 02/10 16:55:39 Image size of job updated: 1218728
	1180  -  MemoryUsage of job (MB)
	1207792  -  ResidentSetSize of job (KB)
...
006 (321799.000.000) 02/10 17:00:39 Image size of job updated: 1558736
	1512  -  MemoryUsage of job (MB)
	1547796  -  ResidentSetSize of job (KB)
...
006 (321799.000.000) 02/10 17:05:40 Image size of job updated: 1892424
	1837  -  MemoryUsage of job (MB)
	1880704  -  ResidentSetSize of job (KB)
...
006 (321799.000.000) 02/10 17:10:41 Image size of job updated: 2218972
	2147  -  MemoryUsage of job (MB)
	2197708  -  ResidentSetSize of job (KB)
...
006 (321799.000.000) 02/10 17:15:41 Image size of job updated: 2537440
	2465  -  MemoryUsage of job (MB)
	2523364  -  ResidentSetSize of job (KB)
...
006 (321799.000.000) 02/10 17:20:41 Image size of job updated: 2850524
	2770  -  MemoryUsage of job (MB)
	2836368  -  ResidentSetSize of job (KB)
...
006 (321799.000.000) 02/10 17:25:42 Image size of job updated: 3153932
	3066  -  MemoryUsage of job (MB)
	3139252  -  ResidentSetSize of job (KB)
...
006 (321799.000.000) 02/10 17:30:42 Image size of job updated: 3449492
	3343  -  MemoryUsage of job (MB)
	3422844  -  ResidentSetSize of job (KB)
...
006 (321799.000.000) 02/10 17:35:42 Image size of job updated: 3757712
	3651  -  MemoryUsage of job (MB)
	3737988  -  ResidentSetSize of job (KB)
...
005 (321799.000.000) 02/10 17:53:48 Job terminated.
	(1) Normal termination (return value 0)
		Usr 0 01:12:20, Sys 0 00:00:45  -  Run Remote Usage
		Usr 0 00:00:00, Sys 0 00:00:00  -  Run Local Usage
		Usr 0 01:12:20, Sys 0 00:00:45  -  Total Remote Usage
		Usr 0 00:00:00, Sys 0 00:00:00  -  Total Local Usage
	497475  -  Run Bytes Sent By Job
	223  -  Run Bytes Received By Job
	497475  -  Total Bytes Sent By Job
	223  -  Total Bytes Received By Job
	Partitionable Resources :    Usage  Request Allocated
	   Cpus                 :                 1         1
	   Disk (KB)            :      502        1   8207617
	   Memory (MB)          :     3651     6144      6144
...
000 (322150.000.000) 02/13 10:25:38 Job submitted from host: <172.20.203.50:9618?addrs=172.20.203.50-9618+[--1]-9618&noUDP&sock=1508097_aeae_4>
...
001 (322150.000.000) 02/13 10:25:59 Job executing on host: <10.194.1.8:9618?addrs=10.194.1.8-9618+[--1]-9618&noUDP&sock=13314_e004_3>
...
006 (322150.000.000) 02/13 10:26:08 Image size of job updated: 150160
	147  -  MemoryUsage of job (MB)
	150160  -  ResidentSetSize of job (KB)
...
006 (322150.000.000) 02/13 10:31:09 Image size of job updated: 448072
	438  -  MemoryUsage of job (MB)
	448072  -  ResidentSetSize of job (KB)
...
006 (322150.000.000) 02/13 10:36:09 Image size of job updated: 758044
	741  -  MemoryUsage of job (MB)
	758044  -  ResidentSetSize of job (KB)
...
006 (322150.000.000) 02/13 10:41:09 Image size of job updated: 1065540
	1041  -  MemoryUsage of job (MB)
	1065540  -  ResidentSetSize of job (KB)
...
006 (322150.000.000) 02/13 10:46:10 Image size of job updated: 1367452
	1336  -  MemoryUsage of job (MB)
	1367452  -  ResidentSetSize of job (KB)
...
006 (322150.000.000) 02/13 10:51:11 Image size of job updated: 1661712
	1623  -  MemoryUsage of job (MB)
	1661712  -  ResidentSetSize of job (KB)
...
006 (322150.000.000) 02/13 10:56:11 Image size of job updated: 1942484
	1897  -  MemoryUsage of job (MB)
	1942484  -  ResidentSetSize of job (KB)
...
006 (322150.000.000) 02/13 11:01:12 Image size of job updated: 2229160
	2177  -  MemoryUsage of job (MB)
	2228680  -  ResidentSetSize of job (KB)
...
006 (322150.000.000) 02/13 11:06:13 Image size of job updated: 2501540
	2442  -  MemoryUsage of job (MB)
	2500020  -  ResidentSetSize of job (KB)
...
006 (322150.000.000) 02/13 11:11:13 Image size of job updated: 2778976
	2711  -  MemoryUsage of job (MB)
	2775852  -  ResidentSetSize of job (KB)
...
006 (322150.000.000) 02/13 11:16:14 Image size of job updated: 3038980
	2965  -  MemoryUsage of job (MB)
	3035824  -  ResidentSetSize of job (KB)
...
006 (322150.000.000) 02/13 11:21:15 Image size of job updated: 3297760
	3217  -  MemoryUsage of job (MB)
	3293668  -  ResidentSetSize of job (KB)
...
006 (322150.000.000) 02/13 11:26:15 Image size of job updated: 3553844
	3466  -  MemoryUsage of job (MB)
	3549184  -  ResidentSetSize of job (KB)
...
006 (322150.000.000) 02/13 11:31:15 Image size of job updated: 5409308
	5278  -  MemoryUsage of job (MB)
	5404080  -  ResidentSetSize of job (KB)
...
005 (322150.000.000) 02/13 11:52:30 Job terminated.
	(1) Normal termination (return value 0)
		Usr 0 01:25:01, Sys 0 00:00:53  -  Run Remote Usage
		Usr 0 00:00:00, Sys 0 00:00:00  -  Run Local Usage
		Usr 0 01:25:01, Sys 0 00:00:53  -  Total Remote Usage
		Usr 0 00:00:00, Sys 0 00:00:00  -  Total Local Usage
	497539  -  Run Bytes Sent By Job
	223  -  Run Bytes Received By Job
	497539  -  Total Bytes Sent By Job
	223  -  Total Bytes Received By Job
	Partitionable Resources :    Usage  Request Allocated
	   Cpus                 :                 1         1
	   Disk (KB)            :      496        1  10479080
	   Memory (MB)          :     5278     6144      6144
...
000 (322505.000.000) 02/14 17:33:59 Job submitted from host: <172.20.203.50:9618?addrs=172.20.203.50-9618+[--1]-9618&noUDP&sock=1508097_aeae_4>
...
001 (322505.000.000) 02/14 20:15:12 Job executing on host: <10.194.1.101:9618?addrs=10.194.1.101-9618&noUDP&sock=2723_547a_3>
...
006 (322505.000.000) 02/14 20:15:20 Image size of job updated: 155104
	152  -  MemoryUsage of job (MB)
	155104  -  ResidentSetSize of job (KB)
...
006 (322505.000.000) 02/14 20:20:20 Image size of job updated: 607428
	594  -  MemoryUsage of job (MB)
	607428  -  ResidentSetSize of job (KB)
...
006 (322505.000.000) 02/14 20:25:20 Image size of job updated: 1057720
	1033  -  MemoryUsage of job (MB)
	1057720  -  ResidentSetSize of job (KB)
...
006 (322505.000.000) 02/14 20:30:21 Image size of job updated: 1504332
	1470  -  MemoryUsage of job (MB)
	1504332  -  ResidentSetSize of job (KB)
...
006 (322505.000.000) 02/14 20:35:21 Image size of job updated: 1935036
	1890  -  MemoryUsage of job (MB)
	1934864  -  ResidentSetSize of job (KB)
...
006 (322505.000.000) 02/14 20:40:21 Image size of job updated: 2354168
	2299  -  MemoryUsage of job (MB)
	2353888  -  ResidentSetSize of job (KB)
...
006 (322505.000.000) 02/14 20:45:22 Image size of job updated: 2776272
	2711  -  MemoryUsage of job (MB)
	2775992  -  ResidentSetSize of job (KB)
...
006 (322505.000.000) 02/14 20:50:23 Image size of job updated: 3169380
	3050  -  MemoryUsage of job (MB)
	3122840  -  ResidentSetSize of job (KB)
...
006 (322505.000.000) 02/14 20:55:23 Image size of job updated: 3552144
	3402  -  MemoryUsage of job (MB)
	3483528  -  ResidentSetSize of job (KB)
...
006 (322505.000.000) 02/14 21:00:24 Image size of job updated: 3909984
	3762  -  MemoryUsage of job (MB)
	3851396  -  ResidentSetSize of job (KB)
...
006 (322505.000.000) 02/14 21:05:25 Image size of job updated: 4239048
	3766  -  MemoryUsage of job (MB)
	3855760  -  ResidentSetSize of job (KB)
...
006 (322505.000.000) 02/14 21:10:25 Image size of job updated: 4547956
	4162  -  MemoryUsage of job (MB)
	4261740  -  ResidentSetSize of job (KB)
...
005 (322505.000.000) 02/14 21:30:12 Job terminated.
	(1) Normal termination (return value 0)
		Usr 0 01:12:05, Sys 0 00:00:55  -  Run Remote Usage
		Usr 0 00:00:00, Sys 0 00:00:00  -  Run Local Usage
		Usr 0 01:12:05, Sys 0 00:00:55  -  Total Remote Usage
		Usr 0 00:00:00, Sys 0 00:00:00  -  Total Local Usage
	436120  -  Run Bytes Sent By Job
	223  -  Run Bytes Received By Job
	436120  -  Total Bytes Sent By Job
	223  -  Total Bytes Received By Job
	Partitionable Resources :    Usage  Request Allocated
	   Cpus                 :                 1         1
	   Disk (KB)            :      442        1   8223588
	   Memory (MB)          :     4162     6144      6144
...
000 (361231.000.000) 03/12 21:55:37 Job submitted from host: <172.20.203.50:9618?addrs=172.20.203.50-9618+[--1]-9618&noUDP&sock=1508097_aeae_4>
...
001 (361231.000.000) 03/12 21:55:40 Job executing on host: <10.194.1.4:9618?addrs=10.194.1.4-9618+[--1]-9618&noUDP&sock=11079_d9d8_3>
...
006 (361231.000.000) 03/12 21:55:49 Image size of job updated: 171740
	166  -  MemoryUsage of job (MB)
	169144  -  ResidentSetSize of job (KB)
...
006 (361231.000.000) 03/12 22:00:50 Image size of job updated: 881612
	859  -  MemoryUsage of job (MB)
	879016  -  ResidentSetSize of job (KB)
...
006 (361231.000.000) 03/12 22:05:50 Image size of job updated: 1576136
	1537  -  MemoryUsage of job (MB)
	1573540  -  ResidentSetSize of job (KB)
...
006 (361231.000.000) 03/12 22:10:51 Image size of job updated: 2243076
	2188  -  MemoryUsage of job (MB)
	2240480  -  ResidentSetSize of job (KB)
...
006 (361231.000.000) 03/12 22:15:52 Image size of job updated: 2886740
	2817  -  MemoryUsage of job (MB)
	2884144  -  ResidentSetSize of job (KB)
...
006 (361231.000.000) 03/12 22:20:52 Image size of job updated: 3487280
	3404  -  MemoryUsage of job (MB)
	3484684  -  ResidentSetSize of job (KB)
...
006 (361231.000.000) 03/12 22:25:52 Image size of job updated: 4022432
	3926  -  MemoryUsage of job (MB)
	4019836  -  ResidentSetSize of job (KB)
...
006 (361231.000.000) 03/12 22:30:54 Image size of job updated: 4022432
	3926  -  MemoryUsage of job (MB)
	4019840  -  ResidentSetSize of job (KB)
...
004 (361231.000.000) 03/12 22:31:10 Job was evicted.
	(0) Job was not checkpointed.
		Usr 0 00:34:49, Sys 0 00:00:28  -  Run Remote Usage
		Usr 0 00:00:00, Sys 0 00:00:00  -  Run Local Usage
	0  -  Run Bytes Sent By Job
	223  -  Run Bytes Received By Job
	Partitionable Resources :    Usage  Request Allocated
	   Cpus                 :                 1         1
	   Disk (KB)            :       41        1   4449816
	   Memory (MB)          :     3926     6144      6144
...
009 (361231.000.000) 03/12 22:31:10 Job was aborted by the user.
	via condor_rm (by user jnugent)
...
000 (361277.000.000) 03/12 22:33:27 Job submitted from host: <172.20.203.50:9618?addrs=172.20.203.50-9618+[--1]-9618&noUDP&sock=1508097_aeae_4>
...
001 (361277.000.000) 03/12 22:33:43 Job executing on host: <10.194.1.6:9618?addrs=10.194.1.6-9618+[--1]-9618&noUDP&sock=13347_82a4_3>
...
006 (361277.000.000) 03/12 22:33:52 Image size of job updated: 193504
	182  -  MemoryUsage of job (MB)
	186160  -  ResidentSetSize of job (KB)
...
006 (361277.000.000) 03/12 22:38:52 Image size of job updated: 892632
	865  -  MemoryUsage of job (MB)
	885288  -  ResidentSetSize of job (KB)
...
006 (361277.000.000) 03/12 22:43:52 Image size of job updated: 1566448
	1523  -  MemoryUsage of job (MB)
	1559104  -  ResidentSetSize of job (KB)
...
006 (361277.000.000) 03/12 22:48:53 Image size of job updated: 2212364
	2154  -  MemoryUsage of job (MB)
	2205020  -  ResidentSetSize of job (KB)
...
006 (361277.000.000) 03/12 22:53:54 Image size of job updated: 2829892
	2757  -  MemoryUsage of job (MB)
	2822548  -  ResidentSetSize of job (KB)
...
006 (361277.000.000) 03/12 22:58:54 Image size of job updated: 3412924
	3326  -  MemoryUsage of job (MB)
	3405580  -  ResidentSetSize of job (KB)
...
006 (361277.000.000) 03/12 23:03:55 Image size of job updated: 3957204
	3858  -  MemoryUsage of job (MB)
	3949860  -  ResidentSetSize of job (KB)
...
006 (361277.000.000) 03/12 23:08:56 Image size of job updated: 4480476
	4369  -  MemoryUsage of job (MB)
	4472964  -  ResidentSetSize of job (KB)
...
005 (361277.000.000) 03/12 23:21:11 Job terminated.
	(1) Normal termination (return value 0)
		Usr 0 00:46:54, Sys 0 00:00:31  -  Run Remote Usage
		Usr 0 00:00:00, Sys 0 00:00:00  -  Run Local Usage
		Usr 0 00:46:54, Sys 0 00:00:31  -  Total Remote Usage
		Usr 0 00:00:00, Sys 0 00:00:00  -  Total Local Usage
	441242  -  Run Bytes Sent By Job
	223  -  Run Bytes Received By Job
	441242  -  Total Bytes Sent By Job
	223  -  Total Bytes Received By Job
	Partitionable Resources :    Usage  Request Allocated
	   Cpus                 :                 1         1
	   Disk (KB)            :      441        1  10479080
	   Memory (MB)          :     4369     6144      6144
...
