INFO: Using third party libraries from /data/neutrino06/jnugent/MAUS-v3.1.2
MAUS web front-end directory: /data/neutrino06/jnugent/MAUS-v3.1.2/third_party/install/lib/maus-apps-0.3
    Database directory: /data/neutrino06/jnugent/MAUS-v3.1.2/third_party/install/lib/maus-apps-0.3/db
    Media directory: /data/neutrino06/jnugent/MAUS-v3.1.2/third_party/install/lib/maus-apps-0.3/media
    Media directory (raw images): /data/neutrino06/jnugent/MAUS-v3.1.2/third_party/install/lib/maus-apps-0.3/media/raw
SUCCESS: MAUS setup
Algorithm to analyse reduced MAUS root
trees for multiple scattering measurements
and to unfold the distribution

Received 2 arguements.
node type: Element, name: spec, with prop id: (null), prop name: (null), prop value: (null)
node type: Element, name: file, with prop id: outfile, prop name: angdef_0/LiHMu_3240_135.root, prop value: (null)
node type: Element, name: file, with prop id: datafile, prop name: /data/neutrino06/jnugent/v3.1.2/allLiH/, prop value: (null)
node type: Element, name: file, with prop id: trainfile, prop name: /data/neutrino06/jnugent/v3.1.2/allZeroAbs/, prop value: (null)
node type: Element, name: file, with prop id: trkreffiname, prop name: /home/ppe/j/jnugent/workarea/tracker_efficiency/tracker_resolution_plots_27.4456328413.root, prop value: (null)
node type: Element, name: file, with prop id: trkreffiemptyname, prop name: /home/ppe/j/jnugent/workarea/emptyeffi/tracker_resolution_plots_27.4456328413.root, prop value: (null)
node type: Element, name: file, with prop id: modelfile, prop name: /data/neutrino03/jnugent/Unfolding/Cobb_results/LiH-6p5-240-hists.root, prop value: (null)
node type: Element, name: file, with prop id: material, prop name: LiH, prop value: (null)
node type: Element, name: file, with prop id: model3, prop name: Moliere, prop value: (null)
node type: Element, name: file, with prop id: model2, prop name: Cobb, prop value: (null)
node type: Element, name: file, with prop id: model1, prop name: GEANT, prop value: (null)
node type: Element, name: cuts, with prop id: (null), prop name: TOF_ll, prop value: 27.3975634301
node type: Element, name: cuts, with prop id: (null), prop name: TOF_ul, prop value: 27.5975634301
node type: Element, name: cuts, with prop id: (null), prop name: fid_rad, prop value: 140.0
node type: Element, name: cuts, with prop id: (null), prop name: fid_grad, prop value: 0.012
node type: Element, name: sys, with prop id: (null), prop name: angdef, prop value: 135
node type: Element, name: cuts, with prop id: (null), prop name: mode, prop value: -1
node type: Element, name: sys, with prop id: (null), prop name: resX, prop value: 1
node type: Element, name: sys, with prop id: (null), prop name: resY, prop value: 1
node type: Element, name: sys, with prop id: (null), prop name: niter, prop value: 4
Writing outfile to angdef_0/LiHMu_3240_135.root
Reading outfilename at 
Reading data from /data/neutrino06/jnugent/v3.1.2/allLiH/
Reading reference data from /data/neutrino06/jnugent/v3.1.2/allZeroAbs/
Reading models from /data/neutrino03/jnugent/Unfolding/Cobb_results/LiH-6p5-240-hists.root
Reading models from 
Use  for propagation

angdef 135
TOF selection between 27.3976 and 27.5976
Fiducial selection contained by radius 140 with scattering 0.012

Adding systematic effect niter with value 4
Adding systematic effect resX with value 1
Adding systematic effect resY with value 1
5436515
Event 0
Event 100000
Event 200000
Event 300000
Event 400000
Event 500000
Event 600000
Event 700000
Event 800000
Event 900000
Event 1000000
Event 1100000
Event 1200000
Event 1300000
Event 1400000
Event 1500000
Event 1600000
Event 1700000
Event 1800000
Event 1900000
Event 2000000
Event 2100000
Event 2200000
Event 2300000
Event 2400000
Event 2500000
Event 2600000
Event 2700000
Event 2800000
Event 2900000
Event 3000000
Event 3100000
Event 3200000
Event 3300000
Event 3400000
Event 3500000
Event 3600000
Event 3700000
Event 3800000
Event 3900000
Event 4000000
Event 4100000
Event 4200000
Event 4300000
Event 4400000
Event 4500000
Event 4600000
Event 4700000
Event 4800000
Event 4900000
Event 5000000
Event 5100000
Event 5200000
Event 5300000
Event 5400000
Event 0
Event 100000
Event 200000
Event 300000
Event 400000
Event 500000
Event 600000
Event 700000
Event 800000
Event 900000
Event 1000000
Event 1100000
Convolution with thetaX_GEANT from /data/neutrino03/jnugent/Unfolding/Cobb_results/LiH-6p5-240-hists.root
OBJ: RooUnfoldBayes	response	Unfold Response
regularisation parameter = 4, ntoys = 50
OBJ: RooUnfoldBayes	response	Unfold Response
regularisation parameter = 4, ntoys = 50
OBJ: RooUnfoldBayes	response	Unfold Response
regularisation parameter = 4, ntoys = 50
OBJ: RooUnfoldBayes	response	Unfold Response
regularisation parameter = 4, ntoys = 50
Now unfolding...
Iteration : 0
Chi^2 of change 214.943
Iteration : 1
Chi^2 of change 27.1932
Iteration : 2
Chi^2 of change 4.97662
Iteration : 3
Chi^2 of change 2.00075
Calculating covariances due to number of measured events
Now unfolding...
Iteration : 0
Chi^2 of change 45.3691
Iteration : 1
Chi^2 of change 17.2235
Iteration : 2
Chi^2 of change 7.4323
Iteration : 3
Chi^2 of change 3.65068
Calculating covariances due to number of measured events
Now unfolding...
Iteration : 0
Chi^2 of change 331.524
Iteration : 1
Chi^2 of change 47.4038
Iteration : 2
Chi^2 of change 5.37763
Iteration : 3
Chi^2 of change 1.04628
Calculating covariances due to number of measured events
Now unfolding...
Iteration : 0
Chi^2 of change 188.66
Iteration : 1
Chi^2 of change 30.296
Iteration : 2
Chi^2 of change 11.1405
Iteration : 3
Chi^2 of change 6.41359
Calculating covariances due to number of measured events
Convolution with thetaX_Cobb from /data/neutrino03/jnugent/Unfolding/Cobb_results/LiH-6p5-240-hists.root
OBJ: RooUnfoldBayes	response	Unfold Response
regularisation parameter = 4, ntoys = 50
OBJ: RooUnfoldBayes	response	Unfold Response
regularisation parameter = 4, ntoys = 50
OBJ: RooUnfoldBayes	response	Unfold Response
regularisation parameter = 4, ntoys = 50
OBJ: RooUnfoldBayes	response	Unfold Response
regularisation parameter = 4, ntoys = 50
Now unfolding...
Iteration : 0
Chi^2 of change 208.831
Iteration : 1
Chi^2 of change 37.8223
Iteration : 2
Chi^2 of change 7.93136
Iteration : 3
Chi^2 of change 2.76506
Calculating covariances due to number of measured events
Now unfolding...
Iteration : 0
Chi^2 of change 47.5536
Iteration : 1
Chi^2 of change 19.1636
Iteration : 2
Chi^2 of change 8.94193
Iteration : 3
Chi^2 of change 4.76125
Calculating covariances due to number of measured events
Now unfolding...
Iteration : 0
Chi^2 of change 363.915
Iteration : 1
Chi^2 of change 57.8552
Iteration : 2
Chi^2 of change 8.70239
Iteration : 3
Chi^2 of change 2.7525
Calculating covariances due to number of measured events
Now unfolding...
Iteration : 0
Chi^2 of change 179.361
Iteration : 1
Chi^2 of change 37.081
Iteration : 2
Chi^2 of change 13.9183
Iteration : 3
Chi^2 of change 8.93595
Calculating covariances due to number of measured events
Convolution with thetaX_Moliere from /data/neutrino03/jnugent/Unfolding/Cobb_results/LiH-6p5-240-hists.root
OBJ: RooUnfoldBayes	response	Unfold Response
regularisation parameter = 4, ntoys = 50
OBJ: RooUnfoldBayes	response	Unfold Response
regularisation parameter = 4, ntoys = 50
OBJ: RooUnfoldBayes	response	Unfold Response
regularisation parameter = 4, ntoys = 50
OBJ: RooUnfoldBayes	response	Unfold Response
regularisation parameter = 4, ntoys = 50
Now unfolding...
Iteration : 0
Chi^2 of change 220.522
Iteration : 1
Chi^2 of change 42.9664
Iteration : 2
Chi^2 of change 9.62542
Iteration : 3
Chi^2 of change 3.49678
Calculating covariances due to number of measured events
Now unfolding...
Iteration : 0
Chi^2 of change 44.9277
Iteration : 1
Chi^2 of change 18.033
Iteration : 2
Chi^2 of change 8.40799
Iteration : 3
Chi^2 of change 4.49429
Calculating covariances due to number of measured events
Now unfolding...
Iteration : 0
Chi^2 of change 369.952
Iteration : 1
Chi^2 of change 92.9067
Iteration : 2
Chi^2 of change 10.4983
Iteration : 3
Chi^2 of change 1.52126
Calculating covariances due to number of measured events
Now unfolding...
Iteration : 0
Chi^2 of change 179.46
Iteration : 1
Chi^2 of change 44.1947
Iteration : 2
Chi^2 of change 12.8974
Iteration : 3
Chi^2 of change 5.83029
Calculating covariances due to number of measured events
 FCN=0.659432 FROM MIGRAD    STATUS=CONVERGED      88 CALLS          89 TOTAL
                     EDM=4.80044e-09    STRATEGY= 1  ERROR MATRIX UNCERTAINTY   2.6 per cent
  EXT PARAMETER                                   STEP         FIRST   
  NO.   NAME      VALUE            ERROR          SIZE      DERIVATIVE 
   1  Constant     2.87523e+03   4.30482e+01   7.60554e-02  -2.95418e-06
   2  Mean         2.38921e+02   1.65157e-01   2.95127e-04  -5.41419e-04
   3  Sigma        7.85936e+00   3.10532e-01  -2.65495e-05  -2.91864e-03
Chi2 = 0.000000, Prob = 0, NDF = 199, igood = 0
Kolmogorov 0
Chi2 = 0.000000, Prob = 0, NDF = 199, igood = 0
Kolmogorov 0
standard error on mean momentum 0.0415761
rms of momentum 4.11562
Error on rms of momentum 0.0293988
width of bin mom -5.24683
bin width sqrt12 -1.51463
 FCN=0.659432 FROM MIGRAD    STATUS=CONVERGED      84 CALLS          85 TOTAL
                     EDM=4.80414e-09    STRATEGY= 1  ERROR MATRIX UNCERTAINTY   2.6 per cent
  EXT PARAMETER                                   STEP         FIRST   
  NO.   NAME      VALUE            ERROR          SIZE      DERIVATIVE 
   1  Constant     2.87523e+03   4.30482e+01   7.60689e-02  -2.95507e-06
   2  Mean         2.38921e+02   1.65157e-01   2.95186e-04  -5.41636e-04
   3  Sigma        7.85936e+00   3.10532e-01  -2.65562e-05  -2.91904e-03
Chi2 = 0.000000, Prob = 0, NDF = 199, igood = 0
Kolmogorov 0
Chi2 = 0.000000, Prob = 0, NDF = 199, igood = 0
Kolmogorov 0
