000 (429968.000.000) 05/15 10:08:10 Job submitted from host: <172.20.203.50:9618?addrs=172.20.203.50-9618&noUDP&sock=1508097_aeae_4>
...
001 (429968.000.000) 05/16 00:13:32 Job executing on host: <10.194.1.102:9618?addrs=10.194.1.102-9618&noUDP&sock=2792_a882_88>
...
006 (429968.000.000) 05/16 00:13:40 Image size of job updated: 49748
	49  -  MemoryUsage of job (MB)
	49748  -  ResidentSetSize of job (KB)
...
006 (429968.000.000) 05/16 00:18:40 Image size of job updated: 1452716
	1419  -  MemoryUsage of job (MB)
	1452716  -  ResidentSetSize of job (KB)
...
006 (429968.000.000) 05/16 00:28:41 Image size of job updated: 1980076
	1934  -  MemoryUsage of job (MB)
	1980076  -  ResidentSetSize of job (KB)
...
006 (429968.000.000) 05/16 00:33:41 Image size of job updated: 1980076
	1934  -  MemoryUsage of job (MB)
	1980176  -  ResidentSetSize of job (KB)
...
006 (429968.000.000) 05/16 00:38:42 Image size of job updated: 2569744
	2510  -  MemoryUsage of job (MB)
	2569744  -  ResidentSetSize of job (KB)
...
006 (429968.000.000) 05/16 00:43:42 Image size of job updated: 3261116
	3185  -  MemoryUsage of job (MB)
	3261116  -  ResidentSetSize of job (KB)
...
006 (429968.000.000) 05/16 00:48:42 Image size of job updated: 3821268
	3730  -  MemoryUsage of job (MB)
	3819116  -  ResidentSetSize of job (KB)
...
006 (429968.000.000) 05/16 00:53:43 Image size of job updated: 4395536
	4283  -  MemoryUsage of job (MB)
	4385636  -  ResidentSetSize of job (KB)
...
006 (429968.000.000) 05/16 00:58:43 Image size of job updated: 4913616
	4772  -  MemoryUsage of job (MB)
	4886420  -  ResidentSetSize of job (KB)
...
006 (429968.000.000) 05/16 01:03:43 Image size of job updated: 5373588
	5173  -  MemoryUsage of job (MB)
	5297068  -  ResidentSetSize of job (KB)
...
006 (429968.000.000) 05/16 01:08:44 Image size of job updated: 5947324
	5700  -  MemoryUsage of job (MB)
	5836268  -  ResidentSetSize of job (KB)
...
006 (429968.000.000) 05/16 01:13:45 Image size of job updated: 6029896
	5786  -  MemoryUsage of job (MB)
	5924808  -  ResidentSetSize of job (KB)
...
006 (429968.000.000) 05/16 01:18:45 Image size of job updated: 6591240
	6317  -  MemoryUsage of job (MB)
	6467908  -  ResidentSetSize of job (KB)
...
006 (429968.000.000) 05/16 01:23:46 Image size of job updated: 7425060
	7115  -  MemoryUsage of job (MB)
	7285164  -  ResidentSetSize of job (KB)
...
006 (429968.000.000) 05/16 01:28:47 Image size of job updated: 7558448
	7213  -  MemoryUsage of job (MB)
	7385728  -  ResidentSetSize of job (KB)
...
006 (429968.000.000) 05/16 01:33:47 Image size of job updated: 7584664
	7343  -  MemoryUsage of job (MB)
	7518292  -  ResidentSetSize of job (KB)
...
006 (429968.000.000) 05/16 01:38:48 Image size of job updated: 8211616
	7929  -  MemoryUsage of job (MB)
	8119096  -  ResidentSetSize of job (KB)
...
006 (429968.000.000) 05/16 01:43:49 Image size of job updated: 8543776
	8231  -  MemoryUsage of job (MB)
	8427840  -  ResidentSetSize of job (KB)
...
006 (429968.000.000) 05/16 01:48:49 Image size of job updated: 9441324
	9067  -  MemoryUsage of job (MB)
	9284464  -  ResidentSetSize of job (KB)
...
006 (429968.000.000) 05/16 01:53:50 Image size of job updated: 9668248
	9250  -  MemoryUsage of job (MB)
	9471380  -  ResidentSetSize of job (KB)
...
006 (429968.000.000) 05/16 01:58:51 Image size of job updated: 10173040
	9715  -  MemoryUsage of job (MB)
	9947260  -  ResidentSetSize of job (KB)
...
006 (429968.000.000) 05/16 02:03:51 Image size of job updated: 10934004
	10426  -  MemoryUsage of job (MB)
	10676028  -  ResidentSetSize of job (KB)
...
006 (429968.000.000) 05/16 02:08:51 Image size of job updated: 10934004
	10487  -  MemoryUsage of job (MB)
	10738444  -  ResidentSetSize of job (KB)
...
006 (429968.000.000) 05/16 02:13:52 Image size of job updated: 11933836
	11449  -  MemoryUsage of job (MB)
	11722996  -  ResidentSetSize of job (KB)
...
006 (429968.000.000) 05/16 02:18:52 Image size of job updated: 12048128
	11521  -  MemoryUsage of job (MB)
	11797360  -  ResidentSetSize of job (KB)
...
006 (429968.000.000) 05/16 02:23:52 Image size of job updated: 12676332
	12098  -  MemoryUsage of job (MB)
	12387860  -  ResidentSetSize of job (KB)
...
006 (429968.000.000) 05/16 02:28:53 Image size of job updated: 13257576
	12654  -  MemoryUsage of job (MB)
	12957036  -  ResidentSetSize of job (KB)
...
006 (429968.000.000) 05/16 02:33:53 Image size of job updated: 13713236
	13071  -  MemoryUsage of job (MB)
	13384036  -  ResidentSetSize of job (KB)
...
006 (429968.000.000) 05/16 02:38:53 Image size of job updated: 13843844
	13178  -  MemoryUsage of job (MB)
	13493472  -  ResidentSetSize of job (KB)
...
006 (429968.000.000) 05/16 02:43:54 Image size of job updated: 14164620
	13457  -  MemoryUsage of job (MB)
	13779324  -  ResidentSetSize of job (KB)
...
006 (429968.000.000) 05/16 02:48:54 Image size of job updated: 14735352
	13998  -  MemoryUsage of job (MB)
	14333404  -  ResidentSetSize of job (KB)
...
006 (429968.000.000) 05/16 02:53:54 Image size of job updated: 15109048
	14541  -  MemoryUsage of job (MB)
	14889900  -  ResidentSetSize of job (KB)
...
006 (429968.000.000) 05/16 02:58:55 Image size of job updated: 16200456
	15492  -  MemoryUsage of job (MB)
	15863648  -  ResidentSetSize of job (KB)
...
006 (429968.000.000) 05/16 03:03:55 Image size of job updated: 16704080
	15928  -  MemoryUsage of job (MB)
	16309796  -  ResidentSetSize of job (KB)
...
006 (429968.000.000) 05/16 03:08:55 Image size of job updated: 16704080
	15928  -  MemoryUsage of job (MB)
	16309804  -  ResidentSetSize of job (KB)
...
006 (429968.000.000) 05/16 03:13:56 Image size of job updated: 17033100
	16131  -  MemoryUsage of job (MB)
	16518020  -  ResidentSetSize of job (KB)
...
006 (429968.000.000) 05/16 03:18:57 Image size of job updated: 18324872
	17335  -  MemoryUsage of job (MB)
	17750220  -  ResidentSetSize of job (KB)
...
006 (429968.000.000) 05/16 03:28:58 Image size of job updated: 18978460
	17847  -  MemoryUsage of job (MB)
	18275208  -  ResidentSetSize of job (KB)
...
006 (429968.000.000) 05/16 03:33:59 Image size of job updated: 19079448
	17885  -  MemoryUsage of job (MB)
	18313332  -  ResidentSetSize of job (KB)
...
006 (429968.000.000) 05/16 03:38:59 Image size of job updated: 19967496
	18682  -  MemoryUsage of job (MB)
	19130304  -  ResidentSetSize of job (KB)
...
006 (429968.000.000) 05/16 03:44:00 Image size of job updated: 20213400
	18866  -  MemoryUsage of job (MB)
	19317776  -  ResidentSetSize of job (KB)
...
006 (429968.000.000) 05/16 03:49:01 Image size of job updated: 33808964
	25447  -  MemoryUsage of job (MB)
	26057636  -  ResidentSetSize of job (KB)
...
005 (429968.000.000) 05/16 06:33:02 Job terminated.
	(1) Normal termination (return value 1)
		Usr 0 04:54:33, Sys 0 00:19:51  -  Run Remote Usage
		Usr 0 00:00:00, Sys 0 00:00:00  -  Run Local Usage
		Usr 0 04:54:33, Sys 0 00:19:51  -  Total Remote Usage
		Usr 0 00:00:00, Sys 0 00:00:00  -  Total Local Usage
	42857  -  Run Bytes Sent By Job
	206  -  Run Bytes Received By Job
	42857  -  Total Bytes Sent By Job
	206  -  Total Bytes Received By Job
	Partitionable Resources :    Usage  Request Allocated 
	   Cpus                 :     0.76        1         1 
	   Disk (KB)            :    58           1    821995 
	   Memory (MB)          : 25447       51200     51200 
...
000 (432522.000.000) 05/16 09:06:58 Job submitted from host: <172.20.203.50:9618?addrs=172.20.203.50-9618&noUDP&sock=1508097_aeae_4>
...
009 (432522.000.000) 05/16 09:11:12 Job was aborted by the user.
	via condor_rm (by user jnugent)
...
000 (432537.000.000) 05/16 09:14:51 Job submitted from host: <172.20.203.50:9618?addrs=172.20.203.50-9618&noUDP&sock=1508097_aeae_4>
...
001 (432537.000.000) 05/17 13:06:35 Job executing on host: <10.194.1.102:9618?addrs=10.194.1.102-9618&noUDP&sock=2792_a882_88>
...
006 (432537.000.000) 05/17 13:06:44 Image size of job updated: 48452
	48  -  MemoryUsage of job (MB)
	48452  -  ResidentSetSize of job (KB)
...
006 (432537.000.000) 05/17 13:11:45 Image size of job updated: 720032
	704  -  MemoryUsage of job (MB)
	720032  -  ResidentSetSize of job (KB)
...
006 (432537.000.000) 05/17 13:16:46 Image size of job updated: 1600244
	1563  -  MemoryUsage of job (MB)
	1600244  -  ResidentSetSize of job (KB)
...
006 (432537.000.000) 05/17 13:26:47 Image size of job updated: 2318488
	2265  -  MemoryUsage of job (MB)
	2318488  -  ResidentSetSize of job (KB)
...
006 (432537.000.000) 05/17 13:31:48 Image size of job updated: 2501624
	2443  -  MemoryUsage of job (MB)
	2501624  -  ResidentSetSize of job (KB)
...
006 (432537.000.000) 05/17 13:36:48 Image size of job updated: 2649216
	2588  -  MemoryUsage of job (MB)
	2649216  -  ResidentSetSize of job (KB)
...
006 (432537.000.000) 05/17 13:41:49 Image size of job updated: 3280684
	3204  -  MemoryUsage of job (MB)
	3280684  -  ResidentSetSize of job (KB)
...
006 (432537.000.000) 05/17 13:46:50 Image size of job updated: 3547436
	3464  -  MemoryUsage of job (MB)
	3546156  -  ResidentSetSize of job (KB)
...
006 (432537.000.000) 05/17 13:56:50 Image size of job updated: 3856864
	3752  -  MemoryUsage of job (MB)
	3841936  -  ResidentSetSize of job (KB)
...
006 (432537.000.000) 05/17 14:01:51 Image size of job updated: 4482460
	4363  -  MemoryUsage of job (MB)
	4467128  -  ResidentSetSize of job (KB)
...
006 (432537.000.000) 05/17 14:06:51 Image size of job updated: 4482460
	4363  -  MemoryUsage of job (MB)
	4467140  -  ResidentSetSize of job (KB)
...
006 (432537.000.000) 05/17 14:11:52 Image size of job updated: 4664988
	4535  -  MemoryUsage of job (MB)
	4643276  -  ResidentSetSize of job (KB)
...
006 (432537.000.000) 05/17 14:16:53 Image size of job updated: 5928852
	5763  -  MemoryUsage of job (MB)
	5900304  -  ResidentSetSize of job (KB)
...
006 (432537.000.000) 05/17 14:21:53 Image size of job updated: 5928852
	5763  -  MemoryUsage of job (MB)
	5900320  -  ResidentSetSize of job (KB)
...
006 (432537.000.000) 05/17 14:26:54 Image size of job updated: 6121684
	5953  -  MemoryUsage of job (MB)
	6095316  -  ResidentSetSize of job (KB)
...
006 (432537.000.000) 05/17 14:31:54 Image size of job updated: 6121684
	5953  -  MemoryUsage of job (MB)
	6095332  -  ResidentSetSize of job (KB)
...
006 (432537.000.000) 05/17 14:36:54 Image size of job updated: 7117560
	6912  -  MemoryUsage of job (MB)
	7077852  -  ResidentSetSize of job (KB)
...
006 (432537.000.000) 05/17 14:41:55 Image size of job updated: 7124092
	6912  -  MemoryUsage of job (MB)
	7077852  -  ResidentSetSize of job (KB)
...
006 (432537.000.000) 05/17 14:46:55 Image size of job updated: 7926296
	7681  -  MemoryUsage of job (MB)
	7865316  -  ResidentSetSize of job (KB)
...
006 (432537.000.000) 05/17 14:51:56 Image size of job updated: 8114796
	7855  -  MemoryUsage of job (MB)
	8043432  -  ResidentSetSize of job (KB)
...
006 (432537.000.000) 05/17 15:06:59 Image size of job updated: 8519188
	8150  -  MemoryUsage of job (MB)
	8344708  -  ResidentSetSize of job (KB)
...
006 (432537.000.000) 05/17 15:11:59 Image size of job updated: 9787832
	9350  -  MemoryUsage of job (MB)
	9574256  -  ResidentSetSize of job (KB)
...
006 (432537.000.000) 05/17 15:16:59 Image size of job updated: 10107436
	9648  -  MemoryUsage of job (MB)
	9879188  -  ResidentSetSize of job (KB)
...
006 (432537.000.000) 05/17 15:27:00 Image size of job updated: 10197160
	9648  -  MemoryUsage of job (MB)
	9879188  -  ResidentSetSize of job (KB)
...
006 (432537.000.000) 05/17 15:32:00 Image size of job updated: 10594876
	9942  -  MemoryUsage of job (MB)
	10180012  -  ResidentSetSize of job (KB)
...
006 (432537.000.000) 05/17 15:42:01 Image size of job updated: 11410588
	10740  -  MemoryUsage of job (MB)
	10997148  -  ResidentSetSize of job (KB)
...
006 (432537.000.000) 05/17 15:47:02 Image size of job updated: 11410588
	10740  -  MemoryUsage of job (MB)
	10997164  -  ResidentSetSize of job (KB)
...
006 (432537.000.000) 05/17 15:52:03 Image size of job updated: 12371752
	11596  -  MemoryUsage of job (MB)
	11873340  -  ResidentSetSize of job (KB)
...
006 (432537.000.000) 05/17 15:57:03 Image size of job updated: 12403904
	11596  -  MemoryUsage of job (MB)
	11873356  -  ResidentSetSize of job (KB)
...
006 (432537.000.000) 05/17 16:02:05 Image size of job updated: 12630240
	11689  -  MemoryUsage of job (MB)
	11969048  -  ResidentSetSize of job (KB)
...
006 (432537.000.000) 05/17 16:07:05 Image size of job updated: 12859972
	11900  -  MemoryUsage of job (MB)
	12184676  -  ResidentSetSize of job (KB)
...
006 (432537.000.000) 05/17 16:12:05 Image size of job updated: 14120264
	13120  -  MemoryUsage of job (MB)
	13434072  -  ResidentSetSize of job (KB)
...
006 (432537.000.000) 05/17 16:17:06 Image size of job updated: 14120264
	13120  -  MemoryUsage of job (MB)
	13434088  -  ResidentSetSize of job (KB)
...
006 (432537.000.000) 05/17 16:22:06 Image size of job updated: 14983344
	13839  -  MemoryUsage of job (MB)
	14170404  -  ResidentSetSize of job (KB)
...
006 (432537.000.000) 05/17 16:27:06 Image size of job updated: 15525160
	14326  -  MemoryUsage of job (MB)
	14668888  -  ResidentSetSize of job (KB)
...
006 (432537.000.000) 05/17 16:32:07 Image size of job updated: 15525160
	14574  -  MemoryUsage of job (MB)
	14923464  -  ResidentSetSize of job (KB)
...
006 (432537.000.000) 05/17 16:37:07 Image size of job updated: 15758112
	14992  -  MemoryUsage of job (MB)
	15351420  -  ResidentSetSize of job (KB)
...
006 (432537.000.000) 05/17 16:42:07 Image size of job updated: 16057208
	15257  -  MemoryUsage of job (MB)
	15622280  -  ResidentSetSize of job (KB)
...
006 (432537.000.000) 05/17 16:47:08 Image size of job updated: 16959172
	16051  -  MemoryUsage of job (MB)
	16435556  -  ResidentSetSize of job (KB)
...
006 (432537.000.000) 05/17 16:52:08 Image size of job updated: 17142688
	16166  -  MemoryUsage of job (MB)
	16553932  -  ResidentSetSize of job (KB)
...
006 (432537.000.000) 05/17 16:57:08 Image size of job updated: 17438424
	16396  -  MemoryUsage of job (MB)
	16789144  -  ResidentSetSize of job (KB)
...
006 (432537.000.000) 05/17 17:02:09 Image size of job updated: 17696476
	16591  -  MemoryUsage of job (MB)
	16988716  -  ResidentSetSize of job (KB)
...
006 (432537.000.000) 05/17 17:07:09 Image size of job updated: 18012040
	16899  -  MemoryUsage of job (MB)
	17304360  -  ResidentSetSize of job (KB)
...
006 (432537.000.000) 05/17 17:12:10 Image size of job updated: 18591860
	17466  -  MemoryUsage of job (MB)
	17884184  -  ResidentSetSize of job (KB)
...
006 (432537.000.000) 05/17 17:17:11 Image size of job updated: 19431876
	18286  -  MemoryUsage of job (MB)
	18724204  -  ResidentSetSize of job (KB)
...
006 (432537.000.000) 05/17 17:27:12 Image size of job updated: 20205064
	19041  -  MemoryUsage of job (MB)
	19497396  -  ResidentSetSize of job (KB)
...
006 (432537.000.000) 05/17 17:32:13 Image size of job updated: 20405132
	19700  -  MemoryUsage of job (MB)
	20172780  -  ResidentSetSize of job (KB)
...
006 (432537.000.000) 05/17 18:57:23 Image size of job updated: 20811592
	19700  -  MemoryUsage of job (MB)
	20172780  -  ResidentSetSize of job (KB)
...
006 (432537.000.000) 05/17 19:02:23 Image size of job updated: 21389940
	19700  -  MemoryUsage of job (MB)
	20172780  -  ResidentSetSize of job (KB)
...
006 (432537.000.000) 05/17 19:07:24 Image size of job updated: 21649652
	19700  -  MemoryUsage of job (MB)
	20172780  -  ResidentSetSize of job (KB)
...
006 (432537.000.000) 05/17 19:12:24 Image size of job updated: 21995412
	19700  -  MemoryUsage of job (MB)
	20172780  -  ResidentSetSize of job (KB)
...
006 (432537.000.000) 05/17 19:17:25 Image size of job updated: 22563748
	19700  -  MemoryUsage of job (MB)
	20172780  -  ResidentSetSize of job (KB)
...
006 (432537.000.000) 05/17 19:22:26 Image size of job updated: 23142636
	19700  -  MemoryUsage of job (MB)
	20172780  -  ResidentSetSize of job (KB)
...
006 (432537.000.000) 05/17 19:27:26 Image size of job updated: 23483052
	19700  -  MemoryUsage of job (MB)
	20172780  -  ResidentSetSize of job (KB)
...
006 (432537.000.000) 05/17 19:32:27 Image size of job updated: 24352836
	19700  -  MemoryUsage of job (MB)
	20172780  -  ResidentSetSize of job (KB)
...
006 (432537.000.000) 05/17 19:37:28 Image size of job updated: 24481084
	19700  -  MemoryUsage of job (MB)
	20172780  -  ResidentSetSize of job (KB)
...
006 (432537.000.000) 05/17 19:42:28 Image size of job updated: 24998048
	19700  -  MemoryUsage of job (MB)
	20172780  -  ResidentSetSize of job (KB)
...
006 (432537.000.000) 05/17 19:47:30 Image size of job updated: 25790492
	19700  -  MemoryUsage of job (MB)
	20172780  -  ResidentSetSize of job (KB)
...
006 (432537.000.000) 05/17 19:52:30 Image size of job updated: 26191096
	19901  -  MemoryUsage of job (MB)
	20377920  -  ResidentSetSize of job (KB)
...
006 (432537.000.000) 05/17 19:57:30 Image size of job updated: 26743020
	20381  -  MemoryUsage of job (MB)
	20869708  -  ResidentSetSize of job (KB)
...
006 (432537.000.000) 05/17 20:02:31 Image size of job updated: 27094772
	20617  -  MemoryUsage of job (MB)
	21111376  -  ResidentSetSize of job (KB)
...
006 (432537.000.000) 05/17 20:07:31 Image size of job updated: 27711488
	20913  -  MemoryUsage of job (MB)
	21414468  -  ResidentSetSize of job (KB)
...
006 (432537.000.000) 05/17 20:12:31 Image size of job updated: 28305636
	21190  -  MemoryUsage of job (MB)
	21698544  -  ResidentSetSize of job (KB)
...
006 (432537.000.000) 05/17 20:17:32 Image size of job updated: 28446532
	21437  -  MemoryUsage of job (MB)
	21951356  -  ResidentSetSize of job (KB)
...
005 (432537.000.000) 05/18 02:12:00 Job terminated.
	(1) Normal termination (return value 0)
		Usr 0 10:25:58, Sys 0 00:27:24  -  Run Remote Usage
		Usr 0 00:00:00, Sys 0 00:00:00  -  Run Local Usage
		Usr 0 10:25:58, Sys 0 00:27:24  -  Total Remote Usage
		Usr 0 00:00:00, Sys 0 00:00:00  -  Total Local Usage
	491890  -  Run Bytes Sent By Job
	206  -  Run Bytes Received By Job
	491890  -  Total Bytes Sent By Job
	206  -  Total Bytes Received By Job
	Partitionable Resources :    Usage  Request Allocated 
	   Cpus                 :     0.94        1         1 
	   Disk (KB)            :   497           1    821995 
	   Memory (MB)          : 21437       51200     51200 
...
000 (440732.000.000) 05/23 15:13:07 Job submitted from host: <172.20.203.50:9618?addrs=172.20.203.50-9618&noUDP&sock=1508097_aeae_4>
...
001 (440732.000.000) 05/24 15:56:44 Job executing on host: <10.194.1.102:9618?addrs=10.194.1.102-9618&noUDP&sock=2792_a882_88>
...
006 (440732.000.000) 05/24 15:56:52 Image size of job updated: 48180
	48  -  MemoryUsage of job (MB)
	48180  -  ResidentSetSize of job (KB)
...
006 (440732.000.000) 05/24 16:01:53 Image size of job updated: 1085980
	1061  -  MemoryUsage of job (MB)
	1085980  -  ResidentSetSize of job (KB)
...
006 (440732.000.000) 05/24 16:06:54 Image size of job updated: 1661736
	1623  -  MemoryUsage of job (MB)
	1661736  -  ResidentSetSize of job (KB)
...
006 (440732.000.000) 05/24 16:11:54 Image size of job updated: 2251816
	2200  -  MemoryUsage of job (MB)
	2251816  -  ResidentSetSize of job (KB)
...
006 (440732.000.000) 05/24 16:16:55 Image size of job updated: 2310736
	2257  -  MemoryUsage of job (MB)
	2310736  -  ResidentSetSize of job (KB)
...
006 (440732.000.000) 05/24 16:21:56 Image size of job updated: 2361736
	2307  -  MemoryUsage of job (MB)
	2361736  -  ResidentSetSize of job (KB)
...
006 (440732.000.000) 05/24 16:26:56 Image size of job updated: 3366664
	3288  -  MemoryUsage of job (MB)
	3366664  -  ResidentSetSize of job (KB)
...
006 (440732.000.000) 05/24 16:36:58 Image size of job updated: 3655716
	3569  -  MemoryUsage of job (MB)
	3654180  -  ResidentSetSize of job (KB)
...
006 (440732.000.000) 05/24 16:41:58 Image size of job updated: 4582264
	4471  -  MemoryUsage of job (MB)
	4577912  -  ResidentSetSize of job (KB)
...
006 (440732.000.000) 05/24 16:46:59 Image size of job updated: 4692472
	4569  -  MemoryUsage of job (MB)
	4678036  -  ResidentSetSize of job (KB)
...
006 (440732.000.000) 05/24 16:51:59 Image size of job updated: 4734180
	4587  -  MemoryUsage of job (MB)
	4696756  -  ResidentSetSize of job (KB)
...
006 (440732.000.000) 05/24 16:57:00 Image size of job updated: 5913992
	5712  -  MemoryUsage of job (MB)
	5848456  -  ResidentSetSize of job (KB)
...
006 (440732.000.000) 05/24 17:02:01 Image size of job updated: 5913992
	5712  -  MemoryUsage of job (MB)
	5848476  -  ResidentSetSize of job (KB)
...
006 (440732.000.000) 05/24 17:07:01 Image size of job updated: 6111712
	5875  -  MemoryUsage of job (MB)
	6015836  -  ResidentSetSize of job (KB)
...
006 (440732.000.000) 05/24 17:12:03 Image size of job updated: 6951532
	6695  -  MemoryUsage of job (MB)
	6854892  -  ResidentSetSize of job (KB)
...
006 (440732.000.000) 05/24 17:17:03 Image size of job updated: 7280880
	7008  -  MemoryUsage of job (MB)
	7175800  -  ResidentSetSize of job (KB)
...
006 (440732.000.000) 05/24 17:27:04 Image size of job updated: 8174632
	7839  -  MemoryUsage of job (MB)
	8026352  -  ResidentSetSize of job (KB)
...
006 (440732.000.000) 05/24 17:32:04 Image size of job updated: 8438728
	8175  -  MemoryUsage of job (MB)
	8370368  -  ResidentSetSize of job (KB)
...
006 (440732.000.000) 05/24 17:42:06 Image size of job updated: 8660572
	8364  -  MemoryUsage of job (MB)
	8563924  -  ResidentSetSize of job (KB)
...
006 (440732.000.000) 05/24 17:47:06 Image size of job updated: 9336104
	9015  -  MemoryUsage of job (MB)
	9230500  -  ResidentSetSize of job (KB)
...
006 (440732.000.000) 05/24 17:52:07 Image size of job updated: 9919404
	9580  -  MemoryUsage of job (MB)
	9809832  -  ResidentSetSize of job (KB)
...
006 (440732.000.000) 05/24 17:57:07 Image size of job updated: 9995800
	9646  -  MemoryUsage of job (MB)
	9877016  -  ResidentSetSize of job (KB)
...
006 (440732.000.000) 05/24 18:02:07 Image size of job updated: 10812972
	10434  -  MemoryUsage of job (MB)
	10684032  -  ResidentSetSize of job (KB)
...
006 (440732.000.000) 05/24 18:07:08 Image size of job updated: 11052088
	10645  -  MemoryUsage of job (MB)
	10899576  -  ResidentSetSize of job (KB)
...
006 (440732.000.000) 05/24 18:12:08 Image size of job updated: 11111076
	10709  -  MemoryUsage of job (MB)
	10965808  -  ResidentSetSize of job (KB)
...
006 (440732.000.000) 05/24 18:17:09 Image size of job updated: 11890216
	11407  -  MemoryUsage of job (MB)
	11680676  -  ResidentSetSize of job (KB)
...
006 (440732.000.000) 05/24 18:22:10 Image size of job updated: 12102632
	11588  -  MemoryUsage of job (MB)
	11865256  -  ResidentSetSize of job (KB)
...
006 (440732.000.000) 05/24 18:27:10 Image size of job updated: 12379136
	11825  -  MemoryUsage of job (MB)
	12108384  -  ResidentSetSize of job (KB)
...
006 (440732.000.000) 05/24 18:32:11 Image size of job updated: 12896220
	12305  -  MemoryUsage of job (MB)
	12600160  -  ResidentSetSize of job (KB)
...
006 (440732.000.000) 05/24 18:37:11 Image size of job updated: 13771124
	13145  -  MemoryUsage of job (MB)
	13460028  -  ResidentSetSize of job (KB)
...
006 (440732.000.000) 05/24 18:42:11 Image size of job updated: 13771124
	13145  -  MemoryUsage of job (MB)
	13460040  -  ResidentSetSize of job (KB)
...
006 (440732.000.000) 05/24 18:47:12 Image size of job updated: 14505560
	13850  -  MemoryUsage of job (MB)
	14182108  -  ResidentSetSize of job (KB)
...
006 (440732.000.000) 05/24 18:52:12 Image size of job updated: 14630676
	13969  -  MemoryUsage of job (MB)
	14303480  -  ResidentSetSize of job (KB)
...
006 (440732.000.000) 05/24 18:57:12 Image size of job updated: 14822520
	14219  -  MemoryUsage of job (MB)
	14559908  -  ResidentSetSize of job (KB)
...
006 (440732.000.000) 05/24 19:02:13 Image size of job updated: 15470900
	14852  -  MemoryUsage of job (MB)
	15208168  -  ResidentSetSize of job (KB)
...
006 (440732.000.000) 05/24 19:07:13 Image size of job updated: 16419208
	15733  -  MemoryUsage of job (MB)
	16110252  -  ResidentSetSize of job (KB)
...
006 (440732.000.000) 05/24 19:12:14 Image size of job updated: 16419208
	15733  -  MemoryUsage of job (MB)
	16110288  -  ResidentSetSize of job (KB)
...
006 (440732.000.000) 05/24 19:17:15 Image size of job updated: 17422704
	16693  -  MemoryUsage of job (MB)
	17093300  -  ResidentSetSize of job (KB)
...
006 (440732.000.000) 05/24 19:22:15 Image size of job updated: 17422704
	16693  -  MemoryUsage of job (MB)
	17093380  -  ResidentSetSize of job (KB)
...
006 (440732.000.000) 05/24 19:32:17 Image size of job updated: 18711720
	17896  -  MemoryUsage of job (MB)
	18324536  -  ResidentSetSize of job (KB)
...
006 (440732.000.000) 05/24 19:37:17 Image size of job updated: 18954912
	18122  -  MemoryUsage of job (MB)
	18556808  -  ResidentSetSize of job (KB)
...
006 (440732.000.000) 05/24 19:42:18 Image size of job updated: 19216608
	18373  -  MemoryUsage of job (MB)
	18813272  -  ResidentSetSize of job (KB)
...
006 (440732.000.000) 05/24 19:47:18 Image size of job updated: 19253352
	18396  -  MemoryUsage of job (MB)
	18837200  -  ResidentSetSize of job (KB)
...
006 (440732.000.000) 05/24 19:52:18 Image size of job updated: 20191832
	19291  -  MemoryUsage of job (MB)
	19752996  -  ResidentSetSize of job (KB)
...
006 (440732.000.000) 05/24 19:57:19 Image size of job updated: 20391248
	19829  -  MemoryUsage of job (MB)
	20303956  -  ResidentSetSize of job (KB)
...
006 (440732.000.000) 05/24 21:22:28 Image size of job updated: 20523164
	19829  -  MemoryUsage of job (MB)
	20303956  -  ResidentSetSize of job (KB)
...
006 (440732.000.000) 05/24 21:27:28 Image size of job updated: 21122272
	20363  -  MemoryUsage of job (MB)
	20851376  -  ResidentSetSize of job (KB)
...
006 (440732.000.000) 05/24 21:32:29 Image size of job updated: 21475556
	20694  -  MemoryUsage of job (MB)
	21190212  -  ResidentSetSize of job (KB)
...
006 (440732.000.000) 05/24 21:37:29 Image size of job updated: 22224348
	21400  -  MemoryUsage of job (MB)
	21912920  -  ResidentSetSize of job (KB)
...
006 (440732.000.000) 05/24 21:42:30 Image size of job updated: 22647448
	21858  -  MemoryUsage of job (MB)
	22382136  -  ResidentSetSize of job (KB)
...
006 (440732.000.000) 05/24 21:47:31 Image size of job updated: 23151800
	22321  -  MemoryUsage of job (MB)
	22856508  -  ResidentSetSize of job (KB)
...
006 (440732.000.000) 05/24 21:52:31 Image size of job updated: 23322708
	22465  -  MemoryUsage of job (MB)
	23003992  -  ResidentSetSize of job (KB)
...
006 (440732.000.000) 05/24 21:57:32 Image size of job updated: 24020244
	23123  -  MemoryUsage of job (MB)
	23677844  -  ResidentSetSize of job (KB)
...
006 (440732.000.000) 05/24 22:02:33 Image size of job updated: 24322636
	23394  -  MemoryUsage of job (MB)
	23954676  -  ResidentSetSize of job (KB)
...
006 (440732.000.000) 05/24 22:07:33 Image size of job updated: 24809152
	23841  -  MemoryUsage of job (MB)
	24412312  -  ResidentSetSize of job (KB)
...
006 (440732.000.000) 05/24 22:12:34 Image size of job updated: 25702512
	24691  -  MemoryUsage of job (MB)
	25283292  -  ResidentSetSize of job (KB)
...
006 (440732.000.000) 05/24 22:17:34 Image size of job updated: 26139368
	25092  -  MemoryUsage of job (MB)
	25693756  -  ResidentSetSize of job (KB)
...
006 (440732.000.000) 05/24 22:22:35 Image size of job updated: 26369784
	25165  -  MemoryUsage of job (MB)
	25768668  -  ResidentSetSize of job (KB)
...
006 (440732.000.000) 05/24 22:27:36 Image size of job updated: 27154140
	25165  -  MemoryUsage of job (MB)
	25768668  -  ResidentSetSize of job (KB)
...
006 (440732.000.000) 05/24 22:32:36 Image size of job updated: 27780456
	25525  -  MemoryUsage of job (MB)
	26137064  -  ResidentSetSize of job (KB)
...
006 (440732.000.000) 05/24 22:37:37 Image size of job updated: 28019388
	25525  -  MemoryUsage of job (MB)
	26137064  -  ResidentSetSize of job (KB)
...
006 (440732.000.000) 05/24 22:42:38 Image size of job updated: 28280220
	25525  -  MemoryUsage of job (MB)
	26137064  -  ResidentSetSize of job (KB)
...
005 (440732.000.000) 05/25 04:35:05 Job terminated.
	(1) Normal termination (return value 0)
		Usr 0 10:24:35, Sys 0 00:28:05  -  Run Remote Usage
		Usr 0 00:00:00, Sys 0 00:00:00  -  Run Local Usage
		Usr 0 10:24:35, Sys 0 00:28:05  -  Total Remote Usage
		Usr 0 00:00:00, Sys 0 00:00:00  -  Total Local Usage
	480293  -  Run Bytes Sent By Job
	206  -  Run Bytes Received By Job
	480293  -  Total Bytes Sent By Job
	206  -  Total Bytes Received By Job
	Partitionable Resources :    Usage  Request Allocated 
	   Cpus                 :     0.72        1         1 
	   Disk (KB)            :   485           1    821995 
	   Memory (MB)          : 25525       51200     51200 
...
000 (456361.000.000) 06/07 20:38:01 Job submitted from host: <172.20.203.50:9618?addrs=172.20.203.50-9618&noUDP&sock=1508097_aeae_4>
...
001 (456361.000.000) 06/08 16:34:22 Job executing on host: <10.194.1.4:9618?addrs=10.194.1.4-9618+[--1]-9618&noUDP&sock=11079_d9d8_3>
...
006 (456361.000.000) 06/08 16:34:31 Image size of job updated: 48172
	48  -  MemoryUsage of job (MB)
	48164  -  ResidentSetSize of job (KB)
...
006 (456361.000.000) 06/08 16:39:32 Image size of job updated: 536176
	524  -  MemoryUsage of job (MB)
	536160  -  ResidentSetSize of job (KB)
...
006 (456361.000.000) 06/08 16:44:32 Image size of job updated: 1431588
	1399  -  MemoryUsage of job (MB)
	1431572  -  ResidentSetSize of job (KB)
...
006 (456361.000.000) 06/08 16:49:32 Image size of job updated: 1431588
	1399  -  MemoryUsage of job (MB)
	1431584  -  ResidentSetSize of job (KB)
...
006 (456361.000.000) 06/08 16:54:34 Image size of job updated: 2371368
	2316  -  MemoryUsage of job (MB)
	2371360  -  ResidentSetSize of job (KB)
...
006 (456361.000.000) 06/08 17:04:34 Image size of job updated: 3135592
	3063  -  MemoryUsage of job (MB)
	3135584  -  ResidentSetSize of job (KB)
...
006 (456361.000.000) 06/08 17:09:35 Image size of job updated: 3471132
	3390  -  MemoryUsage of job (MB)
	3471124  -  ResidentSetSize of job (KB)
...
006 (456361.000.000) 06/08 17:14:36 Image size of job updated: 3471132
	3390  -  MemoryUsage of job (MB)
	3471128  -  ResidentSetSize of job (KB)
...
006 (456361.000.000) 06/08 17:19:36 Image size of job updated: 4046464
	3952  -  MemoryUsage of job (MB)
	4046456  -  ResidentSetSize of job (KB)
...
006 (456361.000.000) 06/08 17:24:36 Image size of job updated: 4672904
	4564  -  MemoryUsage of job (MB)
	4672896  -  ResidentSetSize of job (KB)
...
006 (456361.000.000) 06/08 17:29:37 Image size of job updated: 4672904
	4564  -  MemoryUsage of job (MB)
	4672908  -  ResidentSetSize of job (KB)
...
006 (456361.000.000) 06/08 17:34:38 Image size of job updated: 4951472
	4836  -  MemoryUsage of job (MB)
	4951464  -  ResidentSetSize of job (KB)
...
006 (456361.000.000) 06/08 17:39:38 Image size of job updated: 5039252
	4920  -  MemoryUsage of job (MB)
	5037480  -  ResidentSetSize of job (KB)
...
006 (456361.000.000) 06/08 17:44:38 Image size of job updated: 5371024
	5244  -  MemoryUsage of job (MB)
	5369252  -  ResidentSetSize of job (KB)
...
006 (456361.000.000) 06/08 17:49:39 Image size of job updated: 6772500
	6593  -  MemoryUsage of job (MB)
	6750616  -  ResidentSetSize of job (KB)
...
006 (456361.000.000) 06/08 17:54:39 Image size of job updated: 6772500
	6594  -  MemoryUsage of job (MB)
	6752104  -  ResidentSetSize of job (KB)
...
006 (456361.000.000) 06/08 18:04:39 Image size of job updated: 7371684
	6869  -  MemoryUsage of job (MB)
	7033564  -  ResidentSetSize of job (KB)
...
006 (456361.000.000) 06/08 18:09:40 Image size of job updated: 7371684
	6869  -  MemoryUsage of job (MB)
	7033580  -  ResidentSetSize of job (KB)
...
006 (456361.000.000) 06/08 18:14:41 Image size of job updated: 7428904
	6869  -  MemoryUsage of job (MB)
	7033580  -  ResidentSetSize of job (KB)
...
006 (456361.000.000) 06/08 18:19:41 Image size of job updated: 8090084
	7420  -  MemoryUsage of job (MB)
	7597480  -  ResidentSetSize of job (KB)
...
006 (456361.000.000) 06/08 18:24:41 Image size of job updated: 8309280
	7420  -  MemoryUsage of job (MB)
	7597480  -  ResidentSetSize of job (KB)
...
006 (456361.000.000) 06/08 18:29:43 Image size of job updated: 8668340
	7420  -  MemoryUsage of job (MB)
	7597480  -  ResidentSetSize of job (KB)
...
006 (456361.000.000) 06/08 18:34:43 Image size of job updated: 8843128
	7420  -  MemoryUsage of job (MB)
	7597480  -  ResidentSetSize of job (KB)
...
006 (456361.000.000) 06/08 18:39:43 Image size of job updated: 9086108
	7529  -  MemoryUsage of job (MB)
	7708928  -  ResidentSetSize of job (KB)
...
006 (456361.000.000) 06/08 18:44:44 Image size of job updated: 9602400
	7911  -  MemoryUsage of job (MB)
	8100252  -  ResidentSetSize of job (KB)
...
006 (456361.000.000) 06/08 18:49:45 Image size of job updated: 9932936
	8142  -  MemoryUsage of job (MB)
	8336616  -  ResidentSetSize of job (KB)
...
006 (456361.000.000) 06/08 18:54:45 Image size of job updated: 10559232
	8578  -  MemoryUsage of job (MB)
	8783164  -  ResidentSetSize of job (KB)
...
006 (456361.000.000) 06/08 18:59:45 Image size of job updated: 11065176
	8996  -  MemoryUsage of job (MB)
	9211528  -  ResidentSetSize of job (KB)
...
006 (456361.000.000) 06/08 19:04:46 Image size of job updated: 11184572
	9191  -  MemoryUsage of job (MB)
	9411200  -  ResidentSetSize of job (KB)
...
006 (456361.000.000) 06/08 19:09:47 Image size of job updated: 11931396
	9755  -  MemoryUsage of job (MB)
	9988516  -  ResidentSetSize of job (KB)
...
006 (456361.000.000) 06/08 19:14:47 Image size of job updated: 12224700
	9864  -  MemoryUsage of job (MB)
	10100016  -  ResidentSetSize of job (KB)
...
006 (456361.000.000) 06/08 19:19:47 Image size of job updated: 12807396
	10339  -  MemoryUsage of job (MB)
	10586652  -  ResidentSetSize of job (KB)
...
006 (456361.000.000) 06/08 19:24:48 Image size of job updated: 12815800
	10339  -  MemoryUsage of job (MB)
	10586652  -  ResidentSetSize of job (KB)
...
006 (456361.000.000) 06/08 19:29:49 Image size of job updated: 12873348
	10339  -  MemoryUsage of job (MB)
	10586652  -  ResidentSetSize of job (KB)
...
006 (456361.000.000) 06/08 19:34:49 Image size of job updated: 13945296
	11266  -  MemoryUsage of job (MB)
	11536208  -  ResidentSetSize of job (KB)
...
006 (456361.000.000) 06/08 19:39:50 Image size of job updated: 14307400
	11548  -  MemoryUsage of job (MB)
	11824760  -  ResidentSetSize of job (KB)
...
006 (456361.000.000) 06/08 19:49:51 Image size of job updated: 14654396
	11674  -  MemoryUsage of job (MB)
	11953716  -  ResidentSetSize of job (KB)
...
006 (456361.000.000) 06/08 19:54:51 Image size of job updated: 14774848
	11724  -  MemoryUsage of job (MB)
	12004940  -  ResidentSetSize of job (KB)
...
006 (456361.000.000) 06/08 19:59:52 Image size of job updated: 15242892
	13347  -  MemoryUsage of job (MB)
	13666636  -  ResidentSetSize of job (KB)
...
006 (456361.000.000) 06/08 20:04:52 Image size of job updated: 15691628
	13552  -  MemoryUsage of job (MB)
	13876720  -  ResidentSetSize of job (KB)
...
006 (456361.000.000) 06/08 20:09:52 Image size of job updated: 15780012
	13552  -  MemoryUsage of job (MB)
	13876736  -  ResidentSetSize of job (KB)
...
006 (456361.000.000) 06/08 20:14:53 Image size of job updated: 16743420
	14267  -  MemoryUsage of job (MB)
	14608740  -  ResidentSetSize of job (KB)
...
006 (456361.000.000) 06/08 20:19:54 Image size of job updated: 16743420
	14267  -  MemoryUsage of job (MB)
	14608744  -  ResidentSetSize of job (KB)
...
006 (456361.000.000) 06/08 20:24:54 Image size of job updated: 16939096
	14267  -  MemoryUsage of job (MB)
	14608744  -  ResidentSetSize of job (KB)
...
006 (456361.000.000) 06/08 20:29:54 Image size of job updated: 17481552
	14647  -  MemoryUsage of job (MB)
	14998124  -  ResidentSetSize of job (KB)
...
006 (456361.000.000) 06/08 20:34:55 Image size of job updated: 17711444
	14746  -  MemoryUsage of job (MB)
	15099388  -  ResidentSetSize of job (KB)
...
006 (456361.000.000) 06/08 20:39:56 Image size of job updated: 18130044
	15137  -  MemoryUsage of job (MB)
	15499408  -  ResidentSetSize of job (KB)
...
006 (456361.000.000) 06/08 20:44:56 Image size of job updated: 18792416
	15685  -  MemoryUsage of job (MB)
	16060940  -  ResidentSetSize of job (KB)
...
006 (456361.000.000) 06/08 20:49:57 Image size of job updated: 18857992
	15685  -  MemoryUsage of job (MB)
	16060944  -  ResidentSetSize of job (KB)
...
006 (456361.000.000) 06/08 20:54:58 Image size of job updated: 19949416
	16565  -  MemoryUsage of job (MB)
	16961600  -  ResidentSetSize of job (KB)
...
006 (456361.000.000) 06/08 21:04:58 Image size of job updated: 20072524
	16566  -  MemoryUsage of job (MB)
	16962908  -  ResidentSetSize of job (KB)
...
006 (456361.000.000) 06/08 21:09:59 Image size of job updated: 20072524
	17335  -  MemoryUsage of job (MB)
	17750324  -  ResidentSetSize of job (KB)
...
006 (456361.000.000) 06/08 21:15:00 Image size of job updated: 33789296
	26553  -  MemoryUsage of job (MB)
	27189348  -  ResidentSetSize of job (KB)
...
006 (456361.000.000) 06/08 21:20:00 Image size of job updated: 33789296
	26553  -  MemoryUsage of job (MB)
	27189468  -  ResidentSetSize of job (KB)
...
005 (456361.000.000) 06/09 08:53:17 Job terminated.
	(1) Normal termination (return value 0)
		Usr 0 13:32:28, Sys 0 00:33:29  -  Run Remote Usage
		Usr 0 00:00:00, Sys 0 00:00:00  -  Run Local Usage
		Usr 0 13:32:28, Sys 0 00:33:29  -  Total Remote Usage
		Usr 0 00:00:00, Sys 0 00:00:00  -  Total Local Usage
	491574  -  Run Bytes Sent By Job
	206  -  Run Bytes Received By Job
	491574  -  Total Bytes Sent By Job
	206  -  Total Bytes Received By Job
	Partitionable Resources :    Usage  Request Allocated 
	   Cpus                 :                 1         1 
	   Disk (KB)            :      500        1   4449816 
	   Memory (MB)          :    26553    51200     51200 
...
