000 (429955.000.000) 05/15 10:08:09 Job submitted from host: <172.20.203.50:9618?addrs=172.20.203.50-9618&noUDP&sock=1508097_aeae_4>
...
001 (429955.000.000) 05/15 10:08:30 Job executing on host: <10.194.1.6:9618?addrs=10.194.1.6-9618+[--1]-9618&noUDP&sock=13347_82a4_3>
...
006 (429955.000.000) 05/15 10:08:38 Image size of job updated: 61544
	50  -  MemoryUsage of job (MB)
	50448  -  ResidentSetSize of job (KB)
...
006 (429955.000.000) 05/15 10:13:38 Image size of job updated: 1039624
	1005  -  MemoryUsage of job (MB)
	1028140  -  ResidentSetSize of job (KB)
...
006 (429955.000.000) 05/15 10:18:39 Image size of job updated: 1727928
	1677  -  MemoryUsage of job (MB)
	1716444  -  ResidentSetSize of job (KB)
...
006 (429955.000.000) 05/15 10:23:40 Image size of job updated: 1915748
	1860  -  MemoryUsage of job (MB)
	1904264  -  ResidentSetSize of job (KB)
...
006 (429955.000.000) 05/15 10:28:40 Image size of job updated: 2420936
	2353  -  MemoryUsage of job (MB)
	2409452  -  ResidentSetSize of job (KB)
...
006 (429955.000.000) 05/15 10:33:40 Image size of job updated: 2454612
	2386  -  MemoryUsage of job (MB)
	2443128  -  ResidentSetSize of job (KB)
...
006 (429955.000.000) 05/15 10:38:41 Image size of job updated: 3575108
	3481  -  MemoryUsage of job (MB)
	3563624  -  ResidentSetSize of job (KB)
...
006 (429955.000.000) 05/15 10:43:41 Image size of job updated: 3824016
	3716  -  MemoryUsage of job (MB)
	3804600  -  ResidentSetSize of job (KB)
...
006 (429955.000.000) 05/15 10:48:41 Image size of job updated: 4184360
	4060  -  MemoryUsage of job (MB)
	4157128  -  ResidentSetSize of job (KB)
...
006 (429955.000.000) 05/15 10:53:43 Image size of job updated: 4651928
	4500  -  MemoryUsage of job (MB)
	4607228  -  ResidentSetSize of job (KB)
...
006 (429955.000.000) 05/15 10:58:43 Image size of job updated: 5214896
	5035  -  MemoryUsage of job (MB)
	5154984  -  ResidentSetSize of job (KB)
...
006 (429955.000.000) 05/15 11:03:43 Image size of job updated: 6139028
	5910  -  MemoryUsage of job (MB)
	6050920  -  ResidentSetSize of job (KB)
...
006 (429955.000.000) 05/15 11:08:44 Image size of job updated: 6170388
	5953  -  MemoryUsage of job (MB)
	6094928  -  ResidentSetSize of job (KB)
...
006 (429955.000.000) 05/15 11:13:45 Image size of job updated: 6717988
	6434  -  MemoryUsage of job (MB)
	6587608  -  ResidentSetSize of job (KB)
...
006 (429955.000.000) 05/15 11:18:45 Image size of job updated: 6905172
	6575  -  MemoryUsage of job (MB)
	6732760  -  ResidentSetSize of job (KB)
...
006 (429955.000.000) 05/15 11:23:46 Image size of job updated: 7834800
	7401  -  MemoryUsage of job (MB)
	7577884  -  ResidentSetSize of job (KB)
...
006 (429955.000.000) 05/15 11:28:47 Image size of job updated: 7834800
	7442  -  MemoryUsage of job (MB)
	7620152  -  ResidentSetSize of job (KB)
...
006 (429955.000.000) 05/15 11:33:47 Image size of job updated: 8592112
	8192  -  MemoryUsage of job (MB)
	8387636  -  ResidentSetSize of job (KB)
...
006 (429955.000.000) 05/15 11:38:47 Image size of job updated: 8974336
	8457  -  MemoryUsage of job (MB)
	8659932  -  ResidentSetSize of job (KB)
...
006 (429955.000.000) 05/15 11:43:48 Image size of job updated: 9468792
	8755  -  MemoryUsage of job (MB)
	8964688  -  ResidentSetSize of job (KB)
...
006 (429955.000.000) 05/15 11:48:48 Image size of job updated: 9801576
	8867  -  MemoryUsage of job (MB)
	9079292  -  ResidentSetSize of job (KB)
...
006 (429955.000.000) 05/15 11:53:48 Image size of job updated: 10867144
	9827  -  MemoryUsage of job (MB)
	10062660  -  ResidentSetSize of job (KB)
...
006 (429955.000.000) 05/15 12:03:50 Image size of job updated: 11631052
	10251  -  MemoryUsage of job (MB)
	10496320  -  ResidentSetSize of job (KB)
...
006 (429955.000.000) 05/15 12:08:50 Image size of job updated: 11796600
	10251  -  MemoryUsage of job (MB)
	10496320  -  ResidentSetSize of job (KB)
...
006 (429955.000.000) 05/15 12:13:50 Image size of job updated: 12112636
	10251  -  MemoryUsage of job (MB)
	10496320  -  ResidentSetSize of job (KB)
...
006 (429955.000.000) 05/15 12:18:52 Image size of job updated: 12289216
	10280  -  MemoryUsage of job (MB)
	10526180  -  ResidentSetSize of job (KB)
...
006 (429955.000.000) 05/15 12:23:52 Image size of job updated: 12876816
	10842  -  MemoryUsage of job (MB)
	11101368  -  ResidentSetSize of job (KB)
...
006 (429955.000.000) 05/15 12:28:52 Image size of job updated: 14085788
	12012  -  MemoryUsage of job (MB)
	12299900  -  ResidentSetSize of job (KB)
...
006 (429955.000.000) 05/15 12:38:54 Image size of job updated: 14276848
	12191  -  MemoryUsage of job (MB)
	12483096  -  ResidentSetSize of job (KB)
...
006 (429955.000.000) 05/15 12:43:54 Image size of job updated: 14806456
	12695  -  MemoryUsage of job (MB)
	12999016  -  ResidentSetSize of job (KB)
...
006 (429955.000.000) 05/15 12:48:55 Image size of job updated: 15254916
	14041  -  MemoryUsage of job (MB)
	14377636  -  ResidentSetSize of job (KB)
...
006 (429955.000.000) 05/15 12:53:56 Image size of job updated: 16194608
	14958  -  MemoryUsage of job (MB)
	15316864  -  ResidentSetSize of job (KB)
...
006 (429955.000.000) 05/15 12:58:56 Image size of job updated: 16412152
	15123  -  MemoryUsage of job (MB)
	15485160  -  ResidentSetSize of job (KB)
...
006 (429955.000.000) 05/15 13:03:56 Image size of job updated: 16582528
	15255  -  MemoryUsage of job (MB)
	15620652  -  ResidentSetSize of job (KB)
...
006 (429955.000.000) 05/15 13:08:57 Image size of job updated: 17059656
	15704  -  MemoryUsage of job (MB)
	16079956  -  ResidentSetSize of job (KB)
...
006 (429955.000.000) 05/15 13:13:57 Image size of job updated: 17102616
	15718  -  MemoryUsage of job (MB)
	16095084  -  ResidentSetSize of job (KB)
...
006 (429955.000.000) 05/15 13:18:57 Image size of job updated: 18185300
	16756  -  MemoryUsage of job (MB)
	17157740  -  ResidentSetSize of job (KB)
...
006 (429955.000.000) 05/15 13:23:58 Image size of job updated: 18306988
	16855  -  MemoryUsage of job (MB)
	17259500  -  ResidentSetSize of job (KB)
...
006 (429955.000.000) 05/15 13:28:59 Image size of job updated: 18710832
	17229  -  MemoryUsage of job (MB)
	17641708  -  ResidentSetSize of job (KB)
...
006 (429955.000.000) 05/15 13:33:59 Image size of job updated: 18928732
	17419  -  MemoryUsage of job (MB)
	17836696  -  ResidentSetSize of job (KB)
...
006 (429955.000.000) 05/15 13:39:00 Image size of job updated: 19669364
	18125  -  MemoryUsage of job (MB)
	18559508  -  ResidentSetSize of job (KB)
...
006 (429955.000.000) 05/15 13:44:01 Image size of job updated: 20204924
	18631  -  MemoryUsage of job (MB)
	19077240  -  ResidentSetSize of job (KB)
...
006 (429955.000.000) 05/15 13:49:01 Image size of job updated: 20405940
	19422  -  MemoryUsage of job (MB)
	19888044  -  ResidentSetSize of job (KB)
...
006 (429955.000.000) 05/15 13:54:01 Image size of job updated: 33838732
	31072  -  MemoryUsage of job (MB)
	31816936  -  ResidentSetSize of job (KB)
...
005 (429955.000.000) 05/15 16:54:52 Job terminated.
	(1) Normal termination (return value 1)
		Usr 0 05:26:48, Sys 0 00:19:44  -  Run Remote Usage
		Usr 0 00:00:00, Sys 0 00:00:00  -  Run Local Usage
		Usr 0 05:26:48, Sys 0 00:19:44  -  Total Remote Usage
		Usr 0 00:00:00, Sys 0 00:00:00  -  Total Local Usage
	42853  -  Run Bytes Sent By Job
	205  -  Run Bytes Received By Job
	42853  -  Total Bytes Sent By Job
	205  -  Total Bytes Received By Job
	Partitionable Resources :    Usage  Request Allocated 
	   Cpus                 :                 1         1 
	   Disk (KB)            :       52        1  10479080 
	   Memory (MB)          :    31072    51200     51200 
...
000 (432509.000.000) 05/16 09:06:57 Job submitted from host: <172.20.203.50:9618?addrs=172.20.203.50-9618&noUDP&sock=1508097_aeae_4>
...
001 (432509.000.000) 05/16 09:07:08 Job executing on host: <10.194.1.8:9618?addrs=10.194.1.8-9618+[--1]-9618&noUDP&sock=13314_e004_3>
...
006 (432509.000.000) 05/16 09:07:17 Image size of job updated: 76000
	52  -  MemoryUsage of job (MB)
	52876  -  ResidentSetSize of job (KB)
...
006 (432509.000.000) 05/16 09:11:12 Image size of job updated: 684616
	646  -  MemoryUsage of job (MB)
	661032  -  ResidentSetSize of job (KB)
...
004 (432509.000.000) 05/16 09:11:12 Job was evicted.
	(0) Job was not checkpointed.
		Usr 0 00:02:23, Sys 0 00:00:04  -  Run Remote Usage
		Usr 0 00:00:00, Sys 0 00:00:00  -  Run Local Usage
	0  -  Run Bytes Sent By Job
	205  -  Run Bytes Received By Job
	Partitionable Resources :    Usage  Request Allocated 
	   Cpus                 :                 1         1 
	   Disk (KB)            :       15        1  10479080 
	   Memory (MB)          :      646    51200     51200 
...
009 (432509.000.000) 05/16 09:11:12 Job was aborted by the user.
	via condor_rm (by user jnugent)
...
000 (432524.000.000) 05/16 09:14:50 Job submitted from host: <172.20.203.50:9618?addrs=172.20.203.50-9618&noUDP&sock=1508097_aeae_4>
...
001 (432524.000.000) 05/16 09:14:51 Job executing on host: <10.194.1.8:9618?addrs=10.194.1.8-9618+[--1]-9618&noUDP&sock=13314_e004_3>
...
006 (432524.000.000) 05/16 09:15:00 Image size of job updated: 446868
	437  -  MemoryUsage of job (MB)
	446868  -  ResidentSetSize of job (KB)
...
006 (432524.000.000) 05/16 09:20:01 Image size of job updated: 1239052
	1211  -  MemoryUsage of job (MB)
	1239052  -  ResidentSetSize of job (KB)
...
006 (432524.000.000) 05/16 09:25:01 Image size of job updated: 1473444
	1439  -  MemoryUsage of job (MB)
	1473444  -  ResidentSetSize of job (KB)
...
006 (432524.000.000) 05/16 09:30:01 Image size of job updated: 2284520
	2231  -  MemoryUsage of job (MB)
	2284520  -  ResidentSetSize of job (KB)
...
006 (432524.000.000) 05/16 09:35:02 Image size of job updated: 2348868
	2294  -  MemoryUsage of job (MB)
	2348868  -  ResidentSetSize of job (KB)
...
006 (432524.000.000) 05/16 09:40:02 Image size of job updated: 2985900
	2916  -  MemoryUsage of job (MB)
	2985900  -  ResidentSetSize of job (KB)
...
006 (432524.000.000) 05/16 09:45:02 Image size of job updated: 3287784
	3211  -  MemoryUsage of job (MB)
	3287784  -  ResidentSetSize of job (KB)
...
006 (432524.000.000) 05/16 09:50:03 Image size of job updated: 3840384
	3728  -  MemoryUsage of job (MB)
	3816740  -  ResidentSetSize of job (KB)
...
006 (432524.000.000) 05/16 09:55:04 Image size of job updated: 4709504
	4560  -  MemoryUsage of job (MB)
	4668960  -  ResidentSetSize of job (KB)
...
006 (432524.000.000) 05/16 10:00:04 Image size of job updated: 4709504
	4560  -  MemoryUsage of job (MB)
	4668964  -  ResidentSetSize of job (KB)
...
006 (432524.000.000) 05/16 10:05:05 Image size of job updated: 5084496
	4717  -  MemoryUsage of job (MB)
	4829996  -  ResidentSetSize of job (KB)
...
006 (432524.000.000) 05/16 10:10:06 Image size of job updated: 5588688
	5378  -  MemoryUsage of job (MB)
	5506092  -  ResidentSetSize of job (KB)
...
006 (432524.000.000) 05/16 10:15:06 Image size of job updated: 6379544
	6059  -  MemoryUsage of job (MB)
	6204324  -  ResidentSetSize of job (KB)
...
006 (432524.000.000) 05/16 10:20:06 Image size of job updated: 6561236
	6059  -  MemoryUsage of job (MB)
	6204332  -  ResidentSetSize of job (KB)
...
006 (432524.000.000) 05/16 10:25:07 Image size of job updated: 7303348
	6419  -  MemoryUsage of job (MB)
	6572644  -  ResidentSetSize of job (KB)
...
006 (432524.000.000) 05/16 10:30:07 Image size of job updated: 7505660
	6524  -  MemoryUsage of job (MB)
	6680076  -  ResidentSetSize of job (KB)
...
006 (432524.000.000) 05/16 10:35:07 Image size of job updated: 8719548
	7755  -  MemoryUsage of job (MB)
	7940300  -  ResidentSetSize of job (KB)
...
006 (432524.000.000) 05/16 10:45:09 Image size of job updated: 9201600
	8096  -  MemoryUsage of job (MB)
	8290128  -  ResidentSetSize of job (KB)
...
006 (432524.000.000) 05/16 10:50:09 Image size of job updated: 9521316
	8345  -  MemoryUsage of job (MB)
	8544720  -  ResidentSetSize of job (KB)
...
006 (432524.000.000) 05/16 10:55:10 Image size of job updated: 10400528
	8934  -  MemoryUsage of job (MB)
	9148392  -  ResidentSetSize of job (KB)
...
006 (432524.000.000) 05/16 11:00:11 Image size of job updated: 10821300
	9291  -  MemoryUsage of job (MB)
	9513600  -  ResidentSetSize of job (KB)
...
006 (432524.000.000) 05/16 11:05:11 Image size of job updated: 10988112
	9353  -  MemoryUsage of job (MB)
	9576468  -  ResidentSetSize of job (KB)
...
006 (432524.000.000) 05/16 11:10:11 Image size of job updated: 11868856
	10995  -  MemoryUsage of job (MB)
	11258444  -  ResidentSetSize of job (KB)
...
006 (432524.000.000) 05/16 11:15:12 Image size of job updated: 11902944
	10995  -  MemoryUsage of job (MB)
	11258452  -  ResidentSetSize of job (KB)
...
006 (432524.000.000) 05/16 11:20:12 Image size of job updated: 12308324
	11200  -  MemoryUsage of job (MB)
	11468324  -  ResidentSetSize of job (KB)
...
006 (432524.000.000) 05/16 11:25:12 Image size of job updated: 12904568
	11515  -  MemoryUsage of job (MB)
	11790568  -  ResidentSetSize of job (KB)
...
006 (432524.000.000) 05/16 11:30:14 Image size of job updated: 13972512
	12350  -  MemoryUsage of job (MB)
	12646152  -  ResidentSetSize of job (KB)
...
006 (432524.000.000) 05/16 11:35:14 Image size of job updated: 13972512
	12350  -  MemoryUsage of job (MB)
	12646160  -  ResidentSetSize of job (KB)
...
006 (432524.000.000) 05/16 11:40:14 Image size of job updated: 14477112
	12650  -  MemoryUsage of job (MB)
	12952820  -  ResidentSetSize of job (KB)
...
006 (432524.000.000) 05/16 11:45:15 Image size of job updated: 15407932
	13385  -  MemoryUsage of job (MB)
	13706044  -  ResidentSetSize of job (KB)
...
006 (432524.000.000) 05/16 11:50:16 Image size of job updated: 15874796
	14333  -  MemoryUsage of job (MB)
	14676640  -  ResidentSetSize of job (KB)
...
006 (432524.000.000) 05/16 11:55:16 Image size of job updated: 16278020
	14600  -  MemoryUsage of job (MB)
	14950324  -  ResidentSetSize of job (KB)
...
006 (432524.000.000) 05/16 12:00:17 Image size of job updated: 16311952
	14600  -  MemoryUsage of job (MB)
	14950328  -  ResidentSetSize of job (KB)
...
006 (432524.000.000) 05/16 12:05:18 Image size of job updated: 16663176
	14600  -  MemoryUsage of job (MB)
	14950328  -  ResidentSetSize of job (KB)
...
006 (432524.000.000) 05/16 12:10:18 Image size of job updated: 17910736
	15437  -  MemoryUsage of job (MB)
	15807316  -  ResidentSetSize of job (KB)
...
006 (432524.000.000) 05/16 12:20:19 Image size of job updated: 18817984
	15773  -  MemoryUsage of job (MB)
	16151320  -  ResidentSetSize of job (KB)
...
006 (432524.000.000) 05/16 12:25:19 Image size of job updated: 19081052
	15826  -  MemoryUsage of job (MB)
	16204880  -  ResidentSetSize of job (KB)
...
006 (432524.000.000) 05/16 12:30:19 Image size of job updated: 19455116
	16133  -  MemoryUsage of job (MB)
	16519832  -  ResidentSetSize of job (KB)
...
006 (432524.000.000) 05/16 12:35:20 Image size of job updated: 19455116
	16133  -  MemoryUsage of job (MB)
	16519840  -  ResidentSetSize of job (KB)
...
006 (432524.000.000) 05/16 12:40:21 Image size of job updated: 20116444
	16575  -  MemoryUsage of job (MB)
	16972040  -  ResidentSetSize of job (KB)
...
006 (432524.000.000) 05/16 12:45:21 Image size of job updated: 20397160
	18431  -  MemoryUsage of job (MB)
	18872644  -  ResidentSetSize of job (KB)
...
006 (432524.000.000) 05/16 12:50:22 Image size of job updated: 32686856
	29718  -  MemoryUsage of job (MB)
	30430268  -  ResidentSetSize of job (KB)
...
005 (432524.000.000) 05/17 00:45:55 Job terminated.
	(1) Normal termination (return value 0)
		Usr 0 12:54:55, Sys 0 00:25:16  -  Run Remote Usage
		Usr 0 00:00:00, Sys 0 00:00:00  -  Run Local Usage
		Usr 0 12:54:55, Sys 0 00:25:16  -  Total Remote Usage
		Usr 0 00:00:00, Sys 0 00:00:00  -  Total Local Usage
	480440  -  Run Bytes Sent By Job
	205  -  Run Bytes Received By Job
	480440  -  Total Bytes Sent By Job
	205  -  Total Bytes Received By Job
	Partitionable Resources :    Usage  Request Allocated 
	   Cpus                 :                 1         1 
	   Disk (KB)            :      479        1  10479080 
	   Memory (MB)          :    29718    51200     51200 
...
000 (440719.000.000) 05/23 15:13:06 Job submitted from host: <172.20.203.50:9618?addrs=172.20.203.50-9618&noUDP&sock=1508097_aeae_4>
...
001 (440719.000.000) 05/23 15:13:08 Job executing on host: <10.194.1.8:9618?addrs=10.194.1.8-9618+[--1]-9618&noUDP&sock=13314_e004_3>
...
006 (440719.000.000) 05/23 15:13:16 Image size of job updated: 83812
	50  -  MemoryUsage of job (MB)
	50916  -  ResidentSetSize of job (KB)
...
006 (440719.000.000) 05/23 15:18:16 Image size of job updated: 1282892
	1220  -  MemoryUsage of job (MB)
	1249160  -  ResidentSetSize of job (KB)
...
006 (440719.000.000) 05/23 15:23:16 Image size of job updated: 1845456
	1770  -  MemoryUsage of job (MB)
	1811724  -  ResidentSetSize of job (KB)
...
006 (440719.000.000) 05/23 15:28:17 Image size of job updated: 2160420
	2077  -  MemoryUsage of job (MB)
	2126688  -  ResidentSetSize of job (KB)
...
006 (440719.000.000) 05/23 15:33:17 Image size of job updated: 2823648
	2725  -  MemoryUsage of job (MB)
	2789916  -  ResidentSetSize of job (KB)
...
006 (440719.000.000) 05/23 15:38:17 Image size of job updated: 3202980
	3095  -  MemoryUsage of job (MB)
	3169248  -  ResidentSetSize of job (KB)
...
006 (440719.000.000) 05/23 15:43:18 Image size of job updated: 3589684
	3473  -  MemoryUsage of job (MB)
	3555952  -  ResidentSetSize of job (KB)
...
006 (440719.000.000) 05/23 15:48:19 Image size of job updated: 4223972
	4092  -  MemoryUsage of job (MB)
	4190112  -  ResidentSetSize of job (KB)
...
006 (440719.000.000) 05/23 15:53:19 Image size of job updated: 4785760
	4613  -  MemoryUsage of job (MB)
	4723332  -  ResidentSetSize of job (KB)
...
006 (440719.000.000) 05/23 15:58:20 Image size of job updated: 4785760
	4613  -  MemoryUsage of job (MB)
	4723356  -  ResidentSetSize of job (KB)
...
006 (440719.000.000) 05/23 16:03:21 Image size of job updated: 5083284
	4852  -  MemoryUsage of job (MB)
	4967548  -  ResidentSetSize of job (KB)
...
006 (440719.000.000) 05/23 16:08:21 Image size of job updated: 5288200
	5027  -  MemoryUsage of job (MB)
	5146648  -  ResidentSetSize of job (KB)
...
006 (440719.000.000) 05/23 16:13:21 Image size of job updated: 6126176
	5901  -  MemoryUsage of job (MB)
	6042264  -  ResidentSetSize of job (KB)
...
006 (440719.000.000) 05/23 16:18:22 Image size of job updated: 6644736
	6377  -  MemoryUsage of job (MB)
	6529160  -  ResidentSetSize of job (KB)
...
006 (440719.000.000) 05/23 16:23:22 Image size of job updated: 6702648
	6391  -  MemoryUsage of job (MB)
	6544028  -  ResidentSetSize of job (KB)
...
006 (440719.000.000) 05/23 16:28:22 Image size of job updated: 7286860
	6937  -  MemoryUsage of job (MB)
	7102528  -  ResidentSetSize of job (KB)
...
006 (440719.000.000) 05/23 16:33:23 Image size of job updated: 8016660
	7764  -  MemoryUsage of job (MB)
	7950116  -  ResidentSetSize of job (KB)
...
006 (440719.000.000) 05/23 16:38:24 Image size of job updated: 8081244
	7793  -  MemoryUsage of job (MB)
	7979800  -  ResidentSetSize of job (KB)
...
006 (440719.000.000) 05/23 16:43:24 Image size of job updated: 9311920
	8960  -  MemoryUsage of job (MB)
	9174660  -  ResidentSetSize of job (KB)
...
006 (440719.000.000) 05/23 16:48:25 Image size of job updated: 9311920
	8960  -  MemoryUsage of job (MB)
	9174668  -  ResidentSetSize of job (KB)
...
006 (440719.000.000) 05/23 16:53:26 Image size of job updated: 9880488
	9409  -  MemoryUsage of job (MB)
	9634648  -  ResidentSetSize of job (KB)
...
006 (440719.000.000) 05/23 16:58:26 Image size of job updated: 10341280
	9794  -  MemoryUsage of job (MB)
	10028144  -  ResidentSetSize of job (KB)
...
006 (440719.000.000) 05/23 17:03:27 Image size of job updated: 11076776
	10423  -  MemoryUsage of job (MB)
	10672652  -  ResidentSetSize of job (KB)
...
006 (440719.000.000) 05/23 17:08:28 Image size of job updated: 11168384
	10491  -  MemoryUsage of job (MB)
	10741836  -  ResidentSetSize of job (KB)
...
006 (440719.000.000) 05/23 17:13:28 Image size of job updated: 11626520
	10913  -  MemoryUsage of job (MB)
	11174116  -  ResidentSetSize of job (KB)
...
006 (440719.000.000) 05/23 17:18:28 Image size of job updated: 12073904
	11254  -  MemoryUsage of job (MB)
	11523076  -  ResidentSetSize of job (KB)
...
006 (440719.000.000) 05/23 17:23:29 Image size of job updated: 12623332
	11677  -  MemoryUsage of job (MB)
	11956368  -  ResidentSetSize of job (KB)
...
006 (440719.000.000) 05/23 17:28:29 Image size of job updated: 13650356
	12539  -  MemoryUsage of job (MB)
	12839496  -  ResidentSetSize of job (KB)
...
006 (440719.000.000) 05/23 17:33:29 Image size of job updated: 13650356
	12539  -  MemoryUsage of job (MB)
	12839500  -  ResidentSetSize of job (KB)
...
006 (440719.000.000) 05/23 17:38:30 Image size of job updated: 13845116
	12573  -  MemoryUsage of job (MB)
	12874240  -  ResidentSetSize of job (KB)
...
006 (440719.000.000) 05/23 17:43:31 Image size of job updated: 14356756
	12914  -  MemoryUsage of job (MB)
	13223388  -  ResidentSetSize of job (KB)
...
006 (440719.000.000) 05/23 17:48:31 Image size of job updated: 15155192
	13541  -  MemoryUsage of job (MB)
	13865320  -  ResidentSetSize of job (KB)
...
006 (440719.000.000) 05/23 17:53:32 Image size of job updated: 15450852
	14221  -  MemoryUsage of job (MB)
	14561644  -  ResidentSetSize of job (KB)
...
006 (440719.000.000) 05/23 17:58:33 Image size of job updated: 16013392
	14591  -  MemoryUsage of job (MB)
	14941104  -  ResidentSetSize of job (KB)
...
006 (440719.000.000) 05/23 18:03:33 Image size of job updated: 16870000
	15171  -  MemoryUsage of job (MB)
	15534788  -  ResidentSetSize of job (KB)
...
006 (440719.000.000) 05/23 18:08:33 Image size of job updated: 17196296
	15297  -  MemoryUsage of job (MB)
	15663556  -  ResidentSetSize of job (KB)
...
006 (440719.000.000) 05/23 18:13:34 Image size of job updated: 17229096
	15297  -  MemoryUsage of job (MB)
	15663564  -  ResidentSetSize of job (KB)
...
006 (440719.000.000) 05/23 18:18:34 Image size of job updated: 18356976
	16210  -  MemoryUsage of job (MB)
	16598080  -  ResidentSetSize of job (KB)
...
006 (440719.000.000) 05/23 18:23:34 Image size of job updated: 18356976
	16210  -  MemoryUsage of job (MB)
	16598084  -  ResidentSetSize of job (KB)
...
006 (440719.000.000) 05/23 18:28:36 Image size of job updated: 19050336
	16516  -  MemoryUsage of job (MB)
	16911964  -  ResidentSetSize of job (KB)
...
006 (440719.000.000) 05/23 18:33:36 Image size of job updated: 19322280
	16682  -  MemoryUsage of job (MB)
	17082308  -  ResidentSetSize of job (KB)
...
006 (440719.000.000) 05/23 18:38:36 Image size of job updated: 19426868
	16698  -  MemoryUsage of job (MB)
	17098048  -  ResidentSetSize of job (KB)
...
006 (440719.000.000) 05/23 18:43:37 Image size of job updated: 19919424
	17058  -  MemoryUsage of job (MB)
	17466820  -  ResidentSetSize of job (KB)
...
006 (440719.000.000) 05/23 18:48:38 Image size of job updated: 19919424
	18354  -  MemoryUsage of job (MB)
	18793744  -  ResidentSetSize of job (KB)
...
006 (440719.000.000) 05/23 18:53:38 Image size of job updated: 19919424
	18355  -  MemoryUsage of job (MB)
	18794788  -  ResidentSetSize of job (KB)
...
006 (440719.000.000) 05/23 19:58:44 Image size of job updated: 20067852
	18652  -  MemoryUsage of job (MB)
	19098820  -  ResidentSetSize of job (KB)
...
006 (440719.000.000) 05/23 20:03:44 Image size of job updated: 20706464
	19212  -  MemoryUsage of job (MB)
	19672456  -  ResidentSetSize of job (KB)
...
006 (440719.000.000) 05/23 20:08:45 Image size of job updated: 20905564
	19693  -  MemoryUsage of job (MB)
	20164968  -  ResidentSetSize of job (KB)
...
006 (440719.000.000) 05/23 20:13:46 Image size of job updated: 21539624
	19965  -  MemoryUsage of job (MB)
	20443180  -  ResidentSetSize of job (KB)
...
006 (440719.000.000) 05/23 20:18:46 Image size of job updated: 22093988
	20368  -  MemoryUsage of job (MB)
	20856168  -  ResidentSetSize of job (KB)
...
006 (440719.000.000) 05/23 20:23:46 Image size of job updated: 22514260
	21076  -  MemoryUsage of job (MB)
	21580872  -  ResidentSetSize of job (KB)
...
006 (440719.000.000) 05/23 20:28:47 Image size of job updated: 22970036
	21195  -  MemoryUsage of job (MB)
	21702868  -  ResidentSetSize of job (KB)
...
006 (440719.000.000) 05/23 20:33:47 Image size of job updated: 23737416
	21727  -  MemoryUsage of job (MB)
	22248280  -  ResidentSetSize of job (KB)
...
006 (440719.000.000) 05/23 20:38:47 Image size of job updated: 24096776
	21863  -  MemoryUsage of job (MB)
	22387008  -  ResidentSetSize of job (KB)
...
006 (440719.000.000) 05/23 20:43:49 Image size of job updated: 24532464
	21975  -  MemoryUsage of job (MB)
	22501768  -  ResidentSetSize of job (KB)
...
006 (440719.000.000) 05/23 20:48:49 Image size of job updated: 25283876
	22613  -  MemoryUsage of job (MB)
	23155132  -  ResidentSetSize of job (KB)
...
006 (440719.000.000) 05/23 20:53:49 Image size of job updated: 25630656
	22775  -  MemoryUsage of job (MB)
	23320752  -  ResidentSetSize of job (KB)
...
006 (440719.000.000) 05/23 20:58:50 Image size of job updated: 26275324
	23259  -  MemoryUsage of job (MB)
	23816588  -  ResidentSetSize of job (KB)
...
006 (440719.000.000) 05/23 21:03:51 Image size of job updated: 26726040
	23475  -  MemoryUsage of job (MB)
	24037944  -  ResidentSetSize of job (KB)
...
006 (440719.000.000) 05/23 21:08:51 Image size of job updated: 27149456
	23778  -  MemoryUsage of job (MB)
	24348256  -  ResidentSetSize of job (KB)
...
006 (440719.000.000) 05/23 21:13:52 Image size of job updated: 27696052
	24152  -  MemoryUsage of job (MB)
	24731408  -  ResidentSetSize of job (KB)
...
006 (440719.000.000) 05/23 21:18:53 Image size of job updated: 30086096
	26748  -  MemoryUsage of job (MB)
	27388952  -  ResidentSetSize of job (KB)
...
006 (440719.000.000) 05/23 21:23:53 Image size of job updated: 30086096
	26832  -  MemoryUsage of job (MB)
	27475096  -  ResidentSetSize of job (KB)
...
005 (440719.000.000) 05/24 04:28:49 Job terminated.
	(1) Normal termination (return value 0)
		Usr 0 11:52:01, Sys 0 00:24:46  -  Run Remote Usage
		Usr 0 00:00:00, Sys 0 00:00:00  -  Run Local Usage
		Usr 0 11:52:01, Sys 0 00:24:46  -  Total Remote Usage
		Usr 0 00:00:00, Sys 0 00:00:00  -  Total Local Usage
	480746  -  Run Bytes Sent By Job
	205  -  Run Bytes Received By Job
	480746  -  Total Bytes Sent By Job
	205  -  Total Bytes Received By Job
	Partitionable Resources :    Usage  Request Allocated 
	   Cpus                 :                 1         1 
	   Disk (KB)            :      480        1  10479080 
	   Memory (MB)          :    26832    51200     51200 
...
000 (456348.000.000) 06/07 20:38:00 Job submitted from host: <172.20.203.50:9618?addrs=172.20.203.50-9618&noUDP&sock=1508097_aeae_4>
...
001 (456348.000.000) 06/07 20:38:21 Job executing on host: <10.194.1.6:9618?addrs=10.194.1.6-9618+[--1]-9618&noUDP&sock=13347_82a4_3>
...
006 (456348.000.000) 06/07 20:38:29 Image size of job updated: 67892
	49  -  MemoryUsage of job (MB)
	49720  -  ResidentSetSize of job (KB)
...
006 (456348.000.000) 06/07 20:43:29 Image size of job updated: 1351964
	1303  -  MemoryUsage of job (MB)
	1333404  -  ResidentSetSize of job (KB)
...
006 (456348.000.000) 06/07 20:48:30 Image size of job updated: 1351964
	1303  -  MemoryUsage of job (MB)
	1333416  -  ResidentSetSize of job (KB)
...
006 (456348.000.000) 06/07 20:53:30 Image size of job updated: 1947796
	1885  -  MemoryUsage of job (MB)
	1929236  -  ResidentSetSize of job (KB)
...
006 (456348.000.000) 06/07 20:58:30 Image size of job updated: 2909572
	2824  -  MemoryUsage of job (MB)
	2891012  -  ResidentSetSize of job (KB)
...
006 (456348.000.000) 06/07 21:03:31 Image size of job updated: 2972332
	2885  -  MemoryUsage of job (MB)
	2953772  -  ResidentSetSize of job (KB)
...
006 (456348.000.000) 06/07 21:08:32 Image size of job updated: 3368508
	3272  -  MemoryUsage of job (MB)
	3349948  -  ResidentSetSize of job (KB)
...
006 (456348.000.000) 06/07 21:13:32 Image size of job updated: 3958720
	3840  -  MemoryUsage of job (MB)
	3931180  -  ResidentSetSize of job (KB)
...
006 (456348.000.000) 06/07 21:18:33 Image size of job updated: 4503692
	4363  -  MemoryUsage of job (MB)
	4467560  -  ResidentSetSize of job (KB)
...
006 (456348.000.000) 06/07 21:28:34 Image size of job updated: 5515056
	5338  -  MemoryUsage of job (MB)
	5465892  -  ResidentSetSize of job (KB)
...
006 (456348.000.000) 06/07 21:33:34 Image size of job updated: 6264256
	6065  -  MemoryUsage of job (MB)
	6210304  -  ResidentSetSize of job (KB)
...
006 (456348.000.000) 06/07 21:38:35 Image size of job updated: 6338264
	6133  -  MemoryUsage of job (MB)
	6279708  -  ResidentSetSize of job (KB)
...
006 (456348.000.000) 06/07 21:43:35 Image size of job updated: 6732676
	6512  -  MemoryUsage of job (MB)
	6667948  -  ResidentSetSize of job (KB)
...
006 (456348.000.000) 06/07 21:48:35 Image size of job updated: 7571524
	7325  -  MemoryUsage of job (MB)
	7500364  -  ResidentSetSize of job (KB)
...
006 (456348.000.000) 06/07 21:53:36 Image size of job updated: 7571524
	7325  -  MemoryUsage of job (MB)
	7500380  -  ResidentSetSize of job (KB)
...
006 (456348.000.000) 06/07 21:58:37 Image size of job updated: 8471048
	8216  -  MemoryUsage of job (MB)
	8413096  -  ResidentSetSize of job (KB)
...
006 (456348.000.000) 06/07 22:03:37 Image size of job updated: 8471048
	8216  -  MemoryUsage of job (MB)
	8413100  -  ResidentSetSize of job (KB)
...
006 (456348.000.000) 06/07 22:08:38 Image size of job updated: 8708444
	8429  -  MemoryUsage of job (MB)
	8631076  -  ResidentSetSize of job (KB)
...
006 (456348.000.000) 06/07 22:13:39 Image size of job updated: 9321256
	9009  -  MemoryUsage of job (MB)
	9224636  -  ResidentSetSize of job (KB)
...
006 (456348.000.000) 06/07 22:18:39 Image size of job updated: 10044596
	9536  -  MemoryUsage of job (MB)
	9764672  -  ResidentSetSize of job (KB)
...
006 (456348.000.000) 06/07 22:23:39 Image size of job updated: 10044596
	9536  -  MemoryUsage of job (MB)
	9764684  -  ResidentSetSize of job (KB)
...
006 (456348.000.000) 06/07 22:28:40 Image size of job updated: 11141052
	9536  -  MemoryUsage of job (MB)
	9764684  -  ResidentSetSize of job (KB)
...
006 (456348.000.000) 06/07 22:33:40 Image size of job updated: 12856212
	10401  -  MemoryUsage of job (MB)
	10650380  -  ResidentSetSize of job (KB)
...
006 (456348.000.000) 06/07 22:38:40 Image size of job updated: 12856212
	10401  -  MemoryUsage of job (MB)
	10650572  -  ResidentSetSize of job (KB)
...
006 (456348.000.000) 06/07 22:48:42 Image size of job updated: 12992804
	10401  -  MemoryUsage of job (MB)
	10650572  -  ResidentSetSize of job (KB)
...
006 (456348.000.000) 06/07 22:58:43 Image size of job updated: 13118520
	10401  -  MemoryUsage of job (MB)
	10650572  -  ResidentSetSize of job (KB)
...
006 (456348.000.000) 06/07 23:03:44 Image size of job updated: 14152736
	10855  -  MemoryUsage of job (MB)
	11114520  -  ResidentSetSize of job (KB)
...
006 (456348.000.000) 06/07 23:08:44 Image size of job updated: 14307436
	10916  -  MemoryUsage of job (MB)
	11177368  -  ResidentSetSize of job (KB)
...
006 (456348.000.000) 06/07 23:13:44 Image size of job updated: 14970048
	11436  -  MemoryUsage of job (MB)
	11710268  -  ResidentSetSize of job (KB)
...
006 (456348.000.000) 06/07 23:18:45 Image size of job updated: 15041588
	11436  -  MemoryUsage of job (MB)
	11710268  -  ResidentSetSize of job (KB)
...
006 (456348.000.000) 06/07 23:23:46 Image size of job updated: 15375124
	14370  -  MemoryUsage of job (MB)
	14713896  -  ResidentSetSize of job (KB)
...
006 (456348.000.000) 06/07 23:28:46 Image size of job updated: 15923652
	14905  -  MemoryUsage of job (MB)
	15262308  -  ResidentSetSize of job (KB)
...
006 (456348.000.000) 06/07 23:33:47 Image size of job updated: 16641360
	15578  -  MemoryUsage of job (MB)
	15951288  -  ResidentSetSize of job (KB)
...
006 (456348.000.000) 06/07 23:38:48 Image size of job updated: 16780916
	15670  -  MemoryUsage of job (MB)
	16045256  -  ResidentSetSize of job (KB)
...
006 (456348.000.000) 06/07 23:43:48 Image size of job updated: 17742412
	16591  -  MemoryUsage of job (MB)
	16988784  -  ResidentSetSize of job (KB)
...
006 (456348.000.000) 06/07 23:48:48 Image size of job updated: 17965996
	16805  -  MemoryUsage of job (MB)
	17207336  -  ResidentSetSize of job (KB)
...
006 (456348.000.000) 06/07 23:53:49 Image size of job updated: 18011040
	16849  -  MemoryUsage of job (MB)
	17252392  -  ResidentSetSize of job (KB)
...
006 (456348.000.000) 06/07 23:58:49 Image size of job updated: 18794740
	17602  -  MemoryUsage of job (MB)
	18023428  -  ResidentSetSize of job (KB)
...
006 (456348.000.000) 06/08 00:03:49 Image size of job updated: 18960548
	17755  -  MemoryUsage of job (MB)
	18180216  -  ResidentSetSize of job (KB)
...
006 (456348.000.000) 06/08 00:08:50 Image size of job updated: 19203396
	17989  -  MemoryUsage of job (MB)
	18420040  -  ResidentSetSize of job (KB)
...
006 (456348.000.000) 06/08 00:13:51 Image size of job updated: 19627888
	18393  -  MemoryUsage of job (MB)
	18833448  -  ResidentSetSize of job (KB)
...
006 (456348.000.000) 06/08 00:18:51 Image size of job updated: 20170504
	18919  -  MemoryUsage of job (MB)
	19372508  -  ResidentSetSize of job (KB)
...
006 (456348.000.000) 06/08 00:23:52 Image size of job updated: 20170504
	18919  -  MemoryUsage of job (MB)
	19372516  -  ResidentSetSize of job (KB)
...
006 (456348.000.000) 06/08 00:28:53 Image size of job updated: 31818100
	27685  -  MemoryUsage of job (MB)
	28349176  -  ResidentSetSize of job (KB)
...
005 (456348.000.000) 06/08 12:06:19 Job terminated.
	(1) Normal termination (return value 0)
		Usr 0 13:33:34, Sys 0 00:30:16  -  Run Remote Usage
		Usr 0 00:00:00, Sys 0 00:00:00  -  Run Local Usage
		Usr 0 13:33:34, Sys 0 00:30:16  -  Total Remote Usage
		Usr 0 00:00:00, Sys 0 00:00:00  -  Total Local Usage
	480741  -  Run Bytes Sent By Job
	205  -  Run Bytes Received By Job
	480741  -  Total Bytes Sent By Job
	205  -  Total Bytes Received By Job
	Partitionable Resources :    Usage  Request Allocated 
	   Cpus                 :                 1         1 
	   Disk (KB)            :      480        1  10479080 
	   Memory (MB)          :    27685    51200     51200 
...
