000 (429958.000.000) 05/15 10:08:09 Job submitted from host: <172.20.203.50:9618?addrs=172.20.203.50-9618&noUDP&sock=1508097_aeae_4>
...
001 (429958.000.000) 05/15 10:08:30 Job executing on host: <10.194.1.8:9618?addrs=10.194.1.8-9618+[--1]-9618&noUDP&sock=13314_e004_3>
...
006 (429958.000.000) 05/15 10:08:38 Image size of job updated: 76156
	52  -  MemoryUsage of job (MB)
	52892  -  ResidentSetSize of job (KB)
...
006 (429958.000.000) 05/15 10:13:38 Image size of job updated: 1277692
	1225  -  MemoryUsage of job (MB)
	1253620  -  ResidentSetSize of job (KB)
...
006 (429958.000.000) 05/15 10:18:39 Image size of job updated: 1750356
	1686  -  MemoryUsage of job (MB)
	1726284  -  ResidentSetSize of job (KB)
...
006 (429958.000.000) 05/15 10:23:40 Image size of job updated: 1925696
	1858  -  MemoryUsage of job (MB)
	1901624  -  ResidentSetSize of job (KB)
...
006 (429958.000.000) 05/15 10:28:40 Image size of job updated: 2457516
	2377  -  MemoryUsage of job (MB)
	2433444  -  ResidentSetSize of job (KB)
...
006 (429958.000.000) 05/15 10:33:40 Image size of job updated: 2470564
	2390  -  MemoryUsage of job (MB)
	2446492  -  ResidentSetSize of job (KB)
...
006 (429958.000.000) 05/15 10:38:42 Image size of job updated: 3611432
	3504  -  MemoryUsage of job (MB)
	3587360  -  ResidentSetSize of job (KB)
...
006 (429958.000.000) 05/15 10:43:42 Image size of job updated: 3866708
	3744  -  MemoryUsage of job (MB)
	3833368  -  ResidentSetSize of job (KB)
...
006 (429958.000.000) 05/15 10:48:42 Image size of job updated: 4278756
	4118  -  MemoryUsage of job (MB)
	4215820  -  ResidentSetSize of job (KB)
...
006 (429958.000.000) 05/15 10:53:43 Image size of job updated: 4714840
	4495  -  MemoryUsage of job (MB)
	4602504  -  ResidentSetSize of job (KB)
...
006 (429958.000.000) 05/15 10:58:44 Image size of job updated: 5281428
	4948  -  MemoryUsage of job (MB)
	5066264  -  ResidentSetSize of job (KB)
...
006 (429958.000.000) 05/15 11:03:44 Image size of job updated: 6156056
	5693  -  MemoryUsage of job (MB)
	5828892  -  ResidentSetSize of job (KB)
...
006 (429958.000.000) 05/15 11:08:44 Image size of job updated: 6170536
	5948  -  MemoryUsage of job (MB)
	6090424  -  ResidentSetSize of job (KB)
...
006 (429958.000.000) 05/15 11:13:45 Image size of job updated: 6739188
	6484  -  MemoryUsage of job (MB)
	6639144  -  ResidentSetSize of job (KB)
...
006 (429958.000.000) 05/15 11:18:45 Image size of job updated: 6916656
	6627  -  MemoryUsage of job (MB)
	6785264  -  ResidentSetSize of job (KB)
...
006 (429958.000.000) 05/15 11:23:45 Image size of job updated: 7826348
	7496  -  MemoryUsage of job (MB)
	7675852  -  ResidentSetSize of job (KB)
...
006 (429958.000.000) 05/15 11:33:47 Image size of job updated: 8596100
	8281  -  MemoryUsage of job (MB)
	8479276  -  ResidentSetSize of job (KB)
...
006 (429958.000.000) 05/15 11:38:47 Image size of job updated: 8986160
	8639  -  MemoryUsage of job (MB)
	8845360  -  ResidentSetSize of job (KB)
...
006 (429958.000.000) 05/15 11:43:48 Image size of job updated: 9105928
	8736  -  MemoryUsage of job (MB)
	8945520  -  ResidentSetSize of job (KB)
...
006 (429958.000.000) 05/15 11:48:49 Image size of job updated: 9883376
	9447  -  MemoryUsage of job (MB)
	9673056  -  ResidentSetSize of job (KB)
...
006 (429958.000.000) 05/15 11:53:49 Image size of job updated: 10947856
	10335  -  MemoryUsage of job (MB)
	10583024  -  ResidentSetSize of job (KB)
...
006 (429958.000.000) 05/15 11:58:50 Image size of job updated: 10947856
	10341  -  MemoryUsage of job (MB)
	10588672  -  ResidentSetSize of job (KB)
...
006 (429958.000.000) 05/15 12:03:51 Image size of job updated: 11744172
	10920  -  MemoryUsage of job (MB)
	11181612  -  ResidentSetSize of job (KB)
...
006 (429958.000.000) 05/15 12:08:51 Image size of job updated: 12324824
	11009  -  MemoryUsage of job (MB)
	11273196  -  ResidentSetSize of job (KB)
...
006 (429958.000.000) 05/15 12:18:53 Image size of job updated: 12797208
	11540  -  MemoryUsage of job (MB)
	11816500  -  ResidentSetSize of job (KB)
...
006 (429958.000.000) 05/15 12:23:53 Image size of job updated: 13136716
	11854  -  MemoryUsage of job (MB)
	12137632  -  ResidentSetSize of job (KB)
...
006 (429958.000.000) 05/15 12:33:54 Image size of job updated: 13612272
	12289  -  MemoryUsage of job (MB)
	12583544  -  ResidentSetSize of job (KB)
...
006 (429958.000.000) 05/15 12:38:55 Image size of job updated: 14333600
	12976  -  MemoryUsage of job (MB)
	13287332  -  ResidentSetSize of job (KB)
...
006 (429958.000.000) 05/15 12:43:55 Image size of job updated: 14856276
	13469  -  MemoryUsage of job (MB)
	13791564  -  ResidentSetSize of job (KB)
...
006 (429958.000.000) 05/15 12:48:55 Image size of job updated: 15582060
	14528  -  MemoryUsage of job (MB)
	14876652  -  ResidentSetSize of job (KB)
...
006 (429958.000.000) 05/15 12:53:56 Image size of job updated: 15584924
	14528  -  MemoryUsage of job (MB)
	14876660  -  ResidentSetSize of job (KB)
...
006 (429958.000.000) 05/15 12:58:56 Image size of job updated: 16410920
	15303  -  MemoryUsage of job (MB)
	15669400  -  ResidentSetSize of job (KB)
...
006 (429958.000.000) 05/15 13:03:56 Image size of job updated: 16578212
	15444  -  MemoryUsage of job (MB)
	15813992  -  ResidentSetSize of job (KB)
...
006 (429958.000.000) 05/15 13:08:57 Image size of job updated: 17049256
	15883  -  MemoryUsage of job (MB)
	16263576  -  ResidentSetSize of job (KB)
...
006 (429958.000.000) 05/15 13:13:58 Image size of job updated: 17145876
	15961  -  MemoryUsage of job (MB)
	16344032  -  ResidentSetSize of job (KB)
...
006 (429958.000.000) 05/15 13:18:58 Image size of job updated: 18213616
	16978  -  MemoryUsage of job (MB)
	17384912  -  ResidentSetSize of job (KB)
...
006 (429958.000.000) 05/15 13:23:59 Image size of job updated: 18354344
	17103  -  MemoryUsage of job (MB)
	17512592  -  ResidentSetSize of job (KB)
...
006 (429958.000.000) 05/15 13:29:00 Image size of job updated: 18729692
	17451  -  MemoryUsage of job (MB)
	17869096  -  ResidentSetSize of job (KB)
...
006 (429958.000.000) 05/15 13:34:00 Image size of job updated: 19012556
	17712  -  MemoryUsage of job (MB)
	18136596  -  ResidentSetSize of job (KB)
...
006 (429958.000.000) 05/15 13:39:00 Image size of job updated: 19676348
	18345  -  MemoryUsage of job (MB)
	18784700  -  ResidentSetSize of job (KB)
...
006 (429958.000.000) 05/15 13:44:01 Image size of job updated: 20202040
	18838  -  MemoryUsage of job (MB)
	19290040  -  ResidentSetSize of job (KB)
...
006 (429958.000.000) 05/15 13:49:01 Image size of job updated: 20398060
	19783  -  MemoryUsage of job (MB)
	20257264  -  ResidentSetSize of job (KB)
...
006 (429958.000.000) 05/15 13:54:01 Image size of job updated: 24128348
	21782  -  MemoryUsage of job (MB)
	22304524  -  ResidentSetSize of job (KB)
...
006 (429958.000.000) 05/15 15:59:14 Image size of job updated: 24276148
	21782  -  MemoryUsage of job (MB)
	22304524  -  ResidentSetSize of job (KB)
...
006 (429958.000.000) 05/15 16:04:15 Image size of job updated: 24304548
	21782  -  MemoryUsage of job (MB)
	22304524  -  ResidentSetSize of job (KB)
...
006 (429958.000.000) 05/15 16:09:15 Image size of job updated: 24940656
	22306  -  MemoryUsage of job (MB)
	22841124  -  ResidentSetSize of job (KB)
...
006 (429958.000.000) 05/15 16:14:16 Image size of job updated: 25592544
	22926  -  MemoryUsage of job (MB)
	23475340  -  ResidentSetSize of job (KB)
...
006 (429958.000.000) 05/15 16:19:17 Image size of job updated: 25864224
	23154  -  MemoryUsage of job (MB)
	23709480  -  ResidentSetSize of job (KB)
...
006 (429958.000.000) 05/15 16:24:17 Image size of job updated: 26362548
	23626  -  MemoryUsage of job (MB)
	24192924  -  ResidentSetSize of job (KB)
...
006 (429958.000.000) 05/15 16:29:18 Image size of job updated: 26837752
	24077  -  MemoryUsage of job (MB)
	24654384  -  ResidentSetSize of job (KB)
...
006 (429958.000.000) 05/15 16:34:19 Image size of job updated: 26870008
	24077  -  MemoryUsage of job (MB)
	24654384  -  ResidentSetSize of job (KB)
...
006 (429958.000.000) 05/15 16:39:19 Image size of job updated: 27366384
	24518  -  MemoryUsage of job (MB)
	25105860  -  ResidentSetSize of job (KB)
...
006 (429958.000.000) 05/15 16:44:19 Image size of job updated: 28018584
	25052  -  MemoryUsage of job (MB)
	25653052  -  ResidentSetSize of job (KB)
...
006 (429958.000.000) 05/15 16:49:20 Image size of job updated: 28380524
	25208  -  MemoryUsage of job (MB)
	25812472  -  ResidentSetSize of job (KB)
...
006 (429958.000.000) 05/15 16:54:20 Image size of job updated: 28980600
	25677  -  MemoryUsage of job (MB)
	26293024  -  ResidentSetSize of job (KB)
...
005 (429958.000.000) 05/15 16:54:48 Job terminated.
	(1) Normal termination (return value 1)
		Usr 0 05:30:41, Sys 0 00:19:00  -  Run Remote Usage
		Usr 0 00:00:00, Sys 0 00:00:00  -  Run Local Usage
		Usr 0 05:30:41, Sys 0 00:19:00  -  Total Remote Usage
		Usr 0 00:00:00, Sys 0 00:00:00  -  Total Local Usage
	42853  -  Run Bytes Sent By Job
	205  -  Run Bytes Received By Job
	42853  -  Total Bytes Sent By Job
	205  -  Total Bytes Received By Job
	Partitionable Resources :    Usage  Request Allocated 
	   Cpus                 :                 1         1 
	   Disk (KB)            :       52        1  10479080 
	   Memory (MB)          :    25677    51200     51200 
...
000 (432512.000.000) 05/16 09:06:57 Job submitted from host: <172.20.203.50:9618?addrs=172.20.203.50-9618&noUDP&sock=1508097_aeae_4>
...
001 (432512.000.000) 05/16 09:07:08 Job executing on host: <10.194.1.101:9618?addrs=10.194.1.101-9618&noUDP&sock=2723_547a_3>
...
006 (432512.000.000) 05/16 09:07:17 Image size of job updated: 84296
	51  -  MemoryUsage of job (MB)
	51404  -  ResidentSetSize of job (KB)
...
006 (432512.000.000) 05/16 09:11:12 Image size of job updated: 698724
	650  -  MemoryUsage of job (MB)
	665332  -  ResidentSetSize of job (KB)
...
004 (432512.000.000) 05/16 09:11:12 Job was evicted.
	(0) Job was not checkpointed.
		Usr 0 00:02:14, Sys 0 00:00:04  -  Run Remote Usage
		Usr 0 00:00:00, Sys 0 00:00:00  -  Run Local Usage
	0  -  Run Bytes Sent By Job
	205  -  Run Bytes Received By Job
	Partitionable Resources :    Usage  Request Allocated 
	   Cpus                 :        0        1         1 
	   Disk (KB)            :       21        1    822359 
	   Memory (MB)          :      650    51200     51200 
...
009 (432512.000.000) 05/16 09:11:12 Job was aborted by the user.
	via condor_rm (by user jnugent)
...
000 (432527.000.000) 05/16 09:14:50 Job submitted from host: <172.20.203.50:9618?addrs=172.20.203.50-9618&noUDP&sock=1508097_aeae_4>
...
001 (432527.000.000) 05/16 09:15:12 Job executing on host: <10.194.1.102:9618?addrs=10.194.1.102-9618&noUDP&sock=2792_a882_88>
...
006 (432527.000.000) 05/16 09:15:20 Image size of job updated: 388036
	379  -  MemoryUsage of job (MB)
	387368  -  ResidentSetSize of job (KB)
...
006 (432527.000.000) 05/16 09:20:20 Image size of job updated: 758144
	740  -  MemoryUsage of job (MB)
	757476  -  ResidentSetSize of job (KB)
...
006 (432527.000.000) 05/16 09:25:21 Image size of job updated: 1655300
	1616  -  MemoryUsage of job (MB)
	1654632  -  ResidentSetSize of job (KB)
...
006 (432527.000.000) 05/16 09:30:22 Image size of job updated: 2256356
	2203  -  MemoryUsage of job (MB)
	2255688  -  ResidentSetSize of job (KB)
...
006 (432527.000.000) 05/16 09:35:22 Image size of job updated: 2387324
	2331  -  MemoryUsage of job (MB)
	2386656  -  ResidentSetSize of job (KB)
...
006 (432527.000.000) 05/16 09:40:23 Image size of job updated: 3150332
	3075  -  MemoryUsage of job (MB)
	3148592  -  ResidentSetSize of job (KB)
...
006 (432527.000.000) 05/16 09:45:24 Image size of job updated: 3392268
	3304  -  MemoryUsage of job (MB)
	3383208  -  ResidentSetSize of job (KB)
...
006 (432527.000.000) 05/16 09:50:24 Image size of job updated: 3780392
	3670  -  MemoryUsage of job (MB)
	3757580  -  ResidentSetSize of job (KB)
...
006 (432527.000.000) 05/16 09:55:25 Image size of job updated: 4389280
	4267  -  MemoryUsage of job (MB)
	4369176  -  ResidentSetSize of job (KB)
...
006 (432527.000.000) 05/16 10:00:26 Image size of job updated: 5242596
	5089  -  MemoryUsage of job (MB)
	5211132  -  ResidentSetSize of job (KB)
...
006 (432527.000.000) 05/16 10:05:26 Image size of job updated: 5459276
	5291  -  MemoryUsage of job (MB)
	5417176  -  ResidentSetSize of job (KB)
...
006 (432527.000.000) 05/16 10:10:27 Image size of job updated: 5581488
	5433  -  MemoryUsage of job (MB)
	5563156  -  ResidentSetSize of job (KB)
...
006 (432527.000.000) 05/16 10:15:28 Image size of job updated: 6486432
	6309  -  MemoryUsage of job (MB)
	6459652  -  ResidentSetSize of job (KB)
...
006 (432527.000.000) 05/16 10:20:28 Image size of job updated: 7133044
	6930  -  MemoryUsage of job (MB)
	7096148  -  ResidentSetSize of job (KB)
...
006 (432527.000.000) 05/16 10:25:29 Image size of job updated: 7133044
	6930  -  MemoryUsage of job (MB)
	7096156  -  ResidentSetSize of job (KB)
...
006 (432527.000.000) 05/16 10:30:30 Image size of job updated: 8017968
	7782  -  MemoryUsage of job (MB)
	7967768  -  ResidentSetSize of job (KB)
...
006 (432527.000.000) 05/16 10:35:30 Image size of job updated: 8120248
	7883  -  MemoryUsage of job (MB)
	8071576  -  ResidentSetSize of job (KB)
...
006 (432527.000.000) 05/16 10:40:31 Image size of job updated: 9034992
	8775  -  MemoryUsage of job (MB)
	8985368  -  ResidentSetSize of job (KB)
...
006 (432527.000.000) 05/16 10:45:32 Image size of job updated: 9474652
	9197  -  MemoryUsage of job (MB)
	9416852  -  ResidentSetSize of job (KB)
...
006 (432527.000.000) 05/16 10:50:32 Image size of job updated: 9726656
	9435  -  MemoryUsage of job (MB)
	9660620  -  ResidentSetSize of job (KB)
...
006 (432527.000.000) 05/16 10:55:33 Image size of job updated: 9875560
	9580  -  MemoryUsage of job (MB)
	9809532  -  ResidentSetSize of job (KB)
...
006 (432527.000.000) 05/16 11:00:33 Image size of job updated: 10987008
	10658  -  MemoryUsage of job (MB)
	10913036  -  ResidentSetSize of job (KB)
...
006 (432527.000.000) 05/16 11:05:33 Image size of job updated: 10987008
	10658  -  MemoryUsage of job (MB)
	10913060  -  ResidentSetSize of job (KB)
...
006 (432527.000.000) 05/16 11:10:34 Image size of job updated: 11589176
	11254  -  MemoryUsage of job (MB)
	11523780  -  ResidentSetSize of job (KB)
...
006 (432527.000.000) 05/16 11:15:34 Image size of job updated: 11920004
	11561  -  MemoryUsage of job (MB)
	11838116  -  ResidentSetSize of job (KB)
...
006 (432527.000.000) 05/16 11:20:34 Image size of job updated: 12530972
	12152  -  MemoryUsage of job (MB)
	12443180  -  ResidentSetSize of job (KB)
...
006 (432527.000.000) 05/16 11:25:35 Image size of job updated: 12723924
	12337  -  MemoryUsage of job (MB)
	12632976  -  ResidentSetSize of job (KB)
...
006 (432527.000.000) 05/16 11:30:35 Image size of job updated: 13281648
	12873  -  MemoryUsage of job (MB)
	13180952  -  ResidentSetSize of job (KB)
...
006 (432527.000.000) 05/16 11:35:35 Image size of job updated: 13731044
	13300  -  MemoryUsage of job (MB)
	13618836  -  ResidentSetSize of job (KB)
...
006 (432527.000.000) 05/16 11:40:36 Image size of job updated: 14609012
	14154  -  MemoryUsage of job (MB)
	14493484  -  ResidentSetSize of job (KB)
...
006 (432527.000.000) 05/16 11:45:36 Image size of job updated: 14882516
	14402  -  MemoryUsage of job (MB)
	14747156  -  ResidentSetSize of job (KB)
...
006 (432527.000.000) 05/16 11:50:36 Image size of job updated: 15395448
	14973  -  MemoryUsage of job (MB)
	15331520  -  ResidentSetSize of job (KB)
...
006 (432527.000.000) 05/16 11:55:37 Image size of job updated: 15515728
	15081  -  MemoryUsage of job (MB)
	15442224  -  ResidentSetSize of job (KB)
...
006 (432527.000.000) 05/16 12:00:37 Image size of job updated: 16274132
	15798  -  MemoryUsage of job (MB)
	16176164  -  ResidentSetSize of job (KB)
...
006 (432527.000.000) 05/16 12:05:37 Image size of job updated: 16573748
	16090  -  MemoryUsage of job (MB)
	16475796  -  ResidentSetSize of job (KB)
...
006 (432527.000.000) 05/16 12:10:38 Image size of job updated: 16960604
	16384  -  MemoryUsage of job (MB)
	16776272  -  ResidentSetSize of job (KB)
...
006 (432527.000.000) 05/16 12:15:38 Image size of job updated: 18018776
	17417  -  MemoryUsage of job (MB)
	17834440  -  ResidentSetSize of job (KB)
...
006 (432527.000.000) 05/16 12:20:38 Image size of job updated: 18194308
	17552  -  MemoryUsage of job (MB)
	17972796  -  ResidentSetSize of job (KB)
...
006 (432527.000.000) 05/16 12:25:39 Image size of job updated: 19016260
	18353  -  MemoryUsage of job (MB)
	18792764  -  ResidentSetSize of job (KB)
...
006 (432527.000.000) 05/16 12:30:39 Image size of job updated: 19085212
	18353  -  MemoryUsage of job (MB)
	18792776  -  ResidentSetSize of job (KB)
...
006 (432527.000.000) 05/16 12:35:39 Image size of job updated: 19845484
	19067  -  MemoryUsage of job (MB)
	19523736  -  ResidentSetSize of job (KB)
...
006 (432527.000.000) 05/16 12:40:40 Image size of job updated: 20106896
	19310  -  MemoryUsage of job (MB)
	19773072  -  ResidentSetSize of job (KB)
...
006 (432527.000.000) 05/16 12:45:40 Image size of job updated: 33815040
	32977  -  MemoryUsage of job (MB)
	33767684  -  ResidentSetSize of job (KB)
...
005 (432527.000.000) 05/16 22:18:56 Job terminated.
	(1) Normal termination (return value 0)
		Usr 0 11:07:29, Sys 0 00:28:28  -  Run Remote Usage
		Usr 0 00:00:00, Sys 0 00:00:00  -  Run Local Usage
		Usr 0 11:07:29, Sys 0 00:28:28  -  Total Remote Usage
		Usr 0 00:00:00, Sys 0 00:00:00  -  Total Local Usage
	480566  -  Run Bytes Sent By Job
	205  -  Run Bytes Received By Job
	480566  -  Total Bytes Sent By Job
	205  -  Total Bytes Received By Job
	Partitionable Resources :    Usage  Request Allocated 
	   Cpus                 :     0.99        1         1 
	   Disk (KB)            :   486           1    821995 
	   Memory (MB)          : 32977       51200     51200 
...
000 (440722.000.000) 05/23 15:13:06 Job submitted from host: <172.20.203.50:9618?addrs=172.20.203.50-9618&noUDP&sock=1508097_aeae_4>
...
001 (440722.000.000) 05/23 15:13:27 Job executing on host: <10.194.1.6:9618?addrs=10.194.1.6-9618+[--1]-9618&noUDP&sock=13347_82a4_3>
...
006 (440722.000.000) 05/23 15:13:36 Image size of job updated: 48168
	48  -  MemoryUsage of job (MB)
	48168  -  ResidentSetSize of job (KB)
...
006 (440722.000.000) 05/23 15:18:37 Image size of job updated: 1375020
	1343  -  MemoryUsage of job (MB)
	1375020  -  ResidentSetSize of job (KB)
...
006 (440722.000.000) 05/23 15:23:37 Image size of job updated: 1484460
	1450  -  MemoryUsage of job (MB)
	1484460  -  ResidentSetSize of job (KB)
...
006 (440722.000.000) 05/23 15:28:37 Image size of job updated: 1833176
	1791  -  MemoryUsage of job (MB)
	1833176  -  ResidentSetSize of job (KB)
...
006 (440722.000.000) 05/23 15:33:38 Image size of job updated: 2214604
	2163  -  MemoryUsage of job (MB)
	2214604  -  ResidentSetSize of job (KB)
...
006 (440722.000.000) 05/23 15:38:38 Image size of job updated: 3290708
	3214  -  MemoryUsage of job (MB)
	3290708  -  ResidentSetSize of job (KB)
...
006 (440722.000.000) 05/23 15:43:38 Image size of job updated: 3290708
	3214  -  MemoryUsage of job (MB)
	3290764  -  ResidentSetSize of job (KB)
...
006 (440722.000.000) 05/23 15:48:40 Image size of job updated: 3527424
	3437  -  MemoryUsage of job (MB)
	3519280  -  ResidentSetSize of job (KB)
...
006 (440722.000.000) 05/23 15:53:40 Image size of job updated: 3790268
	3686  -  MemoryUsage of job (MB)
	3774324  -  ResidentSetSize of job (KB)
...
006 (440722.000.000) 05/23 15:58:40 Image size of job updated: 4727740
	4595  -  MemoryUsage of job (MB)
	4704444  -  ResidentSetSize of job (KB)
...
006 (440722.000.000) 05/23 16:03:41 Image size of job updated: 5102820
	4948  -  MemoryUsage of job (MB)
	5066636  -  ResidentSetSize of job (KB)
...
006 (440722.000.000) 05/23 16:08:42 Image size of job updated: 5599124
	5345  -  MemoryUsage of job (MB)
	5472672  -  ResidentSetSize of job (KB)
...
006 (440722.000.000) 05/23 16:13:42 Image size of job updated: 6230508
	6034  -  MemoryUsage of job (MB)
	6178692  -  ResidentSetSize of job (KB)
...
006 (440722.000.000) 05/23 16:18:43 Image size of job updated: 6419536
	6185  -  MemoryUsage of job (MB)
	6332992  -  ResidentSetSize of job (KB)
...
006 (440722.000.000) 05/23 16:23:44 Image size of job updated: 6873116
	6530  -  MemoryUsage of job (MB)
	6685776  -  ResidentSetSize of job (KB)
...
006 (440722.000.000) 05/23 16:28:44 Image size of job updated: 7451124
	7060  -  MemoryUsage of job (MB)
	7228548  -  ResidentSetSize of job (KB)
...
006 (440722.000.000) 05/23 16:33:44 Image size of job updated: 8518388
	8241  -  MemoryUsage of job (MB)
	8437996  -  ResidentSetSize of job (KB)
...
006 (440722.000.000) 05/23 16:38:45 Image size of job updated: 8518388
	8241  -  MemoryUsage of job (MB)
	8438012  -  ResidentSetSize of job (KB)
...
006 (440722.000.000) 05/23 16:43:45 Image size of job updated: 9399572
	9053  -  MemoryUsage of job (MB)
	9269348  -  ResidentSetSize of job (KB)
...
006 (440722.000.000) 05/23 16:48:45 Image size of job updated: 9477976
	9097  -  MemoryUsage of job (MB)
	9314960  -  ResidentSetSize of job (KB)
...
006 (440722.000.000) 05/23 16:53:46 Image size of job updated: 10290472
	9864  -  MemoryUsage of job (MB)
	10099800  -  ResidentSetSize of job (KB)
...
006 (440722.000.000) 05/23 16:58:47 Image size of job updated: 10849340
	10380  -  MemoryUsage of job (MB)
	10628144  -  ResidentSetSize of job (KB)
...
006 (440722.000.000) 05/23 17:03:47 Image size of job updated: 11451504
	10935  -  MemoryUsage of job (MB)
	11197024  -  ResidentSetSize of job (KB)
...
006 (440722.000.000) 05/23 17:08:48 Image size of job updated: 11547372
	11063  -  MemoryUsage of job (MB)
	11328488  -  ResidentSetSize of job (KB)
...
006 (440722.000.000) 05/23 17:13:49 Image size of job updated: 11787300
	11063  -  MemoryUsage of job (MB)
	11328488  -  ResidentSetSize of job (KB)
...
006 (440722.000.000) 05/23 17:18:49 Image size of job updated: 12134796
	11063  -  MemoryUsage of job (MB)
	11328488  -  ResidentSetSize of job (KB)
...
006 (440722.000.000) 05/23 17:23:49 Image size of job updated: 12836480
	11479  -  MemoryUsage of job (MB)
	11753788  -  ResidentSetSize of job (KB)
...
006 (440722.000.000) 05/23 17:28:50 Image size of job updated: 13419244
	11965  -  MemoryUsage of job (MB)
	12251396  -  ResidentSetSize of job (KB)
...
006 (440722.000.000) 05/23 17:33:50 Image size of job updated: 13861236
	12323  -  MemoryUsage of job (MB)
	12617788  -  ResidentSetSize of job (KB)
...
006 (440722.000.000) 05/23 17:38:50 Image size of job updated: 14149128
	12447  -  MemoryUsage of job (MB)
	12744916  -  ResidentSetSize of job (KB)
...
006 (440722.000.000) 05/23 17:43:51 Image size of job updated: 14414288
	12598  -  MemoryUsage of job (MB)
	12900328  -  ResidentSetSize of job (KB)
...
006 (440722.000.000) 05/23 17:48:51 Image size of job updated: 15139580
	13231  -  MemoryUsage of job (MB)
	13547788  -  ResidentSetSize of job (KB)
...
006 (440722.000.000) 05/23 17:53:51 Image size of job updated: 15602460
	13574  -  MemoryUsage of job (MB)
	13899316  -  ResidentSetSize of job (KB)
...
006 (440722.000.000) 05/23 17:58:52 Image size of job updated: 16064780
	13739  -  MemoryUsage of job (MB)
	14068504  -  ResidentSetSize of job (KB)
...
006 (440722.000.000) 05/23 18:03:52 Image size of job updated: 16210464
	13775  -  MemoryUsage of job (MB)
	14104696  -  ResidentSetSize of job (KB)
...
006 (440722.000.000) 05/23 18:08:52 Image size of job updated: 17236012
	14694  -  MemoryUsage of job (MB)
	15046192  -  ResidentSetSize of job (KB)
...
006 (440722.000.000) 05/23 18:13:53 Image size of job updated: 17236012
	14694  -  MemoryUsage of job (MB)
	15046196  -  ResidentSetSize of job (KB)
...
006 (440722.000.000) 05/23 18:18:54 Image size of job updated: 17728752
	14923  -  MemoryUsage of job (MB)
	15280204  -  ResidentSetSize of job (KB)
...
006 (440722.000.000) 05/23 18:23:54 Image size of job updated: 17979232
	15061  -  MemoryUsage of job (MB)
	15421592  -  ResidentSetSize of job (KB)
...
006 (440722.000.000) 05/23 18:28:55 Image size of job updated: 18941724
	15929  -  MemoryUsage of job (MB)
	16311120  -  ResidentSetSize of job (KB)
...
006 (440722.000.000) 05/23 18:33:56 Image size of job updated: 18950108
	15929  -  MemoryUsage of job (MB)
	16311120  -  ResidentSetSize of job (KB)
...
006 (440722.000.000) 05/23 18:38:56 Image size of job updated: 19906248
	16712  -  MemoryUsage of job (MB)
	17112088  -  ResidentSetSize of job (KB)
...
006 (440722.000.000) 05/23 18:43:56 Image size of job updated: 20352368
	17006  -  MemoryUsage of job (MB)
	17413124  -  ResidentSetSize of job (KB)
...
006 (440722.000.000) 05/23 18:48:57 Image size of job updated: 20394640
	18585  -  MemoryUsage of job (MB)
	19030580  -  ResidentSetSize of job (KB)
...
006 (440722.000.000) 05/23 18:53:57 Image size of job updated: 33819948
	32684  -  MemoryUsage of job (MB)
	33468232  -  ResidentSetSize of job (KB)
...
005 (440722.000.000) 05/24 04:29:54 Job terminated.
	(1) Normal termination (return value 0)
		Usr 0 11:59:48, Sys 0 00:24:27  -  Run Remote Usage
		Usr 0 00:00:00, Sys 0 00:00:00  -  Run Local Usage
		Usr 0 11:59:48, Sys 0 00:24:27  -  Total Remote Usage
		Usr 0 00:00:00, Sys 0 00:00:00  -  Total Local Usage
	480526  -  Run Bytes Sent By Job
	205  -  Run Bytes Received By Job
	480526  -  Total Bytes Sent By Job
	205  -  Total Bytes Received By Job
	Partitionable Resources :    Usage  Request Allocated 
	   Cpus                 :                 1         1 
	   Disk (KB)            :      479        1  10479080 
	   Memory (MB)          :    32684    51200     51200 
...
000 (456351.000.000) 06/07 20:38:01 Job submitted from host: <172.20.203.50:9618?addrs=172.20.203.50-9618&noUDP&sock=1508097_aeae_4>
...
001 (456351.000.000) 06/07 20:38:21 Job executing on host: <10.194.1.101:9618?addrs=10.194.1.101-9618&noUDP&sock=2723_547a_3>
...
006 (456351.000.000) 06/07 20:38:30 Image size of job updated: 86152
	53  -  MemoryUsage of job (MB)
	53260  -  ResidentSetSize of job (KB)
...
006 (456351.000.000) 06/07 20:43:31 Image size of job updated: 595608
	549  -  MemoryUsage of job (MB)
	561880  -  ResidentSetSize of job (KB)
...
006 (456351.000.000) 06/07 20:48:32 Image size of job updated: 1382892
	1318  -  MemoryUsage of job (MB)
	1349164  -  ResidentSetSize of job (KB)
...
006 (456351.000.000) 06/07 20:53:32 Image size of job updated: 2141204
	2059  -  MemoryUsage of job (MB)
	2107476  -  ResidentSetSize of job (KB)
...
006 (456351.000.000) 06/07 20:58:32 Image size of job updated: 2157124
	2074  -  MemoryUsage of job (MB)
	2123396  -  ResidentSetSize of job (KB)
...
006 (456351.000.000) 06/07 21:03:33 Image size of job updated: 3450768
	3337  -  MemoryUsage of job (MB)
	3416212  -  ResidentSetSize of job (KB)
...
006 (456351.000.000) 06/07 21:08:33 Image size of job updated: 3450768
	3337  -  MemoryUsage of job (MB)
	3416224  -  ResidentSetSize of job (KB)
...
006 (456351.000.000) 06/07 21:13:33 Image size of job updated: 4140252
	3986  -  MemoryUsage of job (MB)
	4080884  -  ResidentSetSize of job (KB)
...
006 (456351.000.000) 06/07 21:18:34 Image size of job updated: 4172680
	4027  -  MemoryUsage of job (MB)
	4122816  -  ResidentSetSize of job (KB)
...
006 (456351.000.000) 06/07 21:23:34 Image size of job updated: 5141192
	4965  -  MemoryUsage of job (MB)
	5083516  -  ResidentSetSize of job (KB)
...
006 (456351.000.000) 06/07 21:28:34 Image size of job updated: 5737852
	5533  -  MemoryUsage of job (MB)
	5665452  -  ResidentSetSize of job (KB)
...
006 (456351.000.000) 06/07 21:33:35 Image size of job updated: 5737852
	5533  -  MemoryUsage of job (MB)
	5665468  -  ResidentSetSize of job (KB)
...
006 (456351.000.000) 06/07 21:38:35 Image size of job updated: 6177604
	5959  -  MemoryUsage of job (MB)
	6101960  -  ResidentSetSize of job (KB)
...
006 (456351.000.000) 06/07 21:43:35 Image size of job updated: 7220116
	6972  -  MemoryUsage of job (MB)
	7138708  -  ResidentSetSize of job (KB)
...
006 (456351.000.000) 06/07 21:48:36 Image size of job updated: 7626608
	7355  -  MemoryUsage of job (MB)
	7530776  -  ResidentSetSize of job (KB)
...
006 (456351.000.000) 06/07 21:58:36 Image size of job updated: 8433924
	8167  -  MemoryUsage of job (MB)
	8362092  -  ResidentSetSize of job (KB)
...
006 (456351.000.000) 06/07 22:08:37 Image size of job updated: 8662148
	8367  -  MemoryUsage of job (MB)
	8567384  -  ResidentSetSize of job (KB)
...
006 (456351.000.000) 06/07 22:13:37 Image size of job updated: 9278140
	8958  -  MemoryUsage of job (MB)
	9172148  -  ResidentSetSize of job (KB)
...
006 (456351.000.000) 06/07 22:18:38 Image size of job updated: 10007492
	9654  -  MemoryUsage of job (MB)
	9885432  -  ResidentSetSize of job (KB)
...
006 (456351.000.000) 06/07 22:28:38 Image size of job updated: 11138672
	10732  -  MemoryUsage of job (MB)
	10989368  -  ResidentSetSize of job (KB)
...
006 (456351.000.000) 06/07 22:38:39 Image size of job updated: 11533108
	11144  -  MemoryUsage of job (MB)
	11411060  -  ResidentSetSize of job (KB)
...
006 (456351.000.000) 06/07 22:43:39 Image size of job updated: 11759072
	11353  -  MemoryUsage of job (MB)
	11624960  -  ResidentSetSize of job (KB)
...
006 (456351.000.000) 06/07 22:48:40 Image size of job updated: 13075484
	12624  -  MemoryUsage of job (MB)
	12926384  -  ResidentSetSize of job (KB)
...
006 (456351.000.000) 06/07 22:53:40 Image size of job updated: 13075484
	12624  -  MemoryUsage of job (MB)
	12926400  -  ResidentSetSize of job (KB)
...
006 (456351.000.000) 06/07 22:58:40 Image size of job updated: 13735184
	13247  -  MemoryUsage of job (MB)
	13564760  -  ResidentSetSize of job (KB)
...
006 (456351.000.000) 06/07 23:03:41 Image size of job updated: 14075400
	13565  -  MemoryUsage of job (MB)
	13889756  -  ResidentSetSize of job (KB)
...
006 (456351.000.000) 06/07 23:08:41 Image size of job updated: 14602816
	14060  -  MemoryUsage of job (MB)
	14397356  -  ResidentSetSize of job (KB)
...
006 (456351.000.000) 06/07 23:13:41 Image size of job updated: 14995744
	14436  -  MemoryUsage of job (MB)
	14781868  -  ResidentSetSize of job (KB)
...
006 (456351.000.000) 06/07 23:18:42 Image size of job updated: 14995744
	14436  -  MemoryUsage of job (MB)
	14781872  -  ResidentSetSize of job (KB)
...
006 (456351.000.000) 06/07 23:23:43 Image size of job updated: 15729684
	15245  -  MemoryUsage of job (MB)
	15610636  -  ResidentSetSize of job (KB)
...
006 (456351.000.000) 06/07 23:28:43 Image size of job updated: 15861060
	15353  -  MemoryUsage of job (MB)
	15721076  -  ResidentSetSize of job (KB)
...
006 (456351.000.000) 06/07 23:33:44 Image size of job updated: 16290580
	15764  -  MemoryUsage of job (MB)
	16141672  -  ResidentSetSize of job (KB)
...
006 (456351.000.000) 06/07 23:38:45 Image size of job updated: 17574912
	17008  -  MemoryUsage of job (MB)
	17415688  -  ResidentSetSize of job (KB)
...
006 (456351.000.000) 06/07 23:48:46 Image size of job updated: 17986588
	17390  -  MemoryUsage of job (MB)
	17807096  -  ResidentSetSize of job (KB)
...
006 (456351.000.000) 06/07 23:58:47 Image size of job updated: 18386884
	17749  -  MemoryUsage of job (MB)
	18174380  -  ResidentSetSize of job (KB)
...
006 (456351.000.000) 06/08 00:03:47 Image size of job updated: 19183072
	18515  -  MemoryUsage of job (MB)
	18958848  -  ResidentSetSize of job (KB)
...
006 (456351.000.000) 06/08 00:08:48 Image size of job updated: 20106764
	19407  -  MemoryUsage of job (MB)
	19871928  -  ResidentSetSize of job (KB)
...
006 (456351.000.000) 06/08 00:13:48 Image size of job updated: 20106764
	19407  -  MemoryUsage of job (MB)
	19871940  -  ResidentSetSize of job (KB)
...
006 (456351.000.000) 06/08 00:18:48 Image size of job updated: 20411884
	19763  -  MemoryUsage of job (MB)
	20237304  -  ResidentSetSize of job (KB)
...
006 (456351.000.000) 06/08 01:48:57 Image size of job updated: 20585640
	19804  -  MemoryUsage of job (MB)
	20279260  -  ResidentSetSize of job (KB)
...
006 (456351.000.000) 06/08 01:53:57 Image size of job updated: 21003604
	20192  -  MemoryUsage of job (MB)
	20675796  -  ResidentSetSize of job (KB)
...
006 (456351.000.000) 06/08 01:58:58 Image size of job updated: 21618860
	20783  -  MemoryUsage of job (MB)
	21280800  -  ResidentSetSize of job (KB)
...
006 (456351.000.000) 06/08 02:03:59 Image size of job updated: 22300280
	21197  -  MemoryUsage of job (MB)
	21704964  -  ResidentSetSize of job (KB)
...
006 (456351.000.000) 06/08 02:08:59 Image size of job updated: 22568472
	21324  -  MemoryUsage of job (MB)
	21835400  -  ResidentSetSize of job (KB)
...
006 (456351.000.000) 06/08 02:14:00 Image size of job updated: 22996804
	21324  -  MemoryUsage of job (MB)
	21835400  -  ResidentSetSize of job (KB)
...
006 (456351.000.000) 06/08 02:19:01 Image size of job updated: 23513564
	21324  -  MemoryUsage of job (MB)
	21835400  -  ResidentSetSize of job (KB)
...
006 (456351.000.000) 06/08 02:24:01 Image size of job updated: 24001048
	21324  -  MemoryUsage of job (MB)
	21835400  -  ResidentSetSize of job (KB)
...
006 (456351.000.000) 06/08 02:29:02 Image size of job updated: 24268140
	21324  -  MemoryUsage of job (MB)
	21835400  -  ResidentSetSize of job (KB)
...
006 (456351.000.000) 06/08 02:34:02 Image size of job updated: 25037360
	21324  -  MemoryUsage of job (MB)
	21835400  -  ResidentSetSize of job (KB)
...
006 (456351.000.000) 06/08 02:39:02 Image size of job updated: 25093480
	21324  -  MemoryUsage of job (MB)
	21835400  -  ResidentSetSize of job (KB)
...
006 (456351.000.000) 06/08 02:44:03 Image size of job updated: 25562464
	21324  -  MemoryUsage of job (MB)
	21835400  -  ResidentSetSize of job (KB)
...
006 (456351.000.000) 06/08 02:49:03 Image size of job updated: 26312692
	21324  -  MemoryUsage of job (MB)
	21835400  -  ResidentSetSize of job (KB)
...
006 (456351.000.000) 06/08 02:54:03 Image size of job updated: 26484436
	21324  -  MemoryUsage of job (MB)
	21835400  -  ResidentSetSize of job (KB)
...
006 (456351.000.000) 06/08 02:59:04 Image size of job updated: 26956272
	21324  -  MemoryUsage of job (MB)
	21835400  -  ResidentSetSize of job (KB)
...
006 (456351.000.000) 06/08 03:04:04 Image size of job updated: 27587968
	21324  -  MemoryUsage of job (MB)
	21835400  -  ResidentSetSize of job (KB)
...
006 (456351.000.000) 06/08 03:09:05 Image size of job updated: 27831984
	21324  -  MemoryUsage of job (MB)
	21835400  -  ResidentSetSize of job (KB)
...
006 (456351.000.000) 06/08 03:14:06 Image size of job updated: 28400304
	21324  -  MemoryUsage of job (MB)
	21835400  -  ResidentSetSize of job (KB)
...
005 (456351.000.000) 06/08 09:15:39 Job terminated.
	(1) Normal termination (return value 0)
		Usr 0 10:27:40, Sys 0 00:26:09  -  Run Remote Usage
		Usr 0 00:00:00, Sys 0 00:00:00  -  Run Local Usage
		Usr 0 10:27:40, Sys 0 00:26:09  -  Total Remote Usage
		Usr 0 00:00:00, Sys 0 00:00:00  -  Total Local Usage
	491755  -  Run Bytes Sent By Job
	205  -  Run Bytes Received By Job
	491755  -  Total Bytes Sent By Job
	205  -  Total Bytes Received By Job
	Partitionable Resources :    Usage  Request Allocated 
	   Cpus                 :     0.92        1         1 
	   Disk (KB)            :   496           1    822359 
	   Memory (MB)          : 21324       51200     51200 
...
