000 (31422.000.000) 2021-07-01 15:13:45 Job submitted from host: <194.36.1.200:9618?addrs=194.36.1.200-9618&alias=hex.ppe.gla.ac.uk&noUDP&sock=schedd_1401_8c46>
...
040 (31422.000.000) 2021-07-01 15:15:15 Started transferring input files
	Transferring to host: <192.168.16.112:9618?addrs=192.168.16.112-9618&alias=condor-d19-02.ppe.cluster&noUDP&sock=slot1_1_83748_cac7_5456>
...
040 (31422.000.000) 2021-07-01 15:15:15 Finished transferring input files
...
001 (31422.000.000) 2021-07-01 15:15:16 Job executing on host: <192.168.16.112:9618?addrs=192.168.16.112-9618&alias=condor-d19-02.ppe.cluster&noUDP&sock=startd_2914_5710>
...
006 (31422.000.000) 2021-07-01 15:15:25 Image size of job updated: 85380
	2  -  MemoryUsage of job (MB)
	1092  -  ResidentSetSize of job (KB)
...
006 (31422.000.000) 2021-07-01 15:20:26 Image size of job updated: 1787208
	594  -  MemoryUsage of job (MB)
	607720  -  ResidentSetSize of job (KB)
...
006 (31422.000.000) 2021-07-01 15:25:27 Image size of job updated: 1847928
	1107  -  MemoryUsage of job (MB)
	1132960  -  ResidentSetSize of job (KB)
...
006 (31422.000.000) 2021-07-01 17:15:36 Image size of job updated: 1882900
	1107  -  MemoryUsage of job (MB)
	1132960  -  ResidentSetSize of job (KB)
...
006 (31422.000.000) 2021-07-01 17:45:39 Image size of job updated: 1883396
	1107  -  MemoryUsage of job (MB)
	1132960  -  ResidentSetSize of job (KB)
...
006 (31422.000.000) 2021-07-01 22:31:09 Image size of job updated: 1902840
	1107  -  MemoryUsage of job (MB)
	1132960  -  ResidentSetSize of job (KB)
...
040 (31422.000.000) 2021-07-02 03:31:24 Started transferring output files
...
040 (31422.000.000) 2021-07-02 03:31:24 Finished transferring output files
...
005 (31422.000.000) 2021-07-02 03:31:24 Job terminated.
	(1) Normal termination (return value 0)
		Usr 0 10:43:34, Sys 0 01:29:25  -  Run Remote Usage
		Usr 0 00:00:00, Sys 0 00:00:00  -  Run Local Usage
		Usr 0 10:43:34, Sys 0 01:29:25  -  Total Remote Usage
		Usr 0 00:00:00, Sys 0 00:00:00  -  Total Local Usage
	1246972  -  Run Bytes Sent By Job
	314  -  Run Bytes Received By Job
	1246972  -  Total Bytes Sent By Job
	314  -  Total Bytes Received By Job
	Partitionable Resources :    Usage  Request Allocated 
	   Cpus                 :     1.00        1         1 
	   Disk (KB)            :  1233           1    825748 
	   Memory (MB)          :  1107        1024      1024 

	Job terminated of its own accord at 2021-07-02T02:31:24Z.
...
