000 (32298.000.000) 2021-07-01 15:15:54 Job submitted from host: <194.36.1.200:9618?addrs=194.36.1.200-9618&alias=hex.ppe.gla.ac.uk&noUDP&sock=schedd_1401_8c46>
...
040 (32298.000.000) 2021-07-02 03:56:22 Started transferring input files
	Transferring to host: <192.168.16.112:9618?addrs=192.168.16.112-9618&alias=condor-d19-02.ppe.cluster&noUDP&sock=slot1_29_83748_cac7_5665>
...
040 (32298.000.000) 2021-07-02 03:56:22 Finished transferring input files
...
001 (32298.000.000) 2021-07-02 03:56:23 Job executing on host: <192.168.16.112:9618?addrs=192.168.16.112-9618&alias=condor-d19-02.ppe.cluster&noUDP&sock=startd_2914_5710>
...
006 (32298.000.000) 2021-07-02 03:56:32 Image size of job updated: 23108
	2  -  MemoryUsage of job (MB)
	1144  -  ResidentSetSize of job (KB)
...
006 (32298.000.000) 2021-07-02 04:01:33 Image size of job updated: 1784568
	1043  -  MemoryUsage of job (MB)
	1067440  -  ResidentSetSize of job (KB)
...
006 (32298.000.000) 2021-07-02 04:11:33 Image size of job updated: 1796436
	1043  -  MemoryUsage of job (MB)
	1067440  -  ResidentSetSize of job (KB)
...
006 (32298.000.000) 2021-07-02 04:21:34 Image size of job updated: 1799940
	1043  -  MemoryUsage of job (MB)
	1067440  -  ResidentSetSize of job (KB)
...
006 (32298.000.000) 2021-07-02 04:26:34 Image size of job updated: 1816196
	1043  -  MemoryUsage of job (MB)
	1067440  -  ResidentSetSize of job (KB)
...
006 (32298.000.000) 2021-07-02 04:36:35 Image size of job updated: 1824012
	1043  -  MemoryUsage of job (MB)
	1067440  -  ResidentSetSize of job (KB)
...
006 (32298.000.000) 2021-07-02 05:21:40 Image size of job updated: 1841292
	1043  -  MemoryUsage of job (MB)
	1067440  -  ResidentSetSize of job (KB)
...
006 (32298.000.000) 2021-07-02 06:41:49 Image size of job updated: 1847272
	1043  -  MemoryUsage of job (MB)
	1067440  -  ResidentSetSize of job (KB)
...
006 (32298.000.000) 2021-07-02 06:46:50 Image size of job updated: 1851040
	1043  -  MemoryUsage of job (MB)
	1067440  -  ResidentSetSize of job (KB)
...
006 (32298.000.000) 2021-07-02 06:51:50 Image size of job updated: 1851644
	1043  -  MemoryUsage of job (MB)
	1067440  -  ResidentSetSize of job (KB)
...
006 (32298.000.000) 2021-07-02 07:46:56 Image size of job updated: 1855656
	1043  -  MemoryUsage of job (MB)
	1067440  -  ResidentSetSize of job (KB)
...
006 (32298.000.000) 2021-07-02 08:22:00 Image size of job updated: 1886520
	1043  -  MemoryUsage of job (MB)
	1067440  -  ResidentSetSize of job (KB)
...
006 (32298.000.000) 2021-07-02 11:37:20 Image size of job updated: 1888492
	1043  -  MemoryUsage of job (MB)
	1067440  -  ResidentSetSize of job (KB)
...
040 (32298.000.000) 2021-07-02 15:46:42 Started transferring output files
...
040 (32298.000.000) 2021-07-02 15:46:42 Finished transferring output files
...
005 (32298.000.000) 2021-07-02 15:46:42 Job terminated.
	(1) Normal termination (return value 0)
		Usr 0 10:18:35, Sys 0 01:24:17  -  Run Remote Usage
		Usr 0 00:00:00, Sys 0 00:00:00  -  Run Local Usage
		Usr 0 10:18:35, Sys 0 01:24:17  -  Total Remote Usage
		Usr 0 00:00:00, Sys 0 00:00:00  -  Total Local Usage
	1243315  -  Run Bytes Sent By Job
	314  -  Run Bytes Received By Job
	1243315  -  Total Bytes Sent By Job
	314  -  Total Bytes Received By Job
	Partitionable Resources :    Usage  Request Allocated 
	   Cpus                 :     1.00        1         1 
	   Disk (KB)            :  1230           1    825748 
	   Memory (MB)          :  1043        1024      1024 

	Job terminated of its own accord at 2021-07-02T14:46:42Z.
...
