000 (31943.000.000) 2021-07-01 15:15:30 Job submitted from host: <194.36.1.200:9618?addrs=194.36.1.200-9618&alias=hex.ppe.gla.ac.uk&noUDP&sock=schedd_1401_8c46>
...
040 (31943.000.000) 2021-07-01 23:57:36 Started transferring input files
	Transferring to host: <192.168.16.111:9618?addrs=192.168.16.111-9618&alias=condor-d19-01.ppe.cluster&noUDP&sock=slot1_42_88351_05a2_5322>
...
040 (31943.000.000) 2021-07-01 23:57:36 Finished transferring input files
...
001 (31943.000.000) 2021-07-01 23:57:37 Job executing on host: <192.168.16.111:9618?addrs=192.168.16.111-9618&alias=condor-d19-01.ppe.cluster&noUDP&sock=startd_2932_afc5>
...
006 (31943.000.000) 2021-07-01 23:57:46 Image size of job updated: 23108
	2  -  MemoryUsage of job (MB)
	1120  -  ResidentSetSize of job (KB)
...
006 (31943.000.000) 2021-07-02 00:02:47 Image size of job updated: 1815172
	1024  -  MemoryUsage of job (MB)
	1047712  -  ResidentSetSize of job (KB)
...
006 (31943.000.000) 2021-07-02 00:17:49 Image size of job updated: 1815172
	1071  -  MemoryUsage of job (MB)
	1096104  -  ResidentSetSize of job (KB)
...
006 (31943.000.000) 2021-07-02 00:22:49 Image size of job updated: 1817248
	1071  -  MemoryUsage of job (MB)
	1096104  -  ResidentSetSize of job (KB)
...
006 (31943.000.000) 2021-07-02 00:27:49 Image size of job updated: 1841992
	1071  -  MemoryUsage of job (MB)
	1096104  -  ResidentSetSize of job (KB)
...
006 (31943.000.000) 2021-07-02 00:32:50 Image size of job updated: 1842496
	1071  -  MemoryUsage of job (MB)
	1096104  -  ResidentSetSize of job (KB)
...
006 (31943.000.000) 2021-07-02 00:37:50 Image size of job updated: 1855496
	1071  -  MemoryUsage of job (MB)
	1096104  -  ResidentSetSize of job (KB)
...
006 (31943.000.000) 2021-07-02 00:42:50 Image size of job updated: 1870404
	1071  -  MemoryUsage of job (MB)
	1096104  -  ResidentSetSize of job (KB)
...
006 (31943.000.000) 2021-07-02 01:22:55 Image size of job updated: 1871188
	1071  -  MemoryUsage of job (MB)
	1096104  -  ResidentSetSize of job (KB)
...
006 (31943.000.000) 2021-07-02 01:37:56 Image size of job updated: 1873836
	1071  -  MemoryUsage of job (MB)
	1096104  -  ResidentSetSize of job (KB)
...
006 (31943.000.000) 2021-07-02 01:42:57 Image size of job updated: 1876308
	1071  -  MemoryUsage of job (MB)
	1096104  -  ResidentSetSize of job (KB)
...
006 (31943.000.000) 2021-07-02 01:52:58 Image size of job updated: 1905168
	1071  -  MemoryUsage of job (MB)
	1096104  -  ResidentSetSize of job (KB)
...
006 (31943.000.000) 2021-07-02 02:18:01 Image size of job updated: 1909216
	1071  -  MemoryUsage of job (MB)
	1096104  -  ResidentSetSize of job (KB)
...
006 (31943.000.000) 2021-07-02 02:33:03 Image size of job updated: 1909620
	1071  -  MemoryUsage of job (MB)
	1096104  -  ResidentSetSize of job (KB)
...
006 (31943.000.000) 2021-07-02 03:58:11 Image size of job updated: 1912504
	1071  -  MemoryUsage of job (MB)
	1096104  -  ResidentSetSize of job (KB)
...
006 (31943.000.000) 2021-07-02 05:33:22 Image size of job updated: 1922928
	1071  -  MemoryUsage of job (MB)
	1096104  -  ResidentSetSize of job (KB)
...
040 (31943.000.000) 2021-07-02 10:54:40 Started transferring output files
...
040 (31943.000.000) 2021-07-02 10:54:40 Finished transferring output files
...
005 (31943.000.000) 2021-07-02 10:54:40 Job terminated.
	(1) Normal termination (return value 0)
		Usr 0 09:28:58, Sys 0 01:19:58  -  Run Remote Usage
		Usr 0 00:00:00, Sys 0 00:00:00  -  Run Local Usage
		Usr 0 09:28:58, Sys 0 01:19:58  -  Total Remote Usage
		Usr 0 00:00:00, Sys 0 00:00:00  -  Total Local Usage
	1220110  -  Run Bytes Sent By Job
	318  -  Run Bytes Received By Job
	1220110  -  Total Bytes Sent By Job
	318  -  Total Bytes Received By Job
	Partitionable Resources :    Usage  Request Allocated 
	   Cpus                 :     0.96        1         1 
	   Disk (KB)            :  1207           1    825748 
	   Memory (MB)          :  1071        1024      1024 

	Job terminated of its own accord at 2021-07-02T09:54:40Z.
...
