000 (32272.000.000) 2021-07-01 15:15:52 Job submitted from host: <194.36.1.200:9618?addrs=194.36.1.200-9618&alias=hex.ppe.gla.ac.uk&noUDP&sock=schedd_1401_8c46>
...
040 (32272.000.000) 2021-07-02 03:37:47 Started transferring input files
	Transferring to host: <192.168.16.112:9618?addrs=192.168.16.112-9618&alias=condor-d19-02.ppe.cluster&noUDP&sock=slot1_4_83748_cac7_5639>
...
040 (32272.000.000) 2021-07-02 03:37:47 Finished transferring input files
...
001 (32272.000.000) 2021-07-02 03:37:48 Job executing on host: <192.168.16.112:9618?addrs=192.168.16.112-9618&alias=condor-d19-02.ppe.cluster&noUDP&sock=startd_2914_5710>
...
006 (32272.000.000) 2021-07-02 03:37:57 Image size of job updated: 1144
	2  -  MemoryUsage of job (MB)
	1144  -  ResidentSetSize of job (KB)
...
006 (32272.000.000) 2021-07-02 03:42:57 Image size of job updated: 1791752
	1050  -  MemoryUsage of job (MB)
	1074548  -  ResidentSetSize of job (KB)
...
006 (32272.000.000) 2021-07-02 04:02:58 Image size of job updated: 1792080
	1050  -  MemoryUsage of job (MB)
	1074548  -  ResidentSetSize of job (KB)
...
006 (32272.000.000) 2021-07-02 04:07:59 Image size of job updated: 1797016
	1050  -  MemoryUsage of job (MB)
	1074548  -  ResidentSetSize of job (KB)
...
006 (32272.000.000) 2021-07-02 04:18:00 Image size of job updated: 1850348
	1050  -  MemoryUsage of job (MB)
	1074548  -  ResidentSetSize of job (KB)
...
006 (32272.000.000) 2021-07-02 04:43:03 Image size of job updated: 1852184
	1050  -  MemoryUsage of job (MB)
	1074548  -  ResidentSetSize of job (KB)
...
006 (32272.000.000) 2021-07-02 05:48:10 Image size of job updated: 1864532
	1050  -  MemoryUsage of job (MB)
	1074548  -  ResidentSetSize of job (KB)
...
006 (32272.000.000) 2021-07-02 06:33:14 Image size of job updated: 1870172
	1050  -  MemoryUsage of job (MB)
	1074548  -  ResidentSetSize of job (KB)
...
006 (32272.000.000) 2021-07-02 08:03:24 Image size of job updated: 1876648
	1050  -  MemoryUsage of job (MB)
	1074548  -  ResidentSetSize of job (KB)
...
006 (32272.000.000) 2021-07-02 08:53:29 Image size of job updated: 1880660
	1050  -  MemoryUsage of job (MB)
	1074548  -  ResidentSetSize of job (KB)
...
006 (32272.000.000) 2021-07-02 10:38:40 Image size of job updated: 1913392
	1050  -  MemoryUsage of job (MB)
	1074548  -  ResidentSetSize of job (KB)
...
040 (32272.000.000) 2021-07-02 15:42:09 Started transferring output files
...
040 (32272.000.000) 2021-07-02 15:42:10 Finished transferring output files
...
005 (32272.000.000) 2021-07-02 15:42:10 Job terminated.
	(1) Normal termination (return value 0)
		Usr 0 10:30:20, Sys 0 01:25:52  -  Run Remote Usage
		Usr 0 00:00:00, Sys 0 00:00:00  -  Run Local Usage
		Usr 0 10:30:20, Sys 0 01:25:52  -  Total Remote Usage
		Usr 0 00:00:00, Sys 0 00:00:00  -  Total Local Usage
	1078672  -  Run Bytes Sent By Job
	318  -  Run Bytes Received By Job
	1078672  -  Total Bytes Sent By Job
	318  -  Total Bytes Received By Job
	Partitionable Resources :    Usage  Request Allocated 
	   Cpus                 :     0.99        1         1 
	   Disk (KB)            :  1069           1    825748 
	   Memory (MB)          :  1050        1024      1024 

	Job terminated of its own accord at 2021-07-02T14:42:09Z.
...
