000 (32300.000.000) 2021-07-01 15:15:55 Job submitted from host: <194.36.1.200:9618?addrs=194.36.1.200-9618&alias=hex.ppe.gla.ac.uk&noUDP&sock=schedd_1401_8c46>
...
040 (32300.000.000) 2021-07-02 03:56:23 Started transferring input files
	Transferring to host: <192.168.16.112:9618?addrs=192.168.16.112-9618&alias=condor-d19-02.ppe.cluster&noUDP&sock=slot1_41_83748_cac7_5667>
...
040 (32300.000.000) 2021-07-02 03:56:23 Finished transferring input files
...
001 (32300.000.000) 2021-07-02 03:56:24 Job executing on host: <192.168.16.112:9618?addrs=192.168.16.112-9618&alias=condor-d19-02.ppe.cluster&noUDP&sock=startd_2914_5710>
...
006 (32300.000.000) 2021-07-02 03:56:32 Image size of job updated: 1136
	2  -  MemoryUsage of job (MB)
	1136  -  ResidentSetSize of job (KB)
...
006 (32300.000.000) 2021-07-02 04:01:32 Image size of job updated: 1789272
	1047  -  MemoryUsage of job (MB)
	1072044  -  ResidentSetSize of job (KB)
...
006 (32300.000.000) 2021-07-02 04:06:32 Image size of job updated: 1853276
	1047  -  MemoryUsage of job (MB)
	1072044  -  ResidentSetSize of job (KB)
...
006 (32300.000.000) 2021-07-02 06:01:44 Image size of job updated: 1854672
	1047  -  MemoryUsage of job (MB)
	1072044  -  ResidentSetSize of job (KB)
...
006 (32300.000.000) 2021-07-02 06:11:45 Image size of job updated: 1859508
	1047  -  MemoryUsage of job (MB)
	1072044  -  ResidentSetSize of job (KB)
...
006 (32300.000.000) 2021-07-02 06:41:49 Image size of job updated: 1865432
	1047  -  MemoryUsage of job (MB)
	1072044  -  ResidentSetSize of job (KB)
...
006 (32300.000.000) 2021-07-02 07:31:54 Image size of job updated: 1873116
	1047  -  MemoryUsage of job (MB)
	1072044  -  ResidentSetSize of job (KB)
...
006 (32300.000.000) 2021-07-02 09:32:06 Image size of job updated: 1880224
	1047  -  MemoryUsage of job (MB)
	1072044  -  ResidentSetSize of job (KB)
...
040 (32300.000.000) 2021-07-02 15:47:20 Started transferring output files
...
040 (32300.000.000) 2021-07-02 15:47:20 Finished transferring output files
...
005 (32300.000.000) 2021-07-02 15:47:20 Job terminated.
	(1) Normal termination (return value 0)
		Usr 0 10:15:10, Sys 0 01:28:24  -  Run Remote Usage
		Usr 0 00:00:00, Sys 0 00:00:00  -  Run Local Usage
		Usr 0 10:15:10, Sys 0 01:28:24  -  Total Remote Usage
		Usr 0 00:00:00, Sys 0 00:00:00  -  Total Local Usage
	1072620  -  Run Bytes Sent By Job
	314  -  Run Bytes Received By Job
	1072620  -  Total Bytes Sent By Job
	314  -  Total Bytes Received By Job
	Partitionable Resources :    Usage  Request Allocated 
	   Cpus                 :     1.00        1         1 
	   Disk (KB)            :  1063           1    825748 
	   Memory (MB)          :  1047        1024      1024 

	Job terminated of its own accord at 2021-07-02T14:47:20Z.
...
