000 (31432.000.000) 2021-07-01 15:13:46 Job submitted from host: <194.36.1.200:9618?addrs=194.36.1.200-9618&alias=hex.ppe.gla.ac.uk&noUDP&sock=schedd_1401_8c46>
...
040 (31432.000.000) 2021-07-01 15:15:15 Started transferring input files
	Transferring to host: <192.168.16.113:9618?addrs=192.168.16.113-9618&alias=condor-d19-03.ppe.cluster&noUDP&sock=slot1_2_1284_71ad_5243>
...
040 (31432.000.000) 2021-07-01 15:15:15 Finished transferring input files
...
001 (31432.000.000) 2021-07-01 15:15:16 Job executing on host: <192.168.16.113:9618?addrs=192.168.16.113-9618&alias=condor-d19-03.ppe.cluster&noUDP&sock=startd_2634_488c>
...
006 (31432.000.000) 2021-07-01 15:15:24 Image size of job updated: 75608
	2  -  MemoryUsage of job (MB)
	1096  -  ResidentSetSize of job (KB)
...
006 (31432.000.000) 2021-07-01 15:20:24 Image size of job updated: 1808908
	1054  -  MemoryUsage of job (MB)
	1079172  -  ResidentSetSize of job (KB)
...
006 (31432.000.000) 2021-07-01 15:35:25 Image size of job updated: 1841540
	1072  -  MemoryUsage of job (MB)
	1097564  -  ResidentSetSize of job (KB)
...
006 (31432.000.000) 2021-07-01 16:55:34 Image size of job updated: 1847796
	1072  -  MemoryUsage of job (MB)
	1097564  -  ResidentSetSize of job (KB)
...
006 (31432.000.000) 2021-07-01 17:05:35 Image size of job updated: 1847796
	1078  -  MemoryUsage of job (MB)
	1103192  -  ResidentSetSize of job (KB)
...
006 (31432.000.000) 2021-07-01 17:10:35 Image size of job updated: 1850900
	1078  -  MemoryUsage of job (MB)
	1103192  -  ResidentSetSize of job (KB)
...
006 (31432.000.000) 2021-07-01 17:30:37 Image size of job updated: 1861928
	1078  -  MemoryUsage of job (MB)
	1103192  -  ResidentSetSize of job (KB)
...
006 (31432.000.000) 2021-07-01 18:10:42 Image size of job updated: 1870772
	1097  -  MemoryUsage of job (MB)
	1123148  -  ResidentSetSize of job (KB)
...
006 (31432.000.000) 2021-07-01 19:45:52 Image size of job updated: 1870772
	1099  -  MemoryUsage of job (MB)
	1124852  -  ResidentSetSize of job (KB)
...
006 (31432.000.000) 2021-07-01 19:50:53 Image size of job updated: 1872828
	1099  -  MemoryUsage of job (MB)
	1124852  -  ResidentSetSize of job (KB)
...
040 (31432.000.000) 2021-07-02 00:34:33 Started transferring output files
...
040 (31432.000.000) 2021-07-02 00:34:33 Finished transferring output files
...
005 (31432.000.000) 2021-07-02 00:34:33 Job terminated.
	(1) Normal termination (return value 0)
		Usr 0 08:21:40, Sys 0 00:55:39  -  Run Remote Usage
		Usr 0 00:00:00, Sys 0 00:00:00  -  Run Local Usage
		Usr 0 08:21:40, Sys 0 00:55:39  -  Total Remote Usage
		Usr 0 00:00:00, Sys 0 00:00:00  -  Total Local Usage
	1229393  -  Run Bytes Sent By Job
	314  -  Run Bytes Received By Job
	1229393  -  Total Bytes Sent By Job
	314  -  Total Bytes Received By Job
	Partitionable Resources :    Usage  Request Allocated 
	   Cpus                 :     1.00        1         1 
	   Disk (KB)            :  1216           1   3637421 
	   Memory (MB)          :  1099        1024      1024 

	Job terminated of its own accord at 2021-07-01T23:34:33Z.
...
