000 (31941.000.000) 2021-07-01 15:15:30 Job submitted from host: <194.36.1.200:9618?addrs=194.36.1.200-9618&alias=hex.ppe.gla.ac.uk&noUDP&sock=schedd_1401_8c46>
...
040 (31941.000.000) 2021-07-01 23:57:36 Started transferring input files
	Transferring to host: <192.168.16.113:9618?addrs=192.168.16.113-9618&alias=condor-d19-03.ppe.cluster&noUDP&sock=slot1_57_1284_71ad_5327>
...
040 (31941.000.000) 2021-07-01 23:57:36 Finished transferring input files
...
001 (31941.000.000) 2021-07-01 23:57:37 Job executing on host: <192.168.16.113:9618?addrs=192.168.16.113-9618&alias=condor-d19-03.ppe.cluster&noUDP&sock=startd_2634_488c>
...
006 (31941.000.000) 2021-07-01 23:57:46 Image size of job updated: 23068
	4  -  MemoryUsage of job (MB)
	3488  -  ResidentSetSize of job (KB)
...
006 (31941.000.000) 2021-07-02 00:02:47 Image size of job updated: 1786080
	876  -  MemoryUsage of job (MB)
	896708  -  ResidentSetSize of job (KB)
...
006 (31941.000.000) 2021-07-02 00:07:47 Image size of job updated: 1800688
	1059  -  MemoryUsage of job (MB)
	1083432  -  ResidentSetSize of job (KB)
...
006 (31941.000.000) 2021-07-02 00:12:47 Image size of job updated: 1809056
	1067  -  MemoryUsage of job (MB)
	1091800  -  ResidentSetSize of job (KB)
...
006 (31941.000.000) 2021-07-02 00:17:48 Image size of job updated: 1822204
	1067  -  MemoryUsage of job (MB)
	1092384  -  ResidentSetSize of job (KB)
...
006 (31941.000.000) 2021-07-02 00:22:49 Image size of job updated: 1845304
	1101  -  MemoryUsage of job (MB)
	1127152  -  ResidentSetSize of job (KB)
...
006 (31941.000.000) 2021-07-02 01:42:58 Image size of job updated: 1846100
	1101  -  MemoryUsage of job (MB)
	1127152  -  ResidentSetSize of job (KB)
...
006 (31941.000.000) 2021-07-02 02:18:01 Image size of job updated: 1874128
	1101  -  MemoryUsage of job (MB)
	1127152  -  ResidentSetSize of job (KB)
...
006 (31941.000.000) 2021-07-02 03:03:05 Image size of job updated: 1876588
	1101  -  MemoryUsage of job (MB)
	1127152  -  ResidentSetSize of job (KB)
...
006 (31941.000.000) 2021-07-02 05:28:21 Image size of job updated: 1904540
	1101  -  MemoryUsage of job (MB)
	1127152  -  ResidentSetSize of job (KB)
...
040 (31941.000.000) 2021-07-02 09:22:54 Started transferring output files
...
040 (31941.000.000) 2021-07-02 09:22:54 Finished transferring output files
...
005 (31941.000.000) 2021-07-02 09:22:54 Job terminated.
	(1) Normal termination (return value 0)
		Usr 0 08:22:47, Sys 0 00:57:48  -  Run Remote Usage
		Usr 0 00:00:00, Sys 0 00:00:00  -  Run Local Usage
		Usr 0 08:22:47, Sys 0 00:57:48  -  Total Remote Usage
		Usr 0 00:00:00, Sys 0 00:00:00  -  Total Local Usage
	1077422  -  Run Bytes Sent By Job
	318  -  Run Bytes Received By Job
	1077422  -  Total Bytes Sent By Job
	318  -  Total Bytes Received By Job
	Partitionable Resources :    Usage  Request Allocated 
	   Cpus                 :     1.00        1         1 
	   Disk (KB)            :  1068           1   3637421 
	   Memory (MB)          :  1101        1024      1024 

	Job terminated of its own accord at 2021-07-02T08:22:54Z.
...
