000 (31557.000.000) 2021-07-01 15:13:52 Job submitted from host: <194.36.1.200:9618?addrs=194.36.1.200-9618&alias=hex.ppe.gla.ac.uk&noUDP&sock=schedd_1401_8c46>
...
040 (31557.000.000) 2021-07-01 15:15:16 Started transferring input files
	Transferring to host: <192.168.16.102:9618?addrs=192.168.16.102-9618&alias=condor-h16-02.ppe.cluster&noUDP&sock=slot1_19_15690_c637_4147>
...
040 (31557.000.000) 2021-07-01 15:15:17 Finished transferring input files
...
001 (31557.000.000) 2021-07-01 15:15:17 Job executing on host: <192.168.16.102:9618?addrs=192.168.16.102-9618&alias=condor-h16-02.ppe.cluster&noUDP&sock=startd_2155_baae>
...
006 (31557.000.000) 2021-07-01 15:15:26 Image size of job updated: 85380
	1  -  MemoryUsage of job (MB)
	800  -  ResidentSetSize of job (KB)
...
006 (31557.000.000) 2021-07-01 15:20:27 Image size of job updated: 1815164
	654  -  MemoryUsage of job (MB)
	669656  -  ResidentSetSize of job (KB)
...
006 (31557.000.000) 2021-07-01 15:25:27 Image size of job updated: 1815164
	1049  -  MemoryUsage of job (MB)
	1073680  -  ResidentSetSize of job (KB)
...
006 (31557.000.000) 2021-07-01 15:50:30 Image size of job updated: 1817240
	1049  -  MemoryUsage of job (MB)
	1073680  -  ResidentSetSize of job (KB)
...
006 (31557.000.000) 2021-07-01 15:55:30 Image size of job updated: 1841984
	1049  -  MemoryUsage of job (MB)
	1073680  -  ResidentSetSize of job (KB)
...
006 (31557.000.000) 2021-07-01 16:05:31 Image size of job updated: 1842488
	1049  -  MemoryUsage of job (MB)
	1073680  -  ResidentSetSize of job (KB)
...
006 (31557.000.000) 2021-07-01 16:10:32 Image size of job updated: 1855488
	1049  -  MemoryUsage of job (MB)
	1073680  -  ResidentSetSize of job (KB)
...
006 (31557.000.000) 2021-07-01 16:15:32 Image size of job updated: 1870396
	1049  -  MemoryUsage of job (MB)
	1073680  -  ResidentSetSize of job (KB)
...
006 (31557.000.000) 2021-07-01 17:10:38 Image size of job updated: 1871180
	1049  -  MemoryUsage of job (MB)
	1073680  -  ResidentSetSize of job (KB)
...
006 (31557.000.000) 2021-07-01 17:30:41 Image size of job updated: 1873828
	1049  -  MemoryUsage of job (MB)
	1073680  -  ResidentSetSize of job (KB)
...
006 (31557.000.000) 2021-07-01 17:35:41 Image size of job updated: 1876300
	1049  -  MemoryUsage of job (MB)
	1073680  -  ResidentSetSize of job (KB)
...
006 (31557.000.000) 2021-07-01 17:45:42 Image size of job updated: 1905160
	1049  -  MemoryUsage of job (MB)
	1073680  -  ResidentSetSize of job (KB)
...
006 (31557.000.000) 2021-07-01 18:20:46 Image size of job updated: 1909208
	1049  -  MemoryUsage of job (MB)
	1073680  -  ResidentSetSize of job (KB)
...
006 (31557.000.000) 2021-07-01 18:45:47 Image size of job updated: 1909612
	1049  -  MemoryUsage of job (MB)
	1073680  -  ResidentSetSize of job (KB)
...
006 (31557.000.000) 2021-07-01 20:51:01 Image size of job updated: 1912496
	1049  -  MemoryUsage of job (MB)
	1073680  -  ResidentSetSize of job (KB)
...
006 (31557.000.000) 2021-07-01 22:56:14 Image size of job updated: 1922920
	1049  -  MemoryUsage of job (MB)
	1073680  -  ResidentSetSize of job (KB)
...
040 (31557.000.000) 2021-07-02 06:09:58 Started transferring output files
...
040 (31557.000.000) 2021-07-02 06:09:58 Finished transferring output files
...
005 (31557.000.000) 2021-07-02 06:09:58 Job terminated.
	(1) Normal termination (return value 0)
		Usr 0 12:49:53, Sys 0 01:53:33  -  Run Remote Usage
		Usr 0 00:00:00, Sys 0 00:00:00  -  Run Local Usage
		Usr 0 12:49:53, Sys 0 01:53:33  -  Total Remote Usage
		Usr 0 00:00:00, Sys 0 00:00:00  -  Total Local Usage
	1220110  -  Run Bytes Sent By Job
	318  -  Run Bytes Received By Job
	1220110  -  Total Bytes Sent By Job
	318  -  Total Bytes Received By Job
	Partitionable Resources :    Usage  Request Allocated 
	   Cpus                 :     0.99        1         1 
	   Disk (KB)            :  1207           1    864796 
	   Memory (MB)          :  1049        1024      1024 

	Job terminated of its own accord at 2021-07-02T05:09:58Z.
...
