000 (31730.000.000) 2021-07-01 15:14:01 Job submitted from host: <194.36.1.200:9618?addrs=194.36.1.200-9618&alias=hex.ppe.gla.ac.uk&noUDP&sock=schedd_1401_8c46>
...
040 (31730.000.000) 2021-07-01 15:15:16 Started transferring input files
	Transferring to host: <192.168.16.121:9618?addrs=192.168.16.121-9618&alias=condor-d20-01.ppe.cluster&noUDP&sock=slot1_43_59603_7491_5605>
...
040 (31730.000.000) 2021-07-01 15:15:16 Finished transferring input files
...
001 (31730.000.000) 2021-07-01 15:15:17 Job executing on host: <192.168.16.121:9618?addrs=192.168.16.121-9618&alias=condor-d20-01.ppe.cluster&noUDP&sock=startd_40545_137a>
...
006 (31730.000.000) 2021-07-01 15:15:25 Image size of job updated: 85380
	1  -  MemoryUsage of job (MB)
	796  -  ResidentSetSize of job (KB)
...
006 (31730.000.000) 2021-07-01 15:20:25 Image size of job updated: 1815708
	878  -  MemoryUsage of job (MB)
	898316  -  ResidentSetSize of job (KB)
...
006 (31730.000.000) 2021-07-01 15:25:26 Image size of job updated: 1815708
	894  -  MemoryUsage of job (MB)
	915096  -  ResidentSetSize of job (KB)
...
006 (31730.000.000) 2021-07-01 15:30:27 Image size of job updated: 1815708
	1036  -  MemoryUsage of job (MB)
	1060412  -  ResidentSetSize of job (KB)
...
006 (31730.000.000) 2021-07-01 15:40:28 Image size of job updated: 1818808
	1036  -  MemoryUsage of job (MB)
	1060412  -  ResidentSetSize of job (KB)
...
006 (31730.000.000) 2021-07-01 15:55:29 Image size of job updated: 1818864
	1036  -  MemoryUsage of job (MB)
	1060412  -  ResidentSetSize of job (KB)
...
006 (31730.000.000) 2021-07-01 16:25:32 Image size of job updated: 1825340
	1036  -  MemoryUsage of job (MB)
	1060412  -  ResidentSetSize of job (KB)
...
006 (31730.000.000) 2021-07-01 16:30:33 Image size of job updated: 1849796
	1036  -  MemoryUsage of job (MB)
	1060412  -  ResidentSetSize of job (KB)
...
006 (31730.000.000) 2021-07-01 16:40:34 Image size of job updated: 1849796
	1045  -  MemoryUsage of job (MB)
	1069768  -  ResidentSetSize of job (KB)
...
006 (31730.000.000) 2021-07-01 16:50:36 Image size of job updated: 1857208
	1045  -  MemoryUsage of job (MB)
	1069768  -  ResidentSetSize of job (KB)
...
006 (31730.000.000) 2021-07-01 17:00:36 Image size of job updated: 1857208
	1057  -  MemoryUsage of job (MB)
	1081796  -  ResidentSetSize of job (KB)
...
006 (31730.000.000) 2021-07-01 17:25:39 Image size of job updated: 1879004
	1057  -  MemoryUsage of job (MB)
	1081796  -  ResidentSetSize of job (KB)
...
006 (31730.000.000) 2021-07-01 19:35:53 Image size of job updated: 1882736
	1057  -  MemoryUsage of job (MB)
	1081796  -  ResidentSetSize of job (KB)
...
006 (31730.000.000) 2021-07-01 21:26:04 Image size of job updated: 1896904
	1057  -  MemoryUsage of job (MB)
	1081796  -  ResidentSetSize of job (KB)
...
040 (31730.000.000) 2021-07-02 00:14:41 Started transferring output files
...
040 (31730.000.000) 2021-07-02 00:14:41 Finished transferring output files
...
005 (31730.000.000) 2021-07-02 00:14:41 Job terminated.
	(1) Normal termination (return value 0)
		Usr 0 08:00:39, Sys 0 00:56:05  -  Run Remote Usage
		Usr 0 00:00:00, Sys 0 00:00:00  -  Run Local Usage
		Usr 0 08:00:39, Sys 0 00:56:05  -  Total Remote Usage
		Usr 0 00:00:00, Sys 0 00:00:00  -  Total Local Usage
	1058614  -  Run Bytes Sent By Job
	318  -  Run Bytes Received By Job
	1058614  -  Total Bytes Sent By Job
	318  -  Total Bytes Received By Job
	Partitionable Resources :    Usage  Request Allocated 
	   Cpus                 :     0.99        1         1 
	   Disk (KB)            :  1049           1   3637421 
	   Memory (MB)          :  1057        1024      1024 

	Job terminated of its own accord at 2021-07-01T23:14:41Z.
...
