000 (32110.000.000) 2021-07-01 15:15:41 Job submitted from host: <194.36.1.200:9618?addrs=194.36.1.200-9618&alias=hex.ppe.gla.ac.uk&noUDP&sock=schedd_1401_8c46>
...
040 (32110.000.000) 2021-07-02 01:00:20 Started transferring input files
	Transferring to host: <192.168.16.114:9618?addrs=192.168.16.114-9618&alias=condor-d19-04.ppe.cluster&noUDP&sock=slot1_30_19959_abc5_6148>
...
040 (32110.000.000) 2021-07-02 01:00:20 Finished transferring input files
...
001 (32110.000.000) 2021-07-02 01:00:21 Job executing on host: <192.168.16.114:9618?addrs=192.168.16.114-9618&alias=condor-d19-04.ppe.cluster&noUDP&sock=startd_2633_98f3>
...
006 (32110.000.000) 2021-07-02 01:00:30 Image size of job updated: 23200
	2  -  MemoryUsage of job (MB)
	1152  -  ResidentSetSize of job (KB)
...
006 (32110.000.000) 2021-07-02 01:05:31 Image size of job updated: 1776476
	913  -  MemoryUsage of job (MB)
	934476  -  ResidentSetSize of job (KB)
...
006 (32110.000.000) 2021-07-02 01:10:31 Image size of job updated: 1777288
	1036  -  MemoryUsage of job (MB)
	1060120  -  ResidentSetSize of job (KB)
...
006 (32110.000.000) 2021-07-02 01:15:31 Image size of job updated: 1804816
	1036  -  MemoryUsage of job (MB)
	1060120  -  ResidentSetSize of job (KB)
...
006 (32110.000.000) 2021-07-02 01:20:32 Image size of job updated: 1808476
	1036  -  MemoryUsage of job (MB)
	1060120  -  ResidentSetSize of job (KB)
...
006 (32110.000.000) 2021-07-02 01:30:33 Image size of job updated: 1812228
	1036  -  MemoryUsage of job (MB)
	1060120  -  ResidentSetSize of job (KB)
...
006 (32110.000.000) 2021-07-02 01:40:35 Image size of job updated: 1841040
	1036  -  MemoryUsage of job (MB)
	1060120  -  ResidentSetSize of job (KB)
...
006 (32110.000.000) 2021-07-02 02:35:40 Image size of job updated: 1857404
	1036  -  MemoryUsage of job (MB)
	1060120  -  ResidentSetSize of job (KB)
...
006 (32110.000.000) 2021-07-02 03:00:42 Image size of job updated: 1867460
	1036  -  MemoryUsage of job (MB)
	1060120  -  ResidentSetSize of job (KB)
...
006 (32110.000.000) 2021-07-02 03:35:46 Image size of job updated: 1891576
	1036  -  MemoryUsage of job (MB)
	1060120  -  ResidentSetSize of job (KB)
...
040 (32110.000.000) 2021-07-02 10:26:45 Started transferring output files
...
040 (32110.000.000) 2021-07-02 10:26:45 Finished transferring output files
...
005 (32110.000.000) 2021-07-02 10:26:45 Job terminated.
	(1) Normal termination (return value 0)
		Usr 0 08:23:23, Sys 0 00:58:36  -  Run Remote Usage
		Usr 0 00:00:00, Sys 0 00:00:00  -  Run Local Usage
		Usr 0 08:23:23, Sys 0 00:58:36  -  Total Remote Usage
		Usr 0 00:00:00, Sys 0 00:00:00  -  Total Local Usage
	1075240  -  Run Bytes Sent By Job
	318  -  Run Bytes Received By Job
	1075240  -  Total Bytes Sent By Job
	318  -  Total Bytes Received By Job
	Partitionable Resources :    Usage  Request Allocated 
	   Cpus                 :     1.00        1         1 
	   Disk (KB)            :  1065           1   3637421 
	   Memory (MB)          :  1036        1024      1024 

	Job terminated of its own accord at 2021-07-02T09:26:45Z.
...
