000 (32124.000.000) 2021-07-01 15:15:43 Job submitted from host: <194.36.1.200:9618?addrs=194.36.1.200-9618&alias=hex.ppe.gla.ac.uk&noUDP&sock=schedd_1401_8c46>
...
040 (32124.000.000) 2021-07-02 01:05:20 Started transferring input files
	Transferring to host: <192.168.16.121:9618?addrs=192.168.16.121-9618&alias=condor-d20-01.ppe.cluster&noUDP&sock=slot1_33_59603_7491_5721>
...
040 (32124.000.000) 2021-07-02 01:05:20 Finished transferring input files
...
001 (32124.000.000) 2021-07-02 01:05:21 Job executing on host: <192.168.16.121:9618?addrs=192.168.16.121-9618&alias=condor-d20-01.ppe.cluster&noUDP&sock=startd_40545_137a>
...
006 (32124.000.000) 2021-07-02 01:05:30 Image size of job updated: 23064
	2  -  MemoryUsage of job (MB)
	1080  -  ResidentSetSize of job (KB)
...
006 (32124.000.000) 2021-07-02 01:05:52 Image size of job updated: 869516
	2  -  MemoryUsage of job (MB)
	1080  -  ResidentSetSize of job (KB)
...
040 (32124.000.000) 2021-07-02 01:05:52 Started transferring output files
...
040 (32124.000.000) 2021-07-02 01:05:52 Finished transferring output files
...
005 (32124.000.000) 2021-07-02 01:05:52 Job terminated.
	(1) Normal termination (return value 0)
		Usr 0 00:00:13, Sys 0 00:00:04  -  Run Remote Usage
		Usr 0 00:00:00, Sys 0 00:00:00  -  Run Local Usage
		Usr 0 00:00:13, Sys 0 00:00:04  -  Total Remote Usage
		Usr 0 00:00:00, Sys 0 00:00:00  -  Total Local Usage
	712833  -  Run Bytes Sent By Job
	318  -  Run Bytes Received By Job
	712833  -  Total Bytes Sent By Job
	318  -  Total Bytes Received By Job
	Partitionable Resources :    Usage  Request Allocated 
	   Cpus                 :                 1         1 
	   Disk (KB)            :      706        1   3637421 
	   Memory (MB)          :        2     1024      1024 

	Job terminated of its own accord at 2021-07-02T00:05:52Z.
...
