000 (31430.000.000) 2021-07-01 15:13:46 Job submitted from host: <194.36.1.200:9618?addrs=194.36.1.200-9618&alias=hex.ppe.gla.ac.uk&noUDP&sock=schedd_1401_8c46>
...
040 (31430.000.000) 2021-07-01 15:15:15 Started transferring input files
	Transferring to host: <192.168.16.114:9618?addrs=192.168.16.114-9618&alias=condor-d19-04.ppe.cluster&noUDP&sock=slot1_2_19959_abc5_5915>
...
040 (31430.000.000) 2021-07-01 15:15:15 Finished transferring input files
...
001 (31430.000.000) 2021-07-01 15:15:16 Job executing on host: <192.168.16.114:9618?addrs=192.168.16.114-9618&alias=condor-d19-04.ppe.cluster&noUDP&sock=startd_2633_98f3>
...
006 (31430.000.000) 2021-07-01 15:15:24 Image size of job updated: 75608
	2  -  MemoryUsage of job (MB)
	1096  -  ResidentSetSize of job (KB)
...
006 (31430.000.000) 2021-07-01 15:20:24 Image size of job updated: 1799888
	1041  -  MemoryUsage of job (MB)
	1065980  -  ResidentSetSize of job (KB)
...
006 (31430.000.000) 2021-07-01 15:30:26 Image size of job updated: 1805580
	1066  -  MemoryUsage of job (MB)
	1091104  -  ResidentSetSize of job (KB)
...
006 (31430.000.000) 2021-07-01 15:55:29 Image size of job updated: 1825632
	1080  -  MemoryUsage of job (MB)
	1105296  -  ResidentSetSize of job (KB)
...
006 (31430.000.000) 2021-07-01 16:05:30 Image size of job updated: 1828972
	1082  -  MemoryUsage of job (MB)
	1107388  -  ResidentSetSize of job (KB)
...
006 (31430.000.000) 2021-07-01 16:10:30 Image size of job updated: 1839120
	1082  -  MemoryUsage of job (MB)
	1107388  -  ResidentSetSize of job (KB)
...
006 (31430.000.000) 2021-07-01 16:55:35 Image size of job updated: 1860648
	1082  -  MemoryUsage of job (MB)
	1107388  -  ResidentSetSize of job (KB)
...
006 (31430.000.000) 2021-07-01 17:05:36 Image size of job updated: 1878932
	1082  -  MemoryUsage of job (MB)
	1107388  -  ResidentSetSize of job (KB)
...
006 (31430.000.000) 2021-07-01 20:15:55 Image size of job updated: 1910188
	1082  -  MemoryUsage of job (MB)
	1107388  -  ResidentSetSize of job (KB)
...
040 (31430.000.000) 2021-07-02 00:43:45 Started transferring output files
...
040 (31430.000.000) 2021-07-02 00:43:45 Finished transferring output files
...
005 (31430.000.000) 2021-07-02 00:43:45 Job terminated.
	(1) Normal termination (return value 0)
		Usr 0 08:25:04, Sys 0 01:00:31  -  Run Remote Usage
		Usr 0 00:00:00, Sys 0 00:00:00  -  Run Local Usage
		Usr 0 08:25:04, Sys 0 01:00:31  -  Total Remote Usage
		Usr 0 00:00:00, Sys 0 00:00:00  -  Total Local Usage
	1074572  -  Run Bytes Sent By Job
	314  -  Run Bytes Received By Job
	1074572  -  Total Bytes Sent By Job
	314  -  Total Bytes Received By Job
	Partitionable Resources :    Usage  Request Allocated 
	   Cpus                 :     0.99        1         1 
	   Disk (KB)            :  1065           1   3637421 
	   Memory (MB)          :  1082        1024      1024 

	Job terminated of its own accord at 2021-07-01T23:43:45Z.
...
