000 (31623.000.000) 2021-07-01 15:13:55 Job submitted from host: <194.36.1.200:9618?addrs=194.36.1.200-9618&alias=hex.ppe.gla.ac.uk&noUDP&sock=schedd_1401_8c46>
...
040 (31623.000.000) 2021-07-01 15:15:16 Started transferring input files
	Transferring to host: <192.168.16.101:9618?addrs=192.168.16.101-9618&alias=condor-h16-01.ppe.cluster&noUDP&sock=slot1_27_30212_d646_4686>
...
040 (31623.000.000) 2021-07-01 15:15:17 Finished transferring input files
...
001 (31623.000.000) 2021-07-01 15:15:17 Job executing on host: <192.168.16.101:9618?addrs=192.168.16.101-9618&alias=condor-h16-01.ppe.cluster&noUDP&sock=startd_2155_baae>
...
006 (31623.000.000) 2021-07-01 15:15:26 Image size of job updated: 85380
	2  -  MemoryUsage of job (MB)
	1104  -  ResidentSetSize of job (KB)
...
006 (31623.000.000) 2021-07-01 15:20:26 Image size of job updated: 1780236
	613  -  MemoryUsage of job (MB)
	627180  -  ResidentSetSize of job (KB)
...
006 (31623.000.000) 2021-07-01 15:25:26 Image size of job updated: 1803104
	1063  -  MemoryUsage of job (MB)
	1088116  -  ResidentSetSize of job (KB)
...
006 (31623.000.000) 2021-07-01 15:40:28 Image size of job updated: 1822988
	1063  -  MemoryUsage of job (MB)
	1088116  -  ResidentSetSize of job (KB)
...
006 (31623.000.000) 2021-07-01 17:45:41 Image size of job updated: 1825088
	1063  -  MemoryUsage of job (MB)
	1088116  -  ResidentSetSize of job (KB)
...
006 (31623.000.000) 2021-07-01 17:55:41 Image size of job updated: 1837448
	1063  -  MemoryUsage of job (MB)
	1088116  -  ResidentSetSize of job (KB)
...
006 (31623.000.000) 2021-07-01 18:05:42 Image size of job updated: 1861520
	1063  -  MemoryUsage of job (MB)
	1088116  -  ResidentSetSize of job (KB)
...
006 (31623.000.000) 2021-07-01 19:05:49 Image size of job updated: 1863252
	1063  -  MemoryUsage of job (MB)
	1088116  -  ResidentSetSize of job (KB)
...
006 (31623.000.000) 2021-07-01 20:55:59 Image size of job updated: 1863464
	1063  -  MemoryUsage of job (MB)
	1088116  -  ResidentSetSize of job (KB)
...
006 (31623.000.000) 2021-07-01 21:31:03 Image size of job updated: 1867592
	1063  -  MemoryUsage of job (MB)
	1088116  -  ResidentSetSize of job (KB)
...
006 (31623.000.000) 2021-07-01 23:36:16 Image size of job updated: 1884972
	1063  -  MemoryUsage of job (MB)
	1088116  -  ResidentSetSize of job (KB)
...
040 (31623.000.000) 2021-07-02 01:01:17 Started transferring output files
...
040 (31623.000.000) 2021-07-02 01:01:17 Finished transferring output files
...
005 (31623.000.000) 2021-07-02 01:01:17 Job terminated.
	(1) Normal termination (return value 0)
		Usr 0 08:23:22, Sys 0 01:15:41  -  Run Remote Usage
		Usr 0 00:00:00, Sys 0 00:00:00  -  Run Local Usage
		Usr 0 08:23:22, Sys 0 01:15:41  -  Total Remote Usage
		Usr 0 00:00:00, Sys 0 00:00:00  -  Total Local Usage
	985760  -  Run Bytes Sent By Job
	318  -  Run Bytes Received By Job
	985760  -  Total Bytes Sent By Job
	318  -  Total Bytes Received By Job
	Partitionable Resources :    Usage  Request Allocated 
	   Cpus                 :     0.98        1         1 
	   Disk (KB)            :   978           1    864796 
	   Memory (MB)          :  1063        1024      1024 

	Job terminated of its own accord at 2021-07-02T00:01:17Z.
...
