000 (32151.000.000) 2021-07-01 15:15:45 Job submitted from host: <194.36.1.200:9618?addrs=194.36.1.200-9618&alias=hex.ppe.gla.ac.uk&noUDP&sock=schedd_1401_8c46>
...
040 (32151.000.000) 2021-07-02 01:16:20 Started transferring input files
	Transferring to host: <192.168.16.121:9618?addrs=192.168.16.121-9618&alias=condor-d20-01.ppe.cluster&noUDP&sock=slot1_55_59603_7491_5742>
...
040 (32151.000.000) 2021-07-02 01:16:20 Finished transferring input files
...
001 (32151.000.000) 2021-07-02 01:16:21 Job executing on host: <192.168.16.121:9618?addrs=192.168.16.121-9618&alias=condor-d20-01.ppe.cluster&noUDP&sock=startd_40545_137a>
...
006 (32151.000.000) 2021-07-02 01:16:30 Image size of job updated: 23212
	2  -  MemoryUsage of job (MB)
	1160  -  ResidentSetSize of job (KB)
...
006 (32151.000.000) 2021-07-02 01:21:30 Image size of job updated: 1811412
	866  -  MemoryUsage of job (MB)
	886256  -  ResidentSetSize of job (KB)
...
006 (32151.000.000) 2021-07-02 01:26:30 Image size of job updated: 1811412
	1027  -  MemoryUsage of job (MB)
	1051072  -  ResidentSetSize of job (KB)
...
006 (32151.000.000) 2021-07-02 01:41:32 Image size of job updated: 1812708
	1027  -  MemoryUsage of job (MB)
	1051072  -  ResidentSetSize of job (KB)
...
006 (32151.000.000) 2021-07-02 01:51:34 Image size of job updated: 1871224
	1027  -  MemoryUsage of job (MB)
	1051072  -  ResidentSetSize of job (KB)
...
006 (32151.000.000) 2021-07-02 05:51:58 Image size of job updated: 1872636
	1027  -  MemoryUsage of job (MB)
	1051072  -  ResidentSetSize of job (KB)
...
006 (32151.000.000) 2021-07-02 06:52:04 Image size of job updated: 1882932
	1027  -  MemoryUsage of job (MB)
	1051072  -  ResidentSetSize of job (KB)
...
006 (32151.000.000) 2021-07-02 08:22:13 Image size of job updated: 1896816
	1027  -  MemoryUsage of job (MB)
	1051072  -  ResidentSetSize of job (KB)
...
040 (32151.000.000) 2021-07-02 11:17:47 Started transferring output files
...
040 (32151.000.000) 2021-07-02 11:17:47 Finished transferring output files
...
005 (32151.000.000) 2021-07-02 11:17:47 Job terminated.
	(1) Normal termination (return value 0)
		Usr 0 08:55:26, Sys 0 01:00:32  -  Run Remote Usage
		Usr 0 00:00:00, Sys 0 00:00:00  -  Run Local Usage
		Usr 0 08:55:26, Sys 0 01:00:32  -  Total Remote Usage
		Usr 0 00:00:00, Sys 0 00:00:00  -  Total Local Usage
	1073398  -  Run Bytes Sent By Job
	314  -  Run Bytes Received By Job
	1073398  -  Total Bytes Sent By Job
	314  -  Total Bytes Received By Job
	Partitionable Resources :    Usage  Request Allocated 
	   Cpus                 :     1.00        1         1 
	   Disk (KB)            :  1064           1   3637421 
	   Memory (MB)          :  1027        1024      1024 

	Job terminated of its own accord at 2021-07-02T10:17:47Z.
...
