000 (31937.000.000) 2021-07-01 15:15:29 Job submitted from host: <194.36.1.200:9618?addrs=194.36.1.200-9618&alias=hex.ppe.gla.ac.uk&noUDP&sock=schedd_1401_8c46>
...
040 (31937.000.000) 2021-07-01 22:16:37 Started transferring input files
	Transferring to host: <192.168.16.114:9618?addrs=192.168.16.114-9618&alias=condor-d19-04.ppe.cluster&noUDP&sock=slot1_13_19959_abc5_5987>
...
040 (31937.000.000) 2021-07-01 22:16:37 Finished transferring input files
...
001 (31937.000.000) 2021-07-01 22:16:38 Job executing on host: <192.168.16.114:9618?addrs=192.168.16.114-9618&alias=condor-d19-04.ppe.cluster&noUDP&sock=startd_2633_98f3>
...
006 (31937.000.000) 2021-07-01 22:16:47 Image size of job updated: 35436
	35  -  MemoryUsage of job (MB)
	35432  -  ResidentSetSize of job (KB)
...
006 (31937.000.000) 2021-07-01 22:21:48 Image size of job updated: 1787504
	685  -  MemoryUsage of job (MB)
	700616  -  ResidentSetSize of job (KB)
...
006 (31937.000.000) 2021-07-01 22:26:48 Image size of job updated: 1804068
	874  -  MemoryUsage of job (MB)
	894092  -  ResidentSetSize of job (KB)
...
006 (31937.000.000) 2021-07-01 22:31:49 Image size of job updated: 1806160
	874  -  MemoryUsage of job (MB)
	894092  -  ResidentSetSize of job (KB)
...
006 (31937.000.000) 2021-07-01 22:41:50 Image size of job updated: 1813476
	874  -  MemoryUsage of job (MB)
	894092  -  ResidentSetSize of job (KB)
...
006 (31937.000.000) 2021-07-01 22:46:50 Image size of job updated: 1813476
	963  -  MemoryUsage of job (MB)
	985116  -  ResidentSetSize of job (KB)
...
006 (31937.000.000) 2021-07-01 23:06:52 Image size of job updated: 1831036
	963  -  MemoryUsage of job (MB)
	985116  -  ResidentSetSize of job (KB)
...
006 (31937.000.000) 2021-07-01 23:16:52 Image size of job updated: 1831036
	975  -  MemoryUsage of job (MB)
	997556  -  ResidentSetSize of job (KB)
...
006 (31937.000.000) 2021-07-01 23:26:54 Image size of job updated: 1831036
	976  -  MemoryUsage of job (MB)
	999280  -  ResidentSetSize of job (KB)
...
006 (31937.000.000) 2021-07-01 23:41:56 Image size of job updated: 1831036
	1000  -  MemoryUsage of job (MB)
	1023336  -  ResidentSetSize of job (KB)
...
006 (31937.000.000) 2021-07-01 23:51:56 Image size of job updated: 1865364
	1000  -  MemoryUsage of job (MB)
	1023336  -  ResidentSetSize of job (KB)
...
006 (31937.000.000) 2021-07-02 00:01:57 Image size of job updated: 1875092
	1000  -  MemoryUsage of job (MB)
	1023336  -  ResidentSetSize of job (KB)
...
006 (31937.000.000) 2021-07-02 00:16:59 Image size of job updated: 1875092
	1010  -  MemoryUsage of job (MB)
	1033240  -  ResidentSetSize of job (KB)
...
006 (31937.000.000) 2021-07-02 00:32:01 Image size of job updated: 1882716
	1024  -  MemoryUsage of job (MB)
	1048576  -  ResidentSetSize of job (KB)
...
006 (31937.000.000) 2021-07-02 00:52:03 Image size of job updated: 1883804
	1024  -  MemoryUsage of job (MB)
	1048576  -  ResidentSetSize of job (KB)
...
006 (31937.000.000) 2021-07-02 00:57:03 Image size of job updated: 1888836
	1024  -  MemoryUsage of job (MB)
	1048576  -  ResidentSetSize of job (KB)
...
006 (31937.000.000) 2021-07-02 02:27:13 Image size of job updated: 1889196
	1024  -  MemoryUsage of job (MB)
	1048576  -  ResidentSetSize of job (KB)
...
006 (31937.000.000) 2021-07-02 02:32:13 Image size of job updated: 1897528
	1024  -  MemoryUsage of job (MB)
	1048576  -  ResidentSetSize of job (KB)
...
006 (31937.000.000) 2021-07-02 03:47:21 Image size of job updated: 1900108
	1024  -  MemoryUsage of job (MB)
	1048576  -  ResidentSetSize of job (KB)
...
006 (31937.000.000) 2021-07-02 03:57:21 Image size of job updated: 1903464
	1024  -  MemoryUsage of job (MB)
	1048576  -  ResidentSetSize of job (KB)
...
040 (31937.000.000) 2021-07-02 07:48:30 Started transferring output files
...
040 (31937.000.000) 2021-07-02 07:48:30 Finished transferring output files
...
005 (31937.000.000) 2021-07-02 07:48:30 Job terminated.
	(1) Normal termination (return value 0)
		Usr 0 08:28:19, Sys 0 00:59:12  -  Run Remote Usage
		Usr 0 00:00:00, Sys 0 00:00:00  -  Run Local Usage
		Usr 0 08:28:19, Sys 0 00:59:12  -  Total Remote Usage
		Usr 0 00:00:00, Sys 0 00:00:00  -  Total Local Usage
	1234995  -  Run Bytes Sent By Job
	314  -  Run Bytes Received By Job
	1234995  -  Total Bytes Sent By Job
	314  -  Total Bytes Received By Job
	Partitionable Resources :    Usage  Request Allocated 
	   Cpus                 :     1.00        1         1 
	   Disk (KB)            :  1222           1   3637421 
	   Memory (MB)          :  1024        1024      1024 

	Job terminated of its own accord at 2021-07-02T06:48:30Z.
...
