000 (32180.000.000) 2021-07-01 15:15:47 Job submitted from host: <194.36.1.200:9618?addrs=194.36.1.200-9618&alias=hex.ppe.gla.ac.uk&noUDP&sock=schedd_1401_8c46>
...
040 (32180.000.000) 2021-07-02 03:03:49 Started transferring input files
	Transferring to host: <192.168.16.111:9618?addrs=192.168.16.111-9618&alias=condor-d19-01.ppe.cluster&noUDP&sock=slot1_38_88351_05a2_5513>
...
040 (32180.000.000) 2021-07-02 03:03:49 Finished transferring input files
...
001 (32180.000.000) 2021-07-02 03:03:50 Job executing on host: <192.168.16.111:9618?addrs=192.168.16.111-9618&alias=condor-d19-01.ppe.cluster&noUDP&sock=startd_2932_afc5>
...
006 (32180.000.000) 2021-07-02 03:03:59 Image size of job updated: 15556
	16  -  MemoryUsage of job (MB)
	15556  -  ResidentSetSize of job (KB)
...
006 (32180.000.000) 2021-07-02 03:04:13 Image size of job updated: 703652
	16  -  MemoryUsage of job (MB)
	15556  -  ResidentSetSize of job (KB)
...
040 (32180.000.000) 2021-07-02 03:04:14 Started transferring output files
...
040 (32180.000.000) 2021-07-02 03:04:14 Finished transferring output files
...
005 (32180.000.000) 2021-07-02 03:04:15 Job terminated.
	(1) Normal termination (return value 0)
		Usr 0 00:00:11, Sys 0 00:00:05  -  Run Remote Usage
		Usr 0 00:00:00, Sys 0 00:00:00  -  Run Local Usage
		Usr 0 00:00:11, Sys 0 00:00:05  -  Total Remote Usage
		Usr 0 00:00:00, Sys 0 00:00:00  -  Total Local Usage
	712833  -  Run Bytes Sent By Job
	318  -  Run Bytes Received By Job
	712833  -  Total Bytes Sent By Job
	318  -  Total Bytes Received By Job
	Partitionable Resources :    Usage  Request Allocated 
	   Cpus                 :                 1         1 
	   Disk (KB)            :      706        1    825748 
	   Memory (MB)          :       16     1024      1024 

	Job terminated of its own accord at 2021-07-02T02:04:13Z.
...
