000 (32138.000.000) 2021-07-01 15:15:44 Job submitted from host: <194.36.1.200:9618?addrs=194.36.1.200-9618&alias=hex.ppe.gla.ac.uk&noUDP&sock=schedd_1401_8c46>
...
040 (32138.000.000) 2021-07-02 01:11:20 Started transferring input files
	Transferring to host: <192.168.16.121:9618?addrs=192.168.16.121-9618&alias=condor-d20-01.ppe.cluster&noUDP&sock=slot1_42_59603_7491_5730>
...
040 (32138.000.000) 2021-07-02 01:11:20 Finished transferring input files
...
001 (32138.000.000) 2021-07-02 01:11:21 Job executing on host: <192.168.16.121:9618?addrs=192.168.16.121-9618&alias=condor-d20-01.ppe.cluster&noUDP&sock=startd_40545_137a>
...
006 (32138.000.000) 2021-07-02 01:11:30 Image size of job updated: 23104
	2  -  MemoryUsage of job (MB)
	1156  -  ResidentSetSize of job (KB)
...
006 (32138.000.000) 2021-07-02 01:16:31 Image size of job updated: 1836576
	903  -  MemoryUsage of job (MB)
	923688  -  ResidentSetSize of job (KB)
...
006 (32138.000.000) 2021-07-02 01:21:31 Image size of job updated: 1847928
	1011  -  MemoryUsage of job (MB)
	1034876  -  ResidentSetSize of job (KB)
...
006 (32138.000.000) 2021-07-02 02:46:39 Image size of job updated: 1882900
	1011  -  MemoryUsage of job (MB)
	1034876  -  ResidentSetSize of job (KB)
...
006 (32138.000.000) 2021-07-02 03:11:43 Image size of job updated: 1883392
	1011  -  MemoryUsage of job (MB)
	1034876  -  ResidentSetSize of job (KB)
...
006 (32138.000.000) 2021-07-02 07:02:06 Image size of job updated: 1902840
	1011  -  MemoryUsage of job (MB)
	1034876  -  ResidentSetSize of job (KB)
...
040 (32138.000.000) 2021-07-02 10:59:42 Started transferring output files
...
040 (32138.000.000) 2021-07-02 10:59:42 Finished transferring output files
...
005 (32138.000.000) 2021-07-02 10:59:42 Job terminated.
	(1) Normal termination (return value 0)
		Usr 0 08:41:52, Sys 0 01:00:55  -  Run Remote Usage
		Usr 0 00:00:00, Sys 0 00:00:00  -  Run Local Usage
		Usr 0 08:41:52, Sys 0 01:00:55  -  Total Remote Usage
		Usr 0 00:00:00, Sys 0 00:00:00  -  Total Local Usage
	1246972  -  Run Bytes Sent By Job
	314  -  Run Bytes Received By Job
	1246972  -  Total Bytes Sent By Job
	314  -  Total Bytes Received By Job
	Partitionable Resources :    Usage  Request Allocated 
	   Cpus                 :     1.00        1         1 
	   Disk (KB)            :  1233           1   3637421 
	   Memory (MB)          :  1011        1024      1024 

	Job terminated of its own accord at 2021-07-02T09:59:42Z.
...
