000 (31666.000.000) 2021-07-01 15:13:57 Job submitted from host: <194.36.1.200:9618?addrs=194.36.1.200-9618&alias=hex.ppe.gla.ac.uk&noUDP&sock=schedd_1401_8c46>
...
040 (31666.000.000) 2021-07-01 15:15:16 Started transferring input files
	Transferring to host: <192.168.16.114:9618?addrs=192.168.16.114-9618&alias=condor-d19-04.ppe.cluster&noUDP&sock=slot1_30_19959_abc5_5939>
...
040 (31666.000.000) 2021-07-01 15:15:17 Finished transferring input files
...
001 (31666.000.000) 2021-07-01 15:15:17 Job executing on host: <192.168.16.114:9618?addrs=192.168.16.114-9618&alias=condor-d19-04.ppe.cluster&noUDP&sock=startd_2633_98f3>
...
006 (31666.000.000) 2021-07-01 15:15:27 Image size of job updated: 23180
	1  -  MemoryUsage of job (MB)
	812  -  ResidentSetSize of job (KB)
...
006 (31666.000.000) 2021-07-01 15:20:27 Image size of job updated: 1791744
	1053  -  MemoryUsage of job (MB)
	1077584  -  ResidentSetSize of job (KB)
...
006 (31666.000.000) 2021-07-01 15:35:29 Image size of job updated: 1791944
	1053  -  MemoryUsage of job (MB)
	1077584  -  ResidentSetSize of job (KB)
...
006 (31666.000.000) 2021-07-01 15:40:29 Image size of job updated: 1797016
	1053  -  MemoryUsage of job (MB)
	1077584  -  ResidentSetSize of job (KB)
...
006 (31666.000.000) 2021-07-01 15:50:31 Image size of job updated: 1850340
	1053  -  MemoryUsage of job (MB)
	1077584  -  ResidentSetSize of job (KB)
...
006 (31666.000.000) 2021-07-01 16:05:32 Image size of job updated: 1850340
	1102  -  MemoryUsage of job (MB)
	1127540  -  ResidentSetSize of job (KB)
...
006 (31666.000.000) 2021-07-01 16:10:32 Image size of job updated: 1852176
	1102  -  MemoryUsage of job (MB)
	1127540  -  ResidentSetSize of job (KB)
...
006 (31666.000.000) 2021-07-01 17:00:37 Image size of job updated: 1864528
	1102  -  MemoryUsage of job (MB)
	1127540  -  ResidentSetSize of job (KB)
...
006 (31666.000.000) 2021-07-01 17:35:41 Image size of job updated: 1870164
	1102  -  MemoryUsage of job (MB)
	1127540  -  ResidentSetSize of job (KB)
...
006 (31666.000.000) 2021-07-01 18:40:48 Image size of job updated: 1876644
	1102  -  MemoryUsage of job (MB)
	1127540  -  ResidentSetSize of job (KB)
...
006 (31666.000.000) 2021-07-01 19:20:52 Image size of job updated: 1880652
	1102  -  MemoryUsage of job (MB)
	1127540  -  ResidentSetSize of job (KB)
...
006 (31666.000.000) 2021-07-01 20:46:01 Image size of job updated: 1913384
	1102  -  MemoryUsage of job (MB)
	1127540  -  ResidentSetSize of job (KB)
...
040 (31666.000.000) 2021-07-02 00:59:37 Started transferring output files
...
040 (31666.000.000) 2021-07-02 00:59:37 Finished transferring output files
...
005 (31666.000.000) 2021-07-02 00:59:37 Job terminated.
	(1) Normal termination (return value 0)
		Usr 0 08:41:44, Sys 0 01:01:18  -  Run Remote Usage
		Usr 0 00:00:00, Sys 0 00:00:00  -  Run Local Usage
		Usr 0 08:41:44, Sys 0 01:01:18  -  Total Remote Usage
		Usr 0 00:00:00, Sys 0 00:00:00  -  Total Local Usage
	1078672  -  Run Bytes Sent By Job
	318  -  Run Bytes Received By Job
	1078672  -  Total Bytes Sent By Job
	318  -  Total Bytes Received By Job
	Partitionable Resources :    Usage  Request Allocated 
	   Cpus                 :     1.00        1         1 
	   Disk (KB)            :  1069           1   3637421 
	   Memory (MB)          :  1102        1024      1024 

	Job terminated of its own accord at 2021-07-01T23:59:36Z.
...
