000 (32149.000.000) 2021-07-01 15:15:45 Job submitted from host: <194.36.1.200:9618?addrs=194.36.1.200-9618&alias=hex.ppe.gla.ac.uk&noUDP&sock=schedd_1401_8c46>
...
040 (32149.000.000) 2021-07-02 01:16:20 Started transferring input files
	Transferring to host: <192.168.16.121:9618?addrs=192.168.16.121-9618&alias=condor-d20-01.ppe.cluster&noUDP&sock=slot1_17_59603_7491_5740>
...
040 (32149.000.000) 2021-07-02 01:16:20 Finished transferring input files
...
001 (32149.000.000) 2021-07-02 01:16:21 Job executing on host: <192.168.16.121:9618?addrs=192.168.16.121-9618&alias=condor-d20-01.ppe.cluster&noUDP&sock=startd_40545_137a>
...
006 (32149.000.000) 2021-07-02 01:16:30 Image size of job updated: 23212
	23  -  MemoryUsage of job (MB)
	22864  -  ResidentSetSize of job (KB)
...
006 (32149.000.000) 2021-07-02 01:21:31 Image size of job updated: 1769708
	881  -  MemoryUsage of job (MB)
	901836  -  ResidentSetSize of job (KB)
...
006 (32149.000.000) 2021-07-02 01:26:31 Image size of job updated: 1821860
	1073  -  MemoryUsage of job (MB)
	1097788  -  ResidentSetSize of job (KB)
...
006 (32149.000.000) 2021-07-02 01:56:34 Image size of job updated: 1824500
	1073  -  MemoryUsage of job (MB)
	1097788  -  ResidentSetSize of job (KB)
...
006 (32149.000.000) 2021-07-02 02:01:34 Image size of job updated: 1833392
	1073  -  MemoryUsage of job (MB)
	1097788  -  ResidentSetSize of job (KB)
...
006 (32149.000.000) 2021-07-02 02:56:40 Image size of job updated: 1858076
	1073  -  MemoryUsage of job (MB)
	1097788  -  ResidentSetSize of job (KB)
...
006 (32149.000.000) 2021-07-02 03:21:42 Image size of job updated: 1904556
	1073  -  MemoryUsage of job (MB)
	1097788  -  ResidentSetSize of job (KB)
...
040 (32149.000.000) 2021-07-02 11:03:55 Started transferring output files
...
040 (32149.000.000) 2021-07-02 11:03:55 Finished transferring output files
...
005 (32149.000.000) 2021-07-02 11:03:55 Job terminated.
	(1) Normal termination (return value 0)
		Usr 0 08:42:23, Sys 0 01:01:00  -  Run Remote Usage
		Usr 0 00:00:00, Sys 0 00:00:00  -  Run Local Usage
		Usr 0 08:42:23, Sys 0 01:01:00  -  Total Remote Usage
		Usr 0 00:00:00, Sys 0 00:00:00  -  Total Local Usage
	1232937  -  Run Bytes Sent By Job
	314  -  Run Bytes Received By Job
	1232937  -  Total Bytes Sent By Job
	314  -  Total Bytes Received By Job
	Partitionable Resources :    Usage  Request Allocated 
	   Cpus                 :     1.00        1         1 
	   Disk (KB)            :  1219           1   3637421 
	   Memory (MB)          :  1073        1024      1024 

	Job terminated of its own accord at 2021-07-02T10:03:55Z.
...
