000 (32126.000.000) 2021-07-01 15:15:43 Job submitted from host: <194.36.1.200:9618?addrs=194.36.1.200-9618&alias=hex.ppe.gla.ac.uk&noUDP&sock=schedd_1401_8c46>
...
040 (32126.000.000) 2021-07-02 01:06:20 Started transferring input files
	Transferring to host: <192.168.16.102:9618?addrs=192.168.16.102-9618&alias=condor-h16-02.ppe.cluster&noUDP&sock=slot1_6_15690_c637_4166>
...
040 (32126.000.000) 2021-07-02 01:06:21 Finished transferring input files
...
001 (32126.000.000) 2021-07-02 01:06:22 Job executing on host: <192.168.16.102:9618?addrs=192.168.16.102-9618&alias=condor-h16-02.ppe.cluster&noUDP&sock=startd_2155_baae>
...
006 (32126.000.000) 2021-07-02 01:06:30 Image size of job updated: 1084
	2  -  MemoryUsage of job (MB)
	1084  -  ResidentSetSize of job (KB)
...
006 (32126.000.000) 2021-07-02 01:07:05 Image size of job updated: 872420
	2  -  MemoryUsage of job (MB)
	1084  -  ResidentSetSize of job (KB)
...
040 (32126.000.000) 2021-07-02 01:07:06 Started transferring output files
...
040 (32126.000.000) 2021-07-02 01:07:06 Finished transferring output files
...
005 (32126.000.000) 2021-07-02 01:07:06 Job terminated.
	(1) Normal termination (return value 0)
		Usr 0 00:00:15, Sys 0 00:00:06  -  Run Remote Usage
		Usr 0 00:00:00, Sys 0 00:00:00  -  Run Local Usage
		Usr 0 00:00:15, Sys 0 00:00:06  -  Total Remote Usage
		Usr 0 00:00:00, Sys 0 00:00:00  -  Total Local Usage
	712833  -  Run Bytes Sent By Job
	318  -  Run Bytes Received By Job
	712833  -  Total Bytes Sent By Job
	318  -  Total Bytes Received By Job
	Partitionable Resources :    Usage  Request Allocated 
	   Cpus                 :                 1         1 
	   Disk (KB)            :      706        1    864796 
	   Memory (MB)          :        2     1024      1024 

	Job terminated of its own accord at 2021-07-02T00:07:05Z.
...
