000 (31476.000.000) 2021-07-01 15:13:48 Job submitted from host: <194.36.1.200:9618?addrs=194.36.1.200-9618&alias=hex.ppe.gla.ac.uk&noUDP&sock=schedd_1401_8c46>
...
040 (31476.000.000) 2021-07-01 15:15:15 Started transferring input files
	Transferring to host: <192.168.16.121:9618?addrs=192.168.16.121-9618&alias=condor-d20-01.ppe.cluster&noUDP&sock=slot1_7_59603_7491_5565>
...
040 (31476.000.000) 2021-07-01 15:15:15 Finished transferring input files
...
001 (31476.000.000) 2021-07-01 15:15:16 Job executing on host: <192.168.16.121:9618?addrs=192.168.16.121-9618&alias=condor-d20-01.ppe.cluster&noUDP&sock=startd_40545_137a>
...
006 (31476.000.000) 2021-07-01 15:15:24 Image size of job updated: 75608
	1  -  MemoryUsage of job (MB)
	796  -  ResidentSetSize of job (KB)
...
006 (31476.000.000) 2021-07-01 15:20:24 Image size of job updated: 1794228
	1034  -  MemoryUsage of job (MB)
	1058476  -  ResidentSetSize of job (KB)
...
006 (31476.000.000) 2021-07-01 15:25:25 Image size of job updated: 1798484
	1058  -  MemoryUsage of job (MB)
	1083364  -  ResidentSetSize of job (KB)
...
006 (31476.000.000) 2021-07-01 15:30:25 Image size of job updated: 1798972
	1058  -  MemoryUsage of job (MB)
	1083364  -  ResidentSetSize of job (KB)
...
006 (31476.000.000) 2021-07-01 15:35:25 Image size of job updated: 1800516
	1058  -  MemoryUsage of job (MB)
	1083364  -  ResidentSetSize of job (KB)
...
006 (31476.000.000) 2021-07-01 15:40:26 Image size of job updated: 1811908
	1058  -  MemoryUsage of job (MB)
	1083364  -  ResidentSetSize of job (KB)
...
006 (31476.000.000) 2021-07-01 15:50:27 Image size of job updated: 1812772
	1058  -  MemoryUsage of job (MB)
	1083364  -  ResidentSetSize of job (KB)
...
006 (31476.000.000) 2021-07-01 16:05:29 Image size of job updated: 1816120
	1076  -  MemoryUsage of job (MB)
	1101000  -  ResidentSetSize of job (KB)
...
006 (31476.000.000) 2021-07-01 16:35:32 Image size of job updated: 1816304
	1076  -  MemoryUsage of job (MB)
	1101000  -  ResidentSetSize of job (KB)
...
006 (31476.000.000) 2021-07-01 17:05:36 Image size of job updated: 1838796
	1076  -  MemoryUsage of job (MB)
	1101000  -  ResidentSetSize of job (KB)
...
006 (31476.000.000) 2021-07-01 17:10:36 Image size of job updated: 1855356
	1076  -  MemoryUsage of job (MB)
	1101000  -  ResidentSetSize of job (KB)
...
006 (31476.000.000) 2021-07-01 17:20:37 Image size of job updated: 1856520
	1076  -  MemoryUsage of job (MB)
	1101000  -  ResidentSetSize of job (KB)
...
006 (31476.000.000) 2021-07-01 17:30:37 Image size of job updated: 1875144
	1076  -  MemoryUsage of job (MB)
	1101000  -  ResidentSetSize of job (KB)
...
006 (31476.000.000) 2021-07-01 17:40:39 Image size of job updated: 1903424
	1076  -  MemoryUsage of job (MB)
	1101000  -  ResidentSetSize of job (KB)
...
006 (31476.000.000) 2021-07-01 18:55:47 Image size of job updated: 1903424
	1078  -  MemoryUsage of job (MB)
	1103316  -  ResidentSetSize of job (KB)
...
006 (31476.000.000) 2021-07-01 20:56:00 Image size of job updated: 1903424
	1084  -  MemoryUsage of job (MB)
	1109660  -  ResidentSetSize of job (KB)
...
006 (31476.000.000) 2021-07-01 21:56:05 Image size of job updated: 1903424
	1104  -  MemoryUsage of job (MB)
	1129768  -  ResidentSetSize of job (KB)
...
040 (31476.000.000) 2021-07-02 01:15:21 Started transferring output files
...
040 (31476.000.000) 2021-07-02 01:15:21 Finished transferring output files
...
005 (31476.000.000) 2021-07-02 01:15:21 Job terminated.
	(1) Normal termination (return value 0)
		Usr 0 08:56:23, Sys 0 01:02:11  -  Run Remote Usage
		Usr 0 00:00:00, Sys 0 00:00:00  -  Run Local Usage
		Usr 0 08:56:23, Sys 0 01:02:11  -  Total Remote Usage
		Usr 0 00:00:00, Sys 0 00:00:00  -  Total Local Usage
	1076889  -  Run Bytes Sent By Job
	314  -  Run Bytes Received By Job
	1076889  -  Total Bytes Sent By Job
	314  -  Total Bytes Received By Job
	Partitionable Resources :    Usage  Request Allocated 
	   Cpus                 :     1.00        1         1 
	   Disk (KB)            :  1067           1   3637421 
	   Memory (MB)          :  1104        1024      1024 

	Job terminated of its own accord at 2021-07-02T00:15:21Z.
...
