000 (31898.000.000) 2021-07-01 15:15:27 Job submitted from host: <194.36.1.200:9618?addrs=194.36.1.200-9618&alias=hex.ppe.gla.ac.uk&noUDP&sock=schedd_1401_8c46>
...
040 (31898.000.000) 2021-07-01 15:16:38 Started transferring input files
	Transferring to host: <192.168.16.111:9618?addrs=192.168.16.111-9618&alias=condor-d19-01.ppe.cluster&noUDP&sock=slot1_42_88351_05a2_5154>
...
040 (31898.000.000) 2021-07-01 15:16:38 Finished transferring input files
...
001 (31898.000.000) 2021-07-01 15:16:39 Job executing on host: <192.168.16.111:9618?addrs=192.168.16.111-9618&alias=condor-d19-01.ppe.cluster&noUDP&sock=startd_2932_afc5>
...
006 (31898.000.000) 2021-07-01 15:16:47 Image size of job updated: 23176
	18  -  MemoryUsage of job (MB)
	17884  -  ResidentSetSize of job (KB)
...
006 (31898.000.000) 2021-07-01 15:21:47 Image size of job updated: 1780236
	1017  -  MemoryUsage of job (MB)
	1041112  -  ResidentSetSize of job (KB)
...
006 (31898.000.000) 2021-07-01 15:26:47 Image size of job updated: 1803232
	1057  -  MemoryUsage of job (MB)
	1082104  -  ResidentSetSize of job (KB)
...
006 (31898.000.000) 2021-07-01 15:36:48 Image size of job updated: 1822988
	1057  -  MemoryUsage of job (MB)
	1082104  -  ResidentSetSize of job (KB)
...
006 (31898.000.000) 2021-07-01 17:06:58 Image size of job updated: 1825088
	1057  -  MemoryUsage of job (MB)
	1082104  -  ResidentSetSize of job (KB)
...
006 (31898.000.000) 2021-07-01 17:16:59 Image size of job updated: 1837448
	1057  -  MemoryUsage of job (MB)
	1082104  -  ResidentSetSize of job (KB)
...
006 (31898.000.000) 2021-07-01 17:21:59 Image size of job updated: 1861520
	1057  -  MemoryUsage of job (MB)
	1082104  -  ResidentSetSize of job (KB)
...
006 (31898.000.000) 2021-07-01 18:07:04 Image size of job updated: 1863252
	1057  -  MemoryUsage of job (MB)
	1082104  -  ResidentSetSize of job (KB)
...
006 (31898.000.000) 2021-07-01 19:02:10 Image size of job updated: 1863252
	1058  -  MemoryUsage of job (MB)
	1082400  -  ResidentSetSize of job (KB)
...
006 (31898.000.000) 2021-07-01 19:32:12 Image size of job updated: 1863464
	1058  -  MemoryUsage of job (MB)
	1082400  -  ResidentSetSize of job (KB)
...
006 (31898.000.000) 2021-07-01 19:37:13 Image size of job updated: 1863464
	1075  -  MemoryUsage of job (MB)
	1100392  -  ResidentSetSize of job (KB)
...
006 (31898.000.000) 2021-07-01 19:57:16 Image size of job updated: 1867592
	1075  -  MemoryUsage of job (MB)
	1100392  -  ResidentSetSize of job (KB)
...
006 (31898.000.000) 2021-07-01 21:27:25 Image size of job updated: 1884972
	1075  -  MemoryUsage of job (MB)
	1100392  -  ResidentSetSize of job (KB)
...
040 (31898.000.000) 2021-07-01 22:31:41 Started transferring output files
...
040 (31898.000.000) 2021-07-01 22:31:41 Finished transferring output files
...
005 (31898.000.000) 2021-07-01 22:31:41 Job terminated.
	(1) Normal termination (return value 0)
		Usr 0 06:20:53, Sys 0 00:53:27  -  Run Remote Usage
		Usr 0 00:00:00, Sys 0 00:00:00  -  Run Local Usage
		Usr 0 06:20:53, Sys 0 00:53:27  -  Total Remote Usage
		Usr 0 00:00:00, Sys 0 00:00:00  -  Total Local Usage
	985760  -  Run Bytes Sent By Job
	318  -  Run Bytes Received By Job
	985760  -  Total Bytes Sent By Job
	318  -  Total Bytes Received By Job
	Partitionable Resources :    Usage  Request Allocated 
	   Cpus                 :     1.00        1         1 
	   Disk (KB)            :   978           1    825748 
	   Memory (MB)          :  1075        1024      1024 

	Job terminated of its own accord at 2021-07-01T21:31:41Z.
...
