000 (32354.000.000) 2021-07-01 15:15:59 Job submitted from host: <194.36.1.200:9618?addrs=194.36.1.200-9618&alias=hex.ppe.gla.ac.uk&noUDP&sock=schedd_1401_8c46>
...
040 (32354.000.000) 2021-07-02 06:21:59 Started transferring input files
	Transferring to host: <192.168.16.102:9618?addrs=192.168.16.102-9618&alias=condor-h16-02.ppe.cluster&noUDP&sock=slot1_4_15690_c637_4177>
...
040 (32354.000.000) 2021-07-02 06:21:59 Finished transferring input files
...
001 (32354.000.000) 2021-07-02 06:22:00 Job executing on host: <192.168.16.102:9618?addrs=192.168.16.102-9618&alias=condor-h16-02.ppe.cluster&noUDP&sock=startd_2155_baae>
...
006 (32354.000.000) 2021-07-02 06:22:08 Image size of job updated: 23188
	2  -  MemoryUsage of job (MB)
	1132  -  ResidentSetSize of job (KB)
...
006 (32354.000.000) 2021-07-02 06:27:08 Image size of job updated: 1792732
	609  -  MemoryUsage of job (MB)
	623544  -  ResidentSetSize of job (KB)
...
006 (32354.000.000) 2021-07-02 06:32:08 Image size of job updated: 1792732
	1020  -  MemoryUsage of job (MB)
	1043852  -  ResidentSetSize of job (KB)
...
006 (32354.000.000) 2021-07-02 06:52:10 Image size of job updated: 1797700
	1020  -  MemoryUsage of job (MB)
	1043852  -  ResidentSetSize of job (KB)
...
006 (32354.000.000) 2021-07-02 07:17:12 Image size of job updated: 1815148
	1020  -  MemoryUsage of job (MB)
	1043852  -  ResidentSetSize of job (KB)
...
006 (32354.000.000) 2021-07-02 07:22:12 Image size of job updated: 1819772
	1020  -  MemoryUsage of job (MB)
	1043852  -  ResidentSetSize of job (KB)
...
006 (32354.000.000) 2021-07-02 07:27:13 Image size of job updated: 1828720
	1020  -  MemoryUsage of job (MB)
	1043852  -  ResidentSetSize of job (KB)
...
006 (32354.000.000) 2021-07-02 08:17:18 Image size of job updated: 1845236
	1020  -  MemoryUsage of job (MB)
	1043852  -  ResidentSetSize of job (KB)
...
006 (32354.000.000) 2021-07-02 09:02:23 Image size of job updated: 1848592
	1020  -  MemoryUsage of job (MB)
	1043852  -  ResidentSetSize of job (KB)
...
006 (32354.000.000) 2021-07-02 09:12:25 Image size of job updated: 1865248
	1020  -  MemoryUsage of job (MB)
	1043852  -  ResidentSetSize of job (KB)
...
006 (32354.000.000) 2021-07-02 09:47:29 Image size of job updated: 1871232
	1020  -  MemoryUsage of job (MB)
	1043852  -  ResidentSetSize of job (KB)
...
006 (32354.000.000) 2021-07-02 12:02:43 Image size of job updated: 1873680
	1020  -  MemoryUsage of job (MB)
	1043852  -  ResidentSetSize of job (KB)
...
006 (32354.000.000) 2021-07-02 15:53:06 Image size of job updated: 1907136
	1020  -  MemoryUsage of job (MB)
	1043852  -  ResidentSetSize of job (KB)
...
040 (32354.000.000) 2021-07-02 19:36:19 Started transferring output files
...
040 (32354.000.000) 2021-07-02 19:36:19 Finished transferring output files
...
005 (32354.000.000) 2021-07-02 19:36:19 Job terminated.
	(1) Normal termination (return value 0)
		Usr 0 09:33:43, Sys 0 01:38:26  -  Run Remote Usage
		Usr 0 00:00:00, Sys 0 00:00:00  -  Run Local Usage
		Usr 0 09:33:43, Sys 0 01:38:26  -  Total Remote Usage
		Usr 0 00:00:00, Sys 0 00:00:00  -  Total Local Usage
	1240994  -  Run Bytes Sent By Job
	314  -  Run Bytes Received By Job
	1240994  -  Total Bytes Sent By Job
	314  -  Total Bytes Received By Job
	Partitionable Resources :    Usage  Request Allocated 
	   Cpus                 :     1.00        1         1 
	   Disk (KB)            :  1228           1    864796 
	   Memory (MB)          :  1020        1024      1024 

	Job terminated of its own accord at 2021-07-02T18:36:19Z.
...
