000 (31648.000.000) 2021-07-01 15:13:57 Job submitted from host: <194.36.1.200:9618?addrs=194.36.1.200-9618&alias=hex.ppe.gla.ac.uk&noUDP&sock=schedd_1401_8c46>
...
040 (31648.000.000) 2021-07-01 15:15:15 Started transferring input files
	Transferring to host: <192.168.16.114:9618?addrs=192.168.16.114-9618&alias=condor-d19-04.ppe.cluster&noUDP&sock=slot1_28_19959_abc5_5935>
...
040 (31648.000.000) 2021-07-01 15:15:15 Finished transferring input files
...
001 (31648.000.000) 2021-07-01 15:15:17 Job executing on host: <192.168.16.114:9618?addrs=192.168.16.114-9618&alias=condor-d19-04.ppe.cluster&noUDP&sock=startd_2633_98f3>
...
006 (31648.000.000) 2021-07-01 15:15:25 Image size of job updated: 75608
	1  -  MemoryUsage of job (MB)
	800  -  ResidentSetSize of job (KB)
...
006 (31648.000.000) 2021-07-01 15:20:25 Image size of job updated: 1807624
	1042  -  MemoryUsage of job (MB)
	1066396  -  ResidentSetSize of job (KB)
...
006 (31648.000.000) 2021-07-01 15:40:27 Image size of job updated: 1814928
	1042  -  MemoryUsage of job (MB)
	1066396  -  ResidentSetSize of job (KB)
...
006 (31648.000.000) 2021-07-01 15:45:28 Image size of job updated: 1825436
	1042  -  MemoryUsage of job (MB)
	1066396  -  ResidentSetSize of job (KB)
...
006 (31648.000.000) 2021-07-01 15:55:28 Image size of job updated: 1825436
	1061  -  MemoryUsage of job (MB)
	1085660  -  ResidentSetSize of job (KB)
...
006 (31648.000.000) 2021-07-01 16:00:30 Image size of job updated: 1848464
	1077  -  MemoryUsage of job (MB)
	1102272  -  ResidentSetSize of job (KB)
...
006 (31648.000.000) 2021-07-01 16:50:35 Image size of job updated: 1857092
	1077  -  MemoryUsage of job (MB)
	1102272  -  ResidentSetSize of job (KB)
...
006 (31648.000.000) 2021-07-01 17:10:37 Image size of job updated: 1883068
	1077  -  MemoryUsage of job (MB)
	1102272  -  ResidentSetSize of job (KB)
...
006 (31648.000.000) 2021-07-01 21:51:06 Image size of job updated: 1891740
	1077  -  MemoryUsage of job (MB)
	1102272  -  ResidentSetSize of job (KB)
...
040 (31648.000.000) 2021-07-02 00:53:36 Started transferring output files
...
040 (31648.000.000) 2021-07-02 00:53:36 Finished transferring output files
...
005 (31648.000.000) 2021-07-02 00:53:36 Job terminated.
	(1) Normal termination (return value 0)
		Usr 0 08:34:49, Sys 0 01:00:38  -  Run Remote Usage
		Usr 0 00:00:00, Sys 0 00:00:00  -  Run Local Usage
		Usr 0 08:34:49, Sys 0 01:00:38  -  Total Remote Usage
		Usr 0 00:00:00, Sys 0 00:00:00  -  Total Local Usage
	1076050  -  Run Bytes Sent By Job
	314  -  Run Bytes Received By Job
	1076050  -  Total Bytes Sent By Job
	314  -  Total Bytes Received By Job
	Partitionable Resources :    Usage  Request Allocated 
	   Cpus                 :     0.99        1         1 
	   Disk (KB)            :  1066           1   3637421 
	   Memory (MB)          :  1077        1024      1024 

	Job terminated of its own accord at 2021-07-01T23:53:36Z.
...
