000 (31843.000.000) 2021-07-01 15:15:22 Job submitted from host: <194.36.1.200:9618?addrs=194.36.1.200-9618&alias=hex.ppe.gla.ac.uk&noUDP&sock=schedd_1401_8c46>
...
040 (31843.000.000) 2021-07-01 15:15:29 Started transferring input files
	Transferring to host: <192.168.16.112:9618?addrs=192.168.16.112-9618&alias=condor-d19-02.ppe.cluster&noUDP&sock=slot1_54_83748_cac7_5508>
...
040 (31843.000.000) 2021-07-01 15:15:29 Finished transferring input files
...
001 (31843.000.000) 2021-07-01 15:15:30 Job executing on host: <192.168.16.112:9618?addrs=192.168.16.112-9618&alias=condor-d19-02.ppe.cluster&noUDP&sock=startd_2914_5710>
...
006 (31843.000.000) 2021-07-01 15:15:39 Image size of job updated: 75608
	2  -  MemoryUsage of job (MB)
	1100  -  ResidentSetSize of job (KB)
...
006 (31843.000.000) 2021-07-01 15:20:40 Image size of job updated: 1780244
	1017  -  MemoryUsage of job (MB)
	1041132  -  ResidentSetSize of job (KB)
...
006 (31843.000.000) 2021-07-01 15:25:40 Image size of job updated: 1803236
	1017  -  MemoryUsage of job (MB)
	1041132  -  ResidentSetSize of job (KB)
...
006 (31843.000.000) 2021-07-01 15:30:40 Image size of job updated: 1803236
	1049  -  MemoryUsage of job (MB)
	1073268  -  ResidentSetSize of job (KB)
...
006 (31843.000.000) 2021-07-01 15:35:41 Image size of job updated: 1823048
	1049  -  MemoryUsage of job (MB)
	1073268  -  ResidentSetSize of job (KB)
...
006 (31843.000.000) 2021-07-01 17:20:52 Image size of job updated: 1825096
	1049  -  MemoryUsage of job (MB)
	1073268  -  ResidentSetSize of job (KB)
...
006 (31843.000.000) 2021-07-01 17:30:53 Image size of job updated: 1837456
	1049  -  MemoryUsage of job (MB)
	1073268  -  ResidentSetSize of job (KB)
...
006 (31843.000.000) 2021-07-01 17:35:53 Image size of job updated: 1861528
	1049  -  MemoryUsage of job (MB)
	1073268  -  ResidentSetSize of job (KB)
...
006 (31843.000.000) 2021-07-01 18:25:58 Image size of job updated: 1863260
	1049  -  MemoryUsage of job (MB)
	1073268  -  ResidentSetSize of job (KB)
...
006 (31843.000.000) 2021-07-01 19:56:06 Image size of job updated: 1863472
	1049  -  MemoryUsage of job (MB)
	1073268  -  ResidentSetSize of job (KB)
...
006 (31843.000.000) 2021-07-01 20:26:09 Image size of job updated: 1867600
	1049  -  MemoryUsage of job (MB)
	1073268  -  ResidentSetSize of job (KB)
...
006 (31843.000.000) 2021-07-01 22:06:20 Image size of job updated: 1884980
	1049  -  MemoryUsage of job (MB)
	1073268  -  ResidentSetSize of job (KB)
...
040 (31843.000.000) 2021-07-01 23:15:22 Started transferring output files
...
040 (31843.000.000) 2021-07-01 23:15:22 Finished transferring output files
...
005 (31843.000.000) 2021-07-01 23:15:22 Job terminated.
	(1) Normal termination (return value 0)
		Usr 0 06:54:29, Sys 0 00:57:30  -  Run Remote Usage
		Usr 0 00:00:00, Sys 0 00:00:00  -  Run Local Usage
		Usr 0 06:54:29, Sys 0 00:57:30  -  Total Remote Usage
		Usr 0 00:00:00, Sys 0 00:00:00  -  Total Local Usage
	985760  -  Run Bytes Sent By Job
	318  -  Run Bytes Received By Job
	985760  -  Total Bytes Sent By Job
	318  -  Total Bytes Received By Job
	Partitionable Resources :    Usage  Request Allocated 
	   Cpus                 :     0.98        1         1 
	   Disk (KB)            :   978           1    825748 
	   Memory (MB)          :  1049        1024      1024 

	Job terminated of its own accord at 2021-07-01T22:15:22Z.
...
