000 (31669.000.000) 2021-07-01 15:13:58 Job submitted from host: <194.36.1.200:9618?addrs=194.36.1.200-9618&alias=hex.ppe.gla.ac.uk&noUDP&sock=schedd_1401_8c46>
...
040 (31669.000.000) 2021-07-01 15:15:16 Started transferring input files
	Transferring to host: <192.168.16.113:9618?addrs=192.168.16.113-9618&alias=condor-d19-03.ppe.cluster&noUDP&sock=slot1_32_1284_71ad_5276>
...
040 (31669.000.000) 2021-07-01 15:15:17 Finished transferring input files
...
001 (31669.000.000) 2021-07-01 15:15:18 Job executing on host: <192.168.16.113:9618?addrs=192.168.16.113-9618&alias=condor-d19-03.ppe.cluster&noUDP&sock=startd_2634_488c>
...
006 (31669.000.000) 2021-07-01 15:15:26 Image size of job updated: 23168
	1  -  MemoryUsage of job (MB)
	800  -  ResidentSetSize of job (KB)
...
006 (31669.000.000) 2021-07-01 15:20:26 Image size of job updated: 1776484
	1026  -  MemoryUsage of job (MB)
	1050596  -  ResidentSetSize of job (KB)
...
006 (31669.000.000) 2021-07-01 15:25:27 Image size of job updated: 1777292
	1039  -  MemoryUsage of job (MB)
	1063140  -  ResidentSetSize of job (KB)
...
006 (31669.000.000) 2021-07-01 15:30:28 Image size of job updated: 1804820
	1039  -  MemoryUsage of job (MB)
	1063140  -  ResidentSetSize of job (KB)
...
006 (31669.000.000) 2021-07-01 15:35:28 Image size of job updated: 1808480
	1039  -  MemoryUsage of job (MB)
	1063140  -  ResidentSetSize of job (KB)
...
006 (31669.000.000) 2021-07-01 15:45:30 Image size of job updated: 1812232
	1039  -  MemoryUsage of job (MB)
	1063140  -  ResidentSetSize of job (KB)
...
006 (31669.000.000) 2021-07-01 15:55:30 Image size of job updated: 1841044
	1053  -  MemoryUsage of job (MB)
	1077300  -  ResidentSetSize of job (KB)
...
006 (31669.000.000) 2021-07-01 16:05:31 Image size of job updated: 1841044
	1065  -  MemoryUsage of job (MB)
	1089784  -  ResidentSetSize of job (KB)
...
006 (31669.000.000) 2021-07-01 16:45:35 Image size of job updated: 1857408
	1065  -  MemoryUsage of job (MB)
	1089784  -  ResidentSetSize of job (KB)
...
006 (31669.000.000) 2021-07-01 17:10:38 Image size of job updated: 1867464
	1065  -  MemoryUsage of job (MB)
	1089784  -  ResidentSetSize of job (KB)
...
006 (31669.000.000) 2021-07-01 17:45:41 Image size of job updated: 1891580
	1065  -  MemoryUsage of job (MB)
	1089784  -  ResidentSetSize of job (KB)
...
006 (31669.000.000) 2021-07-01 19:50:53 Image size of job updated: 1891580
	1065  -  MemoryUsage of job (MB)
	1090092  -  ResidentSetSize of job (KB)
...
040 (31669.000.000) 2021-07-02 00:25:04 Started transferring output files
...
040 (31669.000.000) 2021-07-02 00:25:04 Finished transferring output files
...
005 (31669.000.000) 2021-07-02 00:25:04 Job terminated.
	(1) Normal termination (return value 0)
		Usr 0 08:10:20, Sys 0 00:56:05  -  Run Remote Usage
		Usr 0 00:00:00, Sys 0 00:00:00  -  Run Local Usage
		Usr 0 08:10:20, Sys 0 00:56:05  -  Total Remote Usage
		Usr 0 00:00:00, Sys 0 00:00:00  -  Total Local Usage
	1075240  -  Run Bytes Sent By Job
	318  -  Run Bytes Received By Job
	1075240  -  Total Bytes Sent By Job
	318  -  Total Bytes Received By Job
	Partitionable Resources :    Usage  Request Allocated 
	   Cpus                 :     1.00        1         1 
	   Disk (KB)            :  1065           1   3637421 
	   Memory (MB)          :  1065        1024      1024 

	Job terminated of its own accord at 2021-07-01T23:25:04Z.
...
