000 (32295.000.000) 2021-07-01 15:15:54 Job submitted from host: <194.36.1.200:9618?addrs=194.36.1.200-9618&alias=hex.ppe.gla.ac.uk&noUDP&sock=schedd_1401_8c46>
...
040 (32295.000.000) 2021-07-02 03:55:48 Started transferring input files
	Transferring to host: <192.168.16.112:9618?addrs=192.168.16.112-9618&alias=condor-d19-02.ppe.cluster&noUDP&sock=slot1_41_83748_cac7_5662>
...
040 (32295.000.000) 2021-07-02 03:55:48 Finished transferring input files
...
001 (32295.000.000) 2021-07-02 03:55:49 Job executing on host: <192.168.16.112:9618?addrs=192.168.16.112-9618&alias=condor-d19-02.ppe.cluster&noUDP&sock=startd_2914_5710>
...
006 (32295.000.000) 2021-07-02 03:55:57 Image size of job updated: 23108
	2  -  MemoryUsage of job (MB)
	1088  -  ResidentSetSize of job (KB)
...
006 (32295.000.000) 2021-07-02 03:56:22 Image size of job updated: 907932
	2  -  MemoryUsage of job (MB)
	1088  -  ResidentSetSize of job (KB)
...
040 (32295.000.000) 2021-07-02 03:56:22 Started transferring output files
...
040 (32295.000.000) 2021-07-02 03:56:22 Finished transferring output files
...
005 (32295.000.000) 2021-07-02 03:56:22 Job terminated.
	(1) Normal termination (return value 0)
		Usr 0 00:00:16, Sys 0 00:00:06  -  Run Remote Usage
		Usr 0 00:00:00, Sys 0 00:00:00  -  Run Local Usage
		Usr 0 00:00:16, Sys 0 00:00:06  -  Total Remote Usage
		Usr 0 00:00:00, Sys 0 00:00:00  -  Total Local Usage
	712833  -  Run Bytes Sent By Job
	318  -  Run Bytes Received By Job
	712833  -  Total Bytes Sent By Job
	318  -  Total Bytes Received By Job
	Partitionable Resources :    Usage  Request Allocated 
	   Cpus                 :                 1         1 
	   Disk (KB)            :      706        1    825748 
	   Memory (MB)          :        2     1024      1024 

	Job terminated of its own accord at 2021-07-02T02:56:22Z.
...
