000 (32019.000.000) 2021-07-01 15:15:35 Job submitted from host: <194.36.1.200:9618?addrs=194.36.1.200-9618&alias=hex.ppe.gla.ac.uk&noUDP&sock=schedd_1401_8c46>
...
040 (32019.000.000) 2021-07-02 00:35:44 Started transferring input files
	Transferring to host: <192.168.16.113:9618?addrs=192.168.16.113-9618&alias=condor-d19-03.ppe.cluster&noUDP&sock=slot1_36_1284_71ad_5471>
...
040 (32019.000.000) 2021-07-02 00:35:44 Finished transferring input files
...
001 (32019.000.000) 2021-07-02 00:35:45 Job executing on host: <192.168.16.113:9618?addrs=192.168.16.113-9618&alias=condor-d19-03.ppe.cluster&noUDP&sock=startd_2634_488c>
...
006 (32019.000.000) 2021-07-02 00:35:53 Image size of job updated: 36860
	36  -  MemoryUsage of job (MB)
	36856  -  ResidentSetSize of job (KB)
...
006 (32019.000.000) 2021-07-02 00:36:06 Image size of job updated: 869888
	36  -  MemoryUsage of job (MB)
	36856  -  ResidentSetSize of job (KB)
...
040 (32019.000.000) 2021-07-02 00:36:06 Started transferring output files
...
040 (32019.000.000) 2021-07-02 00:36:06 Finished transferring output files
...
005 (32019.000.000) 2021-07-02 00:36:06 Job terminated.
	(1) Normal termination (return value 0)
		Usr 0 00:00:12, Sys 0 00:00:03  -  Run Remote Usage
		Usr 0 00:00:00, Sys 0 00:00:00  -  Run Local Usage
		Usr 0 00:00:12, Sys 0 00:00:03  -  Total Remote Usage
		Usr 0 00:00:00, Sys 0 00:00:00  -  Total Local Usage
	712833  -  Run Bytes Sent By Job
	318  -  Run Bytes Received By Job
	712833  -  Total Bytes Sent By Job
	318  -  Total Bytes Received By Job
	Partitionable Resources :    Usage  Request Allocated 
	   Cpus                 :                 1         1 
	   Disk (KB)            :      706        1   3637421 
	   Memory (MB)          :       36     1024      1024 

	Job terminated of its own accord at 2021-07-01T23:36:06Z.
...
