000 (32086.000.000) 2021-07-01 15:15:39 Job submitted from host: <194.36.1.200:9618?addrs=194.36.1.200-9618&alias=hex.ppe.gla.ac.uk&noUDP&sock=schedd_1401_8c46>
...
040 (32086.000.000) 2021-07-02 00:55:47 Started transferring input files
	Transferring to host: <192.168.16.113:9618?addrs=192.168.16.113-9618&alias=condor-d19-03.ppe.cluster&noUDP&sock=slot1_51_1284_71ad_5584>
...
040 (32086.000.000) 2021-07-02 00:55:47 Finished transferring input files
...
001 (32086.000.000) 2021-07-02 00:55:48 Job executing on host: <192.168.16.113:9618?addrs=192.168.16.113-9618&alias=condor-d19-03.ppe.cluster&noUDP&sock=startd_2634_488c>
...
006 (32086.000.000) 2021-07-02 00:55:57 Image size of job updated: 29116
	29  -  MemoryUsage of job (MB)
	29112  -  ResidentSetSize of job (KB)
...
006 (32086.000.000) 2021-07-02 01:00:58 Image size of job updated: 1807252
	903  -  MemoryUsage of job (MB)
	924204  -  ResidentSetSize of job (KB)
...
006 (32086.000.000) 2021-07-02 01:21:00 Image size of job updated: 1807252
	905  -  MemoryUsage of job (MB)
	926536  -  ResidentSetSize of job (KB)
...
006 (32086.000.000) 2021-07-02 01:26:00 Image size of job updated: 1807252
	907  -  MemoryUsage of job (MB)
	928392  -  ResidentSetSize of job (KB)
...
006 (32086.000.000) 2021-07-02 01:31:01 Image size of job updated: 1839416
	907  -  MemoryUsage of job (MB)
	928392  -  ResidentSetSize of job (KB)
...
006 (32086.000.000) 2021-07-02 01:41:02 Image size of job updated: 1839416
	910  -  MemoryUsage of job (MB)
	931408  -  ResidentSetSize of job (KB)
...
006 (32086.000.000) 2021-07-02 01:56:04 Image size of job updated: 1839416
	1034  -  MemoryUsage of job (MB)
	1058416  -  ResidentSetSize of job (KB)
...
006 (32086.000.000) 2021-07-02 02:01:04 Image size of job updated: 1839416
	1053  -  MemoryUsage of job (MB)
	1077920  -  ResidentSetSize of job (KB)
...
006 (32086.000.000) 2021-07-02 02:06:05 Image size of job updated: 1839416
	1060  -  MemoryUsage of job (MB)
	1085096  -  ResidentSetSize of job (KB)
...
006 (32086.000.000) 2021-07-02 02:16:06 Image size of job updated: 1846900
	1060  -  MemoryUsage of job (MB)
	1085096  -  ResidentSetSize of job (KB)
...
006 (32086.000.000) 2021-07-02 02:26:06 Image size of job updated: 1846940
	1060  -  MemoryUsage of job (MB)
	1085096  -  ResidentSetSize of job (KB)
...
006 (32086.000.000) 2021-07-02 02:31:07 Image size of job updated: 1863392
	1060  -  MemoryUsage of job (MB)
	1085096  -  ResidentSetSize of job (KB)
...
006 (32086.000.000) 2021-07-02 04:21:18 Image size of job updated: 1902276
	1060  -  MemoryUsage of job (MB)
	1085096  -  ResidentSetSize of job (KB)
...
006 (32086.000.000) 2021-07-02 04:46:21 Image size of job updated: 1902276
	1073  -  MemoryUsage of job (MB)
	1097944  -  ResidentSetSize of job (KB)
...
006 (32086.000.000) 2021-07-02 04:56:22 Image size of job updated: 1902276
	1083  -  MemoryUsage of job (MB)
	1108640  -  ResidentSetSize of job (KB)
...
006 (32086.000.000) 2021-07-02 08:26:44 Image size of job updated: 1902276
	1109  -  MemoryUsage of job (MB)
	1134884  -  ResidentSetSize of job (KB)
...
040 (32086.000.000) 2021-07-02 09:39:19 Started transferring output files
...
040 (32086.000.000) 2021-07-02 09:39:19 Finished transferring output files
...
005 (32086.000.000) 2021-07-02 09:39:19 Job terminated.
	(1) Normal termination (return value 0)
		Usr 0 07:46:56, Sys 0 00:55:19  -  Run Remote Usage
		Usr 0 00:00:00, Sys 0 00:00:00  -  Run Local Usage
		Usr 0 07:46:56, Sys 0 00:55:19  -  Total Remote Usage
		Usr 0 00:00:00, Sys 0 00:00:00  -  Total Local Usage
	1057639  -  Run Bytes Sent By Job
	314  -  Run Bytes Received By Job
	1057639  -  Total Bytes Sent By Job
	314  -  Total Bytes Received By Job
	Partitionable Resources :    Usage  Request Allocated 
	   Cpus                 :     0.98        1         1 
	   Disk (KB)            :  1049           1   3637421 
	   Memory (MB)          :  1109        1024      1024 

	Job terminated of its own accord at 2021-07-02T08:39:19Z.
...
