000 (32248.000.000) 2021-07-01 15:15:51 Job submitted from host: <194.36.1.200:9618?addrs=194.36.1.200-9618&alias=hex.ppe.gla.ac.uk&noUDP&sock=schedd_1401_8c46>
...
040 (32248.000.000) 2021-07-02 03:19:47 Started transferring input files
	Transferring to host: <192.168.16.112:9618?addrs=192.168.16.112-9618&alias=condor-d19-02.ppe.cluster&noUDP&sock=slot1_10_83748_cac7_5615>
...
040 (32248.000.000) 2021-07-02 03:19:47 Finished transferring input files
...
001 (32248.000.000) 2021-07-02 03:19:48 Job executing on host: <192.168.16.112:9618?addrs=192.168.16.112-9618&alias=condor-d19-02.ppe.cluster&noUDP&sock=startd_2914_5710>
...
006 (32248.000.000) 2021-07-02 03:19:57 Image size of job updated: 23076
	2  -  MemoryUsage of job (MB)
	1132  -  ResidentSetSize of job (KB)
...
006 (32248.000.000) 2021-07-02 03:24:58 Image size of job updated: 1836572
	1094  -  MemoryUsage of job (MB)
	1119520  -  ResidentSetSize of job (KB)
...
006 (32248.000.000) 2021-07-02 03:29:58 Image size of job updated: 1847924
	1094  -  MemoryUsage of job (MB)
	1119520  -  ResidentSetSize of job (KB)
...
006 (32248.000.000) 2021-07-02 05:20:10 Image size of job updated: 1882896
	1094  -  MemoryUsage of job (MB)
	1119520  -  ResidentSetSize of job (KB)
...
006 (32248.000.000) 2021-07-02 05:50:13 Image size of job updated: 1883392
	1094  -  MemoryUsage of job (MB)
	1119520  -  ResidentSetSize of job (KB)
...
006 (32248.000.000) 2021-07-02 10:40:42 Image size of job updated: 1902836
	1094  -  MemoryUsage of job (MB)
	1119520  -  ResidentSetSize of job (KB)
...
040 (32248.000.000) 2021-07-02 15:27:45 Started transferring output files
...
040 (32248.000.000) 2021-07-02 15:27:45 Finished transferring output files
...
005 (32248.000.000) 2021-07-02 15:27:45 Job terminated.
	(1) Normal termination (return value 0)
		Usr 0 10:32:22, Sys 0 01:26:32  -  Run Remote Usage
		Usr 0 00:00:00, Sys 0 00:00:00  -  Run Local Usage
		Usr 0 10:32:22, Sys 0 01:26:32  -  Total Remote Usage
		Usr 0 00:00:00, Sys 0 00:00:00  -  Total Local Usage
	1246972  -  Run Bytes Sent By Job
	314  -  Run Bytes Received By Job
	1246972  -  Total Bytes Sent By Job
	314  -  Total Bytes Received By Job
	Partitionable Resources :    Usage  Request Allocated 
	   Cpus                 :     0.99        1         1 
	   Disk (KB)            :  1233           1    825748 
	   Memory (MB)          :  1094        1024      1024 

	Job terminated of its own accord at 2021-07-02T14:27:45Z.
...
