000 (31992.000.000) 2021-07-01 15:15:33 Job submitted from host: <194.36.1.200:9618?addrs=194.36.1.200-9618&alias=hex.ppe.gla.ac.uk&noUDP&sock=schedd_1401_8c46>
...
040 (31992.000.000) 2021-07-02 00:28:44 Started transferring input files
	Transferring to host: <192.168.16.113:9618?addrs=192.168.16.113-9618&alias=condor-d19-03.ppe.cluster&noUDP&sock=slot1_16_1284_71ad_5453>
...
040 (31992.000.000) 2021-07-02 00:28:44 Finished transferring input files
...
001 (31992.000.000) 2021-07-02 00:28:45 Job executing on host: <192.168.16.113:9618?addrs=192.168.16.113-9618&alias=condor-d19-03.ppe.cluster&noUDP&sock=startd_2634_488c>
...
006 (31992.000.000) 2021-07-02 00:28:53 Image size of job updated: 22396
	21  -  MemoryUsage of job (MB)
	20652  -  ResidentSetSize of job (KB)
...
006 (31992.000.000) 2021-07-02 00:33:53 Image size of job updated: 1787504
	685  -  MemoryUsage of job (MB)
	700596  -  ResidentSetSize of job (KB)
...
006 (31992.000.000) 2021-07-02 00:38:54 Image size of job updated: 1804072
	750  -  MemoryUsage of job (MB)
	767336  -  ResidentSetSize of job (KB)
...
006 (31992.000.000) 2021-07-02 00:43:55 Image size of job updated: 1806160
	750  -  MemoryUsage of job (MB)
	767336  -  ResidentSetSize of job (KB)
...
006 (31992.000.000) 2021-07-02 00:53:56 Image size of job updated: 1813476
	750  -  MemoryUsage of job (MB)
	767336  -  ResidentSetSize of job (KB)
...
006 (31992.000.000) 2021-07-02 01:08:57 Image size of job updated: 1813476
	902  -  MemoryUsage of job (MB)
	923088  -  ResidentSetSize of job (KB)
...
006 (31992.000.000) 2021-07-02 01:18:58 Image size of job updated: 1831040
	902  -  MemoryUsage of job (MB)
	923088  -  ResidentSetSize of job (KB)
...
006 (31992.000.000) 2021-07-02 01:44:01 Image size of job updated: 1831040
	929  -  MemoryUsage of job (MB)
	951160  -  ResidentSetSize of job (KB)
...
006 (31992.000.000) 2021-07-02 02:04:04 Image size of job updated: 1865368
	964  -  MemoryUsage of job (MB)
	986860  -  ResidentSetSize of job (KB)
...
006 (31992.000.000) 2021-07-02 02:14:04 Image size of job updated: 1875092
	964  -  MemoryUsage of job (MB)
	986860  -  ResidentSetSize of job (KB)
...
006 (31992.000.000) 2021-07-02 02:24:05 Image size of job updated: 1875092
	974  -  MemoryUsage of job (MB)
	996592  -  ResidentSetSize of job (KB)
...
006 (31992.000.000) 2021-07-02 02:44:08 Image size of job updated: 1882716
	974  -  MemoryUsage of job (MB)
	996592  -  ResidentSetSize of job (KB)
...
006 (31992.000.000) 2021-07-02 02:49:09 Image size of job updated: 1882716
	975  -  MemoryUsage of job (MB)
	997400  -  ResidentSetSize of job (KB)
...
006 (31992.000.000) 2021-07-02 03:04:10 Image size of job updated: 1883804
	975  -  MemoryUsage of job (MB)
	997400  -  ResidentSetSize of job (KB)
...
006 (31992.000.000) 2021-07-02 03:09:10 Image size of job updated: 1888836
	975  -  MemoryUsage of job (MB)
	997400  -  ResidentSetSize of job (KB)
...
006 (31992.000.000) 2021-07-02 03:14:10 Image size of job updated: 1888836
	976  -  MemoryUsage of job (MB)
	998524  -  ResidentSetSize of job (KB)
...
006 (31992.000.000) 2021-07-02 03:29:12 Image size of job updated: 1888836
	981  -  MemoryUsage of job (MB)
	1003536  -  ResidentSetSize of job (KB)
...
006 (31992.000.000) 2021-07-02 03:59:15 Image size of job updated: 1888836
	987  -  MemoryUsage of job (MB)
	1010688  -  ResidentSetSize of job (KB)
...
006 (31992.000.000) 2021-07-02 04:39:20 Image size of job updated: 1889200
	987  -  MemoryUsage of job (MB)
	1010688  -  ResidentSetSize of job (KB)
...
006 (31992.000.000) 2021-07-02 04:44:21 Image size of job updated: 1897532
	987  -  MemoryUsage of job (MB)
	1010688  -  ResidentSetSize of job (KB)
...
006 (31992.000.000) 2021-07-02 05:34:26 Image size of job updated: 1897532
	993  -  MemoryUsage of job (MB)
	1016240  -  ResidentSetSize of job (KB)
...
006 (31992.000.000) 2021-07-02 06:04:28 Image size of job updated: 1900112
	993  -  MemoryUsage of job (MB)
	1016240  -  ResidentSetSize of job (KB)
...
006 (31992.000.000) 2021-07-02 06:14:29 Image size of job updated: 1903468
	993  -  MemoryUsage of job (MB)
	1016240  -  ResidentSetSize of job (KB)
...
040 (31992.000.000) 2021-07-02 10:04:22 Started transferring output files
...
040 (31992.000.000) 2021-07-02 10:04:22 Finished transferring output files
...
005 (31992.000.000) 2021-07-02 10:04:22 Job terminated.
	(1) Normal termination (return value 0)
		Usr 0 08:31:46, Sys 0 00:58:49  -  Run Remote Usage
		Usr 0 00:00:00, Sys 0 00:00:00  -  Run Local Usage
		Usr 0 08:31:46, Sys 0 00:58:49  -  Total Remote Usage
		Usr 0 00:00:00, Sys 0 00:00:00  -  Total Local Usage
	1234995  -  Run Bytes Sent By Job
	314  -  Run Bytes Received By Job
	1234995  -  Total Bytes Sent By Job
	314  -  Total Bytes Received By Job
	Partitionable Resources :    Usage  Request Allocated 
	   Cpus                 :     1.00        1         1 
	   Disk (KB)            :  1222           1   3637421 
	   Memory (MB)          :   993        1024      1024 

	Job terminated of its own accord at 2021-07-02T09:04:22Z.
...
