000 (31584.000.000) 2021-07-01 15:13:54 Job submitted from host: <194.36.1.200:9618?addrs=194.36.1.200-9618&alias=hex.ppe.gla.ac.uk&noUDP&sock=schedd_1401_8c46>
...
040 (31584.000.000) 2021-07-01 15:15:16 Started transferring input files
	Transferring to host: <192.168.16.113:9618?addrs=192.168.16.113-9618&alias=condor-d19-03.ppe.cluster&noUDP&sock=slot1_20_1284_71ad_5293>
...
040 (31584.000.000) 2021-07-01 15:15:16 Finished transferring input files
...
001 (31584.000.000) 2021-07-01 15:15:17 Job executing on host: <192.168.16.113:9618?addrs=192.168.16.113-9618&alias=condor-d19-03.ppe.cluster&noUDP&sock=startd_2634_488c>
...
006 (31584.000.000) 2021-07-01 15:15:25 Image size of job updated: 23104
	2  -  MemoryUsage of job (MB)
	1092  -  ResidentSetSize of job (KB)
...
006 (31584.000.000) 2021-07-01 15:20:25 Image size of job updated: 1789272
	1050  -  MemoryUsage of job (MB)
	1074188  -  ResidentSetSize of job (KB)
...
006 (31584.000.000) 2021-07-01 15:25:26 Image size of job updated: 1853276
	1050  -  MemoryUsage of job (MB)
	1074188  -  ResidentSetSize of job (KB)
...
006 (31584.000.000) 2021-07-01 15:30:26 Image size of job updated: 1853276
	1071  -  MemoryUsage of job (MB)
	1096668  -  ResidentSetSize of job (KB)
...
006 (31584.000.000) 2021-07-01 15:50:28 Image size of job updated: 1853276
	1073  -  MemoryUsage of job (MB)
	1097808  -  ResidentSetSize of job (KB)
...
006 (31584.000.000) 2021-07-01 16:00:30 Image size of job updated: 1853276
	1073  -  MemoryUsage of job (MB)
	1098700  -  ResidentSetSize of job (KB)
...
006 (31584.000.000) 2021-07-01 16:30:33 Image size of job updated: 1853276
	1084  -  MemoryUsage of job (MB)
	1109216  -  ResidentSetSize of job (KB)
...
006 (31584.000.000) 2021-07-01 16:50:35 Image size of job updated: 1854672
	1084  -  MemoryUsage of job (MB)
	1109216  -  ResidentSetSize of job (KB)
...
006 (31584.000.000) 2021-07-01 17:00:36 Image size of job updated: 1859508
	1084  -  MemoryUsage of job (MB)
	1109216  -  ResidentSetSize of job (KB)
...
006 (31584.000.000) 2021-07-01 17:20:38 Image size of job updated: 1865432
	1084  -  MemoryUsage of job (MB)
	1109216  -  ResidentSetSize of job (KB)
...
006 (31584.000.000) 2021-07-01 17:55:42 Image size of job updated: 1873116
	1084  -  MemoryUsage of job (MB)
	1109216  -  ResidentSetSize of job (KB)
...
006 (31584.000.000) 2021-07-01 19:25:50 Image size of job updated: 1880224
	1084  -  MemoryUsage of job (MB)
	1109216  -  ResidentSetSize of job (KB)
...
040 (31584.000.000) 2021-07-02 00:27:24 Started transferring output files
...
040 (31584.000.000) 2021-07-02 00:27:24 Finished transferring output files
...
005 (31584.000.000) 2021-07-02 00:27:24 Job terminated.
	(1) Normal termination (return value 0)
		Usr 0 08:11:49, Sys 0 00:57:02  -  Run Remote Usage
		Usr 0 00:00:00, Sys 0 00:00:00  -  Run Local Usage
		Usr 0 08:11:49, Sys 0 00:57:02  -  Total Remote Usage
		Usr 0 00:00:00, Sys 0 00:00:00  -  Total Local Usage
	1072620  -  Run Bytes Sent By Job
	314  -  Run Bytes Received By Job
	1072620  -  Total Bytes Sent By Job
	314  -  Total Bytes Received By Job
	Partitionable Resources :    Usage  Request Allocated 
	   Cpus                 :     1.00        1         1 
	   Disk (KB)            :  1063           1   3637421 
	   Memory (MB)          :  1084        1024      1024 

	Job terminated of its own accord at 2021-07-01T23:27:24Z.
...
