000 (31677.000.000) 2021-07-01 15:13:58 Job submitted from host: <194.36.1.200:9618?addrs=194.36.1.200-9618&alias=hex.ppe.gla.ac.uk&noUDP&sock=schedd_1401_8c46>
...
040 (31677.000.000) 2021-07-01 15:15:17 Started transferring input files
	Transferring to host: <192.168.16.114:9618?addrs=192.168.16.114-9618&alias=condor-d19-04.ppe.cluster&noUDP&sock=slot1_32_19959_abc5_5951>
...
040 (31677.000.000) 2021-07-01 15:15:17 Finished transferring input files
...
001 (31677.000.000) 2021-07-01 15:15:18 Job executing on host: <192.168.16.114:9618?addrs=192.168.16.114-9618&alias=condor-d19-04.ppe.cluster&noUDP&sock=startd_2633_98f3>
...
006 (31677.000.000) 2021-07-01 15:15:26 Image size of job updated: 85380
	2  -  MemoryUsage of job (MB)
	1096  -  ResidentSetSize of job (KB)
...
006 (31677.000.000) 2021-07-01 15:20:26 Image size of job updated: 1810084
	1068  -  MemoryUsage of job (MB)
	1093432  -  ResidentSetSize of job (KB)
...
006 (31677.000.000) 2021-07-01 15:30:27 Image size of job updated: 1847776
	1068  -  MemoryUsage of job (MB)
	1093432  -  ResidentSetSize of job (KB)
...
006 (31677.000.000) 2021-07-01 15:50:29 Image size of job updated: 1847776
	1070  -  MemoryUsage of job (MB)
	1095372  -  ResidentSetSize of job (KB)
...
006 (31677.000.000) 2021-07-01 16:50:35 Image size of job updated: 1854636
	1070  -  MemoryUsage of job (MB)
	1095372  -  ResidentSetSize of job (KB)
...
006 (31677.000.000) 2021-07-01 17:15:38 Image size of job updated: 1870588
	1070  -  MemoryUsage of job (MB)
	1095372  -  ResidentSetSize of job (KB)
...
006 (31677.000.000) 2021-07-01 20:46:00 Image size of job updated: 1875584
	1070  -  MemoryUsage of job (MB)
	1095372  -  ResidentSetSize of job (KB)
...
006 (31677.000.000) 2021-07-01 21:06:02 Image size of job updated: 1884448
	1070  -  MemoryUsage of job (MB)
	1095372  -  ResidentSetSize of job (KB)
...
006 (31677.000.000) 2021-07-01 23:26:17 Image size of job updated: 1888280
	1070  -  MemoryUsage of job (MB)
	1095372  -  ResidentSetSize of job (KB)
...
040 (31677.000.000) 2021-07-02 00:38:20 Started transferring output files
...
040 (31677.000.000) 2021-07-02 00:38:20 Finished transferring output files
...
005 (31677.000.000) 2021-07-02 00:38:20 Job terminated.
	(1) Normal termination (return value 0)
		Usr 0 08:20:06, Sys 0 01:00:02  -  Run Remote Usage
		Usr 0 00:00:00, Sys 0 00:00:00  -  Run Local Usage
		Usr 0 08:20:06, Sys 0 01:00:02  -  Total Remote Usage
		Usr 0 00:00:00, Sys 0 00:00:00  -  Total Local Usage
	1240430  -  Run Bytes Sent By Job
	318  -  Run Bytes Received By Job
	1240430  -  Total Bytes Sent By Job
	318  -  Total Bytes Received By Job
	Partitionable Resources :    Usage  Request Allocated 
	   Cpus                 :     1.00        1         1 
	   Disk (KB)            :  1227           1   3637421 
	   Memory (MB)          :  1070        1024      1024 

	Job terminated of its own accord at 2021-07-01T23:38:20Z.
...
