000 (31725.000.000) 2021-07-01 15:14:01 Job submitted from host: <194.36.1.200:9618?addrs=194.36.1.200-9618&alias=hex.ppe.gla.ac.uk&noUDP&sock=schedd_1401_8c46>
...
040 (31725.000.000) 2021-07-01 15:15:16 Started transferring input files
	Transferring to host: <192.168.16.113:9618?addrs=192.168.16.113-9618&alias=condor-d19-03.ppe.cluster&noUDP&sock=slot1_44_1284_71ad_5287>
...
040 (31725.000.000) 2021-07-01 15:15:16 Finished transferring input files
...
001 (31725.000.000) 2021-07-01 15:15:17 Job executing on host: <192.168.16.113:9618?addrs=192.168.16.113-9618&alias=condor-d19-03.ppe.cluster&noUDP&sock=startd_2634_488c>
...
006 (31725.000.000) 2021-07-01 15:15:26 Image size of job updated: 85380
	1  -  MemoryUsage of job (MB)
	808  -  ResidentSetSize of job (KB)
...
006 (31725.000.000) 2021-07-01 15:20:27 Image size of job updated: 1808800
	1019  -  MemoryUsage of job (MB)
	1043436  -  ResidentSetSize of job (KB)
...
006 (31725.000.000) 2021-07-01 15:25:28 Image size of job updated: 1809428
	1019  -  MemoryUsage of job (MB)
	1043436  -  ResidentSetSize of job (KB)
...
006 (31725.000.000) 2021-07-01 16:15:33 Image size of job updated: 1826036
	1091  -  MemoryUsage of job (MB)
	1116544  -  ResidentSetSize of job (KB)
...
006 (31725.000.000) 2021-07-01 16:45:36 Image size of job updated: 1830408
	1091  -  MemoryUsage of job (MB)
	1116544  -  ResidentSetSize of job (KB)
...
006 (31725.000.000) 2021-07-01 16:50:36 Image size of job updated: 1833688
	1091  -  MemoryUsage of job (MB)
	1116544  -  ResidentSetSize of job (KB)
...
006 (31725.000.000) 2021-07-01 17:00:37 Image size of job updated: 1853888
	1091  -  MemoryUsage of job (MB)
	1116544  -  ResidentSetSize of job (KB)
...
006 (31725.000.000) 2021-07-01 17:15:39 Image size of job updated: 1886256
	1118  -  MemoryUsage of job (MB)
	1144136  -  ResidentSetSize of job (KB)
...
006 (31725.000.000) 2021-07-01 21:46:06 Image size of job updated: 1912692
	1118  -  MemoryUsage of job (MB)
	1144136  -  ResidentSetSize of job (KB)
...
040 (31725.000.000) 2021-07-02 00:41:20 Started transferring output files
...
040 (31725.000.000) 2021-07-02 00:41:20 Finished transferring output files
...
005 (31725.000.000) 2021-07-02 00:41:20 Job terminated.
	(1) Normal termination (return value 0)
		Usr 0 08:26:35, Sys 0 00:57:43  -  Run Remote Usage
		Usr 0 00:00:00, Sys 0 00:00:00  -  Run Local Usage
		Usr 0 08:26:35, Sys 0 00:57:43  -  Total Remote Usage
		Usr 0 00:00:00, Sys 0 00:00:00  -  Total Local Usage
	1241669  -  Run Bytes Sent By Job
	318  -  Run Bytes Received By Job
	1241669  -  Total Bytes Sent By Job
	318  -  Total Bytes Received By Job
	Partitionable Resources :    Usage  Request Allocated 
	   Cpus                 :     1.00        1         1 
	   Disk (KB)            :  1228           1   3637421 
	   Memory (MB)          :  1118        1024      1024 

	Job terminated of its own accord at 2021-07-01T23:41:20Z.
...
