000 (31453.000.000) 2021-07-01 15:13:47 Job submitted from host: <194.36.1.200:9618?addrs=194.36.1.200-9618&alias=hex.ppe.gla.ac.uk&noUDP&sock=schedd_1401_8c46>
...
040 (31453.000.000) 2021-07-01 15:15:15 Started transferring input files
	Transferring to host: <192.168.16.114:9618?addrs=192.168.16.114-9618&alias=condor-d19-04.ppe.cluster&noUDP&sock=slot1_5_19959_abc5_5917>
...
040 (31453.000.000) 2021-07-01 15:15:15 Finished transferring input files
...
001 (31453.000.000) 2021-07-01 15:15:16 Job executing on host: <192.168.16.114:9618?addrs=192.168.16.114-9618&alias=condor-d19-04.ppe.cluster&noUDP&sock=startd_2633_98f3>
...
006 (31453.000.000) 2021-07-01 15:15:24 Image size of job updated: 75608
	2  -  MemoryUsage of job (MB)
	1096  -  ResidentSetSize of job (KB)
...
006 (31453.000.000) 2021-07-01 15:20:24 Image size of job updated: 1829872
	1000  -  MemoryUsage of job (MB)
	1023844  -  ResidentSetSize of job (KB)
...
006 (31453.000.000) 2021-07-01 15:25:25 Image size of job updated: 1829872
	1035  -  MemoryUsage of job (MB)
	1058912  -  ResidentSetSize of job (KB)
...
006 (31453.000.000) 2021-07-01 15:30:25 Image size of job updated: 1829872
	1050  -  MemoryUsage of job (MB)
	1074436  -  ResidentSetSize of job (KB)
...
006 (31453.000.000) 2021-07-01 15:55:28 Image size of job updated: 1839072
	1050  -  MemoryUsage of job (MB)
	1074436  -  ResidentSetSize of job (KB)
...
006 (31453.000.000) 2021-07-01 16:15:30 Image size of job updated: 1839072
	1063  -  MemoryUsage of job (MB)
	1088464  -  ResidentSetSize of job (KB)
...
006 (31453.000.000) 2021-07-01 16:50:34 Image size of job updated: 1845916
	1063  -  MemoryUsage of job (MB)
	1088464  -  ResidentSetSize of job (KB)
...
006 (31453.000.000) 2021-07-01 16:55:34 Image size of job updated: 1856236
	1063  -  MemoryUsage of job (MB)
	1088464  -  ResidentSetSize of job (KB)
...
006 (31453.000.000) 2021-07-01 17:20:37 Image size of job updated: 1867296
	1063  -  MemoryUsage of job (MB)
	1088464  -  ResidentSetSize of job (KB)
...
006 (31453.000.000) 2021-07-01 17:50:40 Image size of job updated: 1874516
	1063  -  MemoryUsage of job (MB)
	1088464  -  ResidentSetSize of job (KB)
...
006 (31453.000.000) 2021-07-01 18:50:46 Image size of job updated: 1875484
	1063  -  MemoryUsage of job (MB)
	1088464  -  ResidentSetSize of job (KB)
...
006 (31453.000.000) 2021-07-01 21:16:01 Image size of job updated: 1908048
	1063  -  MemoryUsage of job (MB)
	1088464  -  ResidentSetSize of job (KB)
...
040 (31453.000.000) 2021-07-02 01:01:14 Started transferring output files
...
040 (31453.000.000) 2021-07-02 01:01:14 Finished transferring output files
...
005 (31453.000.000) 2021-07-02 01:01:14 Job terminated.
	(1) Normal termination (return value 0)
		Usr 0 08:40:55, Sys 0 01:02:09  -  Run Remote Usage
		Usr 0 00:00:00, Sys 0 00:00:00  -  Run Local Usage
		Usr 0 08:40:55, Sys 0 01:02:09  -  Total Remote Usage
		Usr 0 00:00:00, Sys 0 00:00:00  -  Total Local Usage
	1084464  -  Run Bytes Sent By Job
	318  -  Run Bytes Received By Job
	1084464  -  Total Bytes Sent By Job
	318  -  Total Bytes Received By Job
	Partitionable Resources :    Usage  Request Allocated 
	   Cpus                 :     1.00        1         1 
	   Disk (KB)            :  1074           1   3637421 
	   Memory (MB)          :  1063        1024      1024 

	Job terminated of its own accord at 2021-07-02T00:01:14Z.
...
