000 (31836.000.000) 2021-07-01 15:15:21 Job submitted from host: <194.36.1.200:9618?addrs=194.36.1.200-9618&alias=hex.ppe.gla.ac.uk&noUDP&sock=schedd_1401_8c46>
...
040 (31836.000.000) 2021-07-01 15:15:28 Started transferring input files
	Transferring to host: <192.168.16.111:9618?addrs=192.168.16.111-9618&alias=condor-d19-01.ppe.cluster&noUDP&sock=slot1_54_88351_05a2_5148>
...
040 (31836.000.000) 2021-07-01 15:15:28 Finished transferring input files
...
001 (31836.000.000) 2021-07-01 15:15:29 Job executing on host: <192.168.16.111:9618?addrs=192.168.16.111-9618&alias=condor-d19-01.ppe.cluster&noUDP&sock=startd_2932_afc5>
...
006 (31836.000.000) 2021-07-01 15:15:37 Image size of job updated: 23068
	2  -  MemoryUsage of job (MB)
	1108  -  ResidentSetSize of job (KB)
...
006 (31836.000.000) 2021-07-01 15:20:37 Image size of job updated: 1796244
	1057  -  MemoryUsage of job (MB)
	1081384  -  ResidentSetSize of job (KB)
...
006 (31836.000.000) 2021-07-01 15:25:38 Image size of job updated: 1801016
	1057  -  MemoryUsage of job (MB)
	1081384  -  ResidentSetSize of job (KB)
...
006 (31836.000.000) 2021-07-01 15:30:39 Image size of job updated: 1812780
	1073  -  MemoryUsage of job (MB)
	1097812  -  ResidentSetSize of job (KB)
...
006 (31836.000.000) 2021-07-01 15:45:41 Image size of job updated: 1816748
	1073  -  MemoryUsage of job (MB)
	1097812  -  ResidentSetSize of job (KB)
...
006 (31836.000.000) 2021-07-01 16:05:42 Image size of job updated: 1826892
	1073  -  MemoryUsage of job (MB)
	1097812  -  ResidentSetSize of job (KB)
...
006 (31836.000.000) 2021-07-01 16:15:43 Image size of job updated: 1844128
	1073  -  MemoryUsage of job (MB)
	1097812  -  ResidentSetSize of job (KB)
...
006 (31836.000.000) 2021-07-01 17:15:49 Image size of job updated: 1847744
	1073  -  MemoryUsage of job (MB)
	1097812  -  ResidentSetSize of job (KB)
...
006 (31836.000.000) 2021-07-01 17:35:51 Image size of job updated: 1867232
	1073  -  MemoryUsage of job (MB)
	1097812  -  ResidentSetSize of job (KB)
...
006 (31836.000.000) 2021-07-01 19:06:01 Image size of job updated: 1874192
	1073  -  MemoryUsage of job (MB)
	1097812  -  ResidentSetSize of job (KB)
...
006 (31836.000.000) 2021-07-01 20:46:11 Image size of job updated: 1874896
	1073  -  MemoryUsage of job (MB)
	1097812  -  ResidentSetSize of job (KB)
...
006 (31836.000.000) 2021-07-02 01:11:39 Image size of job updated: 1878460
	1073  -  MemoryUsage of job (MB)
	1097812  -  ResidentSetSize of job (KB)
...
006 (31836.000.000) 2021-07-02 02:21:46 Image size of job updated: 1879224
	1073  -  MemoryUsage of job (MB)
	1097812  -  ResidentSetSize of job (KB)
...
040 (31836.000.000) 2021-07-02 02:47:57 Started transferring output files
...
040 (31836.000.000) 2021-07-02 02:47:57 Finished transferring output files
...
005 (31836.000.000) 2021-07-02 02:47:57 Job terminated.
	(1) Normal termination (return value 0)
		Usr 0 10:04:40, Sys 0 01:23:50  -  Run Remote Usage
		Usr 0 00:00:00, Sys 0 00:00:00  -  Run Local Usage
		Usr 0 10:04:40, Sys 0 01:23:50  -  Total Remote Usage
		Usr 0 00:00:00, Sys 0 00:00:00  -  Total Local Usage
	1076196  -  Run Bytes Sent By Job
	318  -  Run Bytes Received By Job
	1076196  -  Total Bytes Sent By Job
	318  -  Total Bytes Received By Job
	Partitionable Resources :    Usage  Request Allocated 
	   Cpus                 :     0.99        1         1 
	   Disk (KB)            :  1066           1    825748 
	   Memory (MB)          :  1073        1024      1024 

	Job terminated of its own accord at 2021-07-02T01:47:57Z.
...
