000 (31609.000.000) 2021-07-01 15:13:55 Job submitted from host: <194.36.1.200:9618?addrs=194.36.1.200-9618&alias=hex.ppe.gla.ac.uk&noUDP&sock=schedd_1401_8c46>
...
040 (31609.000.000) 2021-07-01 15:15:17 Started transferring input files
	Transferring to host: <192.168.16.112:9618?addrs=192.168.16.112-9618&alias=condor-d19-02.ppe.cluster&noUDP&sock=slot1_15_83748_cac7_5479>
...
040 (31609.000.000) 2021-07-01 15:15:17 Finished transferring input files
...
001 (31609.000.000) 2021-07-01 15:15:18 Job executing on host: <192.168.16.112:9618?addrs=192.168.16.112-9618&alias=condor-d19-02.ppe.cluster&noUDP&sock=startd_2914_5710>
...
006 (31609.000.000) 2021-07-01 15:15:27 Image size of job updated: 75608
	2  -  MemoryUsage of job (MB)
	1104  -  ResidentSetSize of job (KB)
...
006 (31609.000.000) 2021-07-01 15:20:28 Image size of job updated: 1790156
	1027  -  MemoryUsage of job (MB)
	1051348  -  ResidentSetSize of job (KB)
...
006 (31609.000.000) 2021-07-01 15:40:30 Image size of job updated: 1818372
	1062  -  MemoryUsage of job (MB)
	1087368  -  ResidentSetSize of job (KB)
...
006 (31609.000.000) 2021-07-01 16:00:32 Image size of job updated: 1827168
	1062  -  MemoryUsage of job (MB)
	1087368  -  ResidentSetSize of job (KB)
...
006 (31609.000.000) 2021-07-01 16:20:33 Image size of job updated: 1842756
	1062  -  MemoryUsage of job (MB)
	1087368  -  ResidentSetSize of job (KB)
...
006 (31609.000.000) 2021-07-01 16:45:37 Image size of job updated: 1860296
	1062  -  MemoryUsage of job (MB)
	1087368  -  ResidentSetSize of job (KB)
...
006 (31609.000.000) 2021-07-01 17:25:39 Image size of job updated: 1864112
	1062  -  MemoryUsage of job (MB)
	1087368  -  ResidentSetSize of job (KB)
...
006 (31609.000.000) 2021-07-01 21:46:07 Image size of job updated: 1872020
	1062  -  MemoryUsage of job (MB)
	1087368  -  ResidentSetSize of job (KB)
...
006 (31609.000.000) 2021-07-01 22:26:11 Image size of job updated: 1874536
	1062  -  MemoryUsage of job (MB)
	1087368  -  ResidentSetSize of job (KB)
...
006 (31609.000.000) 2021-07-02 00:06:21 Image size of job updated: 1881204
	1062  -  MemoryUsage of job (MB)
	1087368  -  ResidentSetSize of job (KB)
...
006 (31609.000.000) 2021-07-02 00:56:26 Image size of job updated: 1902536
	1062  -  MemoryUsage of job (MB)
	1087368  -  ResidentSetSize of job (KB)
...
040 (31609.000.000) 2021-07-02 03:29:16 Started transferring output files
...
040 (31609.000.000) 2021-07-02 03:29:16 Finished transferring output files
...
005 (31609.000.000) 2021-07-02 03:29:16 Job terminated.
	(1) Normal termination (return value 0)
		Usr 0 10:42:52, Sys 0 01:27:33  -  Run Remote Usage
		Usr 0 00:00:00, Sys 0 00:00:00  -  Run Local Usage
		Usr 0 10:42:52, Sys 0 01:27:33  -  Total Remote Usage
		Usr 0 00:00:00, Sys 0 00:00:00  -  Total Local Usage
	1237153  -  Run Bytes Sent By Job
	318  -  Run Bytes Received By Job
	1237153  -  Total Bytes Sent By Job
	318  -  Total Bytes Received By Job
	Partitionable Resources :    Usage  Request Allocated 
	   Cpus                 :     1.00        1         1 
	   Disk (KB)            :  1224           1    825748 
	   Memory (MB)          :  1062        1024      1024 

	Job terminated of its own accord at 2021-07-02T02:29:15Z.
...
