000 (32241.000.000) 2021-07-01 15:15:51 Job submitted from host: <194.36.1.200:9618?addrs=194.36.1.200-9618&alias=hex.ppe.gla.ac.uk&noUDP&sock=schedd_1401_8c46>
...
040 (32241.000.000) 2021-07-02 03:12:05 Started transferring input files
	Transferring to host: <192.168.16.111:9618?addrs=192.168.16.111-9618&alias=condor-d19-01.ppe.cluster&noUDP&sock=slot1_54_88351_05a2_5567>
...
040 (32241.000.000) 2021-07-02 03:12:05 Finished transferring input files
...
001 (32241.000.000) 2021-07-02 03:12:06 Job executing on host: <192.168.16.111:9618?addrs=192.168.16.111-9618&alias=condor-d19-01.ppe.cluster&noUDP&sock=startd_2932_afc5>
...
006 (32241.000.000) 2021-07-02 03:12:14 Image size of job updated: 23108
	1  -  MemoryUsage of job (MB)
	808  -  ResidentSetSize of job (KB)
...
006 (32241.000.000) 2021-07-02 03:17:14 Image size of job updated: 1789416
	1037  -  MemoryUsage of job (MB)
	1061360  -  ResidentSetSize of job (KB)
...
006 (32241.000.000) 2021-07-02 03:32:15 Image size of job updated: 1810332
	1037  -  MemoryUsage of job (MB)
	1061360  -  ResidentSetSize of job (KB)
...
006 (32241.000.000) 2021-07-02 03:52:17 Image size of job updated: 1852952
	1037  -  MemoryUsage of job (MB)
	1061360  -  ResidentSetSize of job (KB)
...
006 (32241.000.000) 2021-07-02 04:57:23 Image size of job updated: 1870308
	1037  -  MemoryUsage of job (MB)
	1061360  -  ResidentSetSize of job (KB)
...
006 (32241.000.000) 2021-07-02 09:07:49 Image size of job updated: 1888764
	1037  -  MemoryUsage of job (MB)
	1061360  -  ResidentSetSize of job (KB)
...
040 (32241.000.000) 2021-07-02 14:01:40 Started transferring output files
...
040 (32241.000.000) 2021-07-02 14:01:40 Finished transferring output files
...
005 (32241.000.000) 2021-07-02 14:01:40 Job terminated.
	(1) Normal termination (return value 0)
		Usr 0 09:25:10, Sys 0 01:17:24  -  Run Remote Usage
		Usr 0 00:00:00, Sys 0 00:00:00  -  Run Local Usage
		Usr 0 09:25:10, Sys 0 01:17:24  -  Total Remote Usage
		Usr 0 00:00:00, Sys 0 00:00:00  -  Total Local Usage
	1077476  -  Run Bytes Sent By Job
	314  -  Run Bytes Received By Job
	1077476  -  Total Bytes Sent By Job
	314  -  Total Bytes Received By Job
	Partitionable Resources :    Usage  Request Allocated 
	   Cpus                 :     1.00        1         1 
	   Disk (KB)            :  1068           1    825748 
	   Memory (MB)          :  1037        1024      1024 

	Job terminated of its own accord at 2021-07-02T13:01:40Z.
...
