000 (32350.000.000) 2021-07-01 15:15:58 Job submitted from host: <194.36.1.200:9618?addrs=194.36.1.200-9618&alias=hex.ppe.gla.ac.uk&noUDP&sock=schedd_1401_8c46>
...
040 (32350.000.000) 2021-07-02 06:21:48 Started transferring input files
	Transferring to host: <192.168.16.103:9618?addrs=192.168.16.103-9618&alias=condor-h16-03.ppe.cluster&noUDP&sock=slot1_21_20749_4c25_3471>
...
040 (32350.000.000) 2021-07-02 06:21:48 Finished transferring input files
...
001 (32350.000.000) 2021-07-02 06:21:49 Job executing on host: <192.168.16.103:9618?addrs=192.168.16.103-9618&alias=condor-h16-03.ppe.cluster&noUDP&sock=startd_20690_3293>
...
006 (32350.000.000) 2021-07-02 06:21:58 Image size of job updated: 75592
	2  -  MemoryUsage of job (MB)
	1088  -  ResidentSetSize of job (KB)
...
006 (32350.000.000) 2021-07-02 06:22:23 Image size of job updated: 869524
	2  -  MemoryUsage of job (MB)
	1088  -  ResidentSetSize of job (KB)
...
040 (32350.000.000) 2021-07-02 06:22:23 Started transferring output files
...
040 (32350.000.000) 2021-07-02 06:22:23 Finished transferring output files
...
005 (32350.000.000) 2021-07-02 06:22:23 Job terminated.
	(1) Normal termination (return value 0)
		Usr 0 00:00:16, Sys 0 00:00:05  -  Run Remote Usage
		Usr 0 00:00:00, Sys 0 00:00:00  -  Run Local Usage
		Usr 0 00:00:16, Sys 0 00:00:05  -  Total Remote Usage
		Usr 0 00:00:00, Sys 0 00:00:00  -  Total Local Usage
	712833  -  Run Bytes Sent By Job
	318  -  Run Bytes Received By Job
	712833  -  Total Bytes Sent By Job
	318  -  Total Bytes Received By Job
	Partitionable Resources :    Usage  Request Allocated 
	   Cpus                 :                 1         1 
	   Disk (KB)            :      706        1    914158 
	   Memory (MB)          :        2     1024      1024 

	Job terminated of its own accord at 2021-07-02T05:22:23Z.
...
