000 (32132.000.000) 2021-07-01 15:15:44 Job submitted from host: <194.36.1.200:9618?addrs=194.36.1.200-9618&alias=hex.ppe.gla.ac.uk&noUDP&sock=schedd_1401_8c46>
...
040 (32132.000.000) 2021-07-02 01:07:37 Started transferring input files
	Transferring to host: <192.168.16.121:9618?addrs=192.168.16.121-9618&alias=condor-d20-01.ppe.cluster&noUDP&sock=slot1_33_59603_7491_5726>
...
040 (32132.000.000) 2021-07-02 01:07:37 Finished transferring input files
...
001 (32132.000.000) 2021-07-02 01:07:38 Job executing on host: <192.168.16.121:9618?addrs=192.168.16.121-9618&alias=condor-d20-01.ppe.cluster&noUDP&sock=startd_40545_137a>
...
006 (32132.000.000) 2021-07-02 01:07:46 Image size of job updated: 23176
	2  -  MemoryUsage of job (MB)
	1160  -  ResidentSetSize of job (KB)
...
006 (32132.000.000) 2021-07-02 01:12:46 Image size of job updated: 1802948
	891  -  MemoryUsage of job (MB)
	911688  -  ResidentSetSize of job (KB)
...
006 (32132.000.000) 2021-07-02 01:17:46 Image size of job updated: 1815696
	891  -  MemoryUsage of job (MB)
	911688  -  ResidentSetSize of job (KB)
...
006 (32132.000.000) 2021-07-02 01:47:49 Image size of job updated: 1824316
	932  -  MemoryUsage of job (MB)
	954036  -  ResidentSetSize of job (KB)
...
006 (32132.000.000) 2021-07-02 02:17:52 Image size of job updated: 1834660
	932  -  MemoryUsage of job (MB)
	954036  -  ResidentSetSize of job (KB)
...
006 (32132.000.000) 2021-07-02 02:27:53 Image size of job updated: 1834660
	943  -  MemoryUsage of job (MB)
	965520  -  ResidentSetSize of job (KB)
...
006 (32132.000.000) 2021-07-02 02:32:54 Image size of job updated: 1834660
	947  -  MemoryUsage of job (MB)
	969308  -  ResidentSetSize of job (KB)
...
006 (32132.000.000) 2021-07-02 02:42:55 Image size of job updated: 1842388
	947  -  MemoryUsage of job (MB)
	969308  -  ResidentSetSize of job (KB)
...
006 (32132.000.000) 2021-07-02 02:47:56 Image size of job updated: 1876816
	947  -  MemoryUsage of job (MB)
	969308  -  ResidentSetSize of job (KB)
...
006 (32132.000.000) 2021-07-02 03:02:57 Image size of job updated: 1877680
	958  -  MemoryUsage of job (MB)
	980132  -  ResidentSetSize of job (KB)
...
006 (32132.000.000) 2021-07-02 03:27:58 Image size of job updated: 1881896
	958  -  MemoryUsage of job (MB)
	980132  -  ResidentSetSize of job (KB)
...
006 (32132.000.000) 2021-07-02 03:48:01 Image size of job updated: 1881896
	967  -  MemoryUsage of job (MB)
	989460  -  ResidentSetSize of job (KB)
...
006 (32132.000.000) 2021-07-02 04:48:07 Image size of job updated: 1881896
	969  -  MemoryUsage of job (MB)
	991404  -  ResidentSetSize of job (KB)
...
006 (32132.000.000) 2021-07-02 06:28:17 Image size of job updated: 1881896
	969  -  MemoryUsage of job (MB)
	991880  -  ResidentSetSize of job (KB)
...
006 (32132.000.000) 2021-07-02 08:03:27 Image size of job updated: 1881896
	984  -  MemoryUsage of job (MB)
	1007232  -  ResidentSetSize of job (KB)
...
006 (32132.000.000) 2021-07-02 10:23:41 Image size of job updated: 1898988
	984  -  MemoryUsage of job (MB)
	1007232  -  ResidentSetSize of job (KB)
...
040 (32132.000.000) 2021-07-02 11:04:08 Started transferring output files
...
040 (32132.000.000) 2021-07-02 11:04:08 Finished transferring output files
...
005 (32132.000.000) 2021-07-02 11:04:08 Job terminated.
	(1) Normal termination (return value 0)
		Usr 0 08:49:39, Sys 0 01:01:23  -  Run Remote Usage
		Usr 0 00:00:00, Sys 0 00:00:00  -  Run Local Usage
		Usr 0 08:49:39, Sys 0 01:01:23  -  Total Remote Usage
		Usr 0 00:00:00, Sys 0 00:00:00  -  Total Local Usage
	1246623  -  Run Bytes Sent By Job
	314  -  Run Bytes Received By Job
	1246623  -  Total Bytes Sent By Job
	314  -  Total Bytes Received By Job
	Partitionable Resources :    Usage  Request Allocated 
	   Cpus                 :     1.00        1         1 
	   Disk (KB)            :  1233           1   3637421 
	   Memory (MB)          :   984        1024      1024 

	Job terminated of its own accord at 2021-07-02T10:04:08Z.
...
