000 (31962.000.000) 2021-07-01 15:15:31 Job submitted from host: <194.36.1.200:9618?addrs=194.36.1.200-9618&alias=hex.ppe.gla.ac.uk&noUDP&sock=schedd_1401_8c46>
...
040 (31962.000.000) 2021-07-02 00:27:43 Started transferring input files
	Transferring to host: <192.168.16.113:9618?addrs=192.168.16.113-9618&alias=condor-d19-03.ppe.cluster&noUDP&sock=slot1_13_1284_71ad_5434>
...
040 (31962.000.000) 2021-07-02 00:27:43 Finished transferring input files
...
001 (31962.000.000) 2021-07-02 00:27:44 Job executing on host: <192.168.16.113:9618?addrs=192.168.16.113-9618&alias=condor-d19-03.ppe.cluster&noUDP&sock=startd_2634_488c>
...
006 (31962.000.000) 2021-07-02 00:27:53 Image size of job updated: 85380
	1  -  MemoryUsage of job (MB)
	588  -  ResidentSetSize of job (KB)
...
006 (31962.000.000) 2021-07-02 00:28:18 Image size of job updated: 869880
	2  -  MemoryUsage of job (MB)
	1084  -  ResidentSetSize of job (KB)
...
040 (31962.000.000) 2021-07-02 00:28:18 Started transferring output files
...
040 (31962.000.000) 2021-07-02 00:28:18 Finished transferring output files
...
005 (31962.000.000) 2021-07-02 00:28:18 Job terminated.
	(1) Normal termination (return value 0)
		Usr 0 00:00:15, Sys 0 00:00:06  -  Run Remote Usage
		Usr 0 00:00:00, Sys 0 00:00:00  -  Run Local Usage
		Usr 0 00:00:15, Sys 0 00:00:06  -  Total Remote Usage
		Usr 0 00:00:00, Sys 0 00:00:00  -  Total Local Usage
	712833  -  Run Bytes Sent By Job
	318  -  Run Bytes Received By Job
	712833  -  Total Bytes Sent By Job
	318  -  Total Bytes Received By Job
	Partitionable Resources :    Usage  Request Allocated 
	   Cpus                 :                 1         1 
	   Disk (KB)            :      706        1   3637421 
	   Memory (MB)          :        2     1024      1024 

	Job terminated of its own accord at 2021-07-01T23:28:18Z.
...
