000 (31479.000.000) 2021-07-01 15:13:48 Job submitted from host: <194.36.1.200:9618?addrs=194.36.1.200-9618&alias=hex.ppe.gla.ac.uk&noUDP&sock=schedd_1401_8c46>
...
040 (31479.000.000) 2021-07-01 15:15:15 Started transferring input files
	Transferring to host: <192.168.16.113:9618?addrs=192.168.16.113-9618&alias=condor-d19-03.ppe.cluster&noUDP&sock=slot1_7_1284_71ad_5247>
...
040 (31479.000.000) 2021-07-01 15:15:15 Finished transferring input files
...
001 (31479.000.000) 2021-07-01 15:15:16 Job executing on host: <192.168.16.113:9618?addrs=192.168.16.113-9618&alias=condor-d19-03.ppe.cluster&noUDP&sock=startd_2634_488c>
...
006 (31479.000.000) 2021-07-01 15:15:25 Image size of job updated: 75608
	2  -  MemoryUsage of job (MB)
	1092  -  ResidentSetSize of job (KB)
...
006 (31479.000.000) 2021-07-01 15:20:26 Image size of job updated: 1818200
	1015  -  MemoryUsage of job (MB)
	1038588  -  ResidentSetSize of job (KB)
...
006 (31479.000.000) 2021-07-01 16:00:30 Image size of job updated: 1819416
	1015  -  MemoryUsage of job (MB)
	1038588  -  ResidentSetSize of job (KB)
...
006 (31479.000.000) 2021-07-01 16:05:30 Image size of job updated: 1819416
	1050  -  MemoryUsage of job (MB)
	1074388  -  ResidentSetSize of job (KB)
...
006 (31479.000.000) 2021-07-01 16:10:31 Image size of job updated: 1819416
	1064  -  MemoryUsage of job (MB)
	1088600  -  ResidentSetSize of job (KB)
...
006 (31479.000.000) 2021-07-01 16:15:32 Image size of job updated: 1819416
	1066  -  MemoryUsage of job (MB)
	1091304  -  ResidentSetSize of job (KB)
...
006 (31479.000.000) 2021-07-01 16:20:32 Image size of job updated: 1854120
	1066  -  MemoryUsage of job (MB)
	1091304  -  ResidentSetSize of job (KB)
...
006 (31479.000.000) 2021-07-01 16:45:34 Image size of job updated: 1855796
	1066  -  MemoryUsage of job (MB)
	1091304  -  ResidentSetSize of job (KB)
...
006 (31479.000.000) 2021-07-01 16:50:35 Image size of job updated: 1888076
	1066  -  MemoryUsage of job (MB)
	1091304  -  ResidentSetSize of job (KB)
...
040 (31479.000.000) 2021-07-02 00:09:53 Started transferring output files
...
040 (31479.000.000) 2021-07-02 00:09:53 Finished transferring output files
...
005 (31479.000.000) 2021-07-02 00:09:53 Job terminated.
	(1) Normal termination (return value 0)
		Usr 0 07:55:50, Sys 0 00:55:34  -  Run Remote Usage
		Usr 0 00:00:00, Sys 0 00:00:00  -  Run Local Usage
		Usr 0 07:55:50, Sys 0 00:55:34  -  Total Remote Usage
		Usr 0 00:00:00, Sys 0 00:00:00  -  Total Local Usage
	1218878  -  Run Bytes Sent By Job
	314  -  Run Bytes Received By Job
	1218878  -  Total Bytes Sent By Job
	314  -  Total Bytes Received By Job
	Partitionable Resources :    Usage  Request Allocated 
	   Cpus                 :     0.98        1         1 
	   Disk (KB)            :  1206           1   3637421 
	   Memory (MB)          :  1066        1024      1024 

	Job terminated of its own accord at 2021-07-01T23:09:52Z.
...
