000 (32320.000.000) 2021-07-01 15:15:56 Job submitted from host: <194.36.1.200:9618?addrs=194.36.1.200-9618&alias=hex.ppe.gla.ac.uk&noUDP&sock=schedd_1401_8c46>
...
040 (32320.000.000) 2021-07-02 06:04:48 Started transferring input files
	Transferring to host: <192.168.16.101:9618?addrs=192.168.16.101-9618&alias=condor-h16-01.ppe.cluster&noUDP&sock=slot1_5_30212_d646_4724>
...
040 (32320.000.000) 2021-07-02 06:04:48 Finished transferring input files
...
001 (32320.000.000) 2021-07-02 06:04:49 Job executing on host: <192.168.16.101:9618?addrs=192.168.16.101-9618&alias=condor-h16-01.ppe.cluster&noUDP&sock=startd_2155_baae>
...
006 (32320.000.000) 2021-07-02 06:04:57 Image size of job updated: 75592
	2  -  MemoryUsage of job (MB)
	1140  -  ResidentSetSize of job (KB)
...
006 (32320.000.000) 2021-07-02 06:09:57 Image size of job updated: 1747112
	686  -  MemoryUsage of job (MB)
	702152  -  ResidentSetSize of job (KB)
...
006 (32320.000.000) 2021-07-02 06:14:58 Image size of job updated: 1813088
	1071  -  MemoryUsage of job (MB)
	1095844  -  ResidentSetSize of job (KB)
...
006 (32320.000.000) 2021-07-02 06:40:00 Image size of job updated: 1819300
	1071  -  MemoryUsage of job (MB)
	1095844  -  ResidentSetSize of job (KB)
...
006 (32320.000.000) 2021-07-02 07:50:07 Image size of job updated: 1835208
	1071  -  MemoryUsage of job (MB)
	1095844  -  ResidentSetSize of job (KB)
...
006 (32320.000.000) 2021-07-02 11:25:31 Image size of job updated: 1875160
	1071  -  MemoryUsage of job (MB)
	1095844  -  ResidentSetSize of job (KB)
...
006 (32320.000.000) 2021-07-02 13:15:43 Image size of job updated: 1891084
	1071  -  MemoryUsage of job (MB)
	1095844  -  ResidentSetSize of job (KB)
...
006 (32320.000.000) 2021-07-02 18:16:14 Image size of job updated: 1900836
	1071  -  MemoryUsage of job (MB)
	1095844  -  ResidentSetSize of job (KB)
...
040 (32320.000.000) 2021-07-02 20:52:10 Started transferring output files
...
040 (32320.000.000) 2021-07-02 20:52:10 Finished transferring output files
...
005 (32320.000.000) 2021-07-02 20:52:10 Job terminated.
	(1) Normal termination (return value 0)
		Usr 0 09:34:30, Sys 0 01:36:15  -  Run Remote Usage
		Usr 0 00:00:00, Sys 0 00:00:00  -  Run Local Usage
		Usr 0 09:34:30, Sys 0 01:36:15  -  Total Remote Usage
		Usr 0 00:00:00, Sys 0 00:00:00  -  Total Local Usage
	1080455  -  Run Bytes Sent By Job
	314  -  Run Bytes Received By Job
	1080455  -  Total Bytes Sent By Job
	314  -  Total Bytes Received By Job
	Partitionable Resources :    Usage  Request Allocated 
	   Cpus                 :     1.00        1         1 
	   Disk (KB)            :  1071           1    864796 
	   Memory (MB)          :  1071        1024      1024 

	Job terminated of its own accord at 2021-07-02T19:52:10Z.
...
