000 (32398.000.000) 2021-07-01 15:16:04 Job submitted from host: <194.36.1.200:9618?addrs=194.36.1.200-9618&alias=hex.ppe.gla.ac.uk&noUDP&sock=schedd_1401_8c46>
...
040 (32398.000.000) 2021-07-02 06:48:49 Started transferring input files
	Transferring to host: <192.168.16.102:9618?addrs=192.168.16.102-9618&alias=condor-h16-02.ppe.cluster&noUDP&sock=slot1_5_15690_c637_4188>
...
040 (32398.000.000) 2021-07-02 06:48:49 Finished transferring input files
...
001 (32398.000.000) 2021-07-02 06:48:50 Job executing on host: <192.168.16.102:9618?addrs=192.168.16.102-9618&alias=condor-h16-02.ppe.cluster&noUDP&sock=startd_2155_baae>
...
006 (32398.000.000) 2021-07-02 06:48:58 Image size of job updated: 75592
	2  -  MemoryUsage of job (MB)
	1140  -  ResidentSetSize of job (KB)
...
006 (32398.000.000) 2021-07-02 06:53:58 Image size of job updated: 1764564
	946  -  MemoryUsage of job (MB)
	968180  -  ResidentSetSize of job (KB)
...
006 (32398.000.000) 2021-07-02 06:58:58 Image size of job updated: 1790924
	1031  -  MemoryUsage of job (MB)
	1054844  -  ResidentSetSize of job (KB)
...
006 (32398.000.000) 2021-07-02 07:14:00 Image size of job updated: 1820124
	1031  -  MemoryUsage of job (MB)
	1054844  -  ResidentSetSize of job (KB)
...
006 (32398.000.000) 2021-07-02 07:19:01 Image size of job updated: 1843240
	1031  -  MemoryUsage of job (MB)
	1054844  -  ResidentSetSize of job (KB)
...
006 (32398.000.000) 2021-07-02 09:04:12 Image size of job updated: 1865628
	1031  -  MemoryUsage of job (MB)
	1054844  -  ResidentSetSize of job (KB)
...
006 (32398.000.000) 2021-07-02 10:44:20 Image size of job updated: 1878644
	1031  -  MemoryUsage of job (MB)
	1054844  -  ResidentSetSize of job (KB)
...
040 (32398.000.000) 2021-07-02 17:21:20 Started transferring output files
...
040 (32398.000.000) 2021-07-02 17:21:20 Finished transferring output files
...
005 (32398.000.000) 2021-07-02 17:21:20 Job terminated.
	(1) Normal termination (return value 0)
		Usr 0 07:15:27, Sys 0 01:15:04  -  Run Remote Usage
		Usr 0 00:00:00, Sys 0 00:00:00  -  Run Local Usage
		Usr 0 07:15:27, Sys 0 01:15:04  -  Total Remote Usage
		Usr 0 00:00:00, Sys 0 00:00:00  -  Total Local Usage
	1017015  -  Run Bytes Sent By Job
	318  -  Run Bytes Received By Job
	1017015  -  Total Bytes Sent By Job
	318  -  Total Bytes Received By Job
	Partitionable Resources :    Usage  Request Allocated 
	   Cpus                 :     0.97        1         1 
	   Disk (KB)            :  1009           1    864796 
	   Memory (MB)          :  1031        1024      1024 

	Job terminated of its own accord at 2021-07-02T16:21:20Z.
...
