000 (32403.000.000) 2021-07-01 15:16:04 Job submitted from host: <194.36.1.200:9618?addrs=194.36.1.200-9618&alias=hex.ppe.gla.ac.uk&noUDP&sock=schedd_1401_8c46>
...
040 (32403.000.000) 2021-07-02 06:49:49 Started transferring input files
	Transferring to host: <192.168.16.102:9618?addrs=192.168.16.102-9618&alias=condor-h16-02.ppe.cluster&noUDP&sock=slot1_12_15690_c637_4191>
...
040 (32403.000.000) 2021-07-02 06:49:49 Finished transferring input files
...
001 (32403.000.000) 2021-07-02 06:49:50 Job executing on host: <192.168.16.102:9618?addrs=192.168.16.102-9618&alias=condor-h16-02.ppe.cluster&noUDP&sock=startd_2155_baae>
...
006 (32403.000.000) 2021-07-02 06:49:59 Image size of job updated: 22660
	2  -  MemoryUsage of job (MB)
	1080  -  ResidentSetSize of job (KB)
...
006 (32403.000.000) 2021-07-02 06:50:28 Image size of job updated: 869884
	2  -  MemoryUsage of job (MB)
	1080  -  ResidentSetSize of job (KB)
...
040 (32403.000.000) 2021-07-02 06:50:28 Started transferring output files
...
040 (32403.000.000) 2021-07-02 06:50:28 Finished transferring output files
...
005 (32403.000.000) 2021-07-02 06:50:28 Job terminated.
	(1) Normal termination (return value 0)
		Usr 0 00:00:15, Sys 0 00:00:05  -  Run Remote Usage
		Usr 0 00:00:00, Sys 0 00:00:00  -  Run Local Usage
		Usr 0 00:00:15, Sys 0 00:00:05  -  Total Remote Usage
		Usr 0 00:00:00, Sys 0 00:00:00  -  Total Local Usage
	712833  -  Run Bytes Sent By Job
	318  -  Run Bytes Received By Job
	712833  -  Total Bytes Sent By Job
	318  -  Total Bytes Received By Job
	Partitionable Resources :    Usage  Request Allocated 
	   Cpus                 :                 1         1 
	   Disk (KB)            :      706        1    864796 
	   Memory (MB)          :        2     1024      1024 

	Job terminated of its own accord at 2021-07-02T05:50:28Z.
...
