000 (31799.000.000) 2021-07-01 15:15:19 Job submitted from host: <194.36.1.200:9618?addrs=194.36.1.200-9618&alias=hex.ppe.gla.ac.uk&noUDP&sock=schedd_1401_8c46>
...
040 (31799.000.000) 2021-07-01 15:15:26 Started transferring input files
	Transferring to host: <192.168.16.121:9618?addrs=192.168.16.121-9618&alias=condor-d20-01.ppe.cluster&noUDP&sock=slot1_60_59603_7491_5616>
...
040 (31799.000.000) 2021-07-01 15:15:26 Finished transferring input files
...
001 (31799.000.000) 2021-07-01 15:15:27 Job executing on host: <192.168.16.121:9618?addrs=192.168.16.121-9618&alias=condor-d20-01.ppe.cluster&noUDP&sock=startd_40545_137a>
...
006 (31799.000.000) 2021-07-01 15:15:36 Image size of job updated: 85380
	2  -  MemoryUsage of job (MB)
	1084  -  ResidentSetSize of job (KB)
...
006 (31799.000.000) 2021-07-01 15:16:28 Image size of job updated: 907928
	2  -  MemoryUsage of job (MB)
	1084  -  ResidentSetSize of job (KB)
...
040 (31799.000.000) 2021-07-01 15:16:28 Started transferring output files
...
040 (31799.000.000) 2021-07-01 15:16:28 Finished transferring output files
...
005 (31799.000.000) 2021-07-01 15:16:28 Job terminated.
	(1) Normal termination (return value 0)
		Usr 0 00:00:17, Sys 0 00:00:11  -  Run Remote Usage
		Usr 0 00:00:00, Sys 0 00:00:00  -  Run Local Usage
		Usr 0 00:00:17, Sys 0 00:00:11  -  Total Remote Usage
		Usr 0 00:00:00, Sys 0 00:00:00  -  Total Local Usage
	712833  -  Run Bytes Sent By Job
	318  -  Run Bytes Received By Job
	712833  -  Total Bytes Sent By Job
	318  -  Total Bytes Received By Job
	Partitionable Resources :    Usage  Request Allocated 
	   Cpus                 :     0.40        1         1 
	   Disk (KB)            :   711           1   3637421 
	   Memory (MB)          :     2        1024      1024 

	Job terminated of its own accord at 2021-07-01T14:16:28Z.
...
