000 (32031.000.000) 2021-07-01 15:15:36 Job submitted from host: <194.36.1.200:9618?addrs=194.36.1.200-9618&alias=hex.ppe.gla.ac.uk&noUDP&sock=schedd_1401_8c46>
...
040 (32031.000.000) 2021-07-02 00:36:44 Started transferring input files
	Transferring to host: <192.168.16.113:9618?addrs=192.168.16.113-9618&alias=condor-d19-03.ppe.cluster&noUDP&sock=slot1_23_1284_71ad_5476>
...
040 (32031.000.000) 2021-07-02 00:36:44 Finished transferring input files
...
001 (32031.000.000) 2021-07-02 00:36:45 Job executing on host: <192.168.16.113:9618?addrs=192.168.16.113-9618&alias=condor-d19-03.ppe.cluster&noUDP&sock=startd_2634_488c>
...
006 (32031.000.000) 2021-07-02 00:36:53 Image size of job updated: 23112
	2  -  MemoryUsage of job (MB)
	1152  -  ResidentSetSize of job (KB)
...
006 (32031.000.000) 2021-07-02 00:41:53 Image size of job updated: 1807256
	903  -  MemoryUsage of job (MB)
	924220  -  ResidentSetSize of job (KB)
...
006 (32031.000.000) 2021-07-02 01:06:56 Image size of job updated: 1807256
	906  -  MemoryUsage of job (MB)
	927476  -  ResidentSetSize of job (KB)
...
006 (32031.000.000) 2021-07-02 01:11:56 Image size of job updated: 1839420
	1095  -  MemoryUsage of job (MB)
	1121048  -  ResidentSetSize of job (KB)
...
006 (32031.000.000) 2021-07-02 01:57:01 Image size of job updated: 1846904
	1095  -  MemoryUsage of job (MB)
	1121048  -  ResidentSetSize of job (KB)
...
006 (32031.000.000) 2021-07-02 02:07:02 Image size of job updated: 1846944
	1095  -  MemoryUsage of job (MB)
	1121048  -  ResidentSetSize of job (KB)
...
006 (32031.000.000) 2021-07-02 02:17:03 Image size of job updated: 1863396
	1095  -  MemoryUsage of job (MB)
	1121048  -  ResidentSetSize of job (KB)
...
006 (32031.000.000) 2021-07-02 04:07:15 Image size of job updated: 1902280
	1095  -  MemoryUsage of job (MB)
	1121048  -  ResidentSetSize of job (KB)
...
040 (32031.000.000) 2021-07-02 09:36:00 Started transferring output files
...
040 (32031.000.000) 2021-07-02 09:36:00 Finished transferring output files
...
005 (32031.000.000) 2021-07-02 09:36:01 Job terminated.
	(1) Normal termination (return value 0)
		Usr 0 08:00:36, Sys 0 00:55:37  -  Run Remote Usage
		Usr 0 00:00:00, Sys 0 00:00:00  -  Run Local Usage
		Usr 0 08:00:36, Sys 0 00:55:37  -  Total Remote Usage
		Usr 0 00:00:00, Sys 0 00:00:00  -  Total Local Usage
	1057639  -  Run Bytes Sent By Job
	314  -  Run Bytes Received By Job
	1057639  -  Total Bytes Sent By Job
	314  -  Total Bytes Received By Job
	Partitionable Resources :    Usage  Request Allocated 
	   Cpus                 :     0.99        1         1 
	   Disk (KB)            :  1048           1   3637421 
	   Memory (MB)          :  1095        1024      1024 

	Job terminated of its own accord at 2021-07-02T08:36:00Z.
...
