000 (31923.000.000) 2021-07-01 15:15:28 Job submitted from host: <194.36.1.200:9618?addrs=194.36.1.200-9618&alias=hex.ppe.gla.ac.uk&noUDP&sock=schedd_1401_8c46>
...
040 (31923.000.000) 2021-07-01 15:17:21 Started transferring input files
	Transferring to host: <192.168.16.112:9618?addrs=192.168.16.112-9618&alias=condor-d19-02.ppe.cluster&noUDP&sock=slot1_30_83748_cac7_5536>
...
040 (31923.000.000) 2021-07-01 15:17:21 Finished transferring input files
...
001 (31923.000.000) 2021-07-01 15:17:22 Job executing on host: <192.168.16.112:9618?addrs=192.168.16.112-9618&alias=condor-d19-02.ppe.cluster&noUDP&sock=startd_2914_5710>
...
006 (31923.000.000) 2021-07-01 15:17:31 Image size of job updated: 75608
	21  -  MemoryUsage of job (MB)
	20996  -  ResidentSetSize of job (KB)
...
006 (31923.000.000) 2021-07-01 15:22:32 Image size of job updated: 1801720
	1038  -  MemoryUsage of job (MB)
	1061988  -  ResidentSetSize of job (KB)
...
006 (31923.000.000) 2021-07-01 15:42:35 Image size of job updated: 1809560
	1038  -  MemoryUsage of job (MB)
	1061988  -  ResidentSetSize of job (KB)
...
006 (31923.000.000) 2021-07-01 15:47:35 Image size of job updated: 1809560
	1065  -  MemoryUsage of job (MB)
	1090468  -  ResidentSetSize of job (KB)
...
006 (31923.000.000) 2021-07-01 16:52:41 Image size of job updated: 1809832
	1065  -  MemoryUsage of job (MB)
	1090468  -  ResidentSetSize of job (KB)
...
006 (31923.000.000) 2021-07-01 17:02:42 Image size of job updated: 1828916
	1065  -  MemoryUsage of job (MB)
	1090468  -  ResidentSetSize of job (KB)
...
006 (31923.000.000) 2021-07-01 17:22:45 Image size of job updated: 1838888
	1065  -  MemoryUsage of job (MB)
	1090468  -  ResidentSetSize of job (KB)
...
006 (31923.000.000) 2021-07-01 17:32:45 Image size of job updated: 1857388
	1065  -  MemoryUsage of job (MB)
	1090468  -  ResidentSetSize of job (KB)
...
006 (31923.000.000) 2021-07-01 17:42:46 Image size of job updated: 1865192
	1065  -  MemoryUsage of job (MB)
	1090468  -  ResidentSetSize of job (KB)
...
006 (31923.000.000) 2021-07-01 17:47:46 Image size of job updated: 1865192
	1077  -  MemoryUsage of job (MB)
	1102084  -  ResidentSetSize of job (KB)
...
006 (31923.000.000) 2021-07-01 17:52:47 Image size of job updated: 1865624
	1077  -  MemoryUsage of job (MB)
	1102084  -  ResidentSetSize of job (KB)
...
006 (31923.000.000) 2021-07-01 18:07:49 Image size of job updated: 1880440
	1077  -  MemoryUsage of job (MB)
	1102084  -  ResidentSetSize of job (KB)
...
006 (31923.000.000) 2021-07-01 20:08:02 Image size of job updated: 1901772
	1077  -  MemoryUsage of job (MB)
	1102084  -  ResidentSetSize of job (KB)
...
040 (31923.000.000) 2021-07-02 03:23:55 Started transferring output files
...
040 (31923.000.000) 2021-07-02 03:23:55 Finished transferring output files
...
005 (31923.000.000) 2021-07-02 03:23:55 Job terminated.
	(1) Normal termination (return value 0)
		Usr 0 10:38:01, Sys 0 01:26:28  -  Run Remote Usage
		Usr 0 00:00:00, Sys 0 00:00:00  -  Run Local Usage
		Usr 0 10:38:01, Sys 0 01:26:28  -  Total Remote Usage
		Usr 0 00:00:00, Sys 0 00:00:00  -  Total Local Usage
	1233869  -  Run Bytes Sent By Job
	314  -  Run Bytes Received By Job
	1233869  -  Total Bytes Sent By Job
	314  -  Total Bytes Received By Job
	Partitionable Resources :    Usage  Request Allocated 
	   Cpus                 :     0.99        1         1 
	   Disk (KB)            :  1221           1    825748 
	   Memory (MB)          :  1077        1024      1024 

	Job terminated of its own accord at 2021-07-02T02:23:55Z.
...
