000 (32072.000.000) 2021-07-01 15:15:38 Job submitted from host: <194.36.1.200:9618?addrs=194.36.1.200-9618&alias=hex.ppe.gla.ac.uk&noUDP&sock=schedd_1401_8c46>
...
040 (32072.000.000) 2021-07-02 00:55:20 Started transferring input files
	Transferring to host: <192.168.16.114:9618?addrs=192.168.16.114-9618&alias=condor-d19-04.ppe.cluster&noUDP&sock=slot1_20_19959_abc5_6123>
...
040 (32072.000.000) 2021-07-02 00:55:20 Finished transferring input files
...
001 (32072.000.000) 2021-07-02 00:55:21 Job executing on host: <192.168.16.114:9618?addrs=192.168.16.114-9618&alias=condor-d19-04.ppe.cluster&noUDP&sock=startd_2633_98f3>
...
006 (32072.000.000) 2021-07-02 00:55:30 Image size of job updated: 75608
	2  -  MemoryUsage of job (MB)
	1084  -  ResidentSetSize of job (KB)
...
006 (32072.000.000) 2021-07-02 00:55:51 Image size of job updated: 898404
	2  -  MemoryUsage of job (MB)
	1084  -  ResidentSetSize of job (KB)
...
040 (32072.000.000) 2021-07-02 00:55:51 Started transferring output files
...
040 (32072.000.000) 2021-07-02 00:55:51 Finished transferring output files
...
005 (32072.000.000) 2021-07-02 00:55:51 Job terminated.
	(1) Normal termination (return value 0)
		Usr 0 00:00:14, Sys 0 00:00:05  -  Run Remote Usage
		Usr 0 00:00:00, Sys 0 00:00:00  -  Run Local Usage
		Usr 0 00:00:14, Sys 0 00:00:05  -  Total Remote Usage
		Usr 0 00:00:00, Sys 0 00:00:00  -  Total Local Usage
	712833  -  Run Bytes Sent By Job
	318  -  Run Bytes Received By Job
	712833  -  Total Bytes Sent By Job
	318  -  Total Bytes Received By Job
	Partitionable Resources :    Usage  Request Allocated 
	   Cpus                 :                 1         1 
	   Disk (KB)            :      706        1   3637421 
	   Memory (MB)          :        2     1024      1024 

	Job terminated of its own accord at 2021-07-01T23:55:51Z.
...
