000 (31853.000.000) 2021-07-01 15:15:23 Job submitted from host: <194.36.1.200:9618?addrs=194.36.1.200-9618&alias=hex.ppe.gla.ac.uk&noUDP&sock=schedd_1401_8c46>
...
040 (31853.000.000) 2021-07-01 15:15:30 Started transferring input files
	Transferring to host: <192.168.16.112:9618?addrs=192.168.16.112-9618&alias=condor-d19-02.ppe.cluster&noUDP&sock=slot1_64_83748_cac7_5518>
...
040 (31853.000.000) 2021-07-01 15:15:30 Finished transferring input files
...
001 (31853.000.000) 2021-07-01 15:15:31 Job executing on host: <192.168.16.112:9618?addrs=192.168.16.112-9618&alias=condor-d19-02.ppe.cluster&noUDP&sock=startd_2914_5710>
...
006 (31853.000.000) 2021-07-01 15:15:42 Image size of job updated: 23072
	1  -  MemoryUsage of job (MB)
	564  -  ResidentSetSize of job (KB)
...
006 (31853.000.000) 2021-07-01 15:16:46 Image size of job updated: 907932
	1  -  MemoryUsage of job (MB)
	564  -  ResidentSetSize of job (KB)
...
040 (31853.000.000) 2021-07-01 15:16:46 Started transferring output files
...
040 (31853.000.000) 2021-07-01 15:16:46 Finished transferring output files
...
005 (31853.000.000) 2021-07-01 15:16:46 Job terminated.
	(1) Normal termination (return value 0)
		Usr 0 00:00:22, Sys 0 00:00:33  -  Run Remote Usage
		Usr 0 00:00:00, Sys 0 00:00:00  -  Run Local Usage
		Usr 0 00:00:22, Sys 0 00:00:33  -  Total Remote Usage
		Usr 0 00:00:00, Sys 0 00:00:00  -  Total Local Usage
	712833  -  Run Bytes Sent By Job
	318  -  Run Bytes Received By Job
	712833  -  Total Bytes Sent By Job
	318  -  Total Bytes Received By Job
	Partitionable Resources :    Usage  Request Allocated 
	   Cpus                 :                 1         1 
	   Disk (KB)            :      706        1    825748 
	   Memory (MB)          :        1     1024      1024 

	Job terminated of its own accord at 2021-07-01T14:16:46Z.
...
