000 (32159.000.000) 2021-07-01 15:15:46 Job submitted from host: <194.36.1.200:9618?addrs=194.36.1.200-9618&alias=hex.ppe.gla.ac.uk&noUDP&sock=schedd_1401_8c46>
...
040 (32159.000.000) 2021-07-02 01:20:21 Started transferring input files
	Transferring to host: <192.168.16.121:9618?addrs=192.168.16.121-9618&alias=condor-d20-01.ppe.cluster&noUDP&sock=slot1_18_59603_7491_5750>
...
040 (32159.000.000) 2021-07-02 01:20:21 Finished transferring input files
...
001 (32159.000.000) 2021-07-02 01:20:22 Job executing on host: <192.168.16.121:9618?addrs=192.168.16.121-9618&alias=condor-d20-01.ppe.cluster&noUDP&sock=startd_40545_137a>
...
006 (32159.000.000) 2021-07-02 01:20:31 Image size of job updated: 2800
	3  -  MemoryUsage of job (MB)
	2800  -  ResidentSetSize of job (KB)
...
006 (32159.000.000) 2021-07-02 01:25:32 Image size of job updated: 1808048
	834  -  MemoryUsage of job (MB)
	853276  -  ResidentSetSize of job (KB)
...
006 (32159.000.000) 2021-07-02 01:35:33 Image size of job updated: 1808048
	1022  -  MemoryUsage of job (MB)
	1045844  -  ResidentSetSize of job (KB)
...
006 (32159.000.000) 2021-07-02 01:40:33 Image size of job updated: 1808048
	1056  -  MemoryUsage of job (MB)
	1080468  -  ResidentSetSize of job (KB)
...
006 (32159.000.000) 2021-07-02 01:50:34 Image size of job updated: 1829996
	1056  -  MemoryUsage of job (MB)
	1080468  -  ResidentSetSize of job (KB)
...
006 (32159.000.000) 2021-07-02 02:25:37 Image size of job updated: 1837372
	1056  -  MemoryUsage of job (MB)
	1080468  -  ResidentSetSize of job (KB)
...
006 (32159.000.000) 2021-07-02 02:50:40 Image size of job updated: 1844196
	1056  -  MemoryUsage of job (MB)
	1080468  -  ResidentSetSize of job (KB)
...
006 (32159.000.000) 2021-07-02 03:15:42 Image size of job updated: 1846644
	1056  -  MemoryUsage of job (MB)
	1080468  -  ResidentSetSize of job (KB)
...
006 (32159.000.000) 2021-07-02 03:20:43 Image size of job updated: 1877804
	1056  -  MemoryUsage of job (MB)
	1080468  -  ResidentSetSize of job (KB)
...
006 (32159.000.000) 2021-07-02 04:40:50 Image size of job updated: 1890360
	1056  -  MemoryUsage of job (MB)
	1080468  -  ResidentSetSize of job (KB)
...
040 (32159.000.000) 2021-07-02 10:44:59 Started transferring output files
...
040 (32159.000.000) 2021-07-02 10:44:59 Finished transferring output files
...
005 (32159.000.000) 2021-07-02 10:45:00 Job terminated.
	(1) Normal termination (return value 0)
		Usr 0 08:20:42, Sys 0 00:59:26  -  Run Remote Usage
		Usr 0 00:00:00, Sys 0 00:00:00  -  Run Local Usage
		Usr 0 08:20:42, Sys 0 00:59:26  -  Total Remote Usage
		Usr 0 00:00:00, Sys 0 00:00:00  -  Total Local Usage
	1220063  -  Run Bytes Sent By Job
	318  -  Run Bytes Received By Job
	1220063  -  Total Bytes Sent By Job
	318  -  Total Bytes Received By Job
	Partitionable Resources :    Usage  Request Allocated 
	   Cpus                 :     0.99        1         1 
	   Disk (KB)            :  1207           1   3637421 
	   Memory (MB)          :  1056        1024      1024 

	Job terminated of its own accord at 2021-07-02T09:44:59Z.
...
