000 (31998.000.000) 2021-07-01 15:15:34 Job submitted from host: <194.36.1.200:9618?addrs=194.36.1.200-9618&alias=hex.ppe.gla.ac.uk&noUDP&sock=schedd_1401_8c46>
...
040 (31998.000.000) 2021-07-02 00:29:43 Started transferring input files
	Transferring to host: <192.168.16.114:9618?addrs=192.168.16.114-9618&alias=condor-d19-04.ppe.cluster&noUDP&sock=slot1_63_19959_abc5_6033>
...
040 (31998.000.000) 2021-07-02 00:29:43 Finished transferring input files
...
001 (31998.000.000) 2021-07-02 00:29:44 Job executing on host: <192.168.16.114:9618?addrs=192.168.16.114-9618&alias=condor-d19-04.ppe.cluster&noUDP&sock=startd_2633_98f3>
...
006 (31998.000.000) 2021-07-02 00:29:53 Image size of job updated: 18960
	19  -  MemoryUsage of job (MB)
	18960  -  ResidentSetSize of job (KB)
...
006 (31998.000.000) 2021-07-02 00:34:54 Image size of job updated: 1815172
	849  -  MemoryUsage of job (MB)
	868600  -  ResidentSetSize of job (KB)
...
006 (31998.000.000) 2021-07-02 00:39:54 Image size of job updated: 1815172
	853  -  MemoryUsage of job (MB)
	872848  -  ResidentSetSize of job (KB)
...
006 (31998.000.000) 2021-07-02 00:49:56 Image size of job updated: 1817248
	853  -  MemoryUsage of job (MB)
	872848  -  ResidentSetSize of job (KB)
...
006 (31998.000.000) 2021-07-02 00:54:56 Image size of job updated: 1841992
	853  -  MemoryUsage of job (MB)
	872848  -  ResidentSetSize of job (KB)
...
006 (31998.000.000) 2021-07-02 00:59:56 Image size of job updated: 1842496
	853  -  MemoryUsage of job (MB)
	872848  -  ResidentSetSize of job (KB)
...
006 (31998.000.000) 2021-07-02 01:04:57 Image size of job updated: 1870404
	853  -  MemoryUsage of job (MB)
	872848  -  ResidentSetSize of job (KB)
...
006 (31998.000.000) 2021-07-02 01:14:58 Image size of job updated: 1870404
	927  -  MemoryUsage of job (MB)
	949120  -  ResidentSetSize of job (KB)
...
006 (31998.000.000) 2021-07-02 01:19:59 Image size of job updated: 1870404
	934  -  MemoryUsage of job (MB)
	956372  -  ResidentSetSize of job (KB)
...
006 (31998.000.000) 2021-07-02 01:40:01 Image size of job updated: 1871188
	953  -  MemoryUsage of job (MB)
	975668  -  ResidentSetSize of job (KB)
...
006 (31998.000.000) 2021-07-02 01:55:02 Image size of job updated: 1876308
	953  -  MemoryUsage of job (MB)
	975668  -  ResidentSetSize of job (KB)
...
006 (31998.000.000) 2021-07-02 02:05:03 Image size of job updated: 1905168
	953  -  MemoryUsage of job (MB)
	975668  -  ResidentSetSize of job (KB)
...
006 (31998.000.000) 2021-07-02 02:25:05 Image size of job updated: 1909216
	953  -  MemoryUsage of job (MB)
	975668  -  ResidentSetSize of job (KB)
...
006 (31998.000.000) 2021-07-02 02:40:06 Image size of job updated: 1909620
	953  -  MemoryUsage of job (MB)
	975668  -  ResidentSetSize of job (KB)
...
006 (31998.000.000) 2021-07-02 03:55:15 Image size of job updated: 1912504
	953  -  MemoryUsage of job (MB)
	975668  -  ResidentSetSize of job (KB)
...
006 (31998.000.000) 2021-07-02 05:15:24 Image size of job updated: 1922928
	953  -  MemoryUsage of job (MB)
	975668  -  ResidentSetSize of job (KB)
...
040 (31998.000.000) 2021-07-02 09:39:40 Started transferring output files
...
040 (31998.000.000) 2021-07-02 09:39:40 Finished transferring output files
...
005 (31998.000.000) 2021-07-02 09:39:40 Job terminated.
	(1) Normal termination (return value 0)
		Usr 0 08:07:31, Sys 0 00:57:53  -  Run Remote Usage
		Usr 0 00:00:00, Sys 0 00:00:00  -  Run Local Usage
		Usr 0 08:07:31, Sys 0 00:57:53  -  Total Remote Usage
		Usr 0 00:00:00, Sys 0 00:00:00  -  Total Local Usage
	1220110  -  Run Bytes Sent By Job
	318  -  Run Bytes Received By Job
	1220110  -  Total Bytes Sent By Job
	318  -  Total Bytes Received By Job
	Partitionable Resources :    Usage  Request Allocated 
	   Cpus                 :     0.99        1         1 
	   Disk (KB)            :  1207           1   3637421 
	   Memory (MB)          :   953        1024      1024 

	Job terminated of its own accord at 2021-07-02T08:39:40Z.
...
