000 (31697.000.000) 2021-07-01 15:13:59 Job submitted from host: <194.36.1.200:9618?addrs=194.36.1.200-9618&alias=hex.ppe.gla.ac.uk&noUDP&sock=schedd_1401_8c46>
...
040 (31697.000.000) 2021-07-01 15:15:17 Started transferring input files
	Transferring to host: <192.168.16.112:9618?addrs=192.168.16.112-9618&alias=condor-d19-02.ppe.cluster&noUDP&sock=slot1_24_83748_cac7_5474>
...
040 (31697.000.000) 2021-07-01 15:15:17 Finished transferring input files
...
001 (31697.000.000) 2021-07-01 15:15:18 Job executing on host: <192.168.16.112:9618?addrs=192.168.16.112-9618&alias=condor-d19-02.ppe.cluster&noUDP&sock=startd_2914_5710>
...
006 (31697.000.000) 2021-07-01 15:15:26 Image size of job updated: 85380
	2  -  MemoryUsage of job (MB)
	1100  -  ResidentSetSize of job (KB)
...
006 (31697.000.000) 2021-07-01 15:20:26 Image size of job updated: 1787208
	594  -  MemoryUsage of job (MB)
	607880  -  ResidentSetSize of job (KB)
...
006 (31697.000.000) 2021-07-01 15:25:27 Image size of job updated: 1847928
	1107  -  MemoryUsage of job (MB)
	1133124  -  ResidentSetSize of job (KB)
...
006 (31697.000.000) 2021-07-01 17:15:38 Image size of job updated: 1882900
	1107  -  MemoryUsage of job (MB)
	1133124  -  ResidentSetSize of job (KB)
...
006 (31697.000.000) 2021-07-01 17:45:41 Image size of job updated: 1883396
	1107  -  MemoryUsage of job (MB)
	1133124  -  ResidentSetSize of job (KB)
...
006 (31697.000.000) 2021-07-01 22:31:11 Image size of job updated: 1902840
	1107  -  MemoryUsage of job (MB)
	1133124  -  ResidentSetSize of job (KB)
...
040 (31697.000.000) 2021-07-02 03:29:35 Started transferring output files
...
040 (31697.000.000) 2021-07-02 03:29:35 Finished transferring output files
...
005 (31697.000.000) 2021-07-02 03:29:35 Job terminated.
	(1) Normal termination (return value 0)
		Usr 0 10:44:12, Sys 0 01:26:14  -  Run Remote Usage
		Usr 0 00:00:00, Sys 0 00:00:00  -  Run Local Usage
		Usr 0 10:44:12, Sys 0 01:26:14  -  Total Remote Usage
		Usr 0 00:00:00, Sys 0 00:00:00  -  Total Local Usage
	1246972  -  Run Bytes Sent By Job
	314  -  Run Bytes Received By Job
	1246972  -  Total Bytes Sent By Job
	314  -  Total Bytes Received By Job
	Partitionable Resources :    Usage  Request Allocated 
	   Cpus                 :     0.90        1         1 
	   Disk (KB)            :  1233           1    825748 
	   Memory (MB)          :  1107        1024      1024 

	Job terminated of its own accord at 2021-07-02T02:29:35Z.
...
