000 (31627.000.000) 2021-07-01 15:13:56 Job submitted from host: <194.36.1.200:9618?addrs=194.36.1.200-9618&alias=hex.ppe.gla.ac.uk&noUDP&sock=schedd_1401_8c46>
...
040 (31627.000.000) 2021-07-01 15:15:15 Started transferring input files
	Transferring to host: <192.168.16.113:9618?addrs=192.168.16.113-9618&alias=condor-d19-03.ppe.cluster&noUDP&sock=slot1_26_1284_71ad_5265>
...
040 (31627.000.000) 2021-07-01 15:15:16 Finished transferring input files
...
001 (31627.000.000) 2021-07-01 15:15:16 Job executing on host: <192.168.16.113:9618?addrs=192.168.16.113-9618&alias=condor-d19-03.ppe.cluster&noUDP&sock=startd_2634_488c>
...
006 (31627.000.000) 2021-07-01 15:15:25 Image size of job updated: 23176
	2  -  MemoryUsage of job (MB)
	1100  -  ResidentSetSize of job (KB)
...
006 (31627.000.000) 2021-07-01 15:20:26 Image size of job updated: 1772184
	795  -  MemoryUsage of job (MB)
	813320  -  ResidentSetSize of job (KB)
...
006 (31627.000.000) 2021-07-01 15:25:26 Image size of job updated: 1790932
	1050  -  MemoryUsage of job (MB)
	1074336  -  ResidentSetSize of job (KB)
...
006 (31627.000.000) 2021-07-01 15:30:26 Image size of job updated: 1843260
	1103  -  MemoryUsage of job (MB)
	1128576  -  ResidentSetSize of job (KB)
...
006 (31627.000.000) 2021-07-01 16:45:34 Image size of job updated: 1865640
	1103  -  MemoryUsage of job (MB)
	1128576  -  ResidentSetSize of job (KB)
...
006 (31627.000.000) 2021-07-01 17:15:37 Image size of job updated: 1878652
	1103  -  MemoryUsage of job (MB)
	1128576  -  ResidentSetSize of job (KB)
...
040 (31627.000.000) 2021-07-01 21:59:58 Started transferring output files
...
040 (31627.000.000) 2021-07-01 21:59:58 Finished transferring output files
...
005 (31627.000.000) 2021-07-01 21:59:58 Job terminated.
	(1) Normal termination (return value 0)
		Usr 0 06:00:28, Sys 0 00:41:37  -  Run Remote Usage
		Usr 0 00:00:00, Sys 0 00:00:00  -  Run Local Usage
		Usr 0 06:00:28, Sys 0 00:41:37  -  Total Remote Usage
		Usr 0 00:00:00, Sys 0 00:00:00  -  Total Local Usage
	1017015  -  Run Bytes Sent By Job
	318  -  Run Bytes Received By Job
	1017015  -  Total Bytes Sent By Job
	318  -  Total Bytes Received By Job
	Partitionable Resources :    Usage  Request Allocated 
	   Cpus                 :     0.99        1         1 
	   Disk (KB)            :  1009           1   3637421 
	   Memory (MB)          :  1103        1024      1024 

	Job terminated of its own accord at 2021-07-01T20:59:58Z.
...
