000 (31599.000.000) 2021-07-01 15:13:54 Job submitted from host: <194.36.1.200:9618?addrs=194.36.1.200-9618&alias=hex.ppe.gla.ac.uk&noUDP&sock=schedd_1401_8c46>
...
040 (31599.000.000) 2021-07-01 15:15:15 Started transferring input files
	Transferring to host: <192.168.16.113:9618?addrs=192.168.16.113-9618&alias=condor-d19-03.ppe.cluster&noUDP&sock=slot1_22_1284_71ad_5259>
...
040 (31599.000.000) 2021-07-01 15:15:15 Finished transferring input files
...
001 (31599.000.000) 2021-07-01 15:15:16 Job executing on host: <192.168.16.113:9618?addrs=192.168.16.113-9618&alias=condor-d19-03.ppe.cluster&noUDP&sock=startd_2634_488c>
...
006 (31599.000.000) 2021-07-01 15:15:25 Image size of job updated: 23176
	2  -  MemoryUsage of job (MB)
	1100  -  ResidentSetSize of job (KB)
...
006 (31599.000.000) 2021-07-01 15:20:26 Image size of job updated: 1811080
	883  -  MemoryUsage of job (MB)
	903596  -  ResidentSetSize of job (KB)
...
006 (31599.000.000) 2021-07-01 15:25:27 Image size of job updated: 1811080
	1036  -  MemoryUsage of job (MB)
	1060780  -  ResidentSetSize of job (KB)
...
006 (31599.000.000) 2021-07-01 15:30:27 Image size of job updated: 1811080
	1055  -  MemoryUsage of job (MB)
	1079772  -  ResidentSetSize of job (KB)
...
006 (31599.000.000) 2021-07-01 15:35:28 Image size of job updated: 1842532
	1055  -  MemoryUsage of job (MB)
	1079772  -  ResidentSetSize of job (KB)
...
006 (31599.000.000) 2021-07-01 15:50:30 Image size of job updated: 1842532
	1059  -  MemoryUsage of job (MB)
	1084128  -  ResidentSetSize of job (KB)
...
006 (31599.000.000) 2021-07-01 16:45:36 Image size of job updated: 1843436
	1059  -  MemoryUsage of job (MB)
	1084128  -  ResidentSetSize of job (KB)
...
006 (31599.000.000) 2021-07-01 16:55:36 Image size of job updated: 1886936
	1090  -  MemoryUsage of job (MB)
	1115756  -  ResidentSetSize of job (KB)
...
006 (31599.000.000) 2021-07-01 18:25:46 Image size of job updated: 1903996
	1090  -  MemoryUsage of job (MB)
	1115756  -  ResidentSetSize of job (KB)
...
040 (31599.000.000) 2021-07-02 00:31:50 Started transferring output files
...
040 (31599.000.000) 2021-07-02 00:31:50 Finished transferring output files
...
005 (31599.000.000) 2021-07-02 00:31:50 Job terminated.
	(1) Normal termination (return value 0)
		Usr 0 08:14:51, Sys 0 00:58:17  -  Run Remote Usage
		Usr 0 00:00:00, Sys 0 00:00:00  -  Run Local Usage
		Usr 0 08:14:51, Sys 0 00:58:17  -  Total Remote Usage
		Usr 0 00:00:00, Sys 0 00:00:00  -  Total Local Usage
	1070960  -  Run Bytes Sent By Job
	314  -  Run Bytes Received By Job
	1070960  -  Total Bytes Sent By Job
	314  -  Total Bytes Received By Job
	Partitionable Resources :    Usage  Request Allocated 
	   Cpus                 :     1.00        1         1 
	   Disk (KB)            :  1061           1   3637421 
	   Memory (MB)          :  1090        1024      1024 

	Job terminated of its own accord at 2021-07-01T23:31:50Z.
...
