000 (31927.000.000) 2021-07-01 15:15:29 Job submitted from host: <194.36.1.200:9618?addrs=194.36.1.200-9618&alias=hex.ppe.gla.ac.uk&noUDP&sock=schedd_1401_8c46>
...
040 (31927.000.000) 2021-07-01 16:59:29 Started transferring input files
	Transferring to host: <192.168.16.101:9618?addrs=192.168.16.101-9618&alias=condor-h16-01.ppe.cluster&noUDP&sock=slot1_1_30212_d646_4701>
...
040 (31927.000.000) 2021-07-01 16:59:29 Finished transferring input files
...
001 (31927.000.000) 2021-07-01 16:59:30 Job executing on host: <192.168.16.101:9618?addrs=192.168.16.101-9618&alias=condor-h16-01.ppe.cluster&noUDP&sock=startd_2155_baae>
...
006 (31927.000.000) 2021-07-01 16:59:40 Image size of job updated: 23200
	2  -  MemoryUsage of job (MB)
	1140  -  ResidentSetSize of job (KB)
...
006 (31927.000.000) 2021-07-01 17:04:40 Image size of job updated: 1756956
	621  -  MemoryUsage of job (MB)
	635868  -  ResidentSetSize of job (KB)
...
006 (31927.000.000) 2021-07-01 17:09:40 Image size of job updated: 1792384
	1050  -  MemoryUsage of job (MB)
	1075164  -  ResidentSetSize of job (KB)
...
006 (31927.000.000) 2021-07-01 17:14:41 Image size of job updated: 1813916
	1071  -  MemoryUsage of job (MB)
	1096696  -  ResidentSetSize of job (KB)
...
006 (31927.000.000) 2021-07-01 17:44:44 Image size of job updated: 1819140
	1071  -  MemoryUsage of job (MB)
	1096696  -  ResidentSetSize of job (KB)
...
006 (31927.000.000) 2021-07-01 17:49:45 Image size of job updated: 1827504
	1071  -  MemoryUsage of job (MB)
	1096696  -  ResidentSetSize of job (KB)
...
006 (31927.000.000) 2021-07-01 17:54:45 Image size of job updated: 1840900
	1071  -  MemoryUsage of job (MB)
	1096696  -  ResidentSetSize of job (KB)
...
006 (31927.000.000) 2021-07-01 19:39:56 Image size of job updated: 1843092
	1071  -  MemoryUsage of job (MB)
	1096696  -  ResidentSetSize of job (KB)
...
006 (31927.000.000) 2021-07-01 19:54:57 Image size of job updated: 1848552
	1071  -  MemoryUsage of job (MB)
	1096696  -  ResidentSetSize of job (KB)
...
006 (31927.000.000) 2021-07-01 21:00:03 Image size of job updated: 1867000
	1071  -  MemoryUsage of job (MB)
	1096696  -  ResidentSetSize of job (KB)
...
006 (31927.000.000) 2021-07-01 21:40:08 Image size of job updated: 1867176
	1071  -  MemoryUsage of job (MB)
	1096696  -  ResidentSetSize of job (KB)
...
006 (31927.000.000) 2021-07-01 23:25:19 Image size of job updated: 1881640
	1071  -  MemoryUsage of job (MB)
	1096696  -  ResidentSetSize of job (KB)
...
006 (31927.000.000) 2021-07-02 00:00:22 Image size of job updated: 1888076
	1071  -  MemoryUsage of job (MB)
	1096696  -  ResidentSetSize of job (KB)
...
006 (31927.000.000) 2021-07-02 03:45:47 Image size of job updated: 1939468
	1071  -  MemoryUsage of job (MB)
	1096696  -  ResidentSetSize of job (KB)
...
040 (31927.000.000) 2021-07-02 08:40:00 Started transferring output files
...
040 (31927.000.000) 2021-07-02 08:40:00 Finished transferring output files
...
005 (31927.000.000) 2021-07-02 08:40:00 Job terminated.
	(1) Normal termination (return value 0)
		Usr 0 12:26:58, Sys 0 01:58:12  -  Run Remote Usage
		Usr 0 00:00:00, Sys 0 00:00:00  -  Run Local Usage
		Usr 0 12:26:58, Sys 0 01:58:12  -  Total Remote Usage
		Usr 0 00:00:00, Sys 0 00:00:00  -  Total Local Usage
	1069329  -  Run Bytes Sent By Job
	314  -  Run Bytes Received By Job
	1069329  -  Total Bytes Sent By Job
	314  -  Total Bytes Received By Job
	Partitionable Resources :    Usage  Request Allocated 
	   Cpus                 :     0.81        1         1 
	   Disk (KB)            :  1060           1    864796 
	   Memory (MB)          :  1071        1024      1024 

	Job terminated of its own accord at 2021-07-02T07:40:00Z.
...
