000 (31440.000.000) 2021-07-01 15:13:46 Job submitted from host: <194.36.1.200:9618?addrs=194.36.1.200-9618&alias=hex.ppe.gla.ac.uk&noUDP&sock=schedd_1401_8c46>
...
040 (31440.000.000) 2021-07-01 15:15:15 Started transferring input files
	Transferring to host: <192.168.16.121:9618?addrs=192.168.16.121-9618&alias=condor-d20-01.ppe.cluster&noUDP&sock=slot1_3_59603_7491_5561>
...
040 (31440.000.000) 2021-07-01 15:15:15 Finished transferring input files
...
001 (31440.000.000) 2021-07-01 15:15:16 Job executing on host: <192.168.16.121:9618?addrs=192.168.16.121-9618&alias=condor-d20-01.ppe.cluster&noUDP&sock=startd_40545_137a>
...
006 (31440.000.000) 2021-07-01 15:15:24 Image size of job updated: 85380
	1  -  MemoryUsage of job (MB)
	800  -  ResidentSetSize of job (KB)
...
006 (31440.000.000) 2021-07-01 15:20:24 Image size of job updated: 1799084
	1060  -  MemoryUsage of job (MB)
	1084864  -  ResidentSetSize of job (KB)
...
006 (31440.000.000) 2021-07-01 15:35:25 Image size of job updated: 1818332
	1060  -  MemoryUsage of job (MB)
	1084864  -  ResidentSetSize of job (KB)
...
006 (31440.000.000) 2021-07-01 15:40:27 Image size of job updated: 1818544
	1060  -  MemoryUsage of job (MB)
	1084864  -  ResidentSetSize of job (KB)
...
006 (31440.000.000) 2021-07-01 15:45:27 Image size of job updated: 1818544
	1063  -  MemoryUsage of job (MB)
	1088408  -  ResidentSetSize of job (KB)
...
006 (31440.000.000) 2021-07-01 15:55:28 Image size of job updated: 1848624
	1063  -  MemoryUsage of job (MB)
	1088408  -  ResidentSetSize of job (KB)
...
006 (31440.000.000) 2021-07-01 16:10:30 Image size of job updated: 1848624
	1077  -  MemoryUsage of job (MB)
	1102372  -  ResidentSetSize of job (KB)
...
006 (31440.000.000) 2021-07-01 16:35:32 Image size of job updated: 1848624
	1091  -  MemoryUsage of job (MB)
	1116748  -  ResidentSetSize of job (KB)
...
006 (31440.000.000) 2021-07-01 16:50:34 Image size of job updated: 1859324
	1091  -  MemoryUsage of job (MB)
	1116748  -  ResidentSetSize of job (KB)
...
006 (31440.000.000) 2021-07-01 17:50:40 Image size of job updated: 1880752
	1113  -  MemoryUsage of job (MB)
	1139212  -  ResidentSetSize of job (KB)
...
006 (31440.000.000) 2021-07-01 20:45:58 Image size of job updated: 1881184
	1113  -  MemoryUsage of job (MB)
	1139212  -  ResidentSetSize of job (KB)
...
006 (31440.000.000) 2021-07-02 00:21:20 Image size of job updated: 1905664
	1113  -  MemoryUsage of job (MB)
	1139212  -  ResidentSetSize of job (KB)
...
040 (31440.000.000) 2021-07-02 01:16:21 Started transferring output files
...
040 (31440.000.000) 2021-07-02 01:16:21 Finished transferring output files
...
005 (31440.000.000) 2021-07-02 01:16:21 Job terminated.
	(1) Normal termination (return value 0)
		Usr 0 08:57:34, Sys 0 01:01:45  -  Run Remote Usage
		Usr 0 00:00:00, Sys 0 00:00:00  -  Run Local Usage
		Usr 0 08:57:34, Sys 0 01:01:45  -  Total Remote Usage
		Usr 0 00:00:00, Sys 0 00:00:00  -  Total Local Usage
	1247062  -  Run Bytes Sent By Job
	314  -  Run Bytes Received By Job
	1247062  -  Total Bytes Sent By Job
	314  -  Total Bytes Received By Job
	Partitionable Resources :    Usage  Request Allocated 
	   Cpus                 :     1.00        1         1 
	   Disk (KB)            :  1233           1   3637421 
	   Memory (MB)          :  1113        1024      1024 

	Job terminated of its own accord at 2021-07-02T00:16:21Z.
...
