000 (31857.000.000) 2021-07-01 15:15:23 Job submitted from host: <194.36.1.200:9618?addrs=194.36.1.200-9618&alias=hex.ppe.gla.ac.uk&noUDP&sock=schedd_1401_8c46>
...
040 (31857.000.000) 2021-07-01 15:16:17 Started transferring input files
	Transferring to host: <192.168.16.104:9618?addrs=192.168.16.104-9618&alias=condor-h16-04.ppe.cluster&noUDP&sock=slot1_6_20677_9122_4275>
...
040 (31857.000.000) 2021-07-01 15:16:17 Finished transferring input files
...
001 (31857.000.000) 2021-07-01 15:16:18 Job executing on host: <192.168.16.104:9618?addrs=192.168.16.104-9618&alias=condor-h16-04.ppe.cluster&noUDP&sock=startd_20625_9ceb>
...
006 (31857.000.000) 2021-07-01 15:16:27 Image size of job updated: 75592
	23  -  MemoryUsage of job (MB)
	23420  -  ResidentSetSize of job (KB)
...
006 (31857.000.000) 2021-07-01 15:21:28 Image size of job updated: 1757176
	631  -  MemoryUsage of job (MB)
	646124  -  ResidentSetSize of job (KB)
...
006 (31857.000.000) 2021-07-01 15:26:29 Image size of job updated: 1784672
	1043  -  MemoryUsage of job (MB)
	1067916  -  ResidentSetSize of job (KB)
...
006 (31857.000.000) 2021-07-01 15:31:29 Image size of job updated: 1784744
	1047  -  MemoryUsage of job (MB)
	1071680  -  ResidentSetSize of job (KB)
...
006 (31857.000.000) 2021-07-01 15:36:29 Image size of job updated: 1796436
	1058  -  MemoryUsage of job (MB)
	1083364  -  ResidentSetSize of job (KB)
...
006 (31857.000.000) 2021-07-01 15:46:30 Image size of job updated: 1799944
	1058  -  MemoryUsage of job (MB)
	1083364  -  ResidentSetSize of job (KB)
...
006 (31857.000.000) 2021-07-01 15:51:30 Image size of job updated: 1816196
	1071  -  MemoryUsage of job (MB)
	1096032  -  ResidentSetSize of job (KB)
...
006 (31857.000.000) 2021-07-01 16:01:32 Image size of job updated: 1824016
	1071  -  MemoryUsage of job (MB)
	1096032  -  ResidentSetSize of job (KB)
...
006 (31857.000.000) 2021-07-01 16:56:37 Image size of job updated: 1841292
	1071  -  MemoryUsage of job (MB)
	1096032  -  ResidentSetSize of job (KB)
...
006 (31857.000.000) 2021-07-01 18:41:48 Image size of job updated: 1847276
	1071  -  MemoryUsage of job (MB)
	1096032  -  ResidentSetSize of job (KB)
...
006 (31857.000.000) 2021-07-01 18:46:49 Image size of job updated: 1851044
	1071  -  MemoryUsage of job (MB)
	1096032  -  ResidentSetSize of job (KB)
...
006 (31857.000.000) 2021-07-01 18:56:50 Image size of job updated: 1851648
	1071  -  MemoryUsage of job (MB)
	1096032  -  ResidentSetSize of job (KB)
...
006 (31857.000.000) 2021-07-01 20:01:57 Image size of job updated: 1855656
	1071  -  MemoryUsage of job (MB)
	1096032  -  ResidentSetSize of job (KB)
...
006 (31857.000.000) 2021-07-01 20:06:58 Image size of job updated: 1855788
	1071  -  MemoryUsage of job (MB)
	1096032  -  ResidentSetSize of job (KB)
...
006 (31857.000.000) 2021-07-01 20:47:00 Image size of job updated: 1886524
	1071  -  MemoryUsage of job (MB)
	1096032  -  ResidentSetSize of job (KB)
...
006 (31857.000.000) 2021-07-02 00:57:27 Image size of job updated: 1888496
	1071  -  MemoryUsage of job (MB)
	1096032  -  ResidentSetSize of job (KB)
...
040 (31857.000.000) 2021-07-02 06:54:13 Started transferring output files
...
040 (31857.000.000) 2021-07-02 06:54:15 Finished transferring output files
...
005 (31857.000.000) 2021-07-02 06:54:15 Job terminated.
	(1) Normal termination (return value 0)
		Usr 0 13:17:46, Sys 0 02:01:01  -  Run Remote Usage
		Usr 0 00:00:00, Sys 0 00:00:00  -  Run Local Usage
		Usr 0 13:17:46, Sys 0 02:01:01  -  Total Remote Usage
		Usr 0 00:00:00, Sys 0 00:00:00  -  Total Local Usage
	1243315  -  Run Bytes Sent By Job
	314  -  Run Bytes Received By Job
	1243315  -  Total Bytes Sent By Job
	314  -  Total Bytes Received By Job
	Partitionable Resources :    Usage  Request Allocated 
	   Cpus                 :     0.01        1         1 
	   Disk (KB)            :  1230           1    914154 
	   Memory (MB)          :  1071        1024      1024 

	Job terminated of its own accord at 2021-07-02T05:54:13Z.
...
