000 (31537.000.000) 2021-07-01 15:13:51 Job submitted from host: <194.36.1.200:9618?addrs=194.36.1.200-9618&alias=hex.ppe.gla.ac.uk&noUDP&sock=schedd_1401_8c46>
...
040 (31537.000.000) 2021-07-01 15:15:16 Started transferring input files
	Transferring to host: <192.168.16.112:9618?addrs=192.168.16.112-9618&alias=condor-d19-02.ppe.cluster&noUDP&sock=slot1_9_83748_cac7_5463>
...
040 (31537.000.000) 2021-07-01 15:15:16 Finished transferring input files
...
001 (31537.000.000) 2021-07-01 15:15:17 Job executing on host: <192.168.16.112:9618?addrs=192.168.16.112-9618&alias=condor-d19-02.ppe.cluster&noUDP&sock=startd_2914_5710>
...
006 (31537.000.000) 2021-07-01 15:15:25 Image size of job updated: 75608
	2  -  MemoryUsage of job (MB)
	1096  -  ResidentSetSize of job (KB)
...
006 (31537.000.000) 2021-07-01 15:20:25 Image size of job updated: 1801716
	627  -  MemoryUsage of job (MB)
	641136  -  ResidentSetSize of job (KB)
...
006 (31537.000.000) 2021-07-01 15:25:26 Image size of job updated: 1801716
	1028  -  MemoryUsage of job (MB)
	1052088  -  ResidentSetSize of job (KB)
...
006 (31537.000.000) 2021-07-01 15:35:27 Image size of job updated: 1801716
	1049  -  MemoryUsage of job (MB)
	1073712  -  ResidentSetSize of job (KB)
...
006 (31537.000.000) 2021-07-01 15:40:27 Image size of job updated: 1809560
	1049  -  MemoryUsage of job (MB)
	1073712  -  ResidentSetSize of job (KB)
...
006 (31537.000.000) 2021-07-01 16:50:34 Image size of job updated: 1809828
	1049  -  MemoryUsage of job (MB)
	1073712  -  ResidentSetSize of job (KB)
...
006 (31537.000.000) 2021-07-01 17:00:34 Image size of job updated: 1828912
	1049  -  MemoryUsage of job (MB)
	1073712  -  ResidentSetSize of job (KB)
...
006 (31537.000.000) 2021-07-01 17:25:38 Image size of job updated: 1838884
	1049  -  MemoryUsage of job (MB)
	1073712  -  ResidentSetSize of job (KB)
...
006 (31537.000.000) 2021-07-01 17:30:38 Image size of job updated: 1857384
	1049  -  MemoryUsage of job (MB)
	1073712  -  ResidentSetSize of job (KB)
...
006 (31537.000.000) 2021-07-01 17:40:39 Image size of job updated: 1865188
	1049  -  MemoryUsage of job (MB)
	1073712  -  ResidentSetSize of job (KB)
...
006 (31537.000.000) 2021-07-01 17:50:39 Image size of job updated: 1865620
	1049  -  MemoryUsage of job (MB)
	1073712  -  ResidentSetSize of job (KB)
...
006 (31537.000.000) 2021-07-01 18:05:40 Image size of job updated: 1880436
	1049  -  MemoryUsage of job (MB)
	1073712  -  ResidentSetSize of job (KB)
...
006 (31537.000.000) 2021-07-01 20:05:53 Image size of job updated: 1901768
	1049  -  MemoryUsage of job (MB)
	1073712  -  ResidentSetSize of job (KB)
...
040 (31537.000.000) 2021-07-02 03:23:01 Started transferring output files
...
040 (31537.000.000) 2021-07-02 03:23:01 Finished transferring output files
...
005 (31537.000.000) 2021-07-02 03:23:01 Job terminated.
	(1) Normal termination (return value 0)
		Usr 0 10:34:24, Sys 0 01:29:07  -  Run Remote Usage
		Usr 0 00:00:00, Sys 0 00:00:00  -  Run Local Usage
		Usr 0 10:34:24, Sys 0 01:29:07  -  Total Remote Usage
		Usr 0 00:00:00, Sys 0 00:00:00  -  Total Local Usage
	1233869  -  Run Bytes Sent By Job
	314  -  Run Bytes Received By Job
	1233869  -  Total Bytes Sent By Job
	314  -  Total Bytes Received By Job
	Partitionable Resources :    Usage  Request Allocated 
	   Cpus                 :     1.00        1         1 
	   Disk (KB)            :  1220           1    825748 
	   Memory (MB)          :  1049        1024      1024 

	Job terminated of its own accord at 2021-07-02T02:23:01Z.
...
