000 (31704.000.000) 2021-07-01 15:13:59 Job submitted from host: <194.36.1.200:9618?addrs=194.36.1.200-9618&alias=hex.ppe.gla.ac.uk&noUDP&sock=schedd_1401_8c46>
...
040 (31704.000.000) 2021-07-01 15:15:17 Started transferring input files
	Transferring to host: <192.168.16.112:9618?addrs=192.168.16.112-9618&alias=condor-d19-02.ppe.cluster&noUDP&sock=slot1_25_83748_cac7_5473>
...
040 (31704.000.000) 2021-07-01 15:15:17 Finished transferring input files
...
001 (31704.000.000) 2021-07-01 15:15:18 Job executing on host: <192.168.16.112:9618?addrs=192.168.16.112-9618&alias=condor-d19-02.ppe.cluster&noUDP&sock=startd_2914_5710>
...
006 (31704.000.000) 2021-07-01 15:15:26 Image size of job updated: 85380
	2  -  MemoryUsage of job (MB)
	1092  -  ResidentSetSize of job (KB)
...
006 (31704.000.000) 2021-07-01 15:20:26 Image size of job updated: 1778428
	636  -  MemoryUsage of job (MB)
	651256  -  ResidentSetSize of job (KB)
...
006 (31704.000.000) 2021-07-01 15:25:26 Image size of job updated: 1778428
	1030  -  MemoryUsage of job (MB)
	1053904  -  ResidentSetSize of job (KB)
...
006 (31704.000.000) 2021-07-01 15:30:27 Image size of job updated: 1825684
	1030  -  MemoryUsage of job (MB)
	1053904  -  ResidentSetSize of job (KB)
...
006 (31704.000.000) 2021-07-01 15:35:27 Image size of job updated: 1825684
	1040  -  MemoryUsage of job (MB)
	1064544  -  ResidentSetSize of job (KB)
...
006 (31704.000.000) 2021-07-01 15:55:29 Image size of job updated: 1826928
	1040  -  MemoryUsage of job (MB)
	1064544  -  ResidentSetSize of job (KB)
...
006 (31704.000.000) 2021-07-01 16:30:33 Image size of job updated: 1836000
	1040  -  MemoryUsage of job (MB)
	1064544  -  ResidentSetSize of job (KB)
...
006 (31704.000.000) 2021-07-01 16:45:34 Image size of job updated: 1856840
	1040  -  MemoryUsage of job (MB)
	1064544  -  ResidentSetSize of job (KB)
...
006 (31704.000.000) 2021-07-01 17:50:40 Image size of job updated: 1864712
	1040  -  MemoryUsage of job (MB)
	1064544  -  ResidentSetSize of job (KB)
...
006 (31704.000.000) 2021-07-01 17:55:41 Image size of job updated: 1871476
	1040  -  MemoryUsage of job (MB)
	1064544  -  ResidentSetSize of job (KB)
...
006 (31704.000.000) 2021-07-01 18:30:45 Image size of job updated: 1895544
	1040  -  MemoryUsage of job (MB)
	1064544  -  ResidentSetSize of job (KB)
...
040 (31704.000.000) 2021-07-02 03:18:41 Started transferring output files
...
040 (31704.000.000) 2021-07-02 03:18:41 Finished transferring output files
...
005 (31704.000.000) 2021-07-02 03:18:41 Job terminated.
	(1) Normal termination (return value 0)
		Usr 0 10:29:42, Sys 0 01:24:51  -  Run Remote Usage
		Usr 0 00:00:00, Sys 0 00:00:00  -  Run Local Usage
		Usr 0 10:29:42, Sys 0 01:24:51  -  Total Remote Usage
		Usr 0 00:00:00, Sys 0 00:00:00  -  Total Local Usage
	1070743  -  Run Bytes Sent By Job
	314  -  Run Bytes Received By Job
	1070743  -  Total Bytes Sent By Job
	314  -  Total Bytes Received By Job
	Partitionable Resources :    Usage  Request Allocated 
	   Cpus                 :     1.00        1         1 
	   Disk (KB)            :  1061           1    825748 
	   Memory (MB)          :  1040        1024      1024 

	Job terminated of its own accord at 2021-07-02T02:18:41Z.
...
