000 (32370.000.000) 2021-07-01 15:16:01 Job submitted from host: <194.36.1.200:9618?addrs=194.36.1.200-9618&alias=hex.ppe.gla.ac.uk&noUDP&sock=schedd_1401_8c46>
...
040 (32370.000.000) 2021-07-02 06:28:49 Started transferring input files
	Transferring to host: <192.168.16.104:9618?addrs=192.168.16.104-9618&alias=condor-h16-04.ppe.cluster&noUDP&sock=slot1_31_20677_9122_4302>
...
040 (32370.000.000) 2021-07-02 06:28:49 Finished transferring input files
...
001 (32370.000.000) 2021-07-02 06:28:50 Job executing on host: <192.168.16.104:9618?addrs=192.168.16.104-9618&alias=condor-h16-04.ppe.cluster&noUDP&sock=startd_20625_9ceb>
...
006 (32370.000.000) 2021-07-02 06:28:58 Image size of job updated: 23172
	2  -  MemoryUsage of job (MB)
	1144  -  ResidentSetSize of job (KB)
...
006 (32370.000.000) 2021-07-02 06:33:58 Image size of job updated: 1811080
	649  -  MemoryUsage of job (MB)
	663804  -  ResidentSetSize of job (KB)
...
006 (32370.000.000) 2021-07-02 06:54:00 Image size of job updated: 1811080
	695  -  MemoryUsage of job (MB)
	710864  -  ResidentSetSize of job (KB)
...
006 (32370.000.000) 2021-07-02 07:04:01 Image size of job updated: 1811080
	838  -  MemoryUsage of job (MB)
	857188  -  ResidentSetSize of job (KB)
...
006 (32370.000.000) 2021-07-02 07:19:03 Image size of job updated: 1842532
	975  -  MemoryUsage of job (MB)
	997696  -  ResidentSetSize of job (KB)
...
006 (32370.000.000) 2021-07-02 09:04:13 Image size of job updated: 1843436
	975  -  MemoryUsage of job (MB)
	997696  -  ResidentSetSize of job (KB)
...
006 (32370.000.000) 2021-07-02 09:19:14 Image size of job updated: 1886936
	975  -  MemoryUsage of job (MB)
	997696  -  ResidentSetSize of job (KB)
...
006 (32370.000.000) 2021-07-02 14:14:44 Image size of job updated: 1903996
	975  -  MemoryUsage of job (MB)
	997696  -  ResidentSetSize of job (KB)
...
040 (32370.000.000) 2021-07-02 22:59:53 Started transferring output files
...
040 (32370.000.000) 2021-07-02 22:59:53 Finished transferring output files
...
005 (32370.000.000) 2021-07-02 22:59:53 Job terminated.
	(1) Normal termination (return value 0)
		Usr 0 10:07:06, Sys 0 01:37:19  -  Run Remote Usage
		Usr 0 00:00:00, Sys 0 00:00:00  -  Run Local Usage
		Usr 0 10:07:06, Sys 0 01:37:19  -  Total Remote Usage
		Usr 0 00:00:00, Sys 0 00:00:00  -  Total Local Usage
	1070960  -  Run Bytes Sent By Job
	314  -  Run Bytes Received By Job
	1070960  -  Total Bytes Sent By Job
	314  -  Total Bytes Received By Job
	Partitionable Resources :    Usage  Request Allocated 
	   Cpus                 :     0.99        1         1 
	   Disk (KB)            :  1061           1    914154 
	   Memory (MB)          :   975        1024      1024 

	Job terminated of its own accord at 2021-07-02T21:59:53Z.
...
