000 (31720.000.000) 2021-07-01 15:14:00 Job submitted from host: <194.36.1.200:9618?addrs=194.36.1.200-9618&alias=hex.ppe.gla.ac.uk&noUDP&sock=schedd_1401_8c46>
...
040 (31720.000.000) 2021-07-01 15:15:16 Started transferring input files
	Transferring to host: <192.168.16.113:9618?addrs=192.168.16.113-9618&alias=condor-d19-03.ppe.cluster&noUDP&sock=slot1_43_1284_71ad_5290>
...
040 (31720.000.000) 2021-07-01 15:15:16 Finished transferring input files
...
001 (31720.000.000) 2021-07-01 15:15:17 Job executing on host: <192.168.16.113:9618?addrs=192.168.16.113-9618&alias=condor-d19-03.ppe.cluster&noUDP&sock=startd_2634_488c>
...
006 (31720.000.000) 2021-07-01 15:15:25 Image size of job updated: 75608
	2  -  MemoryUsage of job (MB)
	1096  -  ResidentSetSize of job (KB)
...
006 (31720.000.000) 2021-07-01 15:20:25 Image size of job updated: 1786084
	1014  -  MemoryUsage of job (MB)
	1037356  -  ResidentSetSize of job (KB)
...
006 (31720.000.000) 2021-07-01 15:25:26 Image size of job updated: 1800692
	1061  -  MemoryUsage of job (MB)
	1085676  -  ResidentSetSize of job (KB)
...
006 (31720.000.000) 2021-07-01 15:30:26 Image size of job updated: 1809060
	1069  -  MemoryUsage of job (MB)
	1094048  -  ResidentSetSize of job (KB)
...
006 (31720.000.000) 2021-07-01 15:35:26 Image size of job updated: 1822212
	1069  -  MemoryUsage of job (MB)
	1094628  -  ResidentSetSize of job (KB)
...
006 (31720.000.000) 2021-07-01 15:45:28 Image size of job updated: 1845308
	1069  -  MemoryUsage of job (MB)
	1094628  -  ResidentSetSize of job (KB)
...
006 (31720.000.000) 2021-07-01 17:00:35 Image size of job updated: 1846104
	1073  -  MemoryUsage of job (MB)
	1098444  -  ResidentSetSize of job (KB)
...
006 (31720.000.000) 2021-07-01 17:35:39 Image size of job updated: 1874132
	1073  -  MemoryUsage of job (MB)
	1098444  -  ResidentSetSize of job (KB)
...
006 (31720.000.000) 2021-07-01 17:40:40 Image size of job updated: 1874132
	1075  -  MemoryUsage of job (MB)
	1100172  -  ResidentSetSize of job (KB)
...
006 (31720.000.000) 2021-07-01 18:20:44 Image size of job updated: 1876592
	1075  -  MemoryUsage of job (MB)
	1100172  -  ResidentSetSize of job (KB)
...
006 (31720.000.000) 2021-07-01 18:40:47 Image size of job updated: 1876592
	1076  -  MemoryUsage of job (MB)
	1100932  -  ResidentSetSize of job (KB)
...
006 (31720.000.000) 2021-07-01 19:00:49 Image size of job updated: 1876592
	1076  -  MemoryUsage of job (MB)
	1101724  -  ResidentSetSize of job (KB)
...
006 (31720.000.000) 2021-07-01 20:46:00 Image size of job updated: 1904544
	1076  -  MemoryUsage of job (MB)
	1101724  -  ResidentSetSize of job (KB)
...
006 (31720.000.000) 2021-07-01 22:01:08 Image size of job updated: 1904544
	1078  -  MemoryUsage of job (MB)
	1103860  -  ResidentSetSize of job (KB)
...
040 (31720.000.000) 2021-07-02 00:40:18 Started transferring output files
...
040 (31720.000.000) 2021-07-02 00:40:18 Finished transferring output files
...
005 (31720.000.000) 2021-07-02 00:40:18 Job terminated.
	(1) Normal termination (return value 0)
		Usr 0 08:26:49, Sys 0 00:56:26  -  Run Remote Usage
		Usr 0 00:00:00, Sys 0 00:00:00  -  Run Local Usage
		Usr 0 08:26:49, Sys 0 00:56:26  -  Total Remote Usage
		Usr 0 00:00:00, Sys 0 00:00:00  -  Total Local Usage
	1077422  -  Run Bytes Sent By Job
	318  -  Run Bytes Received By Job
	1077422  -  Total Bytes Sent By Job
	318  -  Total Bytes Received By Job
	Partitionable Resources :    Usage  Request Allocated 
	   Cpus                 :     1.00        1         1 
	   Disk (KB)            :  1068           1   3637421 
	   Memory (MB)          :  1078        1024      1024 

	Job terminated of its own accord at 2021-07-01T23:40:18Z.
...
