000 (32146.000.000) 2021-07-01 15:15:45 Job submitted from host: <194.36.1.200:9618?addrs=194.36.1.200-9618&alias=hex.ppe.gla.ac.uk&noUDP&sock=schedd_1401_8c46>
...
040 (32146.000.000) 2021-07-02 01:13:20 Started transferring input files
	Transferring to host: <192.168.16.121:9618?addrs=192.168.16.121-9618&alias=condor-d20-01.ppe.cluster&noUDP&sock=slot1_61_59603_7491_5737>
...
040 (32146.000.000) 2021-07-02 01:13:20 Finished transferring input files
...
001 (32146.000.000) 2021-07-02 01:13:21 Job executing on host: <192.168.16.121:9618?addrs=192.168.16.121-9618&alias=condor-d20-01.ppe.cluster&noUDP&sock=startd_40545_137a>
...
006 (32146.000.000) 2021-07-02 01:13:30 Image size of job updated: 17036
	17  -  MemoryUsage of job (MB)
	17036  -  ResidentSetSize of job (KB)
...
006 (32146.000.000) 2021-07-02 01:18:31 Image size of job updated: 1799884
	863  -  MemoryUsage of job (MB)
	882824  -  ResidentSetSize of job (KB)
...
006 (32146.000.000) 2021-07-02 01:28:31 Image size of job updated: 1805624
	943  -  MemoryUsage of job (MB)
	965184  -  ResidentSetSize of job (KB)
...
006 (32146.000.000) 2021-07-02 01:53:34 Image size of job updated: 1825628
	963  -  MemoryUsage of job (MB)
	986100  -  ResidentSetSize of job (KB)
...
006 (32146.000.000) 2021-07-02 02:03:35 Image size of job updated: 1825628
	969  -  MemoryUsage of job (MB)
	992200  -  ResidentSetSize of job (KB)
...
006 (32146.000.000) 2021-07-02 02:08:36 Image size of job updated: 1839116
	969  -  MemoryUsage of job (MB)
	992200  -  ResidentSetSize of job (KB)
...
006 (32146.000.000) 2021-07-02 02:53:40 Image size of job updated: 1860640
	969  -  MemoryUsage of job (MB)
	992200  -  ResidentSetSize of job (KB)
...
006 (32146.000.000) 2021-07-02 03:08:41 Image size of job updated: 1878928
	969  -  MemoryUsage of job (MB)
	992200  -  ResidentSetSize of job (KB)
...
006 (32146.000.000) 2021-07-02 06:24:00 Image size of job updated: 1910052
	969  -  MemoryUsage of job (MB)
	992200  -  ResidentSetSize of job (KB)
...
040 (32146.000.000) 2021-07-02 10:55:22 Started transferring output files
...
040 (32146.000.000) 2021-07-02 10:55:22 Finished transferring output files
...
005 (32146.000.000) 2021-07-02 10:55:22 Job terminated.
	(1) Normal termination (return value 0)
		Usr 0 08:37:35, Sys 0 00:59:45  -  Run Remote Usage
		Usr 0 00:00:00, Sys 0 00:00:00  -  Run Local Usage
		Usr 0 08:37:35, Sys 0 00:59:45  -  Total Remote Usage
		Usr 0 00:00:00, Sys 0 00:00:00  -  Total Local Usage
	1074572  -  Run Bytes Sent By Job
	314  -  Run Bytes Received By Job
	1074572  -  Total Bytes Sent By Job
	314  -  Total Bytes Received By Job
	Partitionable Resources :    Usage  Request Allocated 
	   Cpus                 :     1.00        1         1 
	   Disk (KB)            :  1065           1   3637421 
	   Memory (MB)          :   969        1024      1024 

	Job terminated of its own accord at 2021-07-02T09:55:22Z.
...
