000 (31611.000.000) 2021-07-01 15:13:55 Job submitted from host: <194.36.1.200:9618?addrs=194.36.1.200-9618&alias=hex.ppe.gla.ac.uk&noUDP&sock=schedd_1401_8c46>
...
040 (31611.000.000) 2021-07-01 15:15:16 Started transferring input files
	Transferring to host: <192.168.16.103:9618?addrs=192.168.16.103-9618&alias=condor-h16-03.ppe.cluster&noUDP&sock=slot1_25_20749_4c25_3428>
...
040 (31611.000.000) 2021-07-01 15:15:17 Finished transferring input files
...
001 (31611.000.000) 2021-07-01 15:15:17 Job executing on host: <192.168.16.103:9618?addrs=192.168.16.103-9618&alias=condor-h16-03.ppe.cluster&noUDP&sock=startd_20690_3293>
...
006 (31611.000.000) 2021-07-01 15:15:26 Image size of job updated: 85380
	2  -  MemoryUsage of job (MB)
	1088  -  ResidentSetSize of job (KB)
...
006 (31611.000.000) 2021-07-01 15:20:27 Image size of job updated: 1785352
	864  -  MemoryUsage of job (MB)
	884704  -  ResidentSetSize of job (KB)
...
006 (31611.000.000) 2021-07-01 15:25:27 Image size of job updated: 1791744
	864  -  MemoryUsage of job (MB)
	884704  -  ResidentSetSize of job (KB)
...
006 (31611.000.000) 2021-07-01 15:30:28 Image size of job updated: 1791744
	1028  -  MemoryUsage of job (MB)
	1052412  -  ResidentSetSize of job (KB)
...
006 (31611.000.000) 2021-07-01 15:35:29 Image size of job updated: 1791744
	1045  -  MemoryUsage of job (MB)
	1069608  -  ResidentSetSize of job (KB)
...
006 (31611.000.000) 2021-07-01 15:45:29 Image size of job updated: 1791944
	1045  -  MemoryUsage of job (MB)
	1069608  -  ResidentSetSize of job (KB)
...
006 (31611.000.000) 2021-07-01 15:55:30 Image size of job updated: 1797016
	1046  -  MemoryUsage of job (MB)
	1070372  -  ResidentSetSize of job (KB)
...
006 (31611.000.000) 2021-07-01 16:05:31 Image size of job updated: 1850340
	1088  -  MemoryUsage of job (MB)
	1113128  -  ResidentSetSize of job (KB)
...
006 (31611.000.000) 2021-07-01 16:35:34 Image size of job updated: 1852176
	1088  -  MemoryUsage of job (MB)
	1113128  -  ResidentSetSize of job (KB)
...
006 (31611.000.000) 2021-07-01 17:55:42 Image size of job updated: 1864528
	1088  -  MemoryUsage of job (MB)
	1113128  -  ResidentSetSize of job (KB)
...
006 (31611.000.000) 2021-07-01 18:55:49 Image size of job updated: 1870164
	1088  -  MemoryUsage of job (MB)
	1113128  -  ResidentSetSize of job (KB)
...
006 (31611.000.000) 2021-07-01 20:40:58 Image size of job updated: 1876644
	1088  -  MemoryUsage of job (MB)
	1113128  -  ResidentSetSize of job (KB)
...
006 (31611.000.000) 2021-07-01 21:51:06 Image size of job updated: 1880652
	1088  -  MemoryUsage of job (MB)
	1113128  -  ResidentSetSize of job (KB)
...
006 (31611.000.000) 2021-07-02 00:01:19 Image size of job updated: 1913384
	1088  -  MemoryUsage of job (MB)
	1113128  -  ResidentSetSize of job (KB)
...
040 (31611.000.000) 2021-07-02 06:50:42 Started transferring output files
...
040 (31611.000.000) 2021-07-02 06:50:42 Finished transferring output files
...
005 (31611.000.000) 2021-07-02 06:50:42 Job terminated.
	(1) Normal termination (return value 0)
		Usr 0 13:24:09, Sys 0 01:55:51  -  Run Remote Usage
		Usr 0 00:00:00, Sys 0 00:00:00  -  Run Local Usage
		Usr 0 13:24:09, Sys 0 01:55:51  -  Total Remote Usage
		Usr 0 00:00:00, Sys 0 00:00:00  -  Total Local Usage
	1078672  -  Run Bytes Sent By Job
	318  -  Run Bytes Received By Job
	1078672  -  Total Bytes Sent By Job
	318  -  Total Bytes Received By Job
	Partitionable Resources :    Usage  Request Allocated 
	   Cpus                 :     0.10        1         1 
	   Disk (KB)            :  1069           1    914158 
	   Memory (MB)          :  1088        1024      1024 

	Job terminated of its own accord at 2021-07-02T05:50:42Z.
...
