000 (31487.000.000) 2021-07-01 15:13:49 Job submitted from host: <194.36.1.200:9618?addrs=194.36.1.200-9618&alias=hex.ppe.gla.ac.uk&noUDP&sock=schedd_1401_8c46>
...
040 (31487.000.000) 2021-07-01 15:15:15 Started transferring input files
	Transferring to host: <192.168.16.114:9618?addrs=192.168.16.114-9618&alias=condor-d19-04.ppe.cluster&noUDP&sock=slot1_9_19959_abc5_5922>
...
040 (31487.000.000) 2021-07-01 15:15:15 Finished transferring input files
...
001 (31487.000.000) 2021-07-01 15:15:16 Job executing on host: <192.168.16.114:9618?addrs=192.168.16.114-9618&alias=condor-d19-04.ppe.cluster&noUDP&sock=startd_2633_98f3>
...
006 (31487.000.000) 2021-07-01 15:15:25 Image size of job updated: 75608
	2  -  MemoryUsage of job (MB)
	1096  -  ResidentSetSize of job (KB)
...
006 (31487.000.000) 2021-07-01 15:20:26 Image size of job updated: 1808800
	1055  -  MemoryUsage of job (MB)
	1079932  -  ResidentSetSize of job (KB)
...
006 (31487.000.000) 2021-07-01 15:35:27 Image size of job updated: 1841536
	1055  -  MemoryUsage of job (MB)
	1079932  -  ResidentSetSize of job (KB)
...
006 (31487.000.000) 2021-07-01 16:55:35 Image size of job updated: 1847792
	1055  -  MemoryUsage of job (MB)
	1079932  -  ResidentSetSize of job (KB)
...
006 (31487.000.000) 2021-07-01 17:10:37 Image size of job updated: 1850896
	1055  -  MemoryUsage of job (MB)
	1079932  -  ResidentSetSize of job (KB)
...
006 (31487.000.000) 2021-07-01 17:30:39 Image size of job updated: 1861920
	1061  -  MemoryUsage of job (MB)
	1085480  -  ResidentSetSize of job (KB)
...
006 (31487.000.000) 2021-07-01 18:15:44 Image size of job updated: 1870768
	1061  -  MemoryUsage of job (MB)
	1085480  -  ResidentSetSize of job (KB)
...
006 (31487.000.000) 2021-07-01 19:50:54 Image size of job updated: 1872824
	1061  -  MemoryUsage of job (MB)
	1085480  -  ResidentSetSize of job (KB)
...
040 (31487.000.000) 2021-07-02 00:35:12 Started transferring output files
...
040 (31487.000.000) 2021-07-02 00:35:12 Finished transferring output files
...
005 (31487.000.000) 2021-07-02 00:35:12 Job terminated.
	(1) Normal termination (return value 0)
		Usr 0 08:17:21, Sys 0 01:00:05  -  Run Remote Usage
		Usr 0 00:00:00, Sys 0 00:00:00  -  Run Local Usage
		Usr 0 08:17:21, Sys 0 01:00:05  -  Total Remote Usage
		Usr 0 00:00:00, Sys 0 00:00:00  -  Total Local Usage
	1229393  -  Run Bytes Sent By Job
	314  -  Run Bytes Received By Job
	1229393  -  Total Bytes Sent By Job
	314  -  Total Bytes Received By Job
	Partitionable Resources :    Usage  Request Allocated 
	   Cpus                 :     1.00        1         1 
	   Disk (KB)            :  1216           1   3637421 
	   Memory (MB)          :  1061        1024      1024 

	Job terminated of its own accord at 2021-07-01T23:35:12Z.
...
