000 (31868.000.000) 2021-07-01 15:15:24 Job submitted from host: <194.36.1.200:9618?addrs=194.36.1.200-9618&alias=hex.ppe.gla.ac.uk&noUDP&sock=schedd_1401_8c46>
...
040 (31868.000.000) 2021-07-01 15:16:24 Started transferring input files
	Transferring to host: <192.168.16.113:9618?addrs=192.168.16.113-9618&alias=condor-d19-03.ppe.cluster&noUDP&sock=slot1_5_1284_71ad_5309>
...
040 (31868.000.000) 2021-07-01 15:16:24 Finished transferring input files
...
001 (31868.000.000) 2021-07-01 15:16:25 Job executing on host: <192.168.16.113:9618?addrs=192.168.16.113-9618&alias=condor-d19-03.ppe.cluster&noUDP&sock=startd_2634_488c>
...
006 (31868.000.000) 2021-07-01 15:16:34 Image size of job updated: 68216
	67  -  MemoryUsage of job (MB)
	68212  -  ResidentSetSize of job (KB)
...
006 (31868.000.000) 2021-07-01 15:21:34 Image size of job updated: 1807628
	884  -  MemoryUsage of job (MB)
	904720  -  ResidentSetSize of job (KB)
...
006 (31868.000.000) 2021-07-01 15:31:35 Image size of job updated: 1807628
	1017  -  MemoryUsage of job (MB)
	1040404  -  ResidentSetSize of job (KB)
...
006 (31868.000.000) 2021-07-01 15:36:36 Image size of job updated: 1814932
	1075  -  MemoryUsage of job (MB)
	1099996  -  ResidentSetSize of job (KB)
...
006 (31868.000.000) 2021-07-01 15:41:36 Image size of job updated: 1825440
	1085  -  MemoryUsage of job (MB)
	1110616  -  ResidentSetSize of job (KB)
...
006 (31868.000.000) 2021-07-01 16:01:38 Image size of job updated: 1848468
	1085  -  MemoryUsage of job (MB)
	1110616  -  ResidentSetSize of job (KB)
...
006 (31868.000.000) 2021-07-01 16:51:44 Image size of job updated: 1857096
	1085  -  MemoryUsage of job (MB)
	1110616  -  ResidentSetSize of job (KB)
...
006 (31868.000.000) 2021-07-01 17:11:46 Image size of job updated: 1883072
	1085  -  MemoryUsage of job (MB)
	1110616  -  ResidentSetSize of job (KB)
...
006 (31868.000.000) 2021-07-01 17:41:49 Image size of job updated: 1883072
	1087  -  MemoryUsage of job (MB)
	1112068  -  ResidentSetSize of job (KB)
...
006 (31868.000.000) 2021-07-01 20:27:04 Image size of job updated: 1883072
	1096  -  MemoryUsage of job (MB)
	1121660  -  ResidentSetSize of job (KB)
...
006 (31868.000.000) 2021-07-01 21:42:12 Image size of job updated: 1883072
	1117  -  MemoryUsage of job (MB)
	1143164  -  ResidentSetSize of job (KB)
...
006 (31868.000.000) 2021-07-01 21:47:13 Image size of job updated: 1891744
	1117  -  MemoryUsage of job (MB)
	1143164  -  ResidentSetSize of job (KB)
...
040 (31868.000.000) 2021-07-02 00:47:35 Started transferring output files
...
040 (31868.000.000) 2021-07-02 00:47:35 Finished transferring output files
...
005 (31868.000.000) 2021-07-02 00:47:35 Job terminated.
	(1) Normal termination (return value 0)
		Usr 0 08:33:33, Sys 0 00:56:50  -  Run Remote Usage
		Usr 0 00:00:00, Sys 0 00:00:00  -  Run Local Usage
		Usr 0 08:33:33, Sys 0 00:56:50  -  Total Remote Usage
		Usr 0 00:00:00, Sys 0 00:00:00  -  Total Local Usage
	1076050  -  Run Bytes Sent By Job
	314  -  Run Bytes Received By Job
	1076050  -  Total Bytes Sent By Job
	314  -  Total Bytes Received By Job
	Partitionable Resources :    Usage  Request Allocated 
	   Cpus                 :     1.00        1         1 
	   Disk (KB)            :  1067           1   3637421 
	   Memory (MB)          :  1117        1024      1024 

	Job terminated of its own accord at 2021-07-01T23:47:35Z.
...
