000 (31696.000.000) 2021-07-01 15:13:59 Job submitted from host: <194.36.1.200:9618?addrs=194.36.1.200-9618&alias=hex.ppe.gla.ac.uk&noUDP&sock=schedd_1401_8c46>
...
040 (31696.000.000) 2021-07-01 15:15:15 Started transferring input files
	Transferring to host: <192.168.16.113:9618?addrs=192.168.16.113-9618&alias=condor-d19-03.ppe.cluster&noUDP&sock=slot1_37_1284_71ad_5272>
...
040 (31696.000.000) 2021-07-01 15:15:16 Finished transferring input files
...
001 (31696.000.000) 2021-07-01 15:15:16 Job executing on host: <192.168.16.113:9618?addrs=192.168.16.113-9618&alias=condor-d19-03.ppe.cluster&noUDP&sock=startd_2634_488c>
...
006 (31696.000.000) 2021-07-01 15:15:25 Image size of job updated: 23172
	2  -  MemoryUsage of job (MB)
	1096  -  ResidentSetSize of job (KB)
...
006 (31696.000.000) 2021-07-01 15:20:26 Image size of job updated: 1794228
	1034  -  MemoryUsage of job (MB)
	1058556  -  ResidentSetSize of job (KB)
...
006 (31696.000.000) 2021-07-01 15:25:26 Image size of job updated: 1798484
	1059  -  MemoryUsage of job (MB)
	1083444  -  ResidentSetSize of job (KB)
...
006 (31696.000.000) 2021-07-01 15:30:27 Image size of job updated: 1798972
	1059  -  MemoryUsage of job (MB)
	1083756  -  ResidentSetSize of job (KB)
...
006 (31696.000.000) 2021-07-01 15:35:28 Image size of job updated: 1811908
	1072  -  MemoryUsage of job (MB)
	1096936  -  ResidentSetSize of job (KB)
...
006 (31696.000.000) 2021-07-01 15:45:28 Image size of job updated: 1812772
	1073  -  MemoryUsage of job (MB)
	1097800  -  ResidentSetSize of job (KB)
...
006 (31696.000.000) 2021-07-01 16:05:30 Image size of job updated: 1816120
	1073  -  MemoryUsage of job (MB)
	1097800  -  ResidentSetSize of job (KB)
...
006 (31696.000.000) 2021-07-01 16:30:33 Image size of job updated: 1816304
	1073  -  MemoryUsage of job (MB)
	1097800  -  ResidentSetSize of job (KB)
...
006 (31696.000.000) 2021-07-01 16:55:36 Image size of job updated: 1838784
	1073  -  MemoryUsage of job (MB)
	1097800  -  ResidentSetSize of job (KB)
...
006 (31696.000.000) 2021-07-01 17:00:36 Image size of job updated: 1855356
	1073  -  MemoryUsage of job (MB)
	1097800  -  ResidentSetSize of job (KB)
...
006 (31696.000.000) 2021-07-01 17:10:37 Image size of job updated: 1856520
	1073  -  MemoryUsage of job (MB)
	1097800  -  ResidentSetSize of job (KB)
...
006 (31696.000.000) 2021-07-01 17:20:38 Image size of job updated: 1875144
	1073  -  MemoryUsage of job (MB)
	1097800  -  ResidentSetSize of job (KB)
...
006 (31696.000.000) 2021-07-01 17:25:39 Image size of job updated: 1903424
	1129  -  MemoryUsage of job (MB)
	1155624  -  ResidentSetSize of job (KB)
...
040 (31696.000.000) 2021-07-02 00:28:22 Started transferring output files
...
040 (31696.000.000) 2021-07-02 00:28:22 Finished transferring output files
...
005 (31696.000.000) 2021-07-02 00:28:22 Job terminated.
	(1) Normal termination (return value 0)
		Usr 0 08:14:13, Sys 0 00:57:26  -  Run Remote Usage
		Usr 0 00:00:00, Sys 0 00:00:00  -  Run Local Usage
		Usr 0 08:14:13, Sys 0 00:57:26  -  Total Remote Usage
		Usr 0 00:00:00, Sys 0 00:00:00  -  Total Local Usage
	1076889  -  Run Bytes Sent By Job
	314  -  Run Bytes Received By Job
	1076889  -  Total Bytes Sent By Job
	314  -  Total Bytes Received By Job
	Partitionable Resources :    Usage  Request Allocated 
	   Cpus                 :     0.99        1         1 
	   Disk (KB)            :  1067           1   3637421 
	   Memory (MB)          :  1129        1024      1024 

	Job terminated of its own accord at 2021-07-01T23:28:22Z.
...
