000 (31907.000.000) 2021-07-01 15:15:27 Job submitted from host: <194.36.1.200:9618?addrs=194.36.1.200-9618&alias=hex.ppe.gla.ac.uk&noUDP&sock=schedd_1401_8c46>
...
040 (31907.000.000) 2021-07-01 15:16:45 Started transferring input files
	Transferring to host: <192.168.16.112:9618?addrs=192.168.16.112-9618&alias=condor-d19-02.ppe.cluster&noUDP&sock=slot1_12_83748_cac7_5522>
...
040 (31907.000.000) 2021-07-01 15:16:45 Finished transferring input files
...
001 (31907.000.000) 2021-07-01 15:16:46 Job executing on host: <192.168.16.112:9618?addrs=192.168.16.112-9618&alias=condor-d19-02.ppe.cluster&noUDP&sock=startd_2914_5710>
...
006 (31907.000.000) 2021-07-01 15:16:55 Image size of job updated: 23108
	2  -  MemoryUsage of job (MB)
	1088  -  ResidentSetSize of job (KB)
...
006 (31907.000.000) 2021-07-01 15:17:20 Image size of job updated: 907932
	2  -  MemoryUsage of job (MB)
	1088  -  ResidentSetSize of job (KB)
...
040 (31907.000.000) 2021-07-01 15:17:20 Started transferring output files
...
040 (31907.000.000) 2021-07-01 15:17:21 Finished transferring output files
...
005 (31907.000.000) 2021-07-01 15:17:21 Job terminated.
	(1) Normal termination (return value 0)
		Usr 0 00:00:19, Sys 0 00:00:09  -  Run Remote Usage
		Usr 0 00:00:00, Sys 0 00:00:00  -  Run Local Usage
		Usr 0 00:00:19, Sys 0 00:00:09  -  Total Remote Usage
		Usr 0 00:00:00, Sys 0 00:00:00  -  Total Local Usage
	712833  -  Run Bytes Sent By Job
	318  -  Run Bytes Received By Job
	712833  -  Total Bytes Sent By Job
	318  -  Total Bytes Received By Job
	Partitionable Resources :    Usage  Request Allocated 
	   Cpus                 :     0.90        1         1 
	   Disk (KB)            :   712           1    825748 
	   Memory (MB)          :     2        1024      1024 

	Job terminated of its own accord at 2021-07-01T14:17:20Z.
...
