000 (31586.000.000) 2021-07-01 15:13:54 Job submitted from host: <194.36.1.200:9618?addrs=194.36.1.200-9618&alias=hex.ppe.gla.ac.uk&noUDP&sock=schedd_1401_8c46>
...
040 (31586.000.000) 2021-07-01 15:15:16 Started transferring input files
	Transferring to host: <192.168.16.112:9618?addrs=192.168.16.112-9618&alias=condor-d19-02.ppe.cluster&noUDP&sock=slot1_13_83748_cac7_5467>
...
040 (31586.000.000) 2021-07-01 15:15:16 Finished transferring input files
...
001 (31586.000.000) 2021-07-01 15:15:17 Job executing on host: <192.168.16.112:9618?addrs=192.168.16.112-9618&alias=condor-d19-02.ppe.cluster&noUDP&sock=startd_2914_5710>
...
006 (31586.000.000) 2021-07-01 15:15:26 Image size of job updated: 75608
	2  -  MemoryUsage of job (MB)
	1092  -  ResidentSetSize of job (KB)
...
006 (31586.000.000) 2021-07-01 15:20:27 Image size of job updated: 1794224
	630  -  MemoryUsage of job (MB)
	644176  -  ResidentSetSize of job (KB)
...
006 (31586.000.000) 2021-07-01 15:25:28 Image size of job updated: 1794224
	993  -  MemoryUsage of job (MB)
	1016172  -  ResidentSetSize of job (KB)
...
006 (31586.000.000) 2021-07-01 15:30:28 Image size of job updated: 1798472
	993  -  MemoryUsage of job (MB)
	1016172  -  ResidentSetSize of job (KB)
...
006 (31586.000.000) 2021-07-01 15:35:29 Image size of job updated: 1798964
	1059  -  MemoryUsage of job (MB)
	1083796  -  ResidentSetSize of job (KB)
...
006 (31586.000.000) 2021-07-01 15:40:30 Image size of job updated: 1800508
	1059  -  MemoryUsage of job (MB)
	1083796  -  ResidentSetSize of job (KB)
...
006 (31586.000.000) 2021-07-01 15:45:30 Image size of job updated: 1811896
	1059  -  MemoryUsage of job (MB)
	1083796  -  ResidentSetSize of job (KB)
...
006 (31586.000.000) 2021-07-01 16:00:31 Image size of job updated: 1812764
	1059  -  MemoryUsage of job (MB)
	1083796  -  ResidentSetSize of job (KB)
...
006 (31586.000.000) 2021-07-01 16:20:33 Image size of job updated: 1816108
	1059  -  MemoryUsage of job (MB)
	1083796  -  ResidentSetSize of job (KB)
...
006 (31586.000.000) 2021-07-01 16:55:36 Image size of job updated: 1816296
	1059  -  MemoryUsage of job (MB)
	1083796  -  ResidentSetSize of job (KB)
...
006 (31586.000.000) 2021-07-01 17:25:40 Image size of job updated: 1838788
	1059  -  MemoryUsage of job (MB)
	1083796  -  ResidentSetSize of job (KB)
...
006 (31586.000.000) 2021-07-01 17:35:42 Image size of job updated: 1855348
	1059  -  MemoryUsage of job (MB)
	1083796  -  ResidentSetSize of job (KB)
...
006 (31586.000.000) 2021-07-01 17:50:43 Image size of job updated: 1856512
	1059  -  MemoryUsage of job (MB)
	1083796  -  ResidentSetSize of job (KB)
...
006 (31586.000.000) 2021-07-01 18:00:43 Image size of job updated: 1875140
	1059  -  MemoryUsage of job (MB)
	1083796  -  ResidentSetSize of job (KB)
...
006 (31586.000.000) 2021-07-01 18:15:45 Image size of job updated: 1903420
	1059  -  MemoryUsage of job (MB)
	1083796  -  ResidentSetSize of job (KB)
...
040 (31586.000.000) 2021-07-02 03:32:37 Started transferring output files
...
040 (31586.000.000) 2021-07-02 03:32:37 Finished transferring output files
...
005 (31586.000.000) 2021-07-02 03:32:37 Job terminated.
	(1) Normal termination (return value 0)
		Usr 0 10:41:09, Sys 0 01:30:47  -  Run Remote Usage
		Usr 0 00:00:00, Sys 0 00:00:00  -  Run Local Usage
		Usr 0 10:41:09, Sys 0 01:30:47  -  Total Remote Usage
		Usr 0 00:00:00, Sys 0 00:00:00  -  Total Local Usage
	1076889  -  Run Bytes Sent By Job
	314  -  Run Bytes Received By Job
	1076889  -  Total Bytes Sent By Job
	314  -  Total Bytes Received By Job
	Partitionable Resources :    Usage  Request Allocated 
	   Cpus                 :     1.00        1         1 
	   Disk (KB)            :  1067           1    825748 
	   Memory (MB)          :  1059        1024      1024 

	Job terminated of its own accord at 2021-07-02T02:32:37Z.
...
