000 (31828.000.000) 2021-07-01 15:15:21 Job submitted from host: <194.36.1.200:9618?addrs=194.36.1.200-9618&alias=hex.ppe.gla.ac.uk&noUDP&sock=schedd_1401_8c46>
...
040 (31828.000.000) 2021-07-01 15:15:27 Started transferring input files
	Transferring to host: <192.168.16.111:9618?addrs=192.168.16.111-9618&alias=condor-d19-01.ppe.cluster&noUDP&sock=slot1_50_88351_05a2_5144>
...
040 (31828.000.000) 2021-07-01 15:15:27 Finished transferring input files
...
001 (31828.000.000) 2021-07-01 15:15:28 Job executing on host: <192.168.16.111:9618?addrs=192.168.16.111-9618&alias=condor-d19-01.ppe.cluster&noUDP&sock=startd_2932_afc5>
...
006 (31828.000.000) 2021-07-01 15:15:37 Image size of job updated: 75608
	2  -  MemoryUsage of job (MB)
	1100  -  ResidentSetSize of job (KB)
...
006 (31828.000.000) 2021-07-01 15:20:38 Image size of job updated: 1808048
	637  -  MemoryUsage of job (MB)
	652144  -  ResidentSetSize of job (KB)
...
006 (31828.000.000) 2021-07-01 15:25:39 Image size of job updated: 1808048
	881  -  MemoryUsage of job (MB)
	901128  -  ResidentSetSize of job (KB)
...
006 (31828.000.000) 2021-07-01 15:45:41 Image size of job updated: 1808048
	1009  -  MemoryUsage of job (MB)
	1032632  -  ResidentSetSize of job (KB)
...
006 (31828.000.000) 2021-07-01 15:55:42 Image size of job updated: 1830000
	1009  -  MemoryUsage of job (MB)
	1032632  -  ResidentSetSize of job (KB)
...
006 (31828.000.000) 2021-07-01 16:30:46 Image size of job updated: 1837376
	1009  -  MemoryUsage of job (MB)
	1032632  -  ResidentSetSize of job (KB)
...
006 (31828.000.000) 2021-07-01 17:05:49 Image size of job updated: 1844196
	1009  -  MemoryUsage of job (MB)
	1032632  -  ResidentSetSize of job (KB)
...
006 (31828.000.000) 2021-07-01 17:35:52 Image size of job updated: 1846640
	1009  -  MemoryUsage of job (MB)
	1032632  -  ResidentSetSize of job (KB)
...
006 (31828.000.000) 2021-07-01 17:40:52 Image size of job updated: 1877804
	1009  -  MemoryUsage of job (MB)
	1032632  -  ResidentSetSize of job (KB)
...
006 (31828.000.000) 2021-07-01 19:16:03 Image size of job updated: 1890364
	1009  -  MemoryUsage of job (MB)
	1032632  -  ResidentSetSize of job (KB)
...
040 (31828.000.000) 2021-07-02 02:33:53 Started transferring output files
...
040 (31828.000.000) 2021-07-02 02:33:53 Finished transferring output files
...
005 (31828.000.000) 2021-07-02 02:33:53 Job terminated.
	(1) Normal termination (return value 0)
		Usr 0 09:49:27, Sys 0 01:23:57  -  Run Remote Usage
		Usr 0 00:00:00, Sys 0 00:00:00  -  Run Local Usage
		Usr 0 09:49:27, Sys 0 01:23:57  -  Total Remote Usage
		Usr 0 00:00:00, Sys 0 00:00:00  -  Total Local Usage
	1220063  -  Run Bytes Sent By Job
	318  -  Run Bytes Received By Job
	1220063  -  Total Bytes Sent By Job
	318  -  Total Bytes Received By Job
	Partitionable Resources :    Usage  Request Allocated 
	   Cpus                 :     0.96        1         1 
	   Disk (KB)            :  1207           1    825748 
	   Memory (MB)          :  1009        1024      1024 

	Job terminated of its own accord at 2021-07-02T01:33:53Z.
...
