000 (31924.000.000) 2021-07-01 15:15:29 Job submitted from host: <194.36.1.200:9618?addrs=194.36.1.200-9618&alias=hex.ppe.gla.ac.uk&noUDP&sock=schedd_1401_8c46>
...
040 (31924.000.000) 2021-07-01 15:17:22 Started transferring input files
	Transferring to host: <192.168.16.112:9618?addrs=192.168.16.112-9618&alias=condor-d19-02.ppe.cluster&noUDP&sock=slot1_64_83748_cac7_5538>
...
040 (31924.000.000) 2021-07-01 15:17:22 Finished transferring input files
...
001 (31924.000.000) 2021-07-01 15:17:23 Job executing on host: <192.168.16.112:9618?addrs=192.168.16.112-9618&alias=condor-d19-02.ppe.cluster&noUDP&sock=startd_2914_5710>
...
006 (31924.000.000) 2021-07-01 15:17:32 Image size of job updated: 23188
	22  -  MemoryUsage of job (MB)
	21540  -  ResidentSetSize of job (KB)
...
006 (31924.000.000) 2021-07-01 15:22:34 Image size of job updated: 1807624
	1040  -  MemoryUsage of job (MB)
	1064472  -  ResidentSetSize of job (KB)
...
006 (31924.000.000) 2021-07-01 15:32:34 Image size of job updated: 1807624
	1053  -  MemoryUsage of job (MB)
	1078164  -  ResidentSetSize of job (KB)
...
006 (31924.000.000) 2021-07-01 15:47:36 Image size of job updated: 1814928
	1053  -  MemoryUsage of job (MB)
	1078164  -  ResidentSetSize of job (KB)
...
006 (31924.000.000) 2021-07-01 15:52:37 Image size of job updated: 1825436
	1053  -  MemoryUsage of job (MB)
	1078164  -  ResidentSetSize of job (KB)
...
006 (31924.000.000) 2021-07-01 16:12:40 Image size of job updated: 1848464
	1053  -  MemoryUsage of job (MB)
	1078164  -  ResidentSetSize of job (KB)
...
006 (31924.000.000) 2021-07-01 17:22:47 Image size of job updated: 1857092
	1053  -  MemoryUsage of job (MB)
	1078164  -  ResidentSetSize of job (KB)
...
006 (31924.000.000) 2021-07-01 17:47:49 Image size of job updated: 1883068
	1053  -  MemoryUsage of job (MB)
	1078164  -  ResidentSetSize of job (KB)
...
006 (31924.000.000) 2021-07-01 23:48:25 Image size of job updated: 1891740
	1053  -  MemoryUsage of job (MB)
	1078164  -  ResidentSetSize of job (KB)
...
040 (31924.000.000) 2021-07-02 03:49:34 Started transferring output files
...
040 (31924.000.000) 2021-07-02 03:49:35 Finished transferring output files
...
005 (31924.000.000) 2021-07-02 03:49:35 Job terminated.
	(1) Normal termination (return value 0)
		Usr 0 10:52:16, Sys 0 01:29:46  -  Run Remote Usage
		Usr 0 00:00:00, Sys 0 00:00:00  -  Run Local Usage
		Usr 0 10:52:16, Sys 0 01:29:46  -  Total Remote Usage
		Usr 0 00:00:00, Sys 0 00:00:00  -  Total Local Usage
	1076050  -  Run Bytes Sent By Job
	314  -  Run Bytes Received By Job
	1076050  -  Total Bytes Sent By Job
	314  -  Total Bytes Received By Job
	Partitionable Resources :    Usage  Request Allocated 
	   Cpus                 :     0.75        1         1 
	   Disk (KB)            :  1067           1    825748 
	   Memory (MB)          :  1053        1024      1024 

	Job terminated of its own accord at 2021-07-02T02:49:34Z.
...
