000 (32104.000.000) 2021-07-01 15:15:41 Job submitted from host: <194.36.1.200:9618?addrs=194.36.1.200-9618&alias=hex.ppe.gla.ac.uk&noUDP&sock=schedd_1401_8c46>
...
040 (32104.000.000) 2021-07-02 00:59:21 Started transferring input files
	Transferring to host: <192.168.16.114:9618?addrs=192.168.16.114-9618&alias=condor-d19-04.ppe.cluster&noUDP&sock=slot1_4_19959_abc5_6143>
...
040 (32104.000.000) 2021-07-02 00:59:21 Finished transferring input files
...
001 (32104.000.000) 2021-07-02 00:59:22 Job executing on host: <192.168.16.114:9618?addrs=192.168.16.114-9618&alias=condor-d19-04.ppe.cluster&noUDP&sock=startd_2633_98f3>
...
006 (32104.000.000) 2021-07-02 00:59:30 Image size of job updated: 75608
	5  -  MemoryUsage of job (MB)
	5076  -  ResidentSetSize of job (KB)
...
006 (32104.000.000) 2021-07-02 01:04:30 Image size of job updated: 1808048
	832  -  MemoryUsage of job (MB)
	851696  -  ResidentSetSize of job (KB)
...
006 (32104.000.000) 2021-07-02 01:09:31 Image size of job updated: 1808048
	835  -  MemoryUsage of job (MB)
	854028  -  ResidentSetSize of job (KB)
...
006 (32104.000.000) 2021-07-02 01:14:32 Image size of job updated: 1808048
	897  -  MemoryUsage of job (MB)
	918136  -  ResidentSetSize of job (KB)
...
006 (32104.000.000) 2021-07-02 01:19:32 Image size of job updated: 1808048
	1054  -  MemoryUsage of job (MB)
	1078804  -  ResidentSetSize of job (KB)
...
006 (32104.000.000) 2021-07-02 01:24:33 Image size of job updated: 1808048
	1062  -  MemoryUsage of job (MB)
	1086752  -  ResidentSetSize of job (KB)
...
006 (32104.000.000) 2021-07-02 01:29:34 Image size of job updated: 1829996
	1062  -  MemoryUsage of job (MB)
	1086752  -  ResidentSetSize of job (KB)
...
006 (32104.000.000) 2021-07-02 01:59:36 Image size of job updated: 1837376
	1062  -  MemoryUsage of job (MB)
	1086752  -  ResidentSetSize of job (KB)
...
006 (32104.000.000) 2021-07-02 02:19:39 Image size of job updated: 1837376
	1080  -  MemoryUsage of job (MB)
	1105284  -  ResidentSetSize of job (KB)
...
006 (32104.000.000) 2021-07-02 02:24:39 Image size of job updated: 1837376
	1100  -  MemoryUsage of job (MB)
	1126384  -  ResidentSetSize of job (KB)
...
006 (32104.000.000) 2021-07-02 02:29:39 Image size of job updated: 1844196
	1100  -  MemoryUsage of job (MB)
	1126384  -  ResidentSetSize of job (KB)
...
006 (32104.000.000) 2021-07-02 02:49:41 Image size of job updated: 1846644
	1100  -  MemoryUsage of job (MB)
	1126384  -  ResidentSetSize of job (KB)
...
006 (32104.000.000) 2021-07-02 02:54:42 Image size of job updated: 1877804
	1100  -  MemoryUsage of job (MB)
	1126384  -  ResidentSetSize of job (KB)
...
006 (32104.000.000) 2021-07-02 04:14:51 Image size of job updated: 1890360
	1100  -  MemoryUsage of job (MB)
	1126384  -  ResidentSetSize of job (KB)
...
040 (32104.000.000) 2021-07-02 10:05:40 Started transferring output files
...
040 (32104.000.000) 2021-07-02 10:05:40 Finished transferring output files
...
005 (32104.000.000) 2021-07-02 10:05:40 Job terminated.
	(1) Normal termination (return value 0)
		Usr 0 08:05:36, Sys 0 00:58:06  -  Run Remote Usage
		Usr 0 00:00:00, Sys 0 00:00:00  -  Run Local Usage
		Usr 0 08:05:36, Sys 0 00:58:06  -  Total Remote Usage
		Usr 0 00:00:00, Sys 0 00:00:00  -  Total Local Usage
	1220063  -  Run Bytes Sent By Job
	318  -  Run Bytes Received By Job
	1220063  -  Total Bytes Sent By Job
	318  -  Total Bytes Received By Job
	Partitionable Resources :    Usage  Request Allocated 
	   Cpus                 :     0.99        1         1 
	   Disk (KB)            :  1207           1   3637421 
	   Memory (MB)          :  1100        1024      1024 

	Job terminated of its own accord at 2021-07-02T09:05:40Z.
...
