000 (31534.000.000) 2021-07-01 15:13:51 Job submitted from host: <194.36.1.200:9618?addrs=194.36.1.200-9618&alias=hex.ppe.gla.ac.uk&noUDP&sock=schedd_1401_8c46>
...
040 (31534.000.000) 2021-07-01 15:15:16 Started transferring input files
	Transferring to host: <192.168.16.102:9618?addrs=192.168.16.102-9618&alias=condor-h16-02.ppe.cluster&noUDP&sock=slot1_16_15690_c637_4139>
...
040 (31534.000.000) 2021-07-01 15:15:16 Finished transferring input files
...
001 (31534.000.000) 2021-07-01 15:15:17 Job executing on host: <192.168.16.102:9618?addrs=192.168.16.102-9618&alias=condor-h16-02.ppe.cluster&noUDP&sock=startd_2155_baae>
...
006 (31534.000.000) 2021-07-01 15:15:25 Image size of job updated: 75592
	2  -  MemoryUsage of job (MB)
	1096  -  ResidentSetSize of job (KB)
...
006 (31534.000.000) 2021-07-01 15:20:25 Image size of job updated: 1818208
	922  -  MemoryUsage of job (MB)
	943820  -  ResidentSetSize of job (KB)
...
006 (31534.000.000) 2021-07-01 15:25:26 Image size of job updated: 1818208
	1033  -  MemoryUsage of job (MB)
	1056908  -  ResidentSetSize of job (KB)
...
006 (31534.000.000) 2021-07-01 16:05:30 Image size of job updated: 1818208
	1043  -  MemoryUsage of job (MB)
	1067216  -  ResidentSetSize of job (KB)
...
006 (31534.000.000) 2021-07-01 16:30:33 Image size of job updated: 1819424
	1043  -  MemoryUsage of job (MB)
	1067216  -  ResidentSetSize of job (KB)
...
006 (31534.000.000) 2021-07-01 17:00:36 Image size of job updated: 1854128
	1043  -  MemoryUsage of job (MB)
	1067216  -  ResidentSetSize of job (KB)
...
006 (31534.000.000) 2021-07-01 17:40:40 Image size of job updated: 1855804
	1043  -  MemoryUsage of job (MB)
	1067216  -  ResidentSetSize of job (KB)
...
006 (31534.000.000) 2021-07-01 17:50:41 Image size of job updated: 1876200
	1043  -  MemoryUsage of job (MB)
	1067216  -  ResidentSetSize of job (KB)
...
006 (31534.000.000) 2021-07-01 17:55:42 Image size of job updated: 1888084
	1043  -  MemoryUsage of job (MB)
	1067216  -  ResidentSetSize of job (KB)
...
040 (31534.000.000) 2021-07-02 06:04:17 Started transferring output files
...
040 (31534.000.000) 2021-07-02 06:04:17 Finished transferring output files
...
005 (31534.000.000) 2021-07-02 06:04:17 Job terminated.
	(1) Normal termination (return value 0)
		Usr 0 12:42:04, Sys 0 01:54:12  -  Run Remote Usage
		Usr 0 00:00:00, Sys 0 00:00:00  -  Run Local Usage
		Usr 0 12:42:04, Sys 0 01:54:12  -  Total Remote Usage
		Usr 0 00:00:00, Sys 0 00:00:00  -  Total Local Usage
	1218878  -  Run Bytes Sent By Job
	314  -  Run Bytes Received By Job
	1218878  -  Total Bytes Sent By Job
	314  -  Total Bytes Received By Job
	Partitionable Resources :    Usage  Request Allocated 
	   Cpus                 :     1.00        1         1 
	   Disk (KB)            :  1206           1    864796 
	   Memory (MB)          :  1043        1024      1024 

	Job terminated of its own accord at 2021-07-02T05:04:17Z.
...
