000 (31751.000.000) 2021-07-01 15:14:02 Job submitted from host: <194.36.1.200:9618?addrs=194.36.1.200-9618&alias=hex.ppe.gla.ac.uk&noUDP&sock=schedd_1401_8c46>
...
040 (31751.000.000) 2021-07-01 15:15:16 Started transferring input files
	Transferring to host: <192.168.16.121:9618?addrs=192.168.16.121-9618&alias=condor-d20-01.ppe.cluster&noUDP&sock=slot1_49_59603_7491_5598>
...
040 (31751.000.000) 2021-07-01 15:15:16 Finished transferring input files
...
001 (31751.000.000) 2021-07-01 15:15:17 Job executing on host: <192.168.16.121:9618?addrs=192.168.16.121-9618&alias=condor-d20-01.ppe.cluster&noUDP&sock=startd_40545_137a>
...
006 (31751.000.000) 2021-07-01 15:15:25 Image size of job updated: 75608
	2  -  MemoryUsage of job (MB)
	1088  -  ResidentSetSize of job (KB)
...
006 (31751.000.000) 2021-07-01 15:20:25 Image size of job updated: 1794224
	1034  -  MemoryUsage of job (MB)
	1058652  -  ResidentSetSize of job (KB)
...
006 (31751.000.000) 2021-07-01 15:25:26 Image size of job updated: 1794224
	1059  -  MemoryUsage of job (MB)
	1083540  -  ResidentSetSize of job (KB)
...
006 (31751.000.000) 2021-07-01 15:30:27 Image size of job updated: 1798964
	1059  -  MemoryUsage of job (MB)
	1083540  -  ResidentSetSize of job (KB)
...
006 (31751.000.000) 2021-07-01 15:35:27 Image size of job updated: 1800508
	1059  -  MemoryUsage of job (MB)
	1083540  -  ResidentSetSize of job (KB)
...
006 (31751.000.000) 2021-07-01 15:40:27 Image size of job updated: 1811900
	1059  -  MemoryUsage of job (MB)
	1083540  -  ResidentSetSize of job (KB)
...
006 (31751.000.000) 2021-07-01 15:50:28 Image size of job updated: 1812768
	1059  -  MemoryUsage of job (MB)
	1083540  -  ResidentSetSize of job (KB)
...
006 (31751.000.000) 2021-07-01 16:05:30 Image size of job updated: 1816116
	1070  -  MemoryUsage of job (MB)
	1095620  -  ResidentSetSize of job (KB)
...
006 (31751.000.000) 2021-07-01 16:35:33 Image size of job updated: 1816296
	1070  -  MemoryUsage of job (MB)
	1095620  -  ResidentSetSize of job (KB)
...
006 (31751.000.000) 2021-07-01 17:00:35 Image size of job updated: 1838788
	1070  -  MemoryUsage of job (MB)
	1095620  -  ResidentSetSize of job (KB)
...
006 (31751.000.000) 2021-07-01 17:05:36 Image size of job updated: 1855348
	1070  -  MemoryUsage of job (MB)
	1095620  -  ResidentSetSize of job (KB)
...
006 (31751.000.000) 2021-07-01 17:20:37 Image size of job updated: 1856512
	1070  -  MemoryUsage of job (MB)
	1095620  -  ResidentSetSize of job (KB)
...
006 (31751.000.000) 2021-07-01 17:30:38 Image size of job updated: 1875140
	1070  -  MemoryUsage of job (MB)
	1095620  -  ResidentSetSize of job (KB)
...
006 (31751.000.000) 2021-07-01 17:40:39 Image size of job updated: 1903416
	1070  -  MemoryUsage of job (MB)
	1095620  -  ResidentSetSize of job (KB)
...
040 (31751.000.000) 2021-07-02 01:11:21 Started transferring output files
...
040 (31751.000.000) 2021-07-02 01:11:21 Finished transferring output files
...
005 (31751.000.000) 2021-07-02 01:11:21 Job terminated.
	(1) Normal termination (return value 0)
		Usr 0 08:52:24, Sys 0 01:00:30  -  Run Remote Usage
		Usr 0 00:00:00, Sys 0 00:00:00  -  Run Local Usage
		Usr 0 08:52:24, Sys 0 01:00:30  -  Total Remote Usage
		Usr 0 00:00:00, Sys 0 00:00:00  -  Total Local Usage
	1076889  -  Run Bytes Sent By Job
	314  -  Run Bytes Received By Job
	1076889  -  Total Bytes Sent By Job
	314  -  Total Bytes Received By Job
	Partitionable Resources :    Usage  Request Allocated 
	   Cpus                 :     1.00        1         1 
	   Disk (KB)            :  1067           1   3637421 
	   Memory (MB)          :  1070        1024      1024 

	Job terminated of its own accord at 2021-07-02T00:11:21Z.
...
