000 (31762.000.000) 2021-07-01 15:14:03 Job submitted from host: <194.36.1.200:9618?addrs=194.36.1.200-9618&alias=hex.ppe.gla.ac.uk&noUDP&sock=schedd_1401_8c46>
...
040 (31762.000.000) 2021-07-01 15:15:17 Started transferring input files
	Transferring to host: <192.168.16.111:9618?addrs=192.168.16.111-9618&alias=condor-d19-01.ppe.cluster&noUDP&sock=slot1_37_88351_05a2_5127>
...
040 (31762.000.000) 2021-07-01 15:15:17 Finished transferring input files
...
001 (31762.000.000) 2021-07-01 15:15:18 Job executing on host: <192.168.16.111:9618?addrs=192.168.16.111-9618&alias=condor-d19-01.ppe.cluster&noUDP&sock=startd_2932_afc5>
...
006 (31762.000.000) 2021-07-01 15:15:27 Image size of job updated: 23172
	2  -  MemoryUsage of job (MB)
	1096  -  ResidentSetSize of job (KB)
...
006 (31762.000.000) 2021-07-01 15:20:28 Image size of job updated: 1808904
	1055  -  MemoryUsage of job (MB)
	1079856  -  ResidentSetSize of job (KB)
...
006 (31762.000.000) 2021-07-01 15:40:30 Image size of job updated: 1841536
	1055  -  MemoryUsage of job (MB)
	1079856  -  ResidentSetSize of job (KB)
...
006 (31762.000.000) 2021-07-01 17:15:41 Image size of job updated: 1847792
	1055  -  MemoryUsage of job (MB)
	1079856  -  ResidentSetSize of job (KB)
...
006 (31762.000.000) 2021-07-01 17:30:43 Image size of job updated: 1850896
	1055  -  MemoryUsage of job (MB)
	1079856  -  ResidentSetSize of job (KB)
...
006 (31762.000.000) 2021-07-01 18:00:45 Image size of job updated: 1861924
	1055  -  MemoryUsage of job (MB)
	1079856  -  ResidentSetSize of job (KB)
...
006 (31762.000.000) 2021-07-01 18:50:50 Image size of job updated: 1870768
	1055  -  MemoryUsage of job (MB)
	1079856  -  ResidentSetSize of job (KB)
...
006 (31762.000.000) 2021-07-01 20:41:01 Image size of job updated: 1872824
	1055  -  MemoryUsage of job (MB)
	1079856  -  ResidentSetSize of job (KB)
...
040 (31762.000.000) 2021-07-02 02:30:47 Started transferring output files
...
040 (31762.000.000) 2021-07-02 02:30:47 Finished transferring output files
...
005 (31762.000.000) 2021-07-02 02:30:47 Job terminated.
	(1) Normal termination (return value 0)
		Usr 0 09:49:34, Sys 0 01:20:44  -  Run Remote Usage
		Usr 0 00:00:00, Sys 0 00:00:00  -  Run Local Usage
		Usr 0 09:49:34, Sys 0 01:20:44  -  Total Remote Usage
		Usr 0 00:00:00, Sys 0 00:00:00  -  Total Local Usage
	1229393  -  Run Bytes Sent By Job
	314  -  Run Bytes Received By Job
	1229393  -  Total Bytes Sent By Job
	314  -  Total Bytes Received By Job
	Partitionable Resources :    Usage  Request Allocated 
	   Cpus                 :     1.00        1         1 
	   Disk (KB)            :  1216           1    825748 
	   Memory (MB)          :  1055        1024      1024 

	Job terminated of its own accord at 2021-07-02T01:30:47Z.
...
