000 (31602.000.000) 2021-07-01 15:13:54 Job submitted from host: <194.36.1.200:9618?addrs=194.36.1.200-9618&alias=hex.ppe.gla.ac.uk&noUDP&sock=schedd_1401_8c46>
...
040 (31602.000.000) 2021-07-01 15:15:17 Started transferring input files
	Transferring to host: <192.168.16.102:9618?addrs=192.168.16.102-9618&alias=condor-h16-02.ppe.cluster&noUDP&sock=slot1_25_15690_c637_4157>
...
040 (31602.000.000) 2021-07-01 15:15:17 Finished transferring input files
...
001 (31602.000.000) 2021-07-01 15:15:18 Job executing on host: <192.168.16.102:9618?addrs=192.168.16.102-9618&alias=condor-h16-02.ppe.cluster&noUDP&sock=startd_2155_baae>
...
006 (31602.000.000) 2021-07-01 15:15:26 Image size of job updated: 22548
	1  -  MemoryUsage of job (MB)
	804  -  ResidentSetSize of job (KB)
...
006 (31602.000.000) 2021-07-01 15:20:26 Image size of job updated: 1740844
	658  -  MemoryUsage of job (MB)
	673520  -  ResidentSetSize of job (KB)
...
006 (31602.000.000) 2021-07-01 15:25:27 Image size of job updated: 1836720
	1076  -  MemoryUsage of job (MB)
	1101096  -  ResidentSetSize of job (KB)
...
006 (31602.000.000) 2021-07-01 17:45:40 Image size of job updated: 1873952
	1076  -  MemoryUsage of job (MB)
	1101096  -  ResidentSetSize of job (KB)
...
006 (31602.000.000) 2021-07-02 03:11:39 Image size of job updated: 1875956
	1076  -  MemoryUsage of job (MB)
	1101096  -  ResidentSetSize of job (KB)
...
040 (31602.000.000) 2021-07-02 06:29:28 Started transferring output files
...
040 (31602.000.000) 2021-07-02 06:29:28 Finished transferring output files
...
005 (31602.000.000) 2021-07-02 06:29:28 Job terminated.
	(1) Normal termination (return value 0)
		Usr 0 13:05:35, Sys 0 01:54:42  -  Run Remote Usage
		Usr 0 00:00:00, Sys 0 00:00:00  -  Run Local Usage
		Usr 0 13:05:35, Sys 0 01:54:42  -  Total Remote Usage
		Usr 0 00:00:00, Sys 0 00:00:00  -  Total Local Usage
	1233639  -  Run Bytes Sent By Job
	314  -  Run Bytes Received By Job
	1233639  -  Total Bytes Sent By Job
	314  -  Total Bytes Received By Job
	Partitionable Resources :    Usage  Request Allocated 
	   Cpus                 :     1.00        1         1 
	   Disk (KB)            :  1220           1    864796 
	   Memory (MB)          :  1076        1024      1024 

	Job terminated of its own accord at 2021-07-02T05:29:28Z.
...
