000 (32394.000.000) 2021-07-01 15:16:04 Job submitted from host: <194.36.1.200:9618?addrs=194.36.1.200-9618&alias=hex.ppe.gla.ac.uk&noUDP&sock=schedd_1401_8c46>
...
040 (32394.000.000) 2021-07-02 06:47:48 Started transferring input files
	Transferring to host: <192.168.16.102:9618?addrs=192.168.16.102-9618&alias=condor-h16-02.ppe.cluster&noUDP&sock=slot1_8_15690_c637_4187>
...
040 (32394.000.000) 2021-07-02 06:47:48 Finished transferring input files
...
001 (32394.000.000) 2021-07-02 06:47:49 Job executing on host: <192.168.16.102:9618?addrs=192.168.16.102-9618&alias=condor-h16-02.ppe.cluster&noUDP&sock=startd_2155_baae>
...
006 (32394.000.000) 2021-07-02 06:47:58 Image size of job updated: 23172
	2  -  MemoryUsage of job (MB)
	1128  -  ResidentSetSize of job (KB)
...
006 (32394.000.000) 2021-07-02 06:53:00 Image size of job updated: 1780240
	1015  -  MemoryUsage of job (MB)
	1038988  -  ResidentSetSize of job (KB)
...
006 (32394.000.000) 2021-07-02 06:58:00 Image size of job updated: 1803240
	1015  -  MemoryUsage of job (MB)
	1038988  -  ResidentSetSize of job (KB)
...
006 (32394.000.000) 2021-07-02 07:13:01 Image size of job updated: 1823044
	1015  -  MemoryUsage of job (MB)
	1038988  -  ResidentSetSize of job (KB)
...
006 (32394.000.000) 2021-07-02 09:08:12 Image size of job updated: 1825092
	1015  -  MemoryUsage of job (MB)
	1038988  -  ResidentSetSize of job (KB)
...
006 (32394.000.000) 2021-07-02 09:18:13 Image size of job updated: 1837452
	1015  -  MemoryUsage of job (MB)
	1038988  -  ResidentSetSize of job (KB)
...
006 (32394.000.000) 2021-07-02 09:23:14 Image size of job updated: 1861524
	1015  -  MemoryUsage of job (MB)
	1038988  -  ResidentSetSize of job (KB)
...
006 (32394.000.000) 2021-07-02 11:18:25 Image size of job updated: 1863256
	1015  -  MemoryUsage of job (MB)
	1038988  -  ResidentSetSize of job (KB)
...
006 (32394.000.000) 2021-07-02 12:53:35 Image size of job updated: 1863468
	1015  -  MemoryUsage of job (MB)
	1038988  -  ResidentSetSize of job (KB)
...
006 (32394.000.000) 2021-07-02 13:23:39 Image size of job updated: 1867596
	1015  -  MemoryUsage of job (MB)
	1038988  -  ResidentSetSize of job (KB)
...
006 (32394.000.000) 2021-07-02 15:03:50 Image size of job updated: 1884976
	1015  -  MemoryUsage of job (MB)
	1038988  -  ResidentSetSize of job (KB)
...
040 (32394.000.000) 2021-07-02 16:12:59 Started transferring output files
...
040 (32394.000.000) 2021-07-02 16:12:59 Finished transferring output files
...
005 (32394.000.000) 2021-07-02 16:12:59 Job terminated.
	(1) Normal termination (return value 0)
		Usr 0 06:22:51, Sys 0 01:02:31  -  Run Remote Usage
		Usr 0 00:00:00, Sys 0 00:00:00  -  Run Local Usage
		Usr 0 06:22:51, Sys 0 01:02:31  -  Total Remote Usage
		Usr 0 00:00:00, Sys 0 00:00:00  -  Total Local Usage
	985760  -  Run Bytes Sent By Job
	318  -  Run Bytes Received By Job
	985760  -  Total Bytes Sent By Job
	318  -  Total Bytes Received By Job
	Partitionable Resources :    Usage  Request Allocated 
	   Cpus                 :     0.99        1         1 
	   Disk (KB)            :   978           1    864796 
	   Memory (MB)          :  1015        1024      1024 

	Job terminated of its own accord at 2021-07-02T15:12:59Z.
...
