000 (31512.000.000) 2021-07-01 15:13:50 Job submitted from host: <194.36.1.200:9618?addrs=194.36.1.200-9618&alias=hex.ppe.gla.ac.uk&noUDP&sock=schedd_1401_8c46>
...
040 (31512.000.000) 2021-07-01 15:15:17 Started transferring input files
	Transferring to host: <192.168.16.102:9618?addrs=192.168.16.102-9618&alias=condor-h16-02.ppe.cluster&noUDP&sock=slot1_13_15690_c637_4138>
...
040 (31512.000.000) 2021-07-01 15:15:17 Finished transferring input files
...
001 (31512.000.000) 2021-07-01 15:15:18 Job executing on host: <192.168.16.102:9618?addrs=192.168.16.102-9618&alias=condor-h16-02.ppe.cluster&noUDP&sock=startd_2155_baae>
...
006 (31512.000.000) 2021-07-01 15:15:26 Image size of job updated: 85380
	1  -  MemoryUsage of job (MB)
	800  -  ResidentSetSize of job (KB)
...
006 (31512.000.000) 2021-07-01 15:20:26 Image size of job updated: 1810084
	896  -  MemoryUsage of job (MB)
	917040  -  ResidentSetSize of job (KB)
...
006 (31512.000.000) 2021-07-01 15:25:27 Image size of job updated: 1810084
	952  -  MemoryUsage of job (MB)
	974776  -  ResidentSetSize of job (KB)
...
006 (31512.000.000) 2021-07-01 15:35:28 Image size of job updated: 1847776
	952  -  MemoryUsage of job (MB)
	974776  -  ResidentSetSize of job (KB)
...
006 (31512.000.000) 2021-07-01 15:45:30 Image size of job updated: 1847776
	1039  -  MemoryUsage of job (MB)
	1063648  -  ResidentSetSize of job (KB)
...
006 (31512.000.000) 2021-07-01 17:50:41 Image size of job updated: 1854636
	1039  -  MemoryUsage of job (MB)
	1063648  -  ResidentSetSize of job (KB)
...
006 (31512.000.000) 2021-07-01 18:30:46 Image size of job updated: 1870588
	1039  -  MemoryUsage of job (MB)
	1063648  -  ResidentSetSize of job (KB)
...
006 (31512.000.000) 2021-07-02 00:11:21 Image size of job updated: 1875584
	1039  -  MemoryUsage of job (MB)
	1063648  -  ResidentSetSize of job (KB)
...
006 (31512.000.000) 2021-07-02 00:46:24 Image size of job updated: 1884444
	1039  -  MemoryUsage of job (MB)
	1063648  -  ResidentSetSize of job (KB)
...
006 (31512.000.000) 2021-07-02 04:41:48 Image size of job updated: 1888280
	1039  -  MemoryUsage of job (MB)
	1063648  -  ResidentSetSize of job (KB)
...
040 (31512.000.000) 2021-07-02 06:38:54 Started transferring output files
...
040 (31512.000.000) 2021-07-02 06:38:54 Finished transferring output files
...
005 (31512.000.000) 2021-07-02 06:38:54 Job terminated.
	(1) Normal termination (return value 0)
		Usr 0 13:13:17, Sys 0 01:57:30  -  Run Remote Usage
		Usr 0 00:00:00, Sys 0 00:00:00  -  Run Local Usage
		Usr 0 13:13:17, Sys 0 01:57:30  -  Total Remote Usage
		Usr 0 00:00:00, Sys 0 00:00:00  -  Total Local Usage
	1240430  -  Run Bytes Sent By Job
	318  -  Run Bytes Received By Job
	1240430  -  Total Bytes Sent By Job
	318  -  Total Bytes Received By Job
	Partitionable Resources :    Usage  Request Allocated 
	   Cpus                 :     1.00        1         1 
	   Disk (KB)            :  1227           1    864796 
	   Memory (MB)          :  1039        1024      1024 

	Job terminated of its own accord at 2021-07-02T05:38:54Z.
...
