000 (31724.000.000) 2021-07-01 15:14:01 Job submitted from host: <194.36.1.200:9618?addrs=194.36.1.200-9618&alias=hex.ppe.gla.ac.uk&noUDP&sock=schedd_1401_8c46>
...
040 (31724.000.000) 2021-07-01 15:15:17 Started transferring input files
	Transferring to host: <192.168.16.111:9618?addrs=192.168.16.111-9618&alias=condor-d19-01.ppe.cluster&noUDP&sock=slot1_31_88351_05a2_5124>
...
040 (31724.000.000) 2021-07-01 15:15:17 Finished transferring input files
...
001 (31724.000.000) 2021-07-01 15:15:18 Job executing on host: <192.168.16.111:9618?addrs=192.168.16.111-9618&alias=condor-d19-01.ppe.cluster&noUDP&sock=startd_2932_afc5>
...
006 (31724.000.000) 2021-07-01 15:15:27 Image size of job updated: 85380
	2  -  MemoryUsage of job (MB)
	1100  -  ResidentSetSize of job (KB)
...
006 (31724.000.000) 2021-07-01 15:20:28 Image size of job updated: 1776480
	903  -  MemoryUsage of job (MB)
	924152  -  ResidentSetSize of job (KB)
...
006 (31724.000.000) 2021-07-01 15:25:28 Image size of job updated: 1776480
	1010  -  MemoryUsage of job (MB)
	1033932  -  ResidentSetSize of job (KB)
...
006 (31724.000.000) 2021-07-01 15:30:28 Image size of job updated: 1777288
	1010  -  MemoryUsage of job (MB)
	1033932  -  ResidentSetSize of job (KB)
...
006 (31724.000.000) 2021-07-01 15:35:29 Image size of job updated: 1804816
	1010  -  MemoryUsage of job (MB)
	1033932  -  ResidentSetSize of job (KB)
...
006 (31724.000.000) 2021-07-01 15:40:29 Image size of job updated: 1808476
	1052  -  MemoryUsage of job (MB)
	1076532  -  ResidentSetSize of job (KB)
...
006 (31724.000.000) 2021-07-01 15:50:30 Image size of job updated: 1812228
	1072  -  MemoryUsage of job (MB)
	1097152  -  ResidentSetSize of job (KB)
...
006 (31724.000.000) 2021-07-01 16:05:32 Image size of job updated: 1841040
	1072  -  MemoryUsage of job (MB)
	1097152  -  ResidentSetSize of job (KB)
...
006 (31724.000.000) 2021-07-01 16:30:34 Image size of job updated: 1841040
	1083  -  MemoryUsage of job (MB)
	1108676  -  ResidentSetSize of job (KB)
...
006 (31724.000.000) 2021-07-01 17:05:38 Image size of job updated: 1857404
	1084  -  MemoryUsage of job (MB)
	1109400  -  ResidentSetSize of job (KB)
...
006 (31724.000.000) 2021-07-01 17:40:41 Image size of job updated: 1867464
	1084  -  MemoryUsage of job (MB)
	1109400  -  ResidentSetSize of job (KB)
...
006 (31724.000.000) 2021-07-01 18:20:46 Image size of job updated: 1891576
	1084  -  MemoryUsage of job (MB)
	1109400  -  ResidentSetSize of job (KB)
...
040 (31724.000.000) 2021-07-02 02:39:34 Started transferring output files
...
040 (31724.000.000) 2021-07-02 02:39:34 Finished transferring output files
...
005 (31724.000.000) 2021-07-02 02:39:34 Job terminated.
	(1) Normal termination (return value 0)
		Usr 0 09:59:23, Sys 0 01:22:13  -  Run Remote Usage
		Usr 0 00:00:00, Sys 0 00:00:00  -  Run Local Usage
		Usr 0 09:59:23, Sys 0 01:22:13  -  Total Remote Usage
		Usr 0 00:00:00, Sys 0 00:00:00  -  Total Local Usage
	1075240  -  Run Bytes Sent By Job
	318  -  Run Bytes Received By Job
	1075240  -  Total Bytes Sent By Job
	318  -  Total Bytes Received By Job
	Partitionable Resources :    Usage  Request Allocated 
	   Cpus                 :     0.99        1         1 
	   Disk (KB)            :  1066           1    825748 
	   Memory (MB)          :  1084        1024      1024 

	Job terminated of its own accord at 2021-07-02T01:39:34Z.
...
