000 (31747.000.000) 2021-07-01 15:14:02 Job submitted from host: <194.36.1.200:9618?addrs=194.36.1.200-9618&alias=hex.ppe.gla.ac.uk&noUDP&sock=schedd_1401_8c46>
...
040 (31747.000.000) 2021-07-01 15:15:16 Started transferring input files
	Transferring to host: <192.168.16.121:9618?addrs=192.168.16.121-9618&alias=condor-d20-01.ppe.cluster&noUDP&sock=slot1_48_59603_7491_5601>
...
001 (31747.000.000) 2021-07-01 15:15:17 Job executing on host: <192.168.16.121:9618?addrs=192.168.16.121-9618&alias=condor-d20-01.ppe.cluster&noUDP&sock=startd_40545_137a>
...
040 (31747.000.000) 2021-07-01 15:15:17 Finished transferring input files
...
006 (31747.000.000) 2021-07-01 15:15:25 Image size of job updated: 75608
	1  -  MemoryUsage of job (MB)
	796  -  ResidentSetSize of job (KB)
...
006 (31747.000.000) 2021-07-01 15:20:25 Image size of job updated: 1784664
	1046  -  MemoryUsage of job (MB)
	1070300  -  ResidentSetSize of job (KB)
...
006 (31747.000.000) 2021-07-01 15:25:26 Image size of job updated: 1784736
	1046  -  MemoryUsage of job (MB)
	1070496  -  ResidentSetSize of job (KB)
...
006 (31747.000.000) 2021-07-01 15:30:26 Image size of job updated: 1796428
	1046  -  MemoryUsage of job (MB)
	1070496  -  ResidentSetSize of job (KB)
...
006 (31747.000.000) 2021-07-01 15:35:26 Image size of job updated: 1799936
	1046  -  MemoryUsage of job (MB)
	1070496  -  ResidentSetSize of job (KB)
...
006 (31747.000.000) 2021-07-01 15:40:27 Image size of job updated: 1816192
	1046  -  MemoryUsage of job (MB)
	1070496  -  ResidentSetSize of job (KB)
...
006 (31747.000.000) 2021-07-01 15:45:28 Image size of job updated: 1824008
	1084  -  MemoryUsage of job (MB)
	1109700  -  ResidentSetSize of job (KB)
...
006 (31747.000.000) 2021-07-01 16:25:31 Image size of job updated: 1841284
	1084  -  MemoryUsage of job (MB)
	1109700  -  ResidentSetSize of job (KB)
...
006 (31747.000.000) 2021-07-01 17:25:38 Image size of job updated: 1847268
	1084  -  MemoryUsage of job (MB)
	1109700  -  ResidentSetSize of job (KB)
...
006 (31747.000.000) 2021-07-01 17:30:38 Image size of job updated: 1851036
	1084  -  MemoryUsage of job (MB)
	1109700  -  ResidentSetSize of job (KB)
...
006 (31747.000.000) 2021-07-01 17:40:40 Image size of job updated: 1851640
	1084  -  MemoryUsage of job (MB)
	1109700  -  ResidentSetSize of job (KB)
...
006 (31747.000.000) 2021-07-01 18:20:43 Image size of job updated: 1855648
	1084  -  MemoryUsage of job (MB)
	1109700  -  ResidentSetSize of job (KB)
...
006 (31747.000.000) 2021-07-01 18:50:47 Image size of job updated: 1886516
	1084  -  MemoryUsage of job (MB)
	1109700  -  ResidentSetSize of job (KB)
...
006 (31747.000.000) 2021-07-01 21:31:04 Image size of job updated: 1888488
	1084  -  MemoryUsage of job (MB)
	1109700  -  ResidentSetSize of job (KB)
...
040 (31747.000.000) 2021-07-02 01:21:15 Started transferring output files
...
040 (31747.000.000) 2021-07-02 01:21:15 Finished transferring output files
...
005 (31747.000.000) 2021-07-02 01:21:15 Job terminated.
	(1) Normal termination (return value 0)
		Usr 0 08:59:59, Sys 0 01:02:18  -  Run Remote Usage
		Usr 0 00:00:00, Sys 0 00:00:00  -  Run Local Usage
		Usr 0 08:59:59, Sys 0 01:02:18  -  Total Remote Usage
		Usr 0 00:00:00, Sys 0 00:00:00  -  Total Local Usage
	1243315  -  Run Bytes Sent By Job
	314  -  Run Bytes Received By Job
	1243315  -  Total Bytes Sent By Job
	314  -  Total Bytes Received By Job
	Partitionable Resources :    Usage  Request Allocated 
	   Cpus                 :     1.00        1         1 
	   Disk (KB)            :  1230           1   3637421 
	   Memory (MB)          :  1084        1024      1024 

	Job terminated of its own accord at 2021-07-02T00:21:15Z.
...
