000 (31723.000.000) 2021-07-01 15:14:01 Job submitted from host: <194.36.1.200:9618?addrs=194.36.1.200-9618&alias=hex.ppe.gla.ac.uk&noUDP&sock=schedd_1401_8c46>
...
040 (31723.000.000) 2021-07-01 15:15:17 Started transferring input files
	Transferring to host: <192.168.16.114:9618?addrs=192.168.16.114-9618&alias=condor-d19-04.ppe.cluster&noUDP&sock=slot1_42_19959_abc5_5952>
...
040 (31723.000.000) 2021-07-01 15:15:17 Finished transferring input files
...
001 (31723.000.000) 2021-07-01 15:15:18 Job executing on host: <192.168.16.114:9618?addrs=192.168.16.114-9618&alias=condor-d19-04.ppe.cluster&noUDP&sock=startd_2633_98f3>
...
006 (31723.000.000) 2021-07-01 15:15:27 Image size of job updated: 23172
	1  -  MemoryUsage of job (MB)
	804  -  ResidentSetSize of job (KB)
...
006 (31723.000.000) 2021-07-01 15:20:28 Image size of job updated: 1826040
	1085  -  MemoryUsage of job (MB)
	1111036  -  ResidentSetSize of job (KB)
...
006 (31723.000.000) 2021-07-01 16:45:36 Image size of job updated: 1835308
	1085  -  MemoryUsage of job (MB)
	1111036  -  ResidentSetSize of job (KB)
...
006 (31723.000.000) 2021-07-01 16:55:37 Image size of job updated: 1856228
	1085  -  MemoryUsage of job (MB)
	1111036  -  ResidentSetSize of job (KB)
...
006 (31723.000.000) 2021-07-01 17:20:39 Image size of job updated: 1862032
	1085  -  MemoryUsage of job (MB)
	1111036  -  ResidentSetSize of job (KB)
...
006 (31723.000.000) 2021-07-01 18:15:44 Image size of job updated: 1886060
	1085  -  MemoryUsage of job (MB)
	1111036  -  ResidentSetSize of job (KB)
...
006 (31723.000.000) 2021-07-01 18:20:45 Image size of job updated: 1893436
	1085  -  MemoryUsage of job (MB)
	1111036  -  ResidentSetSize of job (KB)
...
040 (31723.000.000) 2021-07-02 00:51:30 Started transferring output files
...
040 (31723.000.000) 2021-07-02 00:51:30 Finished transferring output files
...
005 (31723.000.000) 2021-07-02 00:51:30 Job terminated.
	(1) Normal termination (return value 0)
		Usr 0 08:34:25, Sys 0 00:58:41  -  Run Remote Usage
		Usr 0 00:00:00, Sys 0 00:00:00  -  Run Local Usage
		Usr 0 08:34:25, Sys 0 00:58:41  -  Total Remote Usage
		Usr 0 00:00:00, Sys 0 00:00:00  -  Total Local Usage
	1229350  -  Run Bytes Sent By Job
	318  -  Run Bytes Received By Job
	1229350  -  Total Bytes Sent By Job
	318  -  Total Bytes Received By Job
	Partitionable Resources :    Usage  Request Allocated 
	   Cpus                 :     1.00        1         1 
	   Disk (KB)            :  1216           1   3637421 
	   Memory (MB)          :  1085        1024      1024 

	Job terminated of its own accord at 2021-07-01T23:51:30Z.
...
