000 (31522.000.000) 2021-07-01 15:13:50 Job submitted from host: <194.36.1.200:9618?addrs=194.36.1.200-9618&alias=hex.ppe.gla.ac.uk&noUDP&sock=schedd_1401_8c46>
...
040 (31522.000.000) 2021-07-01 15:15:16 Started transferring input files
	Transferring to host: <192.168.16.111:9618?addrs=192.168.16.111-9618&alias=condor-d19-01.ppe.cluster&noUDP&sock=slot1_11_88351_05a2_5109>
...
040 (31522.000.000) 2021-07-01 15:15:16 Finished transferring input files
...
001 (31522.000.000) 2021-07-01 15:15:17 Job executing on host: <192.168.16.111:9618?addrs=192.168.16.111-9618&alias=condor-d19-01.ppe.cluster&noUDP&sock=startd_2932_afc5>
...
006 (31522.000.000) 2021-07-01 15:15:26 Image size of job updated: 85380
	2  -  MemoryUsage of job (MB)
	1084  -  ResidentSetSize of job (KB)
...
006 (31522.000.000) 2021-07-01 15:16:38 Image size of job updated: 907928
	2  -  MemoryUsage of job (MB)
	1084  -  ResidentSetSize of job (KB)
...
040 (31522.000.000) 2021-07-01 15:16:38 Started transferring output files
...
040 (31522.000.000) 2021-07-01 15:16:38 Finished transferring output files
...
005 (31522.000.000) 2021-07-01 15:16:38 Job terminated.
	(1) Normal termination (return value 0)
		Usr 0 00:00:20, Sys 0 00:00:21  -  Run Remote Usage
		Usr 0 00:00:00, Sys 0 00:00:00  -  Run Local Usage
		Usr 0 00:00:20, Sys 0 00:00:21  -  Total Remote Usage
		Usr 0 00:00:00, Sys 0 00:00:00  -  Total Local Usage
	712833  -  Run Bytes Sent By Job
	318  -  Run Bytes Received By Job
	712833  -  Total Bytes Sent By Job
	318  -  Total Bytes Received By Job
	Partitionable Resources :    Usage  Request Allocated 
	   Cpus                 :     0.09        1         1 
	   Disk (KB)            :   712           1    825748 
	   Memory (MB)          :     2        1024      1024 

	Job terminated of its own accord at 2021-07-01T14:16:38Z.
...
