000 (31613.000.000) 2021-07-01 15:13:55 Job submitted from host: <194.36.1.200:9618?addrs=194.36.1.200-9618&alias=hex.ppe.gla.ac.uk&noUDP&sock=schedd_1401_8c46>
...
040 (31613.000.000) 2021-07-01 15:15:15 Started transferring input files
	Transferring to host: <192.168.16.113:9618?addrs=192.168.16.113-9618&alias=condor-d19-03.ppe.cluster&noUDP&sock=slot1_24_1284_71ad_5260>
...
001 (31613.000.000) 2021-07-01 15:15:17 Job executing on host: <192.168.16.113:9618?addrs=192.168.16.113-9618&alias=condor-d19-03.ppe.cluster&noUDP&sock=startd_2634_488c>
...
040 (31613.000.000) 2021-07-01 15:15:17 Finished transferring input files
...
006 (31613.000.000) 2021-07-01 15:15:25 Image size of job updated: 23104
	2  -  MemoryUsage of job (MB)
	1092  -  ResidentSetSize of job (KB)
...
006 (31613.000.000) 2021-07-01 15:20:25 Image size of job updated: 1826036
	1086  -  MemoryUsage of job (MB)
	1111616  -  ResidentSetSize of job (KB)
...
006 (31613.000.000) 2021-07-01 16:40:34 Image size of job updated: 1835304
	1086  -  MemoryUsage of job (MB)
	1111616  -  ResidentSetSize of job (KB)
...
006 (31613.000.000) 2021-07-01 16:50:35 Image size of job updated: 1856224
	1086  -  MemoryUsage of job (MB)
	1111616  -  ResidentSetSize of job (KB)
...
006 (31613.000.000) 2021-07-01 17:15:37 Image size of job updated: 1862028
	1086  -  MemoryUsage of job (MB)
	1111616  -  ResidentSetSize of job (KB)
...
006 (31613.000.000) 2021-07-01 18:05:42 Image size of job updated: 1886056
	1086  -  MemoryUsage of job (MB)
	1111616  -  ResidentSetSize of job (KB)
...
006 (31613.000.000) 2021-07-01 18:15:43 Image size of job updated: 1893432
	1086  -  MemoryUsage of job (MB)
	1111616  -  ResidentSetSize of job (KB)
...
040 (31613.000.000) 2021-07-02 00:22:29 Started transferring output files
...
040 (31613.000.000) 2021-07-02 00:22:29 Finished transferring output files
...
005 (31613.000.000) 2021-07-02 00:22:29 Job terminated.
	(1) Normal termination (return value 0)
		Usr 0 08:07:47, Sys 0 00:56:03  -  Run Remote Usage
		Usr 0 00:00:00, Sys 0 00:00:00  -  Run Local Usage
		Usr 0 08:07:47, Sys 0 00:56:03  -  Total Remote Usage
		Usr 0 00:00:00, Sys 0 00:00:00  -  Total Local Usage
	1229350  -  Run Bytes Sent By Job
	318  -  Run Bytes Received By Job
	1229350  -  Total Bytes Sent By Job
	318  -  Total Bytes Received By Job
	Partitionable Resources :    Usage  Request Allocated 
	   Cpus                 :     1.00        1         1 
	   Disk (KB)            :  1216           1   3637421 
	   Memory (MB)          :  1086        1024      1024 

	Job terminated of its own accord at 2021-07-01T23:22:29Z.
...
