000 (32254.000.000) 2021-07-01 15:15:51 Job submitted from host: <194.36.1.200:9618?addrs=194.36.1.200-9618&alias=hex.ppe.gla.ac.uk&noUDP&sock=schedd_1401_8c46>
...
040 (32254.000.000) 2021-07-02 03:23:48 Started transferring input files
	Transferring to host: <192.168.16.112:9618?addrs=192.168.16.112-9618&alias=condor-d19-02.ppe.cluster&noUDP&sock=slot1_9_83748_cac7_5621>
...
040 (32254.000.000) 2021-07-02 03:23:48 Finished transferring input files
...
001 (32254.000.000) 2021-07-02 03:23:49 Job executing on host: <192.168.16.112:9618?addrs=192.168.16.112-9618&alias=condor-d19-02.ppe.cluster&noUDP&sock=startd_2914_5710>
...
006 (32254.000.000) 2021-07-02 03:23:58 Image size of job updated: 23184
	1  -  MemoryUsage of job (MB)
	836  -  ResidentSetSize of job (KB)
...
006 (32254.000.000) 2021-07-02 03:28:59 Image size of job updated: 1807628
	1039  -  MemoryUsage of job (MB)
	1063392  -  ResidentSetSize of job (KB)
...
006 (32254.000.000) 2021-07-02 03:54:02 Image size of job updated: 1814932
	1039  -  MemoryUsage of job (MB)
	1063392  -  ResidentSetSize of job (KB)
...
006 (32254.000.000) 2021-07-02 03:59:02 Image size of job updated: 1825440
	1039  -  MemoryUsage of job (MB)
	1063392  -  ResidentSetSize of job (KB)
...
006 (32254.000.000) 2021-07-02 04:19:04 Image size of job updated: 1848468
	1039  -  MemoryUsage of job (MB)
	1063392  -  ResidentSetSize of job (KB)
...
006 (32254.000.000) 2021-07-02 05:29:11 Image size of job updated: 1857096
	1039  -  MemoryUsage of job (MB)
	1063392  -  ResidentSetSize of job (KB)
...
006 (32254.000.000) 2021-07-02 05:59:15 Image size of job updated: 1883072
	1039  -  MemoryUsage of job (MB)
	1063392  -  ResidentSetSize of job (KB)
...
006 (32254.000.000) 2021-07-02 12:04:52 Image size of job updated: 1891744
	1039  -  MemoryUsage of job (MB)
	1063392  -  ResidentSetSize of job (KB)
...
040 (32254.000.000) 2021-07-02 15:44:22 Started transferring output files
...
040 (32254.000.000) 2021-07-02 15:44:22 Finished transferring output files
...
005 (32254.000.000) 2021-07-02 15:44:23 Job terminated.
	(1) Normal termination (return value 0)
		Usr 0 10:40:29, Sys 0 01:32:04  -  Run Remote Usage
		Usr 0 00:00:00, Sys 0 00:00:00  -  Run Local Usage
		Usr 0 10:40:29, Sys 0 01:32:04  -  Total Remote Usage
		Usr 0 00:00:00, Sys 0 00:00:00  -  Total Local Usage
	1076050  -  Run Bytes Sent By Job
	314  -  Run Bytes Received By Job
	1076050  -  Total Bytes Sent By Job
	314  -  Total Bytes Received By Job
	Partitionable Resources :    Usage  Request Allocated 
	   Cpus                 :     1.00        1         1 
	   Disk (KB)            :  1066           1    825748 
	   Memory (MB)          :  1039        1024      1024 

	Job terminated of its own accord at 2021-07-02T14:44:22Z.
...
