000 (32088.000.000) 2021-07-01 15:15:40 Job submitted from host: <194.36.1.200:9618?addrs=194.36.1.200-9618&alias=hex.ppe.gla.ac.uk&noUDP&sock=schedd_1401_8c46>
...
040 (32088.000.000) 2021-07-02 00:55:51 Started transferring input files
	Transferring to host: <192.168.16.114:9618?addrs=192.168.16.114-9618&alias=condor-d19-04.ppe.cluster&noUDP&sock=slot1_20_19959_abc5_6134>
...
040 (32088.000.000) 2021-07-02 00:55:51 Finished transferring input files
...
001 (32088.000.000) 2021-07-02 00:55:52 Job executing on host: <192.168.16.114:9618?addrs=192.168.16.114-9618&alias=condor-d19-04.ppe.cluster&noUDP&sock=startd_2633_98f3>
...
006 (32088.000.000) 2021-07-02 00:56:01 Image size of job updated: 30664
	30  -  MemoryUsage of job (MB)
	30660  -  ResidentSetSize of job (KB)
...
006 (32088.000.000) 2021-07-02 01:01:02 Image size of job updated: 1801720
	884  -  MemoryUsage of job (MB)
	904920  -  ResidentSetSize of job (KB)
...
006 (32088.000.000) 2021-07-02 01:16:05 Image size of job updated: 1809564
	897  -  MemoryUsage of job (MB)
	918068  -  ResidentSetSize of job (KB)
...
006 (32088.000.000) 2021-07-02 01:21:05 Image size of job updated: 1809564
	943  -  MemoryUsage of job (MB)
	964756  -  ResidentSetSize of job (KB)
...
006 (32088.000.000) 2021-07-02 01:26:05 Image size of job updated: 1809564
	943  -  MemoryUsage of job (MB)
	964760  -  ResidentSetSize of job (KB)
...
006 (32088.000.000) 2021-07-02 02:01:09 Image size of job updated: 1809564
	945  -  MemoryUsage of job (MB)
	967088  -  ResidentSetSize of job (KB)
...
006 (32088.000.000) 2021-07-02 02:06:10 Image size of job updated: 1809564
	945  -  MemoryUsage of job (MB)
	967668  -  ResidentSetSize of job (KB)
...
006 (32088.000.000) 2021-07-02 02:11:10 Image size of job updated: 1809832
	945  -  MemoryUsage of job (MB)
	967668  -  ResidentSetSize of job (KB)
...
006 (32088.000.000) 2021-07-02 02:16:10 Image size of job updated: 1828916
	945  -  MemoryUsage of job (MB)
	967668  -  ResidentSetSize of job (KB)
...
006 (32088.000.000) 2021-07-02 02:36:12 Image size of job updated: 1838888
	945  -  MemoryUsage of job (MB)
	967668  -  ResidentSetSize of job (KB)
...
006 (32088.000.000) 2021-07-02 02:41:13 Image size of job updated: 1857388
	955  -  MemoryUsage of job (MB)
	977920  -  ResidentSetSize of job (KB)
...
006 (32088.000.000) 2021-07-02 02:46:13 Image size of job updated: 1865196
	979  -  MemoryUsage of job (MB)
	1001660  -  ResidentSetSize of job (KB)
...
006 (32088.000.000) 2021-07-02 02:56:15 Image size of job updated: 1865624
	979  -  MemoryUsage of job (MB)
	1001660  -  ResidentSetSize of job (KB)
...
006 (32088.000.000) 2021-07-02 03:06:16 Image size of job updated: 1880440
	979  -  MemoryUsage of job (MB)
	1001660  -  ResidentSetSize of job (KB)
...
006 (32088.000.000) 2021-07-02 04:41:25 Image size of job updated: 1901772
	979  -  MemoryUsage of job (MB)
	1001660  -  ResidentSetSize of job (KB)
...
040 (32088.000.000) 2021-07-02 10:17:08 Started transferring output files
...
040 (32088.000.000) 2021-07-02 10:17:08 Finished transferring output files
...
005 (32088.000.000) 2021-07-02 10:17:08 Job terminated.
	(1) Normal termination (return value 0)
		Usr 0 08:17:40, Sys 0 00:59:24  -  Run Remote Usage
		Usr 0 00:00:00, Sys 0 00:00:00  -  Run Local Usage
		Usr 0 08:17:40, Sys 0 00:59:24  -  Total Remote Usage
		Usr 0 00:00:00, Sys 0 00:00:00  -  Total Local Usage
	1233869  -  Run Bytes Sent By Job
	314  -  Run Bytes Received By Job
	1233869  -  Total Bytes Sent By Job
	314  -  Total Bytes Received By Job
	Partitionable Resources :    Usage  Request Allocated 
	   Cpus                 :     1.00        1         1 
	   Disk (KB)            :  1221           1   3637421 
	   Memory (MB)          :   979        1024      1024 

	Job terminated of its own accord at 2021-07-02T09:17:08Z.
...
