000 (31810.000.000) 2021-07-01 15:15:19 Job submitted from host: <194.36.1.200:9618?addrs=194.36.1.200-9618&alias=hex.ppe.gla.ac.uk&noUDP&sock=schedd_1401_8c46>
...
040 (31810.000.000) 2021-07-01 15:15:27 Started transferring input files
	Transferring to host: <192.168.16.111:9618?addrs=192.168.16.111-9618&alias=condor-d19-01.ppe.cluster&noUDP&sock=slot1_44_88351_05a2_5138>
...
040 (31810.000.000) 2021-07-01 15:15:27 Finished transferring input files
...
001 (31810.000.000) 2021-07-01 15:15:28 Job executing on host: <192.168.16.111:9618?addrs=192.168.16.111-9618&alias=condor-d19-01.ppe.cluster&noUDP&sock=startd_2932_afc5>
...
006 (31810.000.000) 2021-07-01 15:15:36 Image size of job updated: 85380
	2  -  MemoryUsage of job (MB)
	1096  -  ResidentSetSize of job (KB)
...
006 (31810.000.000) 2021-07-01 15:20:36 Image size of job updated: 1807260
	1015  -  MemoryUsage of job (MB)
	1039080  -  ResidentSetSize of job (KB)
...
006 (31810.000.000) 2021-07-01 15:30:37 Image size of job updated: 1807260
	1018  -  MemoryUsage of job (MB)
	1041868  -  ResidentSetSize of job (KB)
...
006 (31810.000.000) 2021-07-01 15:45:39 Image size of job updated: 1807260
	1039  -  MemoryUsage of job (MB)
	1063904  -  ResidentSetSize of job (KB)
...
006 (31810.000.000) 2021-07-01 16:00:40 Image size of job updated: 1839424
	1039  -  MemoryUsage of job (MB)
	1063904  -  ResidentSetSize of job (KB)
...
006 (31810.000.000) 2021-07-01 16:50:45 Image size of job updated: 1846908
	1039  -  MemoryUsage of job (MB)
	1063904  -  ResidentSetSize of job (KB)
...
006 (31810.000.000) 2021-07-01 17:05:47 Image size of job updated: 1846944
	1039  -  MemoryUsage of job (MB)
	1063904  -  ResidentSetSize of job (KB)
...
006 (31810.000.000) 2021-07-01 17:15:48 Image size of job updated: 1863400
	1039  -  MemoryUsage of job (MB)
	1063904  -  ResidentSetSize of job (KB)
...
006 (31810.000.000) 2021-07-01 19:26:01 Image size of job updated: 1902284
	1039  -  MemoryUsage of job (MB)
	1063904  -  ResidentSetSize of job (KB)
...
040 (31810.000.000) 2021-07-02 02:04:32 Started transferring output files
...
040 (31810.000.000) 2021-07-02 02:04:32 Finished transferring output files
...
005 (31810.000.000) 2021-07-02 02:04:32 Job terminated.
	(1) Normal termination (return value 0)
		Usr 0 09:26:16, Sys 0 01:17:51  -  Run Remote Usage
		Usr 0 00:00:00, Sys 0 00:00:00  -  Run Local Usage
		Usr 0 09:26:16, Sys 0 01:17:51  -  Total Remote Usage
		Usr 0 00:00:00, Sys 0 00:00:00  -  Total Local Usage
	1057639  -  Run Bytes Sent By Job
	314  -  Run Bytes Received By Job
	1057639  -  Total Bytes Sent By Job
	314  -  Total Bytes Received By Job
	Partitionable Resources :    Usage  Request Allocated 
	   Cpus                 :     0.99        1         1 
	   Disk (KB)            :  1048           1    825748 
	   Memory (MB)          :  1039        1024      1024 

	Job terminated of its own accord at 2021-07-02T01:04:32Z.
...
