000 (31928.000.000) 2021-07-01 15:15:29 Job submitted from host: <194.36.1.200:9618?addrs=194.36.1.200-9618&alias=hex.ppe.gla.ac.uk&noUDP&sock=schedd_1401_8c46>
...
040 (31928.000.000) 2021-07-01 20:36:32 Started transferring input files
	Transferring to host: <192.168.16.114:9618?addrs=192.168.16.114-9618&alias=condor-d19-04.ppe.cluster&noUDP&sock=slot1_45_19959_abc5_5985>
...
040 (31928.000.000) 2021-07-01 20:36:32 Finished transferring input files
...
001 (31928.000.000) 2021-07-01 20:36:33 Job executing on host: <192.168.16.114:9618?addrs=192.168.16.114-9618&alias=condor-d19-04.ppe.cluster&noUDP&sock=startd_2633_98f3>
...
006 (31928.000.000) 2021-07-01 20:36:42 Image size of job updated: 3368
	4  -  MemoryUsage of job (MB)
	3368  -  ResidentSetSize of job (KB)
...
006 (31928.000.000) 2021-07-01 20:41:43 Image size of job updated: 1808800
	933  -  MemoryUsage of job (MB)
	954728  -  ResidentSetSize of job (KB)
...
006 (31928.000.000) 2021-07-01 20:51:43 Image size of job updated: 1808800
	1014  -  MemoryUsage of job (MB)
	1037336  -  ResidentSetSize of job (KB)
...
006 (31928.000.000) 2021-07-01 20:56:44 Image size of job updated: 1841532
	1070  -  MemoryUsage of job (MB)
	1095292  -  ResidentSetSize of job (KB)
...
006 (31928.000.000) 2021-07-01 22:16:52 Image size of job updated: 1847792
	1070  -  MemoryUsage of job (MB)
	1095292  -  ResidentSetSize of job (KB)
...
006 (31928.000.000) 2021-07-01 22:31:54 Image size of job updated: 1850896
	1070  -  MemoryUsage of job (MB)
	1095292  -  ResidentSetSize of job (KB)
...
006 (31928.000.000) 2021-07-01 22:56:56 Image size of job updated: 1861920
	1070  -  MemoryUsage of job (MB)
	1095292  -  ResidentSetSize of job (KB)
...
006 (31928.000.000) 2021-07-01 23:37:00 Image size of job updated: 1870768
	1070  -  MemoryUsage of job (MB)
	1095292  -  ResidentSetSize of job (KB)
...
006 (31928.000.000) 2021-07-02 01:12:09 Image size of job updated: 1872820
	1070  -  MemoryUsage of job (MB)
	1095292  -  ResidentSetSize of job (KB)
...
040 (31928.000.000) 2021-07-02 06:03:46 Started transferring output files
...
040 (31928.000.000) 2021-07-02 06:03:46 Finished transferring output files
...
005 (31928.000.000) 2021-07-02 06:03:46 Job terminated.
	(1) Normal termination (return value 0)
		Usr 0 08:24:13, Sys 0 00:58:17  -  Run Remote Usage
		Usr 0 00:00:00, Sys 0 00:00:00  -  Run Local Usage
		Usr 0 08:24:13, Sys 0 00:58:17  -  Total Remote Usage
		Usr 0 00:00:00, Sys 0 00:00:00  -  Total Local Usage
	1229393  -  Run Bytes Sent By Job
	314  -  Run Bytes Received By Job
	1229393  -  Total Bytes Sent By Job
	314  -  Total Bytes Received By Job
	Partitionable Resources :    Usage  Request Allocated 
	   Cpus                 :     0.98        1         1 
	   Disk (KB)            :  1216           1   3637421 
	   Memory (MB)          :  1070        1024      1024 

	Job terminated of its own accord at 2021-07-02T05:03:46Z.
...
