000 (31434.000.000) 2021-07-01 15:13:46 Job submitted from host: <194.36.1.200:9618?addrs=194.36.1.200-9618&alias=hex.ppe.gla.ac.uk&noUDP&sock=schedd_1401_8c46>
...
040 (31434.000.000) 2021-07-01 15:15:15 Started transferring input files
	Transferring to host: <192.168.16.112:9618?addrs=192.168.16.112-9618&alias=condor-d19-02.ppe.cluster&noUDP&sock=slot1_2_83748_cac7_5457>
...
040 (31434.000.000) 2021-07-01 15:15:15 Finished transferring input files
...
001 (31434.000.000) 2021-07-01 15:15:16 Job executing on host: <192.168.16.112:9618?addrs=192.168.16.112-9618&alias=condor-d19-02.ppe.cluster&noUDP&sock=startd_2914_5710>
...
006 (31434.000.000) 2021-07-01 15:15:25 Image size of job updated: 85380
	2  -  MemoryUsage of job (MB)
	1092  -  ResidentSetSize of job (KB)
...
006 (31434.000.000) 2021-07-01 15:20:26 Image size of job updated: 1811072
	651  -  MemoryUsage of job (MB)
	665956  -  ResidentSetSize of job (KB)
...
006 (31434.000.000) 2021-07-01 15:25:27 Image size of job updated: 1811072
	1037  -  MemoryUsage of job (MB)
	1061068  -  ResidentSetSize of job (KB)
...
006 (31434.000.000) 2021-07-01 15:35:28 Image size of job updated: 1811072
	1055  -  MemoryUsage of job (MB)
	1079796  -  ResidentSetSize of job (KB)
...
006 (31434.000.000) 2021-07-01 15:40:29 Image size of job updated: 1842524
	1055  -  MemoryUsage of job (MB)
	1079796  -  ResidentSetSize of job (KB)
...
006 (31434.000.000) 2021-07-01 17:15:38 Image size of job updated: 1843428
	1055  -  MemoryUsage of job (MB)
	1079796  -  ResidentSetSize of job (KB)
...
006 (31434.000.000) 2021-07-01 17:30:39 Image size of job updated: 1886928
	1055  -  MemoryUsage of job (MB)
	1079796  -  ResidentSetSize of job (KB)
...
006 (31434.000.000) 2021-07-01 19:30:52 Image size of job updated: 1903988
	1055  -  MemoryUsage of job (MB)
	1079796  -  ResidentSetSize of job (KB)
...
040 (31434.000.000) 2021-07-02 03:40:14 Started transferring output files
...
040 (31434.000.000) 2021-07-02 03:40:14 Finished transferring output files
...
005 (31434.000.000) 2021-07-02 03:40:14 Job terminated.
	(1) Normal termination (return value 0)
		Usr 0 10:49:32, Sys 0 01:30:01  -  Run Remote Usage
		Usr 0 00:00:00, Sys 0 00:00:00  -  Run Local Usage
		Usr 0 10:49:32, Sys 0 01:30:01  -  Total Remote Usage
		Usr 0 00:00:00, Sys 0 00:00:00  -  Total Local Usage
	1070960  -  Run Bytes Sent By Job
	314  -  Run Bytes Received By Job
	1070960  -  Total Bytes Sent By Job
	314  -  Total Bytes Received By Job
	Partitionable Resources :    Usage  Request Allocated 
	   Cpus                 :     1.00        1         1 
	   Disk (KB)            :  1061           1    825748 
	   Memory (MB)          :  1055        1024      1024 

	Job terminated of its own accord at 2021-07-02T02:40:14Z.
...
