000 (31667.000.000) 2021-07-01 15:13:58 Job submitted from host: <194.36.1.200:9618?addrs=194.36.1.200-9618&alias=hex.ppe.gla.ac.uk&noUDP&sock=schedd_1401_8c46>
...
040 (31667.000.000) 2021-07-01 15:15:17 Started transferring input files
	Transferring to host: <192.168.16.103:9618?addrs=192.168.16.103-9618&alias=condor-h16-03.ppe.cluster&noUDP&sock=slot1_31_20749_4c25_3430>
...
040 (31667.000.000) 2021-07-01 15:15:17 Finished transferring input files
...
001 (31667.000.000) 2021-07-01 15:15:18 Job executing on host: <192.168.16.103:9618?addrs=192.168.16.103-9618&alias=condor-h16-03.ppe.cluster&noUDP&sock=startd_20690_3293>
...
006 (31667.000.000) 2021-07-01 15:15:27 Image size of job updated: 22536
	1  -  MemoryUsage of job (MB)
	800  -  ResidentSetSize of job (KB)
...
006 (31667.000.000) 2021-07-01 15:20:28 Image size of job updated: 1815252
	655  -  MemoryUsage of job (MB)
	670452  -  ResidentSetSize of job (KB)
...
006 (31667.000.000) 2021-07-01 15:25:29 Image size of job updated: 1815252
	1050  -  MemoryUsage of job (MB)
	1074476  -  ResidentSetSize of job (KB)
...
006 (31667.000.000) 2021-07-01 15:50:32 Image size of job updated: 1841984
	1102  -  MemoryUsage of job (MB)
	1127924  -  ResidentSetSize of job (KB)
...
006 (31667.000.000) 2021-07-01 16:05:33 Image size of job updated: 1842488
	1102  -  MemoryUsage of job (MB)
	1127924  -  ResidentSetSize of job (KB)
...
006 (31667.000.000) 2021-07-01 16:10:34 Image size of job updated: 1870392
	1102  -  MemoryUsage of job (MB)
	1127924  -  ResidentSetSize of job (KB)
...
006 (31667.000.000) 2021-07-01 17:10:39 Image size of job updated: 1871180
	1102  -  MemoryUsage of job (MB)
	1127924  -  ResidentSetSize of job (KB)
...
006 (31667.000.000) 2021-07-01 17:30:42 Image size of job updated: 1873828
	1102  -  MemoryUsage of job (MB)
	1127924  -  ResidentSetSize of job (KB)
...
006 (31667.000.000) 2021-07-01 17:35:43 Image size of job updated: 1876300
	1102  -  MemoryUsage of job (MB)
	1127924  -  ResidentSetSize of job (KB)
...
006 (31667.000.000) 2021-07-01 17:45:44 Image size of job updated: 1905160
	1102  -  MemoryUsage of job (MB)
	1127924  -  ResidentSetSize of job (KB)
...
006 (31667.000.000) 2021-07-01 18:20:48 Image size of job updated: 1909208
	1102  -  MemoryUsage of job (MB)
	1127924  -  ResidentSetSize of job (KB)
...
006 (31667.000.000) 2021-07-01 18:45:50 Image size of job updated: 1909612
	1102  -  MemoryUsage of job (MB)
	1127924  -  ResidentSetSize of job (KB)
...
006 (31667.000.000) 2021-07-01 20:51:03 Image size of job updated: 1912496
	1102  -  MemoryUsage of job (MB)
	1127924  -  ResidentSetSize of job (KB)
...
006 (31667.000.000) 2021-07-01 22:56:15 Image size of job updated: 1922920
	1102  -  MemoryUsage of job (MB)
	1127924  -  ResidentSetSize of job (KB)
...
040 (31667.000.000) 2021-07-02 06:04:44 Started transferring output files
...
040 (31667.000.000) 2021-07-02 06:04:44 Finished transferring output files
...
005 (31667.000.000) 2021-07-02 06:04:44 Job terminated.
	(1) Normal termination (return value 0)
		Usr 0 12:47:46, Sys 0 01:51:06  -  Run Remote Usage
		Usr 0 00:00:00, Sys 0 00:00:00  -  Run Local Usage
		Usr 0 12:47:46, Sys 0 01:51:06  -  Total Remote Usage
		Usr 0 00:00:00, Sys 0 00:00:00  -  Total Local Usage
	1220110  -  Run Bytes Sent By Job
	318  -  Run Bytes Received By Job
	1220110  -  Total Bytes Sent By Job
	318  -  Total Bytes Received By Job
	Partitionable Resources :    Usage  Request Allocated 
	   Cpus                 :     1.00        1         1 
	   Disk (KB)            :  1207           1    914158 
	   Memory (MB)          :  1102        1024      1024 

	Job terminated of its own accord at 2021-07-02T05:04:44Z.
...
