000 (32011.000.000) 2021-07-01 15:15:34 Job submitted from host: <194.36.1.200:9618?addrs=194.36.1.200-9618&alias=hex.ppe.gla.ac.uk&noUDP&sock=schedd_1401_8c46>
...
040 (32011.000.000) 2021-07-02 00:34:11 Started transferring input files
	Transferring to host: <192.168.16.121:9618?addrs=192.168.16.121-9618&alias=condor-d20-01.ppe.cluster&noUDP&sock=slot1_9_59603_7491_5666>
...
040 (32011.000.000) 2021-07-02 00:34:11 Finished transferring input files
...
001 (32011.000.000) 2021-07-02 00:34:12 Job executing on host: <192.168.16.121:9618?addrs=192.168.16.121-9618&alias=condor-d20-01.ppe.cluster&noUDP&sock=startd_40545_137a>
...
006 (32011.000.000) 2021-07-02 00:34:20 Image size of job updated: 31672
	31  -  MemoryUsage of job (MB)
	31668  -  ResidentSetSize of job (KB)
...
006 (32011.000.000) 2021-07-02 00:39:20 Image size of job updated: 1785692
	870  -  MemoryUsage of job (MB)
	889956  -  ResidentSetSize of job (KB)
...
006 (32011.000.000) 2021-07-02 00:44:20 Image size of job updated: 1785692
	1023  -  MemoryUsage of job (MB)
	1047204  -  ResidentSetSize of job (KB)
...
006 (32011.000.000) 2021-07-02 00:49:21 Image size of job updated: 1800676
	1034  -  MemoryUsage of job (MB)
	1058292  -  ResidentSetSize of job (KB)
...
006 (32011.000.000) 2021-07-02 00:54:22 Image size of job updated: 1800676
	1050  -  MemoryUsage of job (MB)
	1074236  -  ResidentSetSize of job (KB)
...
006 (32011.000.000) 2021-07-02 01:14:24 Image size of job updated: 1816664
	1050  -  MemoryUsage of job (MB)
	1074236  -  ResidentSetSize of job (KB)
...
006 (32011.000.000) 2021-07-02 01:34:26 Image size of job updated: 1817876
	1050  -  MemoryUsage of job (MB)
	1074236  -  ResidentSetSize of job (KB)
...
006 (32011.000.000) 2021-07-02 01:39:27 Image size of job updated: 1824464
	1050  -  MemoryUsage of job (MB)
	1074236  -  ResidentSetSize of job (KB)
...
006 (32011.000.000) 2021-07-02 01:59:29 Image size of job updated: 1832740
	1050  -  MemoryUsage of job (MB)
	1074236  -  ResidentSetSize of job (KB)
...
006 (32011.000.000) 2021-07-02 02:19:31 Image size of job updated: 1870560
	1050  -  MemoryUsage of job (MB)
	1074236  -  ResidentSetSize of job (KB)
...
006 (32011.000.000) 2021-07-02 02:39:32 Image size of job updated: 1872328
	1050  -  MemoryUsage of job (MB)
	1074236  -  ResidentSetSize of job (KB)
...
006 (32011.000.000) 2021-07-02 03:49:40 Image size of job updated: 1875088
	1050  -  MemoryUsage of job (MB)
	1074236  -  ResidentSetSize of job (KB)
...
040 (32011.000.000) 2021-07-02 05:58:17 Started transferring output files
...
040 (32011.000.000) 2021-07-02 05:58:17 Finished transferring output files
...
005 (32011.000.000) 2021-07-02 05:58:17 Job terminated.
	(1) Normal termination (return value 0)
		Usr 0 04:47:51, Sys 0 00:34:41  -  Run Remote Usage
		Usr 0 00:00:00, Sys 0 00:00:00  -  Run Local Usage
		Usr 0 04:47:51, Sys 0 00:34:41  -  Total Remote Usage
		Usr 0 00:00:00, Sys 0 00:00:00  -  Total Local Usage
	1093998  -  Run Bytes Sent By Job
	318  -  Run Bytes Received By Job
	1093998  -  Total Bytes Sent By Job
	318  -  Total Bytes Received By Job
	Partitionable Resources :    Usage  Request Allocated 
	   Cpus                 :     1.00        1         1 
	   Disk (KB)            :  1084           1   3637421 
	   Memory (MB)          :  1050        1024      1024 

	Job terminated of its own accord at 2021-07-02T04:58:17Z.
...
