000 (32160.000.000) 2021-07-01 15:15:46 Job submitted from host: <194.36.1.200:9618?addrs=194.36.1.200-9618&alias=hex.ppe.gla.ac.uk&noUDP&sock=schedd_1401_8c46>
...
040 (32160.000.000) 2021-07-02 01:21:21 Started transferring input files
	Transferring to host: <192.168.16.121:9618?addrs=192.168.16.121-9618&alias=condor-d20-01.ppe.cluster&noUDP&sock=slot1_48_59603_7491_5751>
...
040 (32160.000.000) 2021-07-02 01:21:21 Finished transferring input files
...
001 (32160.000.000) 2021-07-02 01:21:22 Job executing on host: <192.168.16.121:9618?addrs=192.168.16.121-9618&alias=condor-d20-01.ppe.cluster&noUDP&sock=startd_40545_137a>
...
006 (32160.000.000) 2021-07-02 01:21:31 Image size of job updated: 19128
	19  -  MemoryUsage of job (MB)
	19128  -  ResidentSetSize of job (KB)
...
006 (32160.000.000) 2021-07-02 01:26:32 Image size of job updated: 1790148
	1021  -  MemoryUsage of job (MB)
	1044720  -  ResidentSetSize of job (KB)
...
006 (32160.000.000) 2021-07-02 01:41:34 Image size of job updated: 1818364
	1021  -  MemoryUsage of job (MB)
	1044720  -  ResidentSetSize of job (KB)
...
006 (32160.000.000) 2021-07-02 01:56:36 Image size of job updated: 1827160
	1021  -  MemoryUsage of job (MB)
	1044720  -  ResidentSetSize of job (KB)
...
006 (32160.000.000) 2021-07-02 02:16:37 Image size of job updated: 1842748
	1021  -  MemoryUsage of job (MB)
	1044720  -  ResidentSetSize of job (KB)
...
006 (32160.000.000) 2021-07-02 02:31:39 Image size of job updated: 1860288
	1021  -  MemoryUsage of job (MB)
	1044720  -  ResidentSetSize of job (KB)
...
006 (32160.000.000) 2021-07-02 03:06:42 Image size of job updated: 1864104
	1021  -  MemoryUsage of job (MB)
	1044720  -  ResidentSetSize of job (KB)
...
006 (32160.000.000) 2021-07-02 06:32:03 Image size of job updated: 1872012
	1021  -  MemoryUsage of job (MB)
	1044720  -  ResidentSetSize of job (KB)
...
006 (32160.000.000) 2021-07-02 07:07:06 Image size of job updated: 1874528
	1021  -  MemoryUsage of job (MB)
	1044720  -  ResidentSetSize of job (KB)
...
006 (32160.000.000) 2021-07-02 08:27:15 Image size of job updated: 1881200
	1021  -  MemoryUsage of job (MB)
	1044720  -  ResidentSetSize of job (KB)
...
006 (32160.000.000) 2021-07-02 09:07:19 Image size of job updated: 1902524
	1021  -  MemoryUsage of job (MB)
	1044720  -  ResidentSetSize of job (KB)
...
040 (32160.000.000) 2021-07-02 11:03:57 Started transferring output files
...
040 (32160.000.000) 2021-07-02 11:03:57 Finished transferring output files
...
005 (32160.000.000) 2021-07-02 11:03:57 Job terminated.
	(1) Normal termination (return value 0)
		Usr 0 08:36:55, Sys 0 01:00:23  -  Run Remote Usage
		Usr 0 00:00:00, Sys 0 00:00:00  -  Run Local Usage
		Usr 0 08:36:55, Sys 0 01:00:23  -  Total Remote Usage
		Usr 0 00:00:00, Sys 0 00:00:00  -  Total Local Usage
	1237153  -  Run Bytes Sent By Job
	318  -  Run Bytes Received By Job
	1237153  -  Total Bytes Sent By Job
	318  -  Total Bytes Received By Job
	Partitionable Resources :    Usage  Request Allocated 
	   Cpus                 :     1.00        1         1 
	   Disk (KB)            :  1224           1   3637421 
	   Memory (MB)          :  1021        1024      1024 

	Job terminated of its own accord at 2021-07-02T10:03:57Z.
...
