000 (32250.000.000) 2021-07-01 15:15:51 Job submitted from host: <194.36.1.200:9618?addrs=194.36.1.200-9618&alias=hex.ppe.gla.ac.uk&noUDP&sock=schedd_1401_8c46>
...
040 (32250.000.000) 2021-07-02 03:21:47 Started transferring input files
	Transferring to host: <192.168.16.112:9618?addrs=192.168.16.112-9618&alias=condor-d19-02.ppe.cluster&noUDP&sock=slot1_31_83748_cac7_5617>
...
040 (32250.000.000) 2021-07-02 03:21:47 Finished transferring input files
...
001 (32250.000.000) 2021-07-02 03:21:48 Job executing on host: <192.168.16.112:9618?addrs=192.168.16.112-9618&alias=condor-d19-02.ppe.cluster&noUDP&sock=startd_2914_5710>
...
006 (32250.000.000) 2021-07-02 03:21:57 Image size of job updated: 22548
	2  -  MemoryUsage of job (MB)
	1128  -  ResidentSetSize of job (KB)
...
006 (32250.000.000) 2021-07-02 03:26:58 Image size of job updated: 1818200
	1013  -  MemoryUsage of job (MB)
	1036436  -  ResidentSetSize of job (KB)
...
006 (32250.000.000) 2021-07-02 04:22:04 Image size of job updated: 1819416
	1013  -  MemoryUsage of job (MB)
	1036436  -  ResidentSetSize of job (KB)
...
006 (32250.000.000) 2021-07-02 04:47:06 Image size of job updated: 1854120
	1013  -  MemoryUsage of job (MB)
	1036436  -  ResidentSetSize of job (KB)
...
006 (32250.000.000) 2021-07-02 05:17:10 Image size of job updated: 1855796
	1013  -  MemoryUsage of job (MB)
	1036436  -  ResidentSetSize of job (KB)
...
006 (32250.000.000) 2021-07-02 05:27:11 Image size of job updated: 1876192
	1013  -  MemoryUsage of job (MB)
	1036436  -  ResidentSetSize of job (KB)
...
006 (32250.000.000) 2021-07-02 05:32:11 Image size of job updated: 1888076
	1013  -  MemoryUsage of job (MB)
	1036436  -  ResidentSetSize of job (KB)
...
040 (32250.000.000) 2021-07-02 15:04:33 Started transferring output files
...
040 (32250.000.000) 2021-07-02 15:04:33 Finished transferring output files
...
005 (32250.000.000) 2021-07-02 15:04:33 Job terminated.
	(1) Normal termination (return value 0)
		Usr 0 10:09:01, Sys 0 01:26:48  -  Run Remote Usage
		Usr 0 00:00:00, Sys 0 00:00:00  -  Run Local Usage
		Usr 0 10:09:01, Sys 0 01:26:48  -  Total Remote Usage
		Usr 0 00:00:00, Sys 0 00:00:00  -  Total Local Usage
	1218878  -  Run Bytes Sent By Job
	314  -  Run Bytes Received By Job
	1218878  -  Total Bytes Sent By Job
	314  -  Total Bytes Received By Job
	Partitionable Resources :    Usage  Request Allocated 
	   Cpus                 :     1.00        1         1 
	   Disk (KB)            :  1206           1    825748 
	   Memory (MB)          :  1013        1024      1024 

	Job terminated of its own accord at 2021-07-02T14:04:33Z.
...
