000 (31989.000.000) 2021-07-01 15:15:33 Job submitted from host: <194.36.1.200:9618?addrs=194.36.1.200-9618&alias=hex.ppe.gla.ac.uk&noUDP&sock=schedd_1401_8c46>
...
040 (31989.000.000) 2021-07-02 00:28:37 Started transferring input files
	Transferring to host: <192.168.16.112:9618?addrs=192.168.16.112-9618&alias=condor-d19-02.ppe.cluster&noUDP&sock=slot1_54_83748_cac7_5598>
...
040 (31989.000.000) 2021-07-02 00:28:37 Finished transferring input files
...
001 (31989.000.000) 2021-07-02 00:28:38 Job executing on host: <192.168.16.112:9618?addrs=192.168.16.112-9618&alias=condor-d19-02.ppe.cluster&noUDP&sock=startd_2914_5710>
...
006 (31989.000.000) 2021-07-02 00:28:46 Image size of job updated: 23172
	1  -  MemoryUsage of job (MB)
	844  -  ResidentSetSize of job (KB)
...
006 (31989.000.000) 2021-07-02 00:33:46 Image size of job updated: 1811720
	1069  -  MemoryUsage of job (MB)
	1094524  -  ResidentSetSize of job (KB)
...
006 (31989.000.000) 2021-07-02 00:48:48 Image size of job updated: 1821484
	1069  -  MemoryUsage of job (MB)
	1094524  -  ResidentSetSize of job (KB)
...
006 (31989.000.000) 2021-07-02 01:03:50 Image size of job updated: 1828328
	1069  -  MemoryUsage of job (MB)
	1094524  -  ResidentSetSize of job (KB)
...
006 (31989.000.000) 2021-07-02 02:18:58 Image size of job updated: 1844652
	1069  -  MemoryUsage of job (MB)
	1094524  -  ResidentSetSize of job (KB)
...
006 (31989.000.000) 2021-07-02 03:39:06 Image size of job updated: 1865696
	1069  -  MemoryUsage of job (MB)
	1094524  -  ResidentSetSize of job (KB)
...
006 (31989.000.000) 2021-07-02 04:29:11 Image size of job updated: 1893100
	1069  -  MemoryUsage of job (MB)
	1094524  -  ResidentSetSize of job (KB)
...
040 (31989.000.000) 2021-07-02 13:12:06 Started transferring output files
...
040 (31989.000.000) 2021-07-02 13:12:06 Finished transferring output files
...
005 (31989.000.000) 2021-07-02 13:12:06 Job terminated.
	(1) Normal termination (return value 0)
		Usr 0 10:58:48, Sys 0 01:34:31  -  Run Remote Usage
		Usr 0 00:00:00, Sys 0 00:00:00  -  Run Local Usage
		Usr 0 10:58:48, Sys 0 01:34:31  -  Total Remote Usage
		Usr 0 00:00:00, Sys 0 00:00:00  -  Total Local Usage
	1234861  -  Run Bytes Sent By Job
	314  -  Run Bytes Received By Job
	1234861  -  Total Bytes Sent By Job
	314  -  Total Bytes Received By Job
	Partitionable Resources :    Usage  Request Allocated 
	   Cpus                 :     1.00        1         1 
	   Disk (KB)            :  1222           1    825748 
	   Memory (MB)          :  1069        1024      1024 

	Job terminated of its own accord at 2021-07-02T12:12:05Z.
...
