000 (31870.000.000) 2021-07-01 15:15:24 Job submitted from host: <194.36.1.200:9618?addrs=194.36.1.200-9618&alias=hex.ppe.gla.ac.uk&noUDP&sock=schedd_1401_8c46>
...
040 (31870.000.000) 2021-07-01 15:16:25 Started transferring input files
	Transferring to host: <192.168.16.113:9618?addrs=192.168.16.113-9618&alias=condor-d19-03.ppe.cluster&noUDP&sock=slot1_13_1284_71ad_5311>
...
040 (31870.000.000) 2021-07-01 15:16:25 Finished transferring input files
...
001 (31870.000.000) 2021-07-01 15:16:26 Job executing on host: <192.168.16.113:9618?addrs=192.168.16.113-9618&alias=condor-d19-03.ppe.cluster&noUDP&sock=startd_2634_488c>
...
006 (31870.000.000) 2021-07-01 15:16:35 Image size of job updated: 417072
	408  -  MemoryUsage of job (MB)
	417068  -  ResidentSetSize of job (KB)
...
006 (31870.000.000) 2021-07-01 15:21:36 Image size of job updated: 1799880
	863  -  MemoryUsage of job (MB)
	882740  -  ResidentSetSize of job (KB)
...
006 (31870.000.000) 2021-07-01 15:26:37 Image size of job updated: 1799880
	915  -  MemoryUsage of job (MB)
	936468  -  ResidentSetSize of job (KB)
...
006 (31870.000.000) 2021-07-01 15:31:37 Image size of job updated: 1805620
	950  -  MemoryUsage of job (MB)
	972164  -  ResidentSetSize of job (KB)
...
006 (31870.000.000) 2021-07-01 15:56:39 Image size of job updated: 1825624
	950  -  MemoryUsage of job (MB)
	972164  -  ResidentSetSize of job (KB)
...
006 (31870.000.000) 2021-07-01 16:01:39 Image size of job updated: 1825624
	1074  -  MemoryUsage of job (MB)
	1099084  -  ResidentSetSize of job (KB)
...
006 (31870.000.000) 2021-07-01 16:06:39 Image size of job updated: 1839112
	1098  -  MemoryUsage of job (MB)
	1124320  -  ResidentSetSize of job (KB)
...
006 (31870.000.000) 2021-07-01 16:51:44 Image size of job updated: 1860640
	1098  -  MemoryUsage of job (MB)
	1124320  -  ResidentSetSize of job (KB)
...
006 (31870.000.000) 2021-07-01 17:01:45 Image size of job updated: 1878924
	1098  -  MemoryUsage of job (MB)
	1124320  -  ResidentSetSize of job (KB)
...
006 (31870.000.000) 2021-07-01 20:07:05 Image size of job updated: 1910180
	1098  -  MemoryUsage of job (MB)
	1124320  -  ResidentSetSize of job (KB)
...
040 (31870.000.000) 2021-07-02 00:22:16 Started transferring output files
...
040 (31870.000.000) 2021-07-02 00:22:16 Finished transferring output files
...
005 (31870.000.000) 2021-07-02 00:22:16 Job terminated.
	(1) Normal termination (return value 0)
		Usr 0 08:06:14, Sys 0 00:56:56  -  Run Remote Usage
		Usr 0 00:00:00, Sys 0 00:00:00  -  Run Local Usage
		Usr 0 08:06:14, Sys 0 00:56:56  -  Total Remote Usage
		Usr 0 00:00:00, Sys 0 00:00:00  -  Total Local Usage
	1074572  -  Run Bytes Sent By Job
	314  -  Run Bytes Received By Job
	1074572  -  Total Bytes Sent By Job
	314  -  Total Bytes Received By Job
	Partitionable Resources :    Usage  Request Allocated 
	   Cpus                 :     0.93        1         1 
	   Disk (KB)            :  1065           1   3637421 
	   Memory (MB)          :  1098        1024      1024 

	Job terminated of its own accord at 2021-07-01T23:22:16Z.
...
