000 (31709.000.000) 2021-07-01 15:14:00 Job submitted from host: <194.36.1.200:9618?addrs=194.36.1.200-9618&alias=hex.ppe.gla.ac.uk&noUDP&sock=schedd_1401_8c46>
...
040 (31709.000.000) 2021-07-01 15:15:15 Started transferring input files
	Transferring to host: <192.168.16.113:9618?addrs=192.168.16.113-9618&alias=condor-d19-03.ppe.cluster&noUDP&sock=slot1_40_1284_71ad_5275>
...
040 (31709.000.000) 2021-07-01 15:15:16 Finished transferring input files
...
001 (31709.000.000) 2021-07-01 15:15:16 Job executing on host: <192.168.16.113:9618?addrs=192.168.16.113-9618&alias=condor-d19-03.ppe.cluster&noUDP&sock=startd_2634_488c>
...
006 (31709.000.000) 2021-07-01 15:15:25 Image size of job updated: 23104
	2  -  MemoryUsage of job (MB)
	1092  -  ResidentSetSize of job (KB)
...
006 (31709.000.000) 2021-07-01 15:20:25 Image size of job updated: 1811080
	1036  -  MemoryUsage of job (MB)
	1060648  -  ResidentSetSize of job (KB)
...
006 (31709.000.000) 2021-07-01 15:25:25 Image size of job updated: 1811080
	1036  -  MemoryUsage of job (MB)
	1060768  -  ResidentSetSize of job (KB)
...
006 (31709.000.000) 2021-07-01 15:30:26 Image size of job updated: 1811080
	1055  -  MemoryUsage of job (MB)
	1079752  -  ResidentSetSize of job (KB)
...
006 (31709.000.000) 2021-07-01 15:35:27 Image size of job updated: 1842532
	1055  -  MemoryUsage of job (MB)
	1079752  -  ResidentSetSize of job (KB)
...
006 (31709.000.000) 2021-07-01 15:50:29 Image size of job updated: 1842532
	1059  -  MemoryUsage of job (MB)
	1084112  -  ResidentSetSize of job (KB)
...
006 (31709.000.000) 2021-07-01 16:25:32 Image size of job updated: 1842532
	1064  -  MemoryUsage of job (MB)
	1088548  -  ResidentSetSize of job (KB)
...
006 (31709.000.000) 2021-07-01 16:45:34 Image size of job updated: 1843436
	1070  -  MemoryUsage of job (MB)
	1095648  -  ResidentSetSize of job (KB)
...
006 (31709.000.000) 2021-07-01 16:55:35 Image size of job updated: 1886936
	1113  -  MemoryUsage of job (MB)
	1139032  -  ResidentSetSize of job (KB)
...
006 (31709.000.000) 2021-07-01 18:25:44 Image size of job updated: 1903996
	1113  -  MemoryUsage of job (MB)
	1139032  -  ResidentSetSize of job (KB)
...
006 (31709.000.000) 2021-07-01 19:00:47 Image size of job updated: 1903996
	1117  -  MemoryUsage of job (MB)
	1143288  -  ResidentSetSize of job (KB)
...
006 (31709.000.000) 2021-07-01 19:55:54 Image size of job updated: 1903996
	1118  -  MemoryUsage of job (MB)
	1144320  -  ResidentSetSize of job (KB)
...
006 (31709.000.000) 2021-07-01 22:26:09 Image size of job updated: 1903996
	1122  -  MemoryUsage of job (MB)
	1148400  -  ResidentSetSize of job (KB)
...
040 (31709.000.000) 2021-07-02 00:31:35 Started transferring output files
...
040 (31709.000.000) 2021-07-02 00:31:35 Finished transferring output files
...
005 (31709.000.000) 2021-07-02 00:31:35 Job terminated.
	(1) Normal termination (return value 0)
		Usr 0 08:16:18, Sys 0 00:58:42  -  Run Remote Usage
		Usr 0 00:00:00, Sys 0 00:00:00  -  Run Local Usage
		Usr 0 08:16:18, Sys 0 00:58:42  -  Total Remote Usage
		Usr 0 00:00:00, Sys 0 00:00:00  -  Total Local Usage
	1070960  -  Run Bytes Sent By Job
	314  -  Run Bytes Received By Job
	1070960  -  Total Bytes Sent By Job
	314  -  Total Bytes Received By Job
	Partitionable Resources :    Usage  Request Allocated 
	   Cpus                 :     1.00        1         1 
	   Disk (KB)            :  1061           1   3637421 
	   Memory (MB)          :  1122        1024      1024 

	Job terminated of its own accord at 2021-07-01T23:31:35Z.
...
