000 (32094.000.000) 2021-07-01 15:15:40 Job submitted from host: <194.36.1.200:9618?addrs=194.36.1.200-9618&alias=hex.ppe.gla.ac.uk&noUDP&sock=schedd_1401_8c46>
...
040 (32094.000.000) 2021-07-02 00:56:21 Started transferring input files
	Transferring to host: <192.168.16.121:9618?addrs=192.168.16.121-9618&alias=condor-d20-01.ppe.cluster&noUDP&sock=slot1_27_59603_7491_5709>
...
040 (32094.000.000) 2021-07-02 00:56:21 Finished transferring input files
...
001 (32094.000.000) 2021-07-02 00:56:22 Job executing on host: <192.168.16.121:9618?addrs=192.168.16.121-9618&alias=condor-d20-01.ppe.cluster&noUDP&sock=startd_40545_137a>
...
006 (32094.000.000) 2021-07-02 00:56:30 Image size of job updated: 22396
	16  -  MemoryUsage of job (MB)
	15932  -  ResidentSetSize of job (KB)
...
006 (32094.000.000) 2021-07-02 01:01:30 Image size of job updated: 1769704
	879  -  MemoryUsage of job (MB)
	899720  -  ResidentSetSize of job (KB)
...
006 (32094.000.000) 2021-07-02 01:06:30 Image size of job updated: 1821860
	1071  -  MemoryUsage of job (MB)
	1095804  -  ResidentSetSize of job (KB)
...
006 (32094.000.000) 2021-07-02 01:36:33 Image size of job updated: 1824500
	1071  -  MemoryUsage of job (MB)
	1095804  -  ResidentSetSize of job (KB)
...
006 (32094.000.000) 2021-07-02 01:41:34 Image size of job updated: 1833392
	1071  -  MemoryUsage of job (MB)
	1095804  -  ResidentSetSize of job (KB)
...
006 (32094.000.000) 2021-07-02 02:36:40 Image size of job updated: 1858076
	1071  -  MemoryUsage of job (MB)
	1095804  -  ResidentSetSize of job (KB)
...
006 (32094.000.000) 2021-07-02 02:56:41 Image size of job updated: 1904556
	1071  -  MemoryUsage of job (MB)
	1095804  -  ResidentSetSize of job (KB)
...
040 (32094.000.000) 2021-07-02 10:41:41 Started transferring output files
...
040 (32094.000.000) 2021-07-02 10:41:41 Finished transferring output files
...
005 (32094.000.000) 2021-07-02 10:41:41 Job terminated.
	(1) Normal termination (return value 0)
		Usr 0 08:37:28, Sys 0 01:02:44  -  Run Remote Usage
		Usr 0 00:00:00, Sys 0 00:00:00  -  Run Local Usage
		Usr 0 08:37:28, Sys 0 01:02:44  -  Total Remote Usage
		Usr 0 00:00:00, Sys 0 00:00:00  -  Total Local Usage
	1232937  -  Run Bytes Sent By Job
	314  -  Run Bytes Received By Job
	1232937  -  Total Bytes Sent By Job
	314  -  Total Bytes Received By Job
	Partitionable Resources :    Usage  Request Allocated 
	   Cpus                 :     1.00        1         1 
	   Disk (KB)            :  1219           1   3637421 
	   Memory (MB)          :  1071        1024      1024 

	Job terminated of its own accord at 2021-07-02T09:41:41Z.
...
