000 (31558.000.000) 2021-07-01 15:13:52 Job submitted from host: <194.36.1.200:9618?addrs=194.36.1.200-9618&alias=hex.ppe.gla.ac.uk&noUDP&sock=schedd_1401_8c46>
...
040 (31558.000.000) 2021-07-01 15:15:16 Started transferring input files
	Transferring to host: <192.168.16.103:9618?addrs=192.168.16.103-9618&alias=condor-h16-03.ppe.cluster&noUDP&sock=slot1_18_20749_4c25_3423>
...
040 (31558.000.000) 2021-07-01 15:15:16 Finished transferring input files
...
001 (31558.000.000) 2021-07-01 15:15:17 Job executing on host: <192.168.16.103:9618?addrs=192.168.16.103-9618&alias=condor-h16-03.ppe.cluster&noUDP&sock=startd_20690_3293>
...
006 (31558.000.000) 2021-07-01 15:15:26 Image size of job updated: 85380
	2  -  MemoryUsage of job (MB)
	1092  -  ResidentSetSize of job (KB)
...
006 (31558.000.000) 2021-07-01 15:20:27 Image size of job updated: 1778736
	599  -  MemoryUsage of job (MB)
	613344  -  ResidentSetSize of job (KB)
...
006 (31558.000.000) 2021-07-01 15:25:28 Image size of job updated: 1826040
	614  -  MemoryUsage of job (MB)
	628172  -  ResidentSetSize of job (KB)
...
006 (31558.000.000) 2021-07-01 15:30:28 Image size of job updated: 1826040
	1069  -  MemoryUsage of job (MB)
	1094576  -  ResidentSetSize of job (KB)
...
006 (31558.000.000) 2021-07-01 15:50:30 Image size of job updated: 1826040
	1084  -  MemoryUsage of job (MB)
	1109368  -  ResidentSetSize of job (KB)
...
006 (31558.000.000) 2021-07-01 17:30:41 Image size of job updated: 1835312
	1084  -  MemoryUsage of job (MB)
	1109368  -  ResidentSetSize of job (KB)
...
006 (31558.000.000) 2021-07-01 17:50:43 Image size of job updated: 1856228
	1084  -  MemoryUsage of job (MB)
	1109368  -  ResidentSetSize of job (KB)
...
006 (31558.000.000) 2021-07-01 18:30:47 Image size of job updated: 1862032
	1084  -  MemoryUsage of job (MB)
	1109368  -  ResidentSetSize of job (KB)
...
006 (31558.000.000) 2021-07-01 19:55:55 Image size of job updated: 1886060
	1084  -  MemoryUsage of job (MB)
	1109368  -  ResidentSetSize of job (KB)
...
006 (31558.000.000) 2021-07-01 20:10:57 Image size of job updated: 1893436
	1084  -  MemoryUsage of job (MB)
	1109368  -  ResidentSetSize of job (KB)
...
040 (31558.000.000) 2021-07-02 06:19:18 Started transferring output files
...
040 (31558.000.000) 2021-07-02 06:19:18 Finished transferring output files
...
005 (31558.000.000) 2021-07-02 06:19:18 Job terminated.
	(1) Normal termination (return value 0)
		Usr 0 12:54:00, Sys 0 01:56:56  -  Run Remote Usage
		Usr 0 00:00:00, Sys 0 00:00:00  -  Run Local Usage
		Usr 0 12:54:00, Sys 0 01:56:56  -  Total Remote Usage
		Usr 0 00:00:00, Sys 0 00:00:00  -  Total Local Usage
	1229350  -  Run Bytes Sent By Job
	318  -  Run Bytes Received By Job
	1229350  -  Total Bytes Sent By Job
	318  -  Total Bytes Received By Job
	Partitionable Resources :    Usage  Request Allocated 
	   Cpus                 :     0.99        1         1 
	   Disk (KB)            :  1216           1    914158 
	   Memory (MB)          :  1084        1024      1024 

	Job terminated of its own accord at 2021-07-02T05:19:18Z.
...
