000 (31528.000.000) 2021-07-01 15:13:51 Job submitted from host: <194.36.1.200:9618?addrs=194.36.1.200-9618&alias=hex.ppe.gla.ac.uk&noUDP&sock=schedd_1401_8c46>
...
040 (31528.000.000) 2021-07-01 15:15:16 Started transferring input files
	Transferring to host: <192.168.16.103:9618?addrs=192.168.16.103-9618&alias=condor-h16-03.ppe.cluster&noUDP&sock=slot1_14_20749_4c25_3419>
...
001 (31528.000.000) 2021-07-01 15:15:17 Job executing on host: <192.168.16.103:9618?addrs=192.168.16.103-9618&alias=condor-h16-03.ppe.cluster&noUDP&sock=startd_20690_3293>
...
040 (31528.000.000) 2021-07-01 15:15:17 Finished transferring input files
...
006 (31528.000.000) 2021-07-01 15:15:25 Image size of job updated: 85380
	2  -  MemoryUsage of job (MB)
	1088  -  ResidentSetSize of job (KB)
...
006 (31528.000.000) 2021-07-01 15:20:25 Image size of job updated: 1792736
	872  -  MemoryUsage of job (MB)
	892644  -  ResidentSetSize of job (KB)
...
006 (31528.000.000) 2021-07-01 15:30:26 Image size of job updated: 1792736
	1036  -  MemoryUsage of job (MB)
	1060368  -  ResidentSetSize of job (KB)
...
006 (31528.000.000) 2021-07-01 15:35:26 Image size of job updated: 1792736
	1038  -  MemoryUsage of job (MB)
	1062908  -  ResidentSetSize of job (KB)
...
006 (31528.000.000) 2021-07-01 15:40:28 Image size of job updated: 1797704
	1058  -  MemoryUsage of job (MB)
	1082676  -  ResidentSetSize of job (KB)
...
006 (31528.000.000) 2021-07-01 15:55:29 Image size of job updated: 1815152
	1075  -  MemoryUsage of job (MB)
	1100060  -  ResidentSetSize of job (KB)
...
006 (31528.000.000) 2021-07-01 16:00:30 Image size of job updated: 1819776
	1078  -  MemoryUsage of job (MB)
	1102984  -  ResidentSetSize of job (KB)
...
006 (31528.000.000) 2021-07-01 16:05:30 Image size of job updated: 1828724
	1078  -  MemoryUsage of job (MB)
	1102984  -  ResidentSetSize of job (KB)
...
006 (31528.000.000) 2021-07-01 17:05:37 Image size of job updated: 1845240
	1078  -  MemoryUsage of job (MB)
	1102984  -  ResidentSetSize of job (KB)
...
006 (31528.000.000) 2021-07-01 18:05:42 Image size of job updated: 1848596
	1078  -  MemoryUsage of job (MB)
	1102984  -  ResidentSetSize of job (KB)
...
006 (31528.000.000) 2021-07-01 18:20:43 Image size of job updated: 1865252
	1078  -  MemoryUsage of job (MB)
	1102984  -  ResidentSetSize of job (KB)
...
006 (31528.000.000) 2021-07-01 18:40:46 Image size of job updated: 1871236
	1078  -  MemoryUsage of job (MB)
	1102984  -  ResidentSetSize of job (KB)
...
006 (31528.000.000) 2021-07-01 21:01:00 Image size of job updated: 1873684
	1078  -  MemoryUsage of job (MB)
	1102984  -  ResidentSetSize of job (KB)
...
006 (31528.000.000) 2021-07-02 02:06:34 Image size of job updated: 1907140
	1078  -  MemoryUsage of job (MB)
	1102984  -  ResidentSetSize of job (KB)
...
040 (31528.000.000) 2021-07-02 07:52:42 Started transferring output files
...
040 (31528.000.000) 2021-07-02 07:52:43 Finished transferring output files
...
005 (31528.000.000) 2021-07-02 07:52:43 Job terminated.
	(1) Normal termination (return value 0)
		Usr 0 13:54:58, Sys 0 02:14:49  -  Run Remote Usage
		Usr 0 00:00:00, Sys 0 00:00:00  -  Run Local Usage
		Usr 0 13:54:58, Sys 0 02:14:49  -  Total Remote Usage
		Usr 0 00:00:00, Sys 0 00:00:00  -  Total Local Usage
	1240994  -  Run Bytes Sent By Job
	314  -  Run Bytes Received By Job
	1240994  -  Total Bytes Sent By Job
	314  -  Total Bytes Received By Job
	Partitionable Resources :    Usage  Request Allocated 
	   Cpus                 :     0.94        1         1 
	   Disk (KB)            :  1227           1    914158 
	   Memory (MB)          :  1078        1024      1024 

	Job terminated of its own accord at 2021-07-02T06:52:42Z.
...
