000 (31690.000.000) 2021-07-01 15:13:59 Job submitted from host: <194.36.1.200:9618?addrs=194.36.1.200-9618&alias=hex.ppe.gla.ac.uk&noUDP&sock=schedd_1401_8c46>
...
040 (31690.000.000) 2021-07-01 15:15:17 Started transferring input files
	Transferring to host: <192.168.16.112:9618?addrs=192.168.16.112-9618&alias=condor-d19-02.ppe.cluster&noUDP&sock=slot1_23_83748_cac7_5477>
...
040 (31690.000.000) 2021-07-01 15:15:17 Finished transferring input files
...
001 (31690.000.000) 2021-07-01 15:15:18 Job executing on host: <192.168.16.112:9618?addrs=192.168.16.112-9618&alias=condor-d19-02.ppe.cluster&noUDP&sock=startd_2914_5710>
...
006 (31690.000.000) 2021-07-01 15:15:26 Image size of job updated: 85380
	2  -  MemoryUsage of job (MB)
	1092  -  ResidentSetSize of job (KB)
...
006 (31690.000.000) 2021-07-01 15:20:26 Image size of job updated: 1762408
	692  -  MemoryUsage of job (MB)
	707696  -  ResidentSetSize of job (KB)
...
006 (31690.000.000) 2021-07-01 15:25:27 Image size of job updated: 1789408
	873  -  MemoryUsage of job (MB)
	893164  -  ResidentSetSize of job (KB)
...
006 (31690.000.000) 2021-07-01 15:35:27 Image size of job updated: 1810324
	873  -  MemoryUsage of job (MB)
	893164  -  ResidentSetSize of job (KB)
...
006 (31690.000.000) 2021-07-01 15:45:29 Image size of job updated: 1810324
	1038  -  MemoryUsage of job (MB)
	1062196  -  ResidentSetSize of job (KB)
...
006 (31690.000.000) 2021-07-01 16:00:31 Image size of job updated: 1852944
	1038  -  MemoryUsage of job (MB)
	1062196  -  ResidentSetSize of job (KB)
...
006 (31690.000.000) 2021-07-01 17:15:39 Image size of job updated: 1870300
	1038  -  MemoryUsage of job (MB)
	1062196  -  ResidentSetSize of job (KB)
...
006 (31690.000.000) 2021-07-01 21:51:09 Image size of job updated: 1888756
	1038  -  MemoryUsage of job (MB)
	1062196  -  ResidentSetSize of job (KB)
...
040 (31690.000.000) 2021-07-02 03:35:00 Started transferring output files
...
040 (31690.000.000) 2021-07-02 03:35:00 Finished transferring output files
...
005 (31690.000.000) 2021-07-02 03:35:00 Job terminated.
	(1) Normal termination (return value 0)
		Usr 0 10:43:42, Sys 0 01:28:46  -  Run Remote Usage
		Usr 0 00:00:00, Sys 0 00:00:00  -  Run Local Usage
		Usr 0 10:43:42, Sys 0 01:28:46  -  Total Remote Usage
		Usr 0 00:00:00, Sys 0 00:00:00  -  Total Local Usage
	1077476  -  Run Bytes Sent By Job
	314  -  Run Bytes Received By Job
	1077476  -  Total Bytes Sent By Job
	314  -  Total Bytes Received By Job
	Partitionable Resources :    Usage  Request Allocated 
	   Cpus                 :     1.00        1         1 
	   Disk (KB)            :  1068           1    825748 
	   Memory (MB)          :  1038        1024      1024 

	Job terminated of its own accord at 2021-07-02T02:35:00Z.
...
