000 (31970.000.000) 2021-07-01 15:15:32 Job submitted from host: <194.36.1.200:9618?addrs=194.36.1.200-9618&alias=hex.ppe.gla.ac.uk&noUDP&sock=schedd_1401_8c46>
...
040 (31970.000.000) 2021-07-02 00:27:44 Started transferring input files
	Transferring to host: <192.168.16.113:9618?addrs=192.168.16.113-9618&alias=condor-d19-03.ppe.cluster&noUDP&sock=slot1_20_1284_71ad_5438>
...
040 (31970.000.000) 2021-07-02 00:27:44 Finished transferring input files
...
001 (31970.000.000) 2021-07-02 00:27:45 Job executing on host: <192.168.16.113:9618?addrs=192.168.16.113-9618&alias=condor-d19-03.ppe.cluster&noUDP&sock=startd_2634_488c>
...
006 (31970.000.000) 2021-07-02 00:27:53 Image size of job updated: 23104
	2  -  MemoryUsage of job (MB)
	1144  -  ResidentSetSize of job (KB)
...
006 (31970.000.000) 2021-07-02 00:32:53 Image size of job updated: 1789272
	935  -  MemoryUsage of job (MB)
	957048  -  ResidentSetSize of job (KB)
...
006 (31970.000.000) 2021-07-02 00:37:53 Image size of job updated: 1853276
	935  -  MemoryUsage of job (MB)
	957048  -  ResidentSetSize of job (KB)
...
006 (31970.000.000) 2021-07-02 01:12:57 Image size of job updated: 1853276
	956  -  MemoryUsage of job (MB)
	977984  -  ResidentSetSize of job (KB)
...
006 (31970.000.000) 2021-07-02 01:42:59 Image size of job updated: 1853276
	959  -  MemoryUsage of job (MB)
	981068  -  ResidentSetSize of job (KB)
...
006 (31970.000.000) 2021-07-02 02:03:02 Image size of job updated: 1854672
	959  -  MemoryUsage of job (MB)
	981068  -  ResidentSetSize of job (KB)
...
006 (31970.000.000) 2021-07-02 02:13:03 Image size of job updated: 1859508
	959  -  MemoryUsage of job (MB)
	981068  -  ResidentSetSize of job (KB)
...
006 (31970.000.000) 2021-07-02 02:28:04 Image size of job updated: 1859508
	959  -  MemoryUsage of job (MB)
	981868  -  ResidentSetSize of job (KB)
...
006 (31970.000.000) 2021-07-02 02:33:04 Image size of job updated: 1865432
	959  -  MemoryUsage of job (MB)
	981868  -  ResidentSetSize of job (KB)
...
006 (31970.000.000) 2021-07-02 03:08:09 Image size of job updated: 1865432
	966  -  MemoryUsage of job (MB)
	989020  -  ResidentSetSize of job (KB)
...
006 (31970.000.000) 2021-07-02 03:13:10 Image size of job updated: 1873116
	966  -  MemoryUsage of job (MB)
	989020  -  ResidentSetSize of job (KB)
...
006 (31970.000.000) 2021-07-02 04:43:18 Image size of job updated: 1880224
	966  -  MemoryUsage of job (MB)
	989020  -  ResidentSetSize of job (KB)
...
040 (31970.000.000) 2021-07-02 09:49:41 Started transferring output files
...
040 (31970.000.000) 2021-07-02 09:49:41 Finished transferring output files
...
005 (31970.000.000) 2021-07-02 09:49:41 Job terminated.
	(1) Normal termination (return value 0)
		Usr 0 08:20:35, Sys 0 00:57:06  -  Run Remote Usage
		Usr 0 00:00:00, Sys 0 00:00:00  -  Run Local Usage
		Usr 0 08:20:35, Sys 0 00:57:06  -  Total Remote Usage
		Usr 0 00:00:00, Sys 0 00:00:00  -  Total Local Usage
	1072620  -  Run Bytes Sent By Job
	314  -  Run Bytes Received By Job
	1072620  -  Total Bytes Sent By Job
	314  -  Total Bytes Received By Job
	Partitionable Resources :    Usage  Request Allocated 
	   Cpus                 :     1.00        1         1 
	   Disk (KB)            :  1063           1   3637421 
	   Memory (MB)          :   966        1024      1024 

	Job terminated of its own accord at 2021-07-02T08:49:41Z.
...
