000 (31979.000.000) 2021-07-01 15:15:32 Job submitted from host: <194.36.1.200:9618?addrs=194.36.1.200-9618&alias=hex.ppe.gla.ac.uk&noUDP&sock=schedd_1401_8c46>
...
040 (31979.000.000) 2021-07-02 00:27:44 Started transferring input files
	Transferring to host: <192.168.16.113:9618?addrs=192.168.16.113-9618&alias=condor-d19-03.ppe.cluster&noUDP&sock=slot1_50_1284_71ad_5447>
...
040 (31979.000.000) 2021-07-02 00:27:44 Finished transferring input files
...
001 (31979.000.000) 2021-07-02 00:27:45 Job executing on host: <192.168.16.113:9618?addrs=192.168.16.113-9618&alias=condor-d19-03.ppe.cluster&noUDP&sock=startd_2634_488c>
...
006 (31979.000.000) 2021-07-02 00:27:54 Image size of job updated: 23212
	2  -  MemoryUsage of job (MB)
	1156  -  ResidentSetSize of job (KB)
...
006 (31979.000.000) 2021-07-02 00:32:55 Image size of job updated: 1807616
	881  -  MemoryUsage of job (MB)
	901924  -  ResidentSetSize of job (KB)
...
006 (31979.000.000) 2021-07-02 00:42:59 Image size of job updated: 1807616
	894  -  MemoryUsage of job (MB)
	914668  -  ResidentSetSize of job (KB)
...
006 (31979.000.000) 2021-07-02 00:47:56 Image size of job updated: 1814920
	954  -  MemoryUsage of job (MB)
	976084  -  ResidentSetSize of job (KB)
...
006 (31979.000.000) 2021-07-02 00:52:56 Image size of job updated: 1825428
	964  -  MemoryUsage of job (MB)
	987064  -  ResidentSetSize of job (KB)
...
006 (31979.000.000) 2021-07-02 01:12:57 Image size of job updated: 1848456
	964  -  MemoryUsage of job (MB)
	987064  -  ResidentSetSize of job (KB)
...
006 (31979.000.000) 2021-07-02 02:03:02 Image size of job updated: 1857084
	964  -  MemoryUsage of job (MB)
	987064  -  ResidentSetSize of job (KB)
...
006 (31979.000.000) 2021-07-02 02:23:04 Image size of job updated: 1883060
	964  -  MemoryUsage of job (MB)
	987064  -  ResidentSetSize of job (KB)
...
006 (31979.000.000) 2021-07-02 03:18:10 Image size of job updated: 1883060
	979  -  MemoryUsage of job (MB)
	1001540  -  ResidentSetSize of job (KB)
...
006 (31979.000.000) 2021-07-02 07:03:33 Image size of job updated: 1891732
	979  -  MemoryUsage of job (MB)
	1001540  -  ResidentSetSize of job (KB)
...
040 (31979.000.000) 2021-07-02 10:05:06 Started transferring output files
...
040 (31979.000.000) 2021-07-02 10:05:06 Finished transferring output files
...
005 (31979.000.000) 2021-07-02 10:05:06 Job terminated.
	(1) Normal termination (return value 0)
		Usr 0 08:34:28, Sys 0 00:58:16  -  Run Remote Usage
		Usr 0 00:00:00, Sys 0 00:00:00  -  Run Local Usage
		Usr 0 08:34:28, Sys 0 00:58:16  -  Total Remote Usage
		Usr 0 00:00:00, Sys 0 00:00:00  -  Total Local Usage
	1076050  -  Run Bytes Sent By Job
	314  -  Run Bytes Received By Job
	1076050  -  Total Bytes Sent By Job
	314  -  Total Bytes Received By Job
	Partitionable Resources :    Usage  Request Allocated 
	   Cpus                 :     1.00        1         1 
	   Disk (KB)            :  1066           1   3637421 
	   Memory (MB)          :   979        1024      1024 

	Job terminated of its own accord at 2021-07-02T09:05:06Z.
...
