000 (31536.000.000) 2021-07-01 15:13:51 Job submitted from host: <194.36.1.200:9618?addrs=194.36.1.200-9618&alias=hex.ppe.gla.ac.uk&noUDP&sock=schedd_1401_8c46>
...
040 (31536.000.000) 2021-07-01 15:15:15 Started transferring input files
	Transferring to host: <192.168.16.104:9618?addrs=192.168.16.104-9618&alias=condor-h16-04.ppe.cluster&noUDP&sock=slot1_14_20677_9122_4255>
...
040 (31536.000.000) 2021-07-01 15:15:15 Finished transferring input files
...
001 (31536.000.000) 2021-07-01 15:15:16 Job executing on host: <192.168.16.104:9618?addrs=192.168.16.104-9618&alias=condor-h16-04.ppe.cluster&noUDP&sock=startd_20625_9ceb>
...
006 (31536.000.000) 2021-07-01 15:15:25 Image size of job updated: 75592
	2  -  MemoryUsage of job (MB)
	1108  -  ResidentSetSize of job (KB)
...
006 (31536.000.000) 2021-07-01 15:20:26 Image size of job updated: 1846332
	617  -  MemoryUsage of job (MB)
	631252  -  ResidentSetSize of job (KB)
...
006 (31536.000.000) 2021-07-01 15:25:26 Image size of job updated: 1846332
	931  -  MemoryUsage of job (MB)
	953040  -  ResidentSetSize of job (KB)
...
006 (31536.000.000) 2021-07-01 15:30:26 Image size of job updated: 1846332
	1031  -  MemoryUsage of job (MB)
	1055240  -  ResidentSetSize of job (KB)
...
006 (31536.000.000) 2021-07-01 15:35:27 Image size of job updated: 1846332
	1053  -  MemoryUsage of job (MB)
	1078252  -  ResidentSetSize of job (KB)
...
006 (31536.000.000) 2021-07-01 16:45:34 Image size of job updated: 1854600
	1053  -  MemoryUsage of job (MB)
	1078252  -  ResidentSetSize of job (KB)
...
006 (31536.000.000) 2021-07-01 17:50:41 Image size of job updated: 1886852
	1053  -  MemoryUsage of job (MB)
	1078252  -  ResidentSetSize of job (KB)
...
006 (31536.000.000) 2021-07-01 18:55:47 Image size of job updated: 1891684
	1053  -  MemoryUsage of job (MB)
	1078252  -  ResidentSetSize of job (KB)
...
006 (31536.000.000) 2021-07-02 03:46:42 Image size of job updated: 1896600
	1053  -  MemoryUsage of job (MB)
	1078252  -  ResidentSetSize of job (KB)
...
040 (31536.000.000) 2021-07-02 05:47:48 Started transferring output files
...
040 (31536.000.000) 2021-07-02 05:47:48 Finished transferring output files
...
005 (31536.000.000) 2021-07-02 05:47:48 Job terminated.
	(1) Normal termination (return value 0)
		Usr 0 12:30:27, Sys 0 01:53:27  -  Run Remote Usage
		Usr 0 00:00:00, Sys 0 00:00:00  -  Run Local Usage
		Usr 0 12:30:27, Sys 0 01:53:27  -  Total Remote Usage
		Usr 0 00:00:00, Sys 0 00:00:00  -  Total Local Usage
	1063138  -  Run Bytes Sent By Job
	314  -  Run Bytes Received By Job
	1063138  -  Total Bytes Sent By Job
	314  -  Total Bytes Received By Job
	Partitionable Resources :    Usage  Request Allocated 
	   Cpus                 :     0.99        1         1 
	   Disk (KB)            :  1054           1    914154 
	   Memory (MB)          :  1053        1024      1024 

	Job terminated of its own accord at 2021-07-02T04:47:48Z.
...
