000 (32378.000.000) 2021-07-01 15:16:01 Job submitted from host: <194.36.1.200:9618?addrs=194.36.1.200-9618&alias=hex.ppe.gla.ac.uk&noUDP&sock=schedd_1401_8c46>
...
040 (32378.000.000) 2021-07-02 06:35:48 Started transferring input files
	Transferring to host: <192.168.16.121:9618?addrs=192.168.16.121-9618&alias=condor-d20-01.ppe.cluster&noUDP&sock=slot1_64_59603_7491_5774>
...
040 (32378.000.000) 2021-07-02 06:35:48 Finished transferring input files
...
001 (32378.000.000) 2021-07-02 06:35:49 Job executing on host: <192.168.16.121:9618?addrs=192.168.16.121-9618&alias=condor-d20-01.ppe.cluster&noUDP&sock=startd_40545_137a>
...
006 (32378.000.000) 2021-07-02 06:35:58 Image size of job updated: 1136
	2  -  MemoryUsage of job (MB)
	1136  -  ResidentSetSize of job (KB)
...
006 (32378.000.000) 2021-07-02 06:40:58 Image size of job updated: 1780056
	1027  -  MemoryUsage of job (MB)
	1050816  -  ResidentSetSize of job (KB)
...
006 (32378.000.000) 2021-07-02 06:45:58 Image size of job updated: 1838084
	1060  -  MemoryUsage of job (MB)
	1085160  -  ResidentSetSize of job (KB)
...
006 (32378.000.000) 2021-07-02 07:06:01 Image size of job updated: 1858056
	1060  -  MemoryUsage of job (MB)
	1085160  -  ResidentSetSize of job (KB)
...
006 (32378.000.000) 2021-07-02 08:16:09 Image size of job updated: 1868768
	1060  -  MemoryUsage of job (MB)
	1085160  -  ResidentSetSize of job (KB)
...
006 (32378.000.000) 2021-07-02 08:21:09 Image size of job updated: 1893224
	1060  -  MemoryUsage of job (MB)
	1085160  -  ResidentSetSize of job (KB)
...
040 (32378.000.000) 2021-07-02 14:02:37 Started transferring output files
...
040 (32378.000.000) 2021-07-02 14:02:37 Finished transferring output files
...
005 (32378.000.000) 2021-07-02 14:02:37 Job terminated.
	(1) Normal termination (return value 0)
		Usr 0 06:34:47, Sys 0 00:47:44  -  Run Remote Usage
		Usr 0 00:00:00, Sys 0 00:00:00  -  Run Local Usage
		Usr 0 06:34:47, Sys 0 00:47:44  -  Total Remote Usage
		Usr 0 00:00:00, Sys 0 00:00:00  -  Total Local Usage
	1069696  -  Run Bytes Sent By Job
	316  -  Run Bytes Received By Job
	1069696  -  Total Bytes Sent By Job
	316  -  Total Bytes Received By Job
	Partitionable Resources :    Usage  Request Allocated 
	   Cpus                 :     0.99        1         1 
	   Disk (KB)            :  1060           1   3637421 
	   Memory (MB)          :  1060        1024      1024 

	Job terminated of its own accord at 2021-07-02T13:02:37Z.
...
