000 (31929.000.000) 2021-07-01 15:15:29 Job submitted from host: <194.36.1.200:9618?addrs=194.36.1.200-9618&alias=hex.ppe.gla.ac.uk&noUDP&sock=schedd_1401_8c46>
...
040 (31929.000.000) 2021-07-01 21:28:34 Started transferring input files
	Transferring to host: <192.168.16.111:9618?addrs=192.168.16.111-9618&alias=condor-d19-01.ppe.cluster&noUDP&sock=slot1_25_88351_05a2_5159>
...
040 (31929.000.000) 2021-07-01 21:28:34 Finished transferring input files
...
001 (31929.000.000) 2021-07-01 21:28:35 Job executing on host: <192.168.16.111:9618?addrs=192.168.16.111-9618&alias=condor-d19-01.ppe.cluster&noUDP&sock=startd_2932_afc5>
...
006 (31929.000.000) 2021-07-01 21:28:43 Image size of job updated: 23076
	2  -  MemoryUsage of job (MB)
	1112  -  ResidentSetSize of job (KB)
...
006 (31929.000.000) 2021-07-01 21:33:43 Image size of job updated: 1769704
	1028  -  MemoryUsage of job (MB)
	1052396  -  ResidentSetSize of job (KB)
...
006 (31929.000.000) 2021-07-01 21:38:43 Image size of job updated: 1821860
	1028  -  MemoryUsage of job (MB)
	1052396  -  ResidentSetSize of job (KB)
...
006 (31929.000.000) 2021-07-01 21:43:44 Image size of job updated: 1821860
	1049  -  MemoryUsage of job (MB)
	1073548  -  ResidentSetSize of job (KB)
...
006 (31929.000.000) 2021-07-01 22:13:46 Image size of job updated: 1824500
	1049  -  MemoryUsage of job (MB)
	1073548  -  ResidentSetSize of job (KB)
...
006 (31929.000.000) 2021-07-01 22:18:47 Image size of job updated: 1833392
	1049  -  MemoryUsage of job (MB)
	1073548  -  ResidentSetSize of job (KB)
...
006 (31929.000.000) 2021-07-01 23:23:55 Image size of job updated: 1858076
	1049  -  MemoryUsage of job (MB)
	1073548  -  ResidentSetSize of job (KB)
...
006 (31929.000.000) 2021-07-01 23:53:58 Image size of job updated: 1904556
	1049  -  MemoryUsage of job (MB)
	1073548  -  ResidentSetSize of job (KB)
...
040 (31929.000.000) 2021-07-02 08:44:25 Started transferring output files
...
040 (31929.000.000) 2021-07-02 08:44:25 Finished transferring output files
...
005 (31929.000.000) 2021-07-02 08:44:25 Job terminated.
	(1) Normal termination (return value 0)
		Usr 0 09:47:51, Sys 0 01:21:15  -  Run Remote Usage
		Usr 0 00:00:00, Sys 0 00:00:00  -  Run Local Usage
		Usr 0 09:47:51, Sys 0 01:21:15  -  Total Remote Usage
		Usr 0 00:00:00, Sys 0 00:00:00  -  Total Local Usage
	1232937  -  Run Bytes Sent By Job
	314  -  Run Bytes Received By Job
	1232937  -  Total Bytes Sent By Job
	314  -  Total Bytes Received By Job
	Partitionable Resources :    Usage  Request Allocated 
	   Cpus                 :     1.00        1         1 
	   Disk (KB)            :  1220           1    825748 
	   Memory (MB)          :  1049        1024      1024 

	Job terminated of its own accord at 2021-07-02T07:44:25Z.
...
