000 (31995.000.000) 2021-07-01 15:15:33 Job submitted from host: <194.36.1.200:9618?addrs=194.36.1.200-9618&alias=hex.ppe.gla.ac.uk&noUDP&sock=schedd_1401_8c46>
...
040 (31995.000.000) 2021-07-02 00:28:44 Started transferring input files
	Transferring to host: <192.168.16.113:9618?addrs=192.168.16.113-9618&alias=condor-d19-03.ppe.cluster&noUDP&sock=slot1_34_1284_71ad_5454>
...
040 (31995.000.000) 2021-07-02 00:28:44 Finished transferring input files
...
001 (31995.000.000) 2021-07-02 00:28:45 Job executing on host: <192.168.16.113:9618?addrs=192.168.16.113-9618&alias=condor-d19-03.ppe.cluster&noUDP&sock=startd_2634_488c>
...
006 (31995.000.000) 2021-07-02 00:28:53 Image size of job updated: 22396
	21  -  MemoryUsage of job (MB)
	20896  -  ResidentSetSize of job (KB)
...
006 (31995.000.000) 2021-07-02 00:33:53 Image size of job updated: 1790148
	1011  -  MemoryUsage of job (MB)
	1034568  -  ResidentSetSize of job (KB)
...
006 (31995.000.000) 2021-07-02 00:43:55 Image size of job updated: 1818364
	1011  -  MemoryUsage of job (MB)
	1034568  -  ResidentSetSize of job (KB)
...
006 (31995.000.000) 2021-07-02 01:03:57 Image size of job updated: 1827160
	1011  -  MemoryUsage of job (MB)
	1034568  -  ResidentSetSize of job (KB)
...
006 (31995.000.000) 2021-07-02 01:18:58 Image size of job updated: 1842748
	1011  -  MemoryUsage of job (MB)
	1034568  -  ResidentSetSize of job (KB)
...
006 (31995.000.000) 2021-07-02 01:39:00 Image size of job updated: 1860288
	1011  -  MemoryUsage of job (MB)
	1034568  -  ResidentSetSize of job (KB)
...
006 (31995.000.000) 2021-07-02 02:04:04 Image size of job updated: 1864104
	1011  -  MemoryUsage of job (MB)
	1034568  -  ResidentSetSize of job (KB)
...
006 (31995.000.000) 2021-07-02 05:19:24 Image size of job updated: 1872012
	1011  -  MemoryUsage of job (MB)
	1034568  -  ResidentSetSize of job (KB)
...
006 (31995.000.000) 2021-07-02 05:54:28 Image size of job updated: 1874528
	1011  -  MemoryUsage of job (MB)
	1034568  -  ResidentSetSize of job (KB)
...
006 (31995.000.000) 2021-07-02 07:09:35 Image size of job updated: 1881196
	1011  -  MemoryUsage of job (MB)
	1034568  -  ResidentSetSize of job (KB)
...
006 (31995.000.000) 2021-07-02 07:49:40 Image size of job updated: 1902528
	1011  -  MemoryUsage of job (MB)
	1034568  -  ResidentSetSize of job (KB)
...
040 (31995.000.000) 2021-07-02 09:43:27 Started transferring output files
...
040 (31995.000.000) 2021-07-02 09:43:27 Finished transferring output files
...
005 (31995.000.000) 2021-07-02 09:43:27 Job terminated.
	(1) Normal termination (return value 0)
		Usr 0 08:13:04, Sys 0 00:57:14  -  Run Remote Usage
		Usr 0 00:00:00, Sys 0 00:00:00  -  Run Local Usage
		Usr 0 08:13:04, Sys 0 00:57:14  -  Total Remote Usage
		Usr 0 00:00:00, Sys 0 00:00:00  -  Total Local Usage
	1237153  -  Run Bytes Sent By Job
	318  -  Run Bytes Received By Job
	1237153  -  Total Bytes Sent By Job
	318  -  Total Bytes Received By Job
	Partitionable Resources :    Usage  Request Allocated 
	   Cpus                 :     0.99        1         1 
	   Disk (KB)            :  1224           1   3637421 
	   Memory (MB)          :  1011        1024      1024 

	Job terminated of its own accord at 2021-07-02T08:43:26Z.
...
