000 (31899.000.000) 2021-07-01 15:15:27 Job submitted from host: <194.36.1.200:9618?addrs=194.36.1.200-9618&alias=hex.ppe.gla.ac.uk&noUDP&sock=schedd_1401_8c46>
...
040 (31899.000.000) 2021-07-01 15:16:38 Started transferring input files
	Transferring to host: <192.168.16.111:9618?addrs=192.168.16.111-9618&alias=condor-d19-01.ppe.cluster&noUDP&sock=slot1_19_88351_05a2_5155>
...
040 (31899.000.000) 2021-07-01 15:16:38 Finished transferring input files
...
001 (31899.000.000) 2021-07-01 15:16:39 Job executing on host: <192.168.16.111:9618?addrs=192.168.16.111-9618&alias=condor-d19-01.ppe.cluster&noUDP&sock=startd_2932_afc5>
...
006 (31899.000.000) 2021-07-01 15:16:48 Image size of job updated: 85380
	5  -  MemoryUsage of job (MB)
	4692  -  ResidentSetSize of job (KB)
...
006 (31899.000.000) 2021-07-01 15:17:02 Image size of job updated: 869888
	5  -  MemoryUsage of job (MB)
	4700  -  ResidentSetSize of job (KB)
...
040 (31899.000.000) 2021-07-01 15:17:02 Started transferring output files
...
040 (31899.000.000) 2021-07-01 15:17:02 Finished transferring output files
...
005 (31899.000.000) 2021-07-01 15:17:02 Job terminated.
	(1) Normal termination (return value 0)
		Usr 0 00:00:12, Sys 0 00:00:06  -  Run Remote Usage
		Usr 0 00:00:00, Sys 0 00:00:00  -  Run Local Usage
		Usr 0 00:00:12, Sys 0 00:00:06  -  Total Remote Usage
		Usr 0 00:00:00, Sys 0 00:00:00  -  Total Local Usage
	712833  -  Run Bytes Sent By Job
	318  -  Run Bytes Received By Job
	712833  -  Total Bytes Sent By Job
	318  -  Total Bytes Received By Job
	Partitionable Resources :    Usage  Request Allocated 
	   Cpus                 :                 1         1 
	   Disk (KB)            :      706        1    825748 
	   Memory (MB)          :        5     1024      1024 

	Job terminated of its own accord at 2021-07-01T14:17:02Z.
...
