000 (32297.000.000) 2021-07-01 15:15:54 Job submitted from host: <194.36.1.200:9618?addrs=194.36.1.200-9618&alias=hex.ppe.gla.ac.uk&noUDP&sock=schedd_1401_8c46>
...
040 (32297.000.000) 2021-07-02 03:55:58 Started transferring input files
	Transferring to host: <192.168.16.112:9618?addrs=192.168.16.112-9618&alias=condor-d19-02.ppe.cluster&noUDP&sock=slot1_28_83748_cac7_5664>
...
040 (32297.000.000) 2021-07-02 03:55:58 Finished transferring input files
...
001 (32297.000.000) 2021-07-02 03:55:59 Job executing on host: <192.168.16.112:9618?addrs=192.168.16.112-9618&alias=condor-d19-02.ppe.cluster&noUDP&sock=startd_2914_5710>
...
006 (32297.000.000) 2021-07-02 03:56:08 Image size of job updated: 23208
	1  -  MemoryUsage of job (MB)
	860  -  ResidentSetSize of job (KB)
...
006 (32297.000.000) 2021-07-02 04:01:09 Image size of job updated: 1802948
	1030  -  MemoryUsage of job (MB)
	1054600  -  ResidentSetSize of job (KB)
...
006 (32297.000.000) 2021-07-02 04:06:10 Image size of job updated: 1815696
	1030  -  MemoryUsage of job (MB)
	1054600  -  ResidentSetSize of job (KB)
...
006 (32297.000.000) 2021-07-02 04:46:13 Image size of job updated: 1824316
	1030  -  MemoryUsage of job (MB)
	1054600  -  ResidentSetSize of job (KB)
...
006 (32297.000.000) 2021-07-02 05:21:17 Image size of job updated: 1834660
	1030  -  MemoryUsage of job (MB)
	1054600  -  ResidentSetSize of job (KB)
...
006 (32297.000.000) 2021-07-02 05:56:21 Image size of job updated: 1842384
	1030  -  MemoryUsage of job (MB)
	1054600  -  ResidentSetSize of job (KB)
...
006 (32297.000.000) 2021-07-02 06:01:22 Image size of job updated: 1876812
	1030  -  MemoryUsage of job (MB)
	1054600  -  ResidentSetSize of job (KB)
...
006 (32297.000.000) 2021-07-02 06:21:24 Image size of job updated: 1877680
	1030  -  MemoryUsage of job (MB)
	1054600  -  ResidentSetSize of job (KB)
...
006 (32297.000.000) 2021-07-02 06:56:27 Image size of job updated: 1881896
	1030  -  MemoryUsage of job (MB)
	1054600  -  ResidentSetSize of job (KB)
...
006 (32297.000.000) 2021-07-02 15:17:20 Image size of job updated: 1898988
	1030  -  MemoryUsage of job (MB)
	1054600  -  ResidentSetSize of job (KB)
...
040 (32297.000.000) 2021-07-02 15:51:06 Started transferring output files
...
040 (32297.000.000) 2021-07-02 15:51:06 Finished transferring output files
...
005 (32297.000.000) 2021-07-02 15:51:06 Job terminated.
	(1) Normal termination (return value 0)
		Usr 0 10:21:59, Sys 0 01:25:17  -  Run Remote Usage
		Usr 0 00:00:00, Sys 0 00:00:00  -  Run Local Usage
		Usr 0 10:21:59, Sys 0 01:25:17  -  Total Remote Usage
		Usr 0 00:00:00, Sys 0 00:00:00  -  Total Local Usage
	1246623  -  Run Bytes Sent By Job
	314  -  Run Bytes Received By Job
	1246623  -  Total Bytes Sent By Job
	314  -  Total Bytes Received By Job
	Partitionable Resources :    Usage  Request Allocated 
	   Cpus                 :     1.00        1         1 
	   Disk (KB)            :  1233           1    825748 
	   Memory (MB)          :  1030        1024      1024 

	Job terminated of its own accord at 2021-07-02T14:51:06Z.
...
