000 (32268.000.000) 2021-07-01 15:15:52 Job submitted from host: <194.36.1.200:9618?addrs=194.36.1.200-9618&alias=hex.ppe.gla.ac.uk&noUDP&sock=schedd_1401_8c46>
...
040 (32268.000.000) 2021-07-02 03:32:48 Started transferring input files
	Transferring to host: <192.168.16.112:9618?addrs=192.168.16.112-9618&alias=condor-d19-02.ppe.cluster&noUDP&sock=slot1_59_83748_cac7_5635>
...
040 (32268.000.000) 2021-07-02 03:32:48 Finished transferring input files
...
001 (32268.000.000) 2021-07-02 03:32:49 Job executing on host: <192.168.16.112:9618?addrs=192.168.16.112-9618&alias=condor-d19-02.ppe.cluster&noUDP&sock=startd_2914_5710>
...
006 (32268.000.000) 2021-07-02 03:32:57 Image size of job updated: 1148
	2  -  MemoryUsage of job (MB)
	1148  -  ResidentSetSize of job (KB)
...
006 (32268.000.000) 2021-07-02 03:37:57 Image size of job updated: 1780052
	1025  -  MemoryUsage of job (MB)
	1049240  -  ResidentSetSize of job (KB)
...
006 (32268.000.000) 2021-07-02 03:42:58 Image size of job updated: 1838080
	1025  -  MemoryUsage of job (MB)
	1049240  -  ResidentSetSize of job (KB)
...
006 (32268.000.000) 2021-07-02 04:08:00 Image size of job updated: 1858056
	1025  -  MemoryUsage of job (MB)
	1049240  -  ResidentSetSize of job (KB)
...
006 (32268.000.000) 2021-07-02 05:33:07 Image size of job updated: 1868764
	1025  -  MemoryUsage of job (MB)
	1049240  -  ResidentSetSize of job (KB)
...
006 (32268.000.000) 2021-07-02 05:43:09 Image size of job updated: 1893220
	1025  -  MemoryUsage of job (MB)
	1049240  -  ResidentSetSize of job (KB)
...
040 (32268.000.000) 2021-07-02 15:20:11 Started transferring output files
...
040 (32268.000.000) 2021-07-02 15:20:11 Finished transferring output files
...
005 (32268.000.000) 2021-07-02 15:20:11 Job terminated.
	(1) Normal termination (return value 0)
		Usr 0 10:14:54, Sys 0 01:23:49  -  Run Remote Usage
		Usr 0 00:00:00, Sys 0 00:00:00  -  Run Local Usage
		Usr 0 10:14:54, Sys 0 01:23:49  -  Total Remote Usage
		Usr 0 00:00:00, Sys 0 00:00:00  -  Total Local Usage
	1069696  -  Run Bytes Sent By Job
	316  -  Run Bytes Received By Job
	1069696  -  Total Bytes Sent By Job
	316  -  Total Bytes Received By Job
	Partitionable Resources :    Usage  Request Allocated 
	   Cpus                 :     1.00        1         1 
	   Disk (KB)            :  1060           1    825748 
	   Memory (MB)          :  1025        1024      1024 

	Job terminated of its own accord at 2021-07-02T14:20:11Z.
...
