000 (32027.000.000) 2021-07-01 15:15:36 Job submitted from host: <194.36.1.200:9618?addrs=194.36.1.200-9618&alias=hex.ppe.gla.ac.uk&noUDP&sock=schedd_1401_8c46>
...
040 (32027.000.000) 2021-07-02 00:36:44 Started transferring input files
	Transferring to host: <192.168.16.121:9618?addrs=192.168.16.121-9618&alias=condor-d20-01.ppe.cluster&noUDP&sock=slot1_11_59603_7491_5671>
...
040 (32027.000.000) 2021-07-02 00:36:44 Finished transferring input files
...
001 (32027.000.000) 2021-07-02 00:36:45 Job executing on host: <192.168.16.121:9618?addrs=192.168.16.121-9618&alias=condor-d20-01.ppe.cluster&noUDP&sock=startd_40545_137a>
...
006 (32027.000.000) 2021-07-02 00:36:53 Image size of job updated: 23104
	2  -  MemoryUsage of job (MB)
	1156  -  ResidentSetSize of job (KB)
...
006 (32027.000.000) 2021-07-02 00:41:53 Image size of job updated: 1794228
	902  -  MemoryUsage of job (MB)
	922732  -  ResidentSetSize of job (KB)
...
006 (32027.000.000) 2021-07-02 00:46:54 Image size of job updated: 1798484
	1059  -  MemoryUsage of job (MB)
	1084088  -  ResidentSetSize of job (KB)
...
006 (32027.000.000) 2021-07-02 00:51:54 Image size of job updated: 1798972
	1059  -  MemoryUsage of job (MB)
	1084400  -  ResidentSetSize of job (KB)
...
006 (32027.000.000) 2021-07-02 00:56:54 Image size of job updated: 1800516
	1059  -  MemoryUsage of job (MB)
	1084400  -  ResidentSetSize of job (KB)
...
006 (32027.000.000) 2021-07-02 01:01:55 Image size of job updated: 1811908
	1059  -  MemoryUsage of job (MB)
	1084400  -  ResidentSetSize of job (KB)
...
006 (32027.000.000) 2021-07-02 01:11:56 Image size of job updated: 1812772
	1059  -  MemoryUsage of job (MB)
	1084400  -  ResidentSetSize of job (KB)
...
006 (32027.000.000) 2021-07-02 01:26:58 Image size of job updated: 1816120
	1059  -  MemoryUsage of job (MB)
	1084400  -  ResidentSetSize of job (KB)
...
006 (32027.000.000) 2021-07-02 01:57:01 Image size of job updated: 1816304
	1059  -  MemoryUsage of job (MB)
	1084400  -  ResidentSetSize of job (KB)
...
006 (32027.000.000) 2021-07-02 02:22:04 Image size of job updated: 1838784
	1059  -  MemoryUsage of job (MB)
	1084400  -  ResidentSetSize of job (KB)
...
006 (32027.000.000) 2021-07-02 02:27:05 Image size of job updated: 1855356
	1059  -  MemoryUsage of job (MB)
	1084400  -  ResidentSetSize of job (KB)
...
006 (32027.000.000) 2021-07-02 02:37:05 Image size of job updated: 1856520
	1059  -  MemoryUsage of job (MB)
	1084400  -  ResidentSetSize of job (KB)
...
006 (32027.000.000) 2021-07-02 02:52:06 Image size of job updated: 1875144
	1059  -  MemoryUsage of job (MB)
	1084400  -  ResidentSetSize of job (KB)
...
006 (32027.000.000) 2021-07-02 02:57:07 Image size of job updated: 1903424
	1059  -  MemoryUsage of job (MB)
	1084400  -  ResidentSetSize of job (KB)
...
040 (32027.000.000) 2021-07-02 10:28:09 Started transferring output files
...
040 (32027.000.000) 2021-07-02 10:28:09 Finished transferring output files
...
005 (32027.000.000) 2021-07-02 10:28:09 Job terminated.
	(1) Normal termination (return value 0)
		Usr 0 08:44:10, Sys 0 01:01:56  -  Run Remote Usage
		Usr 0 00:00:00, Sys 0 00:00:00  -  Run Local Usage
		Usr 0 08:44:10, Sys 0 01:01:56  -  Total Remote Usage
		Usr 0 00:00:00, Sys 0 00:00:00  -  Total Local Usage
	1076889  -  Run Bytes Sent By Job
	314  -  Run Bytes Received By Job
	1076889  -  Total Bytes Sent By Job
	314  -  Total Bytes Received By Job
	Partitionable Resources :    Usage  Request Allocated 
	   Cpus                 :     1.00        1         1 
	   Disk (KB)            :  1067           1   3637421 
	   Memory (MB)          :  1059        1024      1024 

	Job terminated of its own accord at 2021-07-02T09:28:09Z.
...
