000 (31912.000.000) 2021-07-01 15:15:28 Job submitted from host: <194.36.1.200:9618?addrs=194.36.1.200-9618&alias=hex.ppe.gla.ac.uk&noUDP&sock=schedd_1401_8c46>
...
040 (31912.000.000) 2021-07-01 15:16:48 Started transferring input files
	Transferring to host: <192.168.16.112:9618?addrs=192.168.16.112-9618&alias=condor-d19-02.ppe.cluster&noUDP&sock=slot1_8_83748_cac7_5527>
...
040 (31912.000.000) 2021-07-01 15:16:48 Finished transferring input files
...
001 (31912.000.000) 2021-07-01 15:16:49 Job executing on host: <192.168.16.112:9618?addrs=192.168.16.112-9618&alias=condor-d19-02.ppe.cluster&noUDP&sock=startd_2914_5710>
...
006 (31912.000.000) 2021-07-01 15:16:57 Image size of job updated: 23188
	2  -  MemoryUsage of job (MB)
	1124  -  ResidentSetSize of job (KB)
...
006 (31912.000.000) 2021-07-01 15:21:57 Image size of job updated: 1802944
	1032  -  MemoryUsage of job (MB)
	1056716  -  ResidentSetSize of job (KB)
...
006 (31912.000.000) 2021-07-01 15:26:58 Image size of job updated: 1815692
	1032  -  MemoryUsage of job (MB)
	1056716  -  ResidentSetSize of job (KB)
...
006 (31912.000.000) 2021-07-01 16:07:02 Image size of job updated: 1824312
	1032  -  MemoryUsage of job (MB)
	1056716  -  ResidentSetSize of job (KB)
...
006 (31912.000.000) 2021-07-01 16:42:06 Image size of job updated: 1834656
	1032  -  MemoryUsage of job (MB)
	1056716  -  ResidentSetSize of job (KB)
...
006 (31912.000.000) 2021-07-01 17:12:09 Image size of job updated: 1842380
	1032  -  MemoryUsage of job (MB)
	1056716  -  ResidentSetSize of job (KB)
...
006 (31912.000.000) 2021-07-01 17:22:10 Image size of job updated: 1876808
	1032  -  MemoryUsage of job (MB)
	1056716  -  ResidentSetSize of job (KB)
...
006 (31912.000.000) 2021-07-01 17:37:13 Image size of job updated: 1877676
	1032  -  MemoryUsage of job (MB)
	1056716  -  ResidentSetSize of job (KB)
...
006 (31912.000.000) 2021-07-01 18:12:16 Image size of job updated: 1881892
	1032  -  MemoryUsage of job (MB)
	1056716  -  ResidentSetSize of job (KB)
...
006 (31912.000.000) 2021-07-02 02:48:10 Image size of job updated: 1898984
	1032  -  MemoryUsage of job (MB)
	1056716  -  ResidentSetSize of job (KB)
...
040 (31912.000.000) 2021-07-02 03:44:00 Started transferring output files
...
040 (31912.000.000) 2021-07-02 03:44:00 Finished transferring output files
...
005 (31912.000.000) 2021-07-02 03:44:00 Job terminated.
	(1) Normal termination (return value 0)
		Usr 0 10:45:42, Sys 0 01:31:46  -  Run Remote Usage
		Usr 0 00:00:00, Sys 0 00:00:00  -  Run Local Usage
		Usr 0 10:45:42, Sys 0 01:31:46  -  Total Remote Usage
		Usr 0 00:00:00, Sys 0 00:00:00  -  Total Local Usage
	1246623  -  Run Bytes Sent By Job
	314  -  Run Bytes Received By Job
	1246623  -  Total Bytes Sent By Job
	314  -  Total Bytes Received By Job
	Partitionable Resources :    Usage  Request Allocated 
	   Cpus                 :     1.00        1         1 
	   Disk (KB)            :  1233           1    825748 
	   Memory (MB)          :  1032        1024      1024 

	Job terminated of its own accord at 2021-07-02T02:44:00Z.
...
