000 (32397.000.000) 2021-07-01 15:16:04 Job submitted from host: <194.36.1.200:9618?addrs=194.36.1.200-9618&alias=hex.ppe.gla.ac.uk&noUDP&sock=schedd_1401_8c46>
...
040 (32397.000.000) 2021-07-02 06:48:49 Started transferring input files
	Transferring to host: <192.168.16.101:9618?addrs=192.168.16.101-9618&alias=condor-h16-01.ppe.cluster&noUDP&sock=slot1_24_30212_d646_4739>
...
040 (32397.000.000) 2021-07-02 06:48:49 Finished transferring input files
...
001 (32397.000.000) 2021-07-02 06:48:50 Job executing on host: <192.168.16.101:9618?addrs=192.168.16.101-9618&alias=condor-h16-01.ppe.cluster&noUDP&sock=startd_2155_baae>
...
006 (32397.000.000) 2021-07-02 06:48:58 Image size of job updated: 23216
	2  -  MemoryUsage of job (MB)
	1140  -  ResidentSetSize of job (KB)
...
006 (32397.000.000) 2021-07-02 06:53:58 Image size of job updated: 1811332
	753  -  MemoryUsage of job (MB)
	770192  -  ResidentSetSize of job (KB)
...
006 (32397.000.000) 2021-07-02 06:58:58 Image size of job updated: 1811332
	875  -  MemoryUsage of job (MB)
	895052  -  ResidentSetSize of job (KB)
...
006 (32397.000.000) 2021-07-02 07:03:59 Image size of job updated: 1835584
	875  -  MemoryUsage of job (MB)
	895052  -  ResidentSetSize of job (KB)
...
006 (32397.000.000) 2021-07-02 10:14:18 Image size of job updated: 1844320
	875  -  MemoryUsage of job (MB)
	895052  -  ResidentSetSize of job (KB)
...
006 (32397.000.000) 2021-07-02 11:44:27 Image size of job updated: 1861460
	875  -  MemoryUsage of job (MB)
	895052  -  ResidentSetSize of job (KB)
...
006 (32397.000.000) 2021-07-02 13:19:36 Image size of job updated: 1866500
	875  -  MemoryUsage of job (MB)
	895052  -  ResidentSetSize of job (KB)
...
006 (32397.000.000) 2021-07-02 13:49:39 Image size of job updated: 1880872
	875  -  MemoryUsage of job (MB)
	895052  -  ResidentSetSize of job (KB)
...
006 (32397.000.000) 2021-07-02 13:59:40 Image size of job updated: 1896240
	875  -  MemoryUsage of job (MB)
	895052  -  ResidentSetSize of job (KB)
...
006 (32397.000.000) 2021-07-02 17:50:05 Image size of job updated: 1898628
	875  -  MemoryUsage of job (MB)
	895052  -  ResidentSetSize of job (KB)
...
040 (32397.000.000) 2021-07-02 21:33:09 Started transferring output files
...
040 (32397.000.000) 2021-07-02 21:33:09 Finished transferring output files
...
005 (32397.000.000) 2021-07-02 21:33:09 Job terminated.
	(1) Normal termination (return value 0)
		Usr 0 09:20:12, Sys 0 01:38:01  -  Run Remote Usage
		Usr 0 00:00:00, Sys 0 00:00:00  -  Run Local Usage
		Usr 0 09:20:12, Sys 0 01:38:01  -  Total Remote Usage
		Usr 0 00:00:00, Sys 0 00:00:00  -  Total Local Usage
	1077885  -  Run Bytes Sent By Job
	318  -  Run Bytes Received By Job
	1077885  -  Total Bytes Sent By Job
	318  -  Total Bytes Received By Job
	Partitionable Resources :    Usage  Request Allocated 
	   Cpus                 :     1.00        1         1 
	   Disk (KB)            :  1068           1    864796 
	   Memory (MB)          :   875        1024      1024 

	Job terminated of its own accord at 2021-07-02T20:33:09Z.
...
