000 (31442.000.000) 2021-07-01 15:13:46 Job submitted from host: <194.36.1.200:9618?addrs=194.36.1.200-9618&alias=hex.ppe.gla.ac.uk&noUDP&sock=schedd_1401_8c46>
...
040 (31442.000.000) 2021-07-01 15:15:15 Started transferring input files
	Transferring to host: <192.168.16.111:9618?addrs=192.168.16.111-9618&alias=condor-d19-01.ppe.cluster&noUDP&sock=slot1_4_88351_05a2_5098>
...
001 (31442.000.000) 2021-07-01 15:15:16 Job executing on host: <192.168.16.111:9618?addrs=192.168.16.111-9618&alias=condor-d19-01.ppe.cluster&noUDP&sock=startd_2932_afc5>
...
040 (31442.000.000) 2021-07-01 15:15:16 Finished transferring input files
...
006 (31442.000.000) 2021-07-01 15:15:25 Image size of job updated: 75608
	1  -  MemoryUsage of job (MB)
	804  -  ResidentSetSize of job (KB)
...
006 (31442.000.000) 2021-07-01 15:20:25 Image size of job updated: 1780060
	1027  -  MemoryUsage of job (MB)
	1051388  -  ResidentSetSize of job (KB)
...
006 (31442.000.000) 2021-07-01 15:25:25 Image size of job updated: 1838088
	1027  -  MemoryUsage of job (MB)
	1051388  -  ResidentSetSize of job (KB)
...
006 (31442.000.000) 2021-07-01 15:35:27 Image size of job updated: 1838088
	1033  -  MemoryUsage of job (MB)
	1057764  -  ResidentSetSize of job (KB)
...
006 (31442.000.000) 2021-07-01 15:45:28 Image size of job updated: 1858056
	1117  -  MemoryUsage of job (MB)
	1143000  -  ResidentSetSize of job (KB)
...
006 (31442.000.000) 2021-07-01 17:05:35 Image size of job updated: 1868772
	1117  -  MemoryUsage of job (MB)
	1143000  -  ResidentSetSize of job (KB)
...
006 (31442.000.000) 2021-07-01 17:15:37 Image size of job updated: 1893228
	1117  -  MemoryUsage of job (MB)
	1143000  -  ResidentSetSize of job (KB)
...
040 (31442.000.000) 2021-07-02 02:21:12 Started transferring output files
...
040 (31442.000.000) 2021-07-02 02:21:12 Finished transferring output files
...
005 (31442.000.000) 2021-07-02 02:21:12 Job terminated.
	(1) Normal termination (return value 0)
		Usr 0 09:41:49, Sys 0 01:18:54  -  Run Remote Usage
		Usr 0 00:00:00, Sys 0 00:00:00  -  Run Local Usage
		Usr 0 09:41:49, Sys 0 01:18:54  -  Total Remote Usage
		Usr 0 00:00:00, Sys 0 00:00:00  -  Total Local Usage
	1069696  -  Run Bytes Sent By Job
	316  -  Run Bytes Received By Job
	1069696  -  Total Bytes Sent By Job
	316  -  Total Bytes Received By Job
	Partitionable Resources :    Usage  Request Allocated 
	   Cpus                 :     1.00        1         1 
	   Disk (KB)            :  1060           1    825748 
	   Memory (MB)          :  1117        1024      1024 

	Job terminated of its own accord at 2021-07-02T01:21:12Z.
...
