000 (32244.000.000) 2021-07-01 15:15:51 Job submitted from host: <194.36.1.200:9618?addrs=194.36.1.200-9618&alias=hex.ppe.gla.ac.uk&noUDP&sock=schedd_1401_8c46>
...
040 (32244.000.000) 2021-07-02 03:12:07 Started transferring input files
	Transferring to host: <192.168.16.111:9618?addrs=192.168.16.111-9618&alias=condor-d19-01.ppe.cluster&noUDP&sock=slot1_50_88351_05a2_5570>
...
040 (32244.000.000) 2021-07-02 03:12:07 Finished transferring input files
...
001 (32244.000.000) 2021-07-02 03:12:08 Job executing on host: <192.168.16.111:9618?addrs=192.168.16.111-9618&alias=condor-d19-01.ppe.cluster&noUDP&sock=startd_2932_afc5>
...
006 (32244.000.000) 2021-07-02 03:12:17 Image size of job updated: 23108
	2  -  MemoryUsage of job (MB)
	1124  -  ResidentSetSize of job (KB)
...
006 (32244.000.000) 2021-07-02 03:17:18 Image size of job updated: 1792732
	833  -  MemoryUsage of job (MB)
	852560  -  ResidentSetSize of job (KB)
...
006 (32244.000.000) 2021-07-02 03:22:19 Image size of job updated: 1792732
	990  -  MemoryUsage of job (MB)
	1013072  -  ResidentSetSize of job (KB)
...
006 (32244.000.000) 2021-07-02 03:32:20 Image size of job updated: 1797704
	990  -  MemoryUsage of job (MB)
	1013072  -  ResidentSetSize of job (KB)
...
006 (32244.000.000) 2021-07-02 03:42:21 Image size of job updated: 1819776
	1034  -  MemoryUsage of job (MB)
	1058204  -  ResidentSetSize of job (KB)
...
006 (32244.000.000) 2021-07-02 03:47:21 Image size of job updated: 1828724
	1034  -  MemoryUsage of job (MB)
	1058204  -  ResidentSetSize of job (KB)
...
006 (32244.000.000) 2021-07-02 04:27:26 Image size of job updated: 1845240
	1034  -  MemoryUsage of job (MB)
	1058204  -  ResidentSetSize of job (KB)
...
006 (32244.000.000) 2021-07-02 05:07:29 Image size of job updated: 1848596
	1034  -  MemoryUsage of job (MB)
	1058204  -  ResidentSetSize of job (KB)
...
006 (32244.000.000) 2021-07-02 05:17:31 Image size of job updated: 1865252
	1034  -  MemoryUsage of job (MB)
	1058204  -  ResidentSetSize of job (KB)
...
006 (32244.000.000) 2021-07-02 05:32:33 Image size of job updated: 1871236
	1034  -  MemoryUsage of job (MB)
	1058204  -  ResidentSetSize of job (KB)
...
006 (32244.000.000) 2021-07-02 07:07:41 Image size of job updated: 1873684
	1034  -  MemoryUsage of job (MB)
	1058204  -  ResidentSetSize of job (KB)
...
006 (32244.000.000) 2021-07-02 10:33:03 Image size of job updated: 1907140
	1034  -  MemoryUsage of job (MB)
	1058204  -  ResidentSetSize of job (KB)
...
040 (32244.000.000) 2021-07-02 14:02:59 Started transferring output files
...
040 (32244.000.000) 2021-07-02 14:02:59 Finished transferring output files
...
005 (32244.000.000) 2021-07-02 14:02:59 Job terminated.
	(1) Normal termination (return value 0)
		Usr 0 09:29:34, Sys 0 01:18:04  -  Run Remote Usage
		Usr 0 00:00:00, Sys 0 00:00:00  -  Run Local Usage
		Usr 0 09:29:34, Sys 0 01:18:04  -  Total Remote Usage
		Usr 0 00:00:00, Sys 0 00:00:00  -  Total Local Usage
	1240994  -  Run Bytes Sent By Job
	314  -  Run Bytes Received By Job
	1240994  -  Total Bytes Sent By Job
	314  -  Total Bytes Received By Job
	Partitionable Resources :    Usage  Request Allocated 
	   Cpus                 :     1.00        1         1 
	   Disk (KB)            :  1228           1    825748 
	   Memory (MB)          :  1034        1024      1024 

	Job terminated of its own accord at 2021-07-02T13:02:59Z.
...
