000 (31478.000.000) 2021-07-01 15:13:48 Job submitted from host: <194.36.1.200:9618?addrs=194.36.1.200-9618&alias=hex.ppe.gla.ac.uk&noUDP&sock=schedd_1401_8c46>
...
040 (31478.000.000) 2021-07-01 15:15:15 Started transferring input files
	Transferring to host: <192.168.16.101:9618?addrs=192.168.16.101-9618&alias=condor-h16-01.ppe.cluster&noUDP&sock=slot1_11_30212_d646_4670>
...
040 (31478.000.000) 2021-07-01 15:15:15 Finished transferring input files
...
001 (31478.000.000) 2021-07-01 15:15:16 Job executing on host: <192.168.16.101:9618?addrs=192.168.16.101-9618&alias=condor-h16-01.ppe.cluster&noUDP&sock=startd_2155_baae>
...
006 (31478.000.000) 2021-07-01 15:15:25 Image size of job updated: 75592
	1  -  MemoryUsage of job (MB)
	820  -  ResidentSetSize of job (KB)
...
006 (31478.000.000) 2021-07-01 15:20:26 Image size of job updated: 1807036
	601  -  MemoryUsage of job (MB)
	614924  -  ResidentSetSize of job (KB)
...
006 (31478.000.000) 2021-07-01 15:25:26 Image size of job updated: 1807036
	1017  -  MemoryUsage of job (MB)
	1041044  -  ResidentSetSize of job (KB)
...
006 (31478.000.000) 2021-07-01 15:30:26 Image size of job updated: 1807036
	1040  -  MemoryUsage of job (MB)
	1064296  -  ResidentSetSize of job (KB)
...
006 (31478.000.000) 2021-07-01 15:50:29 Image size of job updated: 1807416
	1040  -  MemoryUsage of job (MB)
	1064296  -  ResidentSetSize of job (KB)
...
006 (31478.000.000) 2021-07-01 16:00:30 Image size of job updated: 1807416
	1058  -  MemoryUsage of job (MB)
	1082900  -  ResidentSetSize of job (KB)
...
006 (31478.000.000) 2021-07-01 16:45:35 Image size of job updated: 1807852
	1058  -  MemoryUsage of job (MB)
	1082900  -  ResidentSetSize of job (KB)
...
006 (31478.000.000) 2021-07-01 17:05:37 Image size of job updated: 1817076
	1058  -  MemoryUsage of job (MB)
	1082900  -  ResidentSetSize of job (KB)
...
006 (31478.000.000) 2021-07-01 17:10:37 Image size of job updated: 1817452
	1058  -  MemoryUsage of job (MB)
	1082900  -  ResidentSetSize of job (KB)
...
006 (31478.000.000) 2021-07-01 17:30:39 Image size of job updated: 1819056
	1058  -  MemoryUsage of job (MB)
	1082900  -  ResidentSetSize of job (KB)
...
006 (31478.000.000) 2021-07-01 17:40:40 Image size of job updated: 1871756
	1058  -  MemoryUsage of job (MB)
	1082900  -  ResidentSetSize of job (KB)
...
006 (31478.000.000) 2021-07-01 18:00:42 Image size of job updated: 1886444
	1058  -  MemoryUsage of job (MB)
	1082900  -  ResidentSetSize of job (KB)
...
006 (31478.000.000) 2021-07-01 19:25:51 Image size of job updated: 1891500
	1058  -  MemoryUsage of job (MB)
	1082900  -  ResidentSetSize of job (KB)
...
006 (31478.000.000) 2021-07-02 00:41:24 Image size of job updated: 1891656
	1058  -  MemoryUsage of job (MB)
	1082900  -  ResidentSetSize of job (KB)
...
006 (31478.000.000) 2021-07-02 05:56:54 Image size of job updated: 1910620
	1058  -  MemoryUsage of job (MB)
	1082900  -  ResidentSetSize of job (KB)
...
040 (31478.000.000) 2021-07-02 06:13:53 Started transferring output files
...
040 (31478.000.000) 2021-07-02 06:13:53 Finished transferring output files
...
005 (31478.000.000) 2021-07-02 06:13:53 Job terminated.
	(1) Normal termination (return value 0)
		Usr 0 12:50:36, Sys 0 01:54:25  -  Run Remote Usage
		Usr 0 00:00:00, Sys 0 00:00:00  -  Run Local Usage
		Usr 0 12:50:36, Sys 0 01:54:25  -  Total Remote Usage
		Usr 0 00:00:00, Sys 0 00:00:00  -  Total Local Usage
	1071608  -  Run Bytes Sent By Job
	314  -  Run Bytes Received By Job
	1071608  -  Total Bytes Sent By Job
	314  -  Total Bytes Received By Job
	Partitionable Resources :    Usage  Request Allocated 
	   Cpus                 :     0.99        1         1 
	   Disk (KB)            :  1062           1    864796 
	   Memory (MB)          :  1058        1024      1024 

	Job terminated of its own accord at 2021-07-02T05:13:53Z.
...
