000 (31489.000.000) 2021-07-01 15:13:49 Job submitted from host: <194.36.1.200:9618?addrs=194.36.1.200-9618&alias=hex.ppe.gla.ac.uk&noUDP&sock=schedd_1401_8c46>
...
040 (31489.000.000) 2021-07-01 15:15:15 Started transferring input files
	Transferring to host: <192.168.16.111:9618?addrs=192.168.16.111-9618&alias=condor-d19-01.ppe.cluster&noUDP&sock=slot1_8_88351_05a2_5102>
...
001 (31489.000.000) 2021-07-01 15:15:17 Job executing on host: <192.168.16.111:9618?addrs=192.168.16.111-9618&alias=condor-d19-01.ppe.cluster&noUDP&sock=startd_2932_afc5>
...
040 (31489.000.000) 2021-07-01 15:15:17 Finished transferring input files
...
006 (31489.000.000) 2021-07-01 15:15:25 Image size of job updated: 85380
	1  -  MemoryUsage of job (MB)
	576  -  ResidentSetSize of job (KB)
...
006 (31489.000.000) 2021-07-01 15:20:25 Image size of job updated: 1811084
	1036  -  MemoryUsage of job (MB)
	1060780  -  ResidentSetSize of job (KB)
...
006 (31489.000.000) 2021-07-01 15:30:27 Image size of job updated: 1811084
	1055  -  MemoryUsage of job (MB)
	1080080  -  ResidentSetSize of job (KB)
...
006 (31489.000.000) 2021-07-01 15:40:27 Image size of job updated: 1842536
	1055  -  MemoryUsage of job (MB)
	1080080  -  ResidentSetSize of job (KB)
...
006 (31489.000.000) 2021-07-01 16:40:33 Image size of job updated: 1842536
	1063  -  MemoryUsage of job (MB)
	1088480  -  ResidentSetSize of job (KB)
...
006 (31489.000.000) 2021-07-01 17:05:35 Image size of job updated: 1843440
	1063  -  MemoryUsage of job (MB)
	1088480  -  ResidentSetSize of job (KB)
...
006 (31489.000.000) 2021-07-01 17:10:36 Image size of job updated: 1843440
	1068  -  MemoryUsage of job (MB)
	1093312  -  ResidentSetSize of job (KB)
...
006 (31489.000.000) 2021-07-01 17:20:37 Image size of job updated: 1886940
	1089  -  MemoryUsage of job (MB)
	1114332  -  ResidentSetSize of job (KB)
...
006 (31489.000.000) 2021-07-01 19:05:49 Image size of job updated: 1904000
	1124  -  MemoryUsage of job (MB)
	1150884  -  ResidentSetSize of job (KB)
...
040 (31489.000.000) 2021-07-02 02:34:16 Started transferring output files
...
040 (31489.000.000) 2021-07-02 02:34:17 Finished transferring output files
...
005 (31489.000.000) 2021-07-02 02:34:17 Job terminated.
	(1) Normal termination (return value 0)
		Usr 0 09:55:06, Sys 0 01:22:02  -  Run Remote Usage
		Usr 0 00:00:00, Sys 0 00:00:00  -  Run Local Usage
		Usr 0 09:55:06, Sys 0 01:22:02  -  Total Remote Usage
		Usr 0 00:00:00, Sys 0 00:00:00  -  Total Local Usage
	1070960  -  Run Bytes Sent By Job
	314  -  Run Bytes Received By Job
	1070960  -  Total Bytes Sent By Job
	314  -  Total Bytes Received By Job
	Partitionable Resources :    Usage  Request Allocated 
	   Cpus                 :     1.00        1         1 
	   Disk (KB)            :  1061           1    825748 
	   Memory (MB)          :  1124        1024      1024 

	Job terminated of its own accord at 2021-07-02T01:34:16Z.
...
