000 (31424.000.000) 2021-07-01 15:13:45 Job submitted from host: <194.36.1.200:9618?addrs=194.36.1.200-9618&alias=hex.ppe.gla.ac.uk&noUDP&sock=schedd_1401_8c46>
...
040 (31424.000.000) 2021-07-01 15:15:15 Started transferring input files
	Transferring to host: <192.168.16.121:9618?addrs=192.168.16.121-9618&alias=condor-d20-01.ppe.cluster&noUDP&sock=slot1_1_59603_7491_5559>
...
040 (31424.000.000) 2021-07-01 15:15:15 Finished transferring input files
...
001 (31424.000.000) 2021-07-01 15:15:16 Job executing on host: <192.168.16.121:9618?addrs=192.168.16.121-9618&alias=condor-d20-01.ppe.cluster&noUDP&sock=startd_40545_137a>
...
006 (31424.000.000) 2021-07-01 15:15:24 Image size of job updated: 85380
	1  -  MemoryUsage of job (MB)
	800  -  ResidentSetSize of job (KB)
...
006 (31424.000.000) 2021-07-01 15:20:24 Image size of job updated: 1818208
	1015  -  MemoryUsage of job (MB)
	1038604  -  ResidentSetSize of job (KB)
...
006 (31424.000.000) 2021-07-01 15:30:26 Image size of job updated: 1818208
	1066  -  MemoryUsage of job (MB)
	1090632  -  ResidentSetSize of job (KB)
...
006 (31424.000.000) 2021-07-01 16:05:30 Image size of job updated: 1819424
	1066  -  MemoryUsage of job (MB)
	1090632  -  ResidentSetSize of job (KB)
...
006 (31424.000.000) 2021-07-01 16:15:31 Image size of job updated: 1819424
	1072  -  MemoryUsage of job (MB)
	1096896  -  ResidentSetSize of job (KB)
...
006 (31424.000.000) 2021-07-01 16:20:31 Image size of job updated: 1854128
	1108  -  MemoryUsage of job (MB)
	1134144  -  ResidentSetSize of job (KB)
...
006 (31424.000.000) 2021-07-01 16:45:34 Image size of job updated: 1855804
	1108  -  MemoryUsage of job (MB)
	1134144  -  ResidentSetSize of job (KB)
...
006 (31424.000.000) 2021-07-01 16:50:35 Image size of job updated: 1876200
	1108  -  MemoryUsage of job (MB)
	1134144  -  ResidentSetSize of job (KB)
...
006 (31424.000.000) 2021-07-01 16:55:35 Image size of job updated: 1888084
	1108  -  MemoryUsage of job (MB)
	1134144  -  ResidentSetSize of job (KB)
...
040 (31424.000.000) 2021-07-02 00:27:55 Started transferring output files
...
040 (31424.000.000) 2021-07-02 00:27:55 Finished transferring output files
...
005 (31424.000.000) 2021-07-02 00:27:55 Job terminated.
	(1) Normal termination (return value 0)
		Usr 0 08:11:59, Sys 0 00:58:34  -  Run Remote Usage
		Usr 0 00:00:00, Sys 0 00:00:00  -  Run Local Usage
		Usr 0 08:11:59, Sys 0 00:58:34  -  Total Remote Usage
		Usr 0 00:00:00, Sys 0 00:00:00  -  Total Local Usage
	1218878  -  Run Bytes Sent By Job
	314  -  Run Bytes Received By Job
	1218878  -  Total Bytes Sent By Job
	314  -  Total Bytes Received By Job
	Partitionable Resources :    Usage  Request Allocated 
	   Cpus                 :     1.00        1         1 
	   Disk (KB)            :  1206           1   3637421 
	   Memory (MB)          :  1108        1024      1024 

	Job terminated of its own accord at 2021-07-01T23:27:55Z.
...
