000 (32099.000.000) 2021-07-01 15:15:40 Job submitted from host: <194.36.1.200:9618?addrs=194.36.1.200-9618&alias=hex.ppe.gla.ac.uk&noUDP&sock=schedd_1401_8c46>
...
040 (32099.000.000) 2021-07-02 00:57:21 Started transferring input files
	Transferring to host: <192.168.16.121:9618?addrs=192.168.16.121-9618&alias=condor-d20-01.ppe.cluster&noUDP&sock=slot1_51_59603_7491_5712>
...
040 (32099.000.000) 2021-07-02 00:57:21 Finished transferring input files
...
001 (32099.000.000) 2021-07-02 00:57:22 Job executing on host: <192.168.16.121:9618?addrs=192.168.16.121-9618&alias=condor-d20-01.ppe.cluster&noUDP&sock=startd_40545_137a>
...
006 (32099.000.000) 2021-07-02 00:57:31 Image size of job updated: 22396
	2  -  MemoryUsage of job (MB)
	1164  -  ResidentSetSize of job (KB)
...
006 (32099.000.000) 2021-07-02 01:02:32 Image size of job updated: 1811720
	879  -  MemoryUsage of job (MB)
	899340  -  ResidentSetSize of job (KB)
...
006 (32099.000.000) 2021-07-02 01:07:33 Image size of job updated: 1811720
	1068  -  MemoryUsage of job (MB)
	1093068  -  ResidentSetSize of job (KB)
...
006 (32099.000.000) 2021-07-02 01:12:33 Image size of job updated: 1821484
	1068  -  MemoryUsage of job (MB)
	1093068  -  ResidentSetSize of job (KB)
...
006 (32099.000.000) 2021-07-02 01:27:34 Image size of job updated: 1828328
	1068  -  MemoryUsage of job (MB)
	1093068  -  ResidentSetSize of job (KB)
...
006 (32099.000.000) 2021-07-02 02:22:39 Image size of job updated: 1844656
	1068  -  MemoryUsage of job (MB)
	1093068  -  ResidentSetSize of job (KB)
...
006 (32099.000.000) 2021-07-02 03:27:45 Image size of job updated: 1865696
	1068  -  MemoryUsage of job (MB)
	1093068  -  ResidentSetSize of job (KB)
...
006 (32099.000.000) 2021-07-02 04:07:50 Image size of job updated: 1893100
	1068  -  MemoryUsage of job (MB)
	1093068  -  ResidentSetSize of job (KB)
...
040 (32099.000.000) 2021-07-02 10:59:12 Started transferring output files
...
040 (32099.000.000) 2021-07-02 10:59:12 Finished transferring output files
...
005 (32099.000.000) 2021-07-02 10:59:12 Job terminated.
	(1) Normal termination (return value 0)
		Usr 0 08:50:54, Sys 0 01:05:31  -  Run Remote Usage
		Usr 0 00:00:00, Sys 0 00:00:00  -  Run Local Usage
		Usr 0 08:50:54, Sys 0 01:05:31  -  Total Remote Usage
		Usr 0 00:00:00, Sys 0 00:00:00  -  Total Local Usage
	1234861  -  Run Bytes Sent By Job
	314  -  Run Bytes Received By Job
	1234861  -  Total Bytes Sent By Job
	314  -  Total Bytes Received By Job
	Partitionable Resources :    Usage  Request Allocated 
	   Cpus                 :     0.99        1         1 
	   Disk (KB)            :  1221           1   3637421 
	   Memory (MB)          :  1068        1024      1024 

	Job terminated of its own accord at 2021-07-02T09:59:12Z.
...
