000 (31619.000.000) 2021-07-01 15:13:55 Job submitted from host: <194.36.1.200:9618?addrs=194.36.1.200-9618&alias=hex.ppe.gla.ac.uk&noUDP&sock=schedd_1401_8c46>
...
040 (31619.000.000) 2021-07-01 15:15:15 Started transferring input files
	Transferring to host: <192.168.16.114:9618?addrs=192.168.16.114-9618&alias=condor-d19-04.ppe.cluster&noUDP&sock=slot1_25_19959_abc5_5936>
...
040 (31619.000.000) 2021-07-01 15:15:15 Finished transferring input files
...
001 (31619.000.000) 2021-07-01 15:15:16 Job executing on host: <192.168.16.114:9618?addrs=192.168.16.114-9618&alias=condor-d19-04.ppe.cluster&noUDP&sock=startd_2633_98f3>
...
006 (31619.000.000) 2021-07-01 15:15:25 Image size of job updated: 75608
	2  -  MemoryUsage of job (MB)
	1096  -  ResidentSetSize of job (KB)
...
006 (31619.000.000) 2021-07-01 15:20:26 Image size of job updated: 1785960
	1047  -  MemoryUsage of job (MB)
	1071524  -  ResidentSetSize of job (KB)
...
006 (31619.000.000) 2021-07-01 15:25:26 Image size of job updated: 1790952
	1047  -  MemoryUsage of job (MB)
	1071524  -  ResidentSetSize of job (KB)
...
006 (31619.000.000) 2021-07-01 15:35:27 Image size of job updated: 1818436
	1047  -  MemoryUsage of job (MB)
	1071524  -  ResidentSetSize of job (KB)
...
006 (31619.000.000) 2021-07-01 15:50:29 Image size of job updated: 1819576
	1064  -  MemoryUsage of job (MB)
	1088996  -  ResidentSetSize of job (KB)
...
006 (31619.000.000) 2021-07-01 16:00:30 Image size of job updated: 1819576
	1065  -  MemoryUsage of job (MB)
	1090196  -  ResidentSetSize of job (KB)
...
006 (31619.000.000) 2021-07-01 16:10:31 Image size of job updated: 1819576
	1068  -  MemoryUsage of job (MB)
	1093616  -  ResidentSetSize of job (KB)
...
006 (31619.000.000) 2021-07-01 16:25:32 Image size of job updated: 1834780
	1068  -  MemoryUsage of job (MB)
	1093616  -  ResidentSetSize of job (KB)
...
006 (31619.000.000) 2021-07-01 16:40:34 Image size of job updated: 1834780
	1079  -  MemoryUsage of job (MB)
	1104532  -  ResidentSetSize of job (KB)
...
006 (31619.000.000) 2021-07-01 16:50:35 Image size of job updated: 1837184
	1079  -  MemoryUsage of job (MB)
	1104532  -  ResidentSetSize of job (KB)
...
006 (31619.000.000) 2021-07-01 17:00:36 Image size of job updated: 1860212
	1079  -  MemoryUsage of job (MB)
	1104532  -  ResidentSetSize of job (KB)
...
006 (31619.000.000) 2021-07-01 17:20:38 Image size of job updated: 1871408
	1089  -  MemoryUsage of job (MB)
	1114204  -  ResidentSetSize of job (KB)
...
006 (31619.000.000) 2021-07-01 19:00:48 Image size of job updated: 1889152
	1089  -  MemoryUsage of job (MB)
	1114204  -  ResidentSetSize of job (KB)
...
006 (31619.000.000) 2021-07-01 19:35:52 Image size of job updated: 1889152
	1117  -  MemoryUsage of job (MB)
	1142992  -  ResidentSetSize of job (KB)
...
040 (31619.000.000) 2021-07-02 00:59:15 Started transferring output files
...
040 (31619.000.000) 2021-07-02 00:59:15 Finished transferring output files
...
005 (31619.000.000) 2021-07-02 00:59:15 Job terminated.
	(1) Normal termination (return value 0)
		Usr 0 08:40:42, Sys 0 01:01:09  -  Run Remote Usage
		Usr 0 00:00:00, Sys 0 00:00:00  -  Run Local Usage
		Usr 0 08:40:42, Sys 0 01:01:09  -  Total Remote Usage
		Usr 0 00:00:00, Sys 0 00:00:00  -  Total Local Usage
	1074940  -  Run Bytes Sent By Job
	318  -  Run Bytes Received By Job
	1074940  -  Total Bytes Sent By Job
	318  -  Total Bytes Received By Job
	Partitionable Resources :    Usage  Request Allocated 
	   Cpus                 :     1.00        1         1 
	   Disk (KB)            :  1065           1   3637421 
	   Memory (MB)          :  1117        1024      1024 

	Job terminated of its own accord at 2021-07-01T23:59:15Z.
...
