000 (31997.000.000) 2021-07-01 15:15:34 Job submitted from host: <194.36.1.200:9618?addrs=194.36.1.200-9618&alias=hex.ppe.gla.ac.uk&noUDP&sock=schedd_1401_8c46>
...
040 (31997.000.000) 2021-07-02 00:28:44 Started transferring input files
	Transferring to host: <192.168.16.113:9618?addrs=192.168.16.113-9618&alias=condor-d19-03.ppe.cluster&noUDP&sock=slot1_37_1284_71ad_5456>
...
040 (31997.000.000) 2021-07-02 00:28:44 Finished transferring input files
...
001 (31997.000.000) 2021-07-02 00:28:45 Job executing on host: <192.168.16.113:9618?addrs=192.168.16.113-9618&alias=condor-d19-03.ppe.cluster&noUDP&sock=startd_2634_488c>
...
006 (31997.000.000) 2021-07-02 00:28:53 Image size of job updated: 21420
	21  -  MemoryUsage of job (MB)
	21420  -  ResidentSetSize of job (KB)
...
006 (31997.000.000) 2021-07-02 00:33:53 Image size of job updated: 1791752
	861  -  MemoryUsage of job (MB)
	881120  -  ResidentSetSize of job (KB)
...
006 (31997.000.000) 2021-07-02 00:48:54 Image size of job updated: 1792080
	912  -  MemoryUsage of job (MB)
	933532  -  ResidentSetSize of job (KB)
...
006 (31997.000.000) 2021-07-02 00:53:55 Image size of job updated: 1797016
	919  -  MemoryUsage of job (MB)
	940252  -  ResidentSetSize of job (KB)
...
006 (31997.000.000) 2021-07-02 00:58:55 Image size of job updated: 1850348
	919  -  MemoryUsage of job (MB)
	940252  -  ResidentSetSize of job (KB)
...
006 (31997.000.000) 2021-07-02 01:18:57 Image size of job updated: 1852184
	919  -  MemoryUsage of job (MB)
	940252  -  ResidentSetSize of job (KB)
...
006 (31997.000.000) 2021-07-02 01:49:00 Image size of job updated: 1852184
	942  -  MemoryUsage of job (MB)
	963920  -  ResidentSetSize of job (KB)
...
006 (31997.000.000) 2021-07-02 02:09:02 Image size of job updated: 1864532
	942  -  MemoryUsage of job (MB)
	963920  -  ResidentSetSize of job (KB)
...
006 (31997.000.000) 2021-07-02 02:44:06 Image size of job updated: 1870172
	942  -  MemoryUsage of job (MB)
	963920  -  ResidentSetSize of job (KB)
...
006 (31997.000.000) 2021-07-02 03:54:13 Image size of job updated: 1876648
	942  -  MemoryUsage of job (MB)
	963920  -  ResidentSetSize of job (KB)
...
006 (31997.000.000) 2021-07-02 04:34:17 Image size of job updated: 1880660
	942  -  MemoryUsage of job (MB)
	963920  -  ResidentSetSize of job (KB)
...
006 (31997.000.000) 2021-07-02 05:24:22 Image size of job updated: 1880660
	954  -  MemoryUsage of job (MB)
	976524  -  ResidentSetSize of job (KB)
...
006 (31997.000.000) 2021-07-02 05:54:25 Image size of job updated: 1913392
	954  -  MemoryUsage of job (MB)
	976524  -  ResidentSetSize of job (KB)
...
006 (31997.000.000) 2021-07-02 06:44:30 Image size of job updated: 1913392
	987  -  MemoryUsage of job (MB)
	1010492  -  ResidentSetSize of job (KB)
...
040 (31997.000.000) 2021-07-02 10:05:27 Started transferring output files
...
040 (31997.000.000) 2021-07-02 10:05:27 Finished transferring output files
...
005 (31997.000.000) 2021-07-02 10:05:27 Job terminated.
	(1) Normal termination (return value 0)
		Usr 0 08:33:52, Sys 0 00:58:29  -  Run Remote Usage
		Usr 0 00:00:00, Sys 0 00:00:00  -  Run Local Usage
		Usr 0 08:33:52, Sys 0 00:58:29  -  Total Remote Usage
		Usr 0 00:00:00, Sys 0 00:00:00  -  Total Local Usage
	1078672  -  Run Bytes Sent By Job
	318  -  Run Bytes Received By Job
	1078672  -  Total Bytes Sent By Job
	318  -  Total Bytes Received By Job
	Partitionable Resources :    Usage  Request Allocated 
	   Cpus                 :     1.00        1         1 
	   Disk (KB)            :  1069           1   3637421 
	   Memory (MB)          :   987        1024      1024 

	Job terminated of its own accord at 2021-07-02T09:05:27Z.
...
