000 (32060.000.000) 2021-07-01 15:15:38 Job submitted from host: <194.36.1.200:9618?addrs=194.36.1.200-9618&alias=hex.ppe.gla.ac.uk&noUDP&sock=schedd_1401_8c46>
...
040 (32060.000.000) 2021-07-02 00:55:20 Started transferring input files
	Transferring to host: <192.168.16.121:9618?addrs=192.168.16.121-9618&alias=condor-d20-01.ppe.cluster&noUDP&sock=slot1_40_59603_7491_5706>
...
040 (32060.000.000) 2021-07-02 00:55:20 Finished transferring input files
...
001 (32060.000.000) 2021-07-02 00:55:21 Job executing on host: <192.168.16.121:9618?addrs=192.168.16.121-9618&alias=condor-d20-01.ppe.cluster&noUDP&sock=startd_40545_137a>
...
006 (32060.000.000) 2021-07-02 00:55:30 Image size of job updated: 38496
	38  -  MemoryUsage of job (MB)
	38492  -  ResidentSetSize of job (KB)
...
006 (32060.000.000) 2021-07-02 01:00:31 Image size of job updated: 1785968
	916  -  MemoryUsage of job (MB)
	937984  -  ResidentSetSize of job (KB)
...
006 (32060.000.000) 2021-07-02 01:05:31 Image size of job updated: 1790960
	1007  -  MemoryUsage of job (MB)
	1030640  -  ResidentSetSize of job (KB)
...
006 (32060.000.000) 2021-07-02 01:10:31 Image size of job updated: 1818444
	1007  -  MemoryUsage of job (MB)
	1030640  -  ResidentSetSize of job (KB)
...
006 (32060.000.000) 2021-07-02 01:30:34 Image size of job updated: 1819584
	1007  -  MemoryUsage of job (MB)
	1030640  -  ResidentSetSize of job (KB)
...
006 (32060.000.000) 2021-07-02 02:05:37 Image size of job updated: 1834788
	1007  -  MemoryUsage of job (MB)
	1030640  -  ResidentSetSize of job (KB)
...
006 (32060.000.000) 2021-07-02 02:35:40 Image size of job updated: 1837192
	1007  -  MemoryUsage of job (MB)
	1030640  -  ResidentSetSize of job (KB)
...
006 (32060.000.000) 2021-07-02 02:45:41 Image size of job updated: 1860220
	1007  -  MemoryUsage of job (MB)
	1030640  -  ResidentSetSize of job (KB)
...
006 (32060.000.000) 2021-07-02 03:05:42 Image size of job updated: 1871416
	1007  -  MemoryUsage of job (MB)
	1030640  -  ResidentSetSize of job (KB)
...
006 (32060.000.000) 2021-07-02 04:45:53 Image size of job updated: 1889160
	1007  -  MemoryUsage of job (MB)
	1030640  -  ResidentSetSize of job (KB)
...
040 (32060.000.000) 2021-07-02 10:59:29 Started transferring output files
...
040 (32060.000.000) 2021-07-02 10:59:29 Finished transferring output files
...
005 (32060.000.000) 2021-07-02 10:59:29 Job terminated.
	(1) Normal termination (return value 0)
		Usr 0 08:56:51, Sys 0 01:02:30  -  Run Remote Usage
		Usr 0 00:00:00, Sys 0 00:00:00  -  Run Local Usage
		Usr 0 08:56:51, Sys 0 01:02:30  -  Total Remote Usage
		Usr 0 00:00:00, Sys 0 00:00:00  -  Total Local Usage
	1074940  -  Run Bytes Sent By Job
	318  -  Run Bytes Received By Job
	1074940  -  Total Bytes Sent By Job
	318  -  Total Bytes Received By Job
	Partitionable Resources :    Usage  Request Allocated 
	   Cpus                 :     1.00        1         1 
	   Disk (KB)            :  1065           1   3637421 
	   Memory (MB)          :  1007        1024      1024 

	Job terminated of its own accord at 2021-07-02T09:59:29Z.
...
