000 (31953.000.000) 2021-07-01 15:15:31 Job submitted from host: <194.36.1.200:9618?addrs=194.36.1.200-9618&alias=hex.ppe.gla.ac.uk&noUDP&sock=schedd_1401_8c46>
...
040 (31953.000.000) 2021-07-02 00:26:44 Started transferring input files
	Transferring to host: <192.168.16.113:9618?addrs=192.168.16.113-9618&alias=condor-d19-03.ppe.cluster&noUDP&sock=slot1_47_1284_71ad_5430>
...
040 (31953.000.000) 2021-07-02 00:26:44 Finished transferring input files
...
001 (31953.000.000) 2021-07-02 00:26:45 Job executing on host: <192.168.16.113:9618?addrs=192.168.16.113-9618&alias=condor-d19-03.ppe.cluster&noUDP&sock=startd_2634_488c>
...
006 (31953.000.000) 2021-07-02 00:26:54 Image size of job updated: 72108
	35  -  MemoryUsage of job (MB)
	34984  -  ResidentSetSize of job (KB)
...
006 (31953.000.000) 2021-07-02 00:31:55 Image size of job updated: 1810084
	950  -  MemoryUsage of job (MB)
	972648  -  ResidentSetSize of job (KB)
...
006 (31953.000.000) 2021-07-02 00:36:56 Image size of job updated: 1847776
	950  -  MemoryUsage of job (MB)
	972648  -  ResidentSetSize of job (KB)
...
006 (31953.000.000) 2021-07-02 01:11:59 Image size of job updated: 1847776
	955  -  MemoryUsage of job (MB)
	977380  -  ResidentSetSize of job (KB)
...
006 (31953.000.000) 2021-07-02 02:02:05 Image size of job updated: 1854636
	955  -  MemoryUsage of job (MB)
	977380  -  ResidentSetSize of job (KB)
...
006 (31953.000.000) 2021-07-02 02:27:08 Image size of job updated: 1870588
	976  -  MemoryUsage of job (MB)
	998644  -  ResidentSetSize of job (KB)
...
006 (31953.000.000) 2021-07-02 05:57:29 Image size of job updated: 1875584
	984  -  MemoryUsage of job (MB)
	1006780  -  ResidentSetSize of job (KB)
...
006 (31953.000.000) 2021-07-02 06:22:32 Image size of job updated: 1884444
	984  -  MemoryUsage of job (MB)
	1006780  -  ResidentSetSize of job (KB)
...
006 (31953.000.000) 2021-07-02 08:42:47 Image size of job updated: 1888280
	984  -  MemoryUsage of job (MB)
	1006780  -  ResidentSetSize of job (KB)
...
040 (31953.000.000) 2021-07-02 09:57:07 Started transferring output files
...
040 (31953.000.000) 2021-07-02 09:57:07 Finished transferring output files
...
005 (31953.000.000) 2021-07-02 09:57:07 Job terminated.
	(1) Normal termination (return value 0)
		Usr 0 08:25:48, Sys 0 01:00:33  -  Run Remote Usage
		Usr 0 00:00:00, Sys 0 00:00:00  -  Run Local Usage
		Usr 0 08:25:48, Sys 0 01:00:33  -  Total Remote Usage
		Usr 0 00:00:00, Sys 0 00:00:00  -  Total Local Usage
	1240430  -  Run Bytes Sent By Job
	318  -  Run Bytes Received By Job
	1240430  -  Total Bytes Sent By Job
	318  -  Total Bytes Received By Job
	Partitionable Resources :    Usage  Request Allocated 
	   Cpus                 :     1.00        1         1 
	   Disk (KB)            :  1227           1   3637421 
	   Memory (MB)          :   984        1024      1024 

	Job terminated of its own accord at 2021-07-02T08:57:07Z.
...
