000 (31760.000.000) 2021-07-01 15:14:03 Job submitted from host: <194.36.1.200:9618?addrs=194.36.1.200-9618&alias=hex.ppe.gla.ac.uk&noUDP&sock=schedd_1401_8c46>
...
040 (31760.000.000) 2021-07-01 15:15:16 Started transferring input files
	Transferring to host: <192.168.16.114:9618?addrs=192.168.16.114-9618&alias=condor-d19-04.ppe.cluster&noUDP&sock=slot1_50_19959_abc5_5958>
...
040 (31760.000.000) 2021-07-01 15:15:16 Finished transferring input files
...
001 (31760.000.000) 2021-07-01 15:15:17 Job executing on host: <192.168.16.114:9618?addrs=192.168.16.114-9618&alias=condor-d19-04.ppe.cluster&noUDP&sock=startd_2633_98f3>
...
006 (31760.000.000) 2021-07-01 15:15:25 Image size of job updated: 75608
	2  -  MemoryUsage of job (MB)
	1092  -  ResidentSetSize of job (KB)
...
006 (31760.000.000) 2021-07-01 15:20:25 Image size of job updated: 1799888
	1041  -  MemoryUsage of job (MB)
	1065496  -  ResidentSetSize of job (KB)
...
006 (31760.000.000) 2021-07-01 15:35:27 Image size of job updated: 1805580
	1041  -  MemoryUsage of job (MB)
	1065496  -  ResidentSetSize of job (KB)
...
006 (31760.000.000) 2021-07-01 15:50:28 Image size of job updated: 1805580
	1051  -  MemoryUsage of job (MB)
	1076004  -  ResidentSetSize of job (KB)
...
006 (31760.000.000) 2021-07-01 15:55:28 Image size of job updated: 1825632
	1085  -  MemoryUsage of job (MB)
	1110624  -  ResidentSetSize of job (KB)
...
006 (31760.000.000) 2021-07-01 16:05:30 Image size of job updated: 1825632
	1088  -  MemoryUsage of job (MB)
	1114048  -  ResidentSetSize of job (KB)
...
006 (31760.000.000) 2021-07-01 16:10:30 Image size of job updated: 1839120
	1088  -  MemoryUsage of job (MB)
	1114048  -  ResidentSetSize of job (KB)
...
006 (31760.000.000) 2021-07-01 16:55:35 Image size of job updated: 1860648
	1088  -  MemoryUsage of job (MB)
	1114048  -  ResidentSetSize of job (KB)
...
006 (31760.000.000) 2021-07-01 17:05:36 Image size of job updated: 1878932
	1105  -  MemoryUsage of job (MB)
	1131168  -  ResidentSetSize of job (KB)
...
006 (31760.000.000) 2021-07-01 20:20:56 Image size of job updated: 1910060
	1105  -  MemoryUsage of job (MB)
	1131168  -  ResidentSetSize of job (KB)
...
040 (31760.000.000) 2021-07-02 00:47:07 Started transferring output files
...
040 (31760.000.000) 2021-07-02 00:47:07 Finished transferring output files
...
005 (31760.000.000) 2021-07-02 00:47:07 Job terminated.
	(1) Normal termination (return value 0)
		Usr 0 08:32:20, Sys 0 00:58:17  -  Run Remote Usage
		Usr 0 00:00:00, Sys 0 00:00:00  -  Run Local Usage
		Usr 0 08:32:20, Sys 0 00:58:17  -  Total Remote Usage
		Usr 0 00:00:00, Sys 0 00:00:00  -  Total Local Usage
	1074572  -  Run Bytes Sent By Job
	314  -  Run Bytes Received By Job
	1074572  -  Total Bytes Sent By Job
	314  -  Total Bytes Received By Job
	Partitionable Resources :    Usage  Request Allocated 
	   Cpus                 :     1.00        1         1 
	   Disk (KB)            :  1065           1   3637421 
	   Memory (MB)          :  1105        1024      1024 

	Job terminated of its own accord at 2021-07-01T23:47:07Z.
...
