000 (31473.000.000) 2021-07-01 15:13:48 Job submitted from host: <194.36.1.200:9618?addrs=194.36.1.200-9618&alias=hex.ppe.gla.ac.uk&noUDP&sock=schedd_1401_8c46>
...
040 (31473.000.000) 2021-07-01 15:15:15 Started transferring input files
	Transferring to host: <192.168.16.102:9618?addrs=192.168.16.102-9618&alias=condor-h16-02.ppe.cluster&noUDP&sock=slot1_8_15690_c637_4131>
...
040 (31473.000.000) 2021-07-01 15:15:15 Finished transferring input files
...
001 (31473.000.000) 2021-07-01 15:15:16 Job executing on host: <192.168.16.102:9618?addrs=192.168.16.102-9618&alias=condor-h16-02.ppe.cluster&noUDP&sock=startd_2155_baae>
...
006 (31473.000.000) 2021-07-01 15:15:25 Image size of job updated: 85380
	1  -  MemoryUsage of job (MB)
	800  -  ResidentSetSize of job (KB)
...
006 (31473.000.000) 2021-07-01 15:20:26 Image size of job updated: 1792732
	873  -  MemoryUsage of job (MB)
	893592  -  ResidentSetSize of job (KB)
...
006 (31473.000.000) 2021-07-01 15:25:26 Image size of job updated: 1792732
	1023  -  MemoryUsage of job (MB)
	1046908  -  ResidentSetSize of job (KB)
...
006 (31473.000.000) 2021-07-01 15:30:26 Image size of job updated: 1792732
	1037  -  MemoryUsage of job (MB)
	1061320  -  ResidentSetSize of job (KB)
...
006 (31473.000.000) 2021-07-01 15:40:28 Image size of job updated: 1797704
	1037  -  MemoryUsage of job (MB)
	1061320  -  ResidentSetSize of job (KB)
...
006 (31473.000.000) 2021-07-01 15:55:30 Image size of job updated: 1815152
	1037  -  MemoryUsage of job (MB)
	1061320  -  ResidentSetSize of job (KB)
...
006 (31473.000.000) 2021-07-01 16:00:30 Image size of job updated: 1828724
	1089  -  MemoryUsage of job (MB)
	1114584  -  ResidentSetSize of job (KB)
...
006 (31473.000.000) 2021-07-01 16:55:36 Image size of job updated: 1845240
	1089  -  MemoryUsage of job (MB)
	1114584  -  ResidentSetSize of job (KB)
...
006 (31473.000.000) 2021-07-01 17:50:41 Image size of job updated: 1848596
	1089  -  MemoryUsage of job (MB)
	1114584  -  ResidentSetSize of job (KB)
...
006 (31473.000.000) 2021-07-01 18:05:43 Image size of job updated: 1865252
	1089  -  MemoryUsage of job (MB)
	1114584  -  ResidentSetSize of job (KB)
...
006 (31473.000.000) 2021-07-01 18:25:44 Image size of job updated: 1871236
	1089  -  MemoryUsage of job (MB)
	1114584  -  ResidentSetSize of job (KB)
...
006 (31473.000.000) 2021-07-01 20:35:58 Image size of job updated: 1873684
	1089  -  MemoryUsage of job (MB)
	1114584  -  ResidentSetSize of job (KB)
...
006 (31473.000.000) 2021-07-02 01:16:27 Image size of job updated: 1907140
	1089  -  MemoryUsage of job (MB)
	1114584  -  ResidentSetSize of job (KB)
...
040 (31473.000.000) 2021-07-02 06:47:36 Started transferring output files
...
040 (31473.000.000) 2021-07-02 06:47:37 Finished transferring output files
...
005 (31473.000.000) 2021-07-02 06:47:37 Job terminated.
	(1) Normal termination (return value 0)
		Usr 0 13:17:12, Sys 0 01:55:11  -  Run Remote Usage
		Usr 0 00:00:00, Sys 0 00:00:00  -  Run Local Usage
		Usr 0 13:17:12, Sys 0 01:55:11  -  Total Remote Usage
		Usr 0 00:00:00, Sys 0 00:00:00  -  Total Local Usage
	1240994  -  Run Bytes Sent By Job
	314  -  Run Bytes Received By Job
	1240994  -  Total Bytes Sent By Job
	314  -  Total Bytes Received By Job
	Partitionable Resources :    Usage  Request Allocated 
	   Cpus                 :     0.00        1         1 
	   Disk (KB)            :  1227           1    864796 
	   Memory (MB)          :  1089        1024      1024 

	Job terminated of its own accord at 2021-07-02T05:47:36Z.
...
