000 (32304.000.000) 2021-07-01 15:15:55 Job submitted from host: <194.36.1.200:9618?addrs=194.36.1.200-9618&alias=hex.ppe.gla.ac.uk&noUDP&sock=schedd_1401_8c46>
...
040 (32304.000.000) 2021-07-02 04:00:48 Started transferring input files
	Transferring to host: <192.168.16.112:9618?addrs=192.168.16.112-9618&alias=condor-d19-02.ppe.cluster&noUDP&sock=slot1_51_83748_cac7_5671>
...
040 (32304.000.000) 2021-07-02 04:00:48 Finished transferring input files
...
001 (32304.000.000) 2021-07-02 04:00:49 Job executing on host: <192.168.16.112:9618?addrs=192.168.16.112-9618&alias=condor-d19-02.ppe.cluster&noUDP&sock=startd_2914_5710>
...
006 (32304.000.000) 2021-07-02 04:00:57 Image size of job updated: 22800
	2  -  MemoryUsage of job (MB)
	1120  -  ResidentSetSize of job (KB)
...
006 (32304.000.000) 2021-07-02 04:05:57 Image size of job updated: 1807040
	1058  -  MemoryUsage of job (MB)
	1083140  -  ResidentSetSize of job (KB)
...
006 (32304.000.000) 2021-07-02 04:30:59 Image size of job updated: 1807424
	1058  -  MemoryUsage of job (MB)
	1083140  -  ResidentSetSize of job (KB)
...
006 (32304.000.000) 2021-07-02 05:16:03 Image size of job updated: 1807856
	1058  -  MemoryUsage of job (MB)
	1083140  -  ResidentSetSize of job (KB)
...
006 (32304.000.000) 2021-07-02 05:31:04 Image size of job updated: 1817080
	1058  -  MemoryUsage of job (MB)
	1083140  -  ResidentSetSize of job (KB)
...
006 (32304.000.000) 2021-07-02 05:36:05 Image size of job updated: 1817456
	1058  -  MemoryUsage of job (MB)
	1083140  -  ResidentSetSize of job (KB)
...
006 (32304.000.000) 2021-07-02 05:51:07 Image size of job updated: 1819060
	1058  -  MemoryUsage of job (MB)
	1083140  -  ResidentSetSize of job (KB)
...
006 (32304.000.000) 2021-07-02 05:56:08 Image size of job updated: 1821064
	1058  -  MemoryUsage of job (MB)
	1083140  -  ResidentSetSize of job (KB)
...
006 (32304.000.000) 2021-07-02 06:01:08 Image size of job updated: 1871760
	1058  -  MemoryUsage of job (MB)
	1083140  -  ResidentSetSize of job (KB)
...
006 (32304.000.000) 2021-07-02 06:16:09 Image size of job updated: 1886448
	1058  -  MemoryUsage of job (MB)
	1083140  -  ResidentSetSize of job (KB)
...
006 (32304.000.000) 2021-07-02 07:26:16 Image size of job updated: 1891504
	1058  -  MemoryUsage of job (MB)
	1083140  -  ResidentSetSize of job (KB)
...
006 (32304.000.000) 2021-07-02 11:36:43 Image size of job updated: 1891660
	1058  -  MemoryUsage of job (MB)
	1083140  -  ResidentSetSize of job (KB)
...
006 (32304.000.000) 2021-07-02 15:32:08 Image size of job updated: 1910624
	1058  -  MemoryUsage of job (MB)
	1083140  -  ResidentSetSize of job (KB)
...
040 (32304.000.000) 2021-07-02 15:40:09 Started transferring output files
...
040 (32304.000.000) 2021-07-02 15:40:09 Finished transferring output files
...
005 (32304.000.000) 2021-07-02 15:40:09 Job terminated.
	(1) Normal termination (return value 0)
		Usr 0 10:10:46, Sys 0 01:21:42  -  Run Remote Usage
		Usr 0 00:00:00, Sys 0 00:00:00  -  Run Local Usage
		Usr 0 10:10:46, Sys 0 01:21:42  -  Total Remote Usage
		Usr 0 00:00:00, Sys 0 00:00:00  -  Total Local Usage
	1071608  -  Run Bytes Sent By Job
	314  -  Run Bytes Received By Job
	1071608  -  Total Bytes Sent By Job
	314  -  Total Bytes Received By Job
	Partitionable Resources :    Usage  Request Allocated 
	   Cpus                 :     1.00        1         1 
	   Disk (KB)            :  1062           1    825748 
	   Memory (MB)          :  1058        1024      1024 

	Job terminated of its own accord at 2021-07-02T14:40:09Z.
...
