000 (31756.000.000) 2021-07-01 15:14:02 Job submitted from host: <194.36.1.200:9618?addrs=194.36.1.200-9618&alias=hex.ppe.gla.ac.uk&noUDP&sock=schedd_1401_8c46>
...
040 (31756.000.000) 2021-07-01 15:15:17 Started transferring input files
	Transferring to host: <192.168.16.112:9618?addrs=192.168.16.112-9618&alias=condor-d19-02.ppe.cluster&noUDP&sock=slot1_32_83748_cac7_5486>
...
040 (31756.000.000) 2021-07-01 15:15:17 Finished transferring input files
...
001 (31756.000.000) 2021-07-01 15:15:18 Job executing on host: <192.168.16.112:9618?addrs=192.168.16.112-9618&alias=condor-d19-02.ppe.cluster&noUDP&sock=startd_2914_5710>
...
006 (31756.000.000) 2021-07-01 15:15:28 Image size of job updated: 75608
	2  -  MemoryUsage of job (MB)
	1100  -  ResidentSetSize of job (KB)
...
006 (31756.000.000) 2021-07-01 15:20:28 Image size of job updated: 1846332
	617  -  MemoryUsage of job (MB)
	631280  -  ResidentSetSize of job (KB)
...
006 (31756.000.000) 2021-07-01 15:25:28 Image size of job updated: 1846332
	1055  -  MemoryUsage of job (MB)
	1079512  -  ResidentSetSize of job (KB)
...
006 (31756.000.000) 2021-07-01 16:30:35 Image size of job updated: 1854600
	1055  -  MemoryUsage of job (MB)
	1079512  -  ResidentSetSize of job (KB)
...
006 (31756.000.000) 2021-07-01 17:20:40 Image size of job updated: 1886852
	1055  -  MemoryUsage of job (MB)
	1079512  -  ResidentSetSize of job (KB)
...
006 (31756.000.000) 2021-07-01 18:15:46 Image size of job updated: 1891684
	1055  -  MemoryUsage of job (MB)
	1079512  -  ResidentSetSize of job (KB)
...
006 (31756.000.000) 2021-07-02 01:26:28 Image size of job updated: 1896600
	1055  -  MemoryUsage of job (MB)
	1079512  -  ResidentSetSize of job (KB)
...
040 (31756.000.000) 2021-07-02 03:02:39 Started transferring output files
...
040 (31756.000.000) 2021-07-02 03:02:39 Finished transferring output files
...
005 (31756.000.000) 2021-07-02 03:02:39 Job terminated.
	(1) Normal termination (return value 0)
		Usr 0 10:13:48, Sys 0 01:24:34  -  Run Remote Usage
		Usr 0 00:00:00, Sys 0 00:00:00  -  Run Local Usage
		Usr 0 10:13:48, Sys 0 01:24:34  -  Total Remote Usage
		Usr 0 00:00:00, Sys 0 00:00:00  -  Total Local Usage
	1063138  -  Run Bytes Sent By Job
	314  -  Run Bytes Received By Job
	1063138  -  Total Bytes Sent By Job
	314  -  Total Bytes Received By Job
	Partitionable Resources :    Usage  Request Allocated 
	   Cpus                 :     1.00        1         1 
	   Disk (KB)            :  1054           1    825748 
	   Memory (MB)          :  1055        1024      1024 

	Job terminated of its own accord at 2021-07-02T02:02:39Z.
...
