000 (31803.000.000) 2021-07-01 15:15:19 Job submitted from host: <194.36.1.200:9618?addrs=194.36.1.200-9618&alias=hex.ppe.gla.ac.uk&noUDP&sock=schedd_1401_8c46>
...
040 (31803.000.000) 2021-07-01 15:15:26 Started transferring input files
	Transferring to host: <192.168.16.121:9618?addrs=192.168.16.121-9618&alias=condor-d20-01.ppe.cluster&noUDP&sock=slot1_61_59603_7491_5617>
...
040 (31803.000.000) 2021-07-01 15:15:26 Finished transferring input files
...
001 (31803.000.000) 2021-07-01 15:15:27 Job executing on host: <192.168.16.121:9618?addrs=192.168.16.121-9618&alias=condor-d20-01.ppe.cluster&noUDP&sock=startd_40545_137a>
...
006 (31803.000.000) 2021-07-01 15:15:37 Image size of job updated: 75608
	2  -  MemoryUsage of job (MB)
	1108  -  ResidentSetSize of job (KB)
...
006 (31803.000.000) 2021-07-01 15:20:38 Image size of job updated: 1792732
	880  -  MemoryUsage of job (MB)
	900532  -  ResidentSetSize of job (KB)
...
006 (31803.000.000) 2021-07-01 15:25:38 Image size of job updated: 1792732
	1036  -  MemoryUsage of job (MB)
	1060392  -  ResidentSetSize of job (KB)
...
006 (31803.000.000) 2021-07-01 15:30:39 Image size of job updated: 1797704
	1058  -  MemoryUsage of job (MB)
	1082700  -  ResidentSetSize of job (KB)
...
006 (31803.000.000) 2021-07-01 15:40:40 Image size of job updated: 1815152
	1058  -  MemoryUsage of job (MB)
	1082700  -  ResidentSetSize of job (KB)
...
006 (31803.000.000) 2021-07-01 15:45:40 Image size of job updated: 1828724
	1058  -  MemoryUsage of job (MB)
	1082700  -  ResidentSetSize of job (KB)
...
006 (31803.000.000) 2021-07-01 16:20:44 Image size of job updated: 1845240
	1058  -  MemoryUsage of job (MB)
	1082700  -  ResidentSetSize of job (KB)
...
006 (31803.000.000) 2021-07-01 16:35:45 Image size of job updated: 1845240
	1071  -  MemoryUsage of job (MB)
	1095836  -  ResidentSetSize of job (KB)
...
006 (31803.000.000) 2021-07-01 16:55:47 Image size of job updated: 1848596
	1071  -  MemoryUsage of job (MB)
	1095836  -  ResidentSetSize of job (KB)
...
006 (31803.000.000) 2021-07-01 17:05:48 Image size of job updated: 1865252
	1071  -  MemoryUsage of job (MB)
	1095836  -  ResidentSetSize of job (KB)
...
006 (31803.000.000) 2021-07-01 17:15:50 Image size of job updated: 1871236
	1072  -  MemoryUsage of job (MB)
	1097248  -  ResidentSetSize of job (KB)
...
006 (31803.000.000) 2021-07-01 18:40:58 Image size of job updated: 1873684
	1072  -  MemoryUsage of job (MB)
	1097248  -  ResidentSetSize of job (KB)
...
006 (31803.000.000) 2021-07-01 21:46:17 Image size of job updated: 1907140
	1072  -  MemoryUsage of job (MB)
	1097248  -  ResidentSetSize of job (KB)
...
040 (31803.000.000) 2021-07-02 01:13:00 Started transferring output files
...
040 (31803.000.000) 2021-07-02 01:13:00 Finished transferring output files
...
005 (31803.000.000) 2021-07-02 01:13:00 Job terminated.
	(1) Normal termination (return value 0)
		Usr 0 08:53:30, Sys 0 01:00:50  -  Run Remote Usage
		Usr 0 00:00:00, Sys 0 00:00:00  -  Run Local Usage
		Usr 0 08:53:30, Sys 0 01:00:50  -  Total Remote Usage
		Usr 0 00:00:00, Sys 0 00:00:00  -  Total Local Usage
	1240994  -  Run Bytes Sent By Job
	314  -  Run Bytes Received By Job
	1240994  -  Total Bytes Sent By Job
	314  -  Total Bytes Received By Job
	Partitionable Resources :    Usage  Request Allocated 
	   Cpus                 :     1.00        1         1 
	   Disk (KB)            :  1227           1   3637421 
	   Memory (MB)          :  1072        1024      1024 

	Job terminated of its own accord at 2021-07-02T00:13:00Z.
...
