000 (32141.000.000) 2021-07-01 15:15:44 Job submitted from host: <194.36.1.200:9618?addrs=194.36.1.200-9618&alias=hex.ppe.gla.ac.uk&noUDP&sock=schedd_1401_8c46>
...
040 (32141.000.000) 2021-07-02 01:12:21 Started transferring input files
	Transferring to host: <192.168.16.121:9618?addrs=192.168.16.121-9618&alias=condor-d20-01.ppe.cluster&noUDP&sock=slot1_37_59603_7491_5732>
...
040 (32141.000.000) 2021-07-02 01:12:21 Finished transferring input files
...
001 (32141.000.000) 2021-07-02 01:12:22 Job executing on host: <192.168.16.121:9618?addrs=192.168.16.121-9618&alias=condor-d20-01.ppe.cluster&noUDP&sock=startd_40545_137a>
...
006 (32141.000.000) 2021-07-02 01:12:30 Image size of job updated: 22808
	2  -  MemoryUsage of job (MB)
	1152  -  ResidentSetSize of job (KB)
...
006 (32141.000.000) 2021-07-02 01:17:30 Image size of job updated: 1807252
	905  -  MemoryUsage of job (MB)
	926360  -  ResidentSetSize of job (KB)
...
006 (32141.000.000) 2021-07-02 01:22:31 Image size of job updated: 1807252
	995  -  MemoryUsage of job (MB)
	1018516  -  ResidentSetSize of job (KB)
...
006 (32141.000.000) 2021-07-02 01:52:33 Image size of job updated: 1839416
	995  -  MemoryUsage of job (MB)
	1018516  -  ResidentSetSize of job (KB)
...
006 (32141.000.000) 2021-07-02 02:37:38 Image size of job updated: 1846900
	995  -  MemoryUsage of job (MB)
	1018516  -  ResidentSetSize of job (KB)
...
006 (32141.000.000) 2021-07-02 02:52:40 Image size of job updated: 1846940
	995  -  MemoryUsage of job (MB)
	1018516  -  ResidentSetSize of job (KB)
...
006 (32141.000.000) 2021-07-02 02:57:40 Image size of job updated: 1863392
	995  -  MemoryUsage of job (MB)
	1018516  -  ResidentSetSize of job (KB)
...
006 (32141.000.000) 2021-07-02 04:57:53 Image size of job updated: 1902280
	995  -  MemoryUsage of job (MB)
	1018516  -  ResidentSetSize of job (KB)
...
040 (32141.000.000) 2021-07-02 10:47:41 Started transferring output files
...
040 (32141.000.000) 2021-07-02 10:47:42 Finished transferring output files
...
005 (32141.000.000) 2021-07-02 10:47:42 Job terminated.
	(1) Normal termination (return value 0)
		Usr 0 08:33:18, Sys 0 00:57:19  -  Run Remote Usage
		Usr 0 00:00:00, Sys 0 00:00:00  -  Run Local Usage
		Usr 0 08:33:18, Sys 0 00:57:19  -  Total Remote Usage
		Usr 0 00:00:00, Sys 0 00:00:00  -  Total Local Usage
	1057639  -  Run Bytes Sent By Job
	314  -  Run Bytes Received By Job
	1057639  -  Total Bytes Sent By Job
	314  -  Total Bytes Received By Job
	Partitionable Resources :    Usage  Request Allocated 
	   Cpus                 :     1.00        1         1 
	   Disk (KB)            :  1048           1   3637421 
	   Memory (MB)          :   995        1024      1024 

	Job terminated of its own accord at 2021-07-02T09:47:41Z.
...
