000 (32355.000.000) 2021-07-01 15:15:59 Job submitted from host: <194.36.1.200:9618?addrs=194.36.1.200-9618&alias=hex.ppe.gla.ac.uk&noUDP&sock=schedd_1401_8c46>
...
040 (32355.000.000) 2021-07-02 06:22:23 Started transferring input files
	Transferring to host: <192.168.16.103:9618?addrs=192.168.16.103-9618&alias=condor-h16-03.ppe.cluster&noUDP&sock=slot1_21_20749_4c25_3474>
...
040 (32355.000.000) 2021-07-02 06:22:23 Finished transferring input files
...
001 (32355.000.000) 2021-07-02 06:22:24 Job executing on host: <192.168.16.103:9618?addrs=192.168.16.103-9618&alias=condor-h16-03.ppe.cluster&noUDP&sock=startd_20690_3293>
...
006 (32355.000.000) 2021-07-02 06:22:33 Image size of job updated: 23184
	2  -  MemoryUsage of job (MB)
	1148  -  ResidentSetSize of job (KB)
...
006 (32355.000.000) 2021-07-02 06:27:34 Image size of job updated: 1784568
	639  -  MemoryUsage of job (MB)
	653356  -  ResidentSetSize of job (KB)
...
006 (32355.000.000) 2021-07-02 06:32:35 Image size of job updated: 1853268
	1110  -  MemoryUsage of job (MB)
	1136144  -  ResidentSetSize of job (KB)
...
006 (32355.000.000) 2021-07-02 09:02:50 Image size of job updated: 1854664
	1110  -  MemoryUsage of job (MB)
	1136144  -  ResidentSetSize of job (KB)
...
006 (32355.000.000) 2021-07-02 09:12:50 Image size of job updated: 1859500
	1110  -  MemoryUsage of job (MB)
	1136144  -  ResidentSetSize of job (KB)
...
006 (32355.000.000) 2021-07-02 09:42:54 Image size of job updated: 1865424
	1110  -  MemoryUsage of job (MB)
	1136144  -  ResidentSetSize of job (KB)
...
006 (32355.000.000) 2021-07-02 10:43:00 Image size of job updated: 1873108
	1110  -  MemoryUsage of job (MB)
	1136144  -  ResidentSetSize of job (KB)
...
006 (32355.000.000) 2021-07-02 12:43:13 Image size of job updated: 1880216
	1110  -  MemoryUsage of job (MB)
	1136144  -  ResidentSetSize of job (KB)
...
040 (32355.000.000) 2021-07-02 18:34:56 Started transferring output files
...
040 (32355.000.000) 2021-07-02 18:34:56 Finished transferring output files
...
005 (32355.000.000) 2021-07-02 18:34:56 Job terminated.
	(1) Normal termination (return value 0)
		Usr 0 09:36:47, Sys 0 01:35:08  -  Run Remote Usage
		Usr 0 00:00:00, Sys 0 00:00:00  -  Run Local Usage
		Usr 0 09:36:47, Sys 0 01:35:08  -  Total Remote Usage
		Usr 0 00:00:00, Sys 0 00:00:00  -  Total Local Usage
	1072620  -  Run Bytes Sent By Job
	314  -  Run Bytes Received By Job
	1072620  -  Total Bytes Sent By Job
	314  -  Total Bytes Received By Job
	Partitionable Resources :    Usage  Request Allocated 
	   Cpus                 :     0.99        1         1 
	   Disk (KB)            :  1063           1    914158 
	   Memory (MB)          :  1110        1024      1024 

	Job terminated of its own accord at 2021-07-02T17:34:56Z.
...
