000 (31653.000.000) 2021-07-01 15:13:57 Job submitted from host: <194.36.1.200:9618?addrs=194.36.1.200-9618&alias=hex.ppe.gla.ac.uk&noUDP&sock=schedd_1401_8c46>
...
040 (31653.000.000) 2021-07-01 15:15:17 Started transferring input files
	Transferring to host: <192.168.16.102:9618?addrs=192.168.16.102-9618&alias=condor-h16-02.ppe.cluster&noUDP&sock=slot1_32_15690_c637_4155>
...
040 (31653.000.000) 2021-07-01 15:15:17 Finished transferring input files
...
001 (31653.000.000) 2021-07-01 15:15:18 Job executing on host: <192.168.16.102:9618?addrs=192.168.16.102-9618&alias=condor-h16-02.ppe.cluster&noUDP&sock=startd_2155_baae>
...
006 (31653.000.000) 2021-07-01 15:15:26 Image size of job updated: 85380
	2  -  MemoryUsage of job (MB)
	1092  -  ResidentSetSize of job (KB)
...
006 (31653.000.000) 2021-07-01 15:20:26 Image size of job updated: 1769708
	860  -  MemoryUsage of job (MB)
	880284  -  ResidentSetSize of job (KB)
...
006 (31653.000.000) 2021-07-01 15:30:28 Image size of job updated: 1821860
	860  -  MemoryUsage of job (MB)
	880284  -  ResidentSetSize of job (KB)
...
006 (31653.000.000) 2021-07-01 15:40:29 Image size of job updated: 1821860
	1059  -  MemoryUsage of job (MB)
	1083472  -  ResidentSetSize of job (KB)
...
006 (31653.000.000) 2021-07-01 16:20:33 Image size of job updated: 1824504
	1059  -  MemoryUsage of job (MB)
	1083472  -  ResidentSetSize of job (KB)
...
006 (31653.000.000) 2021-07-01 16:25:33 Image size of job updated: 1833392
	1059  -  MemoryUsage of job (MB)
	1083472  -  ResidentSetSize of job (KB)
...
006 (31653.000.000) 2021-07-01 17:55:44 Image size of job updated: 1858076
	1059  -  MemoryUsage of job (MB)
	1083472  -  ResidentSetSize of job (KB)
...
006 (31653.000.000) 2021-07-01 18:30:47 Image size of job updated: 1904556
	1059  -  MemoryUsage of job (MB)
	1083472  -  ResidentSetSize of job (KB)
...
040 (31653.000.000) 2021-07-02 07:04:00 Started transferring output files
...
040 (31653.000.000) 2021-07-02 07:04:00 Finished transferring output files
...
005 (31653.000.000) 2021-07-02 07:04:00 Job terminated.
	(1) Normal termination (return value 0)
		Usr 0 13:14:00, Sys 0 02:04:38  -  Run Remote Usage
		Usr 0 00:00:00, Sys 0 00:00:00  -  Run Local Usage
		Usr 0 13:14:00, Sys 0 02:04:38  -  Total Remote Usage
		Usr 0 00:00:00, Sys 0 00:00:00  -  Total Local Usage
	1232937  -  Run Bytes Sent By Job
	314  -  Run Bytes Received By Job
	1232937  -  Total Bytes Sent By Job
	314  -  Total Bytes Received By Job
	Partitionable Resources :    Usage  Request Allocated 
	   Cpus                 :     0.01        1         1 
	   Disk (KB)            :  1219           1    864796 
	   Memory (MB)          :  1059        1024      1024 

	Job terminated of its own accord at 2021-07-02T06:04:00Z.
...
