000 (31942.000.000) 2021-07-01 15:15:30 Job submitted from host: <194.36.1.200:9618?addrs=194.36.1.200-9618&alias=hex.ppe.gla.ac.uk&noUDP&sock=schedd_1401_8c46>
...
040 (31942.000.000) 2021-07-01 23:57:36 Started transferring input files
	Transferring to host: <192.168.16.111:9618?addrs=192.168.16.111-9618&alias=condor-d19-01.ppe.cluster&noUDP&sock=slot1_24_88351_05a2_5321>
...
040 (31942.000.000) 2021-07-01 23:57:36 Finished transferring input files
...
001 (31942.000.000) 2021-07-01 23:57:37 Job executing on host: <192.168.16.111:9618?addrs=192.168.16.111-9618&alias=condor-d19-01.ppe.cluster&noUDP&sock=startd_2932_afc5>
...
006 (31942.000.000) 2021-07-01 23:57:46 Image size of job updated: 23108
	1  -  MemoryUsage of job (MB)
	832  -  ResidentSetSize of job (KB)
...
006 (31942.000.000) 2021-07-02 00:02:47 Image size of job updated: 1791748
	1050  -  MemoryUsage of job (MB)
	1074552  -  ResidentSetSize of job (KB)
...
006 (31942.000.000) 2021-07-02 00:22:48 Image size of job updated: 1792076
	1050  -  MemoryUsage of job (MB)
	1074552  -  ResidentSetSize of job (KB)
...
006 (31942.000.000) 2021-07-02 00:27:48 Image size of job updated: 1797012
	1050  -  MemoryUsage of job (MB)
	1074552  -  ResidentSetSize of job (KB)
...
006 (31942.000.000) 2021-07-02 00:37:50 Image size of job updated: 1850344
	1050  -  MemoryUsage of job (MB)
	1074552  -  ResidentSetSize of job (KB)
...
006 (31942.000.000) 2021-07-02 00:57:52 Image size of job updated: 1852180
	1050  -  MemoryUsage of job (MB)
	1074552  -  ResidentSetSize of job (KB)
...
006 (31942.000.000) 2021-07-02 01:57:58 Image size of job updated: 1864528
	1050  -  MemoryUsage of job (MB)
	1074552  -  ResidentSetSize of job (KB)
...
006 (31942.000.000) 2021-07-02 02:43:03 Image size of job updated: 1870168
	1050  -  MemoryUsage of job (MB)
	1074552  -  ResidentSetSize of job (KB)
...
006 (31942.000.000) 2021-07-02 03:58:10 Image size of job updated: 1876644
	1050  -  MemoryUsage of job (MB)
	1074552  -  ResidentSetSize of job (KB)
...
006 (31942.000.000) 2021-07-02 04:48:15 Image size of job updated: 1880656
	1050  -  MemoryUsage of job (MB)
	1074552  -  ResidentSetSize of job (KB)
...
006 (31942.000.000) 2021-07-02 06:28:26 Image size of job updated: 1913388
	1050  -  MemoryUsage of job (MB)
	1074552  -  ResidentSetSize of job (KB)
...
040 (31942.000.000) 2021-07-02 11:30:45 Started transferring output files
...
040 (31942.000.000) 2021-07-02 11:30:45 Finished transferring output files
...
005 (31942.000.000) 2021-07-02 11:30:45 Job terminated.
	(1) Normal termination (return value 0)
		Usr 0 10:01:03, Sys 0 01:24:55  -  Run Remote Usage
		Usr 0 00:00:00, Sys 0 00:00:00  -  Run Local Usage
		Usr 0 10:01:03, Sys 0 01:24:55  -  Total Remote Usage
		Usr 0 00:00:00, Sys 0 00:00:00  -  Total Local Usage
	1078672  -  Run Bytes Sent By Job
	318  -  Run Bytes Received By Job
	1078672  -  Total Bytes Sent By Job
	318  -  Total Bytes Received By Job
	Partitionable Resources :    Usage  Request Allocated 
	   Cpus                 :     1.00        1         1 
	   Disk (KB)            :  1069           1    825748 
	   Memory (MB)          :  1050        1024      1024 

	Job terminated of its own accord at 2021-07-02T10:30:45Z.
...
