000 (31626.000.000) 2021-07-01 15:13:56 Job submitted from host: <194.36.1.200:9618?addrs=194.36.1.200-9618&alias=hex.ppe.gla.ac.uk&noUDP&sock=schedd_1401_8c46>
...
040 (31626.000.000) 2021-07-01 15:15:17 Started transferring input files
	Transferring to host: <192.168.16.103:9618?addrs=192.168.16.103-9618&alias=condor-h16-03.ppe.cluster&noUDP&sock=slot1_27_20749_4c25_3435>
...
040 (31626.000.000) 2021-07-01 15:15:17 Finished transferring input files
...
001 (31626.000.000) 2021-07-01 15:15:18 Job executing on host: <192.168.16.103:9618?addrs=192.168.16.103-9618&alias=condor-h16-03.ppe.cluster&noUDP&sock=startd_20690_3293>
...
006 (31626.000.000) 2021-07-01 15:15:26 Image size of job updated: 22536
	2  -  MemoryUsage of job (MB)
	1088  -  ResidentSetSize of job (KB)
...
006 (31626.000.000) 2021-07-01 15:20:26 Image size of job updated: 1811340
	891  -  MemoryUsage of job (MB)
	911516  -  ResidentSetSize of job (KB)
...
006 (31626.000.000) 2021-07-01 15:30:27 Image size of job updated: 1835588
	1095  -  MemoryUsage of job (MB)
	1120516  -  ResidentSetSize of job (KB)
...
006 (31626.000.000) 2021-07-01 16:55:35 Image size of job updated: 1844324
	1095  -  MemoryUsage of job (MB)
	1120516  -  ResidentSetSize of job (KB)
...
006 (31626.000.000) 2021-07-01 17:45:39 Image size of job updated: 1861468
	1095  -  MemoryUsage of job (MB)
	1120516  -  ResidentSetSize of job (KB)
...
006 (31626.000.000) 2021-07-01 19:30:51 Image size of job updated: 1866504
	1095  -  MemoryUsage of job (MB)
	1120516  -  ResidentSetSize of job (KB)
...
006 (31626.000.000) 2021-07-01 19:55:53 Image size of job updated: 1880880
	1095  -  MemoryUsage of job (MB)
	1120516  -  ResidentSetSize of job (KB)
...
006 (31626.000.000) 2021-07-01 20:10:55 Image size of job updated: 1896248
	1095  -  MemoryUsage of job (MB)
	1120516  -  ResidentSetSize of job (KB)
...
006 (31626.000.000) 2021-07-02 00:56:26 Image size of job updated: 1898632
	1095  -  MemoryUsage of job (MB)
	1120516  -  ResidentSetSize of job (KB)
...
040 (31626.000.000) 2021-07-02 06:42:43 Started transferring output files
...
040 (31626.000.000) 2021-07-02 06:42:43 Finished transferring output files
...
005 (31626.000.000) 2021-07-02 06:42:43 Job terminated.
	(1) Normal termination (return value 0)
		Usr 0 13:20:15, Sys 0 01:56:12  -  Run Remote Usage
		Usr 0 00:00:00, Sys 0 00:00:00  -  Run Local Usage
		Usr 0 13:20:15, Sys 0 01:56:12  -  Total Remote Usage
		Usr 0 00:00:00, Sys 0 00:00:00  -  Total Local Usage
	1077885  -  Run Bytes Sent By Job
	318  -  Run Bytes Received By Job
	1077885  -  Total Bytes Sent By Job
	318  -  Total Bytes Received By Job
	Partitionable Resources :    Usage  Request Allocated 
	   Cpus                 :     1.00        1         1 
	   Disk (KB)            :  1068           1    914158 
	   Memory (MB)          :  1095        1024      1024 

	Job terminated of its own accord at 2021-07-02T05:42:42Z.
...
