000 (32391.000.000) 2021-07-01 15:16:02 Job submitted from host: <194.36.1.200:9618?addrs=194.36.1.200-9618&alias=hex.ppe.gla.ac.uk&noUDP&sock=schedd_1401_8c46>
...
040 (32391.000.000) 2021-07-02 06:45:48 Started transferring input files
	Transferring to host: <192.168.16.102:9618?addrs=192.168.16.102-9618&alias=condor-h16-02.ppe.cluster&noUDP&sock=slot1_21_15690_c637_4185>
...
040 (32391.000.000) 2021-07-02 06:45:48 Finished transferring input files
...
001 (32391.000.000) 2021-07-02 06:45:49 Job executing on host: <192.168.16.102:9618?addrs=192.168.16.102-9618&alias=condor-h16-02.ppe.cluster&noUDP&sock=startd_2155_baae>
...
006 (32391.000.000) 2021-07-02 06:45:58 Image size of job updated: 23208
	2  -  MemoryUsage of job (MB)
	1132  -  ResidentSetSize of job (KB)
...
006 (32391.000.000) 2021-07-02 06:50:58 Image size of job updated: 1815708
	1061  -  MemoryUsage of job (MB)
	1086396  -  ResidentSetSize of job (KB)
...
006 (32391.000.000) 2021-07-02 07:26:01 Image size of job updated: 1818808
	1061  -  MemoryUsage of job (MB)
	1086396  -  ResidentSetSize of job (KB)
...
006 (32391.000.000) 2021-07-02 07:51:03 Image size of job updated: 1818864
	1061  -  MemoryUsage of job (MB)
	1086396  -  ResidentSetSize of job (KB)
...
006 (32391.000.000) 2021-07-02 08:31:07 Image size of job updated: 1825340
	1061  -  MemoryUsage of job (MB)
	1086396  -  ResidentSetSize of job (KB)
...
006 (32391.000.000) 2021-07-02 08:41:08 Image size of job updated: 1849796
	1061  -  MemoryUsage of job (MB)
	1086396  -  ResidentSetSize of job (KB)
...
006 (32391.000.000) 2021-07-02 09:06:11 Image size of job updated: 1857208
	1061  -  MemoryUsage of job (MB)
	1086396  -  ResidentSetSize of job (KB)
...
006 (32391.000.000) 2021-07-02 10:41:20 Image size of job updated: 1879004
	1061  -  MemoryUsage of job (MB)
	1086396  -  ResidentSetSize of job (KB)
...
006 (32391.000.000) 2021-07-02 14:06:41 Image size of job updated: 1882736
	1061  -  MemoryUsage of job (MB)
	1086396  -  ResidentSetSize of job (KB)
...
006 (32391.000.000) 2021-07-02 16:21:57 Image size of job updated: 1896900
	1061  -  MemoryUsage of job (MB)
	1086396  -  ResidentSetSize of job (KB)
...
040 (32391.000.000) 2021-07-02 19:35:05 Started transferring output files
...
040 (32391.000.000) 2021-07-02 19:35:05 Finished transferring output files
...
005 (32391.000.000) 2021-07-02 19:35:05 Job terminated.
	(1) Normal termination (return value 0)
		Usr 0 09:05:32, Sys 0 01:34:14  -  Run Remote Usage
		Usr 0 00:00:00, Sys 0 00:00:00  -  Run Local Usage
		Usr 0 09:05:32, Sys 0 01:34:14  -  Total Remote Usage
		Usr 0 00:00:00, Sys 0 00:00:00  -  Total Local Usage
	1058614  -  Run Bytes Sent By Job
	318  -  Run Bytes Received By Job
	1058614  -  Total Bytes Sent By Job
	318  -  Total Bytes Received By Job
	Partitionable Resources :    Usage  Request Allocated 
	   Cpus                 :     1.00        1         1 
	   Disk (KB)            :  1049           1    864796 
	   Memory (MB)          :  1061        1024      1024 

	Job terminated of its own accord at 2021-07-02T18:35:05Z.
...
