000 (31839.000.000) 2021-07-01 15:15:21 Job submitted from host: <194.36.1.200:9618?addrs=194.36.1.200-9618&alias=hex.ppe.gla.ac.uk&noUDP&sock=schedd_1401_8c46>
...
040 (31839.000.000) 2021-07-01 15:15:28 Started transferring input files
	Transferring to host: <192.168.16.111:9618?addrs=192.168.16.111-9618&alias=condor-d19-01.ppe.cluster&noUDP&sock=slot1_56_88351_05a2_5150>
...
040 (31839.000.000) 2021-07-01 15:15:28 Finished transferring input files
...
001 (31839.000.000) 2021-07-01 15:15:29 Job executing on host: <192.168.16.111:9618?addrs=192.168.16.111-9618&alias=condor-d19-01.ppe.cluster&noUDP&sock=startd_2932_afc5>
...
006 (31839.000.000) 2021-07-01 15:15:38 Image size of job updated: 75608
	2  -  MemoryUsage of job (MB)
	1120  -  ResidentSetSize of job (KB)
...
006 (31839.000.000) 2021-07-01 15:20:39 Image size of job updated: 1785956
	1047  -  MemoryUsage of job (MB)
	1071676  -  ResidentSetSize of job (KB)
...
006 (31839.000.000) 2021-07-01 15:25:39 Image size of job updated: 1790948
	1047  -  MemoryUsage of job (MB)
	1071676  -  ResidentSetSize of job (KB)
...
006 (31839.000.000) 2021-07-01 15:35:40 Image size of job updated: 1818432
	1047  -  MemoryUsage of job (MB)
	1071676  -  ResidentSetSize of job (KB)
...
006 (31839.000.000) 2021-07-01 15:40:41 Image size of job updated: 1818432
	1054  -  MemoryUsage of job (MB)
	1078424  -  ResidentSetSize of job (KB)
...
006 (31839.000.000) 2021-07-01 15:55:43 Image size of job updated: 1819572
	1054  -  MemoryUsage of job (MB)
	1078424  -  ResidentSetSize of job (KB)
...
006 (31839.000.000) 2021-07-01 16:20:44 Image size of job updated: 1819572
	1069  -  MemoryUsage of job (MB)
	1093768  -  ResidentSetSize of job (KB)
...
006 (31839.000.000) 2021-07-01 16:30:46 Image size of job updated: 1819572
	1071  -  MemoryUsage of job (MB)
	1095972  -  ResidentSetSize of job (KB)
...
006 (31839.000.000) 2021-07-01 16:40:47 Image size of job updated: 1834776
	1071  -  MemoryUsage of job (MB)
	1095972  -  ResidentSetSize of job (KB)
...
006 (31839.000.000) 2021-07-01 16:55:48 Image size of job updated: 1834776
	1079  -  MemoryUsage of job (MB)
	1104604  -  ResidentSetSize of job (KB)
...
006 (31839.000.000) 2021-07-01 17:10:49 Image size of job updated: 1837180
	1079  -  MemoryUsage of job (MB)
	1104604  -  ResidentSetSize of job (KB)
...
006 (31839.000.000) 2021-07-01 17:20:51 Image size of job updated: 1860208
	1079  -  MemoryUsage of job (MB)
	1104604  -  ResidentSetSize of job (KB)
...
006 (31839.000.000) 2021-07-01 17:45:54 Image size of job updated: 1871404
	1079  -  MemoryUsage of job (MB)
	1104604  -  ResidentSetSize of job (KB)
...
006 (31839.000.000) 2021-07-01 19:46:07 Image size of job updated: 1889148
	1079  -  MemoryUsage of job (MB)
	1104604  -  ResidentSetSize of job (KB)
...
006 (31839.000.000) 2021-07-02 00:16:36 Image size of job updated: 1889148
	1090  -  MemoryUsage of job (MB)
	1115728  -  ResidentSetSize of job (KB)
...
040 (31839.000.000) 2021-07-02 02:56:44 Started transferring output files
...
040 (31839.000.000) 2021-07-02 02:56:44 Finished transferring output files
...
005 (31839.000.000) 2021-07-02 02:56:44 Job terminated.
	(1) Normal termination (return value 0)
		Usr 0 10:11:11, Sys 0 01:28:12  -  Run Remote Usage
		Usr 0 00:00:00, Sys 0 00:00:00  -  Run Local Usage
		Usr 0 10:11:11, Sys 0 01:28:12  -  Total Remote Usage
		Usr 0 00:00:00, Sys 0 00:00:00  -  Total Local Usage
	1074940  -  Run Bytes Sent By Job
	318  -  Run Bytes Received By Job
	1074940  -  Total Bytes Sent By Job
	318  -  Total Bytes Received By Job
	Partitionable Resources :    Usage  Request Allocated 
	   Cpus                 :     1.00        1         1 
	   Disk (KB)            :  1065           1    825748 
	   Memory (MB)          :  1090        1024      1024 

	Job terminated of its own accord at 2021-07-02T01:56:44Z.
...
