000 (32182.000.000) 2021-07-01 15:15:47 Job submitted from host: <194.36.1.200:9618?addrs=194.36.1.200-9618&alias=hex.ppe.gla.ac.uk&noUDP&sock=schedd_1401_8c46>
...
040 (32182.000.000) 2021-07-02 03:04:15 Started transferring input files
	Transferring to host: <192.168.16.111:9618?addrs=192.168.16.111-9618&alias=condor-d19-01.ppe.cluster&noUDP&sock=slot1_38_88351_05a2_5515>
...
040 (32182.000.000) 2021-07-02 03:04:15 Finished transferring input files
...
001 (32182.000.000) 2021-07-02 03:04:16 Job executing on host: <192.168.16.111:9618?addrs=192.168.16.111-9618&alias=condor-d19-01.ppe.cluster&noUDP&sock=startd_2932_afc5>
...
006 (32182.000.000) 2021-07-02 03:04:24 Image size of job updated: 24912
	25  -  MemoryUsage of job (MB)
	24912  -  ResidentSetSize of job (KB)
...
006 (32182.000.000) 2021-07-02 03:04:37 Image size of job updated: 907928
	25  -  MemoryUsage of job (MB)
	24912  -  ResidentSetSize of job (KB)
...
040 (32182.000.000) 2021-07-02 03:04:37 Started transferring output files
...
040 (32182.000.000) 2021-07-02 03:04:37 Finished transferring output files
...
005 (32182.000.000) 2021-07-02 03:04:37 Job terminated.
	(1) Normal termination (return value 0)
		Usr 0 00:00:11, Sys 0 00:00:04  -  Run Remote Usage
		Usr 0 00:00:00, Sys 0 00:00:00  -  Run Local Usage
		Usr 0 00:00:11, Sys 0 00:00:04  -  Total Remote Usage
		Usr 0 00:00:00, Sys 0 00:00:00  -  Total Local Usage
	712833  -  Run Bytes Sent By Job
	318  -  Run Bytes Received By Job
	712833  -  Total Bytes Sent By Job
	318  -  Total Bytes Received By Job
	Partitionable Resources :    Usage  Request Allocated 
	   Cpus                 :                 1         1 
	   Disk (KB)            :      706        1    825748 
	   Memory (MB)          :       25     1024      1024 

	Job terminated of its own accord at 2021-07-02T02:04:37Z.
...
