000 (32010.000.000) 2021-07-01 15:15:34 Job submitted from host: <194.36.1.200:9618?addrs=194.36.1.200-9618&alias=hex.ppe.gla.ac.uk&noUDP&sock=schedd_1401_8c46>
...
040 (32010.000.000) 2021-07-02 00:33:44 Started transferring input files
	Transferring to host: <192.168.16.121:9618?addrs=192.168.16.121-9618&alias=condor-d20-01.ppe.cluster&noUDP&sock=slot1_9_59603_7491_5665>
...
040 (32010.000.000) 2021-07-02 00:33:44 Finished transferring input files
...
001 (32010.000.000) 2021-07-02 00:33:45 Job executing on host: <192.168.16.121:9618?addrs=192.168.16.121-9618&alias=condor-d20-01.ppe.cluster&noUDP&sock=startd_40545_137a>
...
006 (32010.000.000) 2021-07-02 00:33:53 Image size of job updated: 9516
	10  -  MemoryUsage of job (MB)
	9516  -  ResidentSetSize of job (KB)
...
006 (32010.000.000) 2021-07-02 00:34:10 Image size of job updated: 869524
	10  -  MemoryUsage of job (MB)
	9516  -  ResidentSetSize of job (KB)
...
040 (32010.000.000) 2021-07-02 00:34:10 Started transferring output files
...
040 (32010.000.000) 2021-07-02 00:34:10 Finished transferring output files
...
005 (32010.000.000) 2021-07-02 00:34:10 Job terminated.
	(1) Normal termination (return value 0)
		Usr 0 00:00:12, Sys 0 00:00:03  -  Run Remote Usage
		Usr 0 00:00:00, Sys 0 00:00:00  -  Run Local Usage
		Usr 0 00:00:12, Sys 0 00:00:03  -  Total Remote Usage
		Usr 0 00:00:00, Sys 0 00:00:00  -  Total Local Usage
	712833  -  Run Bytes Sent By Job
	318  -  Run Bytes Received By Job
	712833  -  Total Bytes Sent By Job
	318  -  Total Bytes Received By Job
	Partitionable Resources :    Usage  Request Allocated 
	   Cpus                 :                 1         1 
	   Disk (KB)            :      706        1   3637421 
	   Memory (MB)          :       10     1024      1024 

	Job terminated of its own accord at 2021-07-01T23:34:10Z.
...
