000 (31753.000.000) 2021-07-01 15:14:02 Job submitted from host: <194.36.1.200:9618?addrs=194.36.1.200-9618&alias=hex.ppe.gla.ac.uk&noUDP&sock=schedd_1401_8c46>
...
040 (31753.000.000) 2021-07-01 15:15:16 Started transferring input files
	Transferring to host: <192.168.16.113:9618?addrs=192.168.16.113-9618&alias=condor-d19-03.ppe.cluster&noUDP&sock=slot1_50_1284_71ad_5282>
...
040 (31753.000.000) 2021-07-01 15:15:16 Finished transferring input files
...
001 (31753.000.000) 2021-07-01 15:15:17 Job executing on host: <192.168.16.113:9618?addrs=192.168.16.113-9618&alias=condor-d19-03.ppe.cluster&noUDP&sock=startd_2634_488c>
...
006 (31753.000.000) 2021-07-01 15:15:25 Image size of job updated: 85380
	2  -  MemoryUsage of job (MB)
	1100  -  ResidentSetSize of job (KB)
...
006 (31753.000.000) 2021-07-01 15:20:25 Image size of job updated: 1807040
	1061  -  MemoryUsage of job (MB)
	1085948  -  ResidentSetSize of job (KB)
...
006 (31753.000.000) 2021-07-01 15:40:27 Image size of job updated: 1807424
	1061  -  MemoryUsage of job (MB)
	1085948  -  ResidentSetSize of job (KB)
...
006 (31753.000.000) 2021-07-01 16:15:31 Image size of job updated: 1807856
	1061  -  MemoryUsage of job (MB)
	1085948  -  ResidentSetSize of job (KB)
...
006 (31753.000.000) 2021-07-01 16:25:32 Image size of job updated: 1817080
	1061  -  MemoryUsage of job (MB)
	1085948  -  ResidentSetSize of job (KB)
...
006 (31753.000.000) 2021-07-01 16:30:32 Image size of job updated: 1817456
	1061  -  MemoryUsage of job (MB)
	1085948  -  ResidentSetSize of job (KB)
...
006 (31753.000.000) 2021-07-01 16:40:33 Image size of job updated: 1819060
	1061  -  MemoryUsage of job (MB)
	1085948  -  ResidentSetSize of job (KB)
...
006 (31753.000.000) 2021-07-01 16:45:33 Image size of job updated: 1871760
	1099  -  MemoryUsage of job (MB)
	1124580  -  ResidentSetSize of job (KB)
...
006 (31753.000.000) 2021-07-01 16:55:35 Image size of job updated: 1886448
	1113  -  MemoryUsage of job (MB)
	1139268  -  ResidentSetSize of job (KB)
...
006 (31753.000.000) 2021-07-01 17:50:40 Image size of job updated: 1891504
	1113  -  MemoryUsage of job (MB)
	1139268  -  ResidentSetSize of job (KB)
...
006 (31753.000.000) 2021-07-01 20:56:00 Image size of job updated: 1891660
	1117  -  MemoryUsage of job (MB)
	1143800  -  ResidentSetSize of job (KB)
...
006 (31753.000.000) 2021-07-02 00:11:20 Image size of job updated: 1910624
	1117  -  MemoryUsage of job (MB)
	1143800  -  ResidentSetSize of job (KB)
...
040 (31753.000.000) 2021-07-02 00:19:30 Started transferring output files
...
040 (31753.000.000) 2021-07-02 00:19:30 Finished transferring output files
...
005 (31753.000.000) 2021-07-02 00:19:30 Job terminated.
	(1) Normal termination (return value 0)
		Usr 0 08:07:14, Sys 0 00:55:28  -  Run Remote Usage
		Usr 0 00:00:00, Sys 0 00:00:00  -  Run Local Usage
		Usr 0 08:07:14, Sys 0 00:55:28  -  Total Remote Usage
		Usr 0 00:00:00, Sys 0 00:00:00  -  Total Local Usage
	1071608  -  Run Bytes Sent By Job
	314  -  Run Bytes Received By Job
	1071608  -  Total Bytes Sent By Job
	314  -  Total Bytes Received By Job
	Partitionable Resources :    Usage  Request Allocated 
	   Cpus                 :     1.00        1         1 
	   Disk (KB)            :  1062           1   3637421 
	   Memory (MB)          :  1117        1024      1024 

	Job terminated of its own accord at 2021-07-01T23:19:30Z.
...
