000 (31761.000.000) 2021-07-01 15:14:03 Job submitted from host: <194.36.1.200:9618?addrs=194.36.1.200-9618&alias=hex.ppe.gla.ac.uk&noUDP&sock=schedd_1401_8c46>
...
040 (31761.000.000) 2021-07-01 15:15:17 Started transferring input files
	Transferring to host: <192.168.16.113:9618?addrs=192.168.16.113-9618&alias=condor-d19-03.ppe.cluster&noUDP&sock=slot1_52_1284_71ad_5285>
...
040 (31761.000.000) 2021-07-01 15:15:17 Finished transferring input files
...
001 (31761.000.000) 2021-07-01 15:15:18 Job executing on host: <192.168.16.113:9618?addrs=192.168.16.113-9618&alias=condor-d19-03.ppe.cluster&noUDP&sock=startd_2634_488c>
...
006 (31761.000.000) 2021-07-01 15:15:26 Image size of job updated: 23176
	1  -  MemoryUsage of job (MB)
	808  -  ResidentSetSize of job (KB)
...
006 (31761.000.000) 2021-07-01 15:20:26 Image size of job updated: 1785800
	936  -  MemoryUsage of job (MB)
	957716  -  ResidentSetSize of job (KB)
...
006 (31761.000.000) 2021-07-01 15:25:27 Image size of job updated: 1813916
	1074  -  MemoryUsage of job (MB)
	1098872  -  ResidentSetSize of job (KB)
...
006 (31761.000.000) 2021-07-01 15:45:29 Image size of job updated: 1827500
	1087  -  MemoryUsage of job (MB)
	1112464  -  ResidentSetSize of job (KB)
...
006 (31761.000.000) 2021-07-01 15:50:29 Image size of job updated: 1840896
	1087  -  MemoryUsage of job (MB)
	1112464  -  ResidentSetSize of job (KB)
...
006 (31761.000.000) 2021-07-01 16:50:35 Image size of job updated: 1843088
	1087  -  MemoryUsage of job (MB)
	1112464  -  ResidentSetSize of job (KB)
...
006 (31761.000.000) 2021-07-01 17:00:36 Image size of job updated: 1848552
	1087  -  MemoryUsage of job (MB)
	1112464  -  ResidentSetSize of job (KB)
...
006 (31761.000.000) 2021-07-01 17:40:40 Image size of job updated: 1867000
	1087  -  MemoryUsage of job (MB)
	1112464  -  ResidentSetSize of job (KB)
...
006 (31761.000.000) 2021-07-01 18:05:42 Image size of job updated: 1867172
	1087  -  MemoryUsage of job (MB)
	1112464  -  ResidentSetSize of job (KB)
...
006 (31761.000.000) 2021-07-01 18:20:44 Image size of job updated: 1867172
	1090  -  MemoryUsage of job (MB)
	1115628  -  ResidentSetSize of job (KB)
...
006 (31761.000.000) 2021-07-01 19:10:49 Image size of job updated: 1881636
	1090  -  MemoryUsage of job (MB)
	1115628  -  ResidentSetSize of job (KB)
...
006 (31761.000.000) 2021-07-01 19:30:50 Image size of job updated: 1888072
	1090  -  MemoryUsage of job (MB)
	1115628  -  ResidentSetSize of job (KB)
...
006 (31761.000.000) 2021-07-01 21:46:06 Image size of job updated: 1939468
	1090  -  MemoryUsage of job (MB)
	1115628  -  ResidentSetSize of job (KB)
...
006 (31761.000.000) 2021-07-01 23:26:17 Image size of job updated: 1939468
	1100  -  MemoryUsage of job (MB)
	1125816  -  ResidentSetSize of job (KB)
...
040 (31761.000.000) 2021-07-02 00:26:03 Started transferring output files
...
040 (31761.000.000) 2021-07-02 00:26:03 Finished transferring output files
...
005 (31761.000.000) 2021-07-02 00:26:03 Job terminated.
	(1) Normal termination (return value 0)
		Usr 0 08:13:02, Sys 0 00:56:33  -  Run Remote Usage
		Usr 0 00:00:00, Sys 0 00:00:00  -  Run Local Usage
		Usr 0 08:13:02, Sys 0 00:56:33  -  Total Remote Usage
		Usr 0 00:00:00, Sys 0 00:00:00  -  Total Local Usage
	1069329  -  Run Bytes Sent By Job
	314  -  Run Bytes Received By Job
	1069329  -  Total Bytes Sent By Job
	314  -  Total Bytes Received By Job
	Partitionable Resources :    Usage  Request Allocated 
	   Cpus                 :     1.00        1         1 
	   Disk (KB)            :  1060           1   3637421 
	   Memory (MB)          :  1100        1024      1024 

	Job terminated of its own accord at 2021-07-01T23:26:03Z.
...
