000 (32286.000.000) 2021-07-01 15:15:53 Job submitted from host: <194.36.1.200:9618?addrs=194.36.1.200-9618&alias=hex.ppe.gla.ac.uk&noUDP&sock=schedd_1401_8c46>
...
040 (32286.000.000) 2021-07-02 03:50:23 Started transferring input files
	Transferring to host: <192.168.16.112:9618?addrs=192.168.16.112-9618&alias=condor-d19-02.ppe.cluster&noUDP&sock=slot1_64_83748_cac7_5653>
...
040 (32286.000.000) 2021-07-02 03:50:23 Finished transferring input files
...
001 (32286.000.000) 2021-07-02 03:50:24 Job executing on host: <192.168.16.112:9618?addrs=192.168.16.112-9618&alias=condor-d19-02.ppe.cluster&noUDP&sock=startd_2914_5710>
...
006 (32286.000.000) 2021-07-02 03:50:33 Image size of job updated: 23072
	2  -  MemoryUsage of job (MB)
	1120  -  ResidentSetSize of job (KB)
...
006 (32286.000.000) 2021-07-02 03:55:34 Image size of job updated: 1785700
	1023  -  MemoryUsage of job (MB)
	1046668  -  ResidentSetSize of job (KB)
...
006 (32286.000.000) 2021-07-02 04:05:34 Image size of job updated: 1800684
	1023  -  MemoryUsage of job (MB)
	1046668  -  ResidentSetSize of job (KB)
...
006 (32286.000.000) 2021-07-02 04:40:38 Image size of job updated: 1816676
	1023  -  MemoryUsage of job (MB)
	1046668  -  ResidentSetSize of job (KB)
...
006 (32286.000.000) 2021-07-02 05:05:40 Image size of job updated: 1817888
	1023  -  MemoryUsage of job (MB)
	1046668  -  ResidentSetSize of job (KB)
...
006 (32286.000.000) 2021-07-02 05:10:40 Image size of job updated: 1818648
	1023  -  MemoryUsage of job (MB)
	1046668  -  ResidentSetSize of job (KB)
...
006 (32286.000.000) 2021-07-02 05:15:41 Image size of job updated: 1824472
	1023  -  MemoryUsage of job (MB)
	1046668  -  ResidentSetSize of job (KB)
...
006 (32286.000.000) 2021-07-02 05:40:43 Image size of job updated: 1832752
	1023  -  MemoryUsage of job (MB)
	1046668  -  ResidentSetSize of job (KB)
...
006 (32286.000.000) 2021-07-02 06:00:45 Image size of job updated: 1870572
	1023  -  MemoryUsage of job (MB)
	1046668  -  ResidentSetSize of job (KB)
...
006 (32286.000.000) 2021-07-02 06:30:48 Image size of job updated: 1872340
	1023  -  MemoryUsage of job (MB)
	1046668  -  ResidentSetSize of job (KB)
...
006 (32286.000.000) 2021-07-02 07:55:57 Image size of job updated: 1875096
	1023  -  MemoryUsage of job (MB)
	1046668  -  ResidentSetSize of job (KB)
...
040 (32286.000.000) 2021-07-02 10:42:44 Started transferring output files
...
040 (32286.000.000) 2021-07-02 10:42:44 Finished transferring output files
...
005 (32286.000.000) 2021-07-02 10:42:44 Job terminated.
	(1) Normal termination (return value 0)
		Usr 0 05:58:27, Sys 0 00:48:45  -  Run Remote Usage
		Usr 0 00:00:00, Sys 0 00:00:00  -  Run Local Usage
		Usr 0 05:58:27, Sys 0 00:48:45  -  Total Remote Usage
		Usr 0 00:00:00, Sys 0 00:00:00  -  Total Local Usage
	1093998  -  Run Bytes Sent By Job
	318  -  Run Bytes Received By Job
	1093998  -  Total Bytes Sent By Job
	318  -  Total Bytes Received By Job
	Partitionable Resources :    Usage  Request Allocated 
	   Cpus                 :     1.00        1         1 
	   Disk (KB)            :  1084           1    825748 
	   Memory (MB)          :  1023        1024      1024 

	Job terminated of its own accord at 2021-07-02T09:42:44Z.
...
