000 (32079.000.000) 2021-07-01 15:15:39 Job submitted from host: <194.36.1.200:9618?addrs=194.36.1.200-9618&alias=hex.ppe.gla.ac.uk&noUDP&sock=schedd_1401_8c46>
...
040 (32079.000.000) 2021-07-02 00:55:21 Started transferring input files
	Transferring to host: <192.168.16.114:9618?addrs=192.168.16.114-9618&alias=condor-d19-04.ppe.cluster&noUDP&sock=slot1_48_19959_abc5_6129>
...
040 (32079.000.000) 2021-07-02 00:55:21 Finished transferring input files
...
001 (32079.000.000) 2021-07-02 00:55:22 Job executing on host: <192.168.16.114:9618?addrs=192.168.16.114-9618&alias=condor-d19-04.ppe.cluster&noUDP&sock=startd_2633_98f3>
...
006 (32079.000.000) 2021-07-02 00:55:30 Image size of job updated: 75608
	1  -  MemoryUsage of job (MB)
	860  -  ResidentSetSize of job (KB)
...
006 (32079.000.000) 2021-07-02 01:00:30 Image size of job updated: 1792736
	596  -  MemoryUsage of job (MB)
	610116  -  ResidentSetSize of job (KB)
...
006 (32079.000.000) 2021-07-02 01:05:31 Image size of job updated: 1792736
	787  -  MemoryUsage of job (MB)
	805296  -  ResidentSetSize of job (KB)
...
006 (32079.000.000) 2021-07-02 01:10:32 Image size of job updated: 1797708
	787  -  MemoryUsage of job (MB)
	805296  -  ResidentSetSize of job (KB)
...
006 (32079.000.000) 2021-07-02 01:15:32 Image size of job updated: 1797708
	921  -  MemoryUsage of job (MB)
	942392  -  ResidentSetSize of job (KB)
...
006 (32079.000.000) 2021-07-02 01:20:33 Image size of job updated: 1815156
	921  -  MemoryUsage of job (MB)
	942392  -  ResidentSetSize of job (KB)
...
006 (32079.000.000) 2021-07-02 01:25:34 Image size of job updated: 1828728
	921  -  MemoryUsage of job (MB)
	942392  -  ResidentSetSize of job (KB)
...
006 (32079.000.000) 2021-07-02 02:00:37 Image size of job updated: 1845244
	928  -  MemoryUsage of job (MB)
	949532  -  ResidentSetSize of job (KB)
...
006 (32079.000.000) 2021-07-02 02:10:38 Image size of job updated: 1845244
	931  -  MemoryUsage of job (MB)
	953000  -  ResidentSetSize of job (KB)
...
006 (32079.000.000) 2021-07-02 02:35:40 Image size of job updated: 1848600
	943  -  MemoryUsage of job (MB)
	964652  -  ResidentSetSize of job (KB)
...
006 (32079.000.000) 2021-07-02 02:45:41 Image size of job updated: 1865256
	943  -  MemoryUsage of job (MB)
	964652  -  ResidentSetSize of job (KB)
...
006 (32079.000.000) 2021-07-02 02:55:42 Image size of job updated: 1871240
	946  -  MemoryUsage of job (MB)
	968320  -  ResidentSetSize of job (KB)
...
006 (32079.000.000) 2021-07-02 04:15:51 Image size of job updated: 1873688
	946  -  MemoryUsage of job (MB)
	968320  -  ResidentSetSize of job (KB)
...
006 (32079.000.000) 2021-07-02 04:25:52 Image size of job updated: 1873688
	957  -  MemoryUsage of job (MB)
	979268  -  ResidentSetSize of job (KB)
...
006 (32079.000.000) 2021-07-02 07:16:09 Image size of job updated: 1907144
	957  -  MemoryUsage of job (MB)
	979268  -  ResidentSetSize of job (KB)
...
040 (32079.000.000) 2021-07-02 10:29:57 Started transferring output files
...
040 (32079.000.000) 2021-07-02 10:29:57 Finished transferring output files
...
005 (32079.000.000) 2021-07-02 10:29:57 Job terminated.
	(1) Normal termination (return value 0)
		Usr 0 08:32:11, Sys 0 00:58:20  -  Run Remote Usage
		Usr 0 00:00:00, Sys 0 00:00:00  -  Run Local Usage
		Usr 0 08:32:11, Sys 0 00:58:20  -  Total Remote Usage
		Usr 0 00:00:00, Sys 0 00:00:00  -  Total Local Usage
	1240994  -  Run Bytes Sent By Job
	314  -  Run Bytes Received By Job
	1240994  -  Total Bytes Sent By Job
	314  -  Total Bytes Received By Job
	Partitionable Resources :    Usage  Request Allocated 
	   Cpus                 :     1.00        1         1 
	   Disk (KB)            :  1227           1   3637421 
	   Memory (MB)          :   957        1024      1024 

	Job terminated of its own accord at 2021-07-02T09:29:57Z.
...
