000 (31472.000.000) 2021-07-01 15:13:48 Job submitted from host: <194.36.1.200:9618?addrs=194.36.1.200-9618&alias=hex.ppe.gla.ac.uk&noUDP&sock=schedd_1401_8c46>
...
040 (31472.000.000) 2021-07-01 15:15:15 Started transferring input files
	Transferring to host: <192.168.16.114:9618?addrs=192.168.16.114-9618&alias=condor-d19-04.ppe.cluster&noUDP&sock=slot1_7_19959_abc5_5919>
...
040 (31472.000.000) 2021-07-01 15:15:15 Finished transferring input files
...
001 (31472.000.000) 2021-07-01 15:15:16 Job executing on host: <192.168.16.114:9618?addrs=192.168.16.114-9618&alias=condor-d19-04.ppe.cluster&noUDP&sock=startd_2633_98f3>
...
006 (31472.000.000) 2021-07-01 15:15:25 Image size of job updated: 75608
	2  -  MemoryUsage of job (MB)
	1092  -  ResidentSetSize of job (KB)
...
006 (31472.000.000) 2021-07-01 15:20:26 Image size of job updated: 1784656
	1045  -  MemoryUsage of job (MB)
	1069824  -  ResidentSetSize of job (KB)
...
006 (31472.000.000) 2021-07-01 15:25:27 Image size of job updated: 1784728
	1045  -  MemoryUsage of job (MB)
	1070020  -  ResidentSetSize of job (KB)
...
006 (31472.000.000) 2021-07-01 15:30:27 Image size of job updated: 1796420
	1045  -  MemoryUsage of job (MB)
	1070020  -  ResidentSetSize of job (KB)
...
006 (31472.000.000) 2021-07-01 15:35:27 Image size of job updated: 1799928
	1045  -  MemoryUsage of job (MB)
	1070020  -  ResidentSetSize of job (KB)
...
006 (31472.000.000) 2021-07-01 15:40:28 Image size of job updated: 1816184
	1045  -  MemoryUsage of job (MB)
	1070020  -  ResidentSetSize of job (KB)
...
006 (31472.000.000) 2021-07-01 15:45:28 Image size of job updated: 1824000
	1045  -  MemoryUsage of job (MB)
	1070020  -  ResidentSetSize of job (KB)
...
006 (31472.000.000) 2021-07-01 16:05:30 Image size of job updated: 1824000
	1069  -  MemoryUsage of job (MB)
	1094340  -  ResidentSetSize of job (KB)
...
006 (31472.000.000) 2021-07-01 16:20:32 Image size of job updated: 1841276
	1069  -  MemoryUsage of job (MB)
	1094340  -  ResidentSetSize of job (KB)
...
006 (31472.000.000) 2021-07-01 16:40:33 Image size of job updated: 1841276
	1081  -  MemoryUsage of job (MB)
	1106476  -  ResidentSetSize of job (KB)
...
006 (31472.000.000) 2021-07-01 17:25:38 Image size of job updated: 1847260
	1081  -  MemoryUsage of job (MB)
	1106476  -  ResidentSetSize of job (KB)
...
006 (31472.000.000) 2021-07-01 17:30:38 Image size of job updated: 1851028
	1081  -  MemoryUsage of job (MB)
	1106476  -  ResidentSetSize of job (KB)
...
006 (31472.000.000) 2021-07-01 17:35:39 Image size of job updated: 1851632
	1081  -  MemoryUsage of job (MB)
	1106476  -  ResidentSetSize of job (KB)
...
006 (31472.000.000) 2021-07-01 18:15:43 Image size of job updated: 1855640
	1081  -  MemoryUsage of job (MB)
	1106476  -  ResidentSetSize of job (KB)
...
006 (31472.000.000) 2021-07-01 18:40:45 Image size of job updated: 1886508
	1081  -  MemoryUsage of job (MB)
	1106476  -  ResidentSetSize of job (KB)
...
006 (31472.000.000) 2021-07-01 21:16:01 Image size of job updated: 1888480
	1081  -  MemoryUsage of job (MB)
	1106476  -  ResidentSetSize of job (KB)
...
040 (31472.000.000) 2021-07-02 00:59:00 Started transferring output files
...
040 (31472.000.000) 2021-07-02 00:59:00 Finished transferring output files
...
005 (31472.000.000) 2021-07-02 00:59:00 Job terminated.
	(1) Normal termination (return value 0)
		Usr 0 08:41:42, Sys 0 01:00:10  -  Run Remote Usage
		Usr 0 00:00:00, Sys 0 00:00:00  -  Run Local Usage
		Usr 0 08:41:42, Sys 0 01:00:10  -  Total Remote Usage
		Usr 0 00:00:00, Sys 0 00:00:00  -  Total Local Usage
	1243315  -  Run Bytes Sent By Job
	314  -  Run Bytes Received By Job
	1243315  -  Total Bytes Sent By Job
	314  -  Total Bytes Received By Job
	Partitionable Resources :    Usage  Request Allocated 
	   Cpus                 :     1.00        1         1 
	   Disk (KB)            :  1230           1   3637421 
	   Memory (MB)          :  1081        1024      1024 

	Job terminated of its own accord at 2021-07-01T23:59:00Z.
...
