000 (32189.000.000) 2021-07-01 15:15:47 Job submitted from host: <194.36.1.200:9618?addrs=194.36.1.200-9618&alias=hex.ppe.gla.ac.uk&noUDP&sock=schedd_1401_8c46>
...
040 (32189.000.000) 2021-07-02 03:04:47 Started transferring input files
	Transferring to host: <192.168.16.111:9618?addrs=192.168.16.111-9618&alias=condor-d19-01.ppe.cluster&noUDP&sock=slot1_23_88351_05a2_5520>
...
040 (32189.000.000) 2021-07-02 03:04:47 Finished transferring input files
...
001 (32189.000.000) 2021-07-02 03:04:48 Job executing on host: <192.168.16.111:9618?addrs=192.168.16.111-9618&alias=condor-d19-01.ppe.cluster&noUDP&sock=startd_2932_afc5>
...
006 (32189.000.000) 2021-07-02 03:04:57 Image size of job updated: 23228
	2  -  MemoryUsage of job (MB)
	1160  -  ResidentSetSize of job (KB)
...
006 (32189.000.000) 2021-07-02 03:09:58 Image size of job updated: 1792744
	515  -  MemoryUsage of job (MB)
	527352  -  ResidentSetSize of job (KB)
...
006 (32189.000.000) 2021-07-02 03:14:58 Image size of job updated: 1792744
	809  -  MemoryUsage of job (MB)
	827920  -  ResidentSetSize of job (KB)
...
006 (32189.000.000) 2021-07-02 03:19:59 Image size of job updated: 1792744
	847  -  MemoryUsage of job (MB)
	867056  -  ResidentSetSize of job (KB)
...
006 (32189.000.000) 2021-07-02 03:25:00 Image size of job updated: 1797712
	940  -  MemoryUsage of job (MB)
	962492  -  ResidentSetSize of job (KB)
...
006 (32189.000.000) 2021-07-02 03:35:01 Image size of job updated: 1819784
	940  -  MemoryUsage of job (MB)
	962492  -  ResidentSetSize of job (KB)
...
006 (32189.000.000) 2021-07-02 03:40:02 Image size of job updated: 1828732
	952  -  MemoryUsage of job (MB)
	974116  -  ResidentSetSize of job (KB)
...
006 (32189.000.000) 2021-07-02 04:20:05 Image size of job updated: 1845248
	952  -  MemoryUsage of job (MB)
	974116  -  ResidentSetSize of job (KB)
...
006 (32189.000.000) 2021-07-02 05:00:10 Image size of job updated: 1848604
	952  -  MemoryUsage of job (MB)
	974116  -  ResidentSetSize of job (KB)
...
006 (32189.000.000) 2021-07-02 05:10:10 Image size of job updated: 1865260
	952  -  MemoryUsage of job (MB)
	974116  -  ResidentSetSize of job (KB)
...
006 (32189.000.000) 2021-07-02 05:25:12 Image size of job updated: 1871244
	952  -  MemoryUsage of job (MB)
	974116  -  ResidentSetSize of job (KB)
...
006 (32189.000.000) 2021-07-02 07:00:22 Image size of job updated: 1873692
	952  -  MemoryUsage of job (MB)
	974116  -  ResidentSetSize of job (KB)
...
006 (32189.000.000) 2021-07-02 10:30:45 Image size of job updated: 1907148
	952  -  MemoryUsage of job (MB)
	974116  -  ResidentSetSize of job (KB)
...
040 (32189.000.000) 2021-07-02 14:02:55 Started transferring output files
...
040 (32189.000.000) 2021-07-02 14:02:55 Finished transferring output files
...
005 (32189.000.000) 2021-07-02 14:02:55 Job terminated.
	(1) Normal termination (return value 0)
		Usr 0 09:31:49, Sys 0 01:17:49  -  Run Remote Usage
		Usr 0 00:00:00, Sys 0 00:00:00  -  Run Local Usage
		Usr 0 09:31:49, Sys 0 01:17:49  -  Total Remote Usage
		Usr 0 00:00:00, Sys 0 00:00:00  -  Total Local Usage
	1240994  -  Run Bytes Sent By Job
	314  -  Run Bytes Received By Job
	1240994  -  Total Bytes Sent By Job
	314  -  Total Bytes Received By Job
	Partitionable Resources :    Usage  Request Allocated 
	   Cpus                 :     1.00        1         1 
	   Disk (KB)            :  1227           1    825748 
	   Memory (MB)          :   952        1024      1024 

	Job terminated of its own accord at 2021-07-02T13:02:55Z.
...
