000 (31875.000.000) 2021-07-01 15:15:24 Job submitted from host: <194.36.1.200:9618?addrs=194.36.1.200-9618&alias=hex.ppe.gla.ac.uk&noUDP&sock=schedd_1401_8c46>
...
040 (31875.000.000) 2021-07-01 15:16:26 Started transferring input files
	Transferring to host: <192.168.16.121:9618?addrs=192.168.16.121-9618&alias=condor-d20-01.ppe.cluster&noUDP&sock=slot1_46_59603_7491_5623>
...
040 (31875.000.000) 2021-07-01 15:16:26 Finished transferring input files
...
001 (31875.000.000) 2021-07-01 15:16:27 Job executing on host: <192.168.16.121:9618?addrs=192.168.16.121-9618&alias=condor-d20-01.ppe.cluster&noUDP&sock=startd_40545_137a>
...
006 (31875.000.000) 2021-07-01 15:16:36 Image size of job updated: 192548
	64  -  MemoryUsage of job (MB)
	65364  -  ResidentSetSize of job (KB)
...
006 (31875.000.000) 2021-07-01 15:21:37 Image size of job updated: 1811416
	867  -  MemoryUsage of job (MB)
	887032  -  ResidentSetSize of job (KB)
...
006 (31875.000.000) 2021-07-01 15:26:37 Image size of job updated: 1811416
	1033  -  MemoryUsage of job (MB)
	1056844  -  ResidentSetSize of job (KB)
...
006 (31875.000.000) 2021-07-01 15:31:37 Image size of job updated: 1811416
	1059  -  MemoryUsage of job (MB)
	1083516  -  ResidentSetSize of job (KB)
...
006 (31875.000.000) 2021-07-01 15:41:38 Image size of job updated: 1812712
	1059  -  MemoryUsage of job (MB)
	1083516  -  ResidentSetSize of job (KB)
...
006 (31875.000.000) 2021-07-01 15:51:39 Image size of job updated: 1871228
	1084  -  MemoryUsage of job (MB)
	1109536  -  ResidentSetSize of job (KB)
...
006 (31875.000.000) 2021-07-01 15:56:40 Image size of job updated: 1871228
	1089  -  MemoryUsage of job (MB)
	1114708  -  ResidentSetSize of job (KB)
...
006 (31875.000.000) 2021-07-01 19:06:59 Image size of job updated: 1871228
	1090  -  MemoryUsage of job (MB)
	1115364  -  ResidentSetSize of job (KB)
...
006 (31875.000.000) 2021-07-01 19:42:02 Image size of job updated: 1872636
	1100  -  MemoryUsage of job (MB)
	1125644  -  ResidentSetSize of job (KB)
...
006 (31875.000.000) 2021-07-01 20:47:09 Image size of job updated: 1882936
	1100  -  MemoryUsage of job (MB)
	1125644  -  ResidentSetSize of job (KB)
...
006 (31875.000.000) 2021-07-01 22:12:19 Image size of job updated: 1896820
	1100  -  MemoryUsage of job (MB)
	1125644  -  ResidentSetSize of job (KB)
...
040 (31875.000.000) 2021-07-02 01:18:33 Started transferring output files
...
040 (31875.000.000) 2021-07-02 01:18:33 Finished transferring output files
...
005 (31875.000.000) 2021-07-02 01:18:33 Job terminated.
	(1) Normal termination (return value 0)
		Usr 0 08:59:53, Sys 0 01:01:28  -  Run Remote Usage
		Usr 0 00:00:00, Sys 0 00:00:00  -  Run Local Usage
		Usr 0 08:59:53, Sys 0 01:01:28  -  Total Remote Usage
		Usr 0 00:00:00, Sys 0 00:00:00  -  Total Local Usage
	1073398  -  Run Bytes Sent By Job
	314  -  Run Bytes Received By Job
	1073398  -  Total Bytes Sent By Job
	314  -  Total Bytes Received By Job
	Partitionable Resources :    Usage  Request Allocated 
	   Cpus                 :     1.00        1         1 
	   Disk (KB)            :  1064           1   3637421 
	   Memory (MB)          :  1100        1024      1024 

	Job terminated of its own accord at 2021-07-02T00:18:33Z.
...
