000 (32371.000.000) 2021-07-01 15:16:01 Job submitted from host: <194.36.1.200:9618?addrs=194.36.1.200-9618&alias=hex.ppe.gla.ac.uk&noUDP&sock=schedd_1401_8c46>
...
040 (32371.000.000) 2021-07-02 06:29:48 Started transferring input files
	Transferring to host: <192.168.16.102:9618?addrs=192.168.16.102-9618&alias=condor-h16-02.ppe.cluster&noUDP&sock=slot1_25_15690_c637_4181>
...
040 (32371.000.000) 2021-07-02 06:29:48 Finished transferring input files
...
001 (32371.000.000) 2021-07-02 06:29:49 Job executing on host: <192.168.16.102:9618?addrs=192.168.16.102-9618&alias=condor-h16-02.ppe.cluster&noUDP&sock=startd_2155_baae>
...
006 (32371.000.000) 2021-07-02 06:29:58 Image size of job updated: 23108
	2  -  MemoryUsage of job (MB)
	1116  -  ResidentSetSize of job (KB)
...
006 (32371.000.000) 2021-07-02 06:34:59 Image size of job updated: 1811408
	629  -  MemoryUsage of job (MB)
	643076  -  ResidentSetSize of job (KB)
...
006 (32371.000.000) 2021-07-02 06:39:59 Image size of job updated: 1811408
	998  -  MemoryUsage of job (MB)
	1021472  -  ResidentSetSize of job (KB)
...
006 (32371.000.000) 2021-07-02 07:15:03 Image size of job updated: 1812704
	998  -  MemoryUsage of job (MB)
	1021472  -  ResidentSetSize of job (KB)
...
006 (32371.000.000) 2021-07-02 07:25:04 Image size of job updated: 1871220
	998  -  MemoryUsage of job (MB)
	1021472  -  ResidentSetSize of job (KB)
...
006 (32371.000.000) 2021-07-02 12:50:36 Image size of job updated: 1872632
	998  -  MemoryUsage of job (MB)
	1021472  -  ResidentSetSize of job (KB)
...
006 (32371.000.000) 2021-07-02 14:05:44 Image size of job updated: 1882932
	998  -  MemoryUsage of job (MB)
	1021472  -  ResidentSetSize of job (KB)
...
006 (32371.000.000) 2021-07-02 15:55:56 Image size of job updated: 1896812
	998  -  MemoryUsage of job (MB)
	1021472  -  ResidentSetSize of job (KB)
...
040 (32371.000.000) 2021-07-02 19:14:50 Started transferring output files
...
040 (32371.000.000) 2021-07-02 19:14:50 Finished transferring output files
...
005 (32371.000.000) 2021-07-02 19:14:50 Job terminated.
	(1) Normal termination (return value 0)
		Usr 0 09:38:04, Sys 0 01:35:29  -  Run Remote Usage
		Usr 0 00:00:00, Sys 0 00:00:00  -  Run Local Usage
		Usr 0 09:38:04, Sys 0 01:35:29  -  Total Remote Usage
		Usr 0 00:00:00, Sys 0 00:00:00  -  Total Local Usage
	1073398  -  Run Bytes Sent By Job
	314  -  Run Bytes Received By Job
	1073398  -  Total Bytes Sent By Job
	314  -  Total Bytes Received By Job
	Partitionable Resources :    Usage  Request Allocated 
	   Cpus                 :     0.99        1         1 
	   Disk (KB)            :  1064           1    864796 
	   Memory (MB)          :   998        1024      1024 

	Job terminated of its own accord at 2021-07-02T18:14:50Z.
...
