000 (31443.000.000) 2021-07-01 15:13:46 Job submitted from host: <194.36.1.200:9618?addrs=194.36.1.200-9618&alias=hex.ppe.gla.ac.uk&noUDP&sock=schedd_1401_8c46>
...
040 (31443.000.000) 2021-07-01 15:15:16 Started transferring input files
	Transferring to host: <192.168.16.102:9618?addrs=192.168.16.102-9618&alias=condor-h16-02.ppe.cluster&noUDP&sock=slot1_4_15690_c637_4129>
...
040 (31443.000.000) 2021-07-01 15:15:16 Finished transferring input files
...
001 (31443.000.000) 2021-07-01 15:15:17 Job executing on host: <192.168.16.102:9618?addrs=192.168.16.102-9618&alias=condor-h16-02.ppe.cluster&noUDP&sock=startd_2155_baae>
...
006 (31443.000.000) 2021-07-01 15:15:26 Image size of job updated: 85380
	1  -  MemoryUsage of job (MB)
	804  -  ResidentSetSize of job (KB)
...
006 (31443.000.000) 2021-07-01 15:20:27 Image size of job updated: 1808048
	907  -  MemoryUsage of job (MB)
	928440  -  ResidentSetSize of job (KB)
...
006 (31443.000.000) 2021-07-01 15:35:28 Image size of job updated: 1808048
	1029  -  MemoryUsage of job (MB)
	1052972  -  ResidentSetSize of job (KB)
...
006 (31443.000.000) 2021-07-01 16:05:31 Image size of job updated: 1829996
	1029  -  MemoryUsage of job (MB)
	1052972  -  ResidentSetSize of job (KB)
...
006 (31443.000.000) 2021-07-01 16:55:36 Image size of job updated: 1837376
	1029  -  MemoryUsage of job (MB)
	1052972  -  ResidentSetSize of job (KB)
...
006 (31443.000.000) 2021-07-01 17:40:41 Image size of job updated: 1844196
	1029  -  MemoryUsage of job (MB)
	1052972  -  ResidentSetSize of job (KB)
...
006 (31443.000.000) 2021-07-01 18:20:45 Image size of job updated: 1846640
	1029  -  MemoryUsage of job (MB)
	1052972  -  ResidentSetSize of job (KB)
...
006 (31443.000.000) 2021-07-01 18:25:46 Image size of job updated: 1877804
	1029  -  MemoryUsage of job (MB)
	1052972  -  ResidentSetSize of job (KB)
...
006 (31443.000.000) 2021-07-01 20:36:00 Image size of job updated: 1890360
	1029  -  MemoryUsage of job (MB)
	1052972  -  ResidentSetSize of job (KB)
...
040 (31443.000.000) 2021-07-02 06:19:56 Started transferring output files
...
040 (31443.000.000) 2021-07-02 06:19:56 Finished transferring output files
...
005 (31443.000.000) 2021-07-02 06:19:56 Job terminated.
	(1) Normal termination (return value 0)
		Usr 0 12:51:23, Sys 0 01:56:26  -  Run Remote Usage
		Usr 0 00:00:00, Sys 0 00:00:00  -  Run Local Usage
		Usr 0 12:51:23, Sys 0 01:56:26  -  Total Remote Usage
		Usr 0 00:00:00, Sys 0 00:00:00  -  Total Local Usage
	1220063  -  Run Bytes Sent By Job
	318  -  Run Bytes Received By Job
	1220063  -  Total Bytes Sent By Job
	318  -  Total Bytes Received By Job
	Partitionable Resources :    Usage  Request Allocated 
	   Cpus                 :     0.95        1         1 
	   Disk (KB)            :  1207           1    864796 
	   Memory (MB)          :  1029        1024      1024 

	Job terminated of its own accord at 2021-07-02T05:19:56Z.
...
