000 (31678.000.000) 2021-07-01 15:13:58 Job submitted from host: <194.36.1.200:9618?addrs=194.36.1.200-9618&alias=hex.ppe.gla.ac.uk&noUDP&sock=schedd_1401_8c46>
...
040 (31678.000.000) 2021-07-01 15:15:17 Started transferring input files
	Transferring to host: <192.168.16.111:9618?addrs=192.168.16.111-9618&alias=condor-d19-01.ppe.cluster&noUDP&sock=slot1_24_88351_05a2_5117>
...
040 (31678.000.000) 2021-07-01 15:15:17 Finished transferring input files
...
001 (31678.000.000) 2021-07-01 15:15:18 Job executing on host: <192.168.16.111:9618?addrs=192.168.16.111-9618&alias=condor-d19-01.ppe.cluster&noUDP&sock=startd_2932_afc5>
...
006 (31678.000.000) 2021-07-01 15:15:26 Image size of job updated: 75608
	2  -  MemoryUsage of job (MB)
	1096  -  ResidentSetSize of job (KB)
...
006 (31678.000.000) 2021-07-01 15:20:26 Image size of job updated: 1780240
	1018  -  MemoryUsage of job (MB)
	1041420  -  ResidentSetSize of job (KB)
...
006 (31678.000.000) 2021-07-01 15:25:27 Image size of job updated: 1803232
	1018  -  MemoryUsage of job (MB)
	1041420  -  ResidentSetSize of job (KB)
...
006 (31678.000.000) 2021-07-01 15:35:27 Image size of job updated: 1823044
	1018  -  MemoryUsage of job (MB)
	1041420  -  ResidentSetSize of job (KB)
...
006 (31678.000.000) 2021-07-01 17:05:35 Image size of job updated: 1825092
	1018  -  MemoryUsage of job (MB)
	1041420  -  ResidentSetSize of job (KB)
...
006 (31678.000.000) 2021-07-01 17:15:36 Image size of job updated: 1837452
	1018  -  MemoryUsage of job (MB)
	1041420  -  ResidentSetSize of job (KB)
...
006 (31678.000.000) 2021-07-01 17:20:37 Image size of job updated: 1861524
	1018  -  MemoryUsage of job (MB)
	1041420  -  ResidentSetSize of job (KB)
...
006 (31678.000.000) 2021-07-01 18:05:41 Image size of job updated: 1863256
	1018  -  MemoryUsage of job (MB)
	1041420  -  ResidentSetSize of job (KB)
...
006 (31678.000.000) 2021-07-01 19:30:50 Image size of job updated: 1863468
	1018  -  MemoryUsage of job (MB)
	1041420  -  ResidentSetSize of job (KB)
...
006 (31678.000.000) 2021-07-01 19:55:53 Image size of job updated: 1867596
	1018  -  MemoryUsage of job (MB)
	1041420  -  ResidentSetSize of job (KB)
...
006 (31678.000.000) 2021-07-01 21:26:01 Image size of job updated: 1884976
	1018  -  MemoryUsage of job (MB)
	1041420  -  ResidentSetSize of job (KB)
...
040 (31678.000.000) 2021-07-01 22:29:08 Started transferring output files
...
040 (31678.000.000) 2021-07-01 22:29:08 Finished transferring output files
...
005 (31678.000.000) 2021-07-01 22:29:08 Job terminated.
	(1) Normal termination (return value 0)
		Usr 0 06:18:45, Sys 0 00:51:56  -  Run Remote Usage
		Usr 0 00:00:00, Sys 0 00:00:00  -  Run Local Usage
		Usr 0 06:18:45, Sys 0 00:51:56  -  Total Remote Usage
		Usr 0 00:00:00, Sys 0 00:00:00  -  Total Local Usage
	985760  -  Run Bytes Sent By Job
	318  -  Run Bytes Received By Job
	985760  -  Total Bytes Sent By Job
	318  -  Total Bytes Received By Job
	Partitionable Resources :    Usage  Request Allocated 
	   Cpus                 :     1.00        1         1 
	   Disk (KB)            :   978           1    825748 
	   Memory (MB)          :  1018        1024      1024 

	Job terminated of its own accord at 2021-07-01T21:29:08Z.
...
