000 (31866.000.000) 2021-07-01 15:15:23 Job submitted from host: <194.36.1.200:9618?addrs=194.36.1.200-9618&alias=hex.ppe.gla.ac.uk&noUDP&sock=schedd_1401_8c46>
...
040 (31866.000.000) 2021-07-01 15:16:23 Started transferring input files
	Transferring to host: <192.168.16.113:9618?addrs=192.168.16.113-9618&alias=condor-d19-03.ppe.cluster&noUDP&sock=slot1_60_1284_71ad_5307>
...
040 (31866.000.000) 2021-07-01 15:16:23 Finished transferring input files
...
001 (31866.000.000) 2021-07-01 15:16:24 Job executing on host: <192.168.16.113:9618?addrs=192.168.16.113-9618&alias=condor-d19-03.ppe.cluster&noUDP&sock=startd_2634_488c>
...
006 (31866.000.000) 2021-07-01 15:16:33 Image size of job updated: 68208
	67  -  MemoryUsage of job (MB)
	68204  -  ResidentSetSize of job (KB)
...
006 (31866.000.000) 2021-07-01 15:21:34 Image size of job updated: 1846332
	912  -  MemoryUsage of job (MB)
	933732  -  ResidentSetSize of job (KB)
...
006 (31866.000.000) 2021-07-01 15:26:34 Image size of job updated: 1846332
	914  -  MemoryUsage of job (MB)
	935672  -  ResidentSetSize of job (KB)
...
006 (31866.000.000) 2021-07-01 15:36:36 Image size of job updated: 1846332
	1052  -  MemoryUsage of job (MB)
	1076336  -  ResidentSetSize of job (KB)
...
006 (31866.000.000) 2021-07-01 15:41:36 Image size of job updated: 1846332
	1096  -  MemoryUsage of job (MB)
	1121344  -  ResidentSetSize of job (KB)
...
006 (31866.000.000) 2021-07-01 16:16:38 Image size of job updated: 1854600
	1096  -  MemoryUsage of job (MB)
	1121344  -  ResidentSetSize of job (KB)
...
006 (31866.000.000) 2021-07-01 16:51:43 Image size of job updated: 1886852
	1096  -  MemoryUsage of job (MB)
	1121344  -  ResidentSetSize of job (KB)
...
006 (31866.000.000) 2021-07-01 17:31:47 Image size of job updated: 1891684
	1118  -  MemoryUsage of job (MB)
	1144196  -  ResidentSetSize of job (KB)
...
006 (31866.000.000) 2021-07-01 23:02:20 Image size of job updated: 1896600
	1118  -  MemoryUsage of job (MB)
	1144196  -  ResidentSetSize of job (KB)
...
040 (31866.000.000) 2021-07-02 00:17:28 Started transferring output files
...
040 (31866.000.000) 2021-07-02 00:17:28 Finished transferring output files
...
005 (31866.000.000) 2021-07-02 00:17:28 Job terminated.
	(1) Normal termination (return value 0)
		Usr 0 07:53:00, Sys 0 01:07:21  -  Run Remote Usage
		Usr 0 00:00:00, Sys 0 00:00:00  -  Run Local Usage
		Usr 0 07:53:00, Sys 0 01:07:21  -  Total Remote Usage
		Usr 0 00:00:00, Sys 0 00:00:00  -  Total Local Usage
	1063138  -  Run Bytes Sent By Job
	314  -  Run Bytes Received By Job
	1063138  -  Total Bytes Sent By Job
	314  -  Total Bytes Received By Job
	Partitionable Resources :    Usage  Request Allocated 
	   Cpus                 :     1.00        1         1 
	   Disk (KB)            :  1054           1   3637421 
	   Memory (MB)          :  1118        1024      1024 

	Job terminated of its own accord at 2021-07-01T23:17:28Z.
...
