000 (31902.000.000) 2021-07-01 15:15:27 Job submitted from host: <194.36.1.200:9618?addrs=194.36.1.200-9618&alias=hex.ppe.gla.ac.uk&noUDP&sock=schedd_1401_8c46>
...
040 (31902.000.000) 2021-07-01 15:16:41 Started transferring input files
	Transferring to host: <192.168.16.101:9618?addrs=192.168.16.101-9618&alias=condor-h16-01.ppe.cluster&noUDP&sock=slot1_17_30212_d646_4696>
...
040 (31902.000.000) 2021-07-01 15:16:41 Finished transferring input files
...
001 (31902.000.000) 2021-07-01 15:16:42 Job executing on host: <192.168.16.101:9618?addrs=192.168.16.101-9618&alias=condor-h16-01.ppe.cluster&noUDP&sock=startd_2155_baae>
...
006 (31902.000.000) 2021-07-01 15:16:50 Image size of job updated: 23180
	17  -  MemoryUsage of job (MB)
	16656  -  ResidentSetSize of job (KB)
...
006 (31902.000.000) 2021-07-01 15:21:50 Image size of job updated: 1764572
	704  -  MemoryUsage of job (MB)
	720196  -  ResidentSetSize of job (KB)
...
006 (31902.000.000) 2021-07-01 15:26:52 Image size of job updated: 1790928
	1050  -  MemoryUsage of job (MB)
	1074604  -  ResidentSetSize of job (KB)
...
006 (31902.000.000) 2021-07-01 15:36:52 Image size of job updated: 1820128
	1050  -  MemoryUsage of job (MB)
	1074604  -  ResidentSetSize of job (KB)
...
006 (31902.000.000) 2021-07-01 15:41:53 Image size of job updated: 1843256
	1050  -  MemoryUsage of job (MB)
	1074604  -  ResidentSetSize of job (KB)
...
006 (31902.000.000) 2021-07-01 15:56:55 Image size of job updated: 1843256
	1076  -  MemoryUsage of job (MB)
	1101268  -  ResidentSetSize of job (KB)
...
006 (31902.000.000) 2021-07-01 16:06:56 Image size of job updated: 1843256
	1089  -  MemoryUsage of job (MB)
	1114284  -  ResidentSetSize of job (KB)
...
006 (31902.000.000) 2021-07-01 16:26:57 Image size of job updated: 1843256
	1099  -  MemoryUsage of job (MB)
	1124364  -  ResidentSetSize of job (KB)
...
006 (31902.000.000) 2021-07-01 17:42:06 Image size of job updated: 1865636
	1099  -  MemoryUsage of job (MB)
	1124364  -  ResidentSetSize of job (KB)
...
006 (31902.000.000) 2021-07-01 18:32:11 Image size of job updated: 1878648
	1104  -  MemoryUsage of job (MB)
	1129492  -  ResidentSetSize of job (KB)
...
040 (31902.000.000) 2021-07-02 02:30:28 Started transferring output files
...
040 (31902.000.000) 2021-07-02 02:30:28 Finished transferring output files
...
005 (31902.000.000) 2021-07-02 02:30:28 Job terminated.
	(1) Normal termination (return value 0)
		Usr 0 09:40:49, Sys 0 01:29:23  -  Run Remote Usage
		Usr 0 00:00:00, Sys 0 00:00:00  -  Run Local Usage
		Usr 0 09:40:49, Sys 0 01:29:23  -  Total Remote Usage
		Usr 0 00:00:00, Sys 0 00:00:00  -  Total Local Usage
	1017015  -  Run Bytes Sent By Job
	318  -  Run Bytes Received By Job
	1017015  -  Total Bytes Sent By Job
	318  -  Total Bytes Received By Job
	Partitionable Resources :    Usage  Request Allocated 
	   Cpus                 :     1.00        1         1 
	   Disk (KB)            :  1009           1    864796 
	   Memory (MB)          :  1104        1024      1024 

	Job terminated of its own accord at 2021-07-02T01:30:27Z.
...
