000 (31919.000.000) 2021-07-01 15:15:28 Job submitted from host: <194.36.1.200:9618?addrs=194.36.1.200-9618&alias=hex.ppe.gla.ac.uk&noUDP&sock=schedd_1401_8c46>
...
040 (31919.000.000) 2021-07-01 15:17:02 Started transferring input files
	Transferring to host: <192.168.16.111:9618?addrs=192.168.16.111-9618&alias=condor-d19-01.ppe.cluster&noUDP&sock=slot1_19_88351_05a2_5158>
...
040 (31919.000.000) 2021-07-01 15:17:02 Finished transferring input files
...
001 (31919.000.000) 2021-07-01 15:17:03 Job executing on host: <192.168.16.111:9618?addrs=192.168.16.111-9618&alias=condor-d19-01.ppe.cluster&noUDP&sock=startd_2932_afc5>
...
006 (31919.000.000) 2021-07-01 15:17:12 Image size of job updated: 23216
	2  -  MemoryUsage of job (MB)
	1160  -  ResidentSetSize of job (KB)
...
006 (31919.000.000) 2021-07-01 15:22:13 Image size of job updated: 1807032
	1058  -  MemoryUsage of job (MB)
	1083144  -  ResidentSetSize of job (KB)
...
006 (31919.000.000) 2021-07-01 15:42:16 Image size of job updated: 1807416
	1065  -  MemoryUsage of job (MB)
	1090252  -  ResidentSetSize of job (KB)
...
006 (31919.000.000) 2021-07-01 16:27:20 Image size of job updated: 1807848
	1065  -  MemoryUsage of job (MB)
	1090252  -  ResidentSetSize of job (KB)
...
006 (31919.000.000) 2021-07-01 16:37:21 Image size of job updated: 1817072
	1075  -  MemoryUsage of job (MB)
	1099784  -  ResidentSetSize of job (KB)
...
006 (31919.000.000) 2021-07-01 16:47:22 Image size of job updated: 1817448
	1075  -  MemoryUsage of job (MB)
	1099784  -  ResidentSetSize of job (KB)
...
006 (31919.000.000) 2021-07-01 16:57:22 Image size of job updated: 1819052
	1075  -  MemoryUsage of job (MB)
	1099784  -  ResidentSetSize of job (KB)
...
006 (31919.000.000) 2021-07-01 17:02:23 Image size of job updated: 1821056
	1075  -  MemoryUsage of job (MB)
	1099784  -  ResidentSetSize of job (KB)
...
006 (31919.000.000) 2021-07-01 17:07:24 Image size of job updated: 1871752
	1075  -  MemoryUsage of job (MB)
	1099784  -  ResidentSetSize of job (KB)
...
006 (31919.000.000) 2021-07-01 17:22:26 Image size of job updated: 1886440
	1075  -  MemoryUsage of job (MB)
	1099784  -  ResidentSetSize of job (KB)
...
006 (31919.000.000) 2021-07-01 18:22:32 Image size of job updated: 1891496
	1075  -  MemoryUsage of job (MB)
	1099784  -  ResidentSetSize of job (KB)
...
006 (31919.000.000) 2021-07-01 18:47:34 Image size of job updated: 1891496
	1079  -  MemoryUsage of job (MB)
	1104556  -  ResidentSetSize of job (KB)
...
006 (31919.000.000) 2021-07-01 21:32:52 Image size of job updated: 1891496
	1093  -  MemoryUsage of job (MB)
	1118536  -  ResidentSetSize of job (KB)
...
006 (31919.000.000) 2021-07-01 22:12:56 Image size of job updated: 1891652
	1112  -  MemoryUsage of job (MB)
	1138476  -  ResidentSetSize of job (KB)
...
006 (31919.000.000) 2021-07-02 02:13:22 Image size of job updated: 1910616
	1112  -  MemoryUsage of job (MB)
	1138476  -  ResidentSetSize of job (KB)
...
040 (31919.000.000) 2021-07-02 02:23:59 Started transferring output files
...
040 (31919.000.000) 2021-07-02 02:23:59 Finished transferring output files
...
005 (31919.000.000) 2021-07-02 02:23:59 Job terminated.
	(1) Normal termination (return value 0)
		Usr 0 09:47:04, Sys 0 01:18:40  -  Run Remote Usage
		Usr 0 00:00:00, Sys 0 00:00:00  -  Run Local Usage
		Usr 0 09:47:04, Sys 0 01:18:40  -  Total Remote Usage
		Usr 0 00:00:00, Sys 0 00:00:00  -  Total Local Usage
	1071608  -  Run Bytes Sent By Job
	314  -  Run Bytes Received By Job
	1071608  -  Total Bytes Sent By Job
	314  -  Total Bytes Received By Job
	Partitionable Resources :    Usage  Request Allocated 
	   Cpus                 :     1.00        1         1 
	   Disk (KB)            :  1062           1    825748 
	   Memory (MB)          :  1112        1024      1024 

	Job terminated of its own accord at 2021-07-02T01:23:59Z.
...
