000 (31663.000.000) 2021-07-01 15:13:57 Job submitted from host: <194.36.1.200:9618?addrs=194.36.1.200-9618&alias=hex.ppe.gla.ac.uk&noUDP&sock=schedd_1401_8c46>
...
040 (31663.000.000) 2021-07-01 15:15:17 Started transferring input files
	Transferring to host: <192.168.16.101:9618?addrs=192.168.16.101-9618&alias=condor-h16-01.ppe.cluster&noUDP&sock=slot1_31_30212_d646_4687>
...
040 (31663.000.000) 2021-07-01 15:15:17 Finished transferring input files
...
001 (31663.000.000) 2021-07-01 15:15:18 Job executing on host: <192.168.16.101:9618?addrs=192.168.16.101-9618&alias=condor-h16-01.ppe.cluster&noUDP&sock=startd_2155_baae>
...
006 (31663.000.000) 2021-07-01 15:15:26 Image size of job updated: 75592
	2  -  MemoryUsage of job (MB)
	1104  -  ResidentSetSize of job (KB)
...
006 (31663.000.000) 2021-07-01 15:20:26 Image size of job updated: 1808044
	637  -  MemoryUsage of job (MB)
	652060  -  ResidentSetSize of job (KB)
...
006 (31663.000.000) 2021-07-01 15:25:26 Image size of job updated: 1808044
	1019  -  MemoryUsage of job (MB)
	1042764  -  ResidentSetSize of job (KB)
...
006 (31663.000.000) 2021-07-01 15:30:27 Image size of job updated: 1808044
	1037  -  MemoryUsage of job (MB)
	1061408  -  ResidentSetSize of job (KB)
...
006 (31663.000.000) 2021-07-01 15:55:28 Image size of job updated: 1808044
	1064  -  MemoryUsage of job (MB)
	1089128  -  ResidentSetSize of job (KB)
...
006 (31663.000.000) 2021-07-01 16:00:29 Image size of job updated: 1829992
	1089  -  MemoryUsage of job (MB)
	1114224  -  ResidentSetSize of job (KB)
...
006 (31663.000.000) 2021-07-01 16:50:34 Image size of job updated: 1837368
	1089  -  MemoryUsage of job (MB)
	1114224  -  ResidentSetSize of job (KB)
...
006 (31663.000.000) 2021-07-01 17:35:38 Image size of job updated: 1844188
	1089  -  MemoryUsage of job (MB)
	1114224  -  ResidentSetSize of job (KB)
...
006 (31663.000.000) 2021-07-01 18:15:43 Image size of job updated: 1846632
	1089  -  MemoryUsage of job (MB)
	1114224  -  ResidentSetSize of job (KB)
...
006 (31663.000.000) 2021-07-01 18:20:43 Image size of job updated: 1877800
	1089  -  MemoryUsage of job (MB)
	1114224  -  ResidentSetSize of job (KB)
...
006 (31663.000.000) 2021-07-01 20:30:57 Image size of job updated: 1890364
	1089  -  MemoryUsage of job (MB)
	1114224  -  ResidentSetSize of job (KB)
...
040 (31663.000.000) 2021-07-02 06:03:55 Started transferring output files
...
040 (31663.000.000) 2021-07-02 06:03:55 Finished transferring output files
...
005 (31663.000.000) 2021-07-02 06:03:55 Job terminated.
	(1) Normal termination (return value 0)
		Usr 0 12:36:45, Sys 0 01:55:52  -  Run Remote Usage
		Usr 0 00:00:00, Sys 0 00:00:00  -  Run Local Usage
		Usr 0 12:36:45, Sys 0 01:55:52  -  Total Remote Usage
		Usr 0 00:00:00, Sys 0 00:00:00  -  Total Local Usage
	1220063  -  Run Bytes Sent By Job
	318  -  Run Bytes Received By Job
	1220063  -  Total Bytes Sent By Job
	318  -  Total Bytes Received By Job
	Partitionable Resources :    Usage  Request Allocated 
	   Cpus                 :     1.00        1         1 
	   Disk (KB)            :  1207           1    864796 
	   Memory (MB)          :  1089        1024      1024 

	Job terminated of its own accord at 2021-07-02T05:03:55Z.
...
