000 (32048.000.000) 2021-07-01 15:15:37 Job submitted from host: <194.36.1.200:9618?addrs=194.36.1.200-9618&alias=hex.ppe.gla.ac.uk&noUDP&sock=schedd_1401_8c46>
...
040 (32048.000.000) 2021-07-02 00:54:21 Started transferring input files
	Transferring to host: <192.168.16.113:9618?addrs=192.168.16.113-9618&alias=condor-d19-03.ppe.cluster&noUDP&sock=slot1_9_1284_71ad_5570>
...
040 (32048.000.000) 2021-07-02 00:54:21 Finished transferring input files
...
001 (32048.000.000) 2021-07-02 00:54:22 Job executing on host: <192.168.16.113:9618?addrs=192.168.16.113-9618&alias=condor-d19-03.ppe.cluster&noUDP&sock=startd_2634_488c>
...
006 (32048.000.000) 2021-07-02 00:54:30 Image size of job updated: 75608
	2  -  MemoryUsage of job (MB)
	1164  -  ResidentSetSize of job (KB)
...
006 (32048.000.000) 2021-07-02 00:59:30 Image size of job updated: 1780052
	915  -  MemoryUsage of job (MB)
	936804  -  ResidentSetSize of job (KB)
...
006 (32048.000.000) 2021-07-02 01:04:31 Image size of job updated: 1838080
	915  -  MemoryUsage of job (MB)
	936804  -  ResidentSetSize of job (KB)
...
006 (32048.000.000) 2021-07-02 01:19:33 Image size of job updated: 1858048
	915  -  MemoryUsage of job (MB)
	936804  -  ResidentSetSize of job (KB)
...
006 (32048.000.000) 2021-07-02 01:24:34 Image size of job updated: 1858048
	926  -  MemoryUsage of job (MB)
	947800  -  ResidentSetSize of job (KB)
...
006 (32048.000.000) 2021-07-02 01:34:35 Image size of job updated: 1858048
	927  -  MemoryUsage of job (MB)
	948700  -  ResidentSetSize of job (KB)
...
006 (32048.000.000) 2021-07-02 01:39:36 Image size of job updated: 1858048
	951  -  MemoryUsage of job (MB)
	973032  -  ResidentSetSize of job (KB)
...
006 (32048.000.000) 2021-07-02 02:14:39 Image size of job updated: 1858048
	954  -  MemoryUsage of job (MB)
	976184  -  ResidentSetSize of job (KB)
...
006 (32048.000.000) 2021-07-02 02:29:41 Image size of job updated: 1868764
	954  -  MemoryUsage of job (MB)
	976184  -  ResidentSetSize of job (KB)
...
006 (32048.000.000) 2021-07-02 02:34:41 Image size of job updated: 1893220
	954  -  MemoryUsage of job (MB)
	976184  -  ResidentSetSize of job (KB)
...
006 (32048.000.000) 2021-07-02 02:44:42 Image size of job updated: 1893220
	968  -  MemoryUsage of job (MB)
	990808  -  ResidentSetSize of job (KB)
...
006 (32048.000.000) 2021-07-02 07:35:12 Image size of job updated: 1893220
	969  -  MemoryUsage of job (MB)
	992240  -  ResidentSetSize of job (KB)
...
006 (32048.000.000) 2021-07-02 10:05:28 Image size of job updated: 1893220
	978  -  MemoryUsage of job (MB)
	1001132  -  ResidentSetSize of job (KB)
...
040 (32048.000.000) 2021-07-02 10:10:44 Started transferring output files
...
040 (32048.000.000) 2021-07-02 10:10:44 Finished transferring output files
...
005 (32048.000.000) 2021-07-02 10:10:44 Job terminated.
	(1) Normal termination (return value 0)
		Usr 0 08:16:39, Sys 0 00:55:58  -  Run Remote Usage
		Usr 0 00:00:00, Sys 0 00:00:00  -  Run Local Usage
		Usr 0 08:16:39, Sys 0 00:55:58  -  Total Remote Usage
		Usr 0 00:00:00, Sys 0 00:00:00  -  Total Local Usage
	1069696  -  Run Bytes Sent By Job
	316  -  Run Bytes Received By Job
	1069696  -  Total Bytes Sent By Job
	316  -  Total Bytes Received By Job
	Partitionable Resources :    Usage  Request Allocated 
	   Cpus                 :     0.97        1         1 
	   Disk (KB)            :  1060           1   3637421 
	   Memory (MB)          :   978        1024      1024 

	Job terminated of its own accord at 2021-07-02T09:10:44Z.
...
