000 (31891.000.000) 2021-07-01 15:15:26 Job submitted from host: <194.36.1.200:9618?addrs=194.36.1.200-9618&alias=hex.ppe.gla.ac.uk&noUDP&sock=schedd_1401_8c46>
...
040 (31891.000.000) 2021-07-01 15:16:34 Started transferring input files
	Transferring to host: <192.168.16.114:9618?addrs=192.168.16.114-9618&alias=condor-d19-04.ppe.cluster&noUDP&sock=slot1_20_19959_abc5_5980>
...
040 (31891.000.000) 2021-07-01 15:16:34 Finished transferring input files
...
001 (31891.000.000) 2021-07-01 15:16:35 Job executing on host: <192.168.16.114:9618?addrs=192.168.16.114-9618&alias=condor-d19-04.ppe.cluster&noUDP&sock=startd_2633_98f3>
...
006 (31891.000.000) 2021-07-01 15:16:44 Image size of job updated: 68880
	68  -  MemoryUsage of job (MB)
	68876  -  ResidentSetSize of job (KB)
...
006 (31891.000.000) 2021-07-01 15:21:45 Image size of job updated: 1796244
	918  -  MemoryUsage of job (MB)
	939596  -  ResidentSetSize of job (KB)
...
006 (31891.000.000) 2021-07-01 15:26:45 Image size of job updated: 1801016
	918  -  MemoryUsage of job (MB)
	939596  -  ResidentSetSize of job (KB)
...
006 (31891.000.000) 2021-07-01 15:31:45 Image size of job updated: 1812780
	918  -  MemoryUsage of job (MB)
	939596  -  ResidentSetSize of job (KB)
...
006 (31891.000.000) 2021-07-01 15:36:46 Image size of job updated: 1812780
	1024  -  MemoryUsage of job (MB)
	1048000  -  ResidentSetSize of job (KB)
...
006 (31891.000.000) 2021-07-01 15:41:46 Image size of job updated: 1816748
	1076  -  MemoryUsage of job (MB)
	1101604  -  ResidentSetSize of job (KB)
...
006 (31891.000.000) 2021-07-01 16:01:48 Image size of job updated: 1826892
	1076  -  MemoryUsage of job (MB)
	1101604  -  ResidentSetSize of job (KB)
...
006 (31891.000.000) 2021-07-01 16:06:49 Image size of job updated: 1844128
	1076  -  MemoryUsage of job (MB)
	1101604  -  ResidentSetSize of job (KB)
...
006 (31891.000.000) 2021-07-01 16:56:54 Image size of job updated: 1847744
	1076  -  MemoryUsage of job (MB)
	1101604  -  ResidentSetSize of job (KB)
...
006 (31891.000.000) 2021-07-01 17:11:56 Image size of job updated: 1867228
	1076  -  MemoryUsage of job (MB)
	1101604  -  ResidentSetSize of job (KB)
...
006 (31891.000.000) 2021-07-01 18:27:03 Image size of job updated: 1874192
	1076  -  MemoryUsage of job (MB)
	1101604  -  ResidentSetSize of job (KB)
...
006 (31891.000.000) 2021-07-01 19:52:11 Image size of job updated: 1874896
	1076  -  MemoryUsage of job (MB)
	1101604  -  ResidentSetSize of job (KB)
...
006 (31891.000.000) 2021-07-01 23:32:33 Image size of job updated: 1878460
	1076  -  MemoryUsage of job (MB)
	1101604  -  ResidentSetSize of job (KB)
...
006 (31891.000.000) 2021-07-02 00:32:39 Image size of job updated: 1879220
	1076  -  MemoryUsage of job (MB)
	1101604  -  ResidentSetSize of job (KB)
...
040 (31891.000.000) 2021-07-02 00:54:23 Started transferring output files
...
040 (31891.000.000) 2021-07-02 00:54:23 Finished transferring output files
...
005 (31891.000.000) 2021-07-02 00:54:23 Job terminated.
	(1) Normal termination (return value 0)
		Usr 0 08:31:55, Sys 0 01:03:12  -  Run Remote Usage
		Usr 0 00:00:00, Sys 0 00:00:00  -  Run Local Usage
		Usr 0 08:31:55, Sys 0 01:03:12  -  Total Remote Usage
		Usr 0 00:00:00, Sys 0 00:00:00  -  Total Local Usage
	1076196  -  Run Bytes Sent By Job
	318  -  Run Bytes Received By Job
	1076196  -  Total Bytes Sent By Job
	318  -  Total Bytes Received By Job
	Partitionable Resources :    Usage  Request Allocated 
	   Cpus                 :     1.00        1         1 
	   Disk (KB)            :  1067           1   3637421 
	   Memory (MB)          :  1076        1024      1024 

	Job terminated of its own accord at 2021-07-01T23:54:23Z.
...
