000 (31999.000.000) 2021-07-01 15:15:34 Job submitted from host: <194.36.1.200:9618?addrs=194.36.1.200-9618&alias=hex.ppe.gla.ac.uk&noUDP&sock=schedd_1401_8c46>
...
040 (31999.000.000) 2021-07-02 00:29:43 Started transferring input files
	Transferring to host: <192.168.16.113:9618?addrs=192.168.16.113-9618&alias=condor-d19-03.ppe.cluster&noUDP&sock=slot1_12_1284_71ad_5457>
...
040 (31999.000.000) 2021-07-02 00:29:43 Finished transferring input files
...
001 (31999.000.000) 2021-07-02 00:29:44 Job executing on host: <192.168.16.113:9618?addrs=192.168.16.113-9618&alias=condor-d19-03.ppe.cluster&noUDP&sock=startd_2634_488c>
...
006 (31999.000.000) 2021-07-02 00:29:53 Image size of job updated: 1160
	2  -  MemoryUsage of job (MB)
	1160  -  ResidentSetSize of job (KB)
...
006 (31999.000.000) 2021-07-02 00:34:54 Image size of job updated: 1826032
	893  -  MemoryUsage of job (MB)
	914012  -  ResidentSetSize of job (KB)
...
006 (31999.000.000) 2021-07-02 01:25:00 Image size of job updated: 1826032
	920  -  MemoryUsage of job (MB)
	941800  -  ResidentSetSize of job (KB)
...
006 (31999.000.000) 2021-07-02 01:55:02 Image size of job updated: 1835304
	920  -  MemoryUsage of job (MB)
	941800  -  ResidentSetSize of job (KB)
...
006 (31999.000.000) 2021-07-02 02:05:03 Image size of job updated: 1856220
	920  -  MemoryUsage of job (MB)
	941800  -  ResidentSetSize of job (KB)
...
006 (31999.000.000) 2021-07-02 02:30:06 Image size of job updated: 1862024
	920  -  MemoryUsage of job (MB)
	941800  -  ResidentSetSize of job (KB)
...
006 (31999.000.000) 2021-07-02 03:20:12 Image size of job updated: 1886052
	920  -  MemoryUsage of job (MB)
	941800  -  ResidentSetSize of job (KB)
...
006 (31999.000.000) 2021-07-02 03:25:12 Image size of job updated: 1886052
	928  -  MemoryUsage of job (MB)
	950048  -  ResidentSetSize of job (KB)
...
006 (31999.000.000) 2021-07-02 03:30:12 Image size of job updated: 1893428
	928  -  MemoryUsage of job (MB)
	950048  -  ResidentSetSize of job (KB)
...
006 (31999.000.000) 2021-07-02 04:55:21 Image size of job updated: 1893428
	944  -  MemoryUsage of job (MB)
	965940  -  ResidentSetSize of job (KB)
...
006 (31999.000.000) 2021-07-02 05:20:24 Image size of job updated: 1893428
	948  -  MemoryUsage of job (MB)
	970132  -  ResidentSetSize of job (KB)
...
006 (31999.000.000) 2021-07-02 06:45:32 Image size of job updated: 1893428
	949  -  MemoryUsage of job (MB)
	971556  -  ResidentSetSize of job (KB)
...
040 (31999.000.000) 2021-07-02 09:43:45 Started transferring output files
...
040 (31999.000.000) 2021-07-02 09:43:45 Finished transferring output files
...
005 (31999.000.000) 2021-07-02 09:43:45 Job terminated.
	(1) Normal termination (return value 0)
		Usr 0 08:14:39, Sys 0 00:55:15  -  Run Remote Usage
		Usr 0 00:00:00, Sys 0 00:00:00  -  Run Local Usage
		Usr 0 08:14:39, Sys 0 00:55:15  -  Total Remote Usage
		Usr 0 00:00:00, Sys 0 00:00:00  -  Total Local Usage
	1229350  -  Run Bytes Sent By Job
	318  -  Run Bytes Received By Job
	1229350  -  Total Bytes Sent By Job
	318  -  Total Bytes Received By Job
	Partitionable Resources :    Usage  Request Allocated 
	   Cpus                 :     0.99        1         1 
	   Disk (KB)            :  1216           1   3637421 
	   Memory (MB)          :   949        1024      1024 

	Job terminated of its own accord at 2021-07-02T08:43:45Z.
...
