000 (31847.000.000) 2021-07-01 15:15:22 Job submitted from host: <194.36.1.200:9618?addrs=194.36.1.200-9618&alias=hex.ppe.gla.ac.uk&noUDP&sock=schedd_1401_8c46>
...
040 (31847.000.000) 2021-07-01 15:15:30 Started transferring input files
	Transferring to host: <192.168.16.112:9618?addrs=192.168.16.112-9618&alias=condor-d19-02.ppe.cluster&noUDP&sock=slot1_58_83748_cac7_5512>
...
040 (31847.000.000) 2021-07-01 15:15:30 Finished transferring input files
...
001 (31847.000.000) 2021-07-01 15:15:31 Job executing on host: <192.168.16.112:9618?addrs=192.168.16.112-9618&alias=condor-d19-02.ppe.cluster&noUDP&sock=startd_2914_5710>
...
006 (31847.000.000) 2021-07-01 15:15:39 Image size of job updated: 23168
	2  -  MemoryUsage of job (MB)
	1096  -  ResidentSetSize of job (KB)
...
006 (31847.000.000) 2021-07-01 15:20:39 Image size of job updated: 1764564
	1033  -  MemoryUsage of job (MB)
	1057568  -  ResidentSetSize of job (KB)
...
006 (31847.000.000) 2021-07-01 15:25:40 Image size of job updated: 1790924
	1033  -  MemoryUsage of job (MB)
	1057568  -  ResidentSetSize of job (KB)
...
006 (31847.000.000) 2021-07-01 15:35:41 Image size of job updated: 1843240
	1057  -  MemoryUsage of job (MB)
	1081900  -  ResidentSetSize of job (KB)
...
006 (31847.000.000) 2021-07-01 17:10:50 Image size of job updated: 1865628
	1057  -  MemoryUsage of job (MB)
	1081900  -  ResidentSetSize of job (KB)
...
006 (31847.000.000) 2021-07-01 17:55:55 Image size of job updated: 1878644
	1057  -  MemoryUsage of job (MB)
	1081900  -  ResidentSetSize of job (KB)
...
040 (31847.000.000) 2021-07-02 00:18:40 Started transferring output files
...
040 (31847.000.000) 2021-07-02 00:18:40 Finished transferring output files
...
005 (31847.000.000) 2021-07-02 00:18:40 Job terminated.
	(1) Normal termination (return value 0)
		Usr 0 07:50:59, Sys 0 01:04:11  -  Run Remote Usage
		Usr 0 00:00:00, Sys 0 00:00:00  -  Run Local Usage
		Usr 0 07:50:59, Sys 0 01:04:11  -  Total Remote Usage
		Usr 0 00:00:00, Sys 0 00:00:00  -  Total Local Usage
	1017015  -  Run Bytes Sent By Job
	318  -  Run Bytes Received By Job
	1017015  -  Total Bytes Sent By Job
	318  -  Total Bytes Received By Job
	Partitionable Resources :    Usage  Request Allocated 
	   Cpus                 :     0.99        1         1 
	   Disk (KB)            :  1009           1    825748 
	   Memory (MB)          :  1057        1024      1024 

	Job terminated of its own accord at 2021-07-01T23:18:40Z.
...
