000 (32147.000.000) 2021-07-01 15:15:45 Job submitted from host: <194.36.1.200:9618?addrs=194.36.1.200-9618&alias=hex.ppe.gla.ac.uk&noUDP&sock=schedd_1401_8c46>
...
040 (32147.000.000) 2021-07-02 01:15:21 Started transferring input files
	Transferring to host: <192.168.16.121:9618?addrs=192.168.16.121-9618&alias=condor-d20-01.ppe.cluster&noUDP&sock=slot1_53_59603_7491_5738>
...
040 (32147.000.000) 2021-07-02 01:15:21 Finished transferring input files
...
001 (32147.000.000) 2021-07-02 01:15:22 Job executing on host: <192.168.16.121:9618?addrs=192.168.16.121-9618&alias=condor-d20-01.ppe.cluster&noUDP&sock=startd_40545_137a>
...
006 (32147.000.000) 2021-07-02 01:15:31 Image size of job updated: 15584
	16  -  MemoryUsage of job (MB)
	15584  -  ResidentSetSize of job (KB)
...
006 (32147.000.000) 2021-07-02 01:20:32 Image size of job updated: 1785804
	934  -  MemoryUsage of job (MB)
	955580  -  ResidentSetSize of job (KB)
...
006 (32147.000.000) 2021-07-02 01:25:33 Image size of job updated: 1813916
	1071  -  MemoryUsage of job (MB)
	1095688  -  ResidentSetSize of job (KB)
...
006 (32147.000.000) 2021-07-02 01:45:34 Image size of job updated: 1819140
	1071  -  MemoryUsage of job (MB)
	1095688  -  ResidentSetSize of job (KB)
...
006 (32147.000.000) 2021-07-02 01:50:34 Image size of job updated: 1840900
	1071  -  MemoryUsage of job (MB)
	1095688  -  ResidentSetSize of job (KB)
...
006 (32147.000.000) 2021-07-02 02:55:41 Image size of job updated: 1843092
	1071  -  MemoryUsage of job (MB)
	1095688  -  ResidentSetSize of job (KB)
...
006 (32147.000.000) 2021-07-02 03:10:43 Image size of job updated: 1848556
	1071  -  MemoryUsage of job (MB)
	1095688  -  ResidentSetSize of job (KB)
...
006 (32147.000.000) 2021-07-02 03:50:47 Image size of job updated: 1867004
	1071  -  MemoryUsage of job (MB)
	1095688  -  ResidentSetSize of job (KB)
...
006 (32147.000.000) 2021-07-02 04:15:50 Image size of job updated: 1867176
	1071  -  MemoryUsage of job (MB)
	1095688  -  ResidentSetSize of job (KB)
...
006 (32147.000.000) 2021-07-02 05:25:57 Image size of job updated: 1881640
	1071  -  MemoryUsage of job (MB)
	1095688  -  ResidentSetSize of job (KB)
...
006 (32147.000.000) 2021-07-02 05:51:00 Image size of job updated: 1888076
	1071  -  MemoryUsage of job (MB)
	1095688  -  ResidentSetSize of job (KB)
...
006 (32147.000.000) 2021-07-02 08:16:16 Image size of job updated: 1939472
	1071  -  MemoryUsage of job (MB)
	1095688  -  ResidentSetSize of job (KB)
...
040 (32147.000.000) 2021-07-02 11:03:30 Started transferring output files
...
040 (32147.000.000) 2021-07-02 11:03:30 Finished transferring output files
...
005 (32147.000.000) 2021-07-02 11:03:30 Job terminated.
	(1) Normal termination (return value 0)
		Usr 0 08:43:39, Sys 0 01:00:44  -  Run Remote Usage
		Usr 0 00:00:00, Sys 0 00:00:00  -  Run Local Usage
		Usr 0 08:43:39, Sys 0 01:00:44  -  Total Remote Usage
		Usr 0 00:00:00, Sys 0 00:00:00  -  Total Local Usage
	1069329  -  Run Bytes Sent By Job
	314  -  Run Bytes Received By Job
	1069329  -  Total Bytes Sent By Job
	314  -  Total Bytes Received By Job
	Partitionable Resources :    Usage  Request Allocated 
	   Cpus                 :     1.00        1         1 
	   Disk (KB)            :  1060           1   3637421 
	   Memory (MB)          :  1071        1024      1024 

	Job terminated of its own accord at 2021-07-02T10:03:30Z.
...
