000 (31652.000.000) 2021-07-01 15:13:57 Job submitted from host: <194.36.1.200:9618?addrs=194.36.1.200-9618&alias=hex.ppe.gla.ac.uk&noUDP&sock=schedd_1401_8c46>
...
040 (31652.000.000) 2021-07-01 15:15:17 Started transferring input files
	Transferring to host: <192.168.16.104:9618?addrs=192.168.16.104-9618&alias=condor-h16-04.ppe.cluster&noUDP&sock=slot1_28_20677_9122_4266>
...
040 (31652.000.000) 2021-07-01 15:15:17 Finished transferring input files
...
001 (31652.000.000) 2021-07-01 15:15:18 Job executing on host: <192.168.16.104:9618?addrs=192.168.16.104-9618&alias=condor-h16-04.ppe.cluster&noUDP&sock=startd_20625_9ceb>
...
006 (31652.000.000) 2021-07-01 15:15:26 Image size of job updated: 75592
	2  -  MemoryUsage of job (MB)
	1104  -  ResidentSetSize of job (KB)
...
006 (31652.000.000) 2021-07-01 15:20:26 Image size of job updated: 1808800
	882  -  MemoryUsage of job (MB)
	902700  -  ResidentSetSize of job (KB)
...
006 (31652.000.000) 2021-07-01 15:30:27 Image size of job updated: 1808800
	1029  -  MemoryUsage of job (MB)
	1053396  -  ResidentSetSize of job (KB)
...
006 (31652.000.000) 2021-07-01 15:35:27 Image size of job updated: 1808800
	1048  -  MemoryUsage of job (MB)
	1072344  -  ResidentSetSize of job (KB)
...
006 (31652.000.000) 2021-07-01 15:45:28 Image size of job updated: 1841532
	1048  -  MemoryUsage of job (MB)
	1072344  -  ResidentSetSize of job (KB)
...
006 (31652.000.000) 2021-07-01 17:50:40 Image size of job updated: 1847792
	1048  -  MemoryUsage of job (MB)
	1072344  -  ResidentSetSize of job (KB)
...
006 (31652.000.000) 2021-07-01 18:15:43 Image size of job updated: 1850896
	1048  -  MemoryUsage of job (MB)
	1072344  -  ResidentSetSize of job (KB)
...
006 (31652.000.000) 2021-07-01 18:50:47 Image size of job updated: 1861920
	1048  -  MemoryUsage of job (MB)
	1072344  -  ResidentSetSize of job (KB)
...
006 (31652.000.000) 2021-07-01 19:55:54 Image size of job updated: 1870768
	1048  -  MemoryUsage of job (MB)
	1072344  -  ResidentSetSize of job (KB)
...
006 (31652.000.000) 2021-07-01 22:31:09 Image size of job updated: 1872824
	1048  -  MemoryUsage of job (MB)
	1072344  -  ResidentSetSize of job (KB)
...
040 (31652.000.000) 2021-07-02 06:08:10 Started transferring output files
...
040 (31652.000.000) 2021-07-02 06:08:14 Finished transferring output files
...
005 (31652.000.000) 2021-07-02 06:08:14 Job terminated.
	(1) Normal termination (return value 0)
		Usr 0 12:50:47, Sys 0 01:52:14  -  Run Remote Usage
		Usr 0 00:00:00, Sys 0 00:00:00  -  Run Local Usage
		Usr 0 12:50:47, Sys 0 01:52:14  -  Total Remote Usage
		Usr 0 00:00:00, Sys 0 00:00:00  -  Total Local Usage
	1229393  -  Run Bytes Sent By Job
	314  -  Run Bytes Received By Job
	1229393  -  Total Bytes Sent By Job
	314  -  Total Bytes Received By Job
	Partitionable Resources :    Usage  Request Allocated 
	   Cpus                 :     1.00        1         1 
	   Disk (KB)            :  1216           1    914154 
	   Memory (MB)          :  1048        1024      1024 

	Job terminated of its own accord at 2021-07-02T05:08:10Z.
...
