000 (32194.000.000) 2021-07-01 15:15:48 Job submitted from host: <194.36.1.200:9618?addrs=194.36.1.200-9618&alias=hex.ppe.gla.ac.uk&noUDP&sock=schedd_1401_8c46>
...
040 (32194.000.000) 2021-07-02 03:05:03 Started transferring input files
	Transferring to host: <192.168.16.111:9618?addrs=192.168.16.111-9618&alias=condor-d19-01.ppe.cluster&noUDP&sock=slot1_16_88351_05a2_5525>
...
040 (32194.000.000) 2021-07-02 03:05:03 Finished transferring input files
...
001 (32194.000.000) 2021-07-02 03:05:04 Job executing on host: <192.168.16.111:9618?addrs=192.168.16.111-9618&alias=condor-d19-01.ppe.cluster&noUDP&sock=startd_2932_afc5>
...
006 (32194.000.000) 2021-07-02 03:05:13 Image size of job updated: 22804
	2  -  MemoryUsage of job (MB)
	1164  -  ResidentSetSize of job (KB)
...
006 (32194.000.000) 2021-07-02 03:10:13 Image size of job updated: 1807044
	819  -  MemoryUsage of job (MB)
	838016  -  ResidentSetSize of job (KB)
...
006 (32194.000.000) 2021-07-02 03:15:13 Image size of job updated: 1807044
	835  -  MemoryUsage of job (MB)
	854832  -  ResidentSetSize of job (KB)
...
006 (32194.000.000) 2021-07-02 03:20:14 Image size of job updated: 1807044
	933  -  MemoryUsage of job (MB)
	954476  -  ResidentSetSize of job (KB)
...
006 (32194.000.000) 2021-07-02 03:30:15 Image size of job updated: 1807424
	933  -  MemoryUsage of job (MB)
	954476  -  ResidentSetSize of job (KB)
...
006 (32194.000.000) 2021-07-02 04:15:20 Image size of job updated: 1807860
	933  -  MemoryUsage of job (MB)
	954476  -  ResidentSetSize of job (KB)
...
006 (32194.000.000) 2021-07-02 04:25:21 Image size of job updated: 1817080
	941  -  MemoryUsage of job (MB)
	962880  -  ResidentSetSize of job (KB)
...
006 (32194.000.000) 2021-07-02 04:35:22 Image size of job updated: 1817456
	941  -  MemoryUsage of job (MB)
	962880  -  ResidentSetSize of job (KB)
...
006 (32194.000.000) 2021-07-02 04:45:23 Image size of job updated: 1819064
	941  -  MemoryUsage of job (MB)
	962880  -  ResidentSetSize of job (KB)
...
006 (32194.000.000) 2021-07-02 04:55:23 Image size of job updated: 1871764
	954  -  MemoryUsage of job (MB)
	976192  -  ResidentSetSize of job (KB)
...
006 (32194.000.000) 2021-07-02 05:10:25 Image size of job updated: 1886452
	954  -  MemoryUsage of job (MB)
	976192  -  ResidentSetSize of job (KB)
...
006 (32194.000.000) 2021-07-02 06:15:32 Image size of job updated: 1891508
	954  -  MemoryUsage of job (MB)
	976192  -  ResidentSetSize of job (KB)
...
006 (32194.000.000) 2021-07-02 10:05:57 Image size of job updated: 1891664
	954  -  MemoryUsage of job (MB)
	976192  -  ResidentSetSize of job (KB)
...
006 (32194.000.000) 2021-07-02 13:41:20 Image size of job updated: 1910628
	954  -  MemoryUsage of job (MB)
	976192  -  ResidentSetSize of job (KB)
...
040 (32194.000.000) 2021-07-02 13:51:49 Started transferring output files
...
040 (32194.000.000) 2021-07-02 13:51:49 Finished transferring output files
...
005 (32194.000.000) 2021-07-02 13:51:49 Job terminated.
	(1) Normal termination (return value 0)
		Usr 0 09:20:58, Sys 0 01:17:24  -  Run Remote Usage
		Usr 0 00:00:00, Sys 0 00:00:00  -  Run Local Usage
		Usr 0 09:20:58, Sys 0 01:17:24  -  Total Remote Usage
		Usr 0 00:00:00, Sys 0 00:00:00  -  Total Local Usage
	1071608  -  Run Bytes Sent By Job
	314  -  Run Bytes Received By Job
	1071608  -  Total Bytes Sent By Job
	314  -  Total Bytes Received By Job
	Partitionable Resources :    Usage  Request Allocated 
	   Cpus                 :     1.00        1         1 
	   Disk (KB)            :  1062           1    825748 
	   Memory (MB)          :   954        1024      1024 

	Job terminated of its own accord at 2021-07-02T12:51:49Z.
...
