000 (31431.000.000) 2021-07-01 15:13:46 Job submitted from host: <194.36.1.200:9618?addrs=194.36.1.200-9618&alias=hex.ppe.gla.ac.uk&noUDP&sock=schedd_1401_8c46>
...
040 (31431.000.000) 2021-07-01 15:15:15 Started transferring input files
	Transferring to host: <192.168.16.121:9618?addrs=192.168.16.121-9618&alias=condor-d20-01.ppe.cluster&noUDP&sock=slot1_2_59603_7491_5560>
...
001 (31431.000.000) 2021-07-01 15:15:17 Job executing on host: <192.168.16.121:9618?addrs=192.168.16.121-9618&alias=condor-d20-01.ppe.cluster&noUDP&sock=startd_40545_137a>
...
040 (31431.000.000) 2021-07-01 15:15:17 Finished transferring input files
...
006 (31431.000.000) 2021-07-01 15:15:25 Image size of job updated: 22548
	1  -  MemoryUsage of job (MB)
	796  -  ResidentSetSize of job (KB)
...
006 (31431.000.000) 2021-07-01 15:20:25 Image size of job updated: 1785796
	1046  -  MemoryUsage of job (MB)
	1070828  -  ResidentSetSize of job (KB)
...
006 (31431.000.000) 2021-07-01 15:25:26 Image size of job updated: 1813912
	1074  -  MemoryUsage of job (MB)
	1098816  -  ResidentSetSize of job (KB)
...
006 (31431.000.000) 2021-07-01 15:45:28 Image size of job updated: 1819184
	1079  -  MemoryUsage of job (MB)
	1104092  -  ResidentSetSize of job (KB)
...
006 (31431.000.000) 2021-07-01 15:50:28 Image size of job updated: 1827496
	1100  -  MemoryUsage of job (MB)
	1125804  -  ResidentSetSize of job (KB)
...
006 (31431.000.000) 2021-07-01 15:55:29 Image size of job updated: 1840892
	1100  -  MemoryUsage of job (MB)
	1125804  -  ResidentSetSize of job (KB)
...
006 (31431.000.000) 2021-07-01 17:00:36 Image size of job updated: 1843084
	1100  -  MemoryUsage of job (MB)
	1125804  -  ResidentSetSize of job (KB)
...
006 (31431.000.000) 2021-07-01 17:10:37 Image size of job updated: 1848548
	1100  -  MemoryUsage of job (MB)
	1125804  -  ResidentSetSize of job (KB)
...
006 (31431.000.000) 2021-07-01 17:50:41 Image size of job updated: 1866996
	1100  -  MemoryUsage of job (MB)
	1125804  -  ResidentSetSize of job (KB)
...
006 (31431.000.000) 2021-07-01 18:15:43 Image size of job updated: 1867168
	1100  -  MemoryUsage of job (MB)
	1125804  -  ResidentSetSize of job (KB)
...
006 (31431.000.000) 2021-07-01 18:20:43 Image size of job updated: 1867300
	1100  -  MemoryUsage of job (MB)
	1125804  -  ResidentSetSize of job (KB)
...
006 (31431.000.000) 2021-07-01 19:25:50 Image size of job updated: 1881632
	1108  -  MemoryUsage of job (MB)
	1133692  -  ResidentSetSize of job (KB)
...
006 (31431.000.000) 2021-07-01 19:50:54 Image size of job updated: 1888068
	1108  -  MemoryUsage of job (MB)
	1133692  -  ResidentSetSize of job (KB)
...
006 (31431.000.000) 2021-07-01 22:16:08 Image size of job updated: 1939464
	1108  -  MemoryUsage of job (MB)
	1133692  -  ResidentSetSize of job (KB)
...
040 (31431.000.000) 2021-07-02 01:07:34 Started transferring output files
...
040 (31431.000.000) 2021-07-02 01:07:34 Finished transferring output files
...
005 (31431.000.000) 2021-07-02 01:07:34 Job terminated.
	(1) Normal termination (return value 0)
		Usr 0 08:50:42, Sys 0 00:59:35  -  Run Remote Usage
		Usr 0 00:00:00, Sys 0 00:00:00  -  Run Local Usage
		Usr 0 08:50:42, Sys 0 00:59:35  -  Total Remote Usage
		Usr 0 00:00:00, Sys 0 00:00:00  -  Total Local Usage
	1069329  -  Run Bytes Sent By Job
	314  -  Run Bytes Received By Job
	1069329  -  Total Bytes Sent By Job
	314  -  Total Bytes Received By Job
	Partitionable Resources :    Usage  Request Allocated 
	   Cpus                 :     0.99        1         1 
	   Disk (KB)            :  1060           1   3637421 
	   Memory (MB)          :  1108        1024      1024 

	Job terminated of its own accord at 2021-07-02T00:07:33Z.
...
