000 (32230.000.000) 2021-07-01 15:15:50 Job submitted from host: <194.36.1.200:9618?addrs=194.36.1.200-9618&alias=hex.ppe.gla.ac.uk&noUDP&sock=schedd_1401_8c46>
...
040 (32230.000.000) 2021-07-02 03:10:48 Started transferring input files
	Transferring to host: <192.168.16.111:9618?addrs=192.168.16.111-9618&alias=condor-d19-01.ppe.cluster&noUDP&sock=slot1_35_88351_05a2_5556>
...
040 (32230.000.000) 2021-07-02 03:10:48 Finished transferring input files
...
001 (32230.000.000) 2021-07-02 03:10:49 Job executing on host: <192.168.16.111:9618?addrs=192.168.16.111-9618&alias=condor-d19-01.ppe.cluster&noUDP&sock=startd_2932_afc5>
...
006 (32230.000.000) 2021-07-02 03:10:58 Image size of job updated: 23108
	2  -  MemoryUsage of job (MB)
	1088  -  ResidentSetSize of job (KB)
...
006 (32230.000.000) 2021-07-02 03:11:33 Image size of job updated: 907932
	2  -  MemoryUsage of job (MB)
	1088  -  ResidentSetSize of job (KB)
...
040 (32230.000.000) 2021-07-02 03:11:33 Started transferring output files
...
040 (32230.000.000) 2021-07-02 03:11:33 Finished transferring output files
...
005 (32230.000.000) 2021-07-02 03:11:33 Job terminated.
	(1) Normal termination (return value 0)
		Usr 0 00:00:15, Sys 0 00:00:08  -  Run Remote Usage
		Usr 0 00:00:00, Sys 0 00:00:00  -  Run Local Usage
		Usr 0 00:00:15, Sys 0 00:00:08  -  Total Remote Usage
		Usr 0 00:00:00, Sys 0 00:00:00  -  Total Local Usage
	712833  -  Run Bytes Sent By Job
	318  -  Run Bytes Received By Job
	712833  -  Total Bytes Sent By Job
	318  -  Total Bytes Received By Job
	Partitionable Resources :    Usage  Request Allocated 
	   Cpus                 :                 1         1 
	   Disk (KB)            :      706        1    825748 
	   Memory (MB)          :        2     1024      1024 

	Job terminated of its own accord at 2021-07-02T02:11:33Z.
...
