000 (96848.000.000) 09/23 16:58:49 Job submitted from host: <172.20.203.50:9618?addrs=172.20.203.50-9618+[--1]-9618&noUDP&sock=7405_cae4_4>
...
001 (96848.000.000) 09/23 16:58:58 Job executing on host: <10.194.1.4:9618?addrs=10.194.1.4-9618+[--1]-9618&noUDP&sock=21589_d637_3>
...
006 (96848.000.000) 09/23 16:59:07 Image size of job updated: 51512
	51  -  MemoryUsage of job (MB)
	51512  -  ResidentSetSize of job (KB)
...
006 (96848.000.000) 09/23 17:04:08 Image size of job updated: 911448
	891  -  MemoryUsage of job (MB)
	911448  -  ResidentSetSize of job (KB)
...
006 (96848.000.000) 09/23 17:39:11 Image size of job updated: 1167196
	1140  -  MemoryUsage of job (MB)
	1167196  -  ResidentSetSize of job (KB)
...
006 (96848.000.000) 09/23 18:04:14 Image size of job updated: 1451816
	1418  -  MemoryUsage of job (MB)
	1451816  -  ResidentSetSize of job (KB)
...
006 (96848.000.000) 09/23 18:59:19 Image size of job updated: 1543812
	1418  -  MemoryUsage of job (MB)
	1451816  -  ResidentSetSize of job (KB)
...
006 (96848.000.000) 09/23 19:19:22 Image size of job updated: 1726524
	1418  -  MemoryUsage of job (MB)
	1451816  -  ResidentSetSize of job (KB)
...
006 (96848.000.000) 09/23 19:34:24 Image size of job updated: 2193528
	1418  -  MemoryUsage of job (MB)
	1451816  -  ResidentSetSize of job (KB)
...
006 (96848.000.000) 09/23 20:04:25 Image size of job updated: 2515416
	1418  -  MemoryUsage of job (MB)
	1451816  -  ResidentSetSize of job (KB)
...
006 (96848.000.000) 09/23 20:14:27 Image size of job updated: 2592780
	1418  -  MemoryUsage of job (MB)
	1451816  -  ResidentSetSize of job (KB)
...
006 (96848.000.000) 09/23 20:19:27 Image size of job updated: 2680188
	1499  -  MemoryUsage of job (MB)
	1534196  -  ResidentSetSize of job (KB)
...
006 (96848.000.000) 09/23 20:24:28 Image size of job updated: 2704328
	1520  -  MemoryUsage of job (MB)
	1555800  -  ResidentSetSize of job (KB)
...
006 (96848.000.000) 09/23 20:29:29 Image size of job updated: 2760388
	1629  -  MemoryUsage of job (MB)
	1667824  -  ResidentSetSize of job (KB)
...
006 (96848.000.000) 09/23 20:34:29 Image size of job updated: 2825664
	1680  -  MemoryUsage of job (MB)
	1720296  -  ResidentSetSize of job (KB)
...
006 (96848.000.000) 09/23 20:39:29 Image size of job updated: 2989288
	1745  -  MemoryUsage of job (MB)
	1786356  -  ResidentSetSize of job (KB)
...
006 (96848.000.000) 09/23 21:29:35 Image size of job updated: 2989288
	1817  -  MemoryUsage of job (MB)
	1860160  -  ResidentSetSize of job (KB)
...
006 (96848.000.000) 09/23 21:34:58 Image size of job updated: 2989288
	1837  -  MemoryUsage of job (MB)
	1880740  -  ResidentSetSize of job (KB)
...
006 (96848.000.000) 09/23 21:39:37 Image size of job updated: 2989288
	1851  -  MemoryUsage of job (MB)
	1895248  -  ResidentSetSize of job (KB)
...
006 (96848.000.000) 09/23 21:54:38 Image size of job updated: 2989288
	1880  -  MemoryUsage of job (MB)
	1924464  -  ResidentSetSize of job (KB)
...
006 (96848.000.000) 09/23 21:59:40 Image size of job updated: 2989288
	2063  -  MemoryUsage of job (MB)
	2112072  -  ResidentSetSize of job (KB)
...
006 (96848.000.000) 09/23 22:04:40 Image size of job updated: 3046436
	2223  -  MemoryUsage of job (MB)
	2276280  -  ResidentSetSize of job (KB)
...
006 (96848.000.000) 09/24 00:24:55 Image size of job updated: 3103012
	2223  -  MemoryUsage of job (MB)
	2276280  -  ResidentSetSize of job (KB)
...
006 (96848.000.000) 09/24 00:54:59 Image size of job updated: 3335124
	2223  -  MemoryUsage of job (MB)
	2276280  -  ResidentSetSize of job (KB)
...
006 (96848.000.000) 09/24 01:10:00 Image size of job updated: 3919668
	2223  -  MemoryUsage of job (MB)
	2276280  -  ResidentSetSize of job (KB)
...
006 (96848.000.000) 09/24 01:15:01 Image size of job updated: 3971784
	2223  -  MemoryUsage of job (MB)
	2276280  -  ResidentSetSize of job (KB)
...
006 (96848.000.000) 09/24 01:20:02 Image size of job updated: 3973724
	2223  -  MemoryUsage of job (MB)
	2276280  -  ResidentSetSize of job (KB)
...
006 (96848.000.000) 09/24 01:25:02 Image size of job updated: 4056872
	2223  -  MemoryUsage of job (MB)
	2276280  -  ResidentSetSize of job (KB)
...
006 (96848.000.000) 09/24 01:30:03 Image size of job updated: 4101136
	2223  -  MemoryUsage of job (MB)
	2276280  -  ResidentSetSize of job (KB)
...
006 (96848.000.000) 09/24 01:35:04 Image size of job updated: 4167952
	2223  -  MemoryUsage of job (MB)
	2276280  -  ResidentSetSize of job (KB)
...
006 (96848.000.000) 09/24 01:40:04 Image size of job updated: 4194200
	2223  -  MemoryUsage of job (MB)
	2276280  -  ResidentSetSize of job (KB)
...
006 (96848.000.000) 09/24 01:45:04 Image size of job updated: 4266460
	2223  -  MemoryUsage of job (MB)
	2276280  -  ResidentSetSize of job (KB)
...
006 (96848.000.000) 09/24 01:50:05 Image size of job updated: 4315584
	2223  -  MemoryUsage of job (MB)
	2276280  -  ResidentSetSize of job (KB)
...
006 (96848.000.000) 09/24 01:55:06 Image size of job updated: 4404844
	2223  -  MemoryUsage of job (MB)
	2276280  -  ResidentSetSize of job (KB)
...
006 (96848.000.000) 09/24 02:00:46 Image size of job updated: 4474172
	2223  -  MemoryUsage of job (MB)
	2276280  -  ResidentSetSize of job (KB)
...
006 (96848.000.000) 09/24 02:05:07 Image size of job updated: 4532764
	2223  -  MemoryUsage of job (MB)
	2276280  -  ResidentSetSize of job (KB)
...
006 (96848.000.000) 09/24 02:10:07 Image size of job updated: 4556232
	2223  -  MemoryUsage of job (MB)
	2276280  -  ResidentSetSize of job (KB)
...
006 (96848.000.000) 09/24 02:15:07 Image size of job updated: 4579028
	2223  -  MemoryUsage of job (MB)
	2276280  -  ResidentSetSize of job (KB)
...
006 (96848.000.000) 09/24 02:20:08 Image size of job updated: 4598332
	2223  -  MemoryUsage of job (MB)
	2276280  -  ResidentSetSize of job (KB)
...
006 (96848.000.000) 09/24 02:25:20 Image size of job updated: 4616296
	2223  -  MemoryUsage of job (MB)
	2276280  -  ResidentSetSize of job (KB)
...
006 (96848.000.000) 09/24 02:30:09 Image size of job updated: 4647556
	2223  -  MemoryUsage of job (MB)
	2276280  -  ResidentSetSize of job (KB)
...
006 (96848.000.000) 09/24 02:35:09 Image size of job updated: 4680984
	2223  -  MemoryUsage of job (MB)
	2276280  -  ResidentSetSize of job (KB)
...
006 (96848.000.000) 09/24 02:40:09 Image size of job updated: 4697680
	2223  -  MemoryUsage of job (MB)
	2276280  -  ResidentSetSize of job (KB)
...
006 (96848.000.000) 09/24 02:45:16 Image size of job updated: 4727000
	2247  -  MemoryUsage of job (MB)
	2300424  -  ResidentSetSize of job (KB)
...
006 (96848.000.000) 09/24 02:50:24 Image size of job updated: 4748996
	2278  -  MemoryUsage of job (MB)
	2331856  -  ResidentSetSize of job (KB)
...
006 (96848.000.000) 09/24 02:55:16 Image size of job updated: 4766996
	2303  -  MemoryUsage of job (MB)
	2357580  -  ResidentSetSize of job (KB)
...
006 (96848.000.000) 09/24 03:00:13 Image size of job updated: 4790684
	2328  -  MemoryUsage of job (MB)
	2382920  -  ResidentSetSize of job (KB)
...
006 (96848.000.000) 09/24 03:05:43 Image size of job updated: 4811772
	2347  -  MemoryUsage of job (MB)
	2403028  -  ResidentSetSize of job (KB)
...
006 (96848.000.000) 09/24 03:10:14 Image size of job updated: 4846932
	2347  -  MemoryUsage of job (MB)
	2403028  -  ResidentSetSize of job (KB)
...
006 (96848.000.000) 09/24 03:15:14 Image size of job updated: 4863504
	2347  -  MemoryUsage of job (MB)
	2403028  -  ResidentSetSize of job (KB)
...
006 (96848.000.000) 09/24 03:20:15 Image size of job updated: 4881476
	2347  -  MemoryUsage of job (MB)
	2403028  -  ResidentSetSize of job (KB)
...
006 (96848.000.000) 09/24 03:25:15 Image size of job updated: 4904064
	2347  -  MemoryUsage of job (MB)
	2403028  -  ResidentSetSize of job (KB)
...
006 (96848.000.000) 09/24 03:30:15 Image size of job updated: 4924788
	2347  -  MemoryUsage of job (MB)
	2403028  -  ResidentSetSize of job (KB)
...
006 (96848.000.000) 09/24 03:35:16 Image size of job updated: 4956844
	2347  -  MemoryUsage of job (MB)
	2403028  -  ResidentSetSize of job (KB)
...
006 (96848.000.000) 09/24 03:40:17 Image size of job updated: 4970440
	2347  -  MemoryUsage of job (MB)
	2403028  -  ResidentSetSize of job (KB)
...
006 (96848.000.000) 09/24 03:45:58 Image size of job updated: 4992020
	2347  -  MemoryUsage of job (MB)
	2403028  -  ResidentSetSize of job (KB)
...
006 (96848.000.000) 09/24 03:50:17 Image size of job updated: 5003472
	2348  -  MemoryUsage of job (MB)
	2403988  -  ResidentSetSize of job (KB)
...
006 (96848.000.000) 09/24 03:55:17 Image size of job updated: 5020700
	2369  -  MemoryUsage of job (MB)
	2424952  -  ResidentSetSize of job (KB)
...
006 (96848.000.000) 09/24 04:00:19 Image size of job updated: 5041216
	2395  -  MemoryUsage of job (MB)
	2452360  -  ResidentSetSize of job (KB)
...
006 (96848.000.000) 09/24 04:05:18 Image size of job updated: 5060756
	2414  -  MemoryUsage of job (MB)
	2471168  -  ResidentSetSize of job (KB)
...
006 (96848.000.000) 09/24 04:10:18 Image size of job updated: 5077220
	2427  -  MemoryUsage of job (MB)
	2484720  -  ResidentSetSize of job (KB)
...
006 (96848.000.000) 09/24 04:15:43 Image size of job updated: 5085668
	2427  -  MemoryUsage of job (MB)
	2484720  -  ResidentSetSize of job (KB)
...
006 (96848.000.000) 09/24 04:20:20 Image size of job updated: 5085668
	2447  -  MemoryUsage of job (MB)
	2505164  -  ResidentSetSize of job (KB)
...
006 (96848.000.000) 09/24 04:45:24 Image size of job updated: 5085668
	2447  -  MemoryUsage of job (MB)
	2505212  -  ResidentSetSize of job (KB)
...
006 (96848.000.000) 09/24 04:50:25 Image size of job updated: 5085668
	2462  -  MemoryUsage of job (MB)
	2520236  -  ResidentSetSize of job (KB)
...
006 (96848.000.000) 09/24 05:00:26 Image size of job updated: 5085668
	2485  -  MemoryUsage of job (MB)
	2544572  -  ResidentSetSize of job (KB)
...
006 (96848.000.000) 09/24 05:33:00 Image size of job updated: 5085668
	2485  -  MemoryUsage of job (MB)
	2544576  -  ResidentSetSize of job (KB)
...
006 (96848.000.000) 09/24 08:41:56 Image size of job updated: 5085776
	2485  -  MemoryUsage of job (MB)
	2544576  -  ResidentSetSize of job (KB)
...
006 (96848.000.000) 09/24 09:23:04 Image size of job updated: 5085784
	2485  -  MemoryUsage of job (MB)
	2544576  -  ResidentSetSize of job (KB)
...
006 (96848.000.000) 09/24 09:54:00 Image size of job updated: 5085848
	2485  -  MemoryUsage of job (MB)
	2544576  -  ResidentSetSize of job (KB)
...
004 (96848.000.000) 09/24 14:15:13 Job was evicted.
	(0) Job was not checkpointed.
		Usr 0 06:12:22, Sys 0 00:23:58  -  Run Remote Usage
		Usr 0 00:00:00, Sys 0 00:00:00  -  Run Local Usage
	0  -  Run Bytes Sent By Job
	237  -  Run Bytes Received By Job
	Partitionable Resources :    Usage  Request Allocated
	   Cpus                 :                 1         1
	   Disk (KB)            :       20        1   4187667
	   Memory (MB)          :     2485     1024      1024
...
009 (96848.000.000) 09/24 14:15:14 Job was aborted by the user.
	via condor_rm (by user jnugent)
...
000 (96898.000.000) 09/24 14:18:55 Job submitted from host: <172.20.203.50:9618?addrs=172.20.203.50-9618+[--1]-9618&noUDP&sock=7405_cae4_4>
...
001 (96898.000.000) 09/25 06:59:35 Job executing on host: <10.194.1.4:9618?addrs=10.194.1.4-9618+[--1]-9618&noUDP&sock=21589_d637_3>
...
006 (96898.000.000) 09/25 06:59:44 Image size of job updated: 61972
	52  -  MemoryUsage of job (MB)
	52400  -  ResidentSetSize of job (KB)
...
006 (96898.000.000) 09/25 07:04:45 Image size of job updated: 601768
	576  -  MemoryUsage of job (MB)
	589372  -  ResidentSetSize of job (KB)
...
006 (96898.000.000) 09/25 07:14:46 Image size of job updated: 1092884
	1048  -  MemoryUsage of job (MB)
	1072424  -  ResidentSetSize of job (KB)
...
006 (96898.000.000) 09/25 07:49:50 Image size of job updated: 1307592
	1211  -  MemoryUsage of job (MB)
	1239260  -  ResidentSetSize of job (KB)
...
006 (96898.000.000) 09/25 08:19:53 Image size of job updated: 1819296
	1555  -  MemoryUsage of job (MB)
	1591764  -  ResidentSetSize of job (KB)
...
006 (96898.000.000) 09/25 08:29:54 Image size of job updated: 1918912
	1619  -  MemoryUsage of job (MB)
	1657600  -  ResidentSetSize of job (KB)
...
006 (96898.000.000) 09/25 08:39:55 Image size of job updated: 2010876
	1677  -  MemoryUsage of job (MB)
	1716672  -  ResidentSetSize of job (KB)
...
006 (96898.000.000) 09/25 08:44:56 Image size of job updated: 2380732
	2016  -  MemoryUsage of job (MB)
	2063476  -  ResidentSetSize of job (KB)
...
006 (96898.000.000) 09/25 09:04:58 Image size of job updated: 2742212
	2265  -  MemoryUsage of job (MB)
	2318620  -  ResidentSetSize of job (KB)
...
006 (96898.000.000) 09/25 09:55:02 Image size of job updated: 3304060
	2557  -  MemoryUsage of job (MB)
	2617488  -  ResidentSetSize of job (KB)
...
006 (96898.000.000) 09/25 10:00:03 Image size of job updated: 3304060
	2557  -  MemoryUsage of job (MB)
	2617492  -  ResidentSetSize of job (KB)
...
006 (96898.000.000) 09/25 10:30:05 Image size of job updated: 3347112
	2557  -  MemoryUsage of job (MB)
	2617492  -  ResidentSetSize of job (KB)
...
006 (96898.000.000) 09/25 10:40:07 Image size of job updated: 4008092
	3130  -  MemoryUsage of job (MB)
	3204924  -  ResidentSetSize of job (KB)
...
006 (96898.000.000) 09/25 10:45:07 Image size of job updated: 5115496
	4073  -  MemoryUsage of job (MB)
	4169900  -  ResidentSetSize of job (KB)
...
005 (96898.000.000) 09/25 15:24:00 Job terminated.
	(1) Normal termination (return value 0)
		Usr 0 06:49:10, Sys 0 00:23:23  -  Run Remote Usage
		Usr 0 00:00:00, Sys 0 00:00:00  -  Run Local Usage
		Usr 0 06:49:10, Sys 0 00:23:23  -  Total Remote Usage
		Usr 0 00:00:00, Sys 0 00:00:00  -  Total Local Usage
	1000439  -  Run Bytes Sent By Job
	237  -  Run Bytes Received By Job
	1000439  -  Total Bytes Sent By Job
	237  -  Total Bytes Received By Job
	Partitionable Resources :    Usage  Request Allocated
	   Cpus                 :                 1         1
	   Disk (KB)            :      987        1   4187667
	   Memory (MB)          :     4073    10240     10240
...
