000 (96825.000.000) 09/23 16:58:47 Job submitted from host: <172.20.203.50:9618?addrs=172.20.203.50-9618+[--1]-9618&noUDP&sock=7405_cae4_4>
...
001 (96825.000.000) 09/23 16:58:56 Job executing on host: <10.194.1.8:9618?addrs=10.194.1.8-9618+[--1]-9618&noUDP&sock=5976_9e0e_3>
...
006 (96825.000.000) 09/23 16:59:05 Image size of job updated: 51880
	50  -  MemoryUsage of job (MB)
	50496  -  ResidentSetSize of job (KB)
...
006 (96825.000.000) 09/23 17:04:05 Image size of job updated: 894096
	872  -  MemoryUsage of job (MB)
	892704  -  ResidentSetSize of job (KB)
...
006 (96825.000.000) 09/23 17:09:05 Image size of job updated: 899232
	877  -  MemoryUsage of job (MB)
	897840  -  ResidentSetSize of job (KB)
...
006 (96825.000.000) 09/23 17:24:07 Image size of job updated: 1011300
	987  -  MemoryUsage of job (MB)
	1009908  -  ResidentSetSize of job (KB)
...
006 (96825.000.000) 09/23 17:49:09 Image size of job updated: 1261460
	1231  -  MemoryUsage of job (MB)
	1260068  -  ResidentSetSize of job (KB)
...
006 (96825.000.000) 09/23 18:14:11 Image size of job updated: 1414428
	1380  -  MemoryUsage of job (MB)
	1413036  -  ResidentSetSize of job (KB)
...
006 (96825.000.000) 09/23 18:19:11 Image size of job updated: 1624508
	1586  -  MemoryUsage of job (MB)
	1623116  -  ResidentSetSize of job (KB)
...
006 (96825.000.000) 09/23 18:24:12 Image size of job updated: 1635264
	1596  -  MemoryUsage of job (MB)
	1633872  -  ResidentSetSize of job (KB)
...
006 (96825.000.000) 09/23 18:39:14 Image size of job updated: 1730964
	1690  -  MemoryUsage of job (MB)
	1729572  -  ResidentSetSize of job (KB)
...
006 (96825.000.000) 09/23 18:59:16 Image size of job updated: 1762544
	1720  -  MemoryUsage of job (MB)
	1761152  -  ResidentSetSize of job (KB)
...
006 (96825.000.000) 09/23 19:09:17 Image size of job updated: 2189808
	2138  -  MemoryUsage of job (MB)
	2188412  -  ResidentSetSize of job (KB)
...
006 (96825.000.000) 09/23 19:14:18 Image size of job updated: 2189808
	2138  -  MemoryUsage of job (MB)
	2188420  -  ResidentSetSize of job (KB)
...
006 (96825.000.000) 09/23 19:49:21 Image size of job updated: 2205516
	2153  -  MemoryUsage of job (MB)
	2204096  -  ResidentSetSize of job (KB)
...
006 (96825.000.000) 09/23 19:54:22 Image size of job updated: 2628920
	2566  -  MemoryUsage of job (MB)
	2627488  -  ResidentSetSize of job (KB)
...
006 (96825.000.000) 09/23 20:19:25 Image size of job updated: 2815184
	2748  -  MemoryUsage of job (MB)
	2813752  -  ResidentSetSize of job (KB)
...
006 (96825.000.000) 09/23 20:34:26 Image size of job updated: 2968748
	2898  -  MemoryUsage of job (MB)
	2967316  -  ResidentSetSize of job (KB)
...
006 (96825.000.000) 09/23 21:29:33 Image size of job updated: 3429648
	2964  -  MemoryUsage of job (MB)
	3034504  -  ResidentSetSize of job (KB)
...
006 (96825.000.000) 09/23 21:39:33 Image size of job updated: 3489052
	2964  -  MemoryUsage of job (MB)
	3034504  -  ResidentSetSize of job (KB)
...
006 (96825.000.000) 09/23 22:24:38 Image size of job updated: 4105164
	2964  -  MemoryUsage of job (MB)
	3034504  -  ResidentSetSize of job (KB)
...
006 (96825.000.000) 09/23 22:29:39 Image size of job updated: 4174796
	2964  -  MemoryUsage of job (MB)
	3034504  -  ResidentSetSize of job (KB)
...
006 (96825.000.000) 09/23 22:34:40 Image size of job updated: 4294316
	2964  -  MemoryUsage of job (MB)
	3034504  -  ResidentSetSize of job (KB)
...
006 (96825.000.000) 09/23 22:39:41 Image size of job updated: 4453324
	2964  -  MemoryUsage of job (MB)
	3034504  -  ResidentSetSize of job (KB)
...
006 (96825.000.000) 09/23 22:44:41 Image size of job updated: 4570060
	2964  -  MemoryUsage of job (MB)
	3034504  -  ResidentSetSize of job (KB)
...
006 (96825.000.000) 09/23 22:49:41 Image size of job updated: 4776908
	2964  -  MemoryUsage of job (MB)
	3034504  -  ResidentSetSize of job (KB)
...
006 (96825.000.000) 09/23 23:08:40 Image size of job updated: 4849136
	2964  -  MemoryUsage of job (MB)
	3034504  -  ResidentSetSize of job (KB)
...
005 (96825.000.000) 09/24 06:00:42 Job terminated.
	(1) Normal termination (return value 0)
		Usr 0 10:20:13, Sys 0 00:23:24  -  Run Remote Usage
		Usr 0 00:00:00, Sys 0 00:00:00  -  Run Local Usage
		Usr 0 10:20:13, Sys 0 00:23:24  -  Total Remote Usage
		Usr 0 00:00:00, Sys 0 00:00:00  -  Total Local Usage
	1034107  -  Run Bytes Sent By Job
	238  -  Run Bytes Received By Job
	1034107  -  Total Bytes Sent By Job
	238  -  Total Bytes Received By Job
	Partitionable Resources :    Usage  Request Allocated
	   Cpus                 :                 1         1
	   Disk (KB)            :     1020        1  10479108
	   Memory (MB)          :     2964     1024      1024
...
000 (96875.000.000) 09/24 14:18:52 Job submitted from host: <172.20.203.50:9618?addrs=172.20.203.50-9618+[--1]-9618&noUDP&sock=7405_cae4_4>
...
001 (96875.000.000) 09/24 14:18:57 Job executing on host: <10.194.1.8:9618?addrs=10.194.1.8-9618+[--1]-9618&noUDP&sock=5976_9e0e_3>
...
006 (96875.000.000) 09/24 14:19:06 Image size of job updated: 58848
	50  -  MemoryUsage of job (MB)
	51016  -  ResidentSetSize of job (KB)
...
006 (96875.000.000) 09/24 14:24:07 Image size of job updated: 226020
	213  -  MemoryUsage of job (MB)
	217976  -  ResidentSetSize of job (KB)
...
006 (96875.000.000) 09/24 14:29:07 Image size of job updated: 503384
	484  -  MemoryUsage of job (MB)
	495340  -  ResidentSetSize of job (KB)
...
006 (96875.000.000) 09/24 14:34:07 Image size of job updated: 759768
	735  -  MemoryUsage of job (MB)
	751724  -  ResidentSetSize of job (KB)
...
006 (96875.000.000) 09/24 14:39:08 Image size of job updated: 893772
	865  -  MemoryUsage of job (MB)
	885728  -  ResidentSetSize of job (KB)
...
006 (96875.000.000) 09/24 14:49:09 Image size of job updated: 997448
	967  -  MemoryUsage of job (MB)
	989404  -  ResidentSetSize of job (KB)
...
006 (96875.000.000) 09/24 14:54:10 Image size of job updated: 1009984
	979  -  MemoryUsage of job (MB)
	1001940  -  ResidentSetSize of job (KB)
...
006 (96875.000.000) 09/24 15:04:11 Image size of job updated: 1065788
	1033  -  MemoryUsage of job (MB)
	1057744  -  ResidentSetSize of job (KB)
...
006 (96875.000.000) 09/24 15:09:12 Image size of job updated: 1509584
	1467  -  MemoryUsage of job (MB)
	1501540  -  ResidentSetSize of job (KB)
...
006 (96875.000.000) 09/24 15:14:13 Image size of job updated: 1509584
	1467  -  MemoryUsage of job (MB)
	1501548  -  ResidentSetSize of job (KB)
...
006 (96875.000.000) 09/24 15:24:13 Image size of job updated: 1601168
	1556  -  MemoryUsage of job (MB)
	1593124  -  ResidentSetSize of job (KB)
...
006 (96875.000.000) 09/24 15:34:15 Image size of job updated: 1968088
	1915  -  MemoryUsage of job (MB)
	1960044  -  ResidentSetSize of job (KB)
...
006 (96875.000.000) 09/24 15:54:17 Image size of job updated: 2149852
	2092  -  MemoryUsage of job (MB)
	2141808  -  ResidentSetSize of job (KB)
...
006 (96875.000.000) 09/24 15:59:17 Image size of job updated: 2305036
	2244  -  MemoryUsage of job (MB)
	2296992  -  ResidentSetSize of job (KB)
...
006 (96875.000.000) 09/24 16:34:21 Image size of job updated: 2397436
	2334  -  MemoryUsage of job (MB)
	2389392  -  ResidentSetSize of job (KB)
...
006 (96875.000.000) 09/24 16:54:23 Image size of job updated: 2633044
	2564  -  MemoryUsage of job (MB)
	2625000  -  ResidentSetSize of job (KB)
...
006 (96875.000.000) 09/24 16:59:24 Image size of job updated: 2991824
	2896  -  MemoryUsage of job (MB)
	2964548  -  ResidentSetSize of job (KB)
...
006 (96875.000.000) 09/24 17:14:25 Image size of job updated: 3205636
	3074  -  MemoryUsage of job (MB)
	3147548  -  ResidentSetSize of job (KB)
...
006 (96875.000.000) 09/24 17:29:27 Image size of job updated: 3217524
	3079  -  MemoryUsage of job (MB)
	3152628  -  ResidentSetSize of job (KB)
...
006 (96875.000.000) 09/24 17:39:28 Image size of job updated: 3232324
	3080  -  MemoryUsage of job (MB)
	3152980  -  ResidentSetSize of job (KB)
...
006 (96875.000.000) 09/24 17:44:28 Image size of job updated: 3370452
	3215  -  MemoryUsage of job (MB)
	3291544  -  ResidentSetSize of job (KB)
...
006 (96875.000.000) 09/24 17:54:29 Image size of job updated: 3713472
	3510  -  MemoryUsage of job (MB)
	3593944  -  ResidentSetSize of job (KB)
...
005 (96875.000.000) 09/24 22:32:42 Job terminated.
	(1) Normal termination (return value 0)
		Usr 0 07:44:51, Sys 0 00:20:42  -  Run Remote Usage
		Usr 0 00:00:00, Sys 0 00:00:00  -  Run Local Usage
		Usr 0 07:44:51, Sys 0 00:20:42  -  Total Remote Usage
		Usr 0 00:00:00, Sys 0 00:00:00  -  Total Local Usage
	1017277  -  Run Bytes Sent By Job
	238  -  Run Bytes Received By Job
	1017277  -  Total Bytes Sent By Job
	238  -  Total Bytes Received By Job
	Partitionable Resources :    Usage  Request Allocated
	   Cpus                 :                 1         1
	   Disk (KB)            :     1004        1  10479108
	   Memory (MB)          :     3510    10240     10240
...
