000 (96858.000.000) 09/23 16:58:50 Job submitted from host: <172.20.203.50:9618?addrs=172.20.203.50-9618+[--1]-9618&noUDP&sock=7405_cae4_4>
...
001 (96858.000.000) 09/23 16:58:59 Job executing on host: <10.194.1.8:9618?addrs=10.194.1.8-9618+[--1]-9618&noUDP&sock=5976_9e0e_3>
...
006 (96858.000.000) 09/23 16:59:07 Image size of job updated: 49120
	48  -  MemoryUsage of job (MB)
	49120  -  ResidentSetSize of job (KB)
...
006 (96858.000.000) 09/23 17:04:07 Image size of job updated: 587244
	574  -  MemoryUsage of job (MB)
	587244  -  ResidentSetSize of job (KB)
...
006 (96858.000.000) 09/23 17:09:08 Image size of job updated: 696604
	681  -  MemoryUsage of job (MB)
	696604  -  ResidentSetSize of job (KB)
...
006 (96858.000.000) 09/23 17:24:09 Image size of job updated: 807120
	789  -  MemoryUsage of job (MB)
	807120  -  ResidentSetSize of job (KB)
...
006 (96858.000.000) 09/23 17:29:10 Image size of job updated: 853868
	834  -  MemoryUsage of job (MB)
	853868  -  ResidentSetSize of job (KB)
...
006 (96858.000.000) 09/23 17:34:11 Image size of job updated: 1080760
	1056  -  MemoryUsage of job (MB)
	1080760  -  ResidentSetSize of job (KB)
...
006 (96858.000.000) 09/23 17:59:13 Image size of job updated: 1596920
	1542  -  MemoryUsage of job (MB)
	1578780  -  ResidentSetSize of job (KB)
...
006 (96858.000.000) 09/23 18:24:16 Image size of job updated: 1733444
	1667  -  MemoryUsage of job (MB)
	1706340  -  ResidentSetSize of job (KB)
...
006 (96858.000.000) 09/23 18:44:18 Image size of job updated: 2023072
	1942  -  MemoryUsage of job (MB)
	1988152  -  ResidentSetSize of job (KB)
...
006 (96858.000.000) 09/23 19:29:23 Image size of job updated: 2140356
	2009  -  MemoryUsage of job (MB)
	2056208  -  ResidentSetSize of job (KB)
...
006 (96858.000.000) 09/23 19:49:25 Image size of job updated: 2527324
	2421  -  MemoryUsage of job (MB)
	2478580  -  ResidentSetSize of job (KB)
...
006 (96858.000.000) 09/23 20:19:29 Image size of job updated: 2876576
	2744  -  MemoryUsage of job (MB)
	2809616  -  ResidentSetSize of job (KB)
...
006 (96858.000.000) 09/23 20:29:29 Image size of job updated: 2955312
	2811  -  MemoryUsage of job (MB)
	2878060  -  ResidentSetSize of job (KB)
...
006 (96858.000.000) 09/23 20:59:33 Image size of job updated: 3042044
	2811  -  MemoryUsage of job (MB)
	2878060  -  ResidentSetSize of job (KB)
...
006 (96858.000.000) 09/23 21:19:35 Image size of job updated: 3135752
	2811  -  MemoryUsage of job (MB)
	2878060  -  ResidentSetSize of job (KB)
...
006 (96858.000.000) 09/23 21:24:36 Image size of job updated: 3211892
	2811  -  MemoryUsage of job (MB)
	2878060  -  ResidentSetSize of job (KB)
...
006 (96858.000.000) 09/23 21:34:36 Image size of job updated: 3309696
	2811  -  MemoryUsage of job (MB)
	2878060  -  ResidentSetSize of job (KB)
...
006 (96858.000.000) 09/23 21:39:37 Image size of job updated: 3502792
	2811  -  MemoryUsage of job (MB)
	2878060  -  ResidentSetSize of job (KB)
...
006 (96858.000.000) 09/23 21:54:38 Image size of job updated: 3554768
	2811  -  MemoryUsage of job (MB)
	2878060  -  ResidentSetSize of job (KB)
...
006 (96858.000.000) 09/23 21:59:39 Image size of job updated: 4262264
	2811  -  MemoryUsage of job (MB)
	2878060  -  ResidentSetSize of job (KB)
...
006 (96858.000.000) 09/23 22:04:40 Image size of job updated: 4417904
	2811  -  MemoryUsage of job (MB)
	2878060  -  ResidentSetSize of job (KB)
...
006 (96858.000.000) 09/23 22:09:40 Image size of job updated: 4532692
	2811  -  MemoryUsage of job (MB)
	2878060  -  ResidentSetSize of job (KB)
...
006 (96858.000.000) 09/23 22:14:40 Image size of job updated: 4608160
	2811  -  MemoryUsage of job (MB)
	2878060  -  ResidentSetSize of job (KB)
...
006 (96858.000.000) 09/23 22:24:41 Image size of job updated: 4633988
	2811  -  MemoryUsage of job (MB)
	2878060  -  ResidentSetSize of job (KB)
...
006 (96858.000.000) 09/23 22:29:41 Image size of job updated: 4708780
	2811  -  MemoryUsage of job (MB)
	2878060  -  ResidentSetSize of job (KB)
...
006 (96858.000.000) 09/23 22:34:42 Image size of job updated: 4763776
	2811  -  MemoryUsage of job (MB)
	2878060  -  ResidentSetSize of job (KB)
...
006 (96858.000.000) 09/23 22:39:43 Image size of job updated: 4885556
	2811  -  MemoryUsage of job (MB)
	2878060  -  ResidentSetSize of job (KB)
...
006 (96858.000.000) 09/23 22:49:44 Image size of job updated: 5005220
	2811  -  MemoryUsage of job (MB)
	2878060  -  ResidentSetSize of job (KB)
...
006 (96858.000.000) 09/23 23:08:40 Image size of job updated: 5105280
	2811  -  MemoryUsage of job (MB)
	2878060  -  ResidentSetSize of job (KB)
...
005 (96858.000.000) 09/24 05:44:42 Job terminated.
	(1) Normal termination (return value 0)
		Usr 0 09:46:17, Sys 0 00:26:09  -  Run Remote Usage
		Usr 0 00:00:00, Sys 0 00:00:00  -  Run Local Usage
		Usr 0 09:46:17, Sys 0 00:26:09  -  Total Remote Usage
		Usr 0 00:00:00, Sys 0 00:00:00  -  Total Local Usage
	1017233  -  Run Bytes Sent By Job
	236  -  Run Bytes Received By Job
	1017233  -  Total Bytes Sent By Job
	236  -  Total Bytes Received By Job
	Partitionable Resources :    Usage  Request Allocated
	   Cpus                 :                 1         1
	   Disk (KB)            :     1004        1  10479108
	   Memory (MB)          :     2811     1024      1024
...
000 (96908.000.000) 09/24 14:18:56 Job submitted from host: <172.20.203.50:9618?addrs=172.20.203.50-9618+[--1]-9618&noUDP&sock=7405_cae4_4>
...
001 (96908.000.000) 09/25 07:27:18 Job executing on host: <10.194.1.8:9618?addrs=10.194.1.8-9618+[--1]-9618&noUDP&sock=5976_9e0e_3>
...
006 (96908.000.000) 09/25 07:27:27 Image size of job updated: 53604
	50  -  MemoryUsage of job (MB)
	51132  -  ResidentSetSize of job (KB)
...
006 (96908.000.000) 09/25 07:32:28 Image size of job updated: 270544
	262  -  MemoryUsage of job (MB)
	267720  -  ResidentSetSize of job (KB)
...
006 (96908.000.000) 09/25 07:37:28 Image size of job updated: 1061676
	1033  -  MemoryUsage of job (MB)
	1057532  -  ResidentSetSize of job (KB)
...
006 (96908.000.000) 09/25 07:47:29 Image size of job updated: 1291780
	1255  -  MemoryUsage of job (MB)
	1284244  -  ResidentSetSize of job (KB)
...
006 (96908.000.000) 09/25 08:17:32 Image size of job updated: 1408136
	1335  -  MemoryUsage of job (MB)
	1366716  -  ResidentSetSize of job (KB)
...
006 (96908.000.000) 09/25 08:22:33 Image size of job updated: 1728764
	1638  -  MemoryUsage of job (MB)
	1676640  -  ResidentSetSize of job (KB)
...
006 (96908.000.000) 09/25 08:32:34 Image size of job updated: 1803592
	1698  -  MemoryUsage of job (MB)
	1737992  -  ResidentSetSize of job (KB)
...
006 (96908.000.000) 09/25 08:52:36 Image size of job updated: 1957756
	1851  -  MemoryUsage of job (MB)
	1894584  -  ResidentSetSize of job (KB)
...
006 (96908.000.000) 09/25 09:17:39 Image size of job updated: 2286712
	2156  -  MemoryUsage of job (MB)
	2206808  -  ResidentSetSize of job (KB)
...
006 (96908.000.000) 09/25 10:02:42 Image size of job updated: 2298868
	2156  -  MemoryUsage of job (MB)
	2206808  -  ResidentSetSize of job (KB)
...
006 (96908.000.000) 09/25 10:07:43 Image size of job updated: 2617492
	2156  -  MemoryUsage of job (MB)
	2206808  -  ResidentSetSize of job (KB)
...
006 (96908.000.000) 09/25 10:12:44 Image size of job updated: 2718208
	2156  -  MemoryUsage of job (MB)
	2207692  -  ResidentSetSize of job (KB)
...
006 (96908.000.000) 09/25 10:27:46 Image size of job updated: 2964448
	2300  -  MemoryUsage of job (MB)
	2354320  -  ResidentSetSize of job (KB)
...
006 (96908.000.000) 09/25 10:37:46 Image size of job updated: 3007048
	2332  -  MemoryUsage of job (MB)
	2387464  -  ResidentSetSize of job (KB)
...
006 (96908.000.000) 09/25 10:42:47 Image size of job updated: 3148028
	2466  -  MemoryUsage of job (MB)
	2525028  -  ResidentSetSize of job (KB)
...
006 (96908.000.000) 09/25 11:12:50 Image size of job updated: 3596884
	2835  -  MemoryUsage of job (MB)
	2902240  -  ResidentSetSize of job (KB)
...
006 (96908.000.000) 09/25 11:27:52 Image size of job updated: 4045632
	3143  -  MemoryUsage of job (MB)
	3217752  -  ResidentSetSize of job (KB)
...
006 (96908.000.000) 09/25 11:32:52 Image size of job updated: 4568540
	3662  -  MemoryUsage of job (MB)
	3749024  -  ResidentSetSize of job (KB)
...
005 (96908.000.000) 09/25 16:35:32 Job terminated.
	(1) Normal termination (return value 0)
		Usr 0 07:32:41, Sys 0 00:26:02  -  Run Remote Usage
		Usr 0 00:00:00, Sys 0 00:00:00  -  Run Local Usage
		Usr 0 07:32:41, Sys 0 00:26:02  -  Total Remote Usage
		Usr 0 00:00:00, Sys 0 00:00:00  -  Total Local Usage
	1017233  -  Run Bytes Sent By Job
	236  -  Run Bytes Received By Job
	1017233  -  Total Bytes Sent By Job
	236  -  Total Bytes Received By Job
	Partitionable Resources :    Usage  Request Allocated
	   Cpus                 :                 1         1
	   Disk (KB)            :     1004        1  10479108
	   Memory (MB)          :     3662    10240     10240
...
