000 (60058.000.000) 07/31 10:18:18 Job submitted from host: <172.20.203.50:9618?addrs=172.20.203.50-9618+[--1]-9618&noUDP&sock=7405_cae4_4>
...
001 (60058.000.000) 07/31 10:18:40 Job executing on host: <10.194.1.6:9618?addrs=10.194.1.6-9618+[--1]-9618&noUDP&sock=1628_4045_3>
...
006 (60058.000.000) 07/31 10:18:48 Image size of job updated: 49172
	49  -  MemoryUsage of job (MB)
	49172  -  ResidentSetSize of job (KB)
...
006 (60058.000.000) 07/31 10:23:48 Image size of job updated: 329584
	322  -  MemoryUsage of job (MB)
	329584  -  ResidentSetSize of job (KB)
...
006 (60058.000.000) 07/31 10:28:48 Image size of job updated: 525876
	514  -  MemoryUsage of job (MB)
	525876  -  ResidentSetSize of job (KB)
...
004 (60058.000.000) 07/31 10:29:18 Job was evicted.
	(0) Job was not checkpointed.
		Usr 0 00:09:54, Sys 0 00:00:18  -  Run Remote Usage
		Usr 0 00:00:00, Sys 0 00:00:00  -  Run Local Usage
	0  -  Run Bytes Sent By Job
	237  -  Run Bytes Received By Job
	Partitionable Resources :    Usage  Request Allocated
	   Cpus                 :                 1         1
	   Disk (KB)            :       15        1    246565
	   Memory (MB)          :      514     1024      1024
...
009 (60058.000.000) 07/31 10:29:18 Job was aborted by the user.
	via condor_rm (by user jnugent)
...
000 (60158.000.000) 07/31 10:29:57 Job submitted from host: <172.20.203.50:9618?addrs=172.20.203.50-9618+[--1]-9618&noUDP&sock=7405_cae4_4>
...
001 (60158.000.000) 07/31 10:30:19 Job executing on host: <10.194.1.6:9618?addrs=10.194.1.6-9618+[--1]-9618&noUDP&sock=1628_4045_3>
...
006 (60158.000.000) 07/31 10:30:27 Image size of job updated: 328692
	321  -  MemoryUsage of job (MB)
	328692  -  ResidentSetSize of job (KB)
...
006 (60158.000.000) 07/31 10:35:27 Image size of job updated: 380680
	372  -  MemoryUsage of job (MB)
	380680  -  ResidentSetSize of job (KB)
...
006 (60158.000.000) 07/31 10:40:28 Image size of job updated: 542416
	530  -  MemoryUsage of job (MB)
	542416  -  ResidentSetSize of job (KB)
...
006 (60158.000.000) 07/31 10:45:29 Image size of job updated: 1108260
	1083  -  MemoryUsage of job (MB)
	1108260  -  ResidentSetSize of job (KB)
...
006 (60158.000.000) 07/31 10:55:29 Image size of job updated: 1142612
	1116  -  MemoryUsage of job (MB)
	1142612  -  ResidentSetSize of job (KB)
...
006 (60158.000.000) 07/31 11:00:30 Image size of job updated: 1236804
	1208  -  MemoryUsage of job (MB)
	1236804  -  ResidentSetSize of job (KB)
...
006 (60158.000.000) 07/31 11:05:30 Image size of job updated: 1236804
	1208  -  MemoryUsage of job (MB)
	1236812  -  ResidentSetSize of job (KB)
...
006 (60158.000.000) 07/31 11:20:32 Image size of job updated: 1306104
	1276  -  MemoryUsage of job (MB)
	1306104  -  ResidentSetSize of job (KB)
...
006 (60158.000.000) 07/31 11:25:32 Image size of job updated: 1306104
	1276  -  MemoryUsage of job (MB)
	1306112  -  ResidentSetSize of job (KB)
...
006 (60158.000.000) 07/31 11:45:34 Image size of job updated: 1336836
	1306  -  MemoryUsage of job (MB)
	1336836  -  ResidentSetSize of job (KB)
...
006 (60158.000.000) 07/31 11:50:35 Image size of job updated: 1363816
	1332  -  MemoryUsage of job (MB)
	1363816  -  ResidentSetSize of job (KB)
...
006 (60158.000.000) 07/31 11:55:35 Image size of job updated: 1363816
	1332  -  MemoryUsage of job (MB)
	1363824  -  ResidentSetSize of job (KB)
...
006 (60158.000.000) 07/31 12:05:36 Image size of job updated: 1710288
	1671  -  MemoryUsage of job (MB)
	1710288  -  ResidentSetSize of job (KB)
...
006 (60158.000.000) 07/31 12:10:37 Image size of job updated: 1763724
	1723  -  MemoryUsage of job (MB)
	1763724  -  ResidentSetSize of job (KB)
...
006 (60158.000.000) 07/31 12:25:39 Image size of job updated: 1893448
	1847  -  MemoryUsage of job (MB)
	1890532  -  ResidentSetSize of job (KB)
...
006 (60158.000.000) 07/31 12:30:39 Image size of job updated: 2013516
	1951  -  MemoryUsage of job (MB)
	1997640  -  ResidentSetSize of job (KB)
...
006 (60158.000.000) 07/31 12:45:41 Image size of job updated: 2039388
	1956  -  MemoryUsage of job (MB)
	2002504  -  ResidentSetSize of job (KB)
...
006 (60158.000.000) 07/31 12:50:41 Image size of job updated: 2346680
	2256  -  MemoryUsage of job (MB)
	2309796  -  ResidentSetSize of job (KB)
...
006 (60158.000.000) 07/31 13:10:16 Image size of job updated: 2656348
	2561  -  MemoryUsage of job (MB)
	2621680  -  ResidentSetSize of job (KB)
...
004 (60158.000.000) 07/31 13:10:16 Job was evicted.
	(0) Job was not checkpointed.
		Usr 0 02:31:36, Sys 0 00:06:26  -  Run Remote Usage
		Usr 0 00:00:00, Sys 0 00:00:00  -  Run Local Usage
	0  -  Run Bytes Sent By Job
	237  -  Run Bytes Received By Job
	Partitionable Resources :    Usage  Request Allocated
	   Cpus                 :                 2         2
	   Disk (KB)            :       15        1    246565
	   Memory (MB)          :     2561     4096      4096
...
009 (60158.000.000) 07/31 13:10:16 Job was aborted by the user.
	via condor_rm (by user jnugent)
...
000 (60266.000.000) 07/31 13:11:08 Job submitted from host: <172.20.203.50:9618?addrs=172.20.203.50-9618+[--1]-9618&noUDP&sock=7405_cae4_4>
...
001 (60266.000.000) 07/31 13:11:14 Job executing on host: <10.194.1.6:9618?addrs=10.194.1.6-9618+[--1]-9618&noUDP&sock=1628_4045_3>
...
006 (60266.000.000) 07/31 13:11:22 Image size of job updated: 51336
	50  -  MemoryUsage of job (MB)
	50744  -  ResidentSetSize of job (KB)
...
006 (60266.000.000) 07/31 13:16:22 Image size of job updated: 284872
	278  -  MemoryUsage of job (MB)
	284260  -  ResidentSetSize of job (KB)
...
006 (60266.000.000) 07/31 13:21:22 Image size of job updated: 372872
	364  -  MemoryUsage of job (MB)
	372268  -  ResidentSetSize of job (KB)
...
006 (60266.000.000) 07/31 13:26:23 Image size of job updated: 578500
	565  -  MemoryUsage of job (MB)
	577896  -  ResidentSetSize of job (KB)
...
006 (60266.000.000) 07/31 13:31:24 Image size of job updated: 795464
	777  -  MemoryUsage of job (MB)
	794860  -  ResidentSetSize of job (KB)
...
006 (60266.000.000) 07/31 13:36:24 Image size of job updated: 860760
	839  -  MemoryUsage of job (MB)
	859024  -  ResidentSetSize of job (KB)
...
006 (60266.000.000) 07/31 13:41:24 Image size of job updated: 926580
	901  -  MemoryUsage of job (MB)
	922420  -  ResidentSetSize of job (KB)
...
006 (60266.000.000) 07/31 13:46:25 Image size of job updated: 1187944
	1153  -  MemoryUsage of job (MB)
	1180552  -  ResidentSetSize of job (KB)
...
006 (60266.000.000) 07/31 13:56:25 Image size of job updated: 1598428
	1551  -  MemoryUsage of job (MB)
	1587508  -  ResidentSetSize of job (KB)
...
006 (60266.000.000) 07/31 14:01:26 Image size of job updated: 1598428
	1558  -  MemoryUsage of job (MB)
	1595344  -  ResidentSetSize of job (KB)
...
006 (60266.000.000) 07/31 14:36:30 Image size of job updated: 1977012
	1898  -  MemoryUsage of job (MB)
	1943320  -  ResidentSetSize of job (KB)
...
006 (60266.000.000) 07/31 14:41:31 Image size of job updated: 2225920
	2136  -  MemoryUsage of job (MB)
	2186732  -  ResidentSetSize of job (KB)
...
006 (60266.000.000) 07/31 14:56:32 Image size of job updated: 2269316
	2163  -  MemoryUsage of job (MB)
	2214168  -  ResidentSetSize of job (KB)
...
006 (60266.000.000) 07/31 15:26:34 Image size of job updated: 2269316
	2171  -  MemoryUsage of job (MB)
	2222936  -  ResidentSetSize of job (KB)
...
006 (60266.000.000) 07/31 15:31:35 Image size of job updated: 2354200
	2253  -  MemoryUsage of job (MB)
	2306816  -  ResidentSetSize of job (KB)
...
006 (60266.000.000) 07/31 15:41:35 Image size of job updated: 2823332
	2708  -  MemoryUsage of job (MB)
	2772060  -  ResidentSetSize of job (KB)
...
006 (60266.000.000) 07/31 16:06:39 Image size of job updated: 3106612
	2963  -  MemoryUsage of job (MB)
	3034032  -  ResidentSetSize of job (KB)
...
006 (60266.000.000) 07/31 16:11:39 Image size of job updated: 3106612
	2972  -  MemoryUsage of job (MB)
	3042332  -  ResidentSetSize of job (KB)
...
006 (60266.000.000) 07/31 16:21:40 Image size of job updated: 3188744
	3041  -  MemoryUsage of job (MB)
	3113628  -  ResidentSetSize of job (KB)
...
006 (60266.000.000) 07/31 16:31:41 Image size of job updated: 3446436
	3289  -  MemoryUsage of job (MB)
	3367236  -  ResidentSetSize of job (KB)
...
006 (60266.000.000) 07/31 16:51:42 Image size of job updated: 3794720
	3619  -  MemoryUsage of job (MB)
	3705704  -  ResidentSetSize of job (KB)
...
006 (60266.000.000) 07/31 17:01:44 Image size of job updated: 5231988
	5063  -  MemoryUsage of job (MB)
	5183660  -  ResidentSetSize of job (KB)
...
004 (60266.000.000) 07/31 20:07:17 Job was evicted.
	(0) Job was not checkpointed.
		Usr 0 06:15:55, Sys 0 00:20:53  -  Run Remote Usage
		Usr 0 00:00:00, Sys 0 00:00:00  -  Run Local Usage
	0  -  Run Bytes Sent By Job
	237  -  Run Bytes Received By Job
	Partitionable Resources :    Usage  Request Allocated
	   Cpus                 :                 2         2
	   Disk (KB)            :     1031        1    246565
	   Memory (MB)          :     5063    40960     40960
...
009 (60266.000.000) 07/31 20:07:17 Job was aborted by the user.
	via condor_rm (by user jnugent)
...
000 (62061.000.000) 07/31 20:08:35 Job submitted from host: <172.20.203.50:9618?addrs=172.20.203.50-9618+[--1]-9618&noUDP&sock=7405_cae4_4>
...
001 (62061.000.000) 07/31 20:25:42 Job executing on host: <10.194.1.6:9618?addrs=10.194.1.6-9618+[--1]-9618&noUDP&sock=1628_4045_3>
...
006 (62061.000.000) 07/31 20:25:51 Image size of job updated: 50332
	48  -  MemoryUsage of job (MB)
	48148  -  ResidentSetSize of job (KB)
...
006 (62061.000.000) 07/31 20:30:52 Image size of job updated: 425224
	414  -  MemoryUsage of job (MB)
	423040  -  ResidentSetSize of job (KB)
...
006 (62061.000.000) 07/31 20:45:54 Image size of job updated: 502948
	428  -  MemoryUsage of job (MB)
	437464  -  ResidentSetSize of job (KB)
...
006 (62061.000.000) 07/31 20:50:55 Image size of job updated: 553428
	442  -  MemoryUsage of job (MB)
	452432  -  ResidentSetSize of job (KB)
...
006 (62061.000.000) 07/31 20:55:55 Image size of job updated: 751060
	557  -  MemoryUsage of job (MB)
	570172  -  ResidentSetSize of job (KB)
...
006 (62061.000.000) 07/31 21:00:55 Image size of job updated: 751060
	580  -  MemoryUsage of job (MB)
	593552  -  ResidentSetSize of job (KB)
...
006 (62061.000.000) 07/31 21:10:57 Image size of job updated: 751060
	611  -  MemoryUsage of job (MB)
	624780  -  ResidentSetSize of job (KB)
...
006 (62061.000.000) 07/31 21:15:57 Image size of job updated: 783784
	638  -  MemoryUsage of job (MB)
	652984  -  ResidentSetSize of job (KB)
...
006 (62061.000.000) 07/31 21:30:59 Image size of job updated: 1030368
	638  -  MemoryUsage of job (MB)
	652984  -  ResidentSetSize of job (KB)
...
006 (62061.000.000) 07/31 21:56:01 Image size of job updated: 1030368
	766  -  MemoryUsage of job (MB)
	784124  -  ResidentSetSize of job (KB)
...
006 (62061.000.000) 07/31 22:06:02 Image size of job updated: 1030368
	795  -  MemoryUsage of job (MB)
	814080  -  ResidentSetSize of job (KB)
...
006 (62061.000.000) 07/31 22:11:02 Image size of job updated: 1065264
	795  -  MemoryUsage of job (MB)
	814080  -  ResidentSetSize of job (KB)
...
006 (62061.000.000) 07/31 22:16:03 Image size of job updated: 1619612
	1160  -  MemoryUsage of job (MB)
	1186828  -  ResidentSetSize of job (KB)
...
006 (62061.000.000) 07/31 22:31:05 Image size of job updated: 1650436
	1160  -  MemoryUsage of job (MB)
	1186828  -  ResidentSetSize of job (KB)
...
006 (62061.000.000) 07/31 22:36:06 Image size of job updated: 1672180
	1160  -  MemoryUsage of job (MB)
	1186828  -  ResidentSetSize of job (KB)
...
006 (62061.000.000) 07/31 22:56:08 Image size of job updated: 1856664
	1215  -  MemoryUsage of job (MB)
	1244084  -  ResidentSetSize of job (KB)
...
006 (62061.000.000) 07/31 23:41:12 Image size of job updated: 1917376
	1215  -  MemoryUsage of job (MB)
	1244084  -  ResidentSetSize of job (KB)
...
006 (62061.000.000) 08/01 00:11:15 Image size of job updated: 1931816
	1215  -  MemoryUsage of job (MB)
	1244084  -  ResidentSetSize of job (KB)
...
006 (62061.000.000) 08/01 00:46:18 Image size of job updated: 2306160
	1215  -  MemoryUsage of job (MB)
	1244084  -  ResidentSetSize of job (KB)
...
006 (62061.000.000) 08/01 01:16:21 Image size of job updated: 2537944
	1215  -  MemoryUsage of job (MB)
	1244084  -  ResidentSetSize of job (KB)
...
006 (62061.000.000) 08/01 01:46:24 Image size of job updated: 2537944
	1370  -  MemoryUsage of job (MB)
	1401888  -  ResidentSetSize of job (KB)
...
006 (62061.000.000) 08/01 01:51:24 Image size of job updated: 2537944
	1661  -  MemoryUsage of job (MB)
	1700408  -  ResidentSetSize of job (KB)
...
006 (62061.000.000) 08/01 02:36:30 Image size of job updated: 2766528
	1661  -  MemoryUsage of job (MB)
	1700408  -  ResidentSetSize of job (KB)
...
006 (62061.000.000) 08/01 03:36:37 Image size of job updated: 2863432
	1661  -  MemoryUsage of job (MB)
	1700408  -  ResidentSetSize of job (KB)
...
006 (62061.000.000) 08/01 04:06:41 Image size of job updated: 2945400
	1661  -  MemoryUsage of job (MB)
	1700408  -  ResidentSetSize of job (KB)
...
006 (62061.000.000) 08/01 04:21:42 Image size of job updated: 3068756
	1661  -  MemoryUsage of job (MB)
	1700408  -  ResidentSetSize of job (KB)
...
006 (62061.000.000) 08/01 04:56:47 Image size of job updated: 3386272
	1661  -  MemoryUsage of job (MB)
	1700408  -  ResidentSetSize of job (KB)
...
006 (62061.000.000) 08/01 05:16:49 Image size of job updated: 3387740
	1661  -  MemoryUsage of job (MB)
	1700408  -  ResidentSetSize of job (KB)
...
006 (62061.000.000) 08/01 05:31:51 Image size of job updated: 3582300
	1661  -  MemoryUsage of job (MB)
	1700408  -  ResidentSetSize of job (KB)
...
006 (62061.000.000) 08/01 05:41:51 Image size of job updated: 4007300
	1661  -  MemoryUsage of job (MB)
	1700408  -  ResidentSetSize of job (KB)
...
006 (62061.000.000) 08/01 05:46:52 Image size of job updated: 4118852
	1661  -  MemoryUsage of job (MB)
	1700408  -  ResidentSetSize of job (KB)
...
006 (62061.000.000) 08/01 05:51:53 Image size of job updated: 4213100
	1661  -  MemoryUsage of job (MB)
	1700408  -  ResidentSetSize of job (KB)
...
006 (62061.000.000) 08/01 05:56:53 Image size of job updated: 4242388
	1661  -  MemoryUsage of job (MB)
	1700408  -  ResidentSetSize of job (KB)
...
006 (62061.000.000) 08/01 06:01:54 Image size of job updated: 4323536
	1661  -  MemoryUsage of job (MB)
	1700408  -  ResidentSetSize of job (KB)
...
006 (62061.000.000) 08/01 06:06:55 Image size of job updated: 4414284
	1661  -  MemoryUsage of job (MB)
	1700408  -  ResidentSetSize of job (KB)
...
006 (62061.000.000) 08/01 06:11:55 Image size of job updated: 4486068
	1661  -  MemoryUsage of job (MB)
	1700408  -  ResidentSetSize of job (KB)
...
006 (62061.000.000) 08/01 06:16:55 Image size of job updated: 4568652
	1678  -  MemoryUsage of job (MB)
	1718132  -  ResidentSetSize of job (KB)
...
006 (62061.000.000) 08/01 06:21:56 Image size of job updated: 4675752
	1813  -  MemoryUsage of job (MB)
	1856192  -  ResidentSetSize of job (KB)
...
006 (62061.000.000) 08/01 06:26:56 Image size of job updated: 4676064
	1813  -  MemoryUsage of job (MB)
	1856192  -  ResidentSetSize of job (KB)
...
006 (62061.000.000) 08/01 06:31:56 Image size of job updated: 4725204
	1875  -  MemoryUsage of job (MB)
	1919920  -  ResidentSetSize of job (KB)
...
006 (62061.000.000) 08/01 06:36:57 Image size of job updated: 4737368
	1875  -  MemoryUsage of job (MB)
	1919920  -  ResidentSetSize of job (KB)
...
006 (62061.000.000) 08/01 06:41:58 Image size of job updated: 4828308
	1981  -  MemoryUsage of job (MB)
	2027680  -  ResidentSetSize of job (KB)
...
006 (62061.000.000) 08/01 06:49:06 Image size of job updated: 4904560
	2031  -  MemoryUsage of job (MB)
	2079048  -  ResidentSetSize of job (KB)
...
006 (62061.000.000) 08/01 06:55:31 Image size of job updated: 4933112
	2086  -  MemoryUsage of job (MB)
	2135468  -  ResidentSetSize of job (KB)
...
006 (62061.000.000) 08/01 07:00:39 Image size of job updated: 4933112
	2098  -  MemoryUsage of job (MB)
	2147836  -  ResidentSetSize of job (KB)
...
006 (62061.000.000) 08/01 07:05:39 Image size of job updated: 4933112
	2168  -  MemoryUsage of job (MB)
	2219384  -  ResidentSetSize of job (KB)
...
006 (62061.000.000) 08/01 07:10:40 Image size of job updated: 4933112
	2181  -  MemoryUsage of job (MB)
	2232496  -  ResidentSetSize of job (KB)
...
006 (62061.000.000) 08/01 07:15:41 Image size of job updated: 4933112
	2187  -  MemoryUsage of job (MB)
	2238632  -  ResidentSetSize of job (KB)
...
006 (62061.000.000) 08/01 07:20:41 Image size of job updated: 4933112
	2200  -  MemoryUsage of job (MB)
	2251920  -  ResidentSetSize of job (KB)
...
006 (62061.000.000) 08/01 07:25:41 Image size of job updated: 4933112
	2235  -  MemoryUsage of job (MB)
	2288440  -  ResidentSetSize of job (KB)
...
006 (62061.000.000) 08/01 07:30:42 Image size of job updated: 4933112
	2243  -  MemoryUsage of job (MB)
	2296060  -  ResidentSetSize of job (KB)
...
006 (62061.000.000) 08/01 07:35:43 Image size of job updated: 4933340
	2243  -  MemoryUsage of job (MB)
	2296060  -  ResidentSetSize of job (KB)
...
006 (62061.000.000) 08/01 08:17:00 Image size of job updated: 4933340
	2346  -  MemoryUsage of job (MB)
	2401676  -  ResidentSetSize of job (KB)
...
006 (62061.000.000) 08/01 08:24:03 Image size of job updated: 4933340
	2559  -  MemoryUsage of job (MB)
	2620000  -  ResidentSetSize of job (KB)
...
004 (62061.000.000) 08/01 10:14:40 Job was evicted.
	(0) Job was not checkpointed.
		Usr 0 06:55:56, Sys 0 00:17:33  -  Run Remote Usage
		Usr 0 00:00:00, Sys 0 00:00:00  -  Run Local Usage
	0  -  Run Bytes Sent By Job
	237  -  Run Bytes Received By Job
	Partitionable Resources :    Usage  Request Allocated
	   Cpus                 :                 1         1
	   Disk (KB)            :       20        1    246565
	   Memory (MB)          :     2559     1024      1024
...
009 (62061.000.000) 08/01 10:14:40 Job was aborted by the user.
	via condor_rm (by user jnugent)
...
000 (63683.000.000) 08/02 10:44:24 Job submitted from host: <172.20.203.50:9618?addrs=172.20.203.50-9618+[--1]-9618&noUDP&sock=7405_cae4_4>
...
001 (63683.000.000) 08/02 10:44:46 Job executing on host: <10.194.1.8:9618?addrs=10.194.1.8-9618+[--1]-9618&noUDP&sock=37221_16ac_3>
...
006 (63683.000.000) 08/02 10:44:54 Image size of job updated: 53848
	49  -  MemoryUsage of job (MB)
	50020  -  ResidentSetSize of job (KB)
...
006 (63683.000.000) 08/02 10:49:54 Image size of job updated: 559244
	543  -  MemoryUsage of job (MB)
	555364  -  ResidentSetSize of job (KB)
...
006 (63683.000.000) 08/02 11:09:56 Image size of job updated: 699756
	680  -  MemoryUsage of job (MB)
	695904  -  ResidentSetSize of job (KB)
...
006 (63683.000.000) 08/02 11:14:57 Image size of job updated: 738996
	718  -  MemoryUsage of job (MB)
	735144  -  ResidentSetSize of job (KB)
...
006 (63683.000.000) 08/02 11:19:58 Image size of job updated: 804564
	782  -  MemoryUsage of job (MB)
	800712  -  ResidentSetSize of job (KB)
...
006 (63683.000.000) 08/02 11:24:58 Image size of job updated: 817848
	795  -  MemoryUsage of job (MB)
	813996  -  ResidentSetSize of job (KB)
...
006 (63683.000.000) 08/02 11:50:00 Image size of job updated: 854200
	831  -  MemoryUsage of job (MB)
	850320  -  ResidentSetSize of job (KB)
...
006 (63683.000.000) 08/02 12:00:01 Image size of job updated: 1055140
	1027  -  MemoryUsage of job (MB)
	1051260  -  ResidentSetSize of job (KB)
...
006 (63683.000.000) 08/02 12:05:01 Image size of job updated: 1531148
	1492  -  MemoryUsage of job (MB)
	1527268  -  ResidentSetSize of job (KB)
...
006 (63683.000.000) 08/02 12:10:02 Image size of job updated: 1687836
	1645  -  MemoryUsage of job (MB)
	1683956  -  ResidentSetSize of job (KB)
...
006 (63683.000.000) 08/02 12:40:04 Image size of job updated: 1751448
	1680  -  MemoryUsage of job (MB)
	1719936  -  ResidentSetSize of job (KB)
...
006 (63683.000.000) 08/02 12:55:06 Image size of job updated: 1881928
	1776  -  MemoryUsage of job (MB)
	1818368  -  ResidentSetSize of job (KB)
...
006 (63683.000.000) 08/02 13:10:08 Image size of job updated: 1908000
	1776  -  MemoryUsage of job (MB)
	1818368  -  ResidentSetSize of job (KB)
...
006 (63683.000.000) 08/02 13:20:09 Image size of job updated: 2077176
	1776  -  MemoryUsage of job (MB)
	1818368  -  ResidentSetSize of job (KB)
...
006 (63683.000.000) 08/02 13:50:11 Image size of job updated: 2226056
	1776  -  MemoryUsage of job (MB)
	1818368  -  ResidentSetSize of job (KB)
...
006 (63683.000.000) 08/02 14:05:13 Image size of job updated: 2421288
	1776  -  MemoryUsage of job (MB)
	1818368  -  ResidentSetSize of job (KB)
...
006 (63683.000.000) 08/02 14:40:16 Image size of job updated: 2421288
	2088  -  MemoryUsage of job (MB)
	2137312  -  ResidentSetSize of job (KB)
...
006 (63683.000.000) 08/02 14:45:16 Image size of job updated: 2446044
	2089  -  MemoryUsage of job (MB)
	2138144  -  ResidentSetSize of job (KB)
...
006 (63683.000.000) 08/02 15:05:18 Image size of job updated: 2527404
	2089  -  MemoryUsage of job (MB)
	2138144  -  ResidentSetSize of job (KB)
...
006 (63683.000.000) 08/02 15:15:18 Image size of job updated: 2570712
	2089  -  MemoryUsage of job (MB)
	2138144  -  ResidentSetSize of job (KB)
...
006 (63683.000.000) 08/02 15:30:19 Image size of job updated: 2766472
	2089  -  MemoryUsage of job (MB)
	2138144  -  ResidentSetSize of job (KB)
...
006 (63683.000.000) 08/02 15:41:23 Image size of job updated: 2801952
	2089  -  MemoryUsage of job (MB)
	2138144  -  ResidentSetSize of job (KB)
...
006 (63683.000.000) 08/02 16:40:27 Image size of job updated: 2961196
	2089  -  MemoryUsage of job (MB)
	2138144  -  ResidentSetSize of job (KB)
...
006 (63683.000.000) 08/02 16:50:28 Image size of job updated: 3066840
	2089  -  MemoryUsage of job (MB)
	2138144  -  ResidentSetSize of job (KB)
...
006 (63683.000.000) 08/02 17:30:32 Image size of job updated: 3153432
	2089  -  MemoryUsage of job (MB)
	2138144  -  ResidentSetSize of job (KB)
...
006 (63683.000.000) 08/02 17:35:32 Image size of job updated: 3181768
	2089  -  MemoryUsage of job (MB)
	2138144  -  ResidentSetSize of job (KB)
...
006 (63683.000.000) 08/02 17:45:34 Image size of job updated: 3428100
	2089  -  MemoryUsage of job (MB)
	2138144  -  ResidentSetSize of job (KB)
...
006 (63683.000.000) 08/02 18:00:35 Image size of job updated: 3501472
	2089  -  MemoryUsage of job (MB)
	2138144  -  ResidentSetSize of job (KB)
...
006 (63683.000.000) 08/02 18:40:42 Image size of job updated: 3679684
	2089  -  MemoryUsage of job (MB)
	2138144  -  ResidentSetSize of job (KB)
...
006 (63683.000.000) 08/02 18:46:46 Image size of job updated: 3783220
	2089  -  MemoryUsage of job (MB)
	2138144  -  ResidentSetSize of job (KB)
...
006 (63683.000.000) 08/02 18:50:38 Image size of job updated: 3813512
	2089  -  MemoryUsage of job (MB)
	2138144  -  ResidentSetSize of job (KB)
...
006 (63683.000.000) 08/02 18:55:39 Image size of job updated: 3835396
	2089  -  MemoryUsage of job (MB)
	2138144  -  ResidentSetSize of job (KB)
...
006 (63683.000.000) 08/02 19:04:34 Image size of job updated: 3884820
	2089  -  MemoryUsage of job (MB)
	2138144  -  ResidentSetSize of job (KB)
...
006 (63683.000.000) 08/02 19:21:22 Image size of job updated: 4451992
	2629  -  MemoryUsage of job (MB)
	2691448  -  ResidentSetSize of job (KB)
...
006 (63683.000.000) 08/02 19:43:27 Image size of job updated: 4604092
	2783  -  MemoryUsage of job (MB)
	2848924  -  ResidentSetSize of job (KB)
...
006 (63683.000.000) 08/02 20:02:12 Image size of job updated: 4681852
	2783  -  MemoryUsage of job (MB)
	2848924  -  ResidentSetSize of job (KB)
...
006 (63683.000.000) 08/02 20:20:52 Image size of job updated: 4792888
	2783  -  MemoryUsage of job (MB)
	2848924  -  ResidentSetSize of job (KB)
...
006 (63683.000.000) 08/02 20:37:13 Image size of job updated: 4850180
	2783  -  MemoryUsage of job (MB)
	2848924  -  ResidentSetSize of job (KB)
...
006 (63683.000.000) 08/02 20:54:54 Image size of job updated: 4928124
	2783  -  MemoryUsage of job (MB)
	2848924  -  ResidentSetSize of job (KB)
...
006 (63683.000.000) 08/02 21:08:23 Image size of job updated: 5003740
	2783  -  MemoryUsage of job (MB)
	2848924  -  ResidentSetSize of job (KB)
...
006 (63683.000.000) 08/02 21:47:26 Image size of job updated: 5003740
	2807  -  MemoryUsage of job (MB)
	2874292  -  ResidentSetSize of job (KB)
...
006 (63683.000.000) 08/02 22:12:52 Image size of job updated: 5003744
	2807  -  MemoryUsage of job (MB)
	2874292  -  ResidentSetSize of job (KB)
...
006 (63683.000.000) 08/02 22:37:20 Image size of job updated: 5003792
	2807  -  MemoryUsage of job (MB)
	2874292  -  ResidentSetSize of job (KB)
...
006 (63683.000.000) 08/02 22:55:37 Image size of job updated: 5003924
	2807  -  MemoryUsage of job (MB)
	2874292  -  ResidentSetSize of job (KB)
...
006 (63683.000.000) 08/02 23:09:09 Image size of job updated: 5004032
	2807  -  MemoryUsage of job (MB)
	2874292  -  ResidentSetSize of job (KB)
...
006 (63683.000.000) 08/03 00:07:01 Image size of job updated: 5004032
	3541  -  MemoryUsage of job (MB)
	3625464  -  ResidentSetSize of job (KB)
...
022 (63683.000.000) 08/03 00:40:27 Job disconnected, attempting to reconnect
    Socket between submit and execute hosts closed unexpectedly
    Trying to reconnect to slot1_1@node008.ppe.gla.ac.uk <10.194.1.8:9618?addrs=10.194.1.8-9618+[--1]-9618&noUDP&sock=37221_16ac_3>
...
024 (63683.000.000) 08/03 01:20:27 Job reconnection failed
    Job disconnected too long: JobLeaseDuration (2400 seconds) expired
    Can not reconnect to slot1_1@node008.ppe.gla.ac.uk, rescheduling job
...
001 (63683.000.000) 08/03 09:58:42 Job executing on host: <10.194.1.4:9618?addrs=10.194.1.4-9618+[--1]-9618&noUDP&sock=21589_d637_3>
...
004 (63683.000.000) 08/03 10:40:38 Job was evicted.
	(0) Job was not checkpointed.
		Usr 0 00:27:27, Sys 0 00:00:50  -  Run Remote Usage
		Usr 0 00:00:00, Sys 0 00:00:00  -  Run Local Usage
	0  -  Run Bytes Sent By Job
	237  -  Run Bytes Received By Job
	Partitionable Resources :    Usage  Request Allocated
	   Cpus                 :                 1         1
	   Disk (KB)            :       35       35   4187667
	   Memory (MB)          :     3663     1024      1024
...
009 (63683.000.000) 08/03 10:40:39 Job was aborted by the user.
	via condor_rm (by user jnugent)
...
000 (66087.000.000) 08/10 13:31:27 Job submitted from host: <172.20.203.50:9618?addrs=172.20.203.50-9618+[--1]-9618&noUDP&sock=7405_cae4_4>
...
001 (66087.000.000) 08/10 13:31:40 Job executing on host: <10.194.1.4:9618?addrs=10.194.1.4-9618+[--1]-9618&noUDP&sock=21589_d637_3>
...
006 (66087.000.000) 08/10 13:31:48 Image size of job updated: 48132
	47  -  MemoryUsage of job (MB)
	48112  -  ResidentSetSize of job (KB)
...
006 (66087.000.000) 08/10 13:36:48 Image size of job updated: 801328
	732  -  MemoryUsage of job (MB)
	749436  -  ResidentSetSize of job (KB)
...
006 (66087.000.000) 08/10 13:46:49 Image size of job updated: 905488
	832  -  MemoryUsage of job (MB)
	851588  -  ResidentSetSize of job (KB)
...
006 (66087.000.000) 08/10 13:56:50 Image size of job updated: 941820
	832  -  MemoryUsage of job (MB)
	851588  -  ResidentSetSize of job (KB)
...
006 (66087.000.000) 08/10 14:01:50 Image size of job updated: 1083768
	832  -  MemoryUsage of job (MB)
	851588  -  ResidentSetSize of job (KB)
...
006 (66087.000.000) 08/10 14:26:53 Image size of job updated: 1124104
	832  -  MemoryUsage of job (MB)
	851588  -  ResidentSetSize of job (KB)
...
006 (66087.000.000) 08/10 14:31:54 Image size of job updated: 1124176
	832  -  MemoryUsage of job (MB)
	851588  -  ResidentSetSize of job (KB)
...
006 (66087.000.000) 08/10 15:37:01 Image size of job updated: 1143340
	832  -  MemoryUsage of job (MB)
	851588  -  ResidentSetSize of job (KB)
...
006 (66087.000.000) 08/10 15:47:08 Image size of job updated: 1186436
	832  -  MemoryUsage of job (MB)
	851588  -  ResidentSetSize of job (KB)
...
006 (66087.000.000) 08/10 18:22:17 Image size of job updated: 1217296
	832  -  MemoryUsage of job (MB)
	851588  -  ResidentSetSize of job (KB)
...
006 (66087.000.000) 08/10 19:02:22 Image size of job updated: 1307928
	832  -  MemoryUsage of job (MB)
	851588  -  ResidentSetSize of job (KB)
...
006 (66087.000.000) 08/10 19:17:24 Image size of job updated: 1324408
	832  -  MemoryUsage of job (MB)
	851588  -  ResidentSetSize of job (KB)
...
006 (66087.000.000) 08/10 19:32:25 Image size of job updated: 1568852
	832  -  MemoryUsage of job (MB)
	851588  -  ResidentSetSize of job (KB)
...
006 (66087.000.000) 08/10 20:37:32 Image size of job updated: 1568852
	918  -  MemoryUsage of job (MB)
	939644  -  ResidentSetSize of job (KB)
...
006 (66087.000.000) 08/10 20:42:33 Image size of job updated: 1575396
	918  -  MemoryUsage of job (MB)
	939644  -  ResidentSetSize of job (KB)
...
006 (66087.000.000) 08/10 21:12:36 Image size of job updated: 1649312
	918  -  MemoryUsage of job (MB)
	939644  -  ResidentSetSize of job (KB)
...
006 (66087.000.000) 08/10 21:27:38 Image size of job updated: 1702656
	918  -  MemoryUsage of job (MB)
	939644  -  ResidentSetSize of job (KB)
...
006 (66087.000.000) 08/10 21:57:41 Image size of job updated: 1771872
	918  -  MemoryUsage of job (MB)
	939644  -  ResidentSetSize of job (KB)
...
006 (66087.000.000) 08/10 22:02:42 Image size of job updated: 2285560
	1040  -  MemoryUsage of job (MB)
	1064292  -  ResidentSetSize of job (KB)
...
006 (66087.000.000) 08/10 22:22:44 Image size of job updated: 2349536
	1040  -  MemoryUsage of job (MB)
	1064292  -  ResidentSetSize of job (KB)
...
006 (66087.000.000) 08/10 22:53:56 Image size of job updated: 2540796
	1040  -  MemoryUsage of job (MB)
	1064292  -  ResidentSetSize of job (KB)
...
006 (66087.000.000) 08/10 23:12:49 Image size of job updated: 2545440
	1040  -  MemoryUsage of job (MB)
	1064292  -  ResidentSetSize of job (KB)
...
006 (66087.000.000) 08/11 00:17:48 Image size of job updated: 2625544
	1040  -  MemoryUsage of job (MB)
	1064292  -  ResidentSetSize of job (KB)
...
006 (66087.000.000) 08/11 01:11:31 Image size of job updated: 2821080
	1273  -  MemoryUsage of job (MB)
	1302952  -  ResidentSetSize of job (KB)
...
006 (66087.000.000) 08/11 02:02:49 Image size of job updated: 3183800
	1320  -  MemoryUsage of job (MB)
	1351652  -  ResidentSetSize of job (KB)
...
006 (66087.000.000) 08/11 13:37:37 Image size of job updated: 3225556
	1320  -  MemoryUsage of job (MB)
	1351652  -  ResidentSetSize of job (KB)
...
006 (66087.000.000) 08/11 14:07:41 Image size of job updated: 3232196
	1320  -  MemoryUsage of job (MB)
	1351652  -  ResidentSetSize of job (KB)
...
006 (66087.000.000) 08/11 14:17:41 Image size of job updated: 3249416
	1320  -  MemoryUsage of job (MB)
	1351652  -  ResidentSetSize of job (KB)
...
006 (66087.000.000) 08/11 15:02:46 Image size of job updated: 3601396
	1352  -  MemoryUsage of job (MB)
	1384076  -  ResidentSetSize of job (KB)
...
006 (66087.000.000) 08/11 15:12:47 Image size of job updated: 3605972
	1352  -  MemoryUsage of job (MB)
	1384076  -  ResidentSetSize of job (KB)
...
006 (66087.000.000) 08/11 15:37:50 Image size of job updated: 3662496
	1352  -  MemoryUsage of job (MB)
	1384076  -  ResidentSetSize of job (KB)
...
006 (66087.000.000) 08/11 16:19:25 Image size of job updated: 3775064
	1352  -  MemoryUsage of job (MB)
	1384076  -  ResidentSetSize of job (KB)
...
006 (66087.000.000) 08/11 16:44:18 Image size of job updated: 3786816
	1352  -  MemoryUsage of job (MB)
	1384076  -  ResidentSetSize of job (KB)
...
006 (66087.000.000) 08/11 16:49:19 Image size of job updated: 3813192
	1352  -  MemoryUsage of job (MB)
	1384076  -  ResidentSetSize of job (KB)
...
006 (66087.000.000) 08/11 17:01:42 Image size of job updated: 3841488
	1374  -  MemoryUsage of job (MB)
	1406368  -  ResidentSetSize of job (KB)
...
006 (66087.000.000) 08/11 17:06:42 Image size of job updated: 3864436
	1405  -  MemoryUsage of job (MB)
	1438320  -  ResidentSetSize of job (KB)
...
006 (66087.000.000) 08/11 17:11:43 Image size of job updated: 3894300
	1455  -  MemoryUsage of job (MB)
	1488932  -  ResidentSetSize of job (KB)
...
006 (66087.000.000) 08/11 17:16:44 Image size of job updated: 3946740
	1555  -  MemoryUsage of job (MB)
	1591928  -  ResidentSetSize of job (KB)
...
006 (66087.000.000) 08/11 17:21:44 Image size of job updated: 3971588
	1599  -  MemoryUsage of job (MB)
	1636576  -  ResidentSetSize of job (KB)
...
006 (66087.000.000) 08/11 17:27:43 Image size of job updated: 4033596
	1716  -  MemoryUsage of job (MB)
	1756516  -  ResidentSetSize of job (KB)
...
006 (66087.000.000) 08/11 17:31:44 Image size of job updated: 4053948
	1755  -  MemoryUsage of job (MB)
	1797084  -  ResidentSetSize of job (KB)
...
006 (66087.000.000) 08/11 17:36:45 Image size of job updated: 4085576
	1817  -  MemoryUsage of job (MB)
	1860340  -  ResidentSetSize of job (KB)
...
006 (66087.000.000) 08/11 17:41:46 Image size of job updated: 4124332
	1886  -  MemoryUsage of job (MB)
	1931136  -  ResidentSetSize of job (KB)
...
006 (66087.000.000) 08/11 17:46:45 Image size of job updated: 4158296
	1939  -  MemoryUsage of job (MB)
	1985188  -  ResidentSetSize of job (KB)
...
006 (66087.000.000) 08/11 17:51:46 Image size of job updated: 4176140
	1952  -  MemoryUsage of job (MB)
	1998172  -  ResidentSetSize of job (KB)
...
006 (66087.000.000) 08/11 17:56:47 Image size of job updated: 4198868
	1988  -  MemoryUsage of job (MB)
	2035636  -  ResidentSetSize of job (KB)
...
006 (66087.000.000) 08/11 18:01:47 Image size of job updated: 4234716
	2044  -  MemoryUsage of job (MB)
	2092256  -  ResidentSetSize of job (KB)
...
006 (66087.000.000) 08/11 18:06:47 Image size of job updated: 4268220
	2096  -  MemoryUsage of job (MB)
	2145328  -  ResidentSetSize of job (KB)
...
006 (66087.000.000) 08/11 18:11:47 Image size of job updated: 4304624
	2151  -  MemoryUsage of job (MB)
	2202132  -  ResidentSetSize of job (KB)
...
006 (66087.000.000) 08/11 18:16:48 Image size of job updated: 4326736
	2188  -  MemoryUsage of job (MB)
	2240268  -  ResidentSetSize of job (KB)
...
006 (66087.000.000) 08/11 18:21:49 Image size of job updated: 4349372
	2222  -  MemoryUsage of job (MB)
	2274516  -  ResidentSetSize of job (KB)
...
006 (66087.000.000) 08/11 18:26:49 Image size of job updated: 4370888
	2241  -  MemoryUsage of job (MB)
	2294560  -  ResidentSetSize of job (KB)
...
006 (66087.000.000) 08/11 18:31:49 Image size of job updated: 4394836
	2254  -  MemoryUsage of job (MB)
	2307176  -  ResidentSetSize of job (KB)
...
006 (66087.000.000) 08/11 18:36:49 Image size of job updated: 4421076
	2254  -  MemoryUsage of job (MB)
	2307176  -  ResidentSetSize of job (KB)
...
006 (66087.000.000) 08/11 18:41:49 Image size of job updated: 4441932
	2272  -  MemoryUsage of job (MB)
	2326332  -  ResidentSetSize of job (KB)
...
006 (66087.000.000) 08/11 18:46:50 Image size of job updated: 4468420
	2291  -  MemoryUsage of job (MB)
	2345644  -  ResidentSetSize of job (KB)
...
006 (66087.000.000) 08/11 18:51:50 Image size of job updated: 4489308
	2312  -  MemoryUsage of job (MB)
	2367060  -  ResidentSetSize of job (KB)
...
006 (66087.000.000) 08/11 18:56:51 Image size of job updated: 4500260
	2312  -  MemoryUsage of job (MB)
	2367060  -  ResidentSetSize of job (KB)
...
006 (66087.000.000) 08/11 19:01:51 Image size of job updated: 4511808
	2312  -  MemoryUsage of job (MB)
	2367060  -  ResidentSetSize of job (KB)
...
006 (66087.000.000) 08/11 19:06:51 Image size of job updated: 4530280
	2312  -  MemoryUsage of job (MB)
	2367060  -  ResidentSetSize of job (KB)
...
006 (66087.000.000) 08/11 19:11:52 Image size of job updated: 4548264
	2312  -  MemoryUsage of job (MB)
	2367060  -  ResidentSetSize of job (KB)
...
006 (66087.000.000) 08/11 19:16:53 Image size of job updated: 4569328
	2312  -  MemoryUsage of job (MB)
	2367060  -  ResidentSetSize of job (KB)
...
006 (66087.000.000) 08/11 19:21:53 Image size of job updated: 4580972
	2312  -  MemoryUsage of job (MB)
	2367060  -  ResidentSetSize of job (KB)
...
006 (66087.000.000) 08/11 19:26:53 Image size of job updated: 4590228
	2312  -  MemoryUsage of job (MB)
	2367060  -  ResidentSetSize of job (KB)
...
006 (66087.000.000) 08/11 19:31:54 Image size of job updated: 4601612
	2312  -  MemoryUsage of job (MB)
	2367060  -  ResidentSetSize of job (KB)
...
006 (66087.000.000) 08/11 19:36:55 Image size of job updated: 4614172
	2312  -  MemoryUsage of job (MB)
	2367060  -  ResidentSetSize of job (KB)
...
006 (66087.000.000) 08/11 19:41:55 Image size of job updated: 4620760
	2312  -  MemoryUsage of job (MB)
	2367060  -  ResidentSetSize of job (KB)
...
006 (66087.000.000) 08/11 19:46:55 Image size of job updated: 4631008
	2312  -  MemoryUsage of job (MB)
	2367060  -  ResidentSetSize of job (KB)
...
006 (66087.000.000) 08/11 19:51:56 Image size of job updated: 4640288
	2316  -  MemoryUsage of job (MB)
	2370944  -  ResidentSetSize of job (KB)
...
006 (66087.000.000) 08/11 19:56:57 Image size of job updated: 4650592
	2327  -  MemoryUsage of job (MB)
	2382484  -  ResidentSetSize of job (KB)
...
006 (66087.000.000) 08/11 20:01:57 Image size of job updated: 4658008
	2338  -  MemoryUsage of job (MB)
	2393952  -  ResidentSetSize of job (KB)
...
006 (66087.000.000) 08/11 20:06:58 Image size of job updated: 4666200
	2350  -  MemoryUsage of job (MB)
	2406276  -  ResidentSetSize of job (KB)
...
006 (66087.000.000) 08/11 20:11:59 Image size of job updated: 4674444
	2360  -  MemoryUsage of job (MB)
	2415956  -  ResidentSetSize of job (KB)
...
006 (66087.000.000) 08/11 20:16:59 Image size of job updated: 4683448
	2364  -  MemoryUsage of job (MB)
	2420532  -  ResidentSetSize of job (KB)
...
006 (66087.000.000) 08/11 20:21:59 Image size of job updated: 4689012
	2371  -  MemoryUsage of job (MB)
	2427004  -  ResidentSetSize of job (KB)
...
006 (66087.000.000) 08/11 20:27:00 Image size of job updated: 4693948
	2376  -  MemoryUsage of job (MB)
	2432460  -  ResidentSetSize of job (KB)
...
006 (66087.000.000) 08/11 20:38:13 Image size of job updated: 4701448
	2376  -  MemoryUsage of job (MB)
	2432460  -  ResidentSetSize of job (KB)
...
006 (66087.000.000) 08/11 20:56:55 Image size of job updated: 4733256
	2376  -  MemoryUsage of job (MB)
	2432460  -  ResidentSetSize of job (KB)
...
006 (66087.000.000) 08/11 21:11:53 Image size of job updated: 4770188
	2376  -  MemoryUsage of job (MB)
	2432460  -  ResidentSetSize of job (KB)
...
006 (66087.000.000) 08/11 21:20:51 Image size of job updated: 4785224
	2376  -  MemoryUsage of job (MB)
	2432460  -  ResidentSetSize of job (KB)
...
006 (66087.000.000) 08/11 21:26:15 Image size of job updated: 4802484
	2376  -  MemoryUsage of job (MB)
	2432460  -  ResidentSetSize of job (KB)
...
006 (66087.000.000) 08/11 21:31:15 Image size of job updated: 4814844
	2376  -  MemoryUsage of job (MB)
	2432460  -  ResidentSetSize of job (KB)
...
006 (66087.000.000) 08/11 21:36:16 Image size of job updated: 4831116
	2376  -  MemoryUsage of job (MB)
	2432460  -  ResidentSetSize of job (KB)
...
006 (66087.000.000) 08/11 21:41:17 Image size of job updated: 4855844
	2376  -  MemoryUsage of job (MB)
	2432460  -  ResidentSetSize of job (KB)
...
006 (66087.000.000) 08/11 21:46:17 Image size of job updated: 4870976
	2376  -  MemoryUsage of job (MB)
	2432460  -  ResidentSetSize of job (KB)
...
006 (66087.000.000) 08/11 21:51:17 Image size of job updated: 4885716
	2376  -  MemoryUsage of job (MB)
	2432460  -  ResidentSetSize of job (KB)
...
006 (66087.000.000) 08/11 21:56:43 Image size of job updated: 4898240
	2376  -  MemoryUsage of job (MB)
	2432460  -  ResidentSetSize of job (KB)
...
006 (66087.000.000) 08/11 22:01:19 Image size of job updated: 4911600
	2376  -  MemoryUsage of job (MB)
	2432460  -  ResidentSetSize of job (KB)
...
006 (66087.000.000) 08/11 22:06:20 Image size of job updated: 4923456
	2376  -  MemoryUsage of job (MB)
	2432460  -  ResidentSetSize of job (KB)
...
006 (66087.000.000) 08/11 22:11:21 Image size of job updated: 4939348
	2376  -  MemoryUsage of job (MB)
	2432460  -  ResidentSetSize of job (KB)
...
006 (66087.000.000) 08/11 22:16:21 Image size of job updated: 4962224
	2376  -  MemoryUsage of job (MB)
	2432460  -  ResidentSetSize of job (KB)
...
006 (66087.000.000) 08/11 22:21:22 Image size of job updated: 4975828
	2376  -  MemoryUsage of job (MB)
	2432460  -  ResidentSetSize of job (KB)
...
006 (66087.000.000) 08/11 22:26:23 Image size of job updated: 4991356
	2376  -  MemoryUsage of job (MB)
	2432460  -  ResidentSetSize of job (KB)
...
006 (66087.000.000) 08/11 22:31:23 Image size of job updated: 5002152
	2376  -  MemoryUsage of job (MB)
	2432460  -  ResidentSetSize of job (KB)
...
006 (66087.000.000) 08/11 22:36:23 Image size of job updated: 5013712
	2376  -  MemoryUsage of job (MB)
	2432460  -  ResidentSetSize of job (KB)
...
006 (66087.000.000) 08/11 22:41:24 Image size of job updated: 5026816
	2376  -  MemoryUsage of job (MB)
	2432460  -  ResidentSetSize of job (KB)
...
006 (66087.000.000) 08/11 22:46:24 Image size of job updated: 5042648
	2376  -  MemoryUsage of job (MB)
	2432460  -  ResidentSetSize of job (KB)
...
006 (66087.000.000) 08/11 22:51:24 Image size of job updated: 5055276
	2376  -  MemoryUsage of job (MB)
	2432460  -  ResidentSetSize of job (KB)
...
006 (66087.000.000) 08/11 22:56:25 Image size of job updated: 5066976
	2376  -  MemoryUsage of job (MB)
	2432460  -  ResidentSetSize of job (KB)
...
006 (66087.000.000) 08/11 23:01:26 Image size of job updated: 5078956
	2376  -  MemoryUsage of job (MB)
	2432460  -  ResidentSetSize of job (KB)
...
006 (66087.000.000) 08/11 23:06:26 Image size of job updated: 5093576
	2376  -  MemoryUsage of job (MB)
	2432460  -  ResidentSetSize of job (KB)
...
006 (66087.000.000) 08/11 23:11:32 Image size of job updated: 5104284
	2376  -  MemoryUsage of job (MB)
	2432460  -  ResidentSetSize of job (KB)
...
006 (66087.000.000) 08/11 23:16:27 Image size of job updated: 5116836
	2376  -  MemoryUsage of job (MB)
	2432460  -  ResidentSetSize of job (KB)
...
006 (66087.000.000) 08/11 23:21:49 Image size of job updated: 5138648
	2376  -  MemoryUsage of job (MB)
	2432460  -  ResidentSetSize of job (KB)
...
006 (66087.000.000) 08/11 23:26:37 Image size of job updated: 5143812
	2376  -  MemoryUsage of job (MB)
	2432460  -  ResidentSetSize of job (KB)
...
006 (66087.000.000) 08/11 23:46:32 Image size of job updated: 5143848
	2376  -  MemoryUsage of job (MB)
	2432460  -  ResidentSetSize of job (KB)
...
006 (66087.000.000) 08/12 04:23:12 Image size of job updated: 5143900
	2376  -  MemoryUsage of job (MB)
	2432460  -  ResidentSetSize of job (KB)
...
006 (66087.000.000) 08/12 04:28:13 Image size of job updated: 5151112
	2376  -  MemoryUsage of job (MB)
	2432460  -  ResidentSetSize of job (KB)
...
005 (66087.000.000) 08/18 02:44:03 Job terminated.
	(1) Normal termination (return value 0)
		Usr 0 10:02:28, Sys 0 01:18:56  -  Run Remote Usage
		Usr 0 00:00:00, Sys 0 00:00:00  -  Run Local Usage
		Usr 0 10:02:28, Sys 0 01:18:56  -  Total Remote Usage
		Usr 0 00:00:00, Sys 0 00:00:00  -  Total Local Usage
	4299204  -  Run Bytes Sent By Job
	237  -  Run Bytes Received By Job
	4299204  -  Total Bytes Sent By Job
	237  -  Total Bytes Received By Job
	Partitionable Resources :    Usage  Request Allocated
	   Cpus                 :                 1         1
	   Disk (KB)            :     4209        1   4187667
	   Memory (MB)          :     2376     1024      1024
...
000 (423.000.000) 08/27 11:47:40 Job submitted from host: <194.36.1.211:9618?addrs=194.36.1.211-9618+[--1]-9618&noUDP&sock=1189_2232_3>
...
009 (423.000.000) 08/27 11:48:15 Job was aborted by the user.
	via condor_rm (by user jnugent)
...
000 (66244.000.000) 08/27 11:48:32 Job submitted from host: <172.20.203.50:9618?addrs=172.20.203.50-9618+[--1]-9618&noUDP&sock=7405_cae4_4>
...
022 (66244.000.000) 08/27 11:48:53 Job disconnected, attempting to reconnect
    Socket between submit and execute hosts closed unexpectedly
    Trying to reconnect to slot1_1@node006.ppe.gla.ac.uk <10.194.1.6:9618?addrs=10.194.1.6-9618+[--1]-9618&noUDP&sock=26470_cbfa_3>
...
024 (66244.000.000) 08/27 11:49:01 Job reconnection failed
    Job not found at execution machine
    Can not reconnect to slot1_1@node006.ppe.gla.ac.uk, rescheduling job
...
001 (66244.000.000) 08/27 11:49:54 Job executing on host: <10.194.1.8:9618?addrs=10.194.1.8-9618+[--1]-9618&noUDP&sock=16892_15e0_12>
...
006 (66244.000.000) 08/27 11:50:02 Image size of job updated: 52812
	52  -  MemoryUsage of job (MB)
	52812  -  ResidentSetSize of job (KB)
...
006 (66244.000.000) 08/27 11:55:02 Image size of job updated: 641540
	627  -  MemoryUsage of job (MB)
	641540  -  ResidentSetSize of job (KB)
...
006 (66244.000.000) 08/27 12:05:04 Image size of job updated: 663880
	649  -  MemoryUsage of job (MB)
	663880  -  ResidentSetSize of job (KB)
...
006 (66244.000.000) 08/27 12:10:04 Image size of job updated: 847672
	828  -  MemoryUsage of job (MB)
	847672  -  ResidentSetSize of job (KB)
...
006 (66244.000.000) 08/27 12:25:06 Image size of job updated: 1132624
	1107  -  MemoryUsage of job (MB)
	1132624  -  ResidentSetSize of job (KB)
...
006 (66244.000.000) 08/27 13:05:11 Image size of job updated: 1244664
	1216  -  MemoryUsage of job (MB)
	1244664  -  ResidentSetSize of job (KB)
...
006 (66244.000.000) 08/27 13:20:12 Image size of job updated: 1517136
	1482  -  MemoryUsage of job (MB)
	1517136  -  ResidentSetSize of job (KB)
...
006 (66244.000.000) 08/27 13:25:14 Image size of job updated: 1646180
	1608  -  MemoryUsage of job (MB)
	1646180  -  ResidentSetSize of job (KB)
...
006 (66244.000.000) 08/27 13:45:16 Image size of job updated: 1739460
	1699  -  MemoryUsage of job (MB)
	1739456  -  ResidentSetSize of job (KB)
...
006 (66244.000.000) 08/27 13:50:16 Image size of job updated: 1797400
	1756  -  MemoryUsage of job (MB)
	1797328  -  ResidentSetSize of job (KB)
...
006 (66244.000.000) 08/27 14:05:18 Image size of job updated: 1870248
	1756  -  MemoryUsage of job (MB)
	1797328  -  ResidentSetSize of job (KB)
...
006 (66244.000.000) 08/27 14:40:23 Image size of job updated: 1985476
	1756  -  MemoryUsage of job (MB)
	1797328  -  ResidentSetSize of job (KB)
...
006 (66244.000.000) 08/27 14:45:23 Image size of job updated: 2030504
	1756  -  MemoryUsage of job (MB)
	1797328  -  ResidentSetSize of job (KB)
...
006 (66244.000.000) 08/27 15:50:31 Image size of job updated: 2448264
	1756  -  MemoryUsage of job (MB)
	1797328  -  ResidentSetSize of job (KB)
...
006 (66244.000.000) 08/27 15:55:31 Image size of job updated: 2532028
	1756  -  MemoryUsage of job (MB)
	1797328  -  ResidentSetSize of job (KB)
...
006 (66244.000.000) 08/27 16:15:33 Image size of job updated: 2749164
	1756  -  MemoryUsage of job (MB)
	1797328  -  ResidentSetSize of job (KB)
...
006 (66244.000.000) 08/27 16:38:13 Image size of job updated: 2916996
	1756  -  MemoryUsage of job (MB)
	1797328  -  ResidentSetSize of job (KB)
...
022 (66244.000.000) 08/27 17:41:51 Job disconnected, attempting to reconnect
    Socket between submit and execute hosts closed unexpectedly
    Trying to reconnect to slot1_34@node008.ppe.gla.ac.uk <10.194.1.8:9618?addrs=10.194.1.8-9618+[--1]-9618&noUDP&sock=16892_15e0_12>
...
024 (66244.000.000) 08/27 17:41:51 Job reconnection failed
    Job disconnected too long: JobLeaseDuration (2400 seconds) expired
    Can not reconnect to slot1_34@node008.ppe.gla.ac.uk, rescheduling job
...
022 (66244.000.000) 08/27 17:42:22 Job disconnected, attempting to reconnect
    Socket between submit and execute hosts closed unexpectedly
    Trying to reconnect to slot1_10@node006.ppe.gla.ac.uk <10.194.1.6:9618?addrs=10.194.1.6-9618+[--1]-9618&noUDP&sock=26470_cbfa_3>
...
024 (66244.000.000) 08/27 17:42:30 Job reconnection failed
    Job not found at execution machine
    Can not reconnect to slot1_10@node006.ppe.gla.ac.uk, rescheduling job
...
022 (66244.000.000) 08/27 17:43:21 Job disconnected, attempting to reconnect
    Socket between submit and execute hosts closed unexpectedly
    Trying to reconnect to slot1_10@node006.ppe.gla.ac.uk <10.194.1.6:9618?addrs=10.194.1.6-9618+[--1]-9618&noUDP&sock=26470_cbfa_3>
...
024 (66244.000.000) 08/27 17:43:29 Job reconnection failed
    Job not found at execution machine
    Can not reconnect to slot1_10@node006.ppe.gla.ac.uk, rescheduling job
...
022 (66244.000.000) 08/27 17:43:42 Job disconnected, attempting to reconnect
    Socket between submit and execute hosts closed unexpectedly
    Trying to reconnect to slot1_10@node006.ppe.gla.ac.uk <10.194.1.6:9618?addrs=10.194.1.6-9618+[--1]-9618&noUDP&sock=26470_cbfa_3>
...
024 (66244.000.000) 08/27 17:43:50 Job reconnection failed
    Job not found at execution machine
    Can not reconnect to slot1_10@node006.ppe.gla.ac.uk, rescheduling job
...
001 (66244.000.000) 08/27 17:44:42 Job executing on host: <10.194.1.8:9618?addrs=10.194.1.8-9618+[--1]-9618&noUDP&sock=18553_64af_3>
...
022 (66244.000.000) 08/28 02:48:08 Job disconnected, attempting to reconnect
    Socket between submit and execute hosts closed unexpectedly
    Trying to reconnect to slot1_5@node008.ppe.gla.ac.uk <10.194.1.8:9618?addrs=10.194.1.8-9618+[--1]-9618&noUDP&sock=18553_64af_3>
...
024 (66244.000.000) 08/28 03:28:08 Job reconnection failed
    Job disconnected too long: JobLeaseDuration (2400 seconds) expired
    Can not reconnect to slot1_5@node008.ppe.gla.ac.uk, rescheduling job
...
001 (66244.000.000) 08/28 03:33:40 Job executing on host: <10.194.1.81:9618?addrs=10.194.1.81-9618+[--1]-9618&noUDP&sock=1755_5ccc_3>
...
004 (66244.000.000) 08/28 11:46:53 Job was evicted.
	(0) Job was not checkpointed.
		Usr 0 00:56:22, Sys 0 00:06:32  -  Run Remote Usage
		Usr 0 00:00:00, Sys 0 00:00:00  -  Run Local Usage
	0  -  Run Bytes Sent By Job
	237  -  Run Bytes Received By Job
	Partitionable Resources :    Usage  Request Allocated
	   Cpus                 :                 1         1
	   Disk (KB)            :       17       17   2614828
	   Memory (MB)          :     1954     1024      1024
...
022 (66244.000.000) 08/28 11:47:14 Job disconnected, attempting to reconnect
    Socket between submit and execute hosts closed unexpectedly
    Trying to reconnect to slot1_2@node006.ppe.gla.ac.uk <10.194.1.6:9618?addrs=10.194.1.6-9618+[--1]-9618&noUDP&sock=26470_cbfa_3>
...
024 (66244.000.000) 08/28 11:47:22 Job reconnection failed
    Job not found at execution machine
    Can not reconnect to slot1_2@node006.ppe.gla.ac.uk, rescheduling job
...
022 (66244.000.000) 08/28 11:48:14 Job disconnected, attempting to reconnect
    Socket between submit and execute hosts closed unexpectedly
    Trying to reconnect to slot1_1@node006.ppe.gla.ac.uk <10.194.1.6:9618?addrs=10.194.1.6-9618+[--1]-9618&noUDP&sock=26470_cbfa_3>
...
024 (66244.000.000) 08/28 11:48:22 Job reconnection failed
    Job not found at execution machine
    Can not reconnect to slot1_1@node006.ppe.gla.ac.uk, rescheduling job
...
001 (66244.000.000) 08/28 11:49:16 Job executing on host: <10.194.1.8:9618?addrs=10.194.1.8-9618+[--1]-9618&noUDP&sock=18553_64af_6>
...
006 (66244.000.000) 08/28 14:24:41 Image size of job updated: 3000000
	2111  -  MemoryUsage of job (MB)
	2160648  -  ResidentSetSize of job (KB)
...
006 (66244.000.000) 08/28 15:09:47 Image size of job updated: 3000000
	2200  -  MemoryUsage of job (MB)
	2251964  -  ResidentSetSize of job (KB)
...
006 (66244.000.000) 08/28 15:14:47 Image size of job updated: 3000000
	2428  -  MemoryUsage of job (MB)
	2485468  -  ResidentSetSize of job (KB)
...
006 (66244.000.000) 08/28 16:04:51 Image size of job updated: 3404404
	2428  -  MemoryUsage of job (MB)
	2485468  -  ResidentSetSize of job (KB)
...
006 (66244.000.000) 08/28 16:29:53 Image size of job updated: 3671364
	2428  -  MemoryUsage of job (MB)
	2485468  -  ResidentSetSize of job (KB)
...
006 (66244.000.000) 08/28 16:44:55 Image size of job updated: 3682964
	2428  -  MemoryUsage of job (MB)
	2485468  -  ResidentSetSize of job (KB)
...
006 (66244.000.000) 08/28 16:54:58 Image size of job updated: 4018252
	2428  -  MemoryUsage of job (MB)
	2485468  -  ResidentSetSize of job (KB)
...
006 (66244.000.000) 08/28 16:59:58 Image size of job updated: 4180180
	2587  -  MemoryUsage of job (MB)
	2648412  -  ResidentSetSize of job (KB)
...
006 (66244.000.000) 08/28 17:04:58 Image size of job updated: 4382868
	2587  -  MemoryUsage of job (MB)
	2648412  -  ResidentSetSize of job (KB)
...
006 (66244.000.000) 08/28 17:09:59 Image size of job updated: 4549008
	2587  -  MemoryUsage of job (MB)
	2648412  -  ResidentSetSize of job (KB)
...
006 (66244.000.000) 08/28 17:15:00 Image size of job updated: 4591572
	2587  -  MemoryUsage of job (MB)
	2648412  -  ResidentSetSize of job (KB)
...
006 (66244.000.000) 08/28 17:20:00 Image size of job updated: 4705396
	2587  -  MemoryUsage of job (MB)
	2648412  -  ResidentSetSize of job (KB)
...
006 (66244.000.000) 08/28 17:25:00 Image size of job updated: 4756536
	2587  -  MemoryUsage of job (MB)
	2648412  -  ResidentSetSize of job (KB)
...
006 (66244.000.000) 08/28 17:50:05 Image size of job updated: 4920456
	2587  -  MemoryUsage of job (MB)
	2648412  -  ResidentSetSize of job (KB)
...
                                                                                                                                                                                                                                               000 (66367.000.000) 08/28 17:55:38 Job submitted from host: <172.20.203.50:9618?addrs=172.20.203.50-9618+[--1]-9618&noUDP&sock=7405_cae4_4>
...
001 (66367.000.000) 08/28 17:55:53 Job executing on host: <10.194.1.4:9618?addrs=10.194.1.4-9618+[--1]-9618&noUDP&sock=21589_d637_3>
...
006 (66367.000.000) 08/28 17:56:01 Image size of job updated: 322820
	316  -  MemoryUsage of job (MB)
	322820  -  ResidentSetSize of job (KB)
...
006 (66367.000.000) 08/28 17:56:51 Image size of job updated: 497852
	487  -  MemoryUsage of job (MB)
	497852  -  ResidentSetSize of job (KB)
...
004 (66367.000.000) 08/28 17:56:51 Job was evicted.
	(0) Job was not checkpointed.
		Usr 0 00:00:56, Sys 0 00:00:01  -  Run Remote Usage
		Usr 0 00:00:00, Sys 0 00:00:00  -  Run Local Usage
	0  -  Run Bytes Sent By Job
	237  -  Run Bytes Received By Job
	Partitionable Resources :    Usage  Request Allocated
	   Cpus                 :                 1         1
	   Disk (KB)            :       15        1   4187667
	   Memory (MB)          :      487     1024      1024
...
009 (66367.000.000) 08/28 17:56:51 Job was aborted by the user.
	via condor_rm (by user jnugent)
...
004 (66244.000.000) 08/28 17:58:33 Job was evicted.
	(0) Job was not checkpointed.
		Usr 0 04:25:07, Sys 0 00:11:42  -  Run Remote Usage
		Usr 0 00:00:00, Sys 0 00:00:00  -  Run Local Usage
	0  -  Run Bytes Sent By Job
	237  -  Run Bytes Received By Job
	Partitionable Resources :    Usage  Request Allocated
	   Cpus                 :                 1         1
	   Disk (KB)            :       17       17  10479086
	   Memory (MB)          :     2587     1024      1024
...
009 (66244.000.000) 08/28 17:58:34 Job was aborted by the user.
	via condor_rm (by user jnugent)
...
000 (66467.000.000) 08/28 17:59:34 Job submitted from host: <172.20.203.50:9618?addrs=172.20.203.50-9618+[--1]-9618&noUDP&sock=7405_cae4_4>
...
022 (66467.000.000) 08/28 17:59:53 Job disconnected, attempting to reconnect
    Socket between submit and execute hosts closed unexpectedly
    Trying to reconnect to slot1_1@node006.ppe.gla.ac.uk <10.194.1.6:9618?addrs=10.194.1.6-9618+[--1]-9618&noUDP&sock=26470_cbfa_3>
...
024 (66467.000.000) 08/28 18:00:02 Job reconnection failed
    Job not found at execution machine
    Can not reconnect to slot1_1@node006.ppe.gla.ac.uk, rescheduling job
...
001 (66467.000.000) 08/28 18:00:15 Job executing on host: <10.194.1.8:9618?addrs=10.194.1.8-9618+[--1]-9618&noUDP&sock=18553_64af_6>
...
006 (66467.000.000) 08/28 18:00:24 Image size of job updated: 335156
	328  -  MemoryUsage of job (MB)
	335156  -  ResidentSetSize of job (KB)
...
006 (66467.000.000) 08/28 18:05:25 Image size of job updated: 453128
	443  -  MemoryUsage of job (MB)
	453128  -  ResidentSetSize of job (KB)
...
006 (66467.000.000) 08/28 18:10:25 Image size of job updated: 540348
	528  -  MemoryUsage of job (MB)
	540348  -  ResidentSetSize of job (KB)
...
006 (66467.000.000) 08/28 18:15:25 Image size of job updated: 665924
	651  -  MemoryUsage of job (MB)
	665924  -  ResidentSetSize of job (KB)
...
006 (66467.000.000) 08/28 18:20:26 Image size of job updated: 728396
	712  -  MemoryUsage of job (MB)
	728396  -  ResidentSetSize of job (KB)
...
006 (66467.000.000) 08/28 18:30:26 Image size of job updated: 806516
	788  -  MemoryUsage of job (MB)
	806516  -  ResidentSetSize of job (KB)
...
006 (66467.000.000) 08/28 18:35:27 Image size of job updated: 806516
	788  -  MemoryUsage of job (MB)
	806524  -  ResidentSetSize of job (KB)
...
006 (66467.000.000) 08/28 18:45:28 Image size of job updated: 807136
	789  -  MemoryUsage of job (MB)
	807136  -  ResidentSetSize of job (KB)
...
006 (66467.000.000) 08/28 19:00:30 Image size of job updated: 981064
	959  -  MemoryUsage of job (MB)
	981064  -  ResidentSetSize of job (KB)
...
006 (66467.000.000) 08/28 19:20:32 Image size of job updated: 1094904
	1045  -  MemoryUsage of job (MB)
	1069900  -  ResidentSetSize of job (KB)
...
006 (66467.000.000) 08/28 19:30:33 Image size of job updated: 1241752
	1189  -  MemoryUsage of job (MB)
	1216748  -  ResidentSetSize of job (KB)
...
006 (66467.000.000) 08/28 19:45:35 Image size of job updated: 1314200
	1259  -  MemoryUsage of job (MB)
	1288388  -  ResidentSetSize of job (KB)
...
006 (66467.000.000) 08/28 19:50:35 Image size of job updated: 1323152
	1267  -  MemoryUsage of job (MB)
	1297340  -  ResidentSetSize of job (KB)
...
006 (66467.000.000) 08/28 19:55:36 Image size of job updated: 1323152
	1267  -  MemoryUsage of job (MB)
	1297348  -  ResidentSetSize of job (KB)
...
006 (66467.000.000) 08/28 20:15:38 Image size of job updated: 1334476
	1268  -  MemoryUsage of job (MB)
	1298084  -  ResidentSetSize of job (KB)
...
006 (66467.000.000) 08/28 20:20:38 Image size of job updated: 1387884
	1318  -  MemoryUsage of job (MB)
	1349100  -  ResidentSetSize of job (KB)
...
006 (66467.000.000) 08/28 20:25:38 Image size of job updated: 1594916
	1520  -  MemoryUsage of job (MB)
	1556312  -  ResidentSetSize of job (KB)
...
006 (66467.000.000) 08/28 20:55:42 Image size of job updated: 1677384
	1602  -  MemoryUsage of job (MB)
	1639784  -  ResidentSetSize of job (KB)
...
006 (66467.000.000) 08/28 21:20:45 Image size of job updated: 1771784
	1665  -  MemoryUsage of job (MB)
	1703944  -  ResidentSetSize of job (KB)
...
006 (66467.000.000) 08/28 21:25:45 Image size of job updated: 1955172
	1844  -  MemoryUsage of job (MB)
	1887520  -  ResidentSetSize of job (KB)
...
006 (66467.000.000) 08/28 21:50:48 Image size of job updated: 1972860
	1863  -  MemoryUsage of job (MB)
	1907108  -  ResidentSetSize of job (KB)
...
006 (66467.000.000) 08/28 21:55:49 Image size of job updated: 2004504
	1863  -  MemoryUsage of job (MB)
	1907108  -  ResidentSetSize of job (KB)
...
006 (66467.000.000) 08/28 22:10:50 Image size of job updated: 2225104
	1863  -  MemoryUsage of job (MB)
	1907108  -  ResidentSetSize of job (KB)
...
006 (66467.000.000) 08/28 22:15:50 Image size of job updated: 2273700
	1863  -  MemoryUsage of job (MB)
	1907108  -  ResidentSetSize of job (KB)
...
006 (66467.000.000) 08/28 22:28:29 Image size of job updated: 2330320
	1863  -  MemoryUsage of job (MB)
	1907108  -  ResidentSetSize of job (KB)
...
006 (66467.000.000) 08/28 22:51:28 Image size of job updated: 2701408
	2036  -  MemoryUsage of job (MB)
	2083956  -  ResidentSetSize of job (KB)
...
006 (66467.000.000) 08/29 00:51:53 Image size of job updated: 2807188
	2036  -  MemoryUsage of job (MB)
	2083956  -  ResidentSetSize of job (KB)
...
006 (66467.000.000) 08/29 01:11:55 Image size of job updated: 3113744
	2135  -  MemoryUsage of job (MB)
	2185968  -  ResidentSetSize of job (KB)
...
006 (66467.000.000) 08/29 01:16:55 Image size of job updated: 3113744
	2135  -  MemoryUsage of job (MB)
	2185992  -  ResidentSetSize of job (KB)
...
006 (66467.000.000) 08/29 01:41:58 Image size of job updated: 3189804
	2208  -  MemoryUsage of job (MB)
	2260956  -  ResidentSetSize of job (KB)
...
006 (66467.000.000) 08/29 01:51:59 Image size of job updated: 3376300
	2390  -  MemoryUsage of job (MB)
	2446460  -  ResidentSetSize of job (KB)
...
006 (66467.000.000) 08/29 02:07:01 Image size of job updated: 3437324
	2449  -  MemoryUsage of job (MB)
	2507344  -  ResidentSetSize of job (KB)
...
006 (66467.000.000) 08/29 02:32:04 Image size of job updated: 3479372
	2488  -  MemoryUsage of job (MB)
	2547008  -  ResidentSetSize of job (KB)
...
006 (66467.000.000) 08/29 02:57:05 Image size of job updated: 3560300
	2567  -  MemoryUsage of job (MB)
	2627936  -  ResidentSetSize of job (KB)
...
006 (66467.000.000) 08/29 03:02:06 Image size of job updated: 3744688
	2747  -  MemoryUsage of job (MB)
	2812324  -  ResidentSetSize of job (KB)
...
006 (66467.000.000) 08/29 03:27:09 Image size of job updated: 3791404
	2793  -  MemoryUsage of job (MB)
	2859044  -  ResidentSetSize of job (KB)
...
006 (66467.000.000) 08/29 03:32:09 Image size of job updated: 4164032
	3156  -  MemoryUsage of job (MB)
	3231672  -  ResidentSetSize of job (KB)
...
006 (66467.000.000) 08/29 04:12:14 Image size of job updated: 4353488
	3341  -  MemoryUsage of job (MB)
	3420940  -  ResidentSetSize of job (KB)
...
006 (66467.000.000) 08/29 04:22:14 Image size of job updated: 4460216
	3445  -  MemoryUsage of job (MB)
	3527668  -  ResidentSetSize of job (KB)
...
006 (66467.000.000) 08/29 05:22:21 Image size of job updated: 4698992
	3568  -  MemoryUsage of job (MB)
	3653124  -  ResidentSetSize of job (KB)
...
006 (66467.000.000) 08/29 05:42:23 Image size of job updated: 4845272
	3676  -  MemoryUsage of job (MB)
	3763648  -  ResidentSetSize of job (KB)
...
006 (66467.000.000) 08/29 06:07:25 Image size of job updated: 4953088
	3676  -  MemoryUsage of job (MB)
	3763648  -  ResidentSetSize of job (KB)
...
006 (66467.000.000) 08/29 06:52:29 Image size of job updated: 5247684
	3859  -  MemoryUsage of job (MB)
	3951256  -  ResidentSetSize of job (KB)
...
006 (66467.000.000) 08/29 07:27:34 Image size of job updated: 5436320
	3859  -  MemoryUsage of job (MB)
	3951256  -  ResidentSetSize of job (KB)
...
006 (66467.000.000) 08/29 08:42:43 Image size of job updated: 5886292
	3874  -  MemoryUsage of job (MB)
	3966168  -  ResidentSetSize of job (KB)
...
006 (66467.000.000) 08/29 20:41:28 Image size of job updated: 5961136
	3874  -  MemoryUsage of job (MB)
	3966168  -  ResidentSetSize of job (KB)
...
006 (66467.000.000) 08/29 20:58:59 Image size of job updated: 6224164
	3925  -  MemoryUsage of job (MB)
	4019132  -  ResidentSetSize of job (KB)
...
006 (66467.000.000) 08/29 21:11:07 Image size of job updated: 6275648
	3967  -  MemoryUsage of job (MB)
	4061424  -  ResidentSetSize of job (KB)
...
006 (66467.000.000) 08/29 21:19:02 Image size of job updated: 6415820
	4079  -  MemoryUsage of job (MB)
	4176284  -  ResidentSetSize of job (KB)
...
006 (66467.000.000) 08/29 21:24:13 Image size of job updated: 6674524
	4215  -  MemoryUsage of job (MB)
	4315800  -  ResidentSetSize of job (KB)
...
006 (66467.000.000) 08/29 21:38:34 Image size of job updated: 8368180
	4215  -  MemoryUsage of job (MB)
	4315800  -  ResidentSetSize of job (KB)
...
005 (66467.000.000) 08/29 21:54:11 Job terminated.
	(1) Normal termination (return value 137)
		Usr 0 15:15:08, Sys 0 00:36:58  -  Run Remote Usage
		Usr 0 00:00:00, Sys 0 00:00:00  -  Run Local Usage
		Usr 0 15:15:08, Sys 0 00:36:58  -  Total Remote Usage
		Usr 0 00:00:00, Sys 0 00:00:00  -  Total Local Usage
	3929633  -  Run Bytes Sent By Job
	237  -  Run Bytes Received By Job
	3929633  -  Total Bytes Sent By Job
	237  -  Total Bytes Received By Job
	Partitionable Resources :    Usage  Request Allocated
	   Cpus                 :                 1         1
	   Disk (KB)            :     3857        1  10479086
	   Memory (MB)          :     4215     1024      1024
...
