000 (60075.000.000) 07/31 10:18:19 Job submitted from host: <172.20.203.50:9618?addrs=172.20.203.50-9618+[--1]-9618&noUDP&sock=7405_cae4_4>
...
001 (60075.000.000) 07/31 10:18:40 Job executing on host: <10.194.1.4:9618?addrs=10.194.1.4-9618+[--1]-9618&noUDP&sock=22685_9a03_3>
...
006 (60075.000.000) 07/31 10:18:49 Image size of job updated: 48136
	48  -  MemoryUsage of job (MB)
	48136  -  ResidentSetSize of job (KB)
...
006 (60075.000.000) 07/31 10:23:50 Image size of job updated: 484308
	469  -  MemoryUsage of job (MB)
	479392  -  ResidentSetSize of job (KB)
...
006 (60075.000.000) 07/31 10:28:50 Image size of job updated: 937164
	550  -  MemoryUsage of job (MB)
	563048  -  ResidentSetSize of job (KB)
...
006 (60075.000.000) 07/31 10:29:19 Image size of job updated: 937164
	566  -  MemoryUsage of job (MB)
	578900  -  ResidentSetSize of job (KB)
...
004 (60075.000.000) 07/31 10:29:19 Job was evicted.
	(0) Job was not checkpointed.
		Usr 0 00:03:40, Sys 0 00:00:12  -  Run Remote Usage
		Usr 0 00:00:00, Sys 0 00:00:00  -  Run Local Usage
	0  -  Run Bytes Sent By Job
	238  -  Run Bytes Received By Job
	Partitionable Resources :    Usage  Request Allocated
	   Cpus                 :                 1         1
	   Disk (KB)            :       15        1    232397
	   Memory (MB)          :      566     1024      1024
...
009 (60075.000.000) 07/31 10:29:19 Job was aborted by the user.
	via condor_rm (by user jnugent)
...
000 (60175.000.000) 07/31 10:29:59 Job submitted from host: <172.20.203.50:9618?addrs=172.20.203.50-9618+[--1]-9618&noUDP&sock=7405_cae4_4>
...
001 (60175.000.000) 07/31 10:30:19 Job executing on host: <10.194.1.6:9618?addrs=10.194.1.6-9618+[--1]-9618&noUDP&sock=1628_4045_3>
...
006 (60175.000.000) 07/31 10:30:28 Image size of job updated: 359256
	351  -  MemoryUsage of job (MB)
	359256  -  ResidentSetSize of job (KB)
...
006 (60175.000.000) 07/31 10:35:29 Image size of job updated: 462576
	452  -  MemoryUsage of job (MB)
	462576  -  ResidentSetSize of job (KB)
...
006 (60175.000.000) 07/31 10:40:29 Image size of job updated: 655392
	641  -  MemoryUsage of job (MB)
	655392  -  ResidentSetSize of job (KB)
...
006 (60175.000.000) 07/31 10:55:31 Image size of job updated: 1281644
	1252  -  MemoryUsage of job (MB)
	1281644  -  ResidentSetSize of job (KB)
...
006 (60175.000.000) 07/31 11:00:31 Image size of job updated: 1294616
	1265  -  MemoryUsage of job (MB)
	1294616  -  ResidentSetSize of job (KB)
...
006 (60175.000.000) 07/31 11:45:35 Image size of job updated: 1350692
	1271  -  MemoryUsage of job (MB)
	1300684  -  ResidentSetSize of job (KB)
...
006 (60175.000.000) 07/31 11:50:36 Image size of job updated: 1414532
	1333  -  MemoryUsage of job (MB)
	1364544  -  ResidentSetSize of job (KB)
...
006 (60175.000.000) 07/31 11:55:37 Image size of job updated: 1519552
	1435  -  MemoryUsage of job (MB)
	1469236  -  ResidentSetSize of job (KB)
...
006 (60175.000.000) 07/31 12:05:37 Image size of job updated: 1775848
	1686  -  MemoryUsage of job (MB)
	1725564  -  ResidentSetSize of job (KB)
...
006 (60175.000.000) 07/31 12:10:38 Image size of job updated: 1837276
	1746  -  MemoryUsage of job (MB)
	1787028  -  ResidentSetSize of job (KB)
...
006 (60175.000.000) 07/31 12:25:39 Image size of job updated: 1910340
	1811  -  MemoryUsage of job (MB)
	1853824  -  ResidentSetSize of job (KB)
...
006 (60175.000.000) 07/31 12:30:40 Image size of job updated: 2116648
	2012  -  MemoryUsage of job (MB)
	2059892  -  ResidentSetSize of job (KB)
...
006 (60175.000.000) 07/31 12:45:42 Image size of job updated: 2207912
	2094  -  MemoryUsage of job (MB)
	2144072  -  ResidentSetSize of job (KB)
...
006 (60175.000.000) 07/31 13:00:44 Image size of job updated: 2337488
	2235  -  MemoryUsage of job (MB)
	2288580  -  ResidentSetSize of job (KB)
...
006 (60175.000.000) 07/31 13:10:17 Image size of job updated: 2722352
	2568  -  MemoryUsage of job (MB)
	2628704  -  ResidentSetSize of job (KB)
...
004 (60175.000.000) 07/31 13:10:17 Job was evicted.
	(0) Job was not checkpointed.
		Usr 0 02:30:23, Sys 0 00:06:54  -  Run Remote Usage
		Usr 0 00:00:00, Sys 0 00:00:00  -  Run Local Usage
	0  -  Run Bytes Sent By Job
	238  -  Run Bytes Received By Job
	Partitionable Resources :    Usage  Request Allocated
	   Cpus                 :                 2         2
	   Disk (KB)            :       15        1    246565
	   Memory (MB)          :     2568     4096      4096
...
009 (60175.000.000) 07/31 13:10:17 Job was aborted by the user.
	via condor_rm (by user jnugent)
...
000 (60283.000.000) 07/31 13:11:09 Job submitted from host: <172.20.203.50:9618?addrs=172.20.203.50-9618+[--1]-9618&noUDP&sock=7405_cae4_4>
...
009 (60283.000.000) 07/31 20:07:18 Job was aborted by the user.
	via condor_rm (by user jnugent)
...
000 (62078.000.000) 07/31 20:08:36 Job submitted from host: <172.20.203.50:9618?addrs=172.20.203.50-9618+[--1]-9618&noUDP&sock=7405_cae4_4>
...
001 (62078.000.000) 07/31 20:25:46 Job executing on host: <10.194.1.6:9618?addrs=10.194.1.6-9618+[--1]-9618&noUDP&sock=1628_4045_3>
...
006 (62078.000.000) 07/31 20:25:54 Image size of job updated: 109984
	108  -  MemoryUsage of job (MB)
	109984  -  ResidentSetSize of job (KB)
...
006 (62078.000.000) 07/31 20:30:54 Image size of job updated: 451404
	441  -  MemoryUsage of job (MB)
	451404  -  ResidentSetSize of job (KB)
...
006 (62078.000.000) 07/31 20:35:55 Image size of job updated: 527464
	458  -  MemoryUsage of job (MB)
	468916  -  ResidentSetSize of job (KB)
...
006 (62078.000.000) 07/31 20:55:57 Image size of job updated: 748032
	569  -  MemoryUsage of job (MB)
	582344  -  ResidentSetSize of job (KB)
...
006 (62078.000.000) 07/31 21:00:57 Image size of job updated: 748032
	581  -  MemoryUsage of job (MB)
	594764  -  ResidentSetSize of job (KB)
...
006 (62078.000.000) 07/31 21:20:59 Image size of job updated: 767348
	588  -  MemoryUsage of job (MB)
	601568  -  ResidentSetSize of job (KB)
...
006 (62078.000.000) 07/31 21:31:01 Image size of job updated: 1010424
	715  -  MemoryUsage of job (MB)
	731872  -  ResidentSetSize of job (KB)
...
006 (62078.000.000) 07/31 22:11:05 Image size of job updated: 1659444
	1296  -  MemoryUsage of job (MB)
	1326980  -  ResidentSetSize of job (KB)
...
006 (62078.000.000) 07/31 22:16:05 Image size of job updated: 1659688
	1296  -  MemoryUsage of job (MB)
	1326980  -  ResidentSetSize of job (KB)
...
006 (62078.000.000) 07/31 22:41:08 Image size of job updated: 1793556
	1296  -  MemoryUsage of job (MB)
	1326980  -  ResidentSetSize of job (KB)
...
006 (62078.000.000) 07/31 23:16:11 Image size of job updated: 1813752
	1296  -  MemoryUsage of job (MB)
	1326980  -  ResidentSetSize of job (KB)
...
006 (62078.000.000) 07/31 23:26:12 Image size of job updated: 1926244
	1296  -  MemoryUsage of job (MB)
	1326980  -  ResidentSetSize of job (KB)
...
006 (62078.000.000) 07/31 23:46:14 Image size of job updated: 1997916
	1296  -  MemoryUsage of job (MB)
	1326980  -  ResidentSetSize of job (KB)
...
006 (62078.000.000) 08/01 00:11:16 Image size of job updated: 2096616
	1296  -  MemoryUsage of job (MB)
	1326980  -  ResidentSetSize of job (KB)
...
006 (62078.000.000) 08/01 00:31:18 Image size of job updated: 2201892
	1296  -  MemoryUsage of job (MB)
	1326980  -  ResidentSetSize of job (KB)
...
006 (62078.000.000) 08/01 00:56:20 Image size of job updated: 2470324
	1296  -  MemoryUsage of job (MB)
	1326980  -  ResidentSetSize of job (KB)
...
006 (62078.000.000) 08/01 01:16:22 Image size of job updated: 2501380
	1296  -  MemoryUsage of job (MB)
	1326980  -  ResidentSetSize of job (KB)
...
006 (62078.000.000) 08/01 01:46:25 Image size of job updated: 2501380
	1338  -  MemoryUsage of job (MB)
	1369556  -  ResidentSetSize of job (KB)
...
006 (62078.000.000) 08/01 01:51:25 Image size of job updated: 2501380
	1502  -  MemoryUsage of job (MB)
	1537316  -  ResidentSetSize of job (KB)
...
006 (62078.000.000) 08/01 01:56:26 Image size of job updated: 2501380
	1669  -  MemoryUsage of job (MB)
	1708516  -  ResidentSetSize of job (KB)
...
006 (62078.000.000) 08/01 02:01:27 Image size of job updated: 2501380
	1871  -  MemoryUsage of job (MB)
	1915540  -  ResidentSetSize of job (KB)
...
006 (62078.000.000) 08/01 02:06:27 Image size of job updated: 2607700
	2165  -  MemoryUsage of job (MB)
	2216812  -  ResidentSetSize of job (KB)
...
006 (62078.000.000) 08/01 03:01:33 Image size of job updated: 2902736
	2165  -  MemoryUsage of job (MB)
	2216812  -  ResidentSetSize of job (KB)
...
006 (62078.000.000) 08/01 03:31:37 Image size of job updated: 2910908
	2165  -  MemoryUsage of job (MB)
	2216812  -  ResidentSetSize of job (KB)
...
006 (62078.000.000) 08/01 03:51:38 Image size of job updated: 2926236
	2165  -  MemoryUsage of job (MB)
	2216812  -  ResidentSetSize of job (KB)
...
006 (62078.000.000) 08/01 03:56:38 Image size of job updated: 3011204
	2165  -  MemoryUsage of job (MB)
	2216812  -  ResidentSetSize of job (KB)
...
006 (62078.000.000) 08/01 04:16:41 Image size of job updated: 3179624
	2165  -  MemoryUsage of job (MB)
	2216812  -  ResidentSetSize of job (KB)
...
006 (62078.000.000) 08/01 04:31:43 Image size of job updated: 3267136
	2165  -  MemoryUsage of job (MB)
	2216812  -  ResidentSetSize of job (KB)
...
006 (62078.000.000) 08/01 04:46:44 Image size of job updated: 3339528
	2165  -  MemoryUsage of job (MB)
	2216812  -  ResidentSetSize of job (KB)
...
006 (62078.000.000) 08/01 05:01:46 Image size of job updated: 3342104
	2165  -  MemoryUsage of job (MB)
	2216812  -  ResidentSetSize of job (KB)
...
006 (62078.000.000) 08/01 05:06:47 Image size of job updated: 3469172
	2165  -  MemoryUsage of job (MB)
	2216812  -  ResidentSetSize of job (KB)
...
006 (62078.000.000) 08/01 05:36:50 Image size of job updated: 3607112
	2165  -  MemoryUsage of job (MB)
	2216812  -  ResidentSetSize of job (KB)
...
006 (62078.000.000) 08/01 05:41:51 Image size of job updated: 3709952
	2165  -  MemoryUsage of job (MB)
	2216812  -  ResidentSetSize of job (KB)
...
006 (62078.000.000) 08/01 05:46:52 Image size of job updated: 3759432
	2165  -  MemoryUsage of job (MB)
	2216812  -  ResidentSetSize of job (KB)
...
006 (62078.000.000) 08/01 05:51:53 Image size of job updated: 3864800
	2165  -  MemoryUsage of job (MB)
	2216812  -  ResidentSetSize of job (KB)
...
006 (62078.000.000) 08/01 05:56:53 Image size of job updated: 4006196
	2165  -  MemoryUsage of job (MB)
	2216812  -  ResidentSetSize of job (KB)
...
006 (62078.000.000) 08/01 06:01:53 Image size of job updated: 4094516
	2165  -  MemoryUsage of job (MB)
	2216812  -  ResidentSetSize of job (KB)
...
006 (62078.000.000) 08/01 06:06:54 Image size of job updated: 4157604
	2165  -  MemoryUsage of job (MB)
	2216812  -  ResidentSetSize of job (KB)
...
006 (62078.000.000) 08/01 06:11:55 Image size of job updated: 4214728
	2165  -  MemoryUsage of job (MB)
	2216812  -  ResidentSetSize of job (KB)
...
006 (62078.000.000) 08/01 06:16:55 Image size of job updated: 4373076
	2165  -  MemoryUsage of job (MB)
	2216812  -  ResidentSetSize of job (KB)
...
006 (62078.000.000) 08/01 06:21:55 Image size of job updated: 4488580
	2165  -  MemoryUsage of job (MB)
	2216812  -  ResidentSetSize of job (KB)
...
006 (62078.000.000) 08/01 06:26:56 Image size of job updated: 4547472
	2165  -  MemoryUsage of job (MB)
	2216812  -  ResidentSetSize of job (KB)
...
006 (62078.000.000) 08/01 06:31:57 Image size of job updated: 4663192
	2165  -  MemoryUsage of job (MB)
	2216812  -  ResidentSetSize of job (KB)
...
006 (62078.000.000) 08/01 06:36:57 Image size of job updated: 4788416
	2165  -  MemoryUsage of job (MB)
	2216812  -  ResidentSetSize of job (KB)
...
006 (62078.000.000) 08/01 06:41:57 Image size of job updated: 4830244
	2165  -  MemoryUsage of job (MB)
	2216812  -  ResidentSetSize of job (KB)
...
006 (62078.000.000) 08/01 06:49:06 Image size of job updated: 4860256
	2165  -  MemoryUsage of job (MB)
	2216812  -  ResidentSetSize of job (KB)
...
006 (62078.000.000) 08/01 06:55:30 Image size of job updated: 4898932
	2165  -  MemoryUsage of job (MB)
	2216812  -  ResidentSetSize of job (KB)
...
006 (62078.000.000) 08/01 07:00:37 Image size of job updated: 4920272
	2165  -  MemoryUsage of job (MB)
	2216812  -  ResidentSetSize of job (KB)
...
006 (62078.000.000) 08/01 07:05:37 Image size of job updated: 4926948
	2165  -  MemoryUsage of job (MB)
	2216812  -  ResidentSetSize of job (KB)
...
006 (62078.000.000) 08/01 07:10:37 Image size of job updated: 4965656
	2165  -  MemoryUsage of job (MB)
	2216812  -  ResidentSetSize of job (KB)
...
006 (62078.000.000) 08/01 07:15:37 Image size of job updated: 5006660
	2166  -  MemoryUsage of job (MB)
	2217960  -  ResidentSetSize of job (KB)
...
006 (62078.000.000) 08/01 07:20:38 Image size of job updated: 5009152
	2224  -  MemoryUsage of job (MB)
	2276476  -  ResidentSetSize of job (KB)
...
006 (62078.000.000) 08/01 07:25:39 Image size of job updated: 5009152
	2245  -  MemoryUsage of job (MB)
	2298164  -  ResidentSetSize of job (KB)
...
006 (62078.000.000) 08/01 07:30:39 Image size of job updated: 5009152
	2255  -  MemoryUsage of job (MB)
	2309056  -  ResidentSetSize of job (KB)
...
006 (62078.000.000) 08/01 07:50:36 Image size of job updated: 5009152
	2314  -  MemoryUsage of job (MB)
	2369076  -  ResidentSetSize of job (KB)
...
006 (62078.000.000) 08/01 08:05:25 Image size of job updated: 5009152
	2314  -  MemoryUsage of job (MB)
	2369100  -  ResidentSetSize of job (KB)
...
004 (62078.000.000) 08/01 10:14:40 Job was evicted.
	(0) Job was not checkpointed.
		Usr 0 06:59:40, Sys 0 00:16:30  -  Run Remote Usage
		Usr 0 00:00:00, Sys 0 00:00:00  -  Run Local Usage
	0  -  Run Bytes Sent By Job
	238  -  Run Bytes Received By Job
	Partitionable Resources :    Usage  Request Allocated
	   Cpus                 :                 1         1
	   Disk (KB)            :       17        1    246565
	   Memory (MB)          :     2314     1024      1024
...
009 (62078.000.000) 08/01 10:14:40 Job was aborted by the user.
	via condor_rm (by user jnugent)
...
000 (63700.000.000) 08/02 10:44:26 Job submitted from host: <172.20.203.50:9618?addrs=172.20.203.50-9618+[--1]-9618&noUDP&sock=7405_cae4_4>
...
001 (63700.000.000) 08/02 10:44:46 Job executing on host: <10.194.1.8:9618?addrs=10.194.1.8-9618+[--1]-9618&noUDP&sock=37221_16ac_3>
...
006 (63700.000.000) 08/02 10:44:55 Image size of job updated: 47816
	47  -  MemoryUsage of job (MB)
	47428  -  ResidentSetSize of job (KB)
...
006 (63700.000.000) 08/02 10:49:56 Image size of job updated: 430856
	421  -  MemoryUsage of job (MB)
	430468  -  ResidentSetSize of job (KB)
...
006 (63700.000.000) 08/02 11:04:57 Image size of job updated: 451116
	441  -  MemoryUsage of job (MB)
	450728  -  ResidentSetSize of job (KB)
...
006 (63700.000.000) 08/02 11:09:58 Image size of job updated: 719200
	702  -  MemoryUsage of job (MB)
	718812  -  ResidentSetSize of job (KB)
...
006 (63700.000.000) 08/02 11:14:58 Image size of job updated: 731644
	715  -  MemoryUsage of job (MB)
	731256  -  ResidentSetSize of job (KB)
...
006 (63700.000.000) 08/02 11:19:58 Image size of job updated: 769312
	751  -  MemoryUsage of job (MB)
	768924  -  ResidentSetSize of job (KB)
...
006 (63700.000.000) 08/02 11:24:58 Image size of job updated: 819316
	800  -  MemoryUsage of job (MB)
	818928  -  ResidentSetSize of job (KB)
...
006 (63700.000.000) 08/02 11:35:00 Image size of job updated: 868328
	848  -  MemoryUsage of job (MB)
	867940  -  ResidentSetSize of job (KB)
...
006 (63700.000.000) 08/02 11:45:00 Image size of job updated: 996416
	973  -  MemoryUsage of job (MB)
	996028  -  ResidentSetSize of job (KB)
...
006 (63700.000.000) 08/02 11:55:02 Image size of job updated: 1084032
	1059  -  MemoryUsage of job (MB)
	1083644  -  ResidentSetSize of job (KB)
...
006 (63700.000.000) 08/02 12:15:04 Image size of job updated: 1416220
	1370  -  MemoryUsage of job (MB)
	1401948  -  ResidentSetSize of job (KB)
...
006 (63700.000.000) 08/02 12:25:04 Image size of job updated: 1642908
	1586  -  MemoryUsage of job (MB)
	1623936  -  ResidentSetSize of job (KB)
...
006 (63700.000.000) 08/02 12:40:05 Image size of job updated: 1721756
	1624  -  MemoryUsage of job (MB)
	1662400  -  ResidentSetSize of job (KB)
...
006 (63700.000.000) 08/02 12:55:07 Image size of job updated: 1901160
	1767  -  MemoryUsage of job (MB)
	1808944  -  ResidentSetSize of job (KB)
...
006 (63700.000.000) 08/02 13:25:10 Image size of job updated: 2075260
	1767  -  MemoryUsage of job (MB)
	1808944  -  ResidentSetSize of job (KB)
...
006 (63700.000.000) 08/02 13:40:12 Image size of job updated: 2180420
	1812  -  MemoryUsage of job (MB)
	1854968  -  ResidentSetSize of job (KB)
...
006 (63700.000.000) 08/02 13:55:14 Image size of job updated: 2396632
	2023  -  MemoryUsage of job (MB)
	2071332  -  ResidentSetSize of job (KB)
...
006 (63700.000.000) 08/02 14:25:16 Image size of job updated: 2448204
	2074  -  MemoryUsage of job (MB)
	2122920  -  ResidentSetSize of job (KB)
...
006 (63700.000.000) 08/02 14:35:17 Image size of job updated: 2448204
	2083  -  MemoryUsage of job (MB)
	2132576  -  ResidentSetSize of job (KB)
...
006 (63700.000.000) 08/02 14:40:19 Image size of job updated: 2450984
	2343  -  MemoryUsage of job (MB)
	2398680  -  ResidentSetSize of job (KB)
...
006 (63700.000.000) 08/02 14:45:18 Image size of job updated: 2456744
	2343  -  MemoryUsage of job (MB)
	2398680  -  ResidentSetSize of job (KB)
...
006 (63700.000.000) 08/02 14:50:18 Image size of job updated: 2644064
	2343  -  MemoryUsage of job (MB)
	2398680  -  ResidentSetSize of job (KB)
...
006 (63700.000.000) 08/02 15:50:26 Image size of job updated: 2652392
	2343  -  MemoryUsage of job (MB)
	2398680  -  ResidentSetSize of job (KB)
...
006 (63700.000.000) 08/02 16:05:27 Image size of job updated: 2717396
	2343  -  MemoryUsage of job (MB)
	2398680  -  ResidentSetSize of job (KB)
...
006 (63700.000.000) 08/02 16:35:31 Image size of job updated: 2976372
	2343  -  MemoryUsage of job (MB)
	2398680  -  ResidentSetSize of job (KB)
...
006 (63700.000.000) 08/02 16:40:31 Image size of job updated: 3005312
	2343  -  MemoryUsage of job (MB)
	2398680  -  ResidentSetSize of job (KB)
...
006 (63700.000.000) 08/02 16:45:32 Image size of job updated: 3052900
	2343  -  MemoryUsage of job (MB)
	2398680  -  ResidentSetSize of job (KB)
...
006 (63700.000.000) 08/02 16:55:33 Image size of job updated: 3116564
	2343  -  MemoryUsage of job (MB)
	2398680  -  ResidentSetSize of job (KB)
...
006 (63700.000.000) 08/02 17:50:39 Image size of job updated: 3311804
	2343  -  MemoryUsage of job (MB)
	2398680  -  ResidentSetSize of job (KB)
...
006 (63700.000.000) 08/02 18:05:41 Image size of job updated: 3341968
	2343  -  MemoryUsage of job (MB)
	2398680  -  ResidentSetSize of job (KB)
...
006 (63700.000.000) 08/02 18:20:42 Image size of job updated: 3422936
	2343  -  MemoryUsage of job (MB)
	2398680  -  ResidentSetSize of job (KB)
...
006 (63700.000.000) 08/02 18:40:44 Image size of job updated: 3517220
	2343  -  MemoryUsage of job (MB)
	2398680  -  ResidentSetSize of job (KB)
...
006 (63700.000.000) 08/02 18:50:45 Image size of job updated: 3636556
	2343  -  MemoryUsage of job (MB)
	2398680  -  ResidentSetSize of job (KB)
...
006 (63700.000.000) 08/02 19:04:34 Image size of job updated: 3765412
	2343  -  MemoryUsage of job (MB)
	2398680  -  ResidentSetSize of job (KB)
...
006 (63700.000.000) 08/02 19:21:22 Image size of job updated: 3938532
	2343  -  MemoryUsage of job (MB)
	2398680  -  ResidentSetSize of job (KB)
...
006 (63700.000.000) 08/02 19:50:03 Image size of job updated: 4372604
	2595  -  MemoryUsage of job (MB)
	2656368  -  ResidentSetSize of job (KB)
...
006 (63700.000.000) 08/02 20:30:09 Image size of job updated: 4618000
	2754  -  MemoryUsage of job (MB)
	2819224  -  ResidentSetSize of job (KB)
...
006 (63700.000.000) 08/02 21:20:11 Image size of job updated: 4773144
	2754  -  MemoryUsage of job (MB)
	2819752  -  ResidentSetSize of job (KB)
...
006 (63700.000.000) 08/02 22:12:52 Image size of job updated: 4937112
	2840  -  MemoryUsage of job (MB)
	2907940  -  ResidentSetSize of job (KB)
...
006 (63700.000.000) 08/02 22:57:31 Image size of job updated: 4991380
	2972  -  MemoryUsage of job (MB)
	3042744  -  ResidentSetSize of job (KB)
...
006 (63700.000.000) 08/02 23:29:19 Image size of job updated: 4991380
	3015  -  MemoryUsage of job (MB)
	3086652  -  ResidentSetSize of job (KB)
...
006 (63700.000.000) 08/03 00:07:01 Image size of job updated: 4991380
	3095  -  MemoryUsage of job (MB)
	3169052  -  ResidentSetSize of job (KB)
...
022 (63700.000.000) 08/03 00:40:27 Job disconnected, attempting to reconnect
    Socket between submit and execute hosts closed unexpectedly
    Trying to reconnect to slot1_8@node008.ppe.gla.ac.uk <10.194.1.8:9618?addrs=10.194.1.8-9618+[--1]-9618&noUDP&sock=37221_16ac_3>
...
024 (63700.000.000) 08/03 01:20:27 Job reconnection failed
    Job disconnected too long: JobLeaseDuration (2400 seconds) expired
    Can not reconnect to slot1_8@node008.ppe.gla.ac.uk, rescheduling job
...
001 (63700.000.000) 08/03 09:58:45 Job executing on host: <10.194.1.4:9618?addrs=10.194.1.4-9618+[--1]-9618&noUDP&sock=21589_d637_3>
...
004 (63700.000.000) 08/03 10:40:40 Job was evicted.
	(0) Job was not checkpointed.
		Usr 0 00:29:08, Sys 0 00:00:51  -  Run Remote Usage
		Usr 0 00:00:00, Sys 0 00:00:00  -  Run Local Usage
	0  -  Run Bytes Sent By Job
	238  -  Run Bytes Received By Job
	Partitionable Resources :    Usage  Request Allocated
	   Cpus                 :                 1         1
	   Disk (KB)            :       16       15   4187667
	   Memory (MB)          :     3174     1024      1024
...
009 (63700.000.000) 08/03 10:40:40 Job was aborted by the user.
	via condor_rm (by user jnugent)
...
000 (66104.000.000) 08/10 13:31:29 Job submitted from host: <172.20.203.50:9618?addrs=172.20.203.50-9618+[--1]-9618&noUDP&sock=7405_cae4_4>
...
001 (66104.000.000) 08/10 13:31:40 Job executing on host: <10.194.1.4:9618?addrs=10.194.1.4-9618+[--1]-9618&noUDP&sock=21589_d637_3>
...
006 (66104.000.000) 08/10 13:31:49 Image size of job updated: 48124
	47  -  MemoryUsage of job (MB)
	48124  -  ResidentSetSize of job (KB)
...
006 (66104.000.000) 08/10 13:36:50 Image size of job updated: 848940
	828  -  MemoryUsage of job (MB)
	847240  -  ResidentSetSize of job (KB)
...
006 (66104.000.000) 08/10 14:01:53 Image size of job updated: 866540
	828  -  MemoryUsage of job (MB)
	847240  -  ResidentSetSize of job (KB)
...
006 (66104.000.000) 08/10 14:16:54 Image size of job updated: 923720
	828  -  MemoryUsage of job (MB)
	847240  -  ResidentSetSize of job (KB)
...
006 (66104.000.000) 08/10 14:21:55 Image size of job updated: 1156624
	828  -  MemoryUsage of job (MB)
	847240  -  ResidentSetSize of job (KB)
...
006 (66104.000.000) 08/10 14:51:58 Image size of job updated: 1156624
	983  -  MemoryUsage of job (MB)
	1005980  -  ResidentSetSize of job (KB)
...
006 (66104.000.000) 08/10 15:17:01 Image size of job updated: 1166772
	983  -  MemoryUsage of job (MB)
	1005980  -  ResidentSetSize of job (KB)
...
006 (66104.000.000) 08/10 15:22:01 Image size of job updated: 1249952
	983  -  MemoryUsage of job (MB)
	1005980  -  ResidentSetSize of job (KB)
...
006 (66104.000.000) 08/10 18:12:19 Image size of job updated: 1273104
	983  -  MemoryUsage of job (MB)
	1005980  -  ResidentSetSize of job (KB)
...
006 (66104.000.000) 08/10 18:17:20 Image size of job updated: 1331336
	983  -  MemoryUsage of job (MB)
	1005980  -  ResidentSetSize of job (KB)
...
006 (66104.000.000) 08/10 18:47:23 Image size of job updated: 1430088
	983  -  MemoryUsage of job (MB)
	1005980  -  ResidentSetSize of job (KB)
...
006 (66104.000.000) 08/10 19:17:26 Image size of job updated: 1517552
	983  -  MemoryUsage of job (MB)
	1005980  -  ResidentSetSize of job (KB)
...
006 (66104.000.000) 08/10 19:32:28 Image size of job updated: 1600188
	983  -  MemoryUsage of job (MB)
	1005980  -  ResidentSetSize of job (KB)
...
006 (66104.000.000) 08/10 21:07:38 Image size of job updated: 1794288
	983  -  MemoryUsage of job (MB)
	1005980  -  ResidentSetSize of job (KB)
...
006 (66104.000.000) 08/10 21:37:42 Image size of job updated: 1936888
	983  -  MemoryUsage of job (MB)
	1005980  -  ResidentSetSize of job (KB)
...
006 (66104.000.000) 08/10 21:42:43 Image size of job updated: 2049360
	983  -  MemoryUsage of job (MB)
	1005980  -  ResidentSetSize of job (KB)
...
006 (66104.000.000) 08/10 21:52:44 Image size of job updated: 2099132
	983  -  MemoryUsage of job (MB)
	1005980  -  ResidentSetSize of job (KB)
...
006 (66104.000.000) 08/10 22:22:48 Image size of job updated: 2165980
	983  -  MemoryUsage of job (MB)
	1005980  -  ResidentSetSize of job (KB)
...
006 (66104.000.000) 08/10 22:42:50 Image size of job updated: 2170076
	983  -  MemoryUsage of job (MB)
	1005980  -  ResidentSetSize of job (KB)
...
006 (66104.000.000) 08/10 22:53:56 Image size of job updated: 2262696
	983  -  MemoryUsage of job (MB)
	1005980  -  ResidentSetSize of job (KB)
...
006 (66104.000.000) 08/10 23:02:51 Image size of job updated: 2265136
	983  -  MemoryUsage of job (MB)
	1005980  -  ResidentSetSize of job (KB)
...
006 (66104.000.000) 08/10 23:07:52 Image size of job updated: 2282564
	983  -  MemoryUsage of job (MB)
	1005980  -  ResidentSetSize of job (KB)
...
006 (66104.000.000) 08/10 23:22:53 Image size of job updated: 2432900
	983  -  MemoryUsage of job (MB)
	1005980  -  ResidentSetSize of job (KB)
...
006 (66104.000.000) 08/10 23:37:49 Image size of job updated: 2469644
	983  -  MemoryUsage of job (MB)
	1005980  -  ResidentSetSize of job (KB)
...
006 (66104.000.000) 08/11 00:17:48 Image size of job updated: 2697904
	983  -  MemoryUsage of job (MB)
	1005980  -  ResidentSetSize of job (KB)
...
006 (66104.000.000) 08/11 01:12:06 Image size of job updated: 3028548
	983  -  MemoryUsage of job (MB)
	1005980  -  ResidentSetSize of job (KB)
...
006 (66104.000.000) 08/11 02:02:49 Image size of job updated: 3028548
	1186  -  MemoryUsage of job (MB)
	1214424  -  ResidentSetSize of job (KB)
...
006 (66104.000.000) 08/11 14:24:00 Image size of job updated: 3152472
	1186  -  MemoryUsage of job (MB)
	1214424  -  ResidentSetSize of job (KB)
...
006 (66104.000.000) 08/11 14:29:01 Image size of job updated: 3169856
	1186  -  MemoryUsage of job (MB)
	1214424  -  ResidentSetSize of job (KB)
...
006 (66104.000.000) 08/11 15:04:04 Image size of job updated: 3258244
	1186  -  MemoryUsage of job (MB)
	1214424  -  ResidentSetSize of job (KB)
...
006 (66104.000.000) 08/11 15:09:04 Image size of job updated: 3677632
	1451  -  MemoryUsage of job (MB)
	1485584  -  ResidentSetSize of job (KB)
...
006 (66104.000.000) 08/11 15:44:07 Image size of job updated: 3750060
	1508  -  MemoryUsage of job (MB)
	1544020  -  ResidentSetSize of job (KB)
...
006 (66104.000.000) 08/11 15:49:08 Image size of job updated: 3778224
	1546  -  MemoryUsage of job (MB)
	1582796  -  ResidentSetSize of job (KB)
...
006 (66104.000.000) 08/11 15:54:09 Image size of job updated: 3798024
	1583  -  MemoryUsage of job (MB)
	1620132  -  ResidentSetSize of job (KB)
...
006 (66104.000.000) 08/11 15:59:28 Image size of job updated: 3803148
	1592  -  MemoryUsage of job (MB)
	1630200  -  ResidentSetSize of job (KB)
...
006 (66104.000.000) 08/11 16:04:09 Image size of job updated: 3840568
	1652  -  MemoryUsage of job (MB)
	1690664  -  ResidentSetSize of job (KB)
...
006 (66104.000.000) 08/11 16:09:10 Image size of job updated: 3878624
	1710  -  MemoryUsage of job (MB)
	1750784  -  ResidentSetSize of job (KB)
...
006 (66104.000.000) 08/11 16:14:10 Image size of job updated: 3895532
	1739  -  MemoryUsage of job (MB)
	1779888  -  ResidentSetSize of job (KB)
...
006 (66104.000.000) 08/11 16:19:10 Image size of job updated: 3913104
	1770  -  MemoryUsage of job (MB)
	1812292  -  ResidentSetSize of job (KB)
...
006 (66104.000.000) 08/11 16:24:20 Image size of job updated: 3935736
	1811  -  MemoryUsage of job (MB)
	1853516  -  ResidentSetSize of job (KB)
...
006 (66104.000.000) 08/11 16:29:14 Image size of job updated: 3948788
	1830  -  MemoryUsage of job (MB)
	1873216  -  ResidentSetSize of job (KB)
...
006 (66104.000.000) 08/11 16:34:18 Image size of job updated: 3971352
	1872  -  MemoryUsage of job (MB)
	1916140  -  ResidentSetSize of job (KB)
...
006 (66104.000.000) 08/11 16:39:15 Image size of job updated: 3996936
	1906  -  MemoryUsage of job (MB)
	1951012  -  ResidentSetSize of job (KB)
...
006 (66104.000.000) 08/11 16:44:15 Image size of job updated: 4025092
	1954  -  MemoryUsage of job (MB)
	2000180  -  ResidentSetSize of job (KB)
...
006 (66104.000.000) 08/11 16:49:15 Image size of job updated: 4040072
	1954  -  MemoryUsage of job (MB)
	2000180  -  ResidentSetSize of job (KB)
...
006 (66104.000.000) 08/11 16:56:10 Image size of job updated: 4066788
	1984  -  MemoryUsage of job (MB)
	2031304  -  ResidentSetSize of job (KB)
...
006 (66104.000.000) 08/11 17:01:53 Image size of job updated: 4105184
	2036  -  MemoryUsage of job (MB)
	2084560  -  ResidentSetSize of job (KB)
...
006 (66104.000.000) 08/11 17:06:53 Image size of job updated: 4141388
	2081  -  MemoryUsage of job (MB)
	2130080  -  ResidentSetSize of job (KB)
...
006 (66104.000.000) 08/11 17:11:54 Image size of job updated: 4181372
	2152  -  MemoryUsage of job (MB)
	2202648  -  ResidentSetSize of job (KB)
...
006 (66104.000.000) 08/11 17:16:56 Image size of job updated: 4231904
	2174  -  MemoryUsage of job (MB)
	2225884  -  ResidentSetSize of job (KB)
...
006 (66104.000.000) 08/11 17:21:55 Image size of job updated: 4259128
	2195  -  MemoryUsage of job (MB)
	2246772  -  ResidentSetSize of job (KB)
...
006 (66104.000.000) 08/11 17:27:43 Image size of job updated: 4268928
	2195  -  MemoryUsage of job (MB)
	2246772  -  ResidentSetSize of job (KB)
...
006 (66104.000.000) 08/11 17:31:56 Image size of job updated: 4306624
	2195  -  MemoryUsage of job (MB)
	2246772  -  ResidentSetSize of job (KB)
...
006 (66104.000.000) 08/11 17:36:58 Image size of job updated: 4348788
	2195  -  MemoryUsage of job (MB)
	2246772  -  ResidentSetSize of job (KB)
...
006 (66104.000.000) 08/11 17:41:59 Image size of job updated: 4390832
	2195  -  MemoryUsage of job (MB)
	2246772  -  ResidentSetSize of job (KB)
...
006 (66104.000.000) 08/11 17:46:58 Image size of job updated: 4418208
	2195  -  MemoryUsage of job (MB)
	2246772  -  ResidentSetSize of job (KB)
...
006 (66104.000.000) 08/11 17:51:59 Image size of job updated: 4440048
	2195  -  MemoryUsage of job (MB)
	2246772  -  ResidentSetSize of job (KB)
...
006 (66104.000.000) 08/11 17:57:00 Image size of job updated: 4461924
	2195  -  MemoryUsage of job (MB)
	2246772  -  ResidentSetSize of job (KB)
...
006 (66104.000.000) 08/11 18:02:00 Image size of job updated: 4479992
	2195  -  MemoryUsage of job (MB)
	2246772  -  ResidentSetSize of job (KB)
...
006 (66104.000.000) 08/11 18:07:01 Image size of job updated: 4495400
	2195  -  MemoryUsage of job (MB)
	2246772  -  ResidentSetSize of job (KB)
...
006 (66104.000.000) 08/11 18:12:02 Image size of job updated: 4510132
	2195  -  MemoryUsage of job (MB)
	2246772  -  ResidentSetSize of job (KB)
...
006 (66104.000.000) 08/11 18:17:03 Image size of job updated: 4519652
	2201  -  MemoryUsage of job (MB)
	2253316  -  ResidentSetSize of job (KB)
...
006 (66104.000.000) 08/11 18:22:03 Image size of job updated: 4531976
	2218  -  MemoryUsage of job (MB)
	2270936  -  ResidentSetSize of job (KB)
...
006 (66104.000.000) 08/11 18:27:03 Image size of job updated: 4539516
	2218  -  MemoryUsage of job (MB)
	2270936  -  ResidentSetSize of job (KB)
...
006 (66104.000.000) 08/11 18:32:04 Image size of job updated: 4548008
	2224  -  MemoryUsage of job (MB)
	2277096  -  ResidentSetSize of job (KB)
...
006 (66104.000.000) 08/11 18:37:05 Image size of job updated: 4558684
	2240  -  MemoryUsage of job (MB)
	2293680  -  ResidentSetSize of job (KB)
...
006 (66104.000.000) 08/11 18:42:05 Image size of job updated: 4569272
	2256  -  MemoryUsage of job (MB)
	2309856  -  ResidentSetSize of job (KB)
...
006 (66104.000.000) 08/11 18:47:06 Image size of job updated: 4582344
	2273  -  MemoryUsage of job (MB)
	2327500  -  ResidentSetSize of job (KB)
...
006 (66104.000.000) 08/11 18:52:17 Image size of job updated: 4590804
	2285  -  MemoryUsage of job (MB)
	2339588  -  ResidentSetSize of job (KB)
...
006 (66104.000.000) 08/11 18:57:10 Image size of job updated: 4594356
	2289  -  MemoryUsage of job (MB)
	2343236  -  ResidentSetSize of job (KB)
...
006 (66104.000.000) 08/11 19:02:11 Image size of job updated: 4602052
	2289  -  MemoryUsage of job (MB)
	2343236  -  ResidentSetSize of job (KB)
...
006 (66104.000.000) 08/11 19:07:12 Image size of job updated: 4608604
	2289  -  MemoryUsage of job (MB)
	2343236  -  ResidentSetSize of job (KB)
...
006 (66104.000.000) 08/11 19:12:11 Image size of job updated: 4616888
	2289  -  MemoryUsage of job (MB)
	2343236  -  ResidentSetSize of job (KB)
...
006 (66104.000.000) 08/11 19:17:11 Image size of job updated: 4625480
	2289  -  MemoryUsage of job (MB)
	2343236  -  ResidentSetSize of job (KB)
...
006 (66104.000.000) 08/11 19:22:52 Image size of job updated: 4634680
	2289  -  MemoryUsage of job (MB)
	2343236  -  ResidentSetSize of job (KB)
...
006 (66104.000.000) 08/11 19:27:13 Image size of job updated: 4643016
	2289  -  MemoryUsage of job (MB)
	2343236  -  ResidentSetSize of job (KB)
...
006 (66104.000.000) 08/11 19:32:13 Image size of job updated: 4652520
	2289  -  MemoryUsage of job (MB)
	2343236  -  ResidentSetSize of job (KB)
...
006 (66104.000.000) 08/11 19:37:14 Image size of job updated: 4669796
	2289  -  MemoryUsage of job (MB)
	2343236  -  ResidentSetSize of job (KB)
...
006 (66104.000.000) 08/11 19:42:14 Image size of job updated: 4690996
	2289  -  MemoryUsage of job (MB)
	2343236  -  ResidentSetSize of job (KB)
...
006 (66104.000.000) 08/11 19:47:14 Image size of job updated: 4710872
	2289  -  MemoryUsage of job (MB)
	2343236  -  ResidentSetSize of job (KB)
...
006 (66104.000.000) 08/11 19:52:36 Image size of job updated: 4722576
	2289  -  MemoryUsage of job (MB)
	2343416  -  ResidentSetSize of job (KB)
...
006 (66104.000.000) 08/11 19:57:16 Image size of job updated: 4747984
	2315  -  MemoryUsage of job (MB)
	2369844  -  ResidentSetSize of job (KB)
...
006 (66104.000.000) 08/11 20:02:16 Image size of job updated: 4758032
	2325  -  MemoryUsage of job (MB)
	2379844  -  ResidentSetSize of job (KB)
...
006 (66104.000.000) 08/11 20:07:17 Image size of job updated: 4768488
	2336  -  MemoryUsage of job (MB)
	2391620  -  ResidentSetSize of job (KB)
...
006 (66104.000.000) 08/11 20:12:18 Image size of job updated: 4785436
	2353  -  MemoryUsage of job (MB)
	2409160  -  ResidentSetSize of job (KB)
...
006 (66104.000.000) 08/11 20:17:18 Image size of job updated: 4799560
	2370  -  MemoryUsage of job (MB)
	2426268  -  ResidentSetSize of job (KB)
...
006 (66104.000.000) 08/11 20:22:19 Image size of job updated: 4816652
	2377  -  MemoryUsage of job (MB)
	2433388  -  ResidentSetSize of job (KB)
...
006 (66104.000.000) 08/11 20:27:20 Image size of job updated: 4835276
	2387  -  MemoryUsage of job (MB)
	2443380  -  ResidentSetSize of job (KB)
...
006 (66104.000.000) 08/11 20:38:13 Image size of job updated: 4861872
	2387  -  MemoryUsage of job (MB)
	2443380  -  ResidentSetSize of job (KB)
...
006 (66104.000.000) 08/11 20:55:58 Image size of job updated: 4926048
	2387  -  MemoryUsage of job (MB)
	2443380  -  ResidentSetSize of job (KB)
...
006 (66104.000.000) 08/11 21:10:12 Image size of job updated: 4954340
	2387  -  MemoryUsage of job (MB)
	2443380  -  ResidentSetSize of job (KB)
...
006 (66104.000.000) 08/11 21:18:45 Image size of job updated: 4981316
	2387  -  MemoryUsage of job (MB)
	2443380  -  ResidentSetSize of job (KB)
...
006 (66104.000.000) 08/11 21:23:54 Image size of job updated: 4991832
	2387  -  MemoryUsage of job (MB)
	2443380  -  ResidentSetSize of job (KB)
...
006 (66104.000.000) 08/11 21:28:54 Image size of job updated: 5008348
	2387  -  MemoryUsage of job (MB)
	2443380  -  ResidentSetSize of job (KB)
...
006 (66104.000.000) 08/11 21:33:54 Image size of job updated: 5022244
	2387  -  MemoryUsage of job (MB)
	2443380  -  ResidentSetSize of job (KB)
...
006 (66104.000.000) 08/11 21:38:55 Image size of job updated: 5032168
	2387  -  MemoryUsage of job (MB)
	2443380  -  ResidentSetSize of job (KB)
...
006 (66104.000.000) 08/12 00:54:19 Image size of job updated: 5032172
	2387  -  MemoryUsage of job (MB)
	2443380  -  ResidentSetSize of job (KB)
...
006 (66104.000.000) 08/12 01:33:13 Image size of job updated: 5032184
	2387  -  MemoryUsage of job (MB)
	2443380  -  ResidentSetSize of job (KB)
...
006 (66104.000.000) 08/12 02:05:16 Image size of job updated: 5032412
	2387  -  MemoryUsage of job (MB)
	2443380  -  ResidentSetSize of job (KB)
...
006 (66104.000.000) 08/12 09:11:14 Image size of job updated: 5032516
	2387  -  MemoryUsage of job (MB)
	2443380  -  ResidentSetSize of job (KB)
...
006 (66104.000.000) 08/12 09:48:09 Image size of job updated: 5032520
	2387  -  MemoryUsage of job (MB)
	2443380  -  ResidentSetSize of job (KB)
...
005 (66104.000.000) 08/18 01:15:17 Job terminated.
	(1) Normal termination (return value 0)
		Usr 0 09:54:24, Sys 0 01:21:06  -  Run Remote Usage
		Usr 0 00:00:00, Sys 0 00:00:00  -  Run Local Usage
		Usr 0 09:54:24, Sys 0 01:21:06  -  Total Remote Usage
		Usr 0 00:00:00, Sys 0 00:00:00  -  Total Local Usage
	4282376  -  Run Bytes Sent By Job
	238  -  Run Bytes Received By Job
	4282376  -  Total Bytes Sent By Job
	238  -  Total Bytes Received By Job
	Partitionable Resources :    Usage  Request Allocated
	   Cpus                 :                 1         1
	   Disk (KB)            :     4192        1   4187667
	   Memory (MB)          :     2387     1024      1024
...
000 (440.000.000) 08/27 11:47:40 Job submitted from host: <194.36.1.211:9618?addrs=194.36.1.211-9618+[--1]-9618&noUDP&sock=1189_2232_3>
...
009 (440.000.000) 08/27 11:48:15 Job was aborted by the user.
	via condor_rm (by user jnugent)
...
000 (66261.000.000) 08/27 11:48:33 Job submitted from host: <172.20.203.50:9618?addrs=172.20.203.50-9618+[--1]-9618&noUDP&sock=7405_cae4_4>
...
001 (66261.000.000) 08/27 11:48:55 Job executing on host: <10.194.1.81:9618?addrs=10.194.1.81-9618+[--1]-9618&noUDP&sock=1755_5ccc_3>
...
006 (66261.000.000) 08/27 11:49:03 Image size of job updated: 52788
	52  -  MemoryUsage of job (MB)
	52788  -  ResidentSetSize of job (KB)
...
006 (66261.000.000) 08/27 11:54:03 Image size of job updated: 947444
	824  -  MemoryUsage of job (MB)
	843672  -  ResidentSetSize of job (KB)
...
006 (66261.000.000) 08/27 12:14:05 Image size of job updated: 958576
	824  -  MemoryUsage of job (MB)
	843672  -  ResidentSetSize of job (KB)
...
006 (66261.000.000) 08/27 12:54:10 Image size of job updated: 1114444
	824  -  MemoryUsage of job (MB)
	843672  -  ResidentSetSize of job (KB)
...
006 (66261.000.000) 08/27 13:09:12 Image size of job updated: 1142676
	824  -  MemoryUsage of job (MB)
	843672  -  ResidentSetSize of job (KB)
...
006 (66261.000.000) 08/27 13:34:14 Image size of job updated: 1186328
	824  -  MemoryUsage of job (MB)
	843672  -  ResidentSetSize of job (KB)
...
006 (66261.000.000) 08/27 17:14:39 Image size of job updated: 1343300
	824  -  MemoryUsage of job (MB)
	843672  -  ResidentSetSize of job (KB)
...
006 (66261.000.000) 08/27 17:24:39 Image size of job updated: 1360920
	824  -  MemoryUsage of job (MB)
	843672  -  ResidentSetSize of job (KB)
...
006 (66261.000.000) 08/27 18:14:44 Image size of job updated: 1457596
	824  -  MemoryUsage of job (MB)
	843672  -  ResidentSetSize of job (KB)
...
006 (66261.000.000) 08/27 18:44:47 Image size of job updated: 1494732
	824  -  MemoryUsage of job (MB)
	843672  -  ResidentSetSize of job (KB)
...
006 (66261.000.000) 08/27 20:35:00 Image size of job updated: 1542092
	824  -  MemoryUsage of job (MB)
	843672  -  ResidentSetSize of job (KB)
...
006 (66261.000.000) 08/27 21:11:01 Image size of job updated: 1545792
	824  -  MemoryUsage of job (MB)
	843672  -  ResidentSetSize of job (KB)
...
006 (66261.000.000) 08/27 21:40:17 Image size of job updated: 1567740
	824  -  MemoryUsage of job (MB)
	843672  -  ResidentSetSize of job (KB)
...
006 (66261.000.000) 08/27 22:20:21 Image size of job updated: 1590188
	824  -  MemoryUsage of job (MB)
	843672  -  ResidentSetSize of job (KB)
...
005 (66261.000.000) 08/27 22:36:00 Job terminated.
	(1) Normal termination (return value 135)
		Usr 0 01:04:27, Sys 0 00:07:15  -  Run Remote Usage
		Usr 0 00:00:00, Sys 0 00:00:00  -  Run Local Usage
		Usr 0 01:04:27, Sys 0 00:07:15  -  Total Remote Usage
		Usr 0 00:00:00, Sys 0 00:00:00  -  Total Local Usage
	5234  -  Run Bytes Sent By Job
	238  -  Run Bytes Received By Job
	5234  -  Total Bytes Sent By Job
	238  -  Total Bytes Received By Job
	Partitionable Resources :    Usage  Request Allocated
	   Cpus                 :                 1         1
	   Disk (KB)            :       15        1   2614828
	   Memory (MB)          :      824     1024      1024
...
000 (561.000.000) 08/28 17:54:00 Job submitted from host: <194.36.1.211:9618?addrs=194.36.1.211-9618+[--1]-9618&noUDP&sock=1189_2232_3>
...
009 (561.000.000) 08/28 17:54:57 Job was aborted by the user.
	via condor_rm (by user jnugent)
...
000 (66384.000.000) 08/28 17:55:40 Job submitted from host: <172.20.203.50:9618?addrs=172.20.203.50-9618+[--1]-9618&noUDP&sock=7405_cae4_4>
...
022 (66384.000.000) 08/28 17:55:53 Job disconnected, attempting to reconnect
    Socket between submit and execute hosts closed unexpectedly
    Trying to reconnect to slot1_16@node006.ppe.gla.ac.uk <10.194.1.6:9618?addrs=10.194.1.6-9618+[--1]-9618&noUDP&sock=26470_cbfa_3>
...
024 (66384.000.000) 08/28 17:56:01 Job reconnection failed
    Job not found at execution machine
    Can not reconnect to slot1_16@node006.ppe.gla.ac.uk, rescheduling job
...
009 (66384.000.000) 08/28 17:56:52 Job was aborted by the user.
	via condor_rm (by user jnugent)
...
000 (66484.000.000) 08/28 17:59:35 Job submitted from host: <172.20.203.50:9618?addrs=172.20.203.50-9618+[--1]-9618&noUDP&sock=7405_cae4_4>
...
001 (66484.000.000) 08/28 17:59:55 Job executing on host: <10.194.1.4:9618?addrs=10.194.1.4-9618+[--1]-9618&noUDP&sock=21589_d637_3>
...
006 (66484.000.000) 08/28 18:00:04 Image size of job updated: 360636
	353  -  MemoryUsage of job (MB)
	360636  -  ResidentSetSize of job (KB)
...
006 (66484.000.000) 08/28 18:05:05 Image size of job updated: 469336
	459  -  MemoryUsage of job (MB)
	469336  -  ResidentSetSize of job (KB)
...
006 (66484.000.000) 08/28 18:10:05 Image size of job updated: 475224
	465  -  MemoryUsage of job (MB)
	475224  -  ResidentSetSize of job (KB)
...
006 (66484.000.000) 08/28 18:15:05 Image size of job updated: 475812
	465  -  MemoryUsage of job (MB)
	475812  -  ResidentSetSize of job (KB)
...
006 (66484.000.000) 08/28 18:20:06 Image size of job updated: 508952
	498  -  MemoryUsage of job (MB)
	508952  -  ResidentSetSize of job (KB)
...
006 (66484.000.000) 08/28 18:25:06 Image size of job updated: 542404
	530  -  MemoryUsage of job (MB)
	542404  -  ResidentSetSize of job (KB)
...
006 (66484.000.000) 08/28 18:30:06 Image size of job updated: 717876
	702  -  MemoryUsage of job (MB)
	717876  -  ResidentSetSize of job (KB)
...
006 (66484.000.000) 08/28 18:45:08 Image size of job updated: 745972
	729  -  MemoryUsage of job (MB)
	745972  -  ResidentSetSize of job (KB)
...
006 (66484.000.000) 08/28 18:55:10 Image size of job updated: 832248
	806  -  MemoryUsage of job (MB)
	824676  -  ResidentSetSize of job (KB)
...
006 (66484.000.000) 08/28 19:00:10 Image size of job updated: 921244
	874  -  MemoryUsage of job (MB)
	894428  -  ResidentSetSize of job (KB)
...
006 (66484.000.000) 08/28 19:05:10 Image size of job updated: 953980
	906  -  MemoryUsage of job (MB)
	927256  -  ResidentSetSize of job (KB)
...
006 (66484.000.000) 08/28 19:10:11 Image size of job updated: 1066960
	1016  -  MemoryUsage of job (MB)
	1040320  -  ResidentSetSize of job (KB)
...
006 (66484.000.000) 08/28 19:20:11 Image size of job updated: 1170520
	1016  -  MemoryUsage of job (MB)
	1040320  -  ResidentSetSize of job (KB)
...
006 (66484.000.000) 08/28 19:35:13 Image size of job updated: 1283656
	1016  -  MemoryUsage of job (MB)
	1040320  -  ResidentSetSize of job (KB)
...
006 (66484.000.000) 08/28 19:45:15 Image size of job updated: 1322640
	1016  -  MemoryUsage of job (MB)
	1040320  -  ResidentSetSize of job (KB)
...
006 (66484.000.000) 08/28 19:55:15 Image size of job updated: 1331608
	1016  -  MemoryUsage of job (MB)
	1040320  -  ResidentSetSize of job (KB)
...
006 (66484.000.000) 08/28 20:10:17 Image size of job updated: 1331608
	1067  -  MemoryUsage of job (MB)
	1092504  -  ResidentSetSize of job (KB)
...
006 (66484.000.000) 08/28 20:15:17 Image size of job updated: 1418472
	1067  -  MemoryUsage of job (MB)
	1092504  -  ResidentSetSize of job (KB)
...
006 (66484.000.000) 08/28 20:20:17 Image size of job updated: 1418472
	1189  -  MemoryUsage of job (MB)
	1217344  -  ResidentSetSize of job (KB)
...
006 (66484.000.000) 08/28 20:25:18 Image size of job updated: 1435812
	1189  -  MemoryUsage of job (MB)
	1217344  -  ResidentSetSize of job (KB)
...
006 (66484.000.000) 08/28 21:05:22 Image size of job updated: 1687836
	1189  -  MemoryUsage of job (MB)
	1217344  -  ResidentSetSize of job (KB)
...
006 (66484.000.000) 08/28 21:15:23 Image size of job updated: 1735396
	1189  -  MemoryUsage of job (MB)
	1217344  -  ResidentSetSize of job (KB)
...
006 (66484.000.000) 08/28 21:30:25 Image size of job updated: 1752624
	1189  -  MemoryUsage of job (MB)
	1217344  -  ResidentSetSize of job (KB)
...
006 (66484.000.000) 08/28 21:45:26 Image size of job updated: 1869104
	1189  -  MemoryUsage of job (MB)
	1217344  -  ResidentSetSize of job (KB)
...
006 (66484.000.000) 08/28 21:55:27 Image size of job updated: 1997244
	1189  -  MemoryUsage of job (MB)
	1217344  -  ResidentSetSize of job (KB)
...
006 (66484.000.000) 08/28 22:15:29 Image size of job updated: 2300420
	1189  -  MemoryUsage of job (MB)
	1217344  -  ResidentSetSize of job (KB)
...
006 (66484.000.000) 08/28 22:20:29 Image size of job updated: 2348760
	1189  -  MemoryUsage of job (MB)
	1217344  -  ResidentSetSize of job (KB)
...
006 (66484.000.000) 08/28 22:25:30 Image size of job updated: 2355112
	1189  -  MemoryUsage of job (MB)
	1217344  -  ResidentSetSize of job (KB)
...
006 (66484.000.000) 08/28 22:30:31 Image size of job updated: 2405512
	1189  -  MemoryUsage of job (MB)
	1217344  -  ResidentSetSize of job (KB)
...
006 (66484.000.000) 08/28 22:35:32 Image size of job updated: 2494056
	1226  -  MemoryUsage of job (MB)
	1254744  -  ResidentSetSize of job (KB)
...
006 (66484.000.000) 08/28 22:40:32 Image size of job updated: 2508080
	1226  -  MemoryUsage of job (MB)
	1254744  -  ResidentSetSize of job (KB)
...
006 (66484.000.000) 08/28 22:45:32 Image size of job updated: 2584996
	1226  -  MemoryUsage of job (MB)
	1254744  -  ResidentSetSize of job (KB)
...
006 (66484.000.000) 08/28 22:50:33 Image size of job updated: 2699080
	1226  -  MemoryUsage of job (MB)
	1254744  -  ResidentSetSize of job (KB)
...
006 (66484.000.000) 08/28 22:55:34 Image size of job updated: 2737156
	1226  -  MemoryUsage of job (MB)
	1254744  -  ResidentSetSize of job (KB)
...
006 (66484.000.000) 08/28 23:40:37 Image size of job updated: 2737156
	1329  -  MemoryUsage of job (MB)
	1360288  -  ResidentSetSize of job (KB)
...
006 (66484.000.000) 08/28 23:45:38 Image size of job updated: 2737156
	1418  -  MemoryUsage of job (MB)
	1451892  -  ResidentSetSize of job (KB)
...
006 (66484.000.000) 08/28 23:50:39 Image size of job updated: 2737156
	1479  -  MemoryUsage of job (MB)
	1513864  -  ResidentSetSize of job (KB)
...
006 (66484.000.000) 08/28 23:55:40 Image size of job updated: 2737156
	1641  -  MemoryUsage of job (MB)
	1680180  -  ResidentSetSize of job (KB)
...
006 (66484.000.000) 08/29 00:00:40 Image size of job updated: 2737156
	1780  -  MemoryUsage of job (MB)
	1822136  -  ResidentSetSize of job (KB)
...
006 (66484.000.000) 08/29 02:10:56 Image size of job updated: 3088876
	1780  -  MemoryUsage of job (MB)
	1822136  -  ResidentSetSize of job (KB)
...
006 (66484.000.000) 08/29 02:40:58 Image size of job updated: 3520420
	1780  -  MemoryUsage of job (MB)
	1822136  -  ResidentSetSize of job (KB)
...
006 (66484.000.000) 08/29 03:31:03 Image size of job updated: 3670360
	1780  -  MemoryUsage of job (MB)
	1822136  -  ResidentSetSize of job (KB)
...
006 (66484.000.000) 08/29 03:41:05 Image size of job updated: 3700836
	1780  -  MemoryUsage of job (MB)
	1822136  -  ResidentSetSize of job (KB)
...
006 (66484.000.000) 08/29 03:46:05 Image size of job updated: 3799084
	1860  -  MemoryUsage of job (MB)
	1904536  -  ResidentSetSize of job (KB)
...
006 (66484.000.000) 08/29 04:16:09 Image size of job updated: 4119140
	2096  -  MemoryUsage of job (MB)
	2145816  -  ResidentSetSize of job (KB)
...
006 (66484.000.000) 08/29 04:44:50 Image size of job updated: 4292928
	2096  -  MemoryUsage of job (MB)
	2145816  -  ResidentSetSize of job (KB)
...
005 (66484.000.000) 08/29 04:45:12 Job terminated.
	(1) Normal termination (return value 137)
		Usr 0 07:28:50, Sys 0 00:16:49  -  Run Remote Usage
		Usr 0 00:00:00, Sys 0 00:00:00  -  Run Local Usage
		Usr 0 07:28:50, Sys 0 00:16:49  -  Total Remote Usage
		Usr 0 00:00:00, Sys 0 00:00:00  -  Total Local Usage
	144632  -  Run Bytes Sent By Job
	238  -  Run Bytes Received By Job
	144632  -  Total Bytes Sent By Job
	238  -  Total Bytes Received By Job
	Partitionable Resources :    Usage  Request Allocated
	   Cpus                 :                 1         1
	   Disk (KB)            :      152        1   4187667
	   Memory (MB)          :     2096     1024      1024
...
