000 (60078.000.000) 07/31 10:18:19 Job submitted from host: <172.20.203.50:9618?addrs=172.20.203.50-9618+[--1]-9618&noUDP&sock=7405_cae4_4>
...
001 (60078.000.000) 07/31 10:18:40 Job executing on host: <10.194.1.4:9618?addrs=10.194.1.4-9618+[--1]-9618&noUDP&sock=22685_9a03_3>
...
006 (60078.000.000) 07/31 10:18:49 Image size of job updated: 48120
	47  -  MemoryUsage of job (MB)
	48120  -  ResidentSetSize of job (KB)
...
006 (60078.000.000) 07/31 10:23:50 Image size of job updated: 462076
	414  -  MemoryUsage of job (MB)
	423544  -  ResidentSetSize of job (KB)
...
006 (60078.000.000) 07/31 10:29:19 Image size of job updated: 632628
	556  -  MemoryUsage of job (MB)
	569192  -  ResidentSetSize of job (KB)
...
004 (60078.000.000) 07/31 10:29:19 Job was evicted.
	(0) Job was not checkpointed.
		Usr 0 00:03:01, Sys 0 00:00:10  -  Run Remote Usage
		Usr 0 00:00:00, Sys 0 00:00:00  -  Run Local Usage
	0  -  Run Bytes Sent By Job
	237  -  Run Bytes Received By Job
	Partitionable Resources :    Usage  Request Allocated
	   Cpus                 :                 1         1
	   Disk (KB)            :       15        1    232397
	   Memory (MB)          :      556     1024      1024
...
009 (60078.000.000) 07/31 10:29:19 Job was aborted by the user.
	via condor_rm (by user jnugent)
...
000 (60178.000.000) 07/31 10:29:59 Job submitted from host: <172.20.203.50:9618?addrs=172.20.203.50-9618+[--1]-9618&noUDP&sock=7405_cae4_4>
...
001 (60178.000.000) 07/31 10:30:20 Job executing on host: <10.194.1.6:9618?addrs=10.194.1.6-9618+[--1]-9618&noUDP&sock=1628_4045_3>
...
006 (60178.000.000) 07/31 10:30:28 Image size of job updated: 332616
	325  -  MemoryUsage of job (MB)
	332616  -  ResidentSetSize of job (KB)
...
006 (60178.000.000) 07/31 10:35:28 Image size of job updated: 377504
	369  -  MemoryUsage of job (MB)
	377504  -  ResidentSetSize of job (KB)
...
006 (60178.000.000) 07/31 10:40:29 Image size of job updated: 667500
	652  -  MemoryUsage of job (MB)
	667500  -  ResidentSetSize of job (KB)
...
006 (60178.000.000) 07/31 10:55:30 Image size of job updated: 1310932
	1281  -  MemoryUsage of job (MB)
	1310932  -  ResidentSetSize of job (KB)
...
006 (60178.000.000) 07/31 11:00:31 Image size of job updated: 1411228
	1379  -  MemoryUsage of job (MB)
	1411228  -  ResidentSetSize of job (KB)
...
006 (60178.000.000) 07/31 11:50:36 Image size of job updated: 1437792
	1379  -  MemoryUsage of job (MB)
	1411228  -  ResidentSetSize of job (KB)
...
006 (60178.000.000) 07/31 11:55:37 Image size of job updated: 1572004
	1505  -  MemoryUsage of job (MB)
	1540912  -  ResidentSetSize of job (KB)
...
006 (60178.000.000) 07/31 12:05:38 Image size of job updated: 1850124
	1759  -  MemoryUsage of job (MB)
	1800720  -  ResidentSetSize of job (KB)
...
006 (60178.000.000) 07/31 12:10:39 Image size of job updated: 1912336
	1820  -  MemoryUsage of job (MB)
	1862944  -  ResidentSetSize of job (KB)
...
006 (60178.000.000) 07/31 12:25:40 Image size of job updated: 2027796
	1928  -  MemoryUsage of job (MB)
	1973548  -  ResidentSetSize of job (KB)
...
006 (60178.000.000) 07/31 12:40:42 Image size of job updated: 2131332
	2027  -  MemoryUsage of job (MB)
	2075208  -  ResidentSetSize of job (KB)
...
006 (60178.000.000) 07/31 12:45:43 Image size of job updated: 2183788
	2027  -  MemoryUsage of job (MB)
	2075208  -  ResidentSetSize of job (KB)
...
006 (60178.000.000) 07/31 12:55:44 Image size of job updated: 2223300
	2027  -  MemoryUsage of job (MB)
	2075208  -  ResidentSetSize of job (KB)
...
006 (60178.000.000) 07/31 13:00:44 Image size of job updated: 2611952
	2502  -  MemoryUsage of job (MB)
	2561824  -  ResidentSetSize of job (KB)
...
004 (60178.000.000) 07/31 13:10:18 Job was evicted.
	(0) Job was not checkpointed.
		Usr 0 02:30:02, Sys 0 00:06:38  -  Run Remote Usage
		Usr 0 00:00:00, Sys 0 00:00:00  -  Run Local Usage
	0  -  Run Bytes Sent By Job
	237  -  Run Bytes Received By Job
	Partitionable Resources :    Usage  Request Allocated
	   Cpus                 :                 2         2
	   Disk (KB)            :       15        1    246565
	   Memory (MB)          :     2502     4096      4096
...
009 (60178.000.000) 07/31 13:10:18 Job was aborted by the user.
	via condor_rm (by user jnugent)
...
000 (60286.000.000) 07/31 13:11:09 Job submitted from host: <172.20.203.50:9618?addrs=172.20.203.50-9618+[--1]-9618&noUDP&sock=7405_cae4_4>
...
009 (60286.000.000) 07/31 20:07:18 Job was aborted by the user.
	via condor_rm (by user jnugent)
...
000 (62081.000.000) 07/31 20:08:36 Job submitted from host: <172.20.203.50:9618?addrs=172.20.203.50-9618+[--1]-9618&noUDP&sock=7405_cae4_4>
...
001 (62081.000.000) 07/31 21:00:43 Job executing on host: <10.194.1.8:9618?addrs=10.194.1.8-9618+[--1]-9618&noUDP&sock=2118_59ad_3>
...
006 (62081.000.000) 07/31 21:00:52 Image size of job updated: 81776
	48  -  MemoryUsage of job (MB)
	48588  -  ResidentSetSize of job (KB)
...
006 (62081.000.000) 07/31 21:05:53 Image size of job updated: 381640
	340  -  MemoryUsage of job (MB)
	347608  -  ResidentSetSize of job (KB)
...
006 (62081.000.000) 07/31 21:10:53 Image size of job updated: 465484
	422  -  MemoryUsage of job (MB)
	431452  -  ResidentSetSize of job (KB)
...
006 (62081.000.000) 07/31 21:15:54 Image size of job updated: 624912
	578  -  MemoryUsage of job (MB)
	590880  -  ResidentSetSize of job (KB)
...
006 (62081.000.000) 07/31 21:20:54 Image size of job updated: 624912
	622  -  MemoryUsage of job (MB)
	636424  -  ResidentSetSize of job (KB)
...
006 (62081.000.000) 07/31 21:25:54 Image size of job updated: 633272
	622  -  MemoryUsage of job (MB)
	636424  -  ResidentSetSize of job (KB)
...
006 (62081.000.000) 07/31 21:30:54 Image size of job updated: 740360
	690  -  MemoryUsage of job (MB)
	706328  -  ResidentSetSize of job (KB)
...
006 (62081.000.000) 07/31 21:35:56 Image size of job updated: 771312
	718  -  MemoryUsage of job (MB)
	734952  -  ResidentSetSize of job (KB)
...
006 (62081.000.000) 07/31 21:40:56 Image size of job updated: 804528
	751  -  MemoryUsage of job (MB)
	768168  -  ResidentSetSize of job (KB)
...
006 (62081.000.000) 07/31 21:45:56 Image size of job updated: 837292
	777  -  MemoryUsage of job (MB)
	794872  -  ResidentSetSize of job (KB)
...
006 (62081.000.000) 07/31 21:50:57 Image size of job updated: 871160
	810  -  MemoryUsage of job (MB)
	828772  -  ResidentSetSize of job (KB)
...
006 (62081.000.000) 07/31 22:16:00 Image size of job updated: 1096108
	1021  -  MemoryUsage of job (MB)
	1045396  -  ResidentSetSize of job (KB)
...
006 (62081.000.000) 07/31 22:26:01 Image size of job updated: 1135300
	1058  -  MemoryUsage of job (MB)
	1083188  -  ResidentSetSize of job (KB)
...
006 (62081.000.000) 07/31 22:36:01 Image size of job updated: 1637608
	1549  -  MemoryUsage of job (MB)
	1585604  -  ResidentSetSize of job (KB)
...
006 (62081.000.000) 07/31 23:11:05 Image size of job updated: 1762572
	1668  -  MemoryUsage of job (MB)
	1707864  -  ResidentSetSize of job (KB)
...
006 (62081.000.000) 07/31 23:26:06 Image size of job updated: 2025024
	1925  -  MemoryUsage of job (MB)
	1970448  -  ResidentSetSize of job (KB)
...
006 (62081.000.000) 08/01 00:41:12 Image size of job updated: 2587012
	2460  -  MemoryUsage of job (MB)
	2518720  -  ResidentSetSize of job (KB)
...
006 (62081.000.000) 08/01 00:56:14 Image size of job updated: 2703888
	2600  -  MemoryUsage of job (MB)
	2661784  -  ResidentSetSize of job (KB)
...
006 (62081.000.000) 08/01 01:01:14 Image size of job updated: 2740388
	2628  -  MemoryUsage of job (MB)
	2690876  -  ResidentSetSize of job (KB)
...
006 (62081.000.000) 08/01 01:21:16 Image size of job updated: 2740416
	2628  -  MemoryUsage of job (MB)
	2690876  -  ResidentSetSize of job (KB)
...
006 (62081.000.000) 08/01 01:31:19 Image size of job updated: 2932804
	2800  -  MemoryUsage of job (MB)
	2866376  -  ResidentSetSize of job (KB)
...
006 (62081.000.000) 08/01 02:16:24 Image size of job updated: 3026300
	2889  -  MemoryUsage of job (MB)
	2957652  -  ResidentSetSize of job (KB)
...
006 (62081.000.000) 08/01 02:21:24 Image size of job updated: 3026300
	2909  -  MemoryUsage of job (MB)
	2978280  -  ResidentSetSize of job (KB)
...
006 (62081.000.000) 08/01 02:46:27 Image size of job updated: 3181772
	3013  -  MemoryUsage of job (MB)
	3084836  -  ResidentSetSize of job (KB)
...
006 (62081.000.000) 08/01 03:06:30 Image size of job updated: 3373216
	3171  -  MemoryUsage of job (MB)
	3246408  -  ResidentSetSize of job (KB)
...
006 (62081.000.000) 08/01 03:16:30 Image size of job updated: 3436716
	3233  -  MemoryUsage of job (MB)
	3309920  -  ResidentSetSize of job (KB)
...
006 (62081.000.000) 08/01 03:36:33 Image size of job updated: 3454620
	3237  -  MemoryUsage of job (MB)
	3314136  -  ResidentSetSize of job (KB)
...
006 (62081.000.000) 08/01 08:47:07 Image size of job updated: 3524900
	3237  -  MemoryUsage of job (MB)
	3314136  -  ResidentSetSize of job (KB)
...
004 (62081.000.000) 08/01 10:14:39 Job was evicted.
	(0) Job was not checkpointed.
		Usr 0 12:03:13, Sys 0 00:29:47  -  Run Remote Usage
		Usr 0 00:00:00, Sys 0 00:00:00  -  Run Local Usage
	0  -  Run Bytes Sent By Job
	237  -  Run Bytes Received By Job
	Partitionable Resources :    Usage  Request Allocated
	   Cpus                 :                 1         1
	   Disk (KB)            :     1971        1    246255
	   Memory (MB)          :     3237     1024      1024
...
009 (62081.000.000) 08/01 10:14:39 Job was aborted by the user.
	via condor_rm (by user jnugent)
...
000 (63703.000.000) 08/02 10:44:26 Job submitted from host: <172.20.203.50:9618?addrs=172.20.203.50-9618+[--1]-9618&noUDP&sock=7405_cae4_4>
...
001 (63703.000.000) 08/02 10:44:46 Job executing on host: <10.194.1.8:9618?addrs=10.194.1.8-9618+[--1]-9618&noUDP&sock=37221_16ac_3>
...
006 (63703.000.000) 08/02 10:44:56 Image size of job updated: 47096
	46  -  MemoryUsage of job (MB)
	47096  -  ResidentSetSize of job (KB)
...
006 (63703.000.000) 08/02 10:49:56 Image size of job updated: 283172
	277  -  MemoryUsage of job (MB)
	283172  -  ResidentSetSize of job (KB)
...
006 (63703.000.000) 08/02 10:54:56 Image size of job updated: 429580
	420  -  MemoryUsage of job (MB)
	429580  -  ResidentSetSize of job (KB)
...
006 (63703.000.000) 08/02 10:59:56 Image size of job updated: 584564
	571  -  MemoryUsage of job (MB)
	584564  -  ResidentSetSize of job (KB)
...
006 (63703.000.000) 08/02 11:09:58 Image size of job updated: 679084
	664  -  MemoryUsage of job (MB)
	679084  -  ResidentSetSize of job (KB)
...
006 (63703.000.000) 08/02 11:14:58 Image size of job updated: 752084
	735  -  MemoryUsage of job (MB)
	752084  -  ResidentSetSize of job (KB)
...
006 (63703.000.000) 08/02 11:24:59 Image size of job updated: 783064
	765  -  MemoryUsage of job (MB)
	783064  -  ResidentSetSize of job (KB)
...
006 (63703.000.000) 08/02 11:30:00 Image size of job updated: 817440
	799  -  MemoryUsage of job (MB)
	817440  -  ResidentSetSize of job (KB)
...
006 (63703.000.000) 08/02 11:50:03 Image size of job updated: 849436
	830  -  MemoryUsage of job (MB)
	849436  -  ResidentSetSize of job (KB)
...
006 (63703.000.000) 08/02 11:55:03 Image size of job updated: 891032
	871  -  MemoryUsage of job (MB)
	891032  -  ResidentSetSize of job (KB)
...
006 (63703.000.000) 08/02 12:00:03 Image size of job updated: 978864
	956  -  MemoryUsage of job (MB)
	978864  -  ResidentSetSize of job (KB)
...
006 (63703.000.000) 08/02 12:05:03 Image size of job updated: 981248
	959  -  MemoryUsage of job (MB)
	981248  -  ResidentSetSize of job (KB)
...
006 (63703.000.000) 08/02 12:20:05 Image size of job updated: 1376764
	1345  -  MemoryUsage of job (MB)
	1376764  -  ResidentSetSize of job (KB)
...
006 (63703.000.000) 08/02 12:50:08 Image size of job updated: 1825532
	1783  -  MemoryUsage of job (MB)
	1825532  -  ResidentSetSize of job (KB)
...
006 (63703.000.000) 08/02 13:15:10 Image size of job updated: 1968220
	1923  -  MemoryUsage of job (MB)
	1968220  -  ResidentSetSize of job (KB)
...
006 (63703.000.000) 08/02 13:20:11 Image size of job updated: 2049224
	2002  -  MemoryUsage of job (MB)
	2049224  -  ResidentSetSize of job (KB)
...
006 (63703.000.000) 08/02 13:25:11 Image size of job updated: 2049224
	2002  -  MemoryUsage of job (MB)
	2049232  -  ResidentSetSize of job (KB)
...
006 (63703.000.000) 08/02 13:35:12 Image size of job updated: 2072660
	2025  -  MemoryUsage of job (MB)
	2072656  -  ResidentSetSize of job (KB)
...
006 (63703.000.000) 08/02 14:10:16 Image size of job updated: 2445072
	2388  -  MemoryUsage of job (MB)
	2445068  -  ResidentSetSize of job (KB)
...
006 (63703.000.000) 08/02 15:00:20 Image size of job updated: 2447368
	2389  -  MemoryUsage of job (MB)
	2446116  -  ResidentSetSize of job (KB)
...
006 (63703.000.000) 08/02 15:10:21 Image size of job updated: 2604916
	2543  -  MemoryUsage of job (MB)
	2603672  -  ResidentSetSize of job (KB)
...
006 (63703.000.000) 08/02 15:20:22 Image size of job updated: 2682208
	2543  -  MemoryUsage of job (MB)
	2603672  -  ResidentSetSize of job (KB)
...
006 (63703.000.000) 08/02 15:45:24 Image size of job updated: 2897024
	2543  -  MemoryUsage of job (MB)
	2603672  -  ResidentSetSize of job (KB)
...
006 (63703.000.000) 08/02 17:00:33 Image size of job updated: 3057088
	2543  -  MemoryUsage of job (MB)
	2603672  -  ResidentSetSize of job (KB)
...
006 (63703.000.000) 08/02 17:15:34 Image size of job updated: 3299596
	2543  -  MemoryUsage of job (MB)
	2603672  -  ResidentSetSize of job (KB)
...
006 (63703.000.000) 08/02 17:35:37 Image size of job updated: 3387352
	2543  -  MemoryUsage of job (MB)
	2603672  -  ResidentSetSize of job (KB)
...
006 (63703.000.000) 08/02 17:50:38 Image size of job updated: 3436408
	2543  -  MemoryUsage of job (MB)
	2603672  -  ResidentSetSize of job (KB)
...
006 (63703.000.000) 08/02 18:00:38 Image size of job updated: 3470344
	2543  -  MemoryUsage of job (MB)
	2603672  -  ResidentSetSize of job (KB)
...
006 (63703.000.000) 08/02 18:10:40 Image size of job updated: 3576580
	2543  -  MemoryUsage of job (MB)
	2603672  -  ResidentSetSize of job (KB)
...
006 (63703.000.000) 08/02 18:20:41 Image size of job updated: 3628208
	2543  -  MemoryUsage of job (MB)
	2603672  -  ResidentSetSize of job (KB)
...
022 (63703.000.000) 08/03 00:40:27 Job disconnected, attempting to reconnect
    Socket between submit and execute hosts closed unexpectedly
    Trying to reconnect to slot1_9@node008.ppe.gla.ac.uk <10.194.1.8:9618?addrs=10.194.1.8-9618+[--1]-9618&noUDP&sock=37221_16ac_3>
...
024 (63703.000.000) 08/03 01:20:27 Job reconnection failed
    Job disconnected too long: JobLeaseDuration (2400 seconds) expired
    Can not reconnect to slot1_9@node008.ppe.gla.ac.uk, rescheduling job
...
001 (63703.000.000) 08/03 09:58:45 Job executing on host: <10.194.1.4:9618?addrs=10.194.1.4-9618+[--1]-9618&noUDP&sock=21589_d637_3>
...
004 (63703.000.000) 08/03 10:40:40 Job was evicted.
	(0) Job was not checkpointed.
		Usr 0 00:28:04, Sys 0 00:00:48  -  Run Remote Usage
		Usr 0 00:00:00, Sys 0 00:00:00  -  Run Local Usage
	0  -  Run Bytes Sent By Job
	237  -  Run Bytes Received By Job
	Partitionable Resources :    Usage  Request Allocated
	   Cpus                 :                 1         1
	   Disk (KB)            :       16       15   4187667
	   Memory (MB)          :     2686     1024      1024
...
009 (63703.000.000) 08/03 10:40:40 Job was aborted by the user.
	via condor_rm (by user jnugent)
...
000 (66107.000.000) 08/10 13:31:29 Job submitted from host: <172.20.203.50:9618?addrs=172.20.203.50-9618+[--1]-9618&noUDP&sock=7405_cae4_4>
...
001 (66107.000.000) 08/10 13:31:40 Job executing on host: <10.194.1.4:9618?addrs=10.194.1.4-9618+[--1]-9618&noUDP&sock=21589_d637_3>
...
006 (66107.000.000) 08/10 13:31:49 Image size of job updated: 48124
	47  -  MemoryUsage of job (MB)
	48124  -  ResidentSetSize of job (KB)
...
006 (66107.000.000) 08/10 13:36:50 Image size of job updated: 788404
	769  -  MemoryUsage of job (MB)
	786800  -  ResidentSetSize of job (KB)
...
006 (66107.000.000) 08/10 14:01:52 Image size of job updated: 1151364
	769  -  MemoryUsage of job (MB)
	786800  -  ResidentSetSize of job (KB)
...
006 (66107.000.000) 08/10 14:16:53 Image size of job updated: 1186712
	769  -  MemoryUsage of job (MB)
	786800  -  ResidentSetSize of job (KB)
...
006 (66107.000.000) 08/10 16:07:04 Image size of job updated: 1262460
	769  -  MemoryUsage of job (MB)
	786800  -  ResidentSetSize of job (KB)
...
006 (66107.000.000) 08/10 18:42:22 Image size of job updated: 1327984
	769  -  MemoryUsage of job (MB)
	786800  -  ResidentSetSize of job (KB)
...
006 (66107.000.000) 08/10 18:47:22 Image size of job updated: 1470476
	769  -  MemoryUsage of job (MB)
	786800  -  ResidentSetSize of job (KB)
...
006 (66107.000.000) 08/10 19:17:25 Image size of job updated: 1570324
	769  -  MemoryUsage of job (MB)
	786800  -  ResidentSetSize of job (KB)
...
006 (66107.000.000) 08/10 19:22:26 Image size of job updated: 1640880
	769  -  MemoryUsage of job (MB)
	786800  -  ResidentSetSize of job (KB)
...
006 (66107.000.000) 08/10 19:57:29 Image size of job updated: 1640880
	793  -  MemoryUsage of job (MB)
	811152  -  ResidentSetSize of job (KB)
...
006 (66107.000.000) 08/10 21:07:36 Image size of job updated: 1715336
	793  -  MemoryUsage of job (MB)
	811152  -  ResidentSetSize of job (KB)
...
006 (66107.000.000) 08/10 21:37:40 Image size of job updated: 1781412
	793  -  MemoryUsage of job (MB)
	811152  -  ResidentSetSize of job (KB)
...
006 (66107.000.000) 08/10 21:57:42 Image size of job updated: 2278836
	950  -  MemoryUsage of job (MB)
	972284  -  ResidentSetSize of job (KB)
...
006 (66107.000.000) 08/10 22:42:47 Image size of job updated: 2523452
	971  -  MemoryUsage of job (MB)
	993812  -  ResidentSetSize of job (KB)
...
006 (66107.000.000) 08/10 22:47:53 Image size of job updated: 2551184
	1023  -  MemoryUsage of job (MB)
	1046580  -  ResidentSetSize of job (KB)
...
006 (66107.000.000) 08/10 22:53:56 Image size of job updated: 2597164
	1023  -  MemoryUsage of job (MB)
	1046580  -  ResidentSetSize of job (KB)
...
006 (66107.000.000) 08/10 22:57:47 Image size of job updated: 2632860
	1023  -  MemoryUsage of job (MB)
	1046580  -  ResidentSetSize of job (KB)
...
006 (66107.000.000) 08/10 23:02:47 Image size of job updated: 2657864
	1023  -  MemoryUsage of job (MB)
	1046580  -  ResidentSetSize of job (KB)
...
006 (66107.000.000) 08/10 23:12:49 Image size of job updated: 2667864
	1023  -  MemoryUsage of job (MB)
	1046580  -  ResidentSetSize of job (KB)
...
006 (66107.000.000) 08/10 23:17:49 Image size of job updated: 2678232
	1023  -  MemoryUsage of job (MB)
	1046580  -  ResidentSetSize of job (KB)
...
006 (66107.000.000) 08/10 23:22:49 Image size of job updated: 2705724
	1023  -  MemoryUsage of job (MB)
	1046580  -  ResidentSetSize of job (KB)
...
006 (66107.000.000) 08/10 23:37:49 Image size of job updated: 2767048
	1023  -  MemoryUsage of job (MB)
	1046580  -  ResidentSetSize of job (KB)
...
006 (66107.000.000) 08/11 00:17:48 Image size of job updated: 2894636
	1023  -  MemoryUsage of job (MB)
	1046580  -  ResidentSetSize of job (KB)
...
006 (66107.000.000) 08/11 02:02:49 Image size of job updated: 3021708
	1079  -  MemoryUsage of job (MB)
	1104108  -  ResidentSetSize of job (KB)
...
006 (66107.000.000) 08/11 13:54:19 Image size of job updated: 3026840
	1079  -  MemoryUsage of job (MB)
	1104108  -  ResidentSetSize of job (KB)
...
006 (66107.000.000) 08/11 13:59:20 Image size of job updated: 3100424
	1079  -  MemoryUsage of job (MB)
	1104108  -  ResidentSetSize of job (KB)
...
006 (66107.000.000) 08/11 14:19:22 Image size of job updated: 3255244
	1180  -  MemoryUsage of job (MB)
	1208184  -  ResidentSetSize of job (KB)
...
006 (66107.000.000) 08/11 14:34:23 Image size of job updated: 3487864
	1408  -  MemoryUsage of job (MB)
	1441128  -  ResidentSetSize of job (KB)
...
006 (66107.000.000) 08/11 14:44:25 Image size of job updated: 3595544
	1513  -  MemoryUsage of job (MB)
	1548988  -  ResidentSetSize of job (KB)
...
006 (66107.000.000) 08/11 15:14:29 Image size of job updated: 3667412
	1513  -  MemoryUsage of job (MB)
	1548988  -  ResidentSetSize of job (KB)
...
006 (66107.000.000) 08/11 15:34:30 Image size of job updated: 3733552
	1513  -  MemoryUsage of job (MB)
	1548988  -  ResidentSetSize of job (KB)
...
006 (66107.000.000) 08/11 15:39:30 Image size of job updated: 3805956
	1513  -  MemoryUsage of job (MB)
	1548988  -  ResidentSetSize of job (KB)
...
006 (66107.000.000) 08/11 15:44:31 Image size of job updated: 3848140
	1513  -  MemoryUsage of job (MB)
	1548988  -  ResidentSetSize of job (KB)
...
006 (66107.000.000) 08/11 15:49:32 Image size of job updated: 3885640
	1554  -  MemoryUsage of job (MB)
	1591180  -  ResidentSetSize of job (KB)
...
006 (66107.000.000) 08/11 15:54:32 Image size of job updated: 3913172
	1601  -  MemoryUsage of job (MB)
	1638488  -  ResidentSetSize of job (KB)
...
006 (66107.000.000) 08/11 15:59:32 Image size of job updated: 3920816
	1615  -  MemoryUsage of job (MB)
	1653552  -  ResidentSetSize of job (KB)
...
006 (66107.000.000) 08/11 16:06:09 Image size of job updated: 3956240
	1680  -  MemoryUsage of job (MB)
	1720032  -  ResidentSetSize of job (KB)
...
006 (66107.000.000) 08/11 16:10:59 Image size of job updated: 3993596
	1726  -  MemoryUsage of job (MB)
	1766960  -  ResidentSetSize of job (KB)
...
006 (66107.000.000) 08/11 16:15:59 Image size of job updated: 4030092
	1781  -  MemoryUsage of job (MB)
	1822860  -  ResidentSetSize of job (KB)
...
006 (66107.000.000) 08/11 16:21:11 Image size of job updated: 4069648
	1847  -  MemoryUsage of job (MB)
	1890980  -  ResidentSetSize of job (KB)
...
006 (66107.000.000) 08/11 16:26:04 Image size of job updated: 4093496
	1889  -  MemoryUsage of job (MB)
	1934312  -  ResidentSetSize of job (KB)
...
006 (66107.000.000) 08/11 16:31:05 Image size of job updated: 4124564
	1946  -  MemoryUsage of job (MB)
	1992532  -  ResidentSetSize of job (KB)
...
006 (66107.000.000) 08/11 16:36:03 Image size of job updated: 4151484
	1991  -  MemoryUsage of job (MB)
	2037916  -  ResidentSetSize of job (KB)
...
006 (66107.000.000) 08/11 16:41:51 Image size of job updated: 4170240
	2015  -  MemoryUsage of job (MB)
	2062392  -  ResidentSetSize of job (KB)
...
006 (66107.000.000) 08/11 16:46:03 Image size of job updated: 4203292
	2076  -  MemoryUsage of job (MB)
	2125728  -  ResidentSetSize of job (KB)
...
006 (66107.000.000) 08/11 16:56:10 Image size of job updated: 4230656
	2076  -  MemoryUsage of job (MB)
	2125728  -  ResidentSetSize of job (KB)
...
006 (66107.000.000) 08/11 17:12:46 Image size of job updated: 4343576
	2155  -  MemoryUsage of job (MB)
	2206636  -  ResidentSetSize of job (KB)
...
006 (66107.000.000) 08/11 17:25:47 Image size of job updated: 4430516
	2212  -  MemoryUsage of job (MB)
	2264564  -  ResidentSetSize of job (KB)
...
006 (66107.000.000) 08/11 17:35:52 Image size of job updated: 4482044
	2212  -  MemoryUsage of job (MB)
	2264564  -  ResidentSetSize of job (KB)
...
006 (66107.000.000) 08/11 17:47:25 Image size of job updated: 4519748
	2212  -  MemoryUsage of job (MB)
	2264564  -  ResidentSetSize of job (KB)
...
006 (66107.000.000) 08/11 17:55:47 Image size of job updated: 4541124
	2212  -  MemoryUsage of job (MB)
	2264564  -  ResidentSetSize of job (KB)
...
006 (66107.000.000) 08/11 18:00:48 Image size of job updated: 4552580
	2212  -  MemoryUsage of job (MB)
	2264564  -  ResidentSetSize of job (KB)
...
006 (66107.000.000) 08/11 18:05:48 Image size of job updated: 4564888
	2212  -  MemoryUsage of job (MB)
	2264564  -  ResidentSetSize of job (KB)
...
006 (66107.000.000) 08/11 18:10:49 Image size of job updated: 4573424
	2212  -  MemoryUsage of job (MB)
	2264564  -  ResidentSetSize of job (KB)
...
006 (66107.000.000) 08/11 18:15:50 Image size of job updated: 4586376
	2212  -  MemoryUsage of job (MB)
	2264564  -  ResidentSetSize of job (KB)
...
006 (66107.000.000) 08/11 18:20:50 Image size of job updated: 4597964
	2212  -  MemoryUsage of job (MB)
	2264564  -  ResidentSetSize of job (KB)
...
006 (66107.000.000) 08/11 18:25:51 Image size of job updated: 4609440
	2219  -  MemoryUsage of job (MB)
	2271940  -  ResidentSetSize of job (KB)
...
006 (66107.000.000) 08/11 18:30:52 Image size of job updated: 4623192
	2239  -  MemoryUsage of job (MB)
	2292628  -  ResidentSetSize of job (KB)
...
006 (66107.000.000) 08/11 18:35:55 Image size of job updated: 4632148
	2252  -  MemoryUsage of job (MB)
	2305468  -  ResidentSetSize of job (KB)
...
006 (66107.000.000) 08/11 18:40:52 Image size of job updated: 4639164
	2264  -  MemoryUsage of job (MB)
	2318308  -  ResidentSetSize of job (KB)
...
006 (66107.000.000) 08/11 18:45:52 Image size of job updated: 4648868
	2280  -  MemoryUsage of job (MB)
	2334188  -  ResidentSetSize of job (KB)
...
006 (66107.000.000) 08/11 18:50:55 Image size of job updated: 4661164
	2291  -  MemoryUsage of job (MB)
	2345500  -  ResidentSetSize of job (KB)
...
006 (66107.000.000) 08/11 18:55:53 Image size of job updated: 4670260
	2291  -  MemoryUsage of job (MB)
	2345840  -  ResidentSetSize of job (KB)
...
006 (66107.000.000) 08/11 19:00:53 Image size of job updated: 4680132
	2291  -  MemoryUsage of job (MB)
	2345840  -  ResidentSetSize of job (KB)
...
006 (66107.000.000) 08/11 19:05:55 Image size of job updated: 4692468
	2291  -  MemoryUsage of job (MB)
	2345840  -  ResidentSetSize of job (KB)
...
006 (66107.000.000) 08/11 19:10:55 Image size of job updated: 4710000
	2291  -  MemoryUsage of job (MB)
	2345840  -  ResidentSetSize of job (KB)
...
006 (66107.000.000) 08/11 19:15:55 Image size of job updated: 4730456
	2291  -  MemoryUsage of job (MB)
	2345840  -  ResidentSetSize of job (KB)
...
006 (66107.000.000) 08/11 19:21:04 Image size of job updated: 4757376
	2291  -  MemoryUsage of job (MB)
	2345840  -  ResidentSetSize of job (KB)
...
006 (66107.000.000) 08/11 19:25:56 Image size of job updated: 4765676
	2291  -  MemoryUsage of job (MB)
	2345840  -  ResidentSetSize of job (KB)
...
006 (66107.000.000) 08/11 19:30:56 Image size of job updated: 4774024
	2291  -  MemoryUsage of job (MB)
	2345840  -  ResidentSetSize of job (KB)
...
006 (66107.000.000) 08/11 19:35:57 Image size of job updated: 4782848
	2291  -  MemoryUsage of job (MB)
	2345840  -  ResidentSetSize of job (KB)
...
006 (66107.000.000) 08/11 19:40:57 Image size of job updated: 4801188
	2295  -  MemoryUsage of job (MB)
	2349520  -  ResidentSetSize of job (KB)
...
006 (66107.000.000) 08/11 19:45:57 Image size of job updated: 4819580
	2302  -  MemoryUsage of job (MB)
	2356536  -  ResidentSetSize of job (KB)
...
006 (66107.000.000) 08/11 19:50:58 Image size of job updated: 4831796
	2320  -  MemoryUsage of job (MB)
	2375064  -  ResidentSetSize of job (KB)
...
006 (66107.000.000) 08/11 19:55:59 Image size of job updated: 4845080
	2325  -  MemoryUsage of job (MB)
	2380116  -  ResidentSetSize of job (KB)
...
006 (66107.000.000) 08/11 20:00:59 Image size of job updated: 4855844
	2337  -  MemoryUsage of job (MB)
	2392484  -  ResidentSetSize of job (KB)
...
006 (66107.000.000) 08/11 20:06:00 Image size of job updated: 4868920
	2346  -  MemoryUsage of job (MB)
	2401632  -  ResidentSetSize of job (KB)
...
006 (66107.000.000) 08/11 20:11:01 Image size of job updated: 4881656
	2359  -  MemoryUsage of job (MB)
	2415532  -  ResidentSetSize of job (KB)
...
006 (66107.000.000) 08/11 20:16:01 Image size of job updated: 4894968
	2364  -  MemoryUsage of job (MB)
	2419876  -  ResidentSetSize of job (KB)
...
006 (66107.000.000) 08/11 20:21:01 Image size of job updated: 4909276
	2374  -  MemoryUsage of job (MB)
	2430532  -  ResidentSetSize of job (KB)
...
006 (66107.000.000) 08/11 20:26:02 Image size of job updated: 4917060
	2380  -  MemoryUsage of job (MB)
	2436776  -  ResidentSetSize of job (KB)
...
006 (66107.000.000) 08/11 20:31:02 Image size of job updated: 4923480
	2380  -  MemoryUsage of job (MB)
	2436776  -  ResidentSetSize of job (KB)
...
006 (66107.000.000) 08/11 20:38:13 Image size of job updated: 4929748
	2380  -  MemoryUsage of job (MB)
	2436776  -  ResidentSetSize of job (KB)
...
006 (66107.000.000) 08/11 20:46:19 Image size of job updated: 4947168
	2380  -  MemoryUsage of job (MB)
	2436776  -  ResidentSetSize of job (KB)
...
006 (66107.000.000) 08/11 20:56:09 Image size of job updated: 4984268
	2380  -  MemoryUsage of job (MB)
	2436776  -  ResidentSetSize of job (KB)
...
006 (66107.000.000) 08/11 21:02:58 Image size of job updated: 5004168
	2380  -  MemoryUsage of job (MB)
	2436776  -  ResidentSetSize of job (KB)
...
006 (66107.000.000) 08/11 21:08:03 Image size of job updated: 5022152
	2380  -  MemoryUsage of job (MB)
	2436776  -  ResidentSetSize of job (KB)
...
006 (66107.000.000) 08/11 21:18:02 Image size of job updated: 5024624
	2380  -  MemoryUsage of job (MB)
	2436776  -  ResidentSetSize of job (KB)
...
006 (66107.000.000) 08/11 21:23:02 Image size of job updated: 5037112
	2380  -  MemoryUsage of job (MB)
	2436776  -  ResidentSetSize of job (KB)
...
006 (66107.000.000) 08/11 21:28:02 Image size of job updated: 5060172
	2380  -  MemoryUsage of job (MB)
	2436776  -  ResidentSetSize of job (KB)
...
006 (66107.000.000) 08/11 21:33:03 Image size of job updated: 5065732
	2380  -  MemoryUsage of job (MB)
	2436776  -  ResidentSetSize of job (KB)
...
006 (66107.000.000) 08/11 22:33:09 Image size of job updated: 5065736
	2380  -  MemoryUsage of job (MB)
	2436776  -  ResidentSetSize of job (KB)
...
006 (66107.000.000) 08/11 23:43:19 Image size of job updated: 5065772
	2380  -  MemoryUsage of job (MB)
	2436776  -  ResidentSetSize of job (KB)
...
006 (66107.000.000) 08/12 01:13:24 Image size of job updated: 5065800
	2380  -  MemoryUsage of job (MB)
	2436776  -  ResidentSetSize of job (KB)
...
006 (66107.000.000) 08/12 01:35:53 Image size of job updated: 5065976
	2380  -  MemoryUsage of job (MB)
	2436776  -  ResidentSetSize of job (KB)
...
005 (66107.000.000) 08/17 22:43:06 Job terminated.
	(1) Normal termination (return value 0)
		Usr 0 09:44:18, Sys 0 01:21:00  -  Run Remote Usage
		Usr 0 00:00:00, Sys 0 00:00:00  -  Run Local Usage
		Usr 0 09:44:18, Sys 0 01:21:00  -  Total Remote Usage
		Usr 0 00:00:00, Sys 0 00:00:00  -  Total Local Usage
	4265506  -  Run Bytes Sent By Job
	237  -  Run Bytes Received By Job
	4265506  -  Total Bytes Sent By Job
	237  -  Total Bytes Received By Job
	Partitionable Resources :    Usage  Request Allocated
	   Cpus                 :                 1         1
	   Disk (KB)            :     4176        1   4187667
	   Memory (MB)          :     2380     1024      1024
...
000 (443.000.000) 08/27 11:47:40 Job submitted from host: <194.36.1.211:9618?addrs=194.36.1.211-9618+[--1]-9618&noUDP&sock=1189_2232_3>
...
009 (443.000.000) 08/27 11:48:15 Job was aborted by the user.
	via condor_rm (by user jnugent)
...
000 (66264.000.000) 08/27 11:48:34 Job submitted from host: <172.20.203.50:9618?addrs=172.20.203.50-9618+[--1]-9618&noUDP&sock=7405_cae4_4>
...
022 (66264.000.000) 08/27 11:48:54 Job disconnected, attempting to reconnect
    Socket between submit and execute hosts closed unexpectedly
    Trying to reconnect to slot1_7@node006.ppe.gla.ac.uk <10.194.1.6:9618?addrs=10.194.1.6-9618+[--1]-9618&noUDP&sock=26470_cbfa_3>
...
024 (66264.000.000) 08/27 11:49:02 Job reconnection failed
    Job not found at execution machine
    Can not reconnect to slot1_7@node006.ppe.gla.ac.uk, rescheduling job
...
001 (66264.000.000) 08/27 11:49:54 Job executing on host: <10.194.1.8:9618?addrs=10.194.1.8-9618+[--1]-9618&noUDP&sock=16892_15e0_12>
...
006 (66264.000.000) 08/27 11:50:02 Image size of job updated: 48144
	48  -  MemoryUsage of job (MB)
	48144  -  ResidentSetSize of job (KB)
...
006 (66264.000.000) 08/27 11:55:02 Image size of job updated: 622404
	608  -  MemoryUsage of job (MB)
	622404  -  ResidentSetSize of job (KB)
...
006 (66264.000.000) 08/27 12:20:05 Image size of job updated: 626508
	612  -  MemoryUsage of job (MB)
	626508  -  ResidentSetSize of job (KB)
...
006 (66264.000.000) 08/27 12:30:06 Image size of job updated: 806292
	788  -  MemoryUsage of job (MB)
	806292  -  ResidentSetSize of job (KB)
...
006 (66264.000.000) 08/27 12:35:07 Image size of job updated: 1106904
	1081  -  MemoryUsage of job (MB)
	1106904  -  ResidentSetSize of job (KB)
...
006 (66264.000.000) 08/27 12:45:07 Image size of job updated: 1118544
	1093  -  MemoryUsage of job (MB)
	1118544  -  ResidentSetSize of job (KB)
...
006 (66264.000.000) 08/27 13:00:09 Image size of job updated: 1438520
	1405  -  MemoryUsage of job (MB)
	1438520  -  ResidentSetSize of job (KB)
...
006 (66264.000.000) 08/27 13:05:10 Image size of job updated: 1582140
	1546  -  MemoryUsage of job (MB)
	1582140  -  ResidentSetSize of job (KB)
...
006 (66264.000.000) 08/27 13:45:14 Image size of job updated: 1764916
	1724  -  MemoryUsage of job (MB)
	1764916  -  ResidentSetSize of job (KB)
...
006 (66264.000.000) 08/27 14:25:18 Image size of job updated: 1943180
	1724  -  MemoryUsage of job (MB)
	1764916  -  ResidentSetSize of job (KB)
...
006 (66264.000.000) 08/27 14:40:19 Image size of job updated: 2095496
	1724  -  MemoryUsage of job (MB)
	1764916  -  ResidentSetSize of job (KB)
...
006 (66264.000.000) 08/27 15:20:23 Image size of job updated: 2201816
	1724  -  MemoryUsage of job (MB)
	1764916  -  ResidentSetSize of job (KB)
...
006 (66264.000.000) 08/27 15:50:27 Image size of job updated: 2367260
	1724  -  MemoryUsage of job (MB)
	1764916  -  ResidentSetSize of job (KB)
...
006 (66264.000.000) 08/27 15:55:27 Image size of job updated: 2500992
	1724  -  MemoryUsage of job (MB)
	1764916  -  ResidentSetSize of job (KB)
...
006 (66264.000.000) 08/27 16:10:29 Image size of job updated: 2585360
	1724  -  MemoryUsage of job (MB)
	1764916  -  ResidentSetSize of job (KB)
...
006 (66264.000.000) 08/27 16:15:29 Image size of job updated: 2737512
	1724  -  MemoryUsage of job (MB)
	1764916  -  ResidentSetSize of job (KB)
...
006 (66264.000.000) 08/27 16:23:23 Image size of job updated: 2741308
	1724  -  MemoryUsage of job (MB)
	1764916  -  ResidentSetSize of job (KB)
...
006 (66264.000.000) 08/27 16:38:13 Image size of job updated: 2762224
	1724  -  MemoryUsage of job (MB)
	1764916  -  ResidentSetSize of job (KB)
...
022 (66264.000.000) 08/27 17:41:51 Job disconnected, attempting to reconnect
    Socket between submit and execute hosts closed unexpectedly
    Trying to reconnect to slot1_35@node008.ppe.gla.ac.uk <10.194.1.8:9618?addrs=10.194.1.8-9618+[--1]-9618&noUDP&sock=16892_15e0_12>
...
024 (66264.000.000) 08/27 17:41:51 Job reconnection failed
    Job disconnected too long: JobLeaseDuration (2400 seconds) expired
    Can not reconnect to slot1_35@node008.ppe.gla.ac.uk, rescheduling job
...
022 (66264.000.000) 08/27 17:42:23 Job disconnected, attempting to reconnect
    Socket between submit and execute hosts closed unexpectedly
    Trying to reconnect to slot1_18@node006.ppe.gla.ac.uk <10.194.1.6:9618?addrs=10.194.1.6-9618+[--1]-9618&noUDP&sock=26470_cbfa_3>
...
024 (66264.000.000) 08/27 17:42:31 Job reconnection failed
    Job not found at execution machine
    Can not reconnect to slot1_18@node006.ppe.gla.ac.uk, rescheduling job
...
022 (66264.000.000) 08/27 17:43:22 Job disconnected, attempting to reconnect
    Socket between submit and execute hosts closed unexpectedly
    Trying to reconnect to slot1_18@node006.ppe.gla.ac.uk <10.194.1.6:9618?addrs=10.194.1.6-9618+[--1]-9618&noUDP&sock=26470_cbfa_3>
...
024 (66264.000.000) 08/27 17:43:30 Job reconnection failed
    Job not found at execution machine
    Can not reconnect to slot1_18@node006.ppe.gla.ac.uk, rescheduling job
...
022 (66264.000.000) 08/27 17:43:43 Job disconnected, attempting to reconnect
    Socket between submit and execute hosts closed unexpectedly
    Trying to reconnect to slot1_18@node006.ppe.gla.ac.uk <10.194.1.6:9618?addrs=10.194.1.6-9618+[--1]-9618&noUDP&sock=26470_cbfa_3>
...
024 (66264.000.000) 08/27 17:43:51 Job reconnection failed
    Job not found at execution machine
    Can not reconnect to slot1_18@node006.ppe.gla.ac.uk, rescheduling job
...
001 (66264.000.000) 08/27 17:44:42 Job executing on host: <10.194.1.8:9618?addrs=10.194.1.8-9618+[--1]-9618&noUDP&sock=18553_64af_3>
...
006 (66264.000.000) 08/27 23:59:18 Image size of job updated: 3122916
	1954  -  MemoryUsage of job (MB)
	2000000  -  ResidentSetSize of job (KB)
...
022 (66264.000.000) 08/28 02:48:08 Job disconnected, attempting to reconnect
    Socket between submit and execute hosts closed unexpectedly
    Trying to reconnect to slot1_9@node008.ppe.gla.ac.uk <10.194.1.8:9618?addrs=10.194.1.8-9618+[--1]-9618&noUDP&sock=18553_64af_3>
...
024 (66264.000.000) 08/28 02:48:08 Job reconnection failed
    Job disconnected too long: JobLeaseDuration (2400 seconds) expired
    Can not reconnect to slot1_9@node008.ppe.gla.ac.uk, rescheduling job
...
022 (66264.000.000) 08/28 02:48:38 Job disconnected, attempting to reconnect
    Socket between submit and execute hosts closed unexpectedly
    Trying to reconnect to slot1_4@node006.ppe.gla.ac.uk <10.194.1.6:9618?addrs=10.194.1.6-9618+[--1]-9618&noUDP&sock=26470_cbfa_3>
...
024 (66264.000.000) 08/28 02:48:46 Job reconnection failed
    Job not found at execution machine
    Can not reconnect to slot1_4@node006.ppe.gla.ac.uk, rescheduling job
...
022 (66264.000.000) 08/28 02:49:17 Job disconnected, attempting to reconnect
    Socket between submit and execute hosts closed unexpectedly
    Trying to reconnect to slot1_2@node006.ppe.gla.ac.uk <10.194.1.6:9618?addrs=10.194.1.6-9618+[--1]-9618&noUDP&sock=26470_cbfa_3>
...
024 (66264.000.000) 08/28 02:49:25 Job reconnection failed
    Job not found at execution machine
    Can not reconnect to slot1_2@node006.ppe.gla.ac.uk, rescheduling job
...
022 (66264.000.000) 08/28 02:50:18 Job disconnected, attempting to reconnect
    Socket between submit and execute hosts closed unexpectedly
    Trying to reconnect to slot1_1@node006.ppe.gla.ac.uk <10.194.1.6:9618?addrs=10.194.1.6-9618+[--1]-9618&noUDP&sock=26470_cbfa_3>
...
024 (66264.000.000) 08/28 02:50:26 Job reconnection failed
    Job not found at execution machine
    Can not reconnect to slot1_1@node006.ppe.gla.ac.uk, rescheduling job
...
001 (66264.000.000) 08/28 02:51:24 Job executing on host: <10.194.1.4:9618?addrs=10.194.1.4-9618+[--1]-9618&noUDP&sock=21589_d637_3>
...
005 (66264.000.000) 08/28 17:30:35 Job terminated.
	(1) Normal termination (return value 135)
		Usr 0 00:36:28, Sys 0 00:07:14  -  Run Remote Usage
		Usr 0 00:00:00, Sys 0 00:00:00  -  Run Local Usage
		Usr 0 00:36:28, Sys 0 00:07:14  -  Total Remote Usage
		Usr 0 00:00:00, Sys 0 00:00:00  -  Total Local Usage
	5223  -  Run Bytes Sent By Job
	237  -  Run Bytes Received By Job
	5223  -  Total Bytes Sent By Job
	711  -  Total Bytes Received By Job
	Partitionable Resources :    Usage  Request Allocated
	   Cpus                 :                 1         1
	   Disk (KB)            :       17       17   4187667
	   Memory (MB)          :     1954     1024      1024
...
000 (564.000.000) 08/28 17:54:00 Job submitted from host: <194.36.1.211:9618?addrs=194.36.1.211-9618+[--1]-9618&noUDP&sock=1189_2232_3>
...
009 (564.000.000) 08/28 17:54:57 Job was aborted by the user.
	via condor_rm (by user jnugent)
...
000 (66387.000.000) 08/28 17:55:40 Job submitted from host: <172.20.203.50:9618?addrs=172.20.203.50-9618+[--1]-9618&noUDP&sock=7405_cae4_4>
...
001 (66387.000.000) 08/28 17:55:54 Job executing on host: <10.194.1.4:9618?addrs=10.194.1.4-9618+[--1]-9618&noUDP&sock=21589_d637_3>
...
006 (66387.000.000) 08/28 17:56:03 Image size of job updated: 335180
	328  -  MemoryUsage of job (MB)
	335180  -  ResidentSetSize of job (KB)
...
006 (66387.000.000) 08/28 17:56:53 Image size of job updated: 434688
	425  -  MemoryUsage of job (MB)
	434688  -  ResidentSetSize of job (KB)
...
004 (66387.000.000) 08/28 17:56:53 Job was evicted.
	(0) Job was not checkpointed.
		Usr 0 00:00:56, Sys 0 00:00:02  -  Run Remote Usage
		Usr 0 00:00:00, Sys 0 00:00:00  -  Run Local Usage
	0  -  Run Bytes Sent By Job
	237  -  Run Bytes Received By Job
	Partitionable Resources :    Usage  Request Allocated
	   Cpus                 :                 1         1
	   Disk (KB)            :       15        1   4187667
	   Memory (MB)          :      425     1024      1024
...
009 (66387.000.000) 08/28 17:56:53 Job was aborted by the user.
	via condor_rm (by user jnugent)
...
000 (66487.000.000) 08/28 17:59:35 Job submitted from host: <172.20.203.50:9618?addrs=172.20.203.50-9618+[--1]-9618&noUDP&sock=7405_cae4_4>
...
001 (66487.000.000) 08/28 17:59:55 Job executing on host: <10.194.1.8:9618?addrs=10.194.1.8-9618+[--1]-9618&noUDP&sock=18553_64af_6>
...
006 (66487.000.000) 08/28 18:00:04 Image size of job updated: 373816
	365  -  MemoryUsage of job (MB)
	373520  -  ResidentSetSize of job (KB)
...
006 (66487.000.000) 08/28 18:05:05 Image size of job updated: 597100
	583  -  MemoryUsage of job (MB)
	596804  -  ResidentSetSize of job (KB)
...
006 (66487.000.000) 08/28 18:10:05 Image size of job updated: 655896
	641  -  MemoryUsage of job (MB)
	655600  -  ResidentSetSize of job (KB)
...
006 (66487.000.000) 08/28 18:40:08 Image size of job updated: 844224
	825  -  MemoryUsage of job (MB)
	843928  -  ResidentSetSize of job (KB)
...
006 (66487.000.000) 08/28 19:10:11 Image size of job updated: 982096
	959  -  MemoryUsage of job (MB)
	981800  -  ResidentSetSize of job (KB)
...
006 (66487.000.000) 08/28 19:25:12 Image size of job updated: 1113588
	1088  -  MemoryUsage of job (MB)
	1113292  -  ResidentSetSize of job (KB)
...
006 (66487.000.000) 08/28 19:40:14 Image size of job updated: 1194368
	1167  -  MemoryUsage of job (MB)
	1194072  -  ResidentSetSize of job (KB)
...
006 (66487.000.000) 08/28 20:00:16 Image size of job updated: 1444664
	1411  -  MemoryUsage of job (MB)
	1444368  -  ResidentSetSize of job (KB)
...
006 (66487.000.000) 08/28 20:20:18 Image size of job updated: 1480064
	1411  -  MemoryUsage of job (MB)
	1444368  -  ResidentSetSize of job (KB)
...
006 (66487.000.000) 08/28 20:40:20 Image size of job updated: 1601484
	1411  -  MemoryUsage of job (MB)
	1444368  -  ResidentSetSize of job (KB)
...
006 (66487.000.000) 08/28 20:50:21 Image size of job updated: 1749596
	1506  -  MemoryUsage of job (MB)
	1542108  -  ResidentSetSize of job (KB)
...
006 (66487.000.000) 08/28 21:15:23 Image size of job updated: 1786100
	1527  -  MemoryUsage of job (MB)
	1562652  -  ResidentSetSize of job (KB)
...
006 (66487.000.000) 08/28 21:20:24 Image size of job updated: 1800556
	1541  -  MemoryUsage of job (MB)
	1577152  -  ResidentSetSize of job (KB)
...
006 (66487.000.000) 08/28 21:50:26 Image size of job updated: 1848332
	1591  -  MemoryUsage of job (MB)
	1629144  -  ResidentSetSize of job (KB)
...
006 (66487.000.000) 08/28 22:00:28 Image size of job updated: 1895324
	1637  -  MemoryUsage of job (MB)
	1676204  -  ResidentSetSize of job (KB)
...
006 (66487.000.000) 08/28 22:05:28 Image size of job updated: 1895324
	1637  -  MemoryUsage of job (MB)
	1676212  -  ResidentSetSize of job (KB)
...
006 (66487.000.000) 08/28 22:10:29 Image size of job updated: 2544148
	1774  -  MemoryUsage of job (MB)
	1815840  -  ResidentSetSize of job (KB)
...
006 (66487.000.000) 08/28 22:15:30 Image size of job updated: 2663340
	2006  -  MemoryUsage of job (MB)
	2054080  -  ResidentSetSize of job (KB)
...
006 (66487.000.000) 08/28 22:28:29 Image size of job updated: 2694236
	2008  -  MemoryUsage of job (MB)
	2055624  -  ResidentSetSize of job (KB)
...
006 (66487.000.000) 08/29 00:49:35 Image size of job updated: 2857400
	2008  -  MemoryUsage of job (MB)
	2055624  -  ResidentSetSize of job (KB)
...
006 (66487.000.000) 08/29 01:14:36 Image size of job updated: 3032032
	2008  -  MemoryUsage of job (MB)
	2055624  -  ResidentSetSize of job (KB)
...
006 (66487.000.000) 08/29 01:49:40 Image size of job updated: 3096080
	2008  -  MemoryUsage of job (MB)
	2055624  -  ResidentSetSize of job (KB)
...
006 (66487.000.000) 08/29 01:54:41 Image size of job updated: 3243740
	2141  -  MemoryUsage of job (MB)
	2192156  -  ResidentSetSize of job (KB)
...
006 (66487.000.000) 08/29 01:59:42 Image size of job updated: 3248184
	2145  -  MemoryUsage of job (MB)
	2195628  -  ResidentSetSize of job (KB)
...
006 (66487.000.000) 08/29 02:04:42 Image size of job updated: 3545168
	2435  -  MemoryUsage of job (MB)
	2492528  -  ResidentSetSize of job (KB)
...
006 (66487.000.000) 08/29 02:24:43 Image size of job updated: 3738912
	2620  -  MemoryUsage of job (MB)
	2682572  -  ResidentSetSize of job (KB)
...
006 (66487.000.000) 08/29 02:44:45 Image size of job updated: 3801788
	2671  -  MemoryUsage of job (MB)
	2734728  -  ResidentSetSize of job (KB)
...
006 (66487.000.000) 08/29 03:14:49 Image size of job updated: 3807448
	2671  -  MemoryUsage of job (MB)
	2734728  -  ResidentSetSize of job (KB)
...
006 (66487.000.000) 08/29 03:19:50 Image size of job updated: 3894516
	2750  -  MemoryUsage of job (MB)
	2815672  -  ResidentSetSize of job (KB)
...
006 (66487.000.000) 08/29 04:04:55 Image size of job updated: 3937488
	2792  -  MemoryUsage of job (MB)
	2858672  -  ResidentSetSize of job (KB)
...
006 (66487.000.000) 08/29 04:14:57 Image size of job updated: 4122064
	2972  -  MemoryUsage of job (MB)
	3043244  -  ResidentSetSize of job (KB)
...
006 (66487.000.000) 08/29 04:29:59 Image size of job updated: 4267720
	3115  -  MemoryUsage of job (MB)
	3188892  -  ResidentSetSize of job (KB)
...
006 (66487.000.000) 08/29 04:34:59 Image size of job updated: 4267720
	3118  -  MemoryUsage of job (MB)
	3192448  -  ResidentSetSize of job (KB)
...
006 (66487.000.000) 08/29 04:39:59 Image size of job updated: 4505428
	3347  -  MemoryUsage of job (MB)
	3426592  -  ResidentSetSize of job (KB)
...
006 (66487.000.000) 08/29 04:50:01 Image size of job updated: 4616788
	3455  -  MemoryUsage of job (MB)
	3537488  -  ResidentSetSize of job (KB)
...
006 (66487.000.000) 08/29 05:20:04 Image size of job updated: 4677148
	3455  -  MemoryUsage of job (MB)
	3537488  -  ResidentSetSize of job (KB)
...
006 (66487.000.000) 08/29 05:40:07 Image size of job updated: 4885660
	3626  -  MemoryUsage of job (MB)
	3712564  -  ResidentSetSize of job (KB)
...
006 (66487.000.000) 08/29 06:05:09 Image size of job updated: 4944620
	3626  -  MemoryUsage of job (MB)
	3712564  -  ResidentSetSize of job (KB)
...
006 (66487.000.000) 08/29 06:10:10 Image size of job updated: 4966740
	3626  -  MemoryUsage of job (MB)
	3712564  -  ResidentSetSize of job (KB)
...
006 (66487.000.000) 08/29 08:00:23 Image size of job updated: 5359940
	3626  -  MemoryUsage of job (MB)
	3712564  -  ResidentSetSize of job (KB)
...
006 (66487.000.000) 08/29 08:15:25 Image size of job updated: 5509752
	3626  -  MemoryUsage of job (MB)
	3712564  -  ResidentSetSize of job (KB)
...
006 (66487.000.000) 08/29 08:45:28 Image size of job updated: 5542356
	3626  -  MemoryUsage of job (MB)
	3712564  -  ResidentSetSize of job (KB)
...
006 (66487.000.000) 08/29 09:05:30 Image size of job updated: 5904264
	3626  -  MemoryUsage of job (MB)
	3712564  -  ResidentSetSize of job (KB)
...
006 (66487.000.000) 08/29 21:15:31 Image size of job updated: 6202852
	3855  -  MemoryUsage of job (MB)
	3946616  -  ResidentSetSize of job (KB)
...
006 (66487.000.000) 08/29 21:36:16 Image size of job updated: 6581376
	3966  -  MemoryUsage of job (MB)
	4060428  -  ResidentSetSize of job (KB)
...
006 (66487.000.000) 08/29 22:30:40 Image size of job updated: 6582700
	3966  -  MemoryUsage of job (MB)
	4060428  -  ResidentSetSize of job (KB)
...
022 (66487.000.000) 08/30 01:08:46 Job disconnected, attempting to reconnect
    Socket between submit and execute hosts closed unexpectedly
    Trying to reconnect to slot1_10@node008.ppe.gla.ac.uk <10.194.1.8:9618?addrs=10.194.1.8-9618+[--1]-9618&noUDP&sock=18553_64af_6>
...
024 (66487.000.000) 08/30 01:48:46 Job reconnection failed
    Job disconnected too long: JobLeaseDuration (2400 seconds) expired
    Can not reconnect to slot1_10@node008.ppe.gla.ac.uk, rescheduling job
...
022 (66487.000.000) 08/30 01:54:38 Job disconnected, attempting to reconnect
    Socket between submit and execute hosts closed unexpectedly
    Trying to reconnect to slot1_3@node006.ppe.gla.ac.uk <10.194.1.6:9618?addrs=10.194.1.6-9618+[--1]-9618&noUDP&sock=26470_cbfa_3>
...
024 (66487.000.000) 08/30 01:54:47 Job reconnection failed
    Job not found at execution machine
    Can not reconnect to slot1_3@node006.ppe.gla.ac.uk, rescheduling job
...
022 (66487.000.000) 08/30 01:55:39 Job disconnected, attempting to reconnect
    Socket between submit and execute hosts closed unexpectedly
    Trying to reconnect to slot1_2@node006.ppe.gla.ac.uk <10.194.1.6:9618?addrs=10.194.1.6-9618+[--1]-9618&noUDP&sock=26470_cbfa_3>
...
024 (66487.000.000) 08/30 01:55:47 Job reconnection failed
    Job not found at execution machine
    Can not reconnect to slot1_2@node006.ppe.gla.ac.uk, rescheduling job
...
022 (66487.000.000) 08/30 01:56:39 Job disconnected, attempting to reconnect
    Socket between submit and execute hosts closed unexpectedly
    Trying to reconnect to slot1_1@node006.ppe.gla.ac.uk <10.194.1.6:9618?addrs=10.194.1.6-9618+[--1]-9618&noUDP&sock=26470_cbfa_3>
...
024 (66487.000.000) 08/30 01:56:47 Job reconnection failed
    Job not found at execution machine
    Can not reconnect to slot1_1@node006.ppe.gla.ac.uk, rescheduling job
...
001 (66487.000.000) 08/30 01:57:21 Job executing on host: <10.194.1.8:9618?addrs=10.194.1.8-9618+[--1]-9618&noUDP&sock=5976_9e0e_3>
...
005 (66487.000.000) 08/30 15:23:28 Job terminated.
	(1) Normal termination (return value 135)
		Usr 0 09:40:00, Sys 0 00:23:06  -  Run Remote Usage
		Usr 0 00:00:00, Sys 0 00:00:00  -  Run Local Usage
		Usr 0 09:40:00, Sys 0 00:23:06  -  Total Remote Usage
		Usr 0 00:00:00, Sys 0 00:00:00  -  Total Local Usage
	168957  -  Run Bytes Sent By Job
	237  -  Run Bytes Received By Job
	168957  -  Total Bytes Sent By Job
	474  -  Total Bytes Received By Job
	Partitionable Resources :    Usage  Request Allocated
	   Cpus                 :                 1         1
	   Disk (KB)            :     4000     4000  10479108
	   Memory (MB)          :     4151     1024      1024
...
