000 (96857.000.000) 09/23 16:58:50 Job submitted from host: <172.20.203.50:9618?addrs=172.20.203.50-9618+[--1]-9618&noUDP&sock=7405_cae4_4>
...
001 (96857.000.000) 09/23 16:58:59 Job executing on host: <10.194.1.4:9618?addrs=10.194.1.4-9618+[--1]-9618&noUDP&sock=21589_d637_3>
...
006 (96857.000.000) 09/23 16:59:07 Image size of job updated: 51412
	51  -  MemoryUsage of job (MB)
	51412  -  ResidentSetSize of job (KB)
...
006 (96857.000.000) 09/23 17:04:07 Image size of job updated: 781704
	764  -  MemoryUsage of job (MB)
	781704  -  ResidentSetSize of job (KB)
...
006 (96857.000.000) 09/23 17:19:08 Image size of job updated: 1097876
	1073  -  MemoryUsage of job (MB)
	1097876  -  ResidentSetSize of job (KB)
...
006 (96857.000.000) 09/23 17:34:09 Image size of job updated: 1106124
	1081  -  MemoryUsage of job (MB)
	1106124  -  ResidentSetSize of job (KB)
...
006 (96857.000.000) 09/23 17:49:10 Image size of job updated: 1303304
	1236  -  MemoryUsage of job (MB)
	1264792  -  ResidentSetSize of job (KB)
...
006 (96857.000.000) 09/23 18:24:14 Image size of job updated: 1318388
	1236  -  MemoryUsage of job (MB)
	1264792  -  ResidentSetSize of job (KB)
...
006 (96857.000.000) 09/23 18:29:14 Image size of job updated: 1661240
	1236  -  MemoryUsage of job (MB)
	1264792  -  ResidentSetSize of job (KB)
...
006 (96857.000.000) 09/23 18:34:14 Image size of job updated: 1770324
	1275  -  MemoryUsage of job (MB)
	1304912  -  ResidentSetSize of job (KB)
...
006 (96857.000.000) 09/23 18:39:15 Image size of job updated: 1902560
	1533  -  MemoryUsage of job (MB)
	1569340  -  ResidentSetSize of job (KB)
...
006 (96857.000.000) 09/23 19:09:18 Image size of job updated: 1902560
	1552  -  MemoryUsage of job (MB)
	1589096  -  ResidentSetSize of job (KB)
...
006 (96857.000.000) 09/23 19:29:21 Image size of job updated: 1984748
	1552  -  MemoryUsage of job (MB)
	1589096  -  ResidentSetSize of job (KB)
...
006 (96857.000.000) 09/23 19:44:22 Image size of job updated: 2297504
	1552  -  MemoryUsage of job (MB)
	1589096  -  ResidentSetSize of job (KB)
...
006 (96857.000.000) 09/23 20:14:26 Image size of job updated: 2568260
	1552  -  MemoryUsage of job (MB)
	1589096  -  ResidentSetSize of job (KB)
...
006 (96857.000.000) 09/23 20:29:28 Image size of job updated: 2594996
	1552  -  MemoryUsage of job (MB)
	1589096  -  ResidentSetSize of job (KB)
...
006 (96857.000.000) 09/23 20:34:28 Image size of job updated: 2624544
	1552  -  MemoryUsage of job (MB)
	1589096  -  ResidentSetSize of job (KB)
...
006 (96857.000.000) 09/23 20:39:28 Image size of job updated: 2703396
	1552  -  MemoryUsage of job (MB)
	1589096  -  ResidentSetSize of job (KB)
...
006 (96857.000.000) 09/23 20:44:29 Image size of job updated: 2746936
	1574  -  MemoryUsage of job (MB)
	1611060  -  ResidentSetSize of job (KB)
...
006 (96857.000.000) 09/23 20:49:30 Image size of job updated: 2850912
	1777  -  MemoryUsage of job (MB)
	1819008  -  ResidentSetSize of job (KB)
...
006 (96857.000.000) 09/23 20:54:30 Image size of job updated: 2862820
	1777  -  MemoryUsage of job (MB)
	1819008  -  ResidentSetSize of job (KB)
...
006 (96857.000.000) 09/23 21:04:31 Image size of job updated: 2951744
	1777  -  MemoryUsage of job (MB)
	1819008  -  ResidentSetSize of job (KB)
...
006 (96857.000.000) 09/23 21:09:31 Image size of job updated: 2986912
	1777  -  MemoryUsage of job (MB)
	1819008  -  ResidentSetSize of job (KB)
...
006 (96857.000.000) 09/23 21:14:31 Image size of job updated: 3075920
	1795  -  MemoryUsage of job (MB)
	1837524  -  ResidentSetSize of job (KB)
...
006 (96857.000.000) 09/23 21:44:36 Image size of job updated: 3075920
	1878  -  MemoryUsage of job (MB)
	1923072  -  ResidentSetSize of job (KB)
...
006 (96857.000.000) 09/23 21:49:36 Image size of job updated: 3075920
	1963  -  MemoryUsage of job (MB)
	2009456  -  ResidentSetSize of job (KB)
...
006 (96857.000.000) 09/23 21:54:37 Image size of job updated: 3075920
	2116  -  MemoryUsage of job (MB)
	2165792  -  ResidentSetSize of job (KB)
...
006 (96857.000.000) 09/23 21:59:38 Image size of job updated: 3076192
	2240  -  MemoryUsage of job (MB)
	2292768  -  ResidentSetSize of job (KB)
...
006 (96857.000.000) 09/23 23:59:50 Image size of job updated: 3225128
	2240  -  MemoryUsage of job (MB)
	2292768  -  ResidentSetSize of job (KB)
...
006 (96857.000.000) 09/24 00:44:55 Image size of job updated: 3384428
	2240  -  MemoryUsage of job (MB)
	2292768  -  ResidentSetSize of job (KB)
...
006 (96857.000.000) 09/24 00:49:55 Image size of job updated: 3482612
	2240  -  MemoryUsage of job (MB)
	2292768  -  ResidentSetSize of job (KB)
...
006 (96857.000.000) 09/24 00:59:56 Image size of job updated: 3537136
	2240  -  MemoryUsage of job (MB)
	2292768  -  ResidentSetSize of job (KB)
...
006 (96857.000.000) 09/24 01:09:57 Image size of job updated: 3922508
	2240  -  MemoryUsage of job (MB)
	2292768  -  ResidentSetSize of job (KB)
...
006 (96857.000.000) 09/24 01:14:57 Image size of job updated: 3983228
	2240  -  MemoryUsage of job (MB)
	2292768  -  ResidentSetSize of job (KB)
...
006 (96857.000.000) 09/24 01:19:58 Image size of job updated: 4061536
	2240  -  MemoryUsage of job (MB)
	2292768  -  ResidentSetSize of job (KB)
...
006 (96857.000.000) 09/24 01:24:59 Image size of job updated: 4123448
	2240  -  MemoryUsage of job (MB)
	2292768  -  ResidentSetSize of job (KB)
...
006 (96857.000.000) 09/24 01:29:59 Image size of job updated: 4185536
	2240  -  MemoryUsage of job (MB)
	2292768  -  ResidentSetSize of job (KB)
...
006 (96857.000.000) 09/24 01:34:59 Image size of job updated: 4227832
	2240  -  MemoryUsage of job (MB)
	2292768  -  ResidentSetSize of job (KB)
...
006 (96857.000.000) 09/24 01:40:00 Image size of job updated: 4260692
	2240  -  MemoryUsage of job (MB)
	2292768  -  ResidentSetSize of job (KB)
...
006 (96857.000.000) 09/24 01:45:00 Image size of job updated: 4314568
	2240  -  MemoryUsage of job (MB)
	2292768  -  ResidentSetSize of job (KB)
...
006 (96857.000.000) 09/24 01:50:00 Image size of job updated: 4354736
	2240  -  MemoryUsage of job (MB)
	2292768  -  ResidentSetSize of job (KB)
...
006 (96857.000.000) 09/24 01:55:00 Image size of job updated: 4438612
	2240  -  MemoryUsage of job (MB)
	2292768  -  ResidentSetSize of job (KB)
...
006 (96857.000.000) 09/24 02:00:46 Image size of job updated: 4500248
	2240  -  MemoryUsage of job (MB)
	2292768  -  ResidentSetSize of job (KB)
...
006 (96857.000.000) 09/24 02:05:02 Image size of job updated: 4502764
	2240  -  MemoryUsage of job (MB)
	2292768  -  ResidentSetSize of job (KB)
...
006 (96857.000.000) 09/24 02:10:02 Image size of job updated: 4528528
	2240  -  MemoryUsage of job (MB)
	2292768  -  ResidentSetSize of job (KB)
...
006 (96857.000.000) 09/24 02:15:02 Image size of job updated: 4554852
	2240  -  MemoryUsage of job (MB)
	2292768  -  ResidentSetSize of job (KB)
...
006 (96857.000.000) 09/24 02:20:03 Image size of job updated: 4613356
	2240  -  MemoryUsage of job (MB)
	2292768  -  ResidentSetSize of job (KB)
...
006 (96857.000.000) 09/24 02:25:20 Image size of job updated: 4649580
	2240  -  MemoryUsage of job (MB)
	2292768  -  ResidentSetSize of job (KB)
...
006 (96857.000.000) 09/24 02:30:03 Image size of job updated: 4679348
	2240  -  MemoryUsage of job (MB)
	2292768  -  ResidentSetSize of job (KB)
...
006 (96857.000.000) 09/24 02:35:03 Image size of job updated: 4701524
	2240  -  MemoryUsage of job (MB)
	2292768  -  ResidentSetSize of job (KB)
...
006 (96857.000.000) 09/24 02:40:04 Image size of job updated: 4729940
	2240  -  MemoryUsage of job (MB)
	2292768  -  ResidentSetSize of job (KB)
...
006 (96857.000.000) 09/24 02:45:05 Image size of job updated: 4755288
	2241  -  MemoryUsage of job (MB)
	2294596  -  ResidentSetSize of job (KB)
...
006 (96857.000.000) 09/24 02:50:09 Image size of job updated: 4770000
	2258  -  MemoryUsage of job (MB)
	2311804  -  ResidentSetSize of job (KB)
...
006 (96857.000.000) 09/24 02:55:33 Image size of job updated: 4788528
	2286  -  MemoryUsage of job (MB)
	2340772  -  ResidentSetSize of job (KB)
...
006 (96857.000.000) 09/24 03:00:28 Image size of job updated: 4805060
	2313  -  MemoryUsage of job (MB)
	2368132  -  ResidentSetSize of job (KB)
...
006 (96857.000.000) 09/24 03:05:43 Image size of job updated: 4824896
	2340  -  MemoryUsage of job (MB)
	2395948  -  ResidentSetSize of job (KB)
...
006 (96857.000.000) 09/24 03:10:29 Image size of job updated: 4834520
	2340  -  MemoryUsage of job (MB)
	2396052  -  ResidentSetSize of job (KB)
...
006 (96857.000.000) 09/24 03:15:30 Image size of job updated: 4851032
	2340  -  MemoryUsage of job (MB)
	2396052  -  ResidentSetSize of job (KB)
...
006 (96857.000.000) 09/24 03:20:31 Image size of job updated: 4861812
	2340  -  MemoryUsage of job (MB)
	2396052  -  ResidentSetSize of job (KB)
...
006 (96857.000.000) 09/24 03:25:31 Image size of job updated: 4883084
	2340  -  MemoryUsage of job (MB)
	2396052  -  ResidentSetSize of job (KB)
...
006 (96857.000.000) 09/24 03:30:36 Image size of job updated: 4909948
	2340  -  MemoryUsage of job (MB)
	2396052  -  ResidentSetSize of job (KB)
...
006 (96857.000.000) 09/24 03:35:32 Image size of job updated: 4933696
	2340  -  MemoryUsage of job (MB)
	2396052  -  ResidentSetSize of job (KB)
...
006 (96857.000.000) 09/24 03:40:33 Image size of job updated: 4960012
	2340  -  MemoryUsage of job (MB)
	2396052  -  ResidentSetSize of job (KB)
...
006 (96857.000.000) 09/24 03:45:58 Image size of job updated: 4989884
	2340  -  MemoryUsage of job (MB)
	2396052  -  ResidentSetSize of job (KB)
...
006 (96857.000.000) 09/24 03:50:42 Image size of job updated: 5009088
	2353  -  MemoryUsage of job (MB)
	2409176  -  ResidentSetSize of job (KB)
...
006 (96857.000.000) 09/24 03:55:41 Image size of job updated: 5023728
	2370  -  MemoryUsage of job (MB)
	2426596  -  ResidentSetSize of job (KB)
...
006 (96857.000.000) 09/24 04:00:40 Image size of job updated: 5037208
	2393  -  MemoryUsage of job (MB)
	2449852  -  ResidentSetSize of job (KB)
...
006 (96857.000.000) 09/24 04:05:39 Image size of job updated: 5058132
	2406  -  MemoryUsage of job (MB)
	2462932  -  ResidentSetSize of job (KB)
...
006 (96857.000.000) 09/24 04:10:39 Image size of job updated: 5079660
	2425  -  MemoryUsage of job (MB)
	2482876  -  ResidentSetSize of job (KB)
...
006 (96857.000.000) 09/24 04:15:43 Image size of job updated: 5091328
	2442  -  MemoryUsage of job (MB)
	2500064  -  ResidentSetSize of job (KB)
...
006 (96857.000.000) 09/24 04:20:40 Image size of job updated: 5095188
	2449  -  MemoryUsage of job (MB)
	2507280  -  ResidentSetSize of job (KB)
...
006 (96857.000.000) 09/24 04:25:41 Image size of job updated: 5111368
	2449  -  MemoryUsage of job (MB)
	2507280  -  ResidentSetSize of job (KB)
...
006 (96857.000.000) 09/24 04:30:42 Image size of job updated: 5119588
	2449  -  MemoryUsage of job (MB)
	2507280  -  ResidentSetSize of job (KB)
...
006 (96857.000.000) 09/24 04:35:42 Image size of job updated: 5131508
	2452  -  MemoryUsage of job (MB)
	2510216  -  ResidentSetSize of job (KB)
...
006 (96857.000.000) 09/24 04:40:44 Image size of job updated: 5143676
	2471  -  MemoryUsage of job (MB)
	2529764  -  ResidentSetSize of job (KB)
...
006 (96857.000.000) 09/24 04:45:44 Image size of job updated: 5146588
	2471  -  MemoryUsage of job (MB)
	2529764  -  ResidentSetSize of job (KB)
...
005 (96857.000.000) 09/24 04:51:32 Job terminated.
	(1) Normal termination (return value 137)
		Usr 0 04:51:27, Sys 0 00:15:22  -  Run Remote Usage
		Usr 0 00:00:00, Sys 0 00:00:00  -  Run Local Usage
		Usr 0 04:51:27, Sys 0 00:15:22  -  Total Remote Usage
		Usr 0 00:00:00, Sys 0 00:00:00  -  Total Local Usage
	5199  -  Run Bytes Sent By Job
	236  -  Run Bytes Received By Job
	5199  -  Total Bytes Sent By Job
	236  -  Total Bytes Received By Job
	Partitionable Resources :    Usage  Request Allocated
	   Cpus                 :                 1         1
	   Disk (KB)            :       15        1   4187667
	   Memory (MB)          :     2471     1024      1024
...
000 (96907.000.000) 09/24 14:18:56 Job submitted from host: <172.20.203.50:9618?addrs=172.20.203.50-9618+[--1]-9618&noUDP&sock=7405_cae4_4>
...
001 (96907.000.000) 09/25 07:27:18 Job executing on host: <10.194.1.8:9618?addrs=10.194.1.8-9618+[--1]-9618&noUDP&sock=5976_9e0e_3>
...
006 (96907.000.000) 09/25 07:27:27 Image size of job updated: 53812
	52  -  MemoryUsage of job (MB)
	52336  -  ResidentSetSize of job (KB)
...
006 (96907.000.000) 09/25 07:32:28 Image size of job updated: 415380
	403  -  MemoryUsage of job (MB)
	412080  -  ResidentSetSize of job (KB)
...
006 (96907.000.000) 09/25 07:37:28 Image size of job updated: 1079960
	1048  -  MemoryUsage of job (MB)
	1073084  -  ResidentSetSize of job (KB)
...
006 (96907.000.000) 09/25 07:42:28 Image size of job updated: 1079960
	1052  -  MemoryUsage of job (MB)
	1076604  -  ResidentSetSize of job (KB)
...
006 (96907.000.000) 09/25 07:47:29 Image size of job updated: 1165972
	1111  -  MemoryUsage of job (MB)
	1137252  -  ResidentSetSize of job (KB)
...
006 (96907.000.000) 09/25 08:17:32 Image size of job updated: 1406752
	1142  -  MemoryUsage of job (MB)
	1168572  -  ResidentSetSize of job (KB)
...
006 (96907.000.000) 09/25 08:22:33 Image size of job updated: 1694152
	1392  -  MemoryUsage of job (MB)
	1424516  -  ResidentSetSize of job (KB)
...
006 (96907.000.000) 09/25 08:52:35 Image size of job updated: 1997516
	1727  -  MemoryUsage of job (MB)
	1767820  -  ResidentSetSize of job (KB)
...
006 (96907.000.000) 09/25 09:17:38 Image size of job updated: 2178272
	1727  -  MemoryUsage of job (MB)
	1767820  -  ResidentSetSize of job (KB)
...
006 (96907.000.000) 09/25 09:27:39 Image size of job updated: 2214700
	1727  -  MemoryUsage of job (MB)
	1767820  -  ResidentSetSize of job (KB)
...
006 (96907.000.000) 09/25 09:47:41 Image size of job updated: 2214700
	1991  -  MemoryUsage of job (MB)
	2038692  -  ResidentSetSize of job (KB)
...
006 (96907.000.000) 09/25 09:52:41 Image size of job updated: 2302852
	2087  -  MemoryUsage of job (MB)
	2136312  -  ResidentSetSize of job (KB)
...
006 (96907.000.000) 09/25 09:57:42 Image size of job updated: 2302852
	2087  -  MemoryUsage of job (MB)
	2136320  -  ResidentSetSize of job (KB)
...
006 (96907.000.000) 09/25 10:02:43 Image size of job updated: 2322436
	2087  -  MemoryUsage of job (MB)
	2136320  -  ResidentSetSize of job (KB)
...
006 (96907.000.000) 09/25 10:07:43 Image size of job updated: 2594528
	2244  -  MemoryUsage of job (MB)
	2297552  -  ResidentSetSize of job (KB)
...
006 (96907.000.000) 09/25 10:12:43 Image size of job updated: 2675048
	2306  -  MemoryUsage of job (MB)
	2360904  -  ResidentSetSize of job (KB)
...
006 (96907.000.000) 09/25 10:27:44 Image size of job updated: 2905440
	2476  -  MemoryUsage of job (MB)
	2535348  -  ResidentSetSize of job (KB)
...
006 (96907.000.000) 09/25 10:37:46 Image size of job updated: 2989288
	2531  -  MemoryUsage of job (MB)
	2591584  -  ResidentSetSize of job (KB)
...
006 (96907.000.000) 09/25 10:42:46 Image size of job updated: 3108016
	2634  -  MemoryUsage of job (MB)
	2697036  -  ResidentSetSize of job (KB)
...
006 (96907.000.000) 09/25 11:12:49 Image size of job updated: 3667668
	3083  -  MemoryUsage of job (MB)
	3156632  -  ResidentSetSize of job (KB)
...
006 (96907.000.000) 09/25 11:27:51 Image size of job updated: 4563476
	3842  -  MemoryUsage of job (MB)
	3933376  -  ResidentSetSize of job (KB)
...
006 (96907.000.000) 09/25 11:32:51 Image size of job updated: 4749552
	3986  -  MemoryUsage of job (MB)
	4080868  -  ResidentSetSize of job (KB)
...
006 (96907.000.000) 09/25 11:37:52 Image size of job updated: 4749552
	3988  -  MemoryUsage of job (MB)
	4083036  -  ResidentSetSize of job (KB)
...
005 (96907.000.000) 09/25 16:35:35 Job terminated.
	(1) Normal termination (return value 0)
		Usr 0 07:25:41, Sys 0 00:26:53  -  Run Remote Usage
		Usr 0 00:00:00, Sys 0 00:00:00  -  Run Local Usage
		Usr 0 07:25:41, Sys 0 00:26:53  -  Total Remote Usage
		Usr 0 00:00:00, Sys 0 00:00:00  -  Total Local Usage
	1000379  -  Run Bytes Sent By Job
	236  -  Run Bytes Received By Job
	1000379  -  Total Bytes Sent By Job
	236  -  Total Bytes Received By Job
	Partitionable Resources :    Usage  Request Allocated
	   Cpus                 :                 1         1
	   Disk (KB)            :      987        1  10479108
	   Memory (MB)          :     3988    10240     10240
...
