000 (97158.000.000) 09/28 09:40:16 Job submitted from host: <172.20.203.50:9618?addrs=172.20.203.50-9618+[--1]-9618&noUDP&sock=7405_cae4_4>
...
001 (97158.000.000) 09/28 09:40:18 Job executing on host: <10.194.1.8:9618?addrs=10.194.1.8-9618+[--1]-9618&noUDP&sock=5976_9e0e_3>
...
006 (97158.000.000) 09/28 09:40:27 Image size of job updated: 57988
	47  -  MemoryUsage of job (MB)
	48120  -  ResidentSetSize of job (KB)
...
006 (97158.000.000) 09/28 09:45:27 Image size of job updated: 769556
	742  -  MemoryUsage of job (MB)
	759564  -  ResidentSetSize of job (KB)
...
006 (97158.000.000) 09/28 10:06:16 Image size of job updated: 905060
	866  -  MemoryUsage of job (MB)
	886624  -  ResidentSetSize of job (KB)
...
006 (97158.000.000) 09/28 10:15:29 Image size of job updated: 1118848
	1077  -  MemoryUsage of job (MB)
	1102004  -  ResidentSetSize of job (KB)
...
006 (97158.000.000) 09/28 10:45:32 Image size of job updated: 1242228
	1191  -  MemoryUsage of job (MB)
	1218644  -  ResidentSetSize of job (KB)
...
006 (97158.000.000) 09/28 10:50:33 Image size of job updated: 1281044
	1230  -  MemoryUsage of job (MB)
	1258892  -  ResidentSetSize of job (KB)
...
006 (97158.000.000) 09/28 11:05:35 Image size of job updated: 1296340
	1248  -  MemoryUsage of job (MB)
	1277860  -  ResidentSetSize of job (KB)
...
006 (97158.000.000) 09/28 11:15:35 Image size of job updated: 1514104
	1461  -  MemoryUsage of job (MB)
	1495620  -  ResidentSetSize of job (KB)
...
006 (97158.000.000) 09/28 11:51:18 Image size of job updated: 1728264
	1667  -  MemoryUsage of job (MB)
	1706624  -  ResidentSetSize of job (KB)
...
006 (97158.000.000) 09/28 12:20:41 Image size of job updated: 1946952
	1874  -  MemoryUsage of job (MB)
	1918780  -  ResidentSetSize of job (KB)
...
006 (97158.000.000) 09/28 12:50:44 Image size of job updated: 2010092
	1925  -  MemoryUsage of job (MB)
	1970740  -  ResidentSetSize of job (KB)
...
006 (97158.000.000) 09/28 13:10:46 Image size of job updated: 2168624
	2080  -  MemoryUsage of job (MB)
	2129272  -  ResidentSetSize of job (KB)
...
006 (97158.000.000) 09/28 13:45:49 Image size of job updated: 2225628
	2133  -  MemoryUsage of job (MB)
	2183552  -  ResidentSetSize of job (KB)
...
006 (97158.000.000) 09/28 13:50:51 Image size of job updated: 2388504
	2245  -  MemoryUsage of job (MB)
	2297884  -  ResidentSetSize of job (KB)
...
006 (97158.000.000) 09/28 14:35:55 Image size of job updated: 2774660
	2317  -  MemoryUsage of job (MB)
	2372104  -  ResidentSetSize of job (KB)
...
006 (97158.000.000) 09/28 14:50:57 Image size of job updated: 2774660
	2561  -  MemoryUsage of job (MB)
	2622120  -  ResidentSetSize of job (KB)
...
006 (97158.000.000) 09/28 15:21:01 Image size of job updated: 2777128
	2561  -  MemoryUsage of job (MB)
	2622120  -  ResidentSetSize of job (KB)
...
006 (97158.000.000) 09/28 15:56:03 Image size of job updated: 3039088
	2561  -  MemoryUsage of job (MB)
	2622120  -  ResidentSetSize of job (KB)
...
006 (97158.000.000) 09/28 16:26:07 Image size of job updated: 3223116
	2561  -  MemoryUsage of job (MB)
	2622120  -  ResidentSetSize of job (KB)
...
006 (97158.000.000) 09/28 17:41:14 Image size of job updated: 3540804
	2561  -  MemoryUsage of job (MB)
	2622120  -  ResidentSetSize of job (KB)
...
006 (97158.000.000) 09/28 18:01:17 Image size of job updated: 3679448
	2561  -  MemoryUsage of job (MB)
	2622120  -  ResidentSetSize of job (KB)
...
006 (97158.000.000) 09/28 18:21:19 Image size of job updated: 3833144
	2562  -  MemoryUsage of job (MB)
	2623040  -  ResidentSetSize of job (KB)
...
006 (97158.000.000) 09/28 18:26:19 Image size of job updated: 4545916
	3427  -  MemoryUsage of job (MB)
	3509048  -  ResidentSetSize of job (KB)
...
005 (97158.000.000) 09/29 04:53:47 Job terminated.
	(1) Normal termination (return value 0)
		Usr 0 11:31:25, Sys 0 00:34:20  -  Run Remote Usage
		Usr 0 00:00:00, Sys 0 00:00:00  -  Run Local Usage
		Usr 0 11:31:25, Sys 0 00:34:20  -  Total Remote Usage
		Usr 0 00:00:00, Sys 0 00:00:00  -  Total Local Usage
	787610  -  Run Bytes Sent By Job
	238  -  Run Bytes Received By Job
	787610  -  Total Bytes Sent By Job
	238  -  Total Bytes Received By Job
	Partitionable Resources :    Usage  Request Allocated
	   Cpus                 :                 1         1
	   Disk (KB)            :      779        1  10479108
	   Memory (MB)          :     3427    10240     10240
...
