000 (60093.000.000) 07/31 10:18:20 Job submitted from host: <172.20.203.50:9618?addrs=172.20.203.50-9618+[--1]-9618&noUDP&sock=7405_cae4_4>
...
001 (60093.000.000) 07/31 10:18:41 Job executing on host: <10.194.1.8:9618?addrs=10.194.1.8-9618+[--1]-9618&noUDP&sock=2118_59ad_3>
...
006 (60093.000.000) 07/31 10:18:50 Image size of job updated: 51468
	51  -  MemoryUsage of job (MB)
	51468  -  ResidentSetSize of job (KB)
...
006 (60093.000.000) 07/31 10:23:51 Image size of job updated: 363684
	356  -  MemoryUsage of job (MB)
	363684  -  ResidentSetSize of job (KB)
...
006 (60093.000.000) 07/31 10:28:52 Image size of job updated: 748696
	732  -  MemoryUsage of job (MB)
	748696  -  ResidentSetSize of job (KB)
...
004 (60093.000.000) 07/31 10:29:20 Job was evicted.
	(0) Job was not checkpointed.
		Usr 0 00:10:03, Sys 0 00:00:17  -  Run Remote Usage
		Usr 0 00:00:00, Sys 0 00:00:00  -  Run Local Usage
	0  -  Run Bytes Sent By Job
	238  -  Run Bytes Received By Job
	Partitionable Resources :    Usage  Request Allocated
	   Cpus                 :                 1         1
	   Disk (KB)            :       15        1    246255
	   Memory (MB)          :      732     1024      1024
...
009 (60093.000.000) 07/31 10:29:20 Job was aborted by the user.
	via condor_rm (by user jnugent)
...
000 (60193.000.000) 07/31 10:30:00 Job submitted from host: <172.20.203.50:9618?addrs=172.20.203.50-9618+[--1]-9618&noUDP&sock=7405_cae4_4>
...
001 (60193.000.000) 07/31 10:30:20 Job executing on host: <10.194.1.4:9618?addrs=10.194.1.4-9618+[--1]-9618&noUDP&sock=22685_9a03_3>
...
006 (60193.000.000) 07/31 10:30:29 Image size of job updated: 384828
	376  -  MemoryUsage of job (MB)
	384828  -  ResidentSetSize of job (KB)
...
006 (60193.000.000) 07/31 10:35:30 Image size of job updated: 597776
	584  -  MemoryUsage of job (MB)
	597776  -  ResidentSetSize of job (KB)
...
006 (60193.000.000) 07/31 10:40:30 Image size of job updated: 1018656
	995  -  MemoryUsage of job (MB)
	1018328  -  ResidentSetSize of job (KB)
...
006 (60193.000.000) 07/31 11:00:32 Image size of job updated: 1446872
	1391  -  MemoryUsage of job (MB)
	1424132  -  ResidentSetSize of job (KB)
...
004 (60193.000.000) 07/31 13:10:19 Job was evicted.
	(0) Job was not checkpointed.
		Usr 0 00:50:23, Sys 0 00:02:22  -  Run Remote Usage
		Usr 0 00:00:00, Sys 0 00:00:00  -  Run Local Usage
	0  -  Run Bytes Sent By Job
	238  -  Run Bytes Received By Job
	Partitionable Resources :    Usage  Request Allocated
	   Cpus                 :                 2         2
	   Disk (KB)            :       15        1    232397
	   Memory (MB)          :     1391     4096      4096
...
009 (60193.000.000) 07/31 13:10:19 Job was aborted by the user.
	via condor_rm (by user jnugent)
...
000 (60301.000.000) 07/31 13:11:11 Job submitted from host: <172.20.203.50:9618?addrs=172.20.203.50-9618+[--1]-9618&noUDP&sock=7405_cae4_4>
...
009 (60301.000.000) 07/31 20:07:19 Job was aborted by the user.
	via condor_rm (by user jnugent)
...
000 (62096.000.000) 07/31 20:08:37 Job submitted from host: <172.20.203.50:9618?addrs=172.20.203.50-9618+[--1]-9618&noUDP&sock=7405_cae4_4>
...
001 (62096.000.000) 07/31 21:38:47 Job executing on host: <10.194.1.4:9618?addrs=10.194.1.4-9618+[--1]-9618&noUDP&sock=22685_9a03_9>
...
006 (62096.000.000) 07/31 21:38:55 Image size of job updated: 49392
	49  -  MemoryUsage of job (MB)
	49392  -  ResidentSetSize of job (KB)
...
006 (62096.000.000) 07/31 21:43:55 Image size of job updated: 397868
	389  -  MemoryUsage of job (MB)
	397868  -  ResidentSetSize of job (KB)
...
006 (62096.000.000) 07/31 21:53:57 Image size of job updated: 411488
	402  -  MemoryUsage of job (MB)
	411488  -  ResidentSetSize of job (KB)
...
006 (62096.000.000) 07/31 22:03:57 Image size of job updated: 646120
	631  -  MemoryUsage of job (MB)
	646120  -  ResidentSetSize of job (KB)
...
006 (62096.000.000) 07/31 22:08:58 Image size of job updated: 814232
	796  -  MemoryUsage of job (MB)
	814232  -  ResidentSetSize of job (KB)
...
006 (62096.000.000) 07/31 22:13:58 Image size of job updated: 848780
	829  -  MemoryUsage of job (MB)
	848780  -  ResidentSetSize of job (KB)
...
006 (62096.000.000) 07/31 22:18:58 Image size of job updated: 882888
	863  -  MemoryUsage of job (MB)
	882880  -  ResidentSetSize of job (KB)
...
006 (62096.000.000) 07/31 22:23:59 Image size of job updated: 912340
	891  -  MemoryUsage of job (MB)
	911416  -  ResidentSetSize of job (KB)
...
006 (62096.000.000) 07/31 22:29:00 Image size of job updated: 946864
	910  -  MemoryUsage of job (MB)
	931156  -  ResidentSetSize of job (KB)
...
006 (62096.000.000) 07/31 22:34:00 Image size of job updated: 977876
	942  -  MemoryUsage of job (MB)
	963708  -  ResidentSetSize of job (KB)
...
006 (62096.000.000) 07/31 22:39:01 Image size of job updated: 1008272
	969  -  MemoryUsage of job (MB)
	991832  -  ResidentSetSize of job (KB)
...
006 (62096.000.000) 07/31 22:44:02 Image size of job updated: 1049244
	1009  -  MemoryUsage of job (MB)
	1032836  -  ResidentSetSize of job (KB)
...
006 (62096.000.000) 07/31 22:49:02 Image size of job updated: 1082448
	1033  -  MemoryUsage of job (MB)
	1056920  -  ResidentSetSize of job (KB)
...
006 (62096.000.000) 07/31 22:54:02 Image size of job updated: 1114928
	1064  -  MemoryUsage of job (MB)
	1089488  -  ResidentSetSize of job (KB)
...
006 (62096.000.000) 07/31 22:59:03 Image size of job updated: 1146384
	1095  -  MemoryUsage of job (MB)
	1120952  -  ResidentSetSize of job (KB)
...
006 (62096.000.000) 07/31 23:04:03 Image size of job updated: 1172628
	1095  -  MemoryUsage of job (MB)
	1120952  -  ResidentSetSize of job (KB)
...
006 (62096.000.000) 07/31 23:09:03 Image size of job updated: 1401496
	1095  -  MemoryUsage of job (MB)
	1120952  -  ResidentSetSize of job (KB)
...
006 (62096.000.000) 07/31 23:14:04 Image size of job updated: 1675340
	1260  -  MemoryUsage of job (MB)
	1289848  -  ResidentSetSize of job (KB)
...
006 (62096.000.000) 07/31 23:24:05 Image size of job updated: 1716872
	1260  -  MemoryUsage of job (MB)
	1289848  -  ResidentSetSize of job (KB)
...
006 (62096.000.000) 07/31 23:54:08 Image size of job updated: 1728908
	1260  -  MemoryUsage of job (MB)
	1289848  -  ResidentSetSize of job (KB)
...
006 (62096.000.000) 07/31 23:59:08 Image size of job updated: 1798392
	1260  -  MemoryUsage of job (MB)
	1289848  -  ResidentSetSize of job (KB)
...
006 (62096.000.000) 08/01 00:04:08 Image size of job updated: 1915976
	1260  -  MemoryUsage of job (MB)
	1289848  -  ResidentSetSize of job (KB)
...
006 (62096.000.000) 08/01 00:14:09 Image size of job updated: 1915976
	1277  -  MemoryUsage of job (MB)
	1306744  -  ResidentSetSize of job (KB)
...
006 (62096.000.000) 08/01 00:49:13 Image size of job updated: 1915976
	1281  -  MemoryUsage of job (MB)
	1310904  -  ResidentSetSize of job (KB)
...
006 (62096.000.000) 08/01 00:54:13 Image size of job updated: 1915976
	1426  -  MemoryUsage of job (MB)
	1459568  -  ResidentSetSize of job (KB)
...
006 (62096.000.000) 08/01 01:14:14 Image size of job updated: 1960216
	1426  -  MemoryUsage of job (MB)
	1459568  -  ResidentSetSize of job (KB)
...
006 (62096.000.000) 08/01 01:39:18 Image size of job updated: 1965044
	1426  -  MemoryUsage of job (MB)
	1459568  -  ResidentSetSize of job (KB)
...
006 (62096.000.000) 08/01 01:44:18 Image size of job updated: 1968696
	1426  -  MemoryUsage of job (MB)
	1459568  -  ResidentSetSize of job (KB)
...
006 (62096.000.000) 08/01 01:59:19 Image size of job updated: 2256392
	1426  -  MemoryUsage of job (MB)
	1459568  -  ResidentSetSize of job (KB)
...
006 (62096.000.000) 08/01 02:14:21 Image size of job updated: 2345536
	1426  -  MemoryUsage of job (MB)
	1459568  -  ResidentSetSize of job (KB)
...
006 (62096.000.000) 08/01 02:44:24 Image size of job updated: 2370536
	1426  -  MemoryUsage of job (MB)
	1459568  -  ResidentSetSize of job (KB)
...
006 (62096.000.000) 08/01 03:46:34 Image size of job updated: 2378796
	1426  -  MemoryUsage of job (MB)
	1459568  -  ResidentSetSize of job (KB)
...
006 (62096.000.000) 08/01 03:51:35 Image size of job updated: 2397692
	1426  -  MemoryUsage of job (MB)
	1459568  -  ResidentSetSize of job (KB)
...
006 (62096.000.000) 08/01 03:56:37 Image size of job updated: 2480016
	1426  -  MemoryUsage of job (MB)
	1459568  -  ResidentSetSize of job (KB)
...
006 (62096.000.000) 08/01 04:36:41 Image size of job updated: 2480016
	1638  -  MemoryUsage of job (MB)
	1676956  -  ResidentSetSize of job (KB)
...
006 (62096.000.000) 08/01 04:41:41 Image size of job updated: 2525260
	1638  -  MemoryUsage of job (MB)
	1676956  -  ResidentSetSize of job (KB)
...
006 (62096.000.000) 08/01 04:56:43 Image size of job updated: 2604956
	1638  -  MemoryUsage of job (MB)
	1676956  -  ResidentSetSize of job (KB)
...
006 (62096.000.000) 08/01 05:21:45 Image size of job updated: 2746284
	1638  -  MemoryUsage of job (MB)
	1676956  -  ResidentSetSize of job (KB)
...
006 (62096.000.000) 08/01 05:41:47 Image size of job updated: 2836836
	1638  -  MemoryUsage of job (MB)
	1676956  -  ResidentSetSize of job (KB)
...
006 (62096.000.000) 08/01 05:46:48 Image size of job updated: 2957180
	1638  -  MemoryUsage of job (MB)
	1676956  -  ResidentSetSize of job (KB)
...
006 (62096.000.000) 08/01 06:56:55 Image size of job updated: 2959280
	1638  -  MemoryUsage of job (MB)
	1676956  -  ResidentSetSize of job (KB)
...
006 (62096.000.000) 08/01 07:16:58 Image size of job updated: 3013752
	1638  -  MemoryUsage of job (MB)
	1676956  -  ResidentSetSize of job (KB)
...
006 (62096.000.000) 08/01 07:21:59 Image size of job updated: 3087416
	1638  -  MemoryUsage of job (MB)
	1676956  -  ResidentSetSize of job (KB)
...
006 (62096.000.000) 08/01 07:42:00 Image size of job updated: 3260704
	1638  -  MemoryUsage of job (MB)
	1676956  -  ResidentSetSize of job (KB)
...
006 (62096.000.000) 08/01 07:47:00 Image size of job updated: 3337624
	1638  -  MemoryUsage of job (MB)
	1676956  -  ResidentSetSize of job (KB)
...
006 (62096.000.000) 08/01 08:37:05 Image size of job updated: 3636280
	1701  -  MemoryUsage of job (MB)
	1741204  -  ResidentSetSize of job (KB)
...
006 (62096.000.000) 08/01 09:47:20 Image size of job updated: 3651808
	1701  -  MemoryUsage of job (MB)
	1741204  -  ResidentSetSize of job (KB)
...
006 (62096.000.000) 08/01 09:52:15 Image size of job updated: 3656796
	1701  -  MemoryUsage of job (MB)
	1741204  -  ResidentSetSize of job (KB)
...
004 (62096.000.000) 08/01 10:15:12 Job was evicted.
	(0) Job was not checkpointed.
		Usr 0 06:46:40, Sys 0 00:15:13  -  Run Remote Usage
		Usr 0 00:00:00, Sys 0 00:00:00  -  Run Local Usage
	0  -  Run Bytes Sent By Job
	238  -  Run Bytes Received By Job
	Partitionable Resources :    Usage  Request Allocated
	   Cpus                 :                 1         1
	   Disk (KB)            :       15        1    231479
	   Memory (MB)          :     1701     1024      1024
...
009 (62096.000.000) 08/01 10:15:12 Job was aborted by the user.
	via condor_rm (by user jnugent)
...
000 (63718.000.000) 08/02 10:44:27 Job submitted from host: <172.20.203.50:9618?addrs=172.20.203.50-9618+[--1]-9618&noUDP&sock=7405_cae4_4>
...
001 (63718.000.000) 08/02 10:44:47 Job executing on host: <10.194.1.8:9618?addrs=10.194.1.8-9618+[--1]-9618&noUDP&sock=37221_16ac_3>
...
006 (63718.000.000) 08/02 10:44:56 Image size of job updated: 46480
	46  -  MemoryUsage of job (MB)
	46480  -  ResidentSetSize of job (KB)
...
006 (63718.000.000) 08/02 10:49:57 Image size of job updated: 387940
	379  -  MemoryUsage of job (MB)
	387940  -  ResidentSetSize of job (KB)
...
006 (63718.000.000) 08/02 10:54:58 Image size of job updated: 519912
	508  -  MemoryUsage of job (MB)
	519912  -  ResidentSetSize of job (KB)
...
006 (63718.000.000) 08/02 11:04:58 Image size of job updated: 586444
	573  -  MemoryUsage of job (MB)
	586444  -  ResidentSetSize of job (KB)
...
006 (63718.000.000) 08/02 11:09:59 Image size of job updated: 695776
	680  -  MemoryUsage of job (MB)
	695776  -  ResidentSetSize of job (KB)
...
006 (63718.000.000) 08/02 11:15:00 Image size of job updated: 719408
	703  -  MemoryUsage of job (MB)
	719408  -  ResidentSetSize of job (KB)
...
006 (63718.000.000) 08/02 11:20:00 Image size of job updated: 754936
	738  -  MemoryUsage of job (MB)
	754936  -  ResidentSetSize of job (KB)
...
006 (63718.000.000) 08/02 11:25:00 Image size of job updated: 790928
	773  -  MemoryUsage of job (MB)
	790928  -  ResidentSetSize of job (KB)
...
006 (63718.000.000) 08/02 11:30:00 Image size of job updated: 826616
	808  -  MemoryUsage of job (MB)
	826616  -  ResidentSetSize of job (KB)
...
006 (63718.000.000) 08/02 11:50:02 Image size of job updated: 855240
	836  -  MemoryUsage of job (MB)
	855240  -  ResidentSetSize of job (KB)
...
006 (63718.000.000) 08/02 11:55:03 Image size of job updated: 857852
	838  -  MemoryUsage of job (MB)
	857852  -  ResidentSetSize of job (KB)
...
006 (63718.000.000) 08/02 12:00:04 Image size of job updated: 896484
	876  -  MemoryUsage of job (MB)
	896484  -  ResidentSetSize of job (KB)
...
006 (63718.000.000) 08/02 12:05:04 Image size of job updated: 924164
	903  -  MemoryUsage of job (MB)
	924164  -  ResidentSetSize of job (KB)
...
006 (63718.000.000) 08/02 12:10:04 Image size of job updated: 924164
	905  -  MemoryUsage of job (MB)
	926500  -  ResidentSetSize of job (KB)
...
006 (63718.000.000) 08/02 12:15:04 Image size of job updated: 1267196
	1238  -  MemoryUsage of job (MB)
	1267196  -  ResidentSetSize of job (KB)
...
006 (63718.000.000) 08/02 12:25:05 Image size of job updated: 1610024
	1573  -  MemoryUsage of job (MB)
	1610024  -  ResidentSetSize of job (KB)
...
006 (63718.000.000) 08/02 12:30:05 Image size of job updated: 1610024
	1573  -  MemoryUsage of job (MB)
	1610032  -  ResidentSetSize of job (KB)
...
006 (63718.000.000) 08/02 13:00:09 Image size of job updated: 1886688
	1843  -  MemoryUsage of job (MB)
	1886688  -  ResidentSetSize of job (KB)
...
006 (63718.000.000) 08/02 13:05:10 Image size of job updated: 1927200
	1883  -  MemoryUsage of job (MB)
	1927200  -  ResidentSetSize of job (KB)
...
006 (63718.000.000) 08/02 13:30:13 Image size of job updated: 2021492
	1975  -  MemoryUsage of job (MB)
	2021492  -  ResidentSetSize of job (KB)
...
006 (63718.000.000) 08/02 13:35:13 Image size of job updated: 2021492
	1975  -  MemoryUsage of job (MB)
	2021500  -  ResidentSetSize of job (KB)
...
006 (63718.000.000) 08/02 13:45:15 Image size of job updated: 2070628
	2023  -  MemoryUsage of job (MB)
	2070628  -  ResidentSetSize of job (KB)
...
006 (63718.000.000) 08/02 14:10:16 Image size of job updated: 2088388
	2040  -  MemoryUsage of job (MB)
	2088388  -  ResidentSetSize of job (KB)
...
006 (63718.000.000) 08/02 14:15:16 Image size of job updated: 2137700
	2088  -  MemoryUsage of job (MB)
	2137700  -  ResidentSetSize of job (KB)
...
006 (63718.000.000) 08/02 14:20:18 Image size of job updated: 2506616
	2448  -  MemoryUsage of job (MB)
	2506616  -  ResidentSetSize of job (KB)
...
006 (63718.000.000) 08/02 14:50:20 Image size of job updated: 2599368
	2537  -  MemoryUsage of job (MB)
	2597692  -  ResidentSetSize of job (KB)
...
006 (63718.000.000) 08/02 15:05:23 Image size of job updated: 2625508
	2537  -  MemoryUsage of job (MB)
	2597692  -  ResidentSetSize of job (KB)
...
006 (63718.000.000) 08/02 15:35:25 Image size of job updated: 2824848
	2537  -  MemoryUsage of job (MB)
	2597692  -  ResidentSetSize of job (KB)
...
006 (63718.000.000) 08/02 15:41:26 Image size of job updated: 2894432
	2537  -  MemoryUsage of job (MB)
	2597692  -  ResidentSetSize of job (KB)
...
006 (63718.000.000) 08/02 16:45:34 Image size of job updated: 3054492
	2537  -  MemoryUsage of job (MB)
	2597692  -  ResidentSetSize of job (KB)
...
006 (63718.000.000) 08/02 17:20:37 Image size of job updated: 3147040
	2537  -  MemoryUsage of job (MB)
	2597692  -  ResidentSetSize of job (KB)
...
006 (63718.000.000) 08/02 17:25:37 Image size of job updated: 3258888
	2537  -  MemoryUsage of job (MB)
	2597692  -  ResidentSetSize of job (KB)
...
006 (63718.000.000) 08/02 17:50:40 Image size of job updated: 3310664
	2537  -  MemoryUsage of job (MB)
	2597692  -  ResidentSetSize of job (KB)
...
006 (63718.000.000) 08/02 18:00:40 Image size of job updated: 3477792
	2537  -  MemoryUsage of job (MB)
	2597692  -  ResidentSetSize of job (KB)
...
006 (63718.000.000) 08/02 18:20:42 Image size of job updated: 3547116
	2537  -  MemoryUsage of job (MB)
	2597692  -  ResidentSetSize of job (KB)
...
006 (63718.000.000) 08/02 18:30:43 Image size of job updated: 3709588
	2537  -  MemoryUsage of job (MB)
	2597692  -  ResidentSetSize of job (KB)
...
006 (63718.000.000) 08/02 18:40:44 Image size of job updated: 3714964
	2537  -  MemoryUsage of job (MB)
	2597692  -  ResidentSetSize of job (KB)
...
006 (63718.000.000) 08/02 18:46:46 Image size of job updated: 3768684
	2537  -  MemoryUsage of job (MB)
	2597692  -  ResidentSetSize of job (KB)
...
006 (63718.000.000) 08/02 18:50:45 Image size of job updated: 3837120
	2537  -  MemoryUsage of job (MB)
	2597692  -  ResidentSetSize of job (KB)
...
006 (63718.000.000) 08/02 18:55:46 Image size of job updated: 3841084
	2537  -  MemoryUsage of job (MB)
	2597692  -  ResidentSetSize of job (KB)
...
006 (63718.000.000) 08/02 19:04:34 Image size of job updated: 3919520
	2537  -  MemoryUsage of job (MB)
	2597692  -  ResidentSetSize of job (KB)
...
006 (63718.000.000) 08/02 19:21:22 Image size of job updated: 3995104
	2537  -  MemoryUsage of job (MB)
	2597692  -  ResidentSetSize of job (KB)
...
006 (63718.000.000) 08/02 19:50:03 Image size of job updated: 4229488
	2537  -  MemoryUsage of job (MB)
	2597692  -  ResidentSetSize of job (KB)
...
006 (63718.000.000) 08/02 20:23:09 Image size of job updated: 4455268
	2594  -  MemoryUsage of job (MB)
	2656044  -  ResidentSetSize of job (KB)
...
006 (63718.000.000) 08/02 20:46:19 Image size of job updated: 4597024
	2774  -  MemoryUsage of job (MB)
	2840300  -  ResidentSetSize of job (KB)
...
006 (63718.000.000) 08/02 21:03:51 Image size of job updated: 4675708
	2774  -  MemoryUsage of job (MB)
	2840300  -  ResidentSetSize of job (KB)
...
006 (63718.000.000) 08/02 21:23:35 Image size of job updated: 4741532
	2774  -  MemoryUsage of job (MB)
	2840300  -  ResidentSetSize of job (KB)
...
006 (63718.000.000) 08/02 21:40:02 Image size of job updated: 4804368
	2827  -  MemoryUsage of job (MB)
	2894620  -  ResidentSetSize of job (KB)
...
006 (63718.000.000) 08/02 21:53:35 Image size of job updated: 4817372
	2827  -  MemoryUsage of job (MB)
	2894620  -  ResidentSetSize of job (KB)
...
006 (63718.000.000) 08/02 22:03:28 Image size of job updated: 4832904
	2842  -  MemoryUsage of job (MB)
	2909388  -  ResidentSetSize of job (KB)
...
006 (63718.000.000) 08/02 22:12:52 Image size of job updated: 4984908
	3096  -  MemoryUsage of job (MB)
	3169480  -  ResidentSetSize of job (KB)
...
006 (63718.000.000) 08/02 23:06:41 Image size of job updated: 4985572
	3096  -  MemoryUsage of job (MB)
	3169480  -  ResidentSetSize of job (KB)
...
006 (63718.000.000) 08/03 00:07:01 Image size of job updated: 4986168
	3096  -  MemoryUsage of job (MB)
	3169480  -  ResidentSetSize of job (KB)
...
022 (63718.000.000) 08/03 00:40:27 Job disconnected, attempting to reconnect
    Socket between submit and execute hosts closed unexpectedly
    Trying to reconnect to slot1_14@node008.ppe.gla.ac.uk <10.194.1.8:9618?addrs=10.194.1.8-9618+[--1]-9618&noUDP&sock=37221_16ac_3>
...
024 (63718.000.000) 08/03 01:20:27 Job reconnection failed
    Job disconnected too long: JobLeaseDuration (2400 seconds) expired
    Can not reconnect to slot1_14@node008.ppe.gla.ac.uk, rescheduling job
...
009 (63718.000.000) 08/03 10:40:42 Job was aborted by the user.
	via condor_rm (by user jnugent)
...
000 (66122.000.000) 08/10 13:31:30 Job submitted from host: <172.20.203.50:9618?addrs=172.20.203.50-9618+[--1]-9618&noUDP&sock=7405_cae4_4>
...
001 (66122.000.000) 08/10 13:31:41 Job executing on host: <10.194.1.6:9618?addrs=10.194.1.6-9618+[--1]-9618&noUDP&sock=26470_cbfa_3>
...
006 (66122.000.000) 08/10 13:31:49 Image size of job updated: 48112
	47  -  MemoryUsage of job (MB)
	48112  -  ResidentSetSize of job (KB)
...
006 (66122.000.000) 08/10 13:36:49 Image size of job updated: 883860
	854  -  MemoryUsage of job (MB)
	873484  -  ResidentSetSize of job (KB)
...
006 (66122.000.000) 08/10 14:01:52 Image size of job updated: 907344
	854  -  MemoryUsage of job (MB)
	873484  -  ResidentSetSize of job (KB)
...
006 (66122.000.000) 08/10 14:11:53 Image size of job updated: 1115628
	854  -  MemoryUsage of job (MB)
	873484  -  ResidentSetSize of job (KB)
...
006 (66122.000.000) 08/10 14:46:55 Image size of job updated: 1211632
	861  -  MemoryUsage of job (MB)
	880936  -  ResidentSetSize of job (KB)
...
006 (66122.000.000) 08/10 15:06:57 Image size of job updated: 1211632
	989  -  MemoryUsage of job (MB)
	1011840  -  ResidentSetSize of job (KB)
...
006 (66122.000.000) 08/10 15:21:59 Image size of job updated: 1277452
	989  -  MemoryUsage of job (MB)
	1011840  -  ResidentSetSize of job (KB)
...
006 (66122.000.000) 08/10 15:27:00 Image size of job updated: 1292692
	989  -  MemoryUsage of job (MB)
	1011840  -  ResidentSetSize of job (KB)
...
006 (66122.000.000) 08/10 15:57:02 Image size of job updated: 1326672
	989  -  MemoryUsage of job (MB)
	1011840  -  ResidentSetSize of job (KB)
...
006 (66122.000.000) 08/10 16:22:05 Image size of job updated: 1684776
	1022  -  MemoryUsage of job (MB)
	1046072  -  ResidentSetSize of job (KB)
...
006 (66122.000.000) 08/10 16:57:09 Image size of job updated: 1684776
	1220  -  MemoryUsage of job (MB)
	1248728  -  ResidentSetSize of job (KB)
...
006 (66122.000.000) 08/10 17:17:12 Image size of job updated: 1699420
	1220  -  MemoryUsage of job (MB)
	1248728  -  ResidentSetSize of job (KB)
...
006 (66122.000.000) 08/10 17:47:14 Image size of job updated: 1894400
	1220  -  MemoryUsage of job (MB)
	1248728  -  ResidentSetSize of job (KB)
...
006 (66122.000.000) 08/10 18:12:17 Image size of job updated: 2149508
	1220  -  MemoryUsage of job (MB)
	1248728  -  ResidentSetSize of job (KB)
...
006 (66122.000.000) 08/10 18:17:17 Image size of job updated: 2171020
	1220  -  MemoryUsage of job (MB)
	1248728  -  ResidentSetSize of job (KB)
...
006 (66122.000.000) 08/10 18:27:19 Image size of job updated: 2189868
	1220  -  MemoryUsage of job (MB)
	1248728  -  ResidentSetSize of job (KB)
...
006 (66122.000.000) 08/10 19:07:22 Image size of job updated: 2393812
	1220  -  MemoryUsage of job (MB)
	1248728  -  ResidentSetSize of job (KB)
...
006 (66122.000.000) 08/10 19:17:24 Image size of job updated: 2556132
	1220  -  MemoryUsage of job (MB)
	1248728  -  ResidentSetSize of job (KB)
...
006 (66122.000.000) 08/10 19:22:24 Image size of job updated: 2651244
	1220  -  MemoryUsage of job (MB)
	1248728  -  ResidentSetSize of job (KB)
...
006 (66122.000.000) 08/10 19:27:24 Image size of job updated: 2679284
	1220  -  MemoryUsage of job (MB)
	1248728  -  ResidentSetSize of job (KB)
...
006 (66122.000.000) 08/10 19:37:26 Image size of job updated: 2687128
	1220  -  MemoryUsage of job (MB)
	1248728  -  ResidentSetSize of job (KB)
...
006 (66122.000.000) 08/10 19:42:26 Image size of job updated: 2695116
	1220  -  MemoryUsage of job (MB)
	1248728  -  ResidentSetSize of job (KB)
...
006 (66122.000.000) 08/10 19:47:27 Image size of job updated: 2736988
	1220  -  MemoryUsage of job (MB)
	1248728  -  ResidentSetSize of job (KB)
...
006 (66122.000.000) 08/10 19:52:28 Image size of job updated: 2776400
	1220  -  MemoryUsage of job (MB)
	1248728  -  ResidentSetSize of job (KB)
...
006 (66122.000.000) 08/10 19:57:28 Image size of job updated: 2798552
	1220  -  MemoryUsage of job (MB)
	1248728  -  ResidentSetSize of job (KB)
...
006 (66122.000.000) 08/10 20:02:28 Image size of job updated: 2825692
	1220  -  MemoryUsage of job (MB)
	1248728  -  ResidentSetSize of job (KB)
...
006 (66122.000.000) 08/10 20:10:25 Image size of job updated: 2840788
	1220  -  MemoryUsage of job (MB)
	1248728  -  ResidentSetSize of job (KB)
...
006 (66122.000.000) 08/10 20:19:55 Image size of job updated: 2861236
	1220  -  MemoryUsage of job (MB)
	1248728  -  ResidentSetSize of job (KB)
...
006 (66122.000.000) 08/10 20:28:59 Image size of job updated: 2889836
	1220  -  MemoryUsage of job (MB)
	1248728  -  ResidentSetSize of job (KB)
...
006 (66122.000.000) 08/10 20:34:50 Image size of job updated: 2952964
	1220  -  MemoryUsage of job (MB)
	1248728  -  ResidentSetSize of job (KB)
...
006 (66122.000.000) 08/10 20:40:41 Image size of job updated: 2961776
	1220  -  MemoryUsage of job (MB)
	1248728  -  ResidentSetSize of job (KB)
...
006 (66122.000.000) 08/10 20:50:18 Image size of job updated: 2997496
	1220  -  MemoryUsage of job (MB)
	1248728  -  ResidentSetSize of job (KB)
...
006 (66122.000.000) 08/10 20:55:18 Image size of job updated: 3122836
	1438  -  MemoryUsage of job (MB)
	1472024  -  ResidentSetSize of job (KB)
...
006 (66122.000.000) 08/10 21:00:19 Image size of job updated: 3184340
	1493  -  MemoryUsage of job (MB)
	1527956  -  ResidentSetSize of job (KB)
...
006 (66122.000.000) 08/10 21:10:20 Image size of job updated: 3184804
	1493  -  MemoryUsage of job (MB)
	1527956  -  ResidentSetSize of job (KB)
...
006 (66122.000.000) 08/10 21:25:22 Image size of job updated: 3184804
	1527  -  MemoryUsage of job (MB)
	1562800  -  ResidentSetSize of job (KB)
...
006 (66122.000.000) 08/10 21:30:23 Image size of job updated: 3184804
	1662  -  MemoryUsage of job (MB)
	1701200  -  ResidentSetSize of job (KB)
...
006 (66122.000.000) 08/10 21:35:23 Image size of job updated: 3184804
	1674  -  MemoryUsage of job (MB)
	1713884  -  ResidentSetSize of job (KB)
...
006 (66122.000.000) 08/10 21:45:25 Image size of job updated: 3184804
	1767  -  MemoryUsage of job (MB)
	1808928  -  ResidentSetSize of job (KB)
...
006 (66122.000.000) 08/10 21:50:25 Image size of job updated: 3185940
	2067  -  MemoryUsage of job (MB)
	2115664  -  ResidentSetSize of job (KB)
...
006 (66122.000.000) 08/11 01:13:26 Image size of job updated: 3425300
	2067  -  MemoryUsage of job (MB)
	2115664  -  ResidentSetSize of job (KB)
...
006 (66122.000.000) 08/11 01:23:27 Image size of job updated: 3443176
	2067  -  MemoryUsage of job (MB)
	2115664  -  ResidentSetSize of job (KB)
...
006 (66122.000.000) 08/11 01:28:27 Image size of job updated: 3452456
	2067  -  MemoryUsage of job (MB)
	2115664  -  ResidentSetSize of job (KB)
...
006 (66122.000.000) 08/11 02:08:33 Image size of job updated: 3518188
	2067  -  MemoryUsage of job (MB)
	2115664  -  ResidentSetSize of job (KB)
...
006 (66122.000.000) 08/11 02:13:33 Image size of job updated: 3699504
	2067  -  MemoryUsage of job (MB)
	2115664  -  ResidentSetSize of job (KB)
...
006 (66122.000.000) 08/11 02:28:34 Image size of job updated: 3900952
	2095  -  MemoryUsage of job (MB)
	2145024  -  ResidentSetSize of job (KB)
...
006 (66122.000.000) 08/11 02:33:34 Image size of job updated: 3939064
	2167  -  MemoryUsage of job (MB)
	2218084  -  ResidentSetSize of job (KB)
...
006 (66122.000.000) 08/11 02:38:35 Image size of job updated: 4011588
	2290  -  MemoryUsage of job (MB)
	2344032  -  ResidentSetSize of job (KB)
...
006 (66122.000.000) 08/11 02:43:36 Image size of job updated: 4035088
	2306  -  MemoryUsage of job (MB)
	2360856  -  ResidentSetSize of job (KB)
...
006 (66122.000.000) 08/11 02:48:36 Image size of job updated: 4069452
	2365  -  MemoryUsage of job (MB)
	2421332  -  ResidentSetSize of job (KB)
...
006 (66122.000.000) 08/11 02:53:36 Image size of job updated: 4098604
	2408  -  MemoryUsage of job (MB)
	2465724  -  ResidentSetSize of job (KB)
...
006 (66122.000.000) 08/11 02:58:37 Image size of job updated: 4113952
	2438  -  MemoryUsage of job (MB)
	2495576  -  ResidentSetSize of job (KB)
...
006 (66122.000.000) 08/11 03:04:25 Image size of job updated: 4181184
	2498  -  MemoryUsage of job (MB)
	2557676  -  ResidentSetSize of job (KB)
...
006 (66122.000.000) 08/11 03:08:37 Image size of job updated: 4215648
	2556  -  MemoryUsage of job (MB)
	2616436  -  ResidentSetSize of job (KB)
...
006 (66122.000.000) 08/11 03:13:37 Image size of job updated: 4273676
	2628  -  MemoryUsage of job (MB)
	2690732  -  ResidentSetSize of job (KB)
...
006 (66122.000.000) 08/11 03:18:38 Image size of job updated: 4289568
	2639  -  MemoryUsage of job (MB)
	2701504  -  ResidentSetSize of job (KB)
...
006 (66122.000.000) 08/11 03:23:39 Image size of job updated: 4302068
	2660  -  MemoryUsage of job (MB)
	2723816  -  ResidentSetSize of job (KB)
...
006 (66122.000.000) 08/11 03:29:55 Image size of job updated: 4330936
	2710  -  MemoryUsage of job (MB)
	2774432  -  ResidentSetSize of job (KB)
...
006 (66122.000.000) 08/11 03:33:59 Image size of job updated: 4356500
	2751  -  MemoryUsage of job (MB)
	2816672  -  ResidentSetSize of job (KB)
...
006 (66122.000.000) 08/11 03:39:00 Image size of job updated: 4424592
	2802  -  MemoryUsage of job (MB)
	2868740  -  ResidentSetSize of job (KB)
...
006 (66122.000.000) 08/11 03:44:01 Image size of job updated: 4441196
	2802  -  MemoryUsage of job (MB)
	2868740  -  ResidentSetSize of job (KB)
...
006 (66122.000.000) 08/11 03:49:15 Image size of job updated: 4496652
	2846  -  MemoryUsage of job (MB)
	2913780  -  ResidentSetSize of job (KB)
...
006 (66122.000.000) 08/11 03:55:03 Image size of job updated: 4577648
	2890  -  MemoryUsage of job (MB)
	2959044  -  ResidentSetSize of job (KB)
...
006 (66122.000.000) 08/11 03:59:06 Image size of job updated: 4588596
	2890  -  MemoryUsage of job (MB)
	2959044  -  ResidentSetSize of job (KB)
...
006 (66122.000.000) 08/11 04:04:27 Image size of job updated: 4614092
	2901  -  MemoryUsage of job (MB)
	2969912  -  ResidentSetSize of job (KB)
...
006 (66122.000.000) 08/11 04:09:20 Image size of job updated: 4622164
	2901  -  MemoryUsage of job (MB)
	2969912  -  ResidentSetSize of job (KB)
...
006 (66122.000.000) 08/11 04:14:12 Image size of job updated: 4638020
	2921  -  MemoryUsage of job (MB)
	2990316  -  ResidentSetSize of job (KB)
...
006 (66122.000.000) 08/11 04:19:18 Image size of job updated: 4653000
	2933  -  MemoryUsage of job (MB)
	3003128  -  ResidentSetSize of job (KB)
...
006 (66122.000.000) 08/11 04:25:08 Image size of job updated: 4663564
	2952  -  MemoryUsage of job (MB)
	3021936  -  ResidentSetSize of job (KB)
...
006 (66122.000.000) 08/11 04:29:40 Image size of job updated: 4676896
	2969  -  MemoryUsage of job (MB)
	3040220  -  ResidentSetSize of job (KB)
...
006 (66122.000.000) 08/11 04:38:05 Image size of job updated: 4693092
	2992  -  MemoryUsage of job (MB)
	3063004  -  ResidentSetSize of job (KB)
...
006 (66122.000.000) 08/11 04:48:23 Image size of job updated: 4706628
	3013  -  MemoryUsage of job (MB)
	3084992  -  ResidentSetSize of job (KB)
...
006 (66122.000.000) 08/11 05:10:19 Image size of job updated: 4825296
	3071  -  MemoryUsage of job (MB)
	3144608  -  ResidentSetSize of job (KB)
...
006 (66122.000.000) 08/11 05:49:07 Image size of job updated: 5127108
	3182  -  MemoryUsage of job (MB)
	3257728  -  ResidentSetSize of job (KB)
...
006 (66122.000.000) 08/11 06:05:05 Image size of job updated: 5189468
	3182  -  MemoryUsage of job (MB)
	3257728  -  ResidentSetSize of job (KB)
...
005 (66122.000.000) 08/11 06:05:08 Job terminated.
	(1) Normal termination (return value 137)
		Usr 0 06:56:27, Sys 0 00:18:50  -  Run Remote Usage
		Usr 0 00:00:00, Sys 0 00:00:00  -  Run Local Usage
		Usr 0 06:56:27, Sys 0 00:18:50  -  Total Remote Usage
		Usr 0 00:00:00, Sys 0 00:00:00  -  Total Local Usage
	5232  -  Run Bytes Sent By Job
	238  -  Run Bytes Received By Job
	5232  -  Total Bytes Sent By Job
	238  -  Total Bytes Received By Job
	Partitionable Resources :    Usage  Request Allocated
	   Cpus                 :                 1         1
	   Disk (KB)            :       15        1  10478997
	   Memory (MB)          :     3182     1024      1024
...
000 (458.000.000) 08/27 11:47:41 Job submitted from host: <194.36.1.211:9618?addrs=194.36.1.211-9618+[--1]-9618&noUDP&sock=1189_2232_3>
...
009 (458.000.000) 08/27 11:48:15 Job was aborted by the user.
	via condor_rm (by user jnugent)
...
000 (66279.000.000) 08/27 11:48:35 Job submitted from host: <172.20.203.50:9618?addrs=172.20.203.50-9618+[--1]-9618&noUDP&sock=7405_cae4_4>
...
022 (66279.000.000) 08/27 11:48:55 Job disconnected, attempting to reconnect
    Socket between submit and execute hosts closed unexpectedly
    Trying to reconnect to slot1_9@node006.ppe.gla.ac.uk <10.194.1.6:9618?addrs=10.194.1.6-9618+[--1]-9618&noUDP&sock=26470_cbfa_3>
...
024 (66279.000.000) 08/27 11:49:03 Job reconnection failed
    Job not found at execution machine
    Can not reconnect to slot1_9@node006.ppe.gla.ac.uk, rescheduling job
...
001 (66279.000.000) 08/27 11:49:54 Job executing on host: <10.194.1.8:9618?addrs=10.194.1.8-9618+[--1]-9618&noUDP&sock=16892_15e0_12>
...
006 (66279.000.000) 08/27 11:50:03 Image size of job updated: 101008
	99  -  MemoryUsage of job (MB)
	101008  -  ResidentSetSize of job (KB)
...
006 (66279.000.000) 08/27 11:55:04 Image size of job updated: 738892
	722  -  MemoryUsage of job (MB)
	738892  -  ResidentSetSize of job (KB)
...
006 (66279.000.000) 08/27 12:05:04 Image size of job updated: 869716
	850  -  MemoryUsage of job (MB)
	869716  -  ResidentSetSize of job (KB)
...
006 (66279.000.000) 08/27 12:10:05 Image size of job updated: 944416
	923  -  MemoryUsage of job (MB)
	944416  -  ResidentSetSize of job (KB)
...
006 (66279.000.000) 08/27 12:25:07 Image size of job updated: 1041288
	1017  -  MemoryUsage of job (MB)
	1041288  -  ResidentSetSize of job (KB)
...
006 (66279.000.000) 08/27 12:35:08 Image size of job updated: 1190884
	1163  -  MemoryUsage of job (MB)
	1190884  -  ResidentSetSize of job (KB)
...
006 (66279.000.000) 08/27 13:15:11 Image size of job updated: 1551732
	1516  -  MemoryUsage of job (MB)
	1551732  -  ResidentSetSize of job (KB)
...
006 (66279.000.000) 08/27 14:05:15 Image size of job updated: 1869212
	1762  -  MemoryUsage of job (MB)
	1803716  -  ResidentSetSize of job (KB)
...
006 (66279.000.000) 08/27 14:45:19 Image size of job updated: 1935264
	1762  -  MemoryUsage of job (MB)
	1803716  -  ResidentSetSize of job (KB)
...
006 (66279.000.000) 08/27 15:35:26 Image size of job updated: 1997692
	1762  -  MemoryUsage of job (MB)
	1803716  -  ResidentSetSize of job (KB)
...
006 (66279.000.000) 08/27 15:50:28 Image size of job updated: 2306332
	1762  -  MemoryUsage of job (MB)
	1803716  -  ResidentSetSize of job (KB)
...
006 (66279.000.000) 08/27 15:55:28 Image size of job updated: 2445804
	1762  -  MemoryUsage of job (MB)
	1803716  -  ResidentSetSize of job (KB)
...
006 (66279.000.000) 08/27 16:15:30 Image size of job updated: 2914336
	1940  -  MemoryUsage of job (MB)
	1985812  -  ResidentSetSize of job (KB)
...
006 (66279.000.000) 08/27 16:23:23 Image size of job updated: 3261708
	1940  -  MemoryUsage of job (MB)
	1985812  -  ResidentSetSize of job (KB)
...
022 (66279.000.000) 08/27 17:41:51 Job disconnected, attempting to reconnect
    Socket between submit and execute hosts closed unexpectedly
    Trying to reconnect to slot1_36@node008.ppe.gla.ac.uk <10.194.1.8:9618?addrs=10.194.1.8-9618+[--1]-9618&noUDP&sock=16892_15e0_12>
...
024 (66279.000.000) 08/27 17:41:51 Job reconnection failed
    Job disconnected too long: JobLeaseDuration (2400 seconds) expired
    Can not reconnect to slot1_36@node008.ppe.gla.ac.uk, rescheduling job
...
022 (66279.000.000) 08/27 17:42:24 Job disconnected, attempting to reconnect
    Socket between submit and execute hosts closed unexpectedly
    Trying to reconnect to slot1_24@node006.ppe.gla.ac.uk <10.194.1.6:9618?addrs=10.194.1.6-9618+[--1]-9618&noUDP&sock=26470_cbfa_3>
...
024 (66279.000.000) 08/27 17:42:32 Job reconnection failed
    Job not found at execution machine
    Can not reconnect to slot1_24@node006.ppe.gla.ac.uk, rescheduling job
...
022 (66279.000.000) 08/27 17:43:23 Job disconnected, attempting to reconnect
    Socket between submit and execute hosts closed unexpectedly
    Trying to reconnect to slot1_24@node006.ppe.gla.ac.uk <10.194.1.6:9618?addrs=10.194.1.6-9618+[--1]-9618&noUDP&sock=26470_cbfa_3>
...
024 (66279.000.000) 08/27 17:43:31 Job reconnection failed
    Job not found at execution machine
    Can not reconnect to slot1_24@node006.ppe.gla.ac.uk, rescheduling job
...
022 (66279.000.000) 08/27 17:43:44 Job disconnected, attempting to reconnect
    Socket between submit and execute hosts closed unexpectedly
    Trying to reconnect to slot1_24@node006.ppe.gla.ac.uk <10.194.1.6:9618?addrs=10.194.1.6-9618+[--1]-9618&noUDP&sock=26470_cbfa_3>
...
024 (66279.000.000) 08/27 17:43:52 Job reconnection failed
    Job not found at execution machine
    Can not reconnect to slot1_24@node006.ppe.gla.ac.uk, rescheduling job
...
001 (66279.000.000) 08/27 17:44:42 Job executing on host: <10.194.1.8:9618?addrs=10.194.1.8-9618+[--1]-9618&noUDP&sock=18553_64af_3>
...
022 (66279.000.000) 08/28 02:48:08 Job disconnected, attempting to reconnect
    Socket between submit and execute hosts closed unexpectedly
    Trying to reconnect to slot1_13@node008.ppe.gla.ac.uk <10.194.1.8:9618?addrs=10.194.1.8-9618+[--1]-9618&noUDP&sock=18553_64af_3>
...
024 (66279.000.000) 08/28 02:48:08 Job reconnection failed
    Job disconnected too long: JobLeaseDuration (2400 seconds) expired
    Can not reconnect to slot1_13@node008.ppe.gla.ac.uk, rescheduling job
...
022 (66279.000.000) 08/28 02:48:38 Job disconnected, attempting to reconnect
    Socket between submit and execute hosts closed unexpectedly
    Trying to reconnect to slot1_6@node006.ppe.gla.ac.uk <10.194.1.6:9618?addrs=10.194.1.6-9618+[--1]-9618&noUDP&sock=26470_cbfa_3>
...
024 (66279.000.000) 08/28 02:48:46 Job reconnection failed
    Job not found at execution machine
    Can not reconnect to slot1_6@node006.ppe.gla.ac.uk, rescheduling job
...
001 (66279.000.000) 08/28 02:49:19 Job executing on host: <10.194.1.4:9618?addrs=10.194.1.4-9618+[--1]-9618&noUDP&sock=21589_d637_3>
...
005 (66279.000.000) 08/28 17:30:41 Job terminated.
	(1) Normal termination (return value 135)
		Usr 0 00:30:41, Sys 0 00:07:11  -  Run Remote Usage
		Usr 0 00:00:00, Sys 0 00:00:00  -  Run Local Usage
		Usr 0 00:30:41, Sys 0 00:07:11  -  Total Remote Usage
		Usr 0 00:00:00, Sys 0 00:00:00  -  Total Local Usage
	5231  -  Run Bytes Sent By Job
	238  -  Run Bytes Received By Job
	5231  -  Total Bytes Sent By Job
	714  -  Total Bytes Received By Job
	Partitionable Resources :    Usage  Request Allocated
	   Cpus                 :                 1         1
	   Disk (KB)            :       25       17   4187667
	   Memory (MB)          :     1954     1024      1024
...
000 (579.000.000) 08/28 17:54:01 Job submitted from host: <194.36.1.211:9618?addrs=194.36.1.211-9618+[--1]-9618&noUDP&sock=1189_2232_3>
...
009 (579.000.000) 08/28 17:54:57 Job was aborted by the user.
	via condor_rm (by user jnugent)
...
000 (66402.000.000) 08/28 17:55:41 Job submitted from host: <172.20.203.50:9618?addrs=172.20.203.50-9618+[--1]-9618&noUDP&sock=7405_cae4_4>
...
001 (66402.000.000) 08/28 17:55:55 Job executing on host: <10.194.1.4:9618?addrs=10.194.1.4-9618+[--1]-9618&noUDP&sock=21589_d637_3>
...
006 (66402.000.000) 08/28 17:56:04 Image size of job updated: 335188
	328  -  MemoryUsage of job (MB)
	335188  -  ResidentSetSize of job (KB)
...
004 (66402.000.000) 08/28 17:56:55 Job was evicted.
	(0) Job was not checkpointed.
		Usr 0 00:00:57, Sys 0 00:00:02  -  Run Remote Usage
		Usr 0 00:00:00, Sys 0 00:00:00  -  Run Local Usage
	0  -  Run Bytes Sent By Job
	238  -  Run Bytes Received By Job
	Partitionable Resources :    Usage  Request Allocated
	   Cpus                 :                 1         1
	   Disk (KB)            :       15        1   4187667
	   Memory (MB)          :      328     1024      1024
...
009 (66402.000.000) 08/28 17:56:55 Job was aborted by the user.
	via condor_rm (by user jnugent)
...
000 (66502.000.000) 08/28 17:59:37 Job submitted from host: <172.20.203.50:9618?addrs=172.20.203.50-9618+[--1]-9618&noUDP&sock=7405_cae4_4>
...
001 (66502.000.000) 08/28 17:59:56 Job executing on host: <10.194.1.8:9618?addrs=10.194.1.8-9618+[--1]-9618&noUDP&sock=18553_64af_6>
...
006 (66502.000.000) 08/28 18:00:05 Image size of job updated: 373524
	365  -  MemoryUsage of job (MB)
	373524  -  ResidentSetSize of job (KB)
...
006 (66502.000.000) 08/28 18:05:06 Image size of job updated: 532756
	521  -  MemoryUsage of job (MB)
	532756  -  ResidentSetSize of job (KB)
...
006 (66502.000.000) 08/28 18:10:07 Image size of job updated: 553304
	541  -  MemoryUsage of job (MB)
	553304  -  ResidentSetSize of job (KB)
...
006 (66502.000.000) 08/28 18:15:07 Image size of job updated: 716380
	700  -  MemoryUsage of job (MB)
	716380  -  ResidentSetSize of job (KB)
...
006 (66502.000.000) 08/28 18:35:08 Image size of job updated: 800868
	783  -  MemoryUsage of job (MB)
	800868  -  ResidentSetSize of job (KB)
...
006 (66502.000.000) 08/28 18:50:10 Image size of job updated: 855504
	836  -  MemoryUsage of job (MB)
	855504  -  ResidentSetSize of job (KB)
...
006 (66502.000.000) 08/28 19:10:13 Image size of job updated: 888776
	868  -  MemoryUsage of job (MB)
	888776  -  ResidentSetSize of job (KB)
...
006 (66502.000.000) 08/28 19:20:14 Image size of job updated: 970712
	948  -  MemoryUsage of job (MB)
	970712  -  ResidentSetSize of job (KB)
...
006 (66502.000.000) 08/28 19:25:14 Image size of job updated: 1171052
	1144  -  MemoryUsage of job (MB)
	1171052  -  ResidentSetSize of job (KB)
...
006 (66502.000.000) 08/28 19:30:15 Image size of job updated: 1235608
	1207  -  MemoryUsage of job (MB)
	1235608  -  ResidentSetSize of job (KB)
...
006 (66502.000.000) 08/28 19:35:15 Image size of job updated: 1285648
	1256  -  MemoryUsage of job (MB)
	1285648  -  ResidentSetSize of job (KB)
...
006 (66502.000.000) 08/28 20:05:18 Image size of job updated: 1349880
	1308  -  MemoryUsage of job (MB)
	1339140  -  ResidentSetSize of job (KB)
...
006 (66502.000.000) 08/28 20:35:22 Image size of job updated: 1470716
	1308  -  MemoryUsage of job (MB)
	1339140  -  ResidentSetSize of job (KB)
...
006 (66502.000.000) 08/28 20:50:23 Image size of job updated: 1586844
	1308  -  MemoryUsage of job (MB)
	1339140  -  ResidentSetSize of job (KB)
...
006 (66502.000.000) 08/28 21:00:24 Image size of job updated: 1600992
	1308  -  MemoryUsage of job (MB)
	1339140  -  ResidentSetSize of job (KB)
...
006 (66502.000.000) 08/28 21:05:25 Image size of job updated: 1787980
	1313  -  MemoryUsage of job (MB)
	1344000  -  ResidentSetSize of job (KB)
...
006 (66502.000.000) 08/28 21:25:27 Image size of job updated: 1900300
	1425  -  MemoryUsage of job (MB)
	1459112  -  ResidentSetSize of job (KB)
...
006 (66502.000.000) 08/28 21:35:27 Image size of job updated: 1956812
	1485  -  MemoryUsage of job (MB)
	1519832  -  ResidentSetSize of job (KB)
...
006 (66502.000.000) 08/28 21:40:28 Image size of job updated: 2014448
	1541  -  MemoryUsage of job (MB)
	1577468  -  ResidentSetSize of job (KB)
...
006 (66502.000.000) 08/28 22:00:31 Image size of job updated: 2067792
	1593  -  MemoryUsage of job (MB)
	1630852  -  ResidentSetSize of job (KB)
...
006 (66502.000.000) 08/28 22:15:32 Image size of job updated: 2247904
	1685  -  MemoryUsage of job (MB)
	1724836  -  ResidentSetSize of job (KB)
...
006 (66502.000.000) 08/28 22:28:29 Image size of job updated: 2264044
	1685  -  MemoryUsage of job (MB)
	1724836  -  ResidentSetSize of job (KB)
...
006 (66502.000.000) 08/28 22:52:23 Image size of job updated: 2637396
	2025  -  MemoryUsage of job (MB)
	2072872  -  ResidentSetSize of job (KB)
...
006 (66502.000.000) 08/28 23:22:59 Image size of job updated: 2646492
	2210  -  MemoryUsage of job (MB)
	2262384  -  ResidentSetSize of job (KB)
...
006 (66502.000.000) 08/29 00:56:17 Image size of job updated: 2934984
	2210  -  MemoryUsage of job (MB)
	2262384  -  ResidentSetSize of job (KB)
...
006 (66502.000.000) 08/29 01:01:17 Image size of job updated: 2991452
	2210  -  MemoryUsage of job (MB)
	2262384  -  ResidentSetSize of job (KB)
...
006 (66502.000.000) 08/29 01:21:19 Image size of job updated: 3185312
	2210  -  MemoryUsage of job (MB)
	2262384  -  ResidentSetSize of job (KB)
...
006 (66502.000.000) 08/29 02:01:24 Image size of job updated: 3295224
	2210  -  MemoryUsage of job (MB)
	2262384  -  ResidentSetSize of job (KB)
...
006 (66502.000.000) 08/29 02:26:26 Image size of job updated: 3362820
	2210  -  MemoryUsage of job (MB)
	2262384  -  ResidentSetSize of job (KB)
...
006 (66502.000.000) 08/29 02:31:27 Image size of job updated: 3499024
	2210  -  MemoryUsage of job (MB)
	2262384  -  ResidentSetSize of job (KB)
...
006 (66502.000.000) 08/29 03:11:32 Image size of job updated: 3567980
	2269  -  MemoryUsage of job (MB)
	2322604  -  ResidentSetSize of job (KB)
...
006 (66502.000.000) 08/29 03:21:33 Image size of job updated: 4078096
	2767  -  MemoryUsage of job (MB)
	2832716  -  ResidentSetSize of job (KB)
...
006 (66502.000.000) 08/29 03:46:36 Image size of job updated: 4170284
	2857  -  MemoryUsage of job (MB)
	2924876  -  ResidentSetSize of job (KB)
...
006 (66502.000.000) 08/29 03:51:36 Image size of job updated: 4252284
	2937  -  MemoryUsage of job (MB)
	3006876  -  ResidentSetSize of job (KB)
...
006 (66502.000.000) 08/29 04:46:43 Image size of job updated: 4304360
	2988  -  MemoryUsage of job (MB)
	3058940  -  ResidentSetSize of job (KB)
...
006 (66502.000.000) 08/29 04:51:43 Image size of job updated: 4507352
	3186  -  MemoryUsage of job (MB)
	3261932  -  ResidentSetSize of job (KB)
...
006 (66502.000.000) 08/29 05:16:45 Image size of job updated: 4758500
	3408  -  MemoryUsage of job (MB)
	3489196  -  ResidentSetSize of job (KB)
...
006 (66502.000.000) 08/29 06:06:50 Image size of job updated: 4913696
	3408  -  MemoryUsage of job (MB)
	3489196  -  ResidentSetSize of job (KB)
...
006 (66502.000.000) 08/29 06:41:55 Image size of job updated: 4981056
	3408  -  MemoryUsage of job (MB)
	3489196  -  ResidentSetSize of job (KB)
...
006 (66502.000.000) 08/29 06:46:56 Image size of job updated: 5220436
	3408  -  MemoryUsage of job (MB)
	3489196  -  ResidentSetSize of job (KB)
...
006 (66502.000.000) 08/29 07:16:59 Image size of job updated: 5260616
	3408  -  MemoryUsage of job (MB)
	3489196  -  ResidentSetSize of job (KB)
...
006 (66502.000.000) 08/29 08:43:55 Image size of job updated: 5324100
	3408  -  MemoryUsage of job (MB)
	3489196  -  ResidentSetSize of job (KB)
...
006 (66502.000.000) 08/29 08:48:56 Image size of job updated: 5797340
	3570  -  MemoryUsage of job (MB)
	3655156  -  ResidentSetSize of job (KB)
...
006 (66502.000.000) 08/29 08:58:56 Image size of job updated: 5822300
	3570  -  MemoryUsage of job (MB)
	3655156  -  ResidentSetSize of job (KB)
...
006 (66502.000.000) 08/29 21:07:36 Image size of job updated: 5928720
	3570  -  MemoryUsage of job (MB)
	3655156  -  ResidentSetSize of job (KB)
...
006 (66502.000.000) 08/29 21:21:20 Image size of job updated: 6339000
	3897  -  MemoryUsage of job (MB)
	3989748  -  ResidentSetSize of job (KB)
...
006 (66502.000.000) 08/29 21:33:57 Image size of job updated: 6511660
	3983  -  MemoryUsage of job (MB)
	4077980  -  ResidentSetSize of job (KB)
...
006 (66502.000.000) 08/29 21:51:31 Image size of job updated: 6511660
	3994  -  MemoryUsage of job (MB)
	4089328  -  ResidentSetSize of job (KB)
...
006 (66502.000.000) 08/29 22:11:16 Image size of job updated: 6511788
	3994  -  MemoryUsage of job (MB)
	4089328  -  ResidentSetSize of job (KB)
...
006 (66502.000.000) 08/30 00:16:52 Image size of job updated: 6511852
	3994  -  MemoryUsage of job (MB)
	4089328  -  ResidentSetSize of job (KB)
...
006 (66502.000.000) 08/30 00:41:22 Image size of job updated: 6511864
	3994  -  MemoryUsage of job (MB)
	4089328  -  ResidentSetSize of job (KB)
...
022 (66502.000.000) 08/30 01:08:46 Job disconnected, attempting to reconnect
    Socket between submit and execute hosts closed unexpectedly
    Trying to reconnect to slot1_16@node008.ppe.gla.ac.uk <10.194.1.8:9618?addrs=10.194.1.8-9618+[--1]-9618&noUDP&sock=18553_64af_6>
...
024 (66502.000.000) 08/30 01:48:46 Job reconnection failed
    Job disconnected too long: JobLeaseDuration (2400 seconds) expired
    Can not reconnect to slot1_16@node008.ppe.gla.ac.uk, rescheduling job
...
001 (66502.000.000) 08/30 01:54:40 Job executing on host: <10.194.1.8:9618?addrs=10.194.1.8-9618+[--1]-9618&noUDP&sock=5976_9e0e_3>
...
005 (66502.000.000) 08/30 15:23:26 Job terminated.
	(1) Normal termination (return value 135)
		Usr 0 09:38:23, Sys 0 00:16:54  -  Run Remote Usage
		Usr 0 00:00:00, Sys 0 00:00:00  -  Run Local Usage
		Usr 0 09:38:23, Sys 0 00:16:54  -  Total Remote Usage
		Usr 0 00:00:00, Sys 0 00:00:00  -  Total Local Usage
	168503  -  Run Bytes Sent By Job
	238  -  Run Bytes Received By Job
	168503  -  Total Bytes Sent By Job
	476  -  Total Bytes Received By Job
	Partitionable Resources :    Usage  Request Allocated
	   Cpus                 :                 1         1
	   Disk (KB)            :     4000     4000  10479108
	   Memory (MB)          :     4151     1024      1024
...
