000 (96847.000.000) 09/23 16:58:49 Job submitted from host: <172.20.203.50:9618?addrs=172.20.203.50-9618+[--1]-9618&noUDP&sock=7405_cae4_4>
...
001 (96847.000.000) 09/23 16:58:58 Job executing on host: <10.194.1.4:9618?addrs=10.194.1.4-9618+[--1]-9618&noUDP&sock=21589_d637_3>
...
006 (96847.000.000) 09/23 16:59:06 Image size of job updated: 50792
	50  -  MemoryUsage of job (MB)
	50792  -  ResidentSetSize of job (KB)
...
006 (96847.000.000) 09/23 17:04:06 Image size of job updated: 755356
	738  -  MemoryUsage of job (MB)
	755356  -  ResidentSetSize of job (KB)
...
006 (96847.000.000) 09/23 17:19:08 Image size of job updated: 1109912
	1084  -  MemoryUsage of job (MB)
	1109912  -  ResidentSetSize of job (KB)
...
006 (96847.000.000) 09/23 17:39:10 Image size of job updated: 1113968
	1088  -  MemoryUsage of job (MB)
	1113968  -  ResidentSetSize of job (KB)
...
006 (96847.000.000) 09/23 17:49:11 Image size of job updated: 1244960
	1216  -  MemoryUsage of job (MB)
	1244960  -  ResidentSetSize of job (KB)
...
006 (96847.000.000) 09/23 18:19:15 Image size of job updated: 1291220
	1216  -  MemoryUsage of job (MB)
	1244960  -  ResidentSetSize of job (KB)
...
006 (96847.000.000) 09/23 18:24:15 Image size of job updated: 1390852
	1216  -  MemoryUsage of job (MB)
	1244960  -  ResidentSetSize of job (KB)
...
006 (96847.000.000) 09/23 18:29:15 Image size of job updated: 1716068
	1262  -  MemoryUsage of job (MB)
	1291568  -  ResidentSetSize of job (KB)
...
006 (96847.000.000) 09/23 18:34:16 Image size of job updated: 1716068
	1361  -  MemoryUsage of job (MB)
	1392660  -  ResidentSetSize of job (KB)
...
006 (96847.000.000) 09/23 18:39:18 Image size of job updated: 1716068
	1576  -  MemoryUsage of job (MB)
	1613116  -  ResidentSetSize of job (KB)
...
006 (96847.000.000) 09/23 19:09:19 Image size of job updated: 1884192
	1576  -  MemoryUsage of job (MB)
	1613116  -  ResidentSetSize of job (KB)
...
006 (96847.000.000) 09/23 19:19:20 Image size of job updated: 1901720
	1576  -  MemoryUsage of job (MB)
	1613116  -  ResidentSetSize of job (KB)
...
006 (96847.000.000) 09/23 19:44:23 Image size of job updated: 2197272
	1576  -  MemoryUsage of job (MB)
	1613116  -  ResidentSetSize of job (KB)
...
006 (96847.000.000) 09/23 19:49:23 Image size of job updated: 2386340
	1576  -  MemoryUsage of job (MB)
	1613116  -  ResidentSetSize of job (KB)
...
006 (96847.000.000) 09/23 20:24:27 Image size of job updated: 2558620
	1576  -  MemoryUsage of job (MB)
	1613116  -  ResidentSetSize of job (KB)
...
006 (96847.000.000) 09/23 20:29:28 Image size of job updated: 2607376
	1576  -  MemoryUsage of job (MB)
	1613116  -  ResidentSetSize of job (KB)
...
006 (96847.000.000) 09/23 20:34:29 Image size of job updated: 2647556
	1576  -  MemoryUsage of job (MB)
	1613116  -  ResidentSetSize of job (KB)
...
006 (96847.000.000) 09/23 20:44:29 Image size of job updated: 2658472
	1576  -  MemoryUsage of job (MB)
	1613116  -  ResidentSetSize of job (KB)
...
006 (96847.000.000) 09/23 20:49:30 Image size of job updated: 2685240
	1576  -  MemoryUsage of job (MB)
	1613116  -  ResidentSetSize of job (KB)
...
006 (96847.000.000) 09/23 20:54:31 Image size of job updated: 2748936
	1576  -  MemoryUsage of job (MB)
	1613116  -  ResidentSetSize of job (KB)
...
006 (96847.000.000) 09/23 20:59:32 Image size of job updated: 2908332
	1576  -  MemoryUsage of job (MB)
	1613116  -  ResidentSetSize of job (KB)
...
006 (96847.000.000) 09/23 21:04:32 Image size of job updated: 3033228
	1626  -  MemoryUsage of job (MB)
	1664056  -  ResidentSetSize of job (KB)
...
006 (96847.000.000) 09/23 21:09:32 Image size of job updated: 3080676
	1626  -  MemoryUsage of job (MB)
	1664056  -  ResidentSetSize of job (KB)
...
006 (96847.000.000) 09/23 21:54:36 Image size of job updated: 3100016
	1644  -  MemoryUsage of job (MB)
	1682516  -  ResidentSetSize of job (KB)
...
006 (96847.000.000) 09/24 00:14:50 Image size of job updated: 3396192
	1644  -  MemoryUsage of job (MB)
	1682516  -  ResidentSetSize of job (KB)
...
006 (96847.000.000) 09/24 01:04:56 Image size of job updated: 3738512
	1644  -  MemoryUsage of job (MB)
	1682516  -  ResidentSetSize of job (KB)
...
006 (96847.000.000) 09/24 01:14:56 Image size of job updated: 3908536
	1644  -  MemoryUsage of job (MB)
	1682516  -  ResidentSetSize of job (KB)
...
006 (96847.000.000) 09/24 01:19:57 Image size of job updated: 3929200
	1644  -  MemoryUsage of job (MB)
	1682516  -  ResidentSetSize of job (KB)
...
006 (96847.000.000) 09/24 01:24:58 Image size of job updated: 3981324
	1644  -  MemoryUsage of job (MB)
	1682516  -  ResidentSetSize of job (KB)
...
006 (96847.000.000) 09/24 01:29:58 Image size of job updated: 4058792
	1681  -  MemoryUsage of job (MB)
	1720956  -  ResidentSetSize of job (KB)
...
006 (96847.000.000) 09/24 01:34:58 Image size of job updated: 4081364
	1725  -  MemoryUsage of job (MB)
	1766100  -  ResidentSetSize of job (KB)
...
006 (96847.000.000) 09/24 01:39:58 Image size of job updated: 4129828
	1805  -  MemoryUsage of job (MB)
	1847744  -  ResidentSetSize of job (KB)
...
006 (96847.000.000) 09/24 01:45:00 Image size of job updated: 4187420
	1906  -  MemoryUsage of job (MB)
	1951292  -  ResidentSetSize of job (KB)
...
006 (96847.000.000) 09/24 01:50:00 Image size of job updated: 4220536
	1906  -  MemoryUsage of job (MB)
	1951292  -  ResidentSetSize of job (KB)
...
006 (96847.000.000) 09/24 01:55:00 Image size of job updated: 4271768
	1949  -  MemoryUsage of job (MB)
	1995720  -  ResidentSetSize of job (KB)
...
006 (96847.000.000) 09/24 02:00:46 Image size of job updated: 4331364
	2036  -  MemoryUsage of job (MB)
	2084860  -  ResidentSetSize of job (KB)
...
006 (96847.000.000) 09/24 02:05:02 Image size of job updated: 4400776
	2105  -  MemoryUsage of job (MB)
	2154780  -  ResidentSetSize of job (KB)
...
006 (96847.000.000) 09/24 02:10:02 Image size of job updated: 4468056
	2177  -  MemoryUsage of job (MB)
	2228636  -  ResidentSetSize of job (KB)
...
006 (96847.000.000) 09/24 02:15:02 Image size of job updated: 4572884
	2194  -  MemoryUsage of job (MB)
	2246456  -  ResidentSetSize of job (KB)
...
006 (96847.000.000) 09/24 02:20:03 Image size of job updated: 4636152
	2194  -  MemoryUsage of job (MB)
	2246456  -  ResidentSetSize of job (KB)
...
006 (96847.000.000) 09/24 02:25:20 Image size of job updated: 4656208
	2198  -  MemoryUsage of job (MB)
	2250640  -  ResidentSetSize of job (KB)
...
006 (96847.000.000) 09/24 02:30:05 Image size of job updated: 4678964
	2214  -  MemoryUsage of job (MB)
	2266960  -  ResidentSetSize of job (KB)
...
006 (96847.000.000) 09/24 02:35:05 Image size of job updated: 4716632
	2226  -  MemoryUsage of job (MB)
	2279324  -  ResidentSetSize of job (KB)
...
006 (96847.000.000) 09/24 02:40:05 Image size of job updated: 4741724
	2232  -  MemoryUsage of job (MB)
	2284964  -  ResidentSetSize of job (KB)
...
006 (96847.000.000) 09/24 02:45:16 Image size of job updated: 4762752
	2247  -  MemoryUsage of job (MB)
	2300900  -  ResidentSetSize of job (KB)
...
006 (96847.000.000) 09/24 02:50:09 Image size of job updated: 4786748
	2279  -  MemoryUsage of job (MB)
	2333084  -  ResidentSetSize of job (KB)
...
006 (96847.000.000) 09/24 02:55:15 Image size of job updated: 4806824
	2302  -  MemoryUsage of job (MB)
	2356880  -  ResidentSetSize of job (KB)
...
006 (96847.000.000) 09/24 03:00:08 Image size of job updated: 4827172
	2329  -  MemoryUsage of job (MB)
	2384356  -  ResidentSetSize of job (KB)
...
006 (96847.000.000) 09/24 03:05:27 Image size of job updated: 4849660
	2343  -  MemoryUsage of job (MB)
	2398668  -  ResidentSetSize of job (KB)
...
006 (96847.000.000) 09/24 03:10:10 Image size of job updated: 4873704
	2343  -  MemoryUsage of job (MB)
	2398668  -  ResidentSetSize of job (KB)
...
006 (96847.000.000) 09/24 03:15:11 Image size of job updated: 4882780
	2343  -  MemoryUsage of job (MB)
	2398668  -  ResidentSetSize of job (KB)
...
006 (96847.000.000) 09/24 03:20:12 Image size of job updated: 4894652
	2343  -  MemoryUsage of job (MB)
	2398668  -  ResidentSetSize of job (KB)
...
006 (96847.000.000) 09/24 03:25:12 Image size of job updated: 4910412
	2343  -  MemoryUsage of job (MB)
	2398668  -  ResidentSetSize of job (KB)
...
006 (96847.000.000) 09/24 03:30:13 Image size of job updated: 4931040
	2343  -  MemoryUsage of job (MB)
	2398668  -  ResidentSetSize of job (KB)
...
006 (96847.000.000) 09/24 03:35:16 Image size of job updated: 4946980
	2343  -  MemoryUsage of job (MB)
	2398668  -  ResidentSetSize of job (KB)
...
006 (96847.000.000) 09/24 03:40:14 Image size of job updated: 4964128
	2343  -  MemoryUsage of job (MB)
	2398668  -  ResidentSetSize of job (KB)
...
006 (96847.000.000) 09/24 03:45:58 Image size of job updated: 4985344
	2343  -  MemoryUsage of job (MB)
	2398668  -  ResidentSetSize of job (KB)
...
006 (96847.000.000) 09/24 03:50:16 Image size of job updated: 5010216
	2357  -  MemoryUsage of job (MB)
	2412816  -  ResidentSetSize of job (KB)
...
006 (96847.000.000) 09/24 03:55:16 Image size of job updated: 5044672
	2372  -  MemoryUsage of job (MB)
	2428548  -  ResidentSetSize of job (KB)
...
006 (96847.000.000) 09/24 04:00:19 Image size of job updated: 5068140
	2393  -  MemoryUsage of job (MB)
	2450172  -  ResidentSetSize of job (KB)
...
006 (96847.000.000) 09/24 04:05:17 Image size of job updated: 5093868
	2425  -  MemoryUsage of job (MB)
	2482184  -  ResidentSetSize of job (KB)
...
006 (96847.000.000) 09/24 04:10:18 Image size of job updated: 5118964
	2425  -  MemoryUsage of job (MB)
	2482184  -  ResidentSetSize of job (KB)
...
006 (96847.000.000) 09/24 04:15:43 Image size of job updated: 5150712
	2448  -  MemoryUsage of job (MB)
	2506376  -  ResidentSetSize of job (KB)
...
006 (96847.000.000) 09/24 04:20:18 Image size of job updated: 5159332
	2451  -  MemoryUsage of job (MB)
	2509216  -  ResidentSetSize of job (KB)
...
006 (96847.000.000) 09/24 04:35:23 Image size of job updated: 5159344
	2451  -  MemoryUsage of job (MB)
	2509216  -  ResidentSetSize of job (KB)
...
006 (96847.000.000) 09/24 04:50:20 Image size of job updated: 5159344
	2465  -  MemoryUsage of job (MB)
	2523820  -  ResidentSetSize of job (KB)
...
006 (96847.000.000) 09/24 08:42:18 Image size of job updated: 5159392
	2465  -  MemoryUsage of job (MB)
	2523820  -  ResidentSetSize of job (KB)
...
006 (96847.000.000) 09/24 09:36:07 Image size of job updated: 5159412
	2465  -  MemoryUsage of job (MB)
	2523820  -  ResidentSetSize of job (KB)
...
005 (96847.000.000) 09/24 09:49:55 Job terminated.
	(1) Normal termination (return value 137)
		Usr 0 05:00:54, Sys 0 00:17:10  -  Run Remote Usage
		Usr 0 00:00:00, Sys 0 00:00:00  -  Run Local Usage
		Usr 0 05:00:54, Sys 0 00:17:10  -  Total Remote Usage
		Usr 0 00:00:00, Sys 0 00:00:00  -  Total Local Usage
	6045  -  Run Bytes Sent By Job
	236  -  Run Bytes Received By Job
	6045  -  Total Bytes Sent By Job
	236  -  Total Bytes Received By Job
	Partitionable Resources :    Usage  Request Allocated
	   Cpus                 :                 1         1
	   Disk (KB)            :       16        1   4187667
	   Memory (MB)          :     2465     1024      1024
...
000 (96897.000.000) 09/24 14:18:55 Job submitted from host: <172.20.203.50:9618?addrs=172.20.203.50-9618+[--1]-9618&noUDP&sock=7405_cae4_4>
...
001 (96897.000.000) 09/25 06:59:35 Job executing on host: <10.194.1.4:9618?addrs=10.194.1.4-9618+[--1]-9618&noUDP&sock=21589_d637_3>
...
006 (96897.000.000) 09/25 06:59:44 Image size of job updated: 48924
	48  -  MemoryUsage of job (MB)
	48924  -  ResidentSetSize of job (KB)
...
006 (96897.000.000) 09/25 07:04:45 Image size of job updated: 577320
	548  -  MemoryUsage of job (MB)
	560772  -  ResidentSetSize of job (KB)
...
006 (96897.000.000) 09/25 07:14:46 Image size of job updated: 1034864
	992  -  MemoryUsage of job (MB)
	1015772  -  ResidentSetSize of job (KB)
...
006 (96897.000.000) 09/25 07:29:48 Image size of job updated: 1076384
	1019  -  MemoryUsage of job (MB)
	1042528  -  ResidentSetSize of job (KB)
...
006 (96897.000.000) 09/25 07:34:48 Image size of job updated: 1076384
	1019  -  MemoryUsage of job (MB)
	1042536  -  ResidentSetSize of job (KB)
...
006 (96897.000.000) 09/25 07:49:49 Image size of job updated: 1203796
	1120  -  MemoryUsage of job (MB)
	1146160  -  ResidentSetSize of job (KB)
...
006 (96897.000.000) 09/25 08:04:51 Image size of job updated: 1859436
	1527  -  MemoryUsage of job (MB)
	1562844  -  ResidentSetSize of job (KB)
...
006 (96897.000.000) 09/25 08:39:54 Image size of job updated: 1933624
	1527  -  MemoryUsage of job (MB)
	1562844  -  ResidentSetSize of job (KB)
...
006 (96897.000.000) 09/25 08:44:54 Image size of job updated: 2264408
	1532  -  MemoryUsage of job (MB)
	1568136  -  ResidentSetSize of job (KB)
...
006 (96897.000.000) 09/25 08:49:55 Image size of job updated: 2264408
	1532  -  MemoryUsage of job (MB)
	1568144  -  ResidentSetSize of job (KB)
...
006 (96897.000.000) 09/25 09:04:56 Image size of job updated: 2712280
	1921  -  MemoryUsage of job (MB)
	1966616  -  ResidentSetSize of job (KB)
...
006 (96897.000.000) 09/25 09:19:58 Image size of job updated: 2712280
	1946  -  MemoryUsage of job (MB)
	1991968  -  ResidentSetSize of job (KB)
...
006 (96897.000.000) 09/25 09:24:59 Image size of job updated: 2712280
	2008  -  MemoryUsage of job (MB)
	2055916  -  ResidentSetSize of job (KB)
...
006 (96897.000.000) 09/25 09:35:00 Image size of job updated: 3051532
	2426  -  MemoryUsage of job (MB)
	2483244  -  ResidentSetSize of job (KB)
...
006 (96897.000.000) 09/25 09:40:00 Image size of job updated: 3051532
	2426  -  MemoryUsage of job (MB)
	2483288  -  ResidentSetSize of job (KB)
...
006 (96897.000.000) 09/25 09:55:01 Image size of job updated: 3187224
	2531  -  MemoryUsage of job (MB)
	2591448  -  ResidentSetSize of job (KB)
...
006 (96897.000.000) 09/25 10:30:05 Image size of job updated: 3344296
	2584  -  MemoryUsage of job (MB)
	2645432  -  ResidentSetSize of job (KB)
...
006 (96897.000.000) 09/25 10:40:07 Image size of job updated: 3872664
	3061  -  MemoryUsage of job (MB)
	3134112  -  ResidentSetSize of job (KB)
...
006 (96897.000.000) 09/25 10:45:07 Image size of job updated: 5108680
	4082  -  MemoryUsage of job (MB)
	4179672  -  ResidentSetSize of job (KB)
...
006 (96897.000.000) 09/25 10:50:08 Image size of job updated: 5108680
	4083  -  MemoryUsage of job (MB)
	4180096  -  ResidentSetSize of job (KB)
...
005 (96897.000.000) 09/25 15:24:00 Job terminated.
	(1) Normal termination (return value 0)
		Usr 0 06:48:56, Sys 0 00:22:31  -  Run Remote Usage
		Usr 0 00:00:00, Sys 0 00:00:00  -  Run Local Usage
		Usr 0 06:48:56, Sys 0 00:22:31  -  Total Remote Usage
		Usr 0 00:00:00, Sys 0 00:00:00  -  Total Local Usage
	1017248  -  Run Bytes Sent By Job
	236  -  Run Bytes Received By Job
	1017248  -  Total Bytes Sent By Job
	236  -  Total Bytes Received By Job
	Partitionable Resources :    Usage  Request Allocated
	   Cpus                 :                 1         1
	   Disk (KB)            :     1004        1   4187667
	   Memory (MB)          :     4083    10240     10240
...
