000 (60140.000.000) 07/31 10:18:25 Job submitted from host: <172.20.203.50:9618?addrs=172.20.203.50-9618+[--1]-9618&noUDP&sock=7405_cae4_4>
...
022 (60140.000.000) 07/31 10:18:42 Job disconnected, attempting to reconnect
    Socket between submit and execute hosts closed unexpectedly
    Trying to reconnect to slot1_18@node034.ppe.gla.ac.uk <10.194.1.81:9618?addrs=10.194.1.81-9618+[--1]-9618&noUDP&sock=70646_dbbf_3>
...
024 (60140.000.000) 07/31 10:18:50 Job reconnection failed
    Job not found at execution machine
    Can not reconnect to slot1_18@node034.ppe.gla.ac.uk, rescheduling job
...
001 (60140.000.000) 07/31 10:19:14 Job executing on host: <10.194.1.8:9618?addrs=10.194.1.8-9618+[--1]-9618&noUDP&sock=2118_59ad_3>
...
006 (60140.000.000) 07/31 10:19:23 Image size of job updated: 1
	0  -  MemoryUsage of job (MB)
	0  -  ResidentSetSize of job (KB)
...
006 (60140.000.000) 07/31 10:24:24 Image size of job updated: 444824
	435  -  MemoryUsage of job (MB)
	444824  -  ResidentSetSize of job (KB)
...
004 (60140.000.000) 07/31 10:29:22 Job was evicted.
	(0) Job was not checkpointed.
		Usr 0 00:09:42, Sys 0 00:00:15  -  Run Remote Usage
		Usr 0 00:00:00, Sys 0 00:00:00  -  Run Local Usage
	0  -  Run Bytes Sent By Job
	237  -  Run Bytes Received By Job
	Partitionable Resources :    Usage  Request Allocated
	   Cpus                 :                 1         1
	   Disk (KB)            :       15        1    246255
	   Memory (MB)          :      435     1024      1024
...
009 (60140.000.000) 07/31 10:29:22 Job was aborted by the user.
	via condor_rm (by user jnugent)
...
000 (60240.000.000) 07/31 10:30:04 Job submitted from host: <172.20.203.50:9618?addrs=172.20.203.50-9618+[--1]-9618&noUDP&sock=7405_cae4_4>
...
009 (60240.000.000) 07/31 13:10:23 Job was aborted by the user.
	via condor_rm (by user jnugent)
...
000 (60348.000.000) 07/31 13:11:14 Job submitted from host: <172.20.203.50:9618?addrs=172.20.203.50-9618+[--1]-9618&noUDP&sock=7405_cae4_4>
...
009 (60348.000.000) 07/31 20:07:22 Job was aborted by the user.
	via condor_rm (by user jnugent)
...
000 (62143.000.000) 07/31 20:08:41 Job submitted from host: <172.20.203.50:9618?addrs=172.20.203.50-9618+[--1]-9618&noUDP&sock=7405_cae4_4>
...
001 (62143.000.000) 08/01 04:29:28 Job executing on host: <10.194.1.6:9618?addrs=10.194.1.6-9618+[--1]-9618&noUDP&sock=1628_4045_3>
...
006 (62143.000.000) 08/01 04:29:36 Image size of job updated: 48144
	48  -  MemoryUsage of job (MB)
	48144  -  ResidentSetSize of job (KB)
...
006 (62143.000.000) 08/01 04:34:36 Image size of job updated: 373700
	365  -  MemoryUsage of job (MB)
	373700  -  ResidentSetSize of job (KB)
...
006 (62143.000.000) 08/01 04:54:37 Image size of job updated: 698480
	674  -  MemoryUsage of job (MB)
	690004  -  ResidentSetSize of job (KB)
...
006 (62143.000.000) 08/01 04:59:38 Image size of job updated: 703276
	674  -  MemoryUsage of job (MB)
	690004  -  ResidentSetSize of job (KB)
...
006 (62143.000.000) 08/01 05:04:39 Image size of job updated: 745948
	674  -  MemoryUsage of job (MB)
	690004  -  ResidentSetSize of job (KB)
...
006 (62143.000.000) 08/01 05:09:39 Image size of job updated: 765956
	674  -  MemoryUsage of job (MB)
	690004  -  ResidentSetSize of job (KB)
...
006 (62143.000.000) 08/01 05:14:40 Image size of job updated: 798388
	681  -  MemoryUsage of job (MB)
	696856  -  ResidentSetSize of job (KB)
...
006 (62143.000.000) 08/01 05:19:41 Image size of job updated: 830112
	681  -  MemoryUsage of job (MB)
	696856  -  ResidentSetSize of job (KB)
...
006 (62143.000.000) 08/01 05:39:43 Image size of job updated: 932744
	866  -  MemoryUsage of job (MB)
	886668  -  ResidentSetSize of job (KB)
...
006 (62143.000.000) 08/01 05:49:43 Image size of job updated: 971888
	866  -  MemoryUsage of job (MB)
	886668  -  ResidentSetSize of job (KB)
...
006 (62143.000.000) 08/01 06:29:49 Image size of job updated: 973788
	866  -  MemoryUsage of job (MB)
	886668  -  ResidentSetSize of job (KB)
...
006 (62143.000.000) 08/01 06:34:49 Image size of job updated: 992752
	866  -  MemoryUsage of job (MB)
	886668  -  ResidentSetSize of job (KB)
...
006 (62143.000.000) 08/01 06:39:49 Image size of job updated: 1122456
	866  -  MemoryUsage of job (MB)
	886668  -  ResidentSetSize of job (KB)
...
006 (62143.000.000) 08/01 07:01:54 Image size of job updated: 1363960
	1030  -  MemoryUsage of job (MB)
	1054020  -  ResidentSetSize of job (KB)
...
006 (62143.000.000) 08/01 07:12:08 Image size of job updated: 1493080
	1153  -  MemoryUsage of job (MB)
	1179756  -  ResidentSetSize of job (KB)
...
006 (62143.000.000) 08/01 07:28:18 Image size of job updated: 1630984
	1307  -  MemoryUsage of job (MB)
	1337352  -  ResidentSetSize of job (KB)
...
006 (62143.000.000) 08/01 08:03:07 Image size of job updated: 1708732
	1353  -  MemoryUsage of job (MB)
	1384480  -  ResidentSetSize of job (KB)
...
006 (62143.000.000) 08/01 08:08:08 Image size of job updated: 1791032
	1481  -  MemoryUsage of job (MB)
	1516512  -  ResidentSetSize of job (KB)
...
006 (62143.000.000) 08/01 08:13:08 Image size of job updated: 1857532
	1601  -  MemoryUsage of job (MB)
	1638700  -  ResidentSetSize of job (KB)
...
006 (62143.000.000) 08/01 08:18:08 Image size of job updated: 1933936
	1744  -  MemoryUsage of job (MB)
	1785016  -  ResidentSetSize of job (KB)
...
004 (62143.000.000) 08/01 10:14:44 Job was evicted.
	(0) Job was not checkpointed.
		Usr 0 01:34:42, Sys 0 00:04:57  -  Run Remote Usage
		Usr 0 00:00:00, Sys 0 00:00:00  -  Run Local Usage
	0  -  Run Bytes Sent By Job
	237  -  Run Bytes Received By Job
	Partitionable Resources :    Usage  Request Allocated
	   Cpus                 :                 1         1
	   Disk (KB)            :       15        1    246565
	   Memory (MB)          :     1744     1024      1024
...
009 (62143.000.000) 08/01 10:14:44 Job was aborted by the user.
	via condor_rm (by user jnugent)
...
000 (63765.000.000) 08/02 10:44:30 Job submitted from host: <172.20.203.50:9618?addrs=172.20.203.50-9618+[--1]-9618&noUDP&sock=7405_cae4_4>
...
001 (63765.000.000) 08/02 10:44:50 Job executing on host: <10.194.1.6:9618?addrs=10.194.1.6-9618+[--1]-9618&noUDP&sock=26470_cbfa_3>
...
006 (63765.000.000) 08/02 10:44:58 Image size of job updated: 46460
	46  -  MemoryUsage of job (MB)
	46460  -  ResidentSetSize of job (KB)
...
006 (63765.000.000) 08/02 10:49:58 Image size of job updated: 488968
	478  -  MemoryUsage of job (MB)
	488968  -  ResidentSetSize of job (KB)
...
006 (63765.000.000) 08/02 11:05:00 Image size of job updated: 698232
	645  -  MemoryUsage of job (MB)
	660132  -  ResidentSetSize of job (KB)
...
006 (63765.000.000) 08/02 11:10:00 Image size of job updated: 731768
	645  -  MemoryUsage of job (MB)
	660132  -  ResidentSetSize of job (KB)
...
006 (63765.000.000) 08/02 11:20:02 Image size of job updated: 745688
	645  -  MemoryUsage of job (MB)
	660132  -  ResidentSetSize of job (KB)
...
006 (63765.000.000) 08/02 11:25:02 Image size of job updated: 759464
	645  -  MemoryUsage of job (MB)
	660132  -  ResidentSetSize of job (KB)
...
006 (63765.000.000) 08/02 11:30:02 Image size of job updated: 794000
	645  -  MemoryUsage of job (MB)
	660132  -  ResidentSetSize of job (KB)
...
006 (63765.000.000) 08/02 11:35:03 Image size of job updated: 818176
	645  -  MemoryUsage of job (MB)
	660132  -  ResidentSetSize of job (KB)
...
006 (63765.000.000) 08/02 11:40:04 Image size of job updated: 976892
	645  -  MemoryUsage of job (MB)
	660132  -  ResidentSetSize of job (KB)
...
006 (63765.000.000) 08/02 11:45:04 Image size of job updated: 976892
	759  -  MemoryUsage of job (MB)
	777048  -  ResidentSetSize of job (KB)
...
006 (63765.000.000) 08/02 12:10:06 Image size of job updated: 1093072
	759  -  MemoryUsage of job (MB)
	777048  -  ResidentSetSize of job (KB)
...
006 (63765.000.000) 08/02 12:20:08 Image size of job updated: 1113096
	759  -  MemoryUsage of job (MB)
	777048  -  ResidentSetSize of job (KB)
...
006 (63765.000.000) 08/02 12:30:08 Image size of job updated: 1643500
	916  -  MemoryUsage of job (MB)
	937808  -  ResidentSetSize of job (KB)
...
006 (63765.000.000) 08/02 12:35:08 Image size of job updated: 1647640
	916  -  MemoryUsage of job (MB)
	937808  -  ResidentSetSize of job (KB)
...
006 (63765.000.000) 08/02 13:05:11 Image size of job updated: 1659864
	916  -  MemoryUsage of job (MB)
	937808  -  ResidentSetSize of job (KB)
...
006 (63765.000.000) 08/02 13:10:11 Image size of job updated: 1715396
	916  -  MemoryUsage of job (MB)
	937808  -  ResidentSetSize of job (KB)
...
006 (63765.000.000) 08/02 13:15:12 Image size of job updated: 1788772
	916  -  MemoryUsage of job (MB)
	937808  -  ResidentSetSize of job (KB)
...
006 (63765.000.000) 08/02 13:20:13 Image size of job updated: 1912748
	916  -  MemoryUsage of job (MB)
	937808  -  ResidentSetSize of job (KB)
...
006 (63765.000.000) 08/02 13:30:14 Image size of job updated: 1912748
	943  -  MemoryUsage of job (MB)
	965512  -  ResidentSetSize of job (KB)
...
006 (63765.000.000) 08/02 14:40:20 Image size of job updated: 2090288
	943  -  MemoryUsage of job (MB)
	965512  -  ResidentSetSize of job (KB)
...
006 (63765.000.000) 08/02 14:45:21 Image size of job updated: 2117524
	1005  -  MemoryUsage of job (MB)
	1028216  -  ResidentSetSize of job (KB)
...
006 (63765.000.000) 08/02 15:10:24 Image size of job updated: 2178848
	1031  -  MemoryUsage of job (MB)
	1055188  -  ResidentSetSize of job (KB)
...
006 (63765.000.000) 08/02 15:40:28 Image size of job updated: 2444692
	1061  -  MemoryUsage of job (MB)
	1086380  -  ResidentSetSize of job (KB)
...
006 (63765.000.000) 08/02 16:55:35 Image size of job updated: 2444692
	1103  -  MemoryUsage of job (MB)
	1129064  -  ResidentSetSize of job (KB)
...
006 (63765.000.000) 08/02 17:00:35 Image size of job updated: 2444692
	1275  -  MemoryUsage of job (MB)
	1305112  -  ResidentSetSize of job (KB)
...
006 (63765.000.000) 08/02 17:05:36 Image size of job updated: 2449436
	1275  -  MemoryUsage of job (MB)
	1305112  -  ResidentSetSize of job (KB)
...
006 (63765.000.000) 08/02 18:21:31 Image size of job updated: 2742404
	1275  -  MemoryUsage of job (MB)
	1305112  -  ResidentSetSize of job (KB)
...
006 (63765.000.000) 08/02 19:06:38 Image size of job updated: 2796216
	1275  -  MemoryUsage of job (MB)
	1305112  -  ResidentSetSize of job (KB)
...
006 (63765.000.000) 08/02 19:21:39 Image size of job updated: 2823544
	1275  -  MemoryUsage of job (MB)
	1305112  -  ResidentSetSize of job (KB)
...
006 (63765.000.000) 08/02 19:36:41 Image size of job updated: 2981220
	1275  -  MemoryUsage of job (MB)
	1305112  -  ResidentSetSize of job (KB)
...
006 (63765.000.000) 08/02 19:56:43 Image size of job updated: 3120732
	1275  -  MemoryUsage of job (MB)
	1305112  -  ResidentSetSize of job (KB)
...
006 (63765.000.000) 08/02 20:16:45 Image size of job updated: 3209672
	1361  -  MemoryUsage of job (MB)
	1392836  -  ResidentSetSize of job (KB)
...
006 (63765.000.000) 08/02 20:36:47 Image size of job updated: 3401692
	1549  -  MemoryUsage of job (MB)
	1585468  -  ResidentSetSize of job (KB)
...
006 (63765.000.000) 08/02 20:41:47 Image size of job updated: 3401692
	1550  -  MemoryUsage of job (MB)
	1586376  -  ResidentSetSize of job (KB)
...
006 (63765.000.000) 08/02 21:11:50 Image size of job updated: 3709036
	1866  -  MemoryUsage of job (MB)
	1910260  -  ResidentSetSize of job (KB)
...
006 (63765.000.000) 08/02 21:16:50 Image size of job updated: 3765524
	1976  -  MemoryUsage of job (MB)
	2023040  -  ResidentSetSize of job (KB)
...
006 (63765.000.000) 08/02 21:21:51 Image size of job updated: 3823360
	2089  -  MemoryUsage of job (MB)
	2138152  -  ResidentSetSize of job (KB)
...
006 (63765.000.000) 08/02 21:26:52 Image size of job updated: 3833556
	2108  -  MemoryUsage of job (MB)
	2158356  -  ResidentSetSize of job (KB)
...
006 (63765.000.000) 08/02 21:31:52 Image size of job updated: 3870468
	2180  -  MemoryUsage of job (MB)
	2232008  -  ResidentSetSize of job (KB)
...
006 (63765.000.000) 08/02 21:36:52 Image size of job updated: 3918560
	2274  -  MemoryUsage of job (MB)
	2328136  -  ResidentSetSize of job (KB)
...
006 (63765.000.000) 08/02 21:41:53 Image size of job updated: 3952804
	2341  -  MemoryUsage of job (MB)
	2396540  -  ResidentSetSize of job (KB)
...
006 (63765.000.000) 08/02 21:46:53 Image size of job updated: 4001644
	2436  -  MemoryUsage of job (MB)
	2494136  -  ResidentSetSize of job (KB)
...
006 (63765.000.000) 08/02 21:51:53 Image size of job updated: 4051984
	2482  -  MemoryUsage of job (MB)
	2540828  -  ResidentSetSize of job (KB)
...
006 (63765.000.000) 08/02 21:56:54 Image size of job updated: 4078792
	2534  -  MemoryUsage of job (MB)
	2594440  -  ResidentSetSize of job (KB)
...
006 (63765.000.000) 08/02 22:01:55 Image size of job updated: 4130448
	2552  -  MemoryUsage of job (MB)
	2612276  -  ResidentSetSize of job (KB)
...
006 (63765.000.000) 08/02 22:06:55 Image size of job updated: 4146116
	2582  -  MemoryUsage of job (MB)
	2643616  -  ResidentSetSize of job (KB)
...
006 (63765.000.000) 08/02 22:11:56 Image size of job updated: 4157048
	2582  -  MemoryUsage of job (MB)
	2643616  -  ResidentSetSize of job (KB)
...
006 (63765.000.000) 08/02 22:16:57 Image size of job updated: 4172492
	2582  -  MemoryUsage of job (MB)
	2643616  -  ResidentSetSize of job (KB)
...
006 (63765.000.000) 08/02 22:21:57 Image size of job updated: 4210604
	2619  -  MemoryUsage of job (MB)
	2681028  -  ResidentSetSize of job (KB)
...
006 (63765.000.000) 08/02 22:26:57 Image size of job updated: 4298112
	2718  -  MemoryUsage of job (MB)
	2782720  -  ResidentSetSize of job (KB)
...
006 (63765.000.000) 08/02 22:32:13 Image size of job updated: 4348744
	2753  -  MemoryUsage of job (MB)
	2818964  -  ResidentSetSize of job (KB)
...
006 (63765.000.000) 08/02 22:36:58 Image size of job updated: 4361844
	2766  -  MemoryUsage of job (MB)
	2832364  -  ResidentSetSize of job (KB)
...
006 (63765.000.000) 08/02 22:43:33 Image size of job updated: 4397164
	2766  -  MemoryUsage of job (MB)
	2832364  -  ResidentSetSize of job (KB)
...
006 (63765.000.000) 08/02 22:49:50 Image size of job updated: 4456656
	2850  -  MemoryUsage of job (MB)
	2917752  -  ResidentSetSize of job (KB)
...
006 (63765.000.000) 08/02 22:57:23 Image size of job updated: 4531756
	2850  -  MemoryUsage of job (MB)
	2917752  -  ResidentSetSize of job (KB)
...
006 (63765.000.000) 08/02 23:02:38 Image size of job updated: 4556776
	2850  -  MemoryUsage of job (MB)
	2917752  -  ResidentSetSize of job (KB)
...
006 (63765.000.000) 08/02 23:07:38 Image size of job updated: 4569248
	2850  -  MemoryUsage of job (MB)
	2917752  -  ResidentSetSize of job (KB)
...
006 (63765.000.000) 08/02 23:12:38 Image size of job updated: 4573304
	2850  -  MemoryUsage of job (MB)
	2917752  -  ResidentSetSize of job (KB)
...
006 (63765.000.000) 08/02 23:20:31 Image size of job updated: 4606884
	2850  -  MemoryUsage of job (MB)
	2917752  -  ResidentSetSize of job (KB)
...
006 (63765.000.000) 08/02 23:29:51 Image size of job updated: 4666608
	2927  -  MemoryUsage of job (MB)
	2997072  -  ResidentSetSize of job (KB)
...
006 (63765.000.000) 08/02 23:37:11 Image size of job updated: 4756580
	2963  -  MemoryUsage of job (MB)
	3033676  -  ResidentSetSize of job (KB)
...
006 (63765.000.000) 08/02 23:42:12 Image size of job updated: 4761516
	2963  -  MemoryUsage of job (MB)
	3033676  -  ResidentSetSize of job (KB)
...
006 (63765.000.000) 08/02 23:47:12 Image size of job updated: 4782796
	2963  -  MemoryUsage of job (MB)
	3033676  -  ResidentSetSize of job (KB)
...
006 (63765.000.000) 08/02 23:52:44 Image size of job updated: 4808416
	2963  -  MemoryUsage of job (MB)
	3033676  -  ResidentSetSize of job (KB)
...
006 (63765.000.000) 08/02 23:57:15 Image size of job updated: 4847772
	2980  -  MemoryUsage of job (MB)
	3050904  -  ResidentSetSize of job (KB)
...
006 (63765.000.000) 08/03 00:02:14 Image size of job updated: 4866176
	2984  -  MemoryUsage of job (MB)
	3055428  -  ResidentSetSize of job (KB)
...
006 (63765.000.000) 08/03 00:07:14 Image size of job updated: 4876240
	2994  -  MemoryUsage of job (MB)
	3065736  -  ResidentSetSize of job (KB)
...
006 (63765.000.000) 08/03 00:17:15 Image size of job updated: 4899856
	3025  -  MemoryUsage of job (MB)
	3096688  -  ResidentSetSize of job (KB)
...
006 (63765.000.000) 08/03 00:22:16 Image size of job updated: 4950800
	3093  -  MemoryUsage of job (MB)
	3167216  -  ResidentSetSize of job (KB)
...
006 (63765.000.000) 08/03 00:27:16 Image size of job updated: 4980124
	3139  -  MemoryUsage of job (MB)
	3214028  -  ResidentSetSize of job (KB)
...
006 (63765.000.000) 08/03 00:32:17 Image size of job updated: 4995188
	3184  -  MemoryUsage of job (MB)
	3259860  -  ResidentSetSize of job (KB)
...
006 (63765.000.000) 08/03 00:37:18 Image size of job updated: 4995188
	3214  -  MemoryUsage of job (MB)
	3290872  -  ResidentSetSize of job (KB)
...
006 (63765.000.000) 08/03 00:42:19 Image size of job updated: 4995188
	3252  -  MemoryUsage of job (MB)
	3329992  -  ResidentSetSize of job (KB)
...
006 (63765.000.000) 08/03 00:47:19 Image size of job updated: 4995188
	3287  -  MemoryUsage of job (MB)
	3365564  -  ResidentSetSize of job (KB)
...
006 (63765.000.000) 08/03 00:52:19 Image size of job updated: 4995188
	3316  -  MemoryUsage of job (MB)
	3394996  -  ResidentSetSize of job (KB)
...
006 (63765.000.000) 08/03 00:57:20 Image size of job updated: 4995188
	3316  -  MemoryUsage of job (MB)
	3395000  -  ResidentSetSize of job (KB)
...
006 (63765.000.000) 08/03 01:47:25 Image size of job updated: 4995188
	3338  -  MemoryUsage of job (MB)
	3417264  -  ResidentSetSize of job (KB)
...
006 (63765.000.000) 08/03 01:52:26 Image size of job updated: 4995188
	3563  -  MemoryUsage of job (MB)
	3648088  -  ResidentSetSize of job (KB)
...
006 (63765.000.000) 08/03 01:57:26 Image size of job updated: 4995188
	3998  -  MemoryUsage of job (MB)
	4093632  -  ResidentSetSize of job (KB)
...
004 (63765.000.000) 08/03 09:45:32 Job was evicted.
	(0) Job was not checkpointed.
		Usr 0 11:21:26, Sys 0 00:28:59  -  Run Remote Usage
		Usr 0 00:00:00, Sys 0 00:00:00  -  Run Local Usage
	0  -  Run Bytes Sent By Job
	237  -  Run Bytes Received By Job
	Partitionable Resources :    Usage  Request Allocated
	   Cpus                 :                 1         1
	   Disk (KB)            :       24        1    238189
	   Memory (MB)          :     3998     1024      1024
...
009 (63765.000.000) 08/03 10:40:44 Job was aborted by the user.
	via condor_rm (by user jnugent)
...
000 (66169.000.000) 08/10 13:31:34 Job submitted from host: <172.20.203.50:9618?addrs=172.20.203.50-9618+[--1]-9618&noUDP&sock=7405_cae4_4>
...
001 (66169.000.000) 08/10 13:31:44 Job executing on host: <10.194.1.8:9618?addrs=10.194.1.8-9618+[--1]-9618&noUDP&sock=16892_15e0_3>
...
006 (66169.000.000) 08/10 13:31:52 Image size of job updated: 48116
	47  -  MemoryUsage of job (MB)
	48116  -  ResidentSetSize of job (KB)
...
006 (66169.000.000) 08/10 13:36:52 Image size of job updated: 501816
	491  -  MemoryUsage of job (MB)
	501816  -  ResidentSetSize of job (KB)
...
006 (66169.000.000) 08/10 13:46:54 Image size of job updated: 641136
	627  -  MemoryUsage of job (MB)
	641136  -  ResidentSetSize of job (KB)
...
006 (66169.000.000) 08/10 14:06:56 Image size of job updated: 770464
	753  -  MemoryUsage of job (MB)
	770464  -  ResidentSetSize of job (KB)
...
006 (66169.000.000) 08/10 14:11:56 Image size of job updated: 1050808
	1026  -  MemoryUsage of job (MB)
	1050224  -  ResidentSetSize of job (KB)
...
006 (66169.000.000) 08/10 14:16:57 Image size of job updated: 1176080
	1139  -  MemoryUsage of job (MB)
	1165976  -  ResidentSetSize of job (KB)
...
006 (66169.000.000) 08/10 14:57:02 Image size of job updated: 1466104
	1382  -  MemoryUsage of job (MB)
	1414752  -  ResidentSetSize of job (KB)
...
006 (66169.000.000) 08/10 16:02:08 Image size of job updated: 1930200
	1813  -  MemoryUsage of job (MB)
	1856504  -  ResidentSetSize of job (KB)
...
006 (66169.000.000) 08/10 16:22:11 Image size of job updated: 2000576
	1875  -  MemoryUsage of job (MB)
	1919212  -  ResidentSetSize of job (KB)
...
006 (66169.000.000) 08/10 17:07:15 Image size of job updated: 2219372
	1967  -  MemoryUsage of job (MB)
	2014152  -  ResidentSetSize of job (KB)
...
006 (66169.000.000) 08/10 17:12:16 Image size of job updated: 2219372
	1967  -  MemoryUsage of job (MB)
	2014160  -  ResidentSetSize of job (KB)
...
006 (66169.000.000) 08/10 18:02:25 Image size of job updated: 2792756
	2018  -  MemoryUsage of job (MB)
	2066208  -  ResidentSetSize of job (KB)
...
006 (66169.000.000) 08/10 18:07:21 Image size of job updated: 2813720
	2018  -  MemoryUsage of job (MB)
	2066208  -  ResidentSetSize of job (KB)
...
006 (66169.000.000) 08/10 18:12:22 Image size of job updated: 2952444
	2018  -  MemoryUsage of job (MB)
	2066208  -  ResidentSetSize of job (KB)
...
006 (66169.000.000) 08/10 18:17:22 Image size of job updated: 3192908
	2118  -  MemoryUsage of job (MB)
	2168432  -  ResidentSetSize of job (KB)
...
006 (66169.000.000) 08/10 18:22:22 Image size of job updated: 3273096
	2118  -  MemoryUsage of job (MB)
	2168432  -  ResidentSetSize of job (KB)
...
006 (66169.000.000) 08/10 18:42:25 Image size of job updated: 3273096
	2332  -  MemoryUsage of job (MB)
	2387708  -  ResidentSetSize of job (KB)
...
022 (66169.000.000) 08/10 19:44:55 Job disconnected, attempting to reconnect
    Socket between submit and execute hosts closed unexpectedly
    Trying to reconnect to slot1_30@node008.ppe.gla.ac.uk <10.194.1.8:9618?addrs=10.194.1.8-9618+[--1]-9618&noUDP&sock=16892_15e0_3>
...
024 (66169.000.000) 08/10 20:24:55 Job reconnection failed
    Job disconnected too long: JobLeaseDuration (2400 seconds) expired
    Can not reconnect to slot1_30@node008.ppe.gla.ac.uk, rescheduling job
...
001 (66169.000.000) 08/10 20:27:32 Job executing on host: <10.194.1.8:9618?addrs=10.194.1.8-9618+[--1]-9618&noUDP&sock=16892_15e0_12>
...
006 (66169.000.000) 08/11 00:13:04 Image size of job updated: 3500000
	2487  -  MemoryUsage of job (MB)
	2546020  -  ResidentSetSize of job (KB)
...
006 (66169.000.000) 08/11 00:18:05 Image size of job updated: 3500000
	2601  -  MemoryUsage of job (MB)
	2662908  -  ResidentSetSize of job (KB)
...
006 (66169.000.000) 08/11 00:38:08 Image size of job updated: 3500000
	2993  -  MemoryUsage of job (MB)
	3064832  -  ResidentSetSize of job (KB)
...
006 (66169.000.000) 08/11 00:43:08 Image size of job updated: 3500000
	2996  -  MemoryUsage of job (MB)
	3067728  -  ResidentSetSize of job (KB)
...
006 (66169.000.000) 08/11 00:53:09 Image size of job updated: 3500000
	3261  -  MemoryUsage of job (MB)
	3338340  -  ResidentSetSize of job (KB)
...
006 (66169.000.000) 08/11 01:33:14 Image size of job updated: 3507876
	3325  -  MemoryUsage of job (MB)
	3403948  -  ResidentSetSize of job (KB)
...
006 (66169.000.000) 08/11 01:58:17 Image size of job updated: 4058472
	3325  -  MemoryUsage of job (MB)
	3403948  -  ResidentSetSize of job (KB)
...
006 (66169.000.000) 08/11 02:03:18 Image size of job updated: 4215492
	3325  -  MemoryUsage of job (MB)
	3403948  -  ResidentSetSize of job (KB)
...
006 (66169.000.000) 08/11 02:08:18 Image size of job updated: 4346764
	3325  -  MemoryUsage of job (MB)
	3403948  -  ResidentSetSize of job (KB)
...
006 (66169.000.000) 08/11 02:13:19 Image size of job updated: 4510648
	3325  -  MemoryUsage of job (MB)
	3403948  -  ResidentSetSize of job (KB)
...
006 (66169.000.000) 08/11 02:18:20 Image size of job updated: 4648556
	3325  -  MemoryUsage of job (MB)
	3403948  -  ResidentSetSize of job (KB)
...
006 (66169.000.000) 08/11 02:23:20 Image size of job updated: 4795436
	3325  -  MemoryUsage of job (MB)
	3403948  -  ResidentSetSize of job (KB)
...
006 (66169.000.000) 08/11 02:28:21 Image size of job updated: 4931152
	3325  -  MemoryUsage of job (MB)
	3403948  -  ResidentSetSize of job (KB)
...
006 (66169.000.000) 08/11 02:33:22 Image size of job updated: 4940984
	3325  -  MemoryUsage of job (MB)
	3403948  -  ResidentSetSize of job (KB)
...
006 (66169.000.000) 08/11 02:38:22 Image size of job updated: 5087412
	3325  -  MemoryUsage of job (MB)
	3403948  -  ResidentSetSize of job (KB)
...
006 (66169.000.000) 08/11 02:43:22 Image size of job updated: 5177220
	3325  -  MemoryUsage of job (MB)
	3403948  -  ResidentSetSize of job (KB)
...
006 (66169.000.000) 08/11 02:52:00 Image size of job updated: 5270268
	3325  -  MemoryUsage of job (MB)
	3403948  -  ResidentSetSize of job (KB)
...
005 (66169.000.000) 08/11 10:55:35 Job terminated.
	(1) Normal termination (return value 0)
		Usr 0 11:15:26, Sys 0 00:26:31  -  Run Remote Usage
		Usr 0 00:00:00, Sys 0 00:00:00  -  Run Local Usage
		Usr 0 11:15:26, Sys 0 00:26:31  -  Total Remote Usage
		Usr 0 00:00:00, Sys 0 00:00:00  -  Total Local Usage
	4265549  -  Run Bytes Sent By Job
	237  -  Run Bytes Received By Job
	4265549  -  Total Bytes Sent By Job
	474  -  Total Bytes Received By Job
	Partitionable Resources :    Usage  Request Allocated
	   Cpus                 :                 1         1
	   Disk (KB)            :     4176       15   2980264
	   Memory (MB)          :     3325     1024      1024
...
000 (505.000.000) 08/27 11:47:42 Job submitted from host: <194.36.1.211:9618?addrs=194.36.1.211-9618+[--1]-9618&noUDP&sock=1189_2232_3>
...
009 (505.000.000) 08/27 11:48:16 Job was aborted by the user.
	via condor_rm (by user jnugent)
...
000 (66326.000.000) 08/27 11:48:38 Job submitted from host: <172.20.203.50:9618?addrs=172.20.203.50-9618+[--1]-9618&noUDP&sock=7405_cae4_4>
...
001 (66326.000.000) 08/27 11:49:08 Job executing on host: <10.194.1.4:9618?addrs=10.194.1.4-9618+[--1]-9618&noUDP&sock=21589_d637_3>
...
006 (66326.000.000) 08/27 11:49:17 Image size of job updated: 48136
	48  -  MemoryUsage of job (MB)
	48136  -  ResidentSetSize of job (KB)
...
006 (66326.000.000) 08/27 11:54:18 Image size of job updated: 922060
	892  -  MemoryUsage of job (MB)
	912508  -  ResidentSetSize of job (KB)
...
006 (66326.000.000) 08/27 11:59:19 Image size of job updated: 1067400
	970  -  MemoryUsage of job (MB)
	992528  -  ResidentSetSize of job (KB)
...
006 (66326.000.000) 08/27 12:59:25 Image size of job updated: 1108956
	970  -  MemoryUsage of job (MB)
	992528  -  ResidentSetSize of job (KB)
...
006 (66326.000.000) 08/27 13:09:25 Image size of job updated: 1173320
	970  -  MemoryUsage of job (MB)
	992528  -  ResidentSetSize of job (KB)
...
006 (66326.000.000) 08/27 13:14:26 Image size of job updated: 1186800
	970  -  MemoryUsage of job (MB)
	992528  -  ResidentSetSize of job (KB)
...
006 (66326.000.000) 08/27 14:39:35 Image size of job updated: 1212512
	970  -  MemoryUsage of job (MB)
	992528  -  ResidentSetSize of job (KB)
...
006 (66326.000.000) 08/27 15:09:38 Image size of job updated: 1370228
	970  -  MemoryUsage of job (MB)
	992528  -  ResidentSetSize of job (KB)
...
006 (66326.000.000) 08/27 15:49:42 Image size of job updated: 1557180
	970  -  MemoryUsage of job (MB)
	992528  -  ResidentSetSize of job (KB)
...
006 (66326.000.000) 08/27 16:54:50 Image size of job updated: 1638388
	970  -  MemoryUsage of job (MB)
	992528  -  ResidentSetSize of job (KB)
...
006 (66326.000.000) 08/27 17:14:52 Image size of job updated: 1667336
	970  -  MemoryUsage of job (MB)
	992528  -  ResidentSetSize of job (KB)
...
006 (66326.000.000) 08/27 17:24:52 Image size of job updated: 1802668
	970  -  MemoryUsage of job (MB)
	992528  -  ResidentSetSize of job (KB)
...
006 (66326.000.000) 08/27 17:34:53 Image size of job updated: 1915828
	970  -  MemoryUsage of job (MB)
	992528  -  ResidentSetSize of job (KB)
...
006 (66326.000.000) 08/27 17:39:53 Image size of job updated: 2230464
	970  -  MemoryUsage of job (MB)
	992528  -  ResidentSetSize of job (KB)
...
006 (66326.000.000) 08/27 18:19:57 Image size of job updated: 2323896
	970  -  MemoryUsage of job (MB)
	992528  -  ResidentSetSize of job (KB)
...
006 (66326.000.000) 08/27 19:15:04 Image size of job updated: 2447896
	970  -  MemoryUsage of job (MB)
	992528  -  ResidentSetSize of job (KB)
...
006 (66326.000.000) 08/27 19:25:04 Image size of job updated: 2466432
	970  -  MemoryUsage of job (MB)
	992528  -  ResidentSetSize of job (KB)
...
006 (66326.000.000) 08/27 20:24:25 Image size of job updated: 2538584
	970  -  MemoryUsage of job (MB)
	992528  -  ResidentSetSize of job (KB)
...
006 (66326.000.000) 08/27 21:41:59 Image size of job updated: 3214148
	970  -  MemoryUsage of job (MB)
	992528  -  ResidentSetSize of job (KB)
...
005 (66326.000.000) 08/27 21:42:00 Job terminated.
	(1) Normal termination (return value 135)
		Usr 0 03:06:11, Sys 0 00:11:05  -  Run Remote Usage
		Usr 0 00:00:00, Sys 0 00:00:00  -  Run Local Usage
		Usr 0 03:06:11, Sys 0 00:11:05  -  Total Remote Usage
		Usr 0 00:00:00, Sys 0 00:00:00  -  Total Local Usage
	6885  -  Run Bytes Sent By Job
	237  -  Run Bytes Received By Job
	6885  -  Total Bytes Sent By Job
	237  -  Total Bytes Received By Job
	Partitionable Resources :    Usage  Request Allocated
	   Cpus                 :                 1         1
	   Disk (KB)            :       17        1   4187667
	   Memory (MB)          :      970     1024      1024
...
000 (626.000.000) 08/28 17:54:03 Job submitted from host: <194.36.1.211:9618?addrs=194.36.1.211-9618+[--1]-9618&noUDP&sock=1189_2232_3>
...
009 (626.000.000) 08/28 17:54:58 Job was aborted by the user.
	via condor_rm (by user jnugent)
...
000 (66449.000.000) 08/28 17:55:44 Job submitted from host: <172.20.203.50:9618?addrs=172.20.203.50-9618+[--1]-9618&noUDP&sock=7405_cae4_4>
...
001 (66449.000.000) 08/28 17:56:58 Job executing on host: <10.194.1.4:9618?addrs=10.194.1.4-9618+[--1]-9618&noUDP&sock=21589_d637_3>
...
006 (66449.000.000) 08/28 17:56:58 Image size of job updated: 67532
	0  -  MemoryUsage of job (MB)
	0  -  ResidentSetSize of job (KB)
...
004 (66449.000.000) 08/28 17:56:58 Job was evicted.
	(0) Job was not checkpointed.
		Usr 0 00:00:00, Sys 0 00:00:00  -  Run Remote Usage
		Usr 0 00:00:00, Sys 0 00:00:00  -  Run Local Usage
	0  -  Run Bytes Sent By Job
	237  -  Run Bytes Received By Job
	Partitionable Resources :    Usage  Request Allocated
	   Cpus                 :                 1         1
	   Disk (KB)            :       10        1   4187667
	   Memory (MB)          :        0     1024      1024
...
009 (66449.000.000) 08/28 17:56:58 Job was aborted by the user.
	via condor_rm (by user jnugent)
...
000 (66549.000.000) 08/28 17:59:40 Job submitted from host: <172.20.203.50:9618?addrs=172.20.203.50-9618+[--1]-9618&noUDP&sock=7405_cae4_4>
...
001 (66549.000.000) 08/28 17:59:59 Job executing on host: <10.194.1.4:9618?addrs=10.194.1.4-9618+[--1]-9618&noUDP&sock=21589_d637_3>
...
006 (66549.000.000) 08/28 18:00:07 Image size of job updated: 322820
	316  -  MemoryUsage of job (MB)
	322820  -  ResidentSetSize of job (KB)
...
006 (66549.000.000) 08/28 18:05:07 Image size of job updated: 339548
	332  -  MemoryUsage of job (MB)
	339548  -  ResidentSetSize of job (KB)
...
006 (66549.000.000) 08/28 18:10:08 Image size of job updated: 357332
	349  -  MemoryUsage of job (MB)
	357332  -  ResidentSetSize of job (KB)
...
006 (66549.000.000) 08/28 18:15:09 Image size of job updated: 641600
	627  -  MemoryUsage of job (MB)
	641600  -  ResidentSetSize of job (KB)
...
006 (66549.000.000) 08/28 18:20:09 Image size of job updated: 697920
	682  -  MemoryUsage of job (MB)
	697920  -  ResidentSetSize of job (KB)
...
006 (66549.000.000) 08/28 18:25:09 Image size of job updated: 697920
	685  -  MemoryUsage of job (MB)
	701040  -  ResidentSetSize of job (KB)
...
006 (66549.000.000) 08/28 18:30:10 Image size of job updated: 743220
	726  -  MemoryUsage of job (MB)
	743220  -  ResidentSetSize of job (KB)
...
006 (66549.000.000) 08/28 18:45:11 Image size of job updated: 837748
	819  -  MemoryUsage of job (MB)
	837748  -  ResidentSetSize of job (KB)
...
006 (66549.000.000) 08/28 18:55:12 Image size of job updated: 870892
	851  -  MemoryUsage of job (MB)
	870892  -  ResidentSetSize of job (KB)
...
006 (66549.000.000) 08/28 19:15:14 Image size of job updated: 930888
	900  -  MemoryUsage of job (MB)
	921080  -  ResidentSetSize of job (KB)
...
006 (66549.000.000) 08/28 19:35:17 Image size of job updated: 1294828
	900  -  MemoryUsage of job (MB)
	921080  -  ResidentSetSize of job (KB)
...
006 (66549.000.000) 08/28 19:50:18 Image size of job updated: 1376160
	900  -  MemoryUsage of job (MB)
	921080  -  ResidentSetSize of job (KB)
...
006 (66549.000.000) 08/28 20:05:19 Image size of job updated: 1419100
	1017  -  MemoryUsage of job (MB)
	1040408  -  ResidentSetSize of job (KB)
...
006 (66549.000.000) 08/28 20:25:20 Image size of job updated: 1442456
	1017  -  MemoryUsage of job (MB)
	1040408  -  ResidentSetSize of job (KB)
...
006 (66549.000.000) 08/28 21:00:23 Image size of job updated: 1631472
	1017  -  MemoryUsage of job (MB)
	1040408  -  ResidentSetSize of job (KB)
...
006 (66549.000.000) 08/28 21:10:25 Image size of job updated: 1746396
	1017  -  MemoryUsage of job (MB)
	1040408  -  ResidentSetSize of job (KB)
...
006 (66549.000.000) 08/28 21:50:28 Image size of job updated: 1816884
	1017  -  MemoryUsage of job (MB)
	1040408  -  ResidentSetSize of job (KB)
...
006 (66549.000.000) 08/28 22:00:30 Image size of job updated: 2008996
	1017  -  MemoryUsage of job (MB)
	1040408  -  ResidentSetSize of job (KB)
...
006 (66549.000.000) 08/28 22:15:31 Image size of job updated: 2046688
	1017  -  MemoryUsage of job (MB)
	1040408  -  ResidentSetSize of job (KB)
...
006 (66549.000.000) 08/28 22:20:32 Image size of job updated: 2125336
	1017  -  MemoryUsage of job (MB)
	1040408  -  ResidentSetSize of job (KB)
...
006 (66549.000.000) 08/28 22:25:32 Image size of job updated: 2159828
	1017  -  MemoryUsage of job (MB)
	1040408  -  ResidentSetSize of job (KB)
...
006 (66549.000.000) 08/28 22:30:32 Image size of job updated: 2176112
	1017  -  MemoryUsage of job (MB)
	1040408  -  ResidentSetSize of job (KB)
...
006 (66549.000.000) 08/28 22:35:33 Image size of job updated: 2210872
	1017  -  MemoryUsage of job (MB)
	1040408  -  ResidentSetSize of job (KB)
...
006 (66549.000.000) 08/28 22:40:33 Image size of job updated: 2222960
	1017  -  MemoryUsage of job (MB)
	1040408  -  ResidentSetSize of job (KB)
...
006 (66549.000.000) 08/28 22:45:33 Image size of job updated: 2248836
	1017  -  MemoryUsage of job (MB)
	1040408  -  ResidentSetSize of job (KB)
...
006 (66549.000.000) 08/28 22:50:34 Image size of job updated: 2284712
	1026  -  MemoryUsage of job (MB)
	1050424  -  ResidentSetSize of job (KB)
...
006 (66549.000.000) 08/28 22:55:35 Image size of job updated: 2297872
	1026  -  MemoryUsage of job (MB)
	1050424  -  ResidentSetSize of job (KB)
...
006 (66549.000.000) 08/28 23:00:35 Image size of job updated: 2322716
	1026  -  MemoryUsage of job (MB)
	1050424  -  ResidentSetSize of job (KB)
...
006 (66549.000.000) 08/28 23:05:35 Image size of job updated: 2364164
	1078  -  MemoryUsage of job (MB)
	1103020  -  ResidentSetSize of job (KB)
...
006 (66549.000.000) 08/28 23:10:36 Image size of job updated: 2456716
	1258  -  MemoryUsage of job (MB)
	1287984  -  ResidentSetSize of job (KB)
...
006 (66549.000.000) 08/28 23:15:37 Image size of job updated: 2501636
	1258  -  MemoryUsage of job (MB)
	1288048  -  ResidentSetSize of job (KB)
...
006 (66549.000.000) 08/28 23:20:38 Image size of job updated: 2562596
	1258  -  MemoryUsage of job (MB)
	1288048  -  ResidentSetSize of job (KB)
...
006 (66549.000.000) 08/28 23:25:38 Image size of job updated: 2664928
	1417  -  MemoryUsage of job (MB)
	1450452  -  ResidentSetSize of job (KB)
...
006 (66549.000.000) 08/28 23:30:39 Image size of job updated: 2700016
	1417  -  MemoryUsage of job (MB)
	1450452  -  ResidentSetSize of job (KB)
...
006 (66549.000.000) 08/28 23:50:41 Image size of job updated: 2700016
	1431  -  MemoryUsage of job (MB)
	1464488  -  ResidentSetSize of job (KB)
...
006 (66549.000.000) 08/28 23:55:42 Image size of job updated: 2700016
	1646  -  MemoryUsage of job (MB)
	1684484  -  ResidentSetSize of job (KB)
...
006 (66549.000.000) 08/29 00:00:42 Image size of job updated: 2704992
	1646  -  MemoryUsage of job (MB)
	1684484  -  ResidentSetSize of job (KB)
...
006 (66549.000.000) 08/29 00:05:42 Image size of job updated: 2718796
	1646  -  MemoryUsage of job (MB)
	1684484  -  ResidentSetSize of job (KB)
...
006 (66549.000.000) 08/29 01:40:51 Image size of job updated: 2742812
	1646  -  MemoryUsage of job (MB)
	1684484  -  ResidentSetSize of job (KB)
...
006 (66549.000.000) 08/29 02:10:55 Image size of job updated: 3013372
	1646  -  MemoryUsage of job (MB)
	1684484  -  ResidentSetSize of job (KB)
...
006 (66549.000.000) 08/29 02:40:58 Image size of job updated: 3433536
	1646  -  MemoryUsage of job (MB)
	1684484  -  ResidentSetSize of job (KB)
...
006 (66549.000.000) 08/29 03:16:01 Image size of job updated: 3445908
	1646  -  MemoryUsage of job (MB)
	1684484  -  ResidentSetSize of job (KB)
...
006 (66549.000.000) 08/29 03:31:03 Image size of job updated: 3675204
	1778  -  MemoryUsage of job (MB)
	1820656  -  ResidentSetSize of job (KB)
...
006 (66549.000.000) 08/29 03:46:04 Image size of job updated: 3747304
	1843  -  MemoryUsage of job (MB)
	1886740  -  ResidentSetSize of job (KB)
...
006 (66549.000.000) 08/29 04:26:08 Image size of job updated: 3919076
	1849  -  MemoryUsage of job (MB)
	1892804  -  ResidentSetSize of job (KB)
...
006 (66549.000.000) 08/29 05:16:14 Image size of job updated: 4103644
	1910  -  MemoryUsage of job (MB)
	1955000  -  ResidentSetSize of job (KB)
...
006 (66549.000.000) 08/29 05:36:18 Image size of job updated: 4232684
	1934  -  MemoryUsage of job (MB)
	1979748  -  ResidentSetSize of job (KB)
...
006 (66549.000.000) 08/29 05:46:18 Image size of job updated: 4343436
	2036  -  MemoryUsage of job (MB)
	2084672  -  ResidentSetSize of job (KB)
...
006 (66549.000.000) 08/29 06:06:21 Image size of job updated: 4772996
	2278  -  MemoryUsage of job (MB)
	2332344  -  ResidentSetSize of job (KB)
...
006 (66549.000.000) 08/29 06:11:23 Image size of job updated: 4839008
	2278  -  MemoryUsage of job (MB)
	2332344  -  ResidentSetSize of job (KB)
...
006 (66549.000.000) 08/29 06:16:20 Image size of job updated: 4865776
	2310  -  MemoryUsage of job (MB)
	2364752  -  ResidentSetSize of job (KB)
...
006 (66549.000.000) 08/29 06:21:20 Image size of job updated: 4936752
	2379  -  MemoryUsage of job (MB)
	2436016  -  ResidentSetSize of job (KB)
...
006 (66549.000.000) 08/29 06:26:20 Image size of job updated: 4958416
	2396  -  MemoryUsage of job (MB)
	2453384  -  ResidentSetSize of job (KB)
...
006 (66549.000.000) 08/29 06:31:32 Image size of job updated: 5023860
	2396  -  MemoryUsage of job (MB)
	2453384  -  ResidentSetSize of job (KB)
...
006 (66549.000.000) 08/29 06:36:22 Image size of job updated: 5073644
	2410  -  MemoryUsage of job (MB)
	2466932  -  ResidentSetSize of job (KB)
...
006 (66549.000.000) 08/29 06:41:24 Image size of job updated: 5129640
	2480  -  MemoryUsage of job (MB)
	2539468  -  ResidentSetSize of job (KB)
...
006 (66549.000.000) 08/29 06:46:23 Image size of job updated: 5210820
	2580  -  MemoryUsage of job (MB)
	2641552  -  ResidentSetSize of job (KB)
...
006 (66549.000.000) 08/29 06:51:26 Image size of job updated: 5283268
	2633  -  MemoryUsage of job (MB)
	2695296  -  ResidentSetSize of job (KB)
...
006 (66549.000.000) 08/29 08:01:32 Image size of job updated: 5297012
	2633  -  MemoryUsage of job (MB)
	2695296  -  ResidentSetSize of job (KB)
...
006 (66549.000.000) 08/29 08:06:34 Image size of job updated: 5317488
	2633  -  MemoryUsage of job (MB)
	2695296  -  ResidentSetSize of job (KB)
...
006 (66549.000.000) 08/29 14:45:54 Image size of job updated: 5390136
	2633  -  MemoryUsage of job (MB)
	2695296  -  ResidentSetSize of job (KB)
...
006 (66549.000.000) 08/29 16:06:01 Image size of job updated: 5390672
	2633  -  MemoryUsage of job (MB)
	2695296  -  ResidentSetSize of job (KB)
...
006 (66549.000.000) 08/29 16:51:06 Image size of job updated: 5500220
	2633  -  MemoryUsage of job (MB)
	2695296  -  ResidentSetSize of job (KB)
...
005 (66549.000.000) 08/29 16:55:55 Job terminated.
	(1) Normal termination (return value 137)
		Usr 0 10:06:11, Sys 0 00:37:34  -  Run Remote Usage
		Usr 0 00:00:00, Sys 0 00:00:00  -  Run Local Usage
		Usr 0 10:06:11, Sys 0 00:37:34  -  Total Remote Usage
		Usr 0 00:00:00, Sys 0 00:00:00  -  Total Local Usage
	189974  -  Run Bytes Sent By Job
	237  -  Run Bytes Received By Job
	189974  -  Total Bytes Sent By Job
	237  -  Total Bytes Received By Job
	Partitionable Resources :    Usage  Request Allocated
	   Cpus                 :                 1         1
	   Disk (KB)            :      196        1   4187667
	   Memory (MB)          :     2633     1024      1024
...
