000 (96823.000.000) 09/23 16:58:47 Job submitted from host: <172.20.203.50:9618?addrs=172.20.203.50-9618+[--1]-9618&noUDP&sock=7405_cae4_4>
...
001 (96823.000.000) 09/23 16:58:56 Job executing on host: <10.194.1.8:9618?addrs=10.194.1.8-9618+[--1]-9618&noUDP&sock=5976_9e0e_3>
...
006 (96823.000.000) 09/23 16:59:05 Image size of job updated: 62864
	52  -  MemoryUsage of job (MB)
	52928  -  ResidentSetSize of job (KB)
...
006 (96823.000.000) 09/23 17:04:06 Image size of job updated: 487324
	467  -  MemoryUsage of job (MB)
	477228  -  ResidentSetSize of job (KB)
...
006 (96823.000.000) 09/23 17:09:06 Image size of job updated: 631344
	607  -  MemoryUsage of job (MB)
	621248  -  ResidentSetSize of job (KB)
...
006 (96823.000.000) 09/23 17:19:07 Image size of job updated: 1211144
	1173  -  MemoryUsage of job (MB)
	1201048  -  ResidentSetSize of job (KB)
...
006 (96823.000.000) 09/23 17:59:12 Image size of job updated: 1606424
	1546  -  MemoryUsage of job (MB)
	1582632  -  ResidentSetSize of job (KB)
...
006 (96823.000.000) 09/23 18:04:12 Image size of job updated: 1745560
	1672  -  MemoryUsage of job (MB)
	1711720  -  ResidentSetSize of job (KB)
...
006 (96823.000.000) 09/23 18:44:17 Image size of job updated: 1967132
	1856  -  MemoryUsage of job (MB)
	1899620  -  ResidentSetSize of job (KB)
...
006 (96823.000.000) 09/23 19:14:20 Image size of job updated: 1969476
	1856  -  MemoryUsage of job (MB)
	1899620  -  ResidentSetSize of job (KB)
...
006 (96823.000.000) 09/23 19:29:22 Image size of job updated: 2089808
	1897  -  MemoryUsage of job (MB)
	1942108  -  ResidentSetSize of job (KB)
...
006 (96823.000.000) 09/23 19:49:24 Image size of job updated: 2089808
	1945  -  MemoryUsage of job (MB)
	1990792  -  ResidentSetSize of job (KB)
...
006 (96823.000.000) 09/23 19:54:24 Image size of job updated: 2259372
	2134  -  MemoryUsage of job (MB)
	2185176  -  ResidentSetSize of job (KB)
...
006 (96823.000.000) 09/23 19:59:25 Image size of job updated: 2259372
	2134  -  MemoryUsage of job (MB)
	2185184  -  ResidentSetSize of job (KB)
...
006 (96823.000.000) 09/23 20:14:26 Image size of job updated: 2269876
	2134  -  MemoryUsage of job (MB)
	2185184  -  ResidentSetSize of job (KB)
...
006 (96823.000.000) 09/23 20:19:26 Image size of job updated: 2811640
	2660  -  MemoryUsage of job (MB)
	2723732  -  ResidentSetSize of job (KB)
...
006 (96823.000.000) 09/23 20:29:27 Image size of job updated: 2845776
	2684  -  MemoryUsage of job (MB)
	2747588  -  ResidentSetSize of job (KB)
...
006 (96823.000.000) 09/23 20:44:28 Image size of job updated: 2918512
	2684  -  MemoryUsage of job (MB)
	2747588  -  ResidentSetSize of job (KB)
...
006 (96823.000.000) 09/23 21:04:30 Image size of job updated: 2948060
	2684  -  MemoryUsage of job (MB)
	2747588  -  ResidentSetSize of job (KB)
...
006 (96823.000.000) 09/23 21:09:31 Image size of job updated: 3430680
	2868  -  MemoryUsage of job (MB)
	2936720  -  ResidentSetSize of job (KB)
...
006 (96823.000.000) 09/23 21:59:36 Image size of job updated: 4264408
	3236  -  MemoryUsage of job (MB)
	3313256  -  ResidentSetSize of job (KB)
...
006 (96823.000.000) 09/23 22:04:36 Image size of job updated: 4350048
	3236  -  MemoryUsage of job (MB)
	3313256  -  ResidentSetSize of job (KB)
...
006 (96823.000.000) 09/23 22:09:37 Image size of job updated: 4476244
	3436  -  MemoryUsage of job (MB)
	3518456  -  ResidentSetSize of job (KB)
...
006 (96823.000.000) 09/23 22:14:39 Image size of job updated: 4586368
	3436  -  MemoryUsage of job (MB)
	3518456  -  ResidentSetSize of job (KB)
...
006 (96823.000.000) 09/23 22:24:39 Image size of job updated: 4684320
	3436  -  MemoryUsage of job (MB)
	3518456  -  ResidentSetSize of job (KB)
...
006 (96823.000.000) 09/23 22:29:39 Image size of job updated: 4734776
	3436  -  MemoryUsage of job (MB)
	3518456  -  ResidentSetSize of job (KB)
...
006 (96823.000.000) 09/23 22:34:40 Image size of job updated: 4784380
	3436  -  MemoryUsage of job (MB)
	3518456  -  ResidentSetSize of job (KB)
...
006 (96823.000.000) 09/23 22:39:41 Image size of job updated: 4828156
	3436  -  MemoryUsage of job (MB)
	3518456  -  ResidentSetSize of job (KB)
...
006 (96823.000.000) 09/23 22:44:41 Image size of job updated: 4872892
	3436  -  MemoryUsage of job (MB)
	3518456  -  ResidentSetSize of job (KB)
...
006 (96823.000.000) 09/23 22:49:41 Image size of job updated: 5029040
	3436  -  MemoryUsage of job (MB)
	3518456  -  ResidentSetSize of job (KB)
...
006 (96823.000.000) 09/23 23:08:40 Image size of job updated: 5182416
	3436  -  MemoryUsage of job (MB)
	3518456  -  ResidentSetSize of job (KB)
...
005 (96823.000.000) 09/24 05:44:42 Job terminated.
	(1) Normal termination (return value 0)
		Usr 0 09:47:55, Sys 0 00:25:58  -  Run Remote Usage
		Usr 0 00:00:00, Sys 0 00:00:00  -  Run Local Usage
		Usr 0 09:47:55, Sys 0 00:25:58  -  Total Remote Usage
		Usr 0 00:00:00, Sys 0 00:00:00  -  Total Local Usage
	1000360  -  Run Bytes Sent By Job
	237  -  Run Bytes Received By Job
	1000360  -  Total Bytes Sent By Job
	237  -  Total Bytes Received By Job
	Partitionable Resources :    Usage  Request Allocated
	   Cpus                 :                 1         1
	   Disk (KB)            :      987        1  10479108
	   Memory (MB)          :     3436     1024      1024
...
000 (96873.000.000) 09/24 14:18:52 Job submitted from host: <172.20.203.50:9618?addrs=172.20.203.50-9618+[--1]-9618&noUDP&sock=7405_cae4_4>
...
001 (96873.000.000) 09/24 14:18:57 Job executing on host: <10.194.1.8:9618?addrs=10.194.1.8-9618+[--1]-9618&noUDP&sock=5976_9e0e_3>
...
006 (96873.000.000) 09/24 14:19:06 Image size of job updated: 52356
	50  -  MemoryUsage of job (MB)
	50808  -  ResidentSetSize of job (KB)
...
006 (96873.000.000) 09/24 14:24:07 Image size of job updated: 739052
	721  -  MemoryUsage of job (MB)
	737504  -  ResidentSetSize of job (KB)
...
006 (96873.000.000) 09/24 14:34:08 Image size of job updated: 1094336
	1068  -  MemoryUsage of job (MB)
	1092788  -  ResidentSetSize of job (KB)
...
006 (96873.000.000) 09/24 14:49:10 Image size of job updated: 1129632
	1102  -  MemoryUsage of job (MB)
	1128084  -  ResidentSetSize of job (KB)
...
006 (96873.000.000) 09/24 14:59:11 Image size of job updated: 1264972
	1216  -  MemoryUsage of job (MB)
	1244912  -  ResidentSetSize of job (KB)
...
006 (96873.000.000) 09/24 15:04:11 Image size of job updated: 1264972
	1216  -  MemoryUsage of job (MB)
	1244920  -  ResidentSetSize of job (KB)
...
006 (96873.000.000) 09/24 15:19:13 Image size of job updated: 1267764
	1216  -  MemoryUsage of job (MB)
	1244920  -  ResidentSetSize of job (KB)
...
006 (96873.000.000) 09/24 15:24:13 Image size of job updated: 1288052
	1216  -  MemoryUsage of job (MB)
	1244920  -  ResidentSetSize of job (KB)
...
006 (96873.000.000) 09/24 15:34:15 Image size of job updated: 1410808
	1328  -  MemoryUsage of job (MB)
	1359872  -  ResidentSetSize of job (KB)
...
006 (96873.000.000) 09/24 15:39:15 Image size of job updated: 1898124
	1796  -  MemoryUsage of job (MB)
	1838676  -  ResidentSetSize of job (KB)
...
006 (96873.000.000) 09/24 15:49:17 Image size of job updated: 1964308
	1848  -  MemoryUsage of job (MB)
	1891356  -  ResidentSetSize of job (KB)
...
006 (96873.000.000) 09/24 16:09:19 Image size of job updated: 2331324
	2191  -  MemoryUsage of job (MB)
	2243276  -  ResidentSetSize of job (KB)
...
006 (96873.000.000) 09/24 16:29:21 Image size of job updated: 2343276
	2232  -  MemoryUsage of job (MB)
	2284964  -  ResidentSetSize of job (KB)
...
006 (96873.000.000) 09/24 16:34:21 Image size of job updated: 2506384
	2391  -  MemoryUsage of job (MB)
	2448124  -  ResidentSetSize of job (KB)
...
006 (96873.000.000) 09/24 16:44:23 Image size of job updated: 2550756
	2437  -  MemoryUsage of job (MB)
	2494872  -  ResidentSetSize of job (KB)
...
006 (96873.000.000) 09/24 16:54:23 Image size of job updated: 2849444
	2727  -  MemoryUsage of job (MB)
	2792244  -  ResidentSetSize of job (KB)
...
006 (96873.000.000) 09/24 17:09:24 Image size of job updated: 2856112
	2734  -  MemoryUsage of job (MB)
	2799012  -  ResidentSetSize of job (KB)
...
006 (96873.000.000) 09/24 17:14:25 Image size of job updated: 3037840
	2911  -  MemoryUsage of job (MB)
	2980764  -  ResidentSetSize of job (KB)
...
006 (96873.000.000) 09/24 17:19:25 Image size of job updated: 3262656
	3058  -  MemoryUsage of job (MB)
	3130724  -  ResidentSetSize of job (KB)
...
006 (96873.000.000) 09/24 17:39:27 Image size of job updated: 3402904
	3078  -  MemoryUsage of job (MB)
	3151352  -  ResidentSetSize of job (KB)
...
006 (96873.000.000) 09/24 17:44:28 Image size of job updated: 3421584
	3097  -  MemoryUsage of job (MB)
	3170384  -  ResidentSetSize of job (KB)
...
006 (96873.000.000) 09/24 17:49:29 Image size of job updated: 3508748
	3182  -  MemoryUsage of job (MB)
	3257916  -  ResidentSetSize of job (KB)
...
006 (96873.000.000) 09/24 20:34:45 Image size of job updated: 4028504
	3531  -  MemoryUsage of job (MB)
	3615632  -  ResidentSetSize of job (KB)
...
006 (96873.000.000) 09/24 20:39:47 Image size of job updated: 4028504
	3532  -  MemoryUsage of job (MB)
	3616144  -  ResidentSetSize of job (KB)
...
005 (96873.000.000) 09/24 22:32:38 Job terminated.
	(1) Normal termination (return value 0)
		Usr 0 07:40:19, Sys 0 00:22:11  -  Run Remote Usage
		Usr 0 00:00:00, Sys 0 00:00:00  -  Run Local Usage
		Usr 0 07:40:19, Sys 0 00:22:11  -  Total Remote Usage
		Usr 0 00:00:00, Sys 0 00:00:00  -  Total Local Usage
	1000360  -  Run Bytes Sent By Job
	237  -  Run Bytes Received By Job
	1000360  -  Total Bytes Sent By Job
	237  -  Total Bytes Received By Job
	Partitionable Resources :    Usage  Request Allocated
	   Cpus                 :                 1         1
	   Disk (KB)            :      987        1  10479108
	   Memory (MB)          :     3532    10240     10240
...
