000 (97171.000.000) 09/28 09:40:18 Job submitted from host: <172.20.203.50:9618?addrs=172.20.203.50-9618+[--1]-9618&noUDP&sock=7405_cae4_4>
...
001 (97171.000.000) 09/29 04:54:22 Job executing on host: <10.194.1.8:9618?addrs=10.194.1.8-9618+[--1]-9618&noUDP&sock=5976_9e0e_3>
...
006 (97171.000.000) 09/29 04:54:30 Image size of job updated: 49320
	48  -  MemoryUsage of job (MB)
	48768  -  ResidentSetSize of job (KB)
...
006 (97171.000.000) 09/29 04:59:30 Image size of job updated: 593700
	580  -  MemoryUsage of job (MB)
	593056  -  ResidentSetSize of job (KB)
...
006 (97171.000.000) 09/29 05:04:31 Image size of job updated: 593700
	591  -  MemoryUsage of job (MB)
	604820  -  ResidentSetSize of job (KB)
...
006 (97171.000.000) 09/29 05:14:32 Image size of job updated: 847160
	818  -  MemoryUsage of job (MB)
	837068  -  ResidentSetSize of job (KB)
...
006 (97171.000.000) 09/29 05:44:35 Image size of job updated: 1044328
	1011  -  MemoryUsage of job (MB)
	1034312  -  ResidentSetSize of job (KB)
...
006 (97171.000.000) 09/29 05:54:35 Image size of job updated: 1234240
	1196  -  MemoryUsage of job (MB)
	1224108  -  ResidentSetSize of job (KB)
...
006 (97171.000.000) 09/29 06:09:36 Image size of job updated: 1406040
	1363  -  MemoryUsage of job (MB)
	1394968  -  ResidentSetSize of job (KB)
...
006 (97171.000.000) 09/29 06:19:38 Image size of job updated: 1596536
	1548  -  MemoryUsage of job (MB)
	1584960  -  ResidentSetSize of job (KB)
...
006 (97171.000.000) 09/29 07:19:44 Image size of job updated: 1857564
	1726  -  MemoryUsage of job (MB)
	1767344  -  ResidentSetSize of job (KB)
...
006 (97171.000.000) 09/29 08:09:49 Image size of job updated: 2241248
	2039  -  MemoryUsage of job (MB)
	2087420  -  ResidentSetSize of job (KB)
...
006 (97171.000.000) 09/29 08:54:54 Image size of job updated: 2453220
	2242  -  MemoryUsage of job (MB)
	2294824  -  ResidentSetSize of job (KB)
...
006 (97171.000.000) 09/29 09:44:59 Image size of job updated: 2453220
	2296  -  MemoryUsage of job (MB)
	2350364  -  ResidentSetSize of job (KB)
...
006 (97171.000.000) 09/29 09:50:01 Image size of job updated: 2855948
	2753  -  MemoryUsage of job (MB)
	2818388  -  ResidentSetSize of job (KB)
...
006 (97171.000.000) 09/29 09:55:01 Image size of job updated: 2855948
	2753  -  MemoryUsage of job (MB)
	2818484  -  ResidentSetSize of job (KB)
...
006 (97171.000.000) 09/29 10:30:06 Image size of job updated: 3105716
	2991  -  MemoryUsage of job (MB)
	3062192  -  ResidentSetSize of job (KB)
...
006 (97171.000.000) 09/29 11:15:10 Image size of job updated: 3179604
	3059  -  MemoryUsage of job (MB)
	3131864  -  ResidentSetSize of job (KB)
...
006 (97171.000.000) 09/29 11:20:11 Image size of job updated: 3232472
	3110  -  MemoryUsage of job (MB)
	3184296  -  ResidentSetSize of job (KB)
...
006 (97171.000.000) 09/29 11:25:11 Image size of job updated: 3232472
	3110  -  MemoryUsage of job (MB)
	3184304  -  ResidentSetSize of job (KB)
...
006 (97171.000.000) 09/29 11:55:13 Image size of job updated: 3247828
	3110  -  MemoryUsage of job (MB)
	3184304  -  ResidentSetSize of job (KB)
...
006 (97171.000.000) 09/29 12:05:14 Image size of job updated: 3301172
	3124  -  MemoryUsage of job (MB)
	3198532  -  ResidentSetSize of job (KB)
...
006 (97171.000.000) 09/29 12:10:19 Image size of job updated: 3504288
	3322  -  MemoryUsage of job (MB)
	3401340  -  ResidentSetSize of job (KB)
...
006 (97171.000.000) 09/29 12:20:17 Image size of job updated: 3748812
	3534  -  MemoryUsage of job (MB)
	3617920  -  ResidentSetSize of job (KB)
...
006 (97171.000.000) 09/29 12:25:15 Image size of job updated: 4370740
	4160  -  MemoryUsage of job (MB)
	4258948  -  ResidentSetSize of job (KB)
...
005 (97171.000.000) 09/30 00:45:59 Job terminated.
	(1) Normal termination (return value 0)
		Usr 0 11:13:20, Sys 0 00:35:05  -  Run Remote Usage
		Usr 0 00:00:00, Sys 0 00:00:00  -  Run Local Usage
		Usr 0 11:13:20, Sys 0 00:35:05  -  Total Remote Usage
		Usr 0 00:00:00, Sys 0 00:00:00  -  Total Local Usage
	821259  -  Run Bytes Sent By Job
	237  -  Run Bytes Received By Job
	821259  -  Total Bytes Sent By Job
	237  -  Total Bytes Received By Job
	Partitionable Resources :    Usage  Request Allocated
	   Cpus                 :                 1         1
	   Disk (KB)            :      812        1  10479108
	   Memory (MB)          :     4160    10240     10240
...
