000 (96846.000.000) 09/23 16:58:49 Job submitted from host: <172.20.203.50:9618?addrs=172.20.203.50-9618+[--1]-9618&noUDP&sock=7405_cae4_4>
...
001 (96846.000.000) 09/23 16:58:58 Job executing on host: <10.194.1.8:9618?addrs=10.194.1.8-9618+[--1]-9618&noUDP&sock=5976_9e0e_3>
...
006 (96846.000.000) 09/23 16:59:06 Image size of job updated: 52320
	52  -  MemoryUsage of job (MB)
	52320  -  ResidentSetSize of job (KB)
...
006 (96846.000.000) 09/23 17:04:06 Image size of job updated: 396036
	387  -  MemoryUsage of job (MB)
	396036  -  ResidentSetSize of job (KB)
...
006 (96846.000.000) 09/23 17:09:07 Image size of job updated: 491524
	481  -  MemoryUsage of job (MB)
	491524  -  ResidentSetSize of job (KB)
...
006 (96846.000.000) 09/23 17:14:08 Image size of job updated: 553700
	541  -  MemoryUsage of job (MB)
	553700  -  ResidentSetSize of job (KB)
...
006 (96846.000.000) 09/23 17:19:09 Image size of job updated: 1232344
	1204  -  MemoryUsage of job (MB)
	1232344  -  ResidentSetSize of job (KB)
...
006 (96846.000.000) 09/23 17:29:09 Image size of job updated: 1331028
	1300  -  MemoryUsage of job (MB)
	1331028  -  ResidentSetSize of job (KB)
...
006 (96846.000.000) 09/23 17:54:12 Image size of job updated: 1351096
	1320  -  MemoryUsage of job (MB)
	1351096  -  ResidentSetSize of job (KB)
...
006 (96846.000.000) 09/23 17:59:13 Image size of job updated: 1535880
	1500  -  MemoryUsage of job (MB)
	1535880  -  ResidentSetSize of job (KB)
...
006 (96846.000.000) 09/23 18:39:17 Image size of job updated: 1665516
	1627  -  MemoryUsage of job (MB)
	1665516  -  ResidentSetSize of job (KB)
...
006 (96846.000.000) 09/23 18:49:19 Image size of job updated: 1840868
	1798  -  MemoryUsage of job (MB)
	1840868  -  ResidentSetSize of job (KB)
...
006 (96846.000.000) 09/23 18:54:19 Image size of job updated: 1859064
	1816  -  MemoryUsage of job (MB)
	1859064  -  ResidentSetSize of job (KB)
...
006 (96846.000.000) 09/23 19:19:22 Image size of job updated: 2137924
	2088  -  MemoryUsage of job (MB)
	2137924  -  ResidentSetSize of job (KB)
...
006 (96846.000.000) 09/23 19:49:24 Image size of job updated: 2206404
	2155  -  MemoryUsage of job (MB)
	2206404  -  ResidentSetSize of job (KB)
...
006 (96846.000.000) 09/23 20:04:26 Image size of job updated: 2330928
	2277  -  MemoryUsage of job (MB)
	2330928  -  ResidentSetSize of job (KB)
...
006 (96846.000.000) 09/23 20:09:26 Image size of job updated: 2683360
	2621  -  MemoryUsage of job (MB)
	2683360  -  ResidentSetSize of job (KB)
...
006 (96846.000.000) 09/23 20:44:30 Image size of job updated: 2853288
	2787  -  MemoryUsage of job (MB)
	2853288  -  ResidentSetSize of job (KB)
...
006 (96846.000.000) 09/23 20:54:31 Image size of job updated: 2916312
	2848  -  MemoryUsage of job (MB)
	2916288  -  ResidentSetSize of job (KB)
...
006 (96846.000.000) 09/23 20:59:31 Image size of job updated: 3206052
	3131  -  MemoryUsage of job (MB)
	3206012  -  ResidentSetSize of job (KB)
...
006 (96846.000.000) 09/23 21:09:33 Image size of job updated: 3281312
	3205  -  MemoryUsage of job (MB)
	3281244  -  ResidentSetSize of job (KB)
...
006 (96846.000.000) 09/23 21:44:37 Image size of job updated: 3598300
	3514  -  MemoryUsage of job (MB)
	3597652  -  ResidentSetSize of job (KB)
...
006 (96846.000.000) 09/23 21:49:38 Image size of job updated: 3799012
	3710  -  MemoryUsage of job (MB)
	3798292  -  ResidentSetSize of job (KB)
...
006 (96846.000.000) 09/23 21:59:39 Image size of job updated: 4104268
	3710  -  MemoryUsage of job (MB)
	3798292  -  ResidentSetSize of job (KB)
...
006 (96846.000.000) 09/23 22:04:39 Image size of job updated: 4350228
	3710  -  MemoryUsage of job (MB)
	3798292  -  ResidentSetSize of job (KB)
...
006 (96846.000.000) 09/23 22:09:39 Image size of job updated: 4393236
	3710  -  MemoryUsage of job (MB)
	3798292  -  ResidentSetSize of job (KB)
...
006 (96846.000.000) 09/23 22:19:41 Image size of job updated: 4406556
	3710  -  MemoryUsage of job (MB)
	3798292  -  ResidentSetSize of job (KB)
...
006 (96846.000.000) 09/23 22:24:41 Image size of job updated: 4808700
	3710  -  MemoryUsage of job (MB)
	3798292  -  ResidentSetSize of job (KB)
...
006 (96846.000.000) 09/23 22:29:41 Image size of job updated: 4915628
	3710  -  MemoryUsage of job (MB)
	3798292  -  ResidentSetSize of job (KB)
...
006 (96846.000.000) 09/23 22:34:42 Image size of job updated: 5014484
	3710  -  MemoryUsage of job (MB)
	3798292  -  ResidentSetSize of job (KB)
...
006 (96846.000.000) 09/23 22:39:43 Image size of job updated: 5155472
	3710  -  MemoryUsage of job (MB)
	3798292  -  ResidentSetSize of job (KB)
...
005 (96846.000.000) 09/24 06:00:39 Job terminated.
	(1) Normal termination (return value 0)
		Usr 0 10:37:54, Sys 0 00:23:04  -  Run Remote Usage
		Usr 0 00:00:00, Sys 0 00:00:00  -  Run Local Usage
		Usr 0 10:37:54, Sys 0 00:23:04  -  Total Remote Usage
		Usr 0 00:00:00, Sys 0 00:00:00  -  Total Local Usage
	1000425  -  Run Bytes Sent By Job
	237  -  Run Bytes Received By Job
	1000425  -  Total Bytes Sent By Job
	237  -  Total Bytes Received By Job
	Partitionable Resources :    Usage  Request Allocated
	   Cpus                 :                 1         1
	   Disk (KB)            :      987        1  10479108
	   Memory (MB)          :     3710     1024      1024
...
000 (96896.000.000) 09/24 14:18:55 Job submitted from host: <172.20.203.50:9618?addrs=172.20.203.50-9618+[--1]-9618&noUDP&sock=7405_cae4_4>
...
001 (96896.000.000) 09/24 22:32:46 Job executing on host: <10.194.1.8:9618?addrs=10.194.1.8-9618+[--1]-9618&noUDP&sock=5976_9e0e_3>
...
006 (96896.000.000) 09/24 22:32:54 Image size of job updated: 53480
	51  -  MemoryUsage of job (MB)
	51280  -  ResidentSetSize of job (KB)
...
006 (96896.000.000) 09/24 22:37:54 Image size of job updated: 367072
	352  -  MemoryUsage of job (MB)
	360308  -  ResidentSetSize of job (KB)
...
006 (96896.000.000) 09/24 22:42:54 Image size of job updated: 652276
	626  -  MemoryUsage of job (MB)
	640744  -  ResidentSetSize of job (KB)
...
006 (96896.000.000) 09/24 22:52:56 Image size of job updated: 1142748
	1031  -  MemoryUsage of job (MB)
	1055532  -  ResidentSetSize of job (KB)
...
006 (96896.000.000) 09/24 23:07:57 Image size of job updated: 1183116
	1134  -  MemoryUsage of job (MB)
	1160952  -  ResidentSetSize of job (KB)
...
006 (96896.000.000) 09/24 23:12:58 Image size of job updated: 1225280
	1134  -  MemoryUsage of job (MB)
	1160952  -  ResidentSetSize of job (KB)
...
006 (96896.000.000) 09/24 23:17:58 Image size of job updated: 1452664
	1307  -  MemoryUsage of job (MB)
	1338208  -  ResidentSetSize of job (KB)
...
006 (96896.000.000) 09/24 23:27:58 Image size of job updated: 1497772
	1329  -  MemoryUsage of job (MB)
	1360572  -  ResidentSetSize of job (KB)
...
006 (96896.000.000) 09/24 23:32:59 Image size of job updated: 1568064
	1366  -  MemoryUsage of job (MB)
	1398536  -  ResidentSetSize of job (KB)
...
006 (96896.000.000) 09/24 23:53:01 Image size of job updated: 1776712
	1622  -  MemoryUsage of job (MB)
	1660200  -  ResidentSetSize of job (KB)
...
006 (96896.000.000) 09/25 00:03:02 Image size of job updated: 2067700
	1836  -  MemoryUsage of job (MB)
	1879220  -  ResidentSetSize of job (KB)
...
006 (96896.000.000) 09/25 00:18:04 Image size of job updated: 2157736
	1927  -  MemoryUsage of job (MB)
	1972808  -  ResidentSetSize of job (KB)
...
006 (96896.000.000) 09/25 00:38:06 Image size of job updated: 2606192
	2067  -  MemoryUsage of job (MB)
	2116508  -  ResidentSetSize of job (KB)
...
006 (96896.000.000) 09/25 00:43:06 Image size of job updated: 2606192
	2077  -  MemoryUsage of job (MB)
	2126444  -  ResidentSetSize of job (KB)
...
006 (96896.000.000) 09/25 00:48:06 Image size of job updated: 2606192
	2077  -  MemoryUsage of job (MB)
	2126452  -  ResidentSetSize of job (KB)
...
006 (96896.000.000) 09/25 00:58:07 Image size of job updated: 2606192
	2127  -  MemoryUsage of job (MB)
	2177084  -  ResidentSetSize of job (KB)
...
006 (96896.000.000) 09/25 01:03:08 Image size of job updated: 2606192
	2358  -  MemoryUsage of job (MB)
	2414164  -  ResidentSetSize of job (KB)
...
006 (96896.000.000) 09/25 01:08:08 Image size of job updated: 2791972
	2601  -  MemoryUsage of job (MB)
	2662504  -  ResidentSetSize of job (KB)
...
006 (96896.000.000) 09/25 01:23:10 Image size of job updated: 3060712
	2601  -  MemoryUsage of job (MB)
	2662504  -  ResidentSetSize of job (KB)
...
006 (96896.000.000) 09/25 01:28:10 Image size of job updated: 3272800
	2601  -  MemoryUsage of job (MB)
	2662504  -  ResidentSetSize of job (KB)
...
006 (96896.000.000) 09/25 02:18:15 Image size of job updated: 4270168
	3333  -  MemoryUsage of job (MB)
	3412280  -  ResidentSetSize of job (KB)
...
005 (96896.000.000) 09/25 07:26:25 Job terminated.
	(1) Normal termination (return value 0)
		Usr 0 07:39:49, Sys 0 00:26:14  -  Run Remote Usage
		Usr 0 00:00:00, Sys 0 00:00:00  -  Run Local Usage
		Usr 0 07:39:49, Sys 0 00:26:14  -  Total Remote Usage
		Usr 0 00:00:00, Sys 0 00:00:00  -  Total Local Usage
	1017255  -  Run Bytes Sent By Job
	237  -  Run Bytes Received By Job
	1017255  -  Total Bytes Sent By Job
	237  -  Total Bytes Received By Job
	Partitionable Resources :    Usage  Request Allocated
	   Cpus                 :                 1         1
	   Disk (KB)            :     1004        1  10479108
	   Memory (MB)          :     3333    10240     10240
...
