000 (60057.000.000) 07/31 10:18:18 Job submitted from host: <172.20.203.50:9618?addrs=172.20.203.50-9618+[--1]-9618&noUDP&sock=7405_cae4_4>
...
001 (60057.000.000) 07/31 10:18:40 Job executing on host: <10.194.1.4:9618?addrs=10.194.1.4-9618+[--1]-9618&noUDP&sock=22685_9a03_3>
...
006 (60057.000.000) 07/31 10:18:48 Image size of job updated: 48124
	47  -  MemoryUsage of job (MB)
	48124  -  ResidentSetSize of job (KB)
...
006 (60057.000.000) 07/31 10:23:48 Image size of job updated: 489804
	471  -  MemoryUsage of job (MB)
	481756  -  ResidentSetSize of job (KB)
...
006 (60057.000.000) 07/31 10:28:48 Image size of job updated: 1025820
	622  -  MemoryUsage of job (MB)
	636068  -  ResidentSetSize of job (KB)
...
006 (60057.000.000) 07/31 10:29:18 Image size of job updated: 1025820
	636  -  MemoryUsage of job (MB)
	650412  -  ResidentSetSize of job (KB)
...
004 (60057.000.000) 07/31 10:29:18 Job was evicted.
	(0) Job was not checkpointed.
		Usr 0 00:03:15, Sys 0 00:00:10  -  Run Remote Usage
		Usr 0 00:00:00, Sys 0 00:00:00  -  Run Local Usage
	0  -  Run Bytes Sent By Job
	237  -  Run Bytes Received By Job
	Partitionable Resources :    Usage  Request Allocated
	   Cpus                 :                 1         1
	   Disk (KB)            :       15        1    232397
	   Memory (MB)          :      636     1024      1024
...
009 (60057.000.000) 07/31 10:29:18 Job was aborted by the user.
	via condor_rm (by user jnugent)
...
000 (60157.000.000) 07/31 10:29:57 Job submitted from host: <172.20.203.50:9618?addrs=172.20.203.50-9618+[--1]-9618&noUDP&sock=7405_cae4_4>
...
001 (60157.000.000) 07/31 10:30:19 Job executing on host: <10.194.1.4:9618?addrs=10.194.1.4-9618+[--1]-9618&noUDP&sock=22685_9a03_3>
...
006 (60157.000.000) 07/31 10:30:27 Image size of job updated: 330856
	324  -  MemoryUsage of job (MB)
	330844  -  ResidentSetSize of job (KB)
...
006 (60157.000.000) 07/31 10:35:27 Image size of job updated: 427440
	418  -  MemoryUsage of job (MB)
	427428  -  ResidentSetSize of job (KB)
...
006 (60157.000.000) 07/31 10:40:28 Image size of job updated: 538868
	525  -  MemoryUsage of job (MB)
	537176  -  ResidentSetSize of job (KB)
...
006 (60157.000.000) 07/31 10:45:29 Image size of job updated: 896420
	872  -  MemoryUsage of job (MB)
	892056  -  ResidentSetSize of job (KB)
...
006 (60157.000.000) 07/31 10:55:29 Image size of job updated: 1256208
	1215  -  MemoryUsage of job (MB)
	1243452  -  ResidentSetSize of job (KB)
...
006 (60157.000.000) 07/31 11:00:30 Image size of job updated: 1298876
	1251  -  MemoryUsage of job (MB)
	1280368  -  ResidentSetSize of job (KB)
...
004 (60157.000.000) 07/31 13:10:16 Job was evicted.
	(0) Job was not checkpointed.
		Usr 0 00:50:30, Sys 0 00:02:26  -  Run Remote Usage
		Usr 0 00:00:00, Sys 0 00:00:00  -  Run Local Usage
	0  -  Run Bytes Sent By Job
	237  -  Run Bytes Received By Job
	Partitionable Resources :    Usage  Request Allocated
	   Cpus                 :                 2         2
	   Disk (KB)            :       15        1    232397
	   Memory (MB)          :     1251     4096      4096
...
009 (60157.000.000) 07/31 13:10:16 Job was aborted by the user.
	via condor_rm (by user jnugent)
...
000 (60265.000.000) 07/31 13:11:08 Job submitted from host: <172.20.203.50:9618?addrs=172.20.203.50-9618+[--1]-9618&noUDP&sock=7405_cae4_4>
...
001 (60265.000.000) 07/31 13:11:13 Job executing on host: <10.194.1.8:9618?addrs=10.194.1.8-9618+[--1]-9618&noUDP&sock=2118_59ad_3>
...
006 (60265.000.000) 07/31 13:11:23 Image size of job updated: 56616
	52  -  MemoryUsage of job (MB)
	52740  -  ResidentSetSize of job (KB)
...
006 (60265.000.000) 07/31 13:16:23 Image size of job updated: 245400
	236  -  MemoryUsage of job (MB)
	241516  -  ResidentSetSize of job (KB)
...
006 (60265.000.000) 07/31 13:21:23 Image size of job updated: 422640
	409  -  MemoryUsage of job (MB)
	418756  -  ResidentSetSize of job (KB)
...
006 (60265.000.000) 07/31 13:26:23 Image size of job updated: 559512
	543  -  MemoryUsage of job (MB)
	555628  -  ResidentSetSize of job (KB)
...
006 (60265.000.000) 07/31 13:31:24 Image size of job updated: 793880
	770  -  MemoryUsage of job (MB)
	787960  -  ResidentSetSize of job (KB)
...
006 (60265.000.000) 07/31 13:36:25 Image size of job updated: 873060
	844  -  MemoryUsage of job (MB)
	864004  -  ResidentSetSize of job (KB)
...
006 (60265.000.000) 07/31 13:41:25 Image size of job updated: 954956
	918  -  MemoryUsage of job (MB)
	939780  -  ResidentSetSize of job (KB)
...
006 (60265.000.000) 07/31 13:46:25 Image size of job updated: 1188152
	1143  -  MemoryUsage of job (MB)
	1170152  -  ResidentSetSize of job (KB)
...
006 (60265.000.000) 07/31 13:51:26 Image size of job updated: 1188152
	1143  -  MemoryUsage of job (MB)
	1170160  -  ResidentSetSize of job (KB)
...
006 (60265.000.000) 07/31 14:01:28 Image size of job updated: 1226192
	1161  -  MemoryUsage of job (MB)
	1188064  -  ResidentSetSize of job (KB)
...
006 (60265.000.000) 07/31 14:11:28 Image size of job updated: 1416716
	1335  -  MemoryUsage of job (MB)
	1366888  -  ResidentSetSize of job (KB)
...
006 (60265.000.000) 07/31 14:16:29 Image size of job updated: 1548892
	1471  -  MemoryUsage of job (MB)
	1505860  -  ResidentSetSize of job (KB)
...
006 (60265.000.000) 07/31 14:31:30 Image size of job updated: 1567092
	1484  -  MemoryUsage of job (MB)
	1519436  -  ResidentSetSize of job (KB)
...
006 (60265.000.000) 07/31 14:36:31 Image size of job updated: 2041508
	1939  -  MemoryUsage of job (MB)
	1984552  -  ResidentSetSize of job (KB)
...
006 (60265.000.000) 07/31 14:56:33 Image size of job updated: 2350704
	2209  -  MemoryUsage of job (MB)
	2261128  -  ResidentSetSize of job (KB)
...
006 (60265.000.000) 07/31 15:36:37 Image size of job updated: 2350704
	2226  -  MemoryUsage of job (MB)
	2278500  -  ResidentSetSize of job (KB)
...
006 (60265.000.000) 07/31 15:41:38 Image size of job updated: 2962796
	2846  -  MemoryUsage of job (MB)
	2913524  -  ResidentSetSize of job (KB)
...
006 (60265.000.000) 07/31 16:06:40 Image size of job updated: 3141644
	3007  -  MemoryUsage of job (MB)
	3078508  -  ResidentSetSize of job (KB)
...
006 (60265.000.000) 07/31 16:31:43 Image size of job updated: 3571400
	3412  -  MemoryUsage of job (MB)
	3493544  -  ResidentSetSize of job (KB)
...
006 (60265.000.000) 07/31 16:56:45 Image size of job updated: 3705324
	3529  -  MemoryUsage of job (MB)
	3612836  -  ResidentSetSize of job (KB)
...
006 (60265.000.000) 07/31 17:01:46 Image size of job updated: 5286964
	5121  -  MemoryUsage of job (MB)
	5243064  -  ResidentSetSize of job (KB)
...
006 (60265.000.000) 07/31 17:06:47 Image size of job updated: 5286964
	5121  -  MemoryUsage of job (MB)
	5243072  -  ResidentSetSize of job (KB)
...
004 (60265.000.000) 07/31 20:07:16 Job was evicted.
	(0) Job was not checkpointed.
		Usr 0 06:18:18, Sys 0 00:20:00  -  Run Remote Usage
		Usr 0 00:00:00, Sys 0 00:00:00  -  Run Local Usage
	0  -  Run Bytes Sent By Job
	237  -  Run Bytes Received By Job
	Partitionable Resources :    Usage  Request Allocated
	   Cpus                 :                 2         2
	   Disk (KB)            :     1037        1    246255
	   Memory (MB)          :     5121    40960     40960
...
009 (60265.000.000) 07/31 20:07:17 Job was aborted by the user.
	via condor_rm (by user jnugent)
...
000 (62060.000.000) 07/31 20:08:35 Job submitted from host: <172.20.203.50:9618?addrs=172.20.203.50-9618+[--1]-9618&noUDP&sock=7405_cae4_4>
...
001 (62060.000.000) 07/31 20:25:42 Job executing on host: <10.194.1.6:9618?addrs=10.194.1.6-9618+[--1]-9618&noUDP&sock=1628_4045_3>
...
006 (62060.000.000) 07/31 20:25:50 Image size of job updated: 48864
	48  -  MemoryUsage of job (MB)
	48148  -  ResidentSetSize of job (KB)
...
006 (62060.000.000) 07/31 20:30:50 Image size of job updated: 347552
	339  -  MemoryUsage of job (MB)
	346828  -  ResidentSetSize of job (KB)
...
006 (62060.000.000) 07/31 20:35:51 Image size of job updated: 406676
	397  -  MemoryUsage of job (MB)
	405952  -  ResidentSetSize of job (KB)
...
006 (62060.000.000) 07/31 20:40:52 Image size of job updated: 600996
	551  -  MemoryUsage of job (MB)
	564216  -  ResidentSetSize of job (KB)
...
006 (62060.000.000) 07/31 20:45:52 Image size of job updated: 606888
	551  -  MemoryUsage of job (MB)
	564216  -  ResidentSetSize of job (KB)
...
006 (62060.000.000) 07/31 20:50:53 Image size of job updated: 610076
	551  -  MemoryUsage of job (MB)
	564216  -  ResidentSetSize of job (KB)
...
006 (62060.000.000) 07/31 20:55:54 Image size of job updated: 747684
	591  -  MemoryUsage of job (MB)
	605180  -  ResidentSetSize of job (KB)
...
006 (62060.000.000) 07/31 21:25:57 Image size of job updated: 855332
	627  -  MemoryUsage of job (MB)
	642000  -  ResidentSetSize of job (KB)
...
006 (62060.000.000) 07/31 21:30:58 Image size of job updated: 904828
	685  -  MemoryUsage of job (MB)
	700800  -  ResidentSetSize of job (KB)
...
006 (62060.000.000) 07/31 22:11:02 Image size of job updated: 1334956
	760  -  MemoryUsage of job (MB)
	777236  -  ResidentSetSize of job (KB)
...
006 (62060.000.000) 07/31 22:16:03 Image size of job updated: 1631388
	901  -  MemoryUsage of job (MB)
	922348  -  ResidentSetSize of job (KB)
...
006 (62060.000.000) 07/31 22:51:07 Image size of job updated: 1702896
	901  -  MemoryUsage of job (MB)
	922348  -  ResidentSetSize of job (KB)
...
006 (62060.000.000) 07/31 23:21:10 Image size of job updated: 1702896
	1382  -  MemoryUsage of job (MB)
	1414992  -  ResidentSetSize of job (KB)
...
006 (62060.000.000) 07/31 23:36:12 Image size of job updated: 1844912
	1382  -  MemoryUsage of job (MB)
	1414992  -  ResidentSetSize of job (KB)
...
006 (62060.000.000) 07/31 23:46:12 Image size of job updated: 1890572
	1382  -  MemoryUsage of job (MB)
	1414992  -  ResidentSetSize of job (KB)
...
006 (62060.000.000) 07/31 23:56:13 Image size of job updated: 1897424
	1382  -  MemoryUsage of job (MB)
	1414992  -  ResidentSetSize of job (KB)
...
006 (62060.000.000) 08/01 00:01:13 Image size of job updated: 1911888
	1382  -  MemoryUsage of job (MB)
	1414992  -  ResidentSetSize of job (KB)
...
006 (62060.000.000) 08/01 00:11:15 Image size of job updated: 2064828
	1382  -  MemoryUsage of job (MB)
	1414992  -  ResidentSetSize of job (KB)
...
006 (62060.000.000) 08/01 00:16:15 Image size of job updated: 2122696
	1382  -  MemoryUsage of job (MB)
	1414992  -  ResidentSetSize of job (KB)
...
006 (62060.000.000) 08/01 00:56:20 Image size of job updated: 2395100
	1382  -  MemoryUsage of job (MB)
	1414992  -  ResidentSetSize of job (KB)
...
006 (62060.000.000) 08/01 01:06:21 Image size of job updated: 2462144
	1382  -  MemoryUsage of job (MB)
	1414992  -  ResidentSetSize of job (KB)
...
006 (62060.000.000) 08/01 01:46:25 Image size of job updated: 2462144
	1441  -  MemoryUsage of job (MB)
	1475152  -  ResidentSetSize of job (KB)
...
006 (62060.000.000) 08/01 01:51:26 Image size of job updated: 2462144
	1737  -  MemoryUsage of job (MB)
	1778112  -  ResidentSetSize of job (KB)
...
006 (62060.000.000) 08/01 01:56:26 Image size of job updated: 2462144
	1992  -  MemoryUsage of job (MB)
	2039472  -  ResidentSetSize of job (KB)
...
006 (62060.000.000) 08/01 02:11:28 Image size of job updated: 2555876
	1992  -  MemoryUsage of job (MB)
	2039472  -  ResidentSetSize of job (KB)
...
006 (62060.000.000) 08/01 03:26:35 Image size of job updated: 2695572
	1992  -  MemoryUsage of job (MB)
	2039472  -  ResidentSetSize of job (KB)
...
006 (62060.000.000) 08/01 03:31:36 Image size of job updated: 2724464
	1992  -  MemoryUsage of job (MB)
	2039472  -  ResidentSetSize of job (KB)
...
006 (62060.000.000) 08/01 03:36:36 Image size of job updated: 2875984
	1992  -  MemoryUsage of job (MB)
	2039472  -  ResidentSetSize of job (KB)
...
006 (62060.000.000) 08/01 04:01:38 Image size of job updated: 3021184
	1992  -  MemoryUsage of job (MB)
	2039472  -  ResidentSetSize of job (KB)
...
006 (62060.000.000) 08/01 04:21:41 Image size of job updated: 3097968
	1992  -  MemoryUsage of job (MB)
	2039472  -  ResidentSetSize of job (KB)
...
006 (62060.000.000) 08/01 04:56:45 Image size of job updated: 3381456
	1992  -  MemoryUsage of job (MB)
	2039472  -  ResidentSetSize of job (KB)
...
006 (62060.000.000) 08/01 05:16:46 Image size of job updated: 3399524
	1992  -  MemoryUsage of job (MB)
	2039472  -  ResidentSetSize of job (KB)
...
006 (62060.000.000) 08/01 05:26:47 Image size of job updated: 3418764
	1992  -  MemoryUsage of job (MB)
	2039472  -  ResidentSetSize of job (KB)
...
006 (62060.000.000) 08/01 05:36:48 Image size of job updated: 3506304
	1992  -  MemoryUsage of job (MB)
	2039472  -  ResidentSetSize of job (KB)
...
006 (62060.000.000) 08/01 05:41:49 Image size of job updated: 3998828
	1992  -  MemoryUsage of job (MB)
	2039472  -  ResidentSetSize of job (KB)
...
006 (62060.000.000) 08/01 05:46:50 Image size of job updated: 4133236
	1992  -  MemoryUsage of job (MB)
	2039472  -  ResidentSetSize of job (KB)
...
006 (62060.000.000) 08/01 05:51:51 Image size of job updated: 4244540
	1992  -  MemoryUsage of job (MB)
	2039472  -  ResidentSetSize of job (KB)
...
006 (62060.000.000) 08/01 05:56:51 Image size of job updated: 4376680
	1992  -  MemoryUsage of job (MB)
	2039472  -  ResidentSetSize of job (KB)
...
006 (62060.000.000) 08/01 06:01:51 Image size of job updated: 4421712
	1992  -  MemoryUsage of job (MB)
	2039472  -  ResidentSetSize of job (KB)
...
006 (62060.000.000) 08/01 06:06:53 Image size of job updated: 4485144
	1992  -  MemoryUsage of job (MB)
	2039472  -  ResidentSetSize of job (KB)
...
006 (62060.000.000) 08/01 06:11:53 Image size of job updated: 4506756
	1992  -  MemoryUsage of job (MB)
	2039472  -  ResidentSetSize of job (KB)
...
006 (62060.000.000) 08/01 06:16:53 Image size of job updated: 4561160
	1992  -  MemoryUsage of job (MB)
	2039472  -  ResidentSetSize of job (KB)
...
006 (62060.000.000) 08/01 06:21:53 Image size of job updated: 4584700
	1992  -  MemoryUsage of job (MB)
	2039472  -  ResidentSetSize of job (KB)
...
006 (62060.000.000) 08/01 06:26:54 Image size of job updated: 4627512
	1992  -  MemoryUsage of job (MB)
	2039472  -  ResidentSetSize of job (KB)
...
006 (62060.000.000) 08/01 06:31:55 Image size of job updated: 4654796
	1992  -  MemoryUsage of job (MB)
	2039472  -  ResidentSetSize of job (KB)
...
006 (62060.000.000) 08/01 06:36:55 Image size of job updated: 4659300
	1992  -  MemoryUsage of job (MB)
	2039472  -  ResidentSetSize of job (KB)
...
006 (62060.000.000) 08/01 06:41:55 Image size of job updated: 4712388
	1992  -  MemoryUsage of job (MB)
	2039472  -  ResidentSetSize of job (KB)
...
006 (62060.000.000) 08/01 06:49:06 Image size of job updated: 4740416
	1992  -  MemoryUsage of job (MB)
	2039472  -  ResidentSetSize of job (KB)
...
006 (62060.000.000) 08/01 06:55:36 Image size of job updated: 4791216
	1992  -  MemoryUsage of job (MB)
	2039472  -  ResidentSetSize of job (KB)
...
006 (62060.000.000) 08/01 07:00:48 Image size of job updated: 4830900
	1992  -  MemoryUsage of job (MB)
	2039472  -  ResidentSetSize of job (KB)
...
006 (62060.000.000) 08/01 07:05:48 Image size of job updated: 4852464
	1992  -  MemoryUsage of job (MB)
	2039472  -  ResidentSetSize of job (KB)
...
006 (62060.000.000) 08/01 07:10:48 Image size of job updated: 4891532
	1992  -  MemoryUsage of job (MB)
	2039472  -  ResidentSetSize of job (KB)
...
006 (62060.000.000) 08/01 07:15:49 Image size of job updated: 4934856
	1992  -  MemoryUsage of job (MB)
	2039472  -  ResidentSetSize of job (KB)
...
006 (62060.000.000) 08/01 07:20:50 Image size of job updated: 4934856
	2006  -  MemoryUsage of job (MB)
	2053320  -  ResidentSetSize of job (KB)
...
006 (62060.000.000) 08/01 07:25:50 Image size of job updated: 4934856
	2019  -  MemoryUsage of job (MB)
	2067008  -  ResidentSetSize of job (KB)
...
006 (62060.000.000) 08/01 07:30:50 Image size of job updated: 4934856
	2057  -  MemoryUsage of job (MB)
	2105916  -  ResidentSetSize of job (KB)
...
006 (62060.000.000) 08/01 07:35:51 Image size of job updated: 4934856
	2099  -  MemoryUsage of job (MB)
	2148772  -  ResidentSetSize of job (KB)
...
006 (62060.000.000) 08/01 07:40:52 Image size of job updated: 4934856
	2100  -  MemoryUsage of job (MB)
	2150380  -  ResidentSetSize of job (KB)
...
006 (62060.000.000) 08/01 07:50:36 Image size of job updated: 4934856
	2258  -  MemoryUsage of job (MB)
	2311652  -  ResidentSetSize of job (KB)
...
004 (62060.000.000) 08/01 10:14:39 Job was evicted.
	(0) Job was not checkpointed.
		Usr 0 06:57:55, Sys 0 00:16:43  -  Run Remote Usage
		Usr 0 00:00:00, Sys 0 00:00:00  -  Run Local Usage
	0  -  Run Bytes Sent By Job
	237  -  Run Bytes Received By Job
	Partitionable Resources :    Usage  Request Allocated
	   Cpus                 :                 1         1
	   Disk (KB)            :       35        1    246565
	   Memory (MB)          :     2258     1024      1024
...
009 (62060.000.000) 08/01 10:14:40 Job was aborted by the user.
	via condor_rm (by user jnugent)
...
000 (63682.000.000) 08/02 10:44:24 Job submitted from host: <172.20.203.50:9618?addrs=172.20.203.50-9618+[--1]-9618&noUDP&sock=7405_cae4_4>
...
001 (63682.000.000) 08/02 10:44:46 Job executing on host: <10.194.1.6:9618?addrs=10.194.1.6-9618+[--1]-9618&noUDP&sock=26470_cbfa_3>
...
006 (63682.000.000) 08/02 10:44:54 Image size of job updated: 49020
	48  -  MemoryUsage of job (MB)
	49020  -  ResidentSetSize of job (KB)
...
006 (63682.000.000) 08/02 10:49:54 Image size of job updated: 271904
	266  -  MemoryUsage of job (MB)
	271904  -  ResidentSetSize of job (KB)
...
006 (63682.000.000) 08/02 10:54:55 Image size of job updated: 373056
	365  -  MemoryUsage of job (MB)
	373056  -  ResidentSetSize of job (KB)
...
006 (63682.000.000) 08/02 10:59:56 Image size of job updated: 406140
	397  -  MemoryUsage of job (MB)
	406140  -  ResidentSetSize of job (KB)
...
006 (63682.000.000) 08/02 11:04:56 Image size of job updated: 504924
	494  -  MemoryUsage of job (MB)
	504924  -  ResidentSetSize of job (KB)
...
006 (63682.000.000) 08/02 11:09:56 Image size of job updated: 687044
	671  -  MemoryUsage of job (MB)
	687044  -  ResidentSetSize of job (KB)
...
006 (63682.000.000) 08/02 11:14:57 Image size of job updated: 723232
	707  -  MemoryUsage of job (MB)
	723232  -  ResidentSetSize of job (KB)
...
006 (63682.000.000) 08/02 11:19:58 Image size of job updated: 758132
	741  -  MemoryUsage of job (MB)
	758056  -  ResidentSetSize of job (KB)
...
006 (63682.000.000) 08/02 11:24:58 Image size of job updated: 793684
	775  -  MemoryUsage of job (MB)
	792860  -  ResidentSetSize of job (KB)
...
006 (63682.000.000) 08/02 11:29:58 Image size of job updated: 866428
	845  -  MemoryUsage of job (MB)
	865020  -  ResidentSetSize of job (KB)
...
006 (63682.000.000) 08/02 11:45:00 Image size of job updated: 907216
	845  -  MemoryUsage of job (MB)
	865020  -  ResidentSetSize of job (KB)
...
006 (63682.000.000) 08/02 12:00:02 Image size of job updated: 1032924
	845  -  MemoryUsage of job (MB)
	865020  -  ResidentSetSize of job (KB)
...
006 (63682.000.000) 08/02 12:15:03 Image size of job updated: 1713592
	845  -  MemoryUsage of job (MB)
	865020  -  ResidentSetSize of job (KB)
...
006 (63682.000.000) 08/02 12:20:04 Image size of job updated: 1713592
	915  -  MemoryUsage of job (MB)
	936824  -  ResidentSetSize of job (KB)
...
006 (63682.000.000) 08/02 12:55:07 Image size of job updated: 1750376
	915  -  MemoryUsage of job (MB)
	936824  -  ResidentSetSize of job (KB)
...
006 (63682.000.000) 08/02 13:20:10 Image size of job updated: 1768924
	915  -  MemoryUsage of job (MB)
	936824  -  ResidentSetSize of job (KB)
...
006 (63682.000.000) 08/02 13:35:11 Image size of job updated: 1838676
	1312  -  MemoryUsage of job (MB)
	1342824  -  ResidentSetSize of job (KB)
...
006 (63682.000.000) 08/02 13:40:11 Image size of job updated: 1838676
	1313  -  MemoryUsage of job (MB)
	1344088  -  ResidentSetSize of job (KB)
...
006 (63682.000.000) 08/02 14:45:19 Image size of job updated: 2033768
	1313  -  MemoryUsage of job (MB)
	1344088  -  ResidentSetSize of job (KB)
...
006 (63682.000.000) 08/02 15:15:21 Image size of job updated: 2113640
	1313  -  MemoryUsage of job (MB)
	1344088  -  ResidentSetSize of job (KB)
...
006 (63682.000.000) 08/02 15:20:22 Image size of job updated: 2304236
	1313  -  MemoryUsage of job (MB)
	1344088  -  ResidentSetSize of job (KB)
...
006 (63682.000.000) 08/02 15:45:24 Image size of job updated: 2453544
	1313  -  MemoryUsage of job (MB)
	1344088  -  ResidentSetSize of job (KB)
...
006 (63682.000.000) 08/02 17:00:32 Image size of job updated: 2453544
	1454  -  MemoryUsage of job (MB)
	1488208  -  ResidentSetSize of job (KB)
...
006 (63682.000.000) 08/02 17:23:49 Image size of job updated: 2615356
	1454  -  MemoryUsage of job (MB)
	1488208  -  ResidentSetSize of job (KB)
...
006 (63682.000.000) 08/02 17:51:49 Image size of job updated: 2744972
	1454  -  MemoryUsage of job (MB)
	1488208  -  ResidentSetSize of job (KB)
...
006 (63682.000.000) 08/02 18:46:55 Image size of job updated: 2766004
	1454  -  MemoryUsage of job (MB)
	1488208  -  ResidentSetSize of job (KB)
...
006 (63682.000.000) 08/02 19:11:57 Image size of job updated: 2838680
	1454  -  MemoryUsage of job (MB)
	1488208  -  ResidentSetSize of job (KB)
...
006 (63682.000.000) 08/02 19:21:59 Image size of job updated: 2898192
	1454  -  MemoryUsage of job (MB)
	1488208  -  ResidentSetSize of job (KB)
...
006 (63682.000.000) 08/02 19:42:00 Image size of job updated: 2944508
	1454  -  MemoryUsage of job (MB)
	1488208  -  ResidentSetSize of job (KB)
...
006 (63682.000.000) 08/02 19:52:02 Image size of job updated: 3142060
	1454  -  MemoryUsage of job (MB)
	1488208  -  ResidentSetSize of job (KB)
...
006 (63682.000.000) 08/02 20:22:05 Image size of job updated: 3359216
	1487  -  MemoryUsage of job (MB)
	1522080  -  ResidentSetSize of job (KB)
...
006 (63682.000.000) 08/02 20:52:07 Image size of job updated: 3431252
	1557  -  MemoryUsage of job (MB)
	1594280  -  ResidentSetSize of job (KB)
...
006 (63682.000.000) 08/02 21:07:08 Image size of job updated: 3711988
	1853  -  MemoryUsage of job (MB)
	1896648  -  ResidentSetSize of job (KB)
...
006 (63682.000.000) 08/02 21:12:09 Image size of job updated: 3796724
	2018  -  MemoryUsage of job (MB)
	2065976  -  ResidentSetSize of job (KB)
...
006 (63682.000.000) 08/02 21:17:10 Image size of job updated: 3865832
	2153  -  MemoryUsage of job (MB)
	2204068  -  ResidentSetSize of job (KB)
...
006 (63682.000.000) 08/02 21:22:10 Image size of job updated: 3932240
	2282  -  MemoryUsage of job (MB)
	2336468  -  ResidentSetSize of job (KB)
...
006 (63682.000.000) 08/02 21:27:10 Image size of job updated: 4024464
	2282  -  MemoryUsage of job (MB)
	2336468  -  ResidentSetSize of job (KB)
...
006 (63682.000.000) 08/02 21:32:11 Image size of job updated: 4088680
	2282  -  MemoryUsage of job (MB)
	2336468  -  ResidentSetSize of job (KB)
...
006 (63682.000.000) 08/02 21:37:12 Image size of job updated: 4112660
	2282  -  MemoryUsage of job (MB)
	2336468  -  ResidentSetSize of job (KB)
...
006 (63682.000.000) 08/02 21:42:12 Image size of job updated: 4143724
	2282  -  MemoryUsage of job (MB)
	2336468  -  ResidentSetSize of job (KB)
...
006 (63682.000.000) 08/02 21:47:12 Image size of job updated: 4188708
	2282  -  MemoryUsage of job (MB)
	2336468  -  ResidentSetSize of job (KB)
...
006 (63682.000.000) 08/02 21:52:13 Image size of job updated: 4306556
	2282  -  MemoryUsage of job (MB)
	2336468  -  ResidentSetSize of job (KB)
...
006 (63682.000.000) 08/02 21:57:19 Image size of job updated: 4347352
	2282  -  MemoryUsage of job (MB)
	2336468  -  ResidentSetSize of job (KB)
...
006 (63682.000.000) 08/02 22:02:14 Image size of job updated: 4403572
	2282  -  MemoryUsage of job (MB)
	2336468  -  ResidentSetSize of job (KB)
...
006 (63682.000.000) 08/02 22:07:15 Image size of job updated: 4506576
	2324  -  MemoryUsage of job (MB)
	2379604  -  ResidentSetSize of job (KB)
...
006 (63682.000.000) 08/02 22:12:16 Image size of job updated: 4568124
	2415  -  MemoryUsage of job (MB)
	2472312  -  ResidentSetSize of job (KB)
...
006 (63682.000.000) 08/02 22:17:16 Image size of job updated: 4587228
	2431  -  MemoryUsage of job (MB)
	2488884  -  ResidentSetSize of job (KB)
...
006 (63682.000.000) 08/02 22:22:16 Image size of job updated: 4623912
	2431  -  MemoryUsage of job (MB)
	2489284  -  ResidentSetSize of job (KB)
...
006 (63682.000.000) 08/02 22:27:17 Image size of job updated: 4671980
	2507  -  MemoryUsage of job (MB)
	2566928  -  ResidentSetSize of job (KB)
...
006 (63682.000.000) 08/02 22:32:18 Image size of job updated: 4689288
	2527  -  MemoryUsage of job (MB)
	2587556  -  ResidentSetSize of job (KB)
...
006 (63682.000.000) 08/02 22:37:18 Image size of job updated: 4708924
	2561  -  MemoryUsage of job (MB)
	2621964  -  ResidentSetSize of job (KB)
...
006 (63682.000.000) 08/02 22:43:33 Image size of job updated: 4717716
	2575  -  MemoryUsage of job (MB)
	2635964  -  ResidentSetSize of job (KB)
...
006 (63682.000.000) 08/02 22:47:20 Image size of job updated: 4750048
	2627  -  MemoryUsage of job (MB)
	2689656  -  ResidentSetSize of job (KB)
...
006 (63682.000.000) 08/02 22:52:21 Image size of job updated: 4767580
	2645  -  MemoryUsage of job (MB)
	2708000  -  ResidentSetSize of job (KB)
...
006 (63682.000.000) 08/02 22:57:21 Image size of job updated: 4796332
	2686  -  MemoryUsage of job (MB)
	2749892  -  ResidentSetSize of job (KB)
...
006 (63682.000.000) 08/02 23:02:22 Image size of job updated: 4822100
	2725  -  MemoryUsage of job (MB)
	2790100  -  ResidentSetSize of job (KB)
...
006 (63682.000.000) 08/02 23:07:23 Image size of job updated: 4843392
	2754  -  MemoryUsage of job (MB)
	2819448  -  ResidentSetSize of job (KB)
...
006 (63682.000.000) 08/02 23:12:23 Image size of job updated: 4859712
	2768  -  MemoryUsage of job (MB)
	2834176  -  ResidentSetSize of job (KB)
...
006 (63682.000.000) 08/02 23:20:31 Image size of job updated: 4906776
	2818  -  MemoryUsage of job (MB)
	2885604  -  ResidentSetSize of job (KB)
...
006 (63682.000.000) 08/02 23:30:05 Image size of job updated: 4988280
	2891  -  MemoryUsage of job (MB)
	2959964  -  ResidentSetSize of job (KB)
...
006 (63682.000.000) 08/02 23:37:46 Image size of job updated: 4993560
	2891  -  MemoryUsage of job (MB)
	2959964  -  ResidentSetSize of job (KB)
...
006 (63682.000.000) 08/02 23:48:25 Image size of job updated: 4993560
	2893  -  MemoryUsage of job (MB)
	2961824  -  ResidentSetSize of job (KB)
...
006 (63682.000.000) 08/02 23:52:44 Image size of job updated: 4993616
	2893  -  MemoryUsage of job (MB)
	2961824  -  ResidentSetSize of job (KB)
...
006 (63682.000.000) 08/02 23:57:56 Image size of job updated: 4993768
	2893  -  MemoryUsage of job (MB)
	2961824  -  ResidentSetSize of job (KB)
...
006 (63682.000.000) 08/03 00:57:50 Image size of job updated: 4993768
	2979  -  MemoryUsage of job (MB)
	3050468  -  ResidentSetSize of job (KB)
...
006 (63682.000.000) 08/03 01:02:51 Image size of job updated: 4993768
	3106  -  MemoryUsage of job (MB)
	3180068  -  ResidentSetSize of job (KB)
...
006 (63682.000.000) 08/03 01:12:51 Image size of job updated: 4993768
	3181  -  MemoryUsage of job (MB)
	3256576  -  ResidentSetSize of job (KB)
...
004 (63682.000.000) 08/03 09:45:32 Job was evicted.
	(0) Job was not checkpointed.
		Usr 0 11:33:37, Sys 0 00:29:26  -  Run Remote Usage
		Usr 0 00:00:00, Sys 0 00:00:00  -  Run Local Usage
	0  -  Run Bytes Sent By Job
	237  -  Run Bytes Received By Job
	Partitionable Resources :    Usage  Request Allocated
	   Cpus                 :                 1         1
	   Disk (KB)            :       24        1    238189
	   Memory (MB)          :     3181     1024      1024
...
001 (63682.000.000) 08/03 09:58:42 Job executing on host: <10.194.1.4:9618?addrs=10.194.1.4-9618+[--1]-9618&noUDP&sock=21589_d637_3>
...
004 (63682.000.000) 08/03 10:40:38 Job was evicted.
	(0) Job was not checkpointed.
		Usr 0 00:29:36, Sys 0 00:00:51  -  Run Remote Usage
		Usr 0 00:00:00, Sys 0 00:00:00  -  Run Local Usage
	0  -  Run Bytes Sent By Job
	237  -  Run Bytes Received By Job
	Partitionable Resources :    Usage  Request Allocated
	   Cpus                 :                 1         1
	   Disk (KB)            :       25       25   4187667
	   Memory (MB)          :     3418     1024      1024
...
009 (63682.000.000) 08/03 10:40:39 Job was aborted by the user.
	via condor_rm (by user jnugent)
...
000 (66086.000.000) 08/10 13:31:27 Job submitted from host: <172.20.203.50:9618?addrs=172.20.203.50-9618+[--1]-9618&noUDP&sock=7405_cae4_4>
...
001 (66086.000.000) 08/10 13:31:39 Job executing on host: <10.194.1.6:9618?addrs=10.194.1.6-9618+[--1]-9618&noUDP&sock=26470_cbfa_3>
...
006 (66086.000.000) 08/10 13:31:48 Image size of job updated: 48132
	47  -  MemoryUsage of job (MB)
	48116  -  ResidentSetSize of job (KB)
...
006 (66086.000.000) 08/10 13:36:48 Image size of job updated: 1000064
	977  -  MemoryUsage of job (MB)
	999636  -  ResidentSetSize of job (KB)
...
006 (66086.000.000) 08/10 14:01:51 Image size of job updated: 1157864
	977  -  MemoryUsage of job (MB)
	999636  -  ResidentSetSize of job (KB)
...
006 (66086.000.000) 08/10 14:11:52 Image size of job updated: 1217888
	977  -  MemoryUsage of job (MB)
	999636  -  ResidentSetSize of job (KB)
...
006 (66086.000.000) 08/10 15:52:00 Image size of job updated: 1317108
	977  -  MemoryUsage of job (MB)
	999636  -  ResidentSetSize of job (KB)
...
006 (66086.000.000) 08/10 16:42:05 Image size of job updated: 1449412
	977  -  MemoryUsage of job (MB)
	999636  -  ResidentSetSize of job (KB)
...
006 (66086.000.000) 08/10 17:22:09 Image size of job updated: 1944760
	1323  -  MemoryUsage of job (MB)
	1354596  -  ResidentSetSize of job (KB)
...
006 (66086.000.000) 08/10 18:27:15 Image size of job updated: 1979360
	1323  -  MemoryUsage of job (MB)
	1354596  -  ResidentSetSize of job (KB)
...
006 (66086.000.000) 08/10 18:52:19 Image size of job updated: 2079040
	1323  -  MemoryUsage of job (MB)
	1354596  -  ResidentSetSize of job (KB)
...
006 (66086.000.000) 08/10 19:07:20 Image size of job updated: 2480024
	1323  -  MemoryUsage of job (MB)
	1354596  -  ResidentSetSize of job (KB)
...
006 (66086.000.000) 08/10 19:47:24 Image size of job updated: 2611536
	1323  -  MemoryUsage of job (MB)
	1354596  -  ResidentSetSize of job (KB)
...
006 (66086.000.000) 08/10 19:52:24 Image size of job updated: 2613808
	1323  -  MemoryUsage of job (MB)
	1354596  -  ResidentSetSize of job (KB)
...
006 (66086.000.000) 08/10 19:57:24 Image size of job updated: 2619688
	1323  -  MemoryUsage of job (MB)
	1354596  -  ResidentSetSize of job (KB)
...
006 (66086.000.000) 08/10 20:02:25 Image size of job updated: 2654008
	1323  -  MemoryUsage of job (MB)
	1354596  -  ResidentSetSize of job (KB)
...
006 (66086.000.000) 08/10 20:10:25 Image size of job updated: 2669424
	1323  -  MemoryUsage of job (MB)
	1354596  -  ResidentSetSize of job (KB)
...
006 (66086.000.000) 08/10 20:19:55 Image size of job updated: 2727140
	1323  -  MemoryUsage of job (MB)
	1354596  -  ResidentSetSize of job (KB)
...
006 (66086.000.000) 08/10 20:28:29 Image size of job updated: 2781724
	1323  -  MemoryUsage of job (MB)
	1354596  -  ResidentSetSize of job (KB)
...
006 (66086.000.000) 08/10 20:53:27 Image size of job updated: 2815028
	1323  -  MemoryUsage of job (MB)
	1354596  -  ResidentSetSize of job (KB)
...
006 (66086.000.000) 08/10 20:58:28 Image size of job updated: 2857392
	1323  -  MemoryUsage of job (MB)
	1354596  -  ResidentSetSize of job (KB)
...
006 (66086.000.000) 08/10 21:03:29 Image size of job updated: 2891584
	1368  -  MemoryUsage of job (MB)
	1400540  -  ResidentSetSize of job (KB)
...
006 (66086.000.000) 08/10 21:08:29 Image size of job updated: 3048956
	1561  -  MemoryUsage of job (MB)
	1597696  -  ResidentSetSize of job (KB)
...
006 (66086.000.000) 08/10 21:13:29 Image size of job updated: 3085176
	1561  -  MemoryUsage of job (MB)
	1597696  -  ResidentSetSize of job (KB)
...
006 (66086.000.000) 08/10 21:18:30 Image size of job updated: 3194236
	1629  -  MemoryUsage of job (MB)
	1667572  -  ResidentSetSize of job (KB)
...
006 (66086.000.000) 08/10 21:33:31 Image size of job updated: 3194236
	1691  -  MemoryUsage of job (MB)
	1730968  -  ResidentSetSize of job (KB)
...
006 (66086.000.000) 08/10 21:53:33 Image size of job updated: 3194236
	1710  -  MemoryUsage of job (MB)
	1750424  -  ResidentSetSize of job (KB)
...
006 (66086.000.000) 08/10 21:58:34 Image size of job updated: 3194236
	1812  -  MemoryUsage of job (MB)
	1854652  -  ResidentSetSize of job (KB)
...
006 (66086.000.000) 08/10 22:13:35 Image size of job updated: 3194236
	1889  -  MemoryUsage of job (MB)
	1933796  -  ResidentSetSize of job (KB)
...
006 (66086.000.000) 08/10 22:18:36 Image size of job updated: 3194236
	1950  -  MemoryUsage of job (MB)
	1996616  -  ResidentSetSize of job (KB)
...
006 (66086.000.000) 08/11 01:03:39 Image size of job updated: 3257964
	1950  -  MemoryUsage of job (MB)
	1996616  -  ResidentSetSize of job (KB)
...
006 (66086.000.000) 08/11 01:53:44 Image size of job updated: 3402448
	1950  -  MemoryUsage of job (MB)
	1996616  -  ResidentSetSize of job (KB)
...
006 (66086.000.000) 08/11 02:08:46 Image size of job updated: 3512368
	1950  -  MemoryUsage of job (MB)
	1996616  -  ResidentSetSize of job (KB)
...
006 (66086.000.000) 08/11 02:33:47 Image size of job updated: 3611420
	1950  -  MemoryUsage of job (MB)
	1996616  -  ResidentSetSize of job (KB)
...
006 (66086.000.000) 08/11 02:38:48 Image size of job updated: 3649436
	1950  -  MemoryUsage of job (MB)
	1996616  -  ResidentSetSize of job (KB)
...
006 (66086.000.000) 08/11 02:53:49 Image size of job updated: 3707920
	1950  -  MemoryUsage of job (MB)
	1996616  -  ResidentSetSize of job (KB)
...
006 (66086.000.000) 08/11 03:01:34 Image size of job updated: 3904520
	1972  -  MemoryUsage of job (MB)
	2018952  -  ResidentSetSize of job (KB)
...
006 (66086.000.000) 08/11 03:09:47 Image size of job updated: 3944712
	1977  -  MemoryUsage of job (MB)
	2023888  -  ResidentSetSize of job (KB)
...
006 (66086.000.000) 08/11 03:16:22 Image size of job updated: 4036452
	2101  -  MemoryUsage of job (MB)
	2151404  -  ResidentSetSize of job (KB)
...
006 (66086.000.000) 08/11 03:21:22 Image size of job updated: 4082648
	2179  -  MemoryUsage of job (MB)
	2230564  -  ResidentSetSize of job (KB)
...
006 (66086.000.000) 08/11 03:29:55 Image size of job updated: 4137996
	2253  -  MemoryUsage of job (MB)
	2306684  -  ResidentSetSize of job (KB)
...
006 (66086.000.000) 08/11 03:41:59 Image size of job updated: 4249240
	2459  -  MemoryUsage of job (MB)
	2517656  -  ResidentSetSize of job (KB)
...
006 (66086.000.000) 08/11 03:55:03 Image size of job updated: 4315808
	2589  -  MemoryUsage of job (MB)
	2650716  -  ResidentSetSize of job (KB)
...
006 (66086.000.000) 08/11 04:11:48 Image size of job updated: 4423064
	2729  -  MemoryUsage of job (MB)
	2794348  -  ResidentSetSize of job (KB)
...
006 (66086.000.000) 08/11 04:25:18 Image size of job updated: 4485168
	2729  -  MemoryUsage of job (MB)
	2794348  -  ResidentSetSize of job (KB)
...
006 (66086.000.000) 08/11 04:40:56 Image size of job updated: 4560740
	2729  -  MemoryUsage of job (MB)
	2794348  -  ResidentSetSize of job (KB)
...
006 (66086.000.000) 08/11 04:51:49 Image size of job updated: 4602196
	2729  -  MemoryUsage of job (MB)
	2794348  -  ResidentSetSize of job (KB)
...
006 (66086.000.000) 08/11 05:10:06 Image size of job updated: 4668560
	2729  -  MemoryUsage of job (MB)
	2794348  -  ResidentSetSize of job (KB)
...
006 (66086.000.000) 08/11 05:39:59 Image size of job updated: 4708244
	2729  -  MemoryUsage of job (MB)
	2794348  -  ResidentSetSize of job (KB)
...
006 (66086.000.000) 08/11 06:05:05 Image size of job updated: 4827444
	2784  -  MemoryUsage of job (MB)
	2850220  -  ResidentSetSize of job (KB)
...
006 (66086.000.000) 08/11 06:48:42 Image size of job updated: 4868116
	2799  -  MemoryUsage of job (MB)
	2865708  -  ResidentSetSize of job (KB)
...
006 (66086.000.000) 08/11 08:03:42 Image size of job updated: 5242644
	3326  -  MemoryUsage of job (MB)
	3405108  -  ResidentSetSize of job (KB)
...
006 (66086.000.000) 08/11 09:34:19 Image size of job updated: 5242644
	3568  -  MemoryUsage of job (MB)
	3653464  -  ResidentSetSize of job (KB)
...
006 (66086.000.000) 08/11 09:54:42 Image size of job updated: 5242644
	3743  -  MemoryUsage of job (MB)
	3832440  -  ResidentSetSize of job (KB)
...
006 (66086.000.000) 08/11 10:24:19 Image size of job updated: 5243292
	3743  -  MemoryUsage of job (MB)
	3832440  -  ResidentSetSize of job (KB)
...
005 (66086.000.000) 08/12 06:07:21 Job terminated.
	(1) Normal termination (return value 0)
		Usr 0 13:05:47, Sys 0 00:41:14  -  Run Remote Usage
		Usr 0 00:00:00, Sys 0 00:00:00  -  Run Local Usage
		Usr 0 13:05:47, Sys 0 00:41:14  -  Total Remote Usage
		Usr 0 00:00:00, Sys 0 00:00:00  -  Total Local Usage
	4299222  -  Run Bytes Sent By Job
	237  -  Run Bytes Received By Job
	4299222  -  Total Bytes Sent By Job
	237  -  Total Bytes Received By Job
	Partitionable Resources :    Usage  Request Allocated
	   Cpus                 :                 1         1
	   Disk (KB)            :     4209        1  10478997
	   Memory (MB)          :     3743     1024      1024
...
000 (422.000.000) 08/27 11:47:40 Job submitted from host: <194.36.1.211:9618?addrs=194.36.1.211-9618+[--1]-9618&noUDP&sock=1189_2232_3>
...
009 (422.000.000) 08/27 11:48:15 Job was aborted by the user.
	via condor_rm (by user jnugent)
...
000 (66243.000.000) 08/27 11:48:32 Job submitted from host: <172.20.203.50:9618?addrs=172.20.203.50-9618+[--1]-9618&noUDP&sock=7405_cae4_4>
...
001 (66243.000.000) 08/27 11:48:54 Job executing on host: <10.194.1.8:9618?addrs=10.194.1.8-9618+[--1]-9618&noUDP&sock=16892_15e0_12>
...
006 (66243.000.000) 08/27 11:49:03 Image size of job updated: 232240
	227  -  MemoryUsage of job (MB)
	232240  -  ResidentSetSize of job (KB)
...
006 (66243.000.000) 08/27 11:54:04 Image size of job updated: 448636
	439  -  MemoryUsage of job (MB)
	448636  -  ResidentSetSize of job (KB)
...
006 (66243.000.000) 08/27 12:04:05 Image size of job updated: 456828
	447  -  MemoryUsage of job (MB)
	456828  -  ResidentSetSize of job (KB)
...
006 (66243.000.000) 08/27 12:09:06 Image size of job updated: 463916
	454  -  MemoryUsage of job (MB)
	463916  -  ResidentSetSize of job (KB)
...
006 (66243.000.000) 08/27 12:14:06 Image size of job updated: 1193400
	1166  -  MemoryUsage of job (MB)
	1193400  -  ResidentSetSize of job (KB)
...
006 (66243.000.000) 08/27 12:59:11 Image size of job updated: 1458220
	1425  -  MemoryUsage of job (MB)
	1458220  -  ResidentSetSize of job (KB)
...
006 (66243.000.000) 08/27 13:29:14 Image size of job updated: 1720164
	1623  -  MemoryUsage of job (MB)
	1660964  -  ResidentSetSize of job (KB)
...
006 (66243.000.000) 08/27 14:34:21 Image size of job updated: 1780972
	1675  -  MemoryUsage of job (MB)
	1714564  -  ResidentSetSize of job (KB)
...
006 (66243.000.000) 08/27 14:49:23 Image size of job updated: 2083200
	1675  -  MemoryUsage of job (MB)
	1714564  -  ResidentSetSize of job (KB)
...
006 (66243.000.000) 08/27 15:14:26 Image size of job updated: 2151600
	1675  -  MemoryUsage of job (MB)
	1714564  -  ResidentSetSize of job (KB)
...
006 (66243.000.000) 08/27 15:59:31 Image size of job updated: 2268088
	1675  -  MemoryUsage of job (MB)
	1714564  -  ResidentSetSize of job (KB)
...
006 (66243.000.000) 08/27 16:09:32 Image size of job updated: 2428004
	1675  -  MemoryUsage of job (MB)
	1714564  -  ResidentSetSize of job (KB)
...
006 (66243.000.000) 08/27 16:38:13 Image size of job updated: 2881732
	1793  -  MemoryUsage of job (MB)
	1835728  -  ResidentSetSize of job (KB)
...
006 (66243.000.000) 08/27 16:57:26 Image size of job updated: 2900428
	1793  -  MemoryUsage of job (MB)
	1835728  -  ResidentSetSize of job (KB)
...
022 (66243.000.000) 08/27 17:41:51 Job disconnected, attempting to reconnect
    Socket between submit and execute hosts closed unexpectedly
    Trying to reconnect to slot1_9@node008.ppe.gla.ac.uk <10.194.1.8:9618?addrs=10.194.1.8-9618+[--1]-9618&noUDP&sock=16892_15e0_12>
...
024 (66243.000.000) 08/27 17:41:51 Job reconnection failed
    Job disconnected too long: JobLeaseDuration (2400 seconds) expired
    Can not reconnect to slot1_9@node008.ppe.gla.ac.uk, rescheduling job
...
022 (66243.000.000) 08/27 17:42:22 Job disconnected, attempting to reconnect
    Socket between submit and execute hosts closed unexpectedly
    Trying to reconnect to slot1_9@node006.ppe.gla.ac.uk <10.194.1.6:9618?addrs=10.194.1.6-9618+[--1]-9618&noUDP&sock=26470_cbfa_3>
...
024 (66243.000.000) 08/27 17:42:30 Job reconnection failed
    Job not found at execution machine
    Can not reconnect to slot1_9@node006.ppe.gla.ac.uk, rescheduling job
...
022 (66243.000.000) 08/27 17:43:21 Job disconnected, attempting to reconnect
    Socket between submit and execute hosts closed unexpectedly
    Trying to reconnect to slot1_9@node006.ppe.gla.ac.uk <10.194.1.6:9618?addrs=10.194.1.6-9618+[--1]-9618&noUDP&sock=26470_cbfa_3>
...
024 (66243.000.000) 08/27 17:43:29 Job reconnection failed
    Job not found at execution machine
    Can not reconnect to slot1_9@node006.ppe.gla.ac.uk, rescheduling job
...
022 (66243.000.000) 08/27 17:43:41 Job disconnected, attempting to reconnect
    Socket between submit and execute hosts closed unexpectedly
    Trying to reconnect to slot1_9@node006.ppe.gla.ac.uk <10.194.1.6:9618?addrs=10.194.1.6-9618+[--1]-9618&noUDP&sock=26470_cbfa_3>
...
024 (66243.000.000) 08/27 17:43:50 Job reconnection failed
    Job not found at execution machine
    Can not reconnect to slot1_9@node006.ppe.gla.ac.uk, rescheduling job
...
022 (66243.000.000) 08/27 17:44:40 Job disconnected, attempting to reconnect
    Socket between submit and execute hosts closed unexpectedly
    Trying to reconnect to slot1_5@node006.ppe.gla.ac.uk <10.194.1.6:9618?addrs=10.194.1.6-9618+[--1]-9618&noUDP&sock=26470_cbfa_3>
...
024 (66243.000.000) 08/27 17:44:49 Job reconnection failed
    Job not found at execution machine
    Can not reconnect to slot1_5@node006.ppe.gla.ac.uk, rescheduling job
...
001 (66243.000.000) 08/27 17:45:42 Job executing on host: <10.194.1.8:9618?addrs=10.194.1.8-9618+[--1]-9618&noUDP&sock=18553_64af_3>
...
022 (66243.000.000) 08/28 02:48:08 Job disconnected, attempting to reconnect
    Socket between submit and execute hosts closed unexpectedly
    Trying to reconnect to slot1_31@node008.ppe.gla.ac.uk <10.194.1.8:9618?addrs=10.194.1.8-9618+[--1]-9618&noUDP&sock=18553_64af_3>
...
024 (66243.000.000) 08/28 02:48:08 Job reconnection failed
    Job disconnected too long: JobLeaseDuration (2400 seconds) expired
    Can not reconnect to slot1_31@node008.ppe.gla.ac.uk, rescheduling job
...
022 (66243.000.000) 08/28 02:48:38 Job disconnected, attempting to reconnect
    Socket between submit and execute hosts closed unexpectedly
    Trying to reconnect to slot1_3@node006.ppe.gla.ac.uk <10.194.1.6:9618?addrs=10.194.1.6-9618+[--1]-9618&noUDP&sock=26470_cbfa_3>
...
024 (66243.000.000) 08/28 02:48:46 Job reconnection failed
    Job not found at execution machine
    Can not reconnect to slot1_3@node006.ppe.gla.ac.uk, rescheduling job
...
001 (66243.000.000) 08/28 02:49:19 Job executing on host: <10.194.1.81:9618?addrs=10.194.1.81-9618+[--1]-9618&noUDP&sock=1755_5ccc_3>
...
004 (66243.000.000) 08/28 11:46:53 Job was evicted.
	(0) Job was not checkpointed.
		Usr 0 01:17:18, Sys 0 00:08:21  -  Run Remote Usage
		Usr 0 00:00:00, Sys 0 00:00:00  -  Run Local Usage
	0  -  Run Bytes Sent By Job
	237  -  Run Bytes Received By Job
	Partitionable Resources :    Usage  Request Allocated
	   Cpus                 :                 1         1
	   Disk (KB)            :       17       17   2614828
	   Memory (MB)          :     1954     1024      1024
...
022 (66243.000.000) 08/28 11:47:14 Job disconnected, attempting to reconnect
    Socket between submit and execute hosts closed unexpectedly
    Trying to reconnect to slot1_1@node006.ppe.gla.ac.uk <10.194.1.6:9618?addrs=10.194.1.6-9618+[--1]-9618&noUDP&sock=26470_cbfa_3>
...
024 (66243.000.000) 08/28 11:47:22 Job reconnection failed
    Job not found at execution machine
    Can not reconnect to slot1_1@node006.ppe.gla.ac.uk, rescheduling job
...
001 (66243.000.000) 08/28 11:48:16 Job executing on host: <10.194.1.8:9618?addrs=10.194.1.8-9618+[--1]-9618&noUDP&sock=18553_64af_6>
...
006 (66243.000.000) 08/28 14:08:38 Image size of job updated: 3000000
	2157  -  MemoryUsage of job (MB)
	2208304  -  ResidentSetSize of job (KB)
...
006 (66243.000.000) 08/28 14:45:00 Image size of job updated: 3000000
	2571  -  MemoryUsage of job (MB)
	2632104  -  ResidentSetSize of job (KB)
...
006 (66243.000.000) 08/28 15:14:00 Image size of job updated: 3000000
	2583  -  MemoryUsage of job (MB)
	2644228  -  ResidentSetSize of job (KB)
...
006 (66243.000.000) 08/28 15:19:00 Image size of job updated: 3000000
	2638  -  MemoryUsage of job (MB)
	2701240  -  ResidentSetSize of job (KB)
...
006 (66243.000.000) 08/28 15:24:02 Image size of job updated: 3000000
	2644  -  MemoryUsage of job (MB)
	2706512  -  ResidentSetSize of job (KB)
...
006 (66243.000.000) 08/28 16:09:05 Image size of job updated: 3070520
	2644  -  MemoryUsage of job (MB)
	2706512  -  ResidentSetSize of job (KB)
...
006 (66243.000.000) 08/28 16:29:07 Image size of job updated: 3083876
	2644  -  MemoryUsage of job (MB)
	2706512  -  ResidentSetSize of job (KB)
...
006 (66243.000.000) 08/28 16:34:07 Image size of job updated: 3288148
	2644  -  MemoryUsage of job (MB)
	2706512  -  ResidentSetSize of job (KB)
...
006 (66243.000.000) 08/28 16:39:08 Image size of job updated: 3756792
	2644  -  MemoryUsage of job (MB)
	2706512  -  ResidentSetSize of job (KB)
...
006 (66243.000.000) 08/28 16:54:10 Image size of job updated: 3992588
	2644  -  MemoryUsage of job (MB)
	2706512  -  ResidentSetSize of job (KB)
...
006 (66243.000.000) 08/28 16:59:11 Image size of job updated: 4089968
	2644  -  MemoryUsage of job (MB)
	2706512  -  ResidentSetSize of job (KB)
...
006 (66243.000.000) 08/28 17:04:11 Image size of job updated: 4252936
	2644  -  MemoryUsage of job (MB)
	2706512  -  ResidentSetSize of job (KB)
...
006 (66243.000.000) 08/28 17:09:11 Image size of job updated: 4419100
	2644  -  MemoryUsage of job (MB)
	2706512  -  ResidentSetSize of job (KB)
...
006 (66243.000.000) 08/28 17:14:12 Image size of job updated: 4493592
	2644  -  MemoryUsage of job (MB)
	2706512  -  ResidentSetSize of job (KB)
...
006 (66243.000.000) 08/28 17:19:12 Image size of job updated: 4534352
	2644  -  MemoryUsage of job (MB)
	2706512  -  ResidentSetSize of job (KB)
...
006 (66243.000.000) 08/28 17:24:12 Image size of job updated: 4712244
	2644  -  MemoryUsage of job (MB)
	2706512  -  ResidentSetSize of job (KB)
...
006 (66243.000.000) 08/28 17:29:13 Image size of job updated: 4724988
	2644  -  MemoryUsage of job (MB)
	2706512  -  ResidentSetSize of job (KB)
...
                                                                                                                                                                                                                                               000 (66366.000.000) 08/28 17:55:38 Job submitted from host: <172.20.203.50:9618?addrs=172.20.203.50-9618+[--1]-9618&noUDP&sock=7405_cae4_4>
...
022 (66366.000.000) 08/28 17:55:51 Job disconnected, attempting to reconnect
    Socket between submit and execute hosts closed unexpectedly
    Trying to reconnect to slot1_6@node006.ppe.gla.ac.uk <10.194.1.6:9618?addrs=10.194.1.6-9618+[--1]-9618&noUDP&sock=26470_cbfa_3>
...
024 (66366.000.000) 08/28 17:55:59 Job reconnection failed
    Job not found at execution machine
    Can not reconnect to slot1_6@node006.ppe.gla.ac.uk, rescheduling job
...
009 (66366.000.000) 08/28 17:56:50 Job was aborted by the user.
	via condor_rm (by user jnugent)
...
004 (66243.000.000) 08/28 17:58:33 Job was evicted.
	(0) Job was not checkpointed.
		Usr 0 04:25:19, Sys 0 00:13:28  -  Run Remote Usage
		Usr 0 00:00:00, Sys 0 00:00:00  -  Run Local Usage
	0  -  Run Bytes Sent By Job
	237  -  Run Bytes Received By Job
	Partitionable Resources :    Usage  Request Allocated
	   Cpus                 :                 1         1
	   Disk (KB)            :       17       17  10479086
	   Memory (MB)          :     2644     1024      1024
...
009 (66243.000.000) 08/28 17:58:34 Job was aborted by the user.
	via condor_rm (by user jnugent)
...
000 (66466.000.000) 08/28 17:59:33 Job submitted from host: <172.20.203.50:9618?addrs=172.20.203.50-9618+[--1]-9618&noUDP&sock=7405_cae4_4>
...
001 (66466.000.000) 08/28 17:59:55 Job executing on host: <10.194.1.8:9618?addrs=10.194.1.8-9618+[--1]-9618&noUDP&sock=18553_64af_6>
...
006 (66466.000.000) 08/28 18:00:03 Image size of job updated: 364168
	354  -  MemoryUsage of job (MB)
	361632  -  ResidentSetSize of job (KB)
...
006 (66466.000.000) 08/28 18:05:03 Image size of job updated: 561072
	546  -  MemoryUsage of job (MB)
	558536  -  ResidentSetSize of job (KB)
...
006 (66466.000.000) 08/28 18:10:04 Image size of job updated: 646388
	629  -  MemoryUsage of job (MB)
	643852  -  ResidentSetSize of job (KB)
...
006 (66466.000.000) 08/28 18:30:06 Image size of job updated: 691288
	673  -  MemoryUsage of job (MB)
	688752  -  ResidentSetSize of job (KB)
...
006 (66466.000.000) 08/28 18:35:06 Image size of job updated: 721284
	702  -  MemoryUsage of job (MB)
	718748  -  ResidentSetSize of job (KB)
...
006 (66466.000.000) 08/28 18:40:07 Image size of job updated: 750900
	731  -  MemoryUsage of job (MB)
	748364  -  ResidentSetSize of job (KB)
...
006 (66466.000.000) 08/28 18:50:08 Image size of job updated: 905192
	882  -  MemoryUsage of job (MB)
	902656  -  ResidentSetSize of job (KB)
...
006 (66466.000.000) 08/28 19:10:10 Image size of job updated: 943220
	919  -  MemoryUsage of job (MB)
	940684  -  ResidentSetSize of job (KB)
...
006 (66466.000.000) 08/28 19:20:11 Image size of job updated: 1096168
	1068  -  MemoryUsage of job (MB)
	1093632  -  ResidentSetSize of job (KB)
...
006 (66466.000.000) 08/28 19:25:11 Image size of job updated: 1232740
	1201  -  MemoryUsage of job (MB)
	1229460  -  ResidentSetSize of job (KB)
...
006 (66466.000.000) 08/28 20:05:16 Image size of job updated: 1302888
	1261  -  MemoryUsage of job (MB)
	1291160  -  ResidentSetSize of job (KB)
...
006 (66466.000.000) 08/28 20:20:17 Image size of job updated: 1494040
	1425  -  MemoryUsage of job (MB)
	1458800  -  ResidentSetSize of job (KB)
...
006 (66466.000.000) 08/28 20:40:20 Image size of job updated: 1632176
	1517  -  MemoryUsage of job (MB)
	1553188  -  ResidentSetSize of job (KB)
...
006 (66466.000.000) 08/28 20:45:20 Image size of job updated: 1712532
	1596  -  MemoryUsage of job (MB)
	1633728  -  ResidentSetSize of job (KB)
...
006 (66466.000.000) 08/28 21:15:24 Image size of job updated: 1753664
	1596  -  MemoryUsage of job (MB)
	1633728  -  ResidentSetSize of job (KB)
...
006 (66466.000.000) 08/28 21:25:24 Image size of job updated: 1916000
	1596  -  MemoryUsage of job (MB)
	1633728  -  ResidentSetSize of job (KB)
...
006 (66466.000.000) 08/28 21:50:27 Image size of job updated: 1927808
	1596  -  MemoryUsage of job (MB)
	1633728  -  ResidentSetSize of job (KB)
...
006 (66466.000.000) 08/28 21:55:27 Image size of job updated: 1991556
	1596  -  MemoryUsage of job (MB)
	1633728  -  ResidentSetSize of job (KB)
...
006 (66466.000.000) 08/28 22:00:28 Image size of job updated: 2097004
	1596  -  MemoryUsage of job (MB)
	1633728  -  ResidentSetSize of job (KB)
...
006 (66466.000.000) 08/28 22:10:29 Image size of job updated: 2233116
	1596  -  MemoryUsage of job (MB)
	1633728  -  ResidentSetSize of job (KB)
...
006 (66466.000.000) 08/28 22:15:31 Image size of job updated: 2281032
	1596  -  MemoryUsage of job (MB)
	1633728  -  ResidentSetSize of job (KB)
...
006 (66466.000.000) 08/28 22:28:29 Image size of job updated: 2307496
	1596  -  MemoryUsage of job (MB)
	1633728  -  ResidentSetSize of job (KB)
...
006 (66466.000.000) 08/28 22:52:26 Image size of job updated: 2764840
	2048  -  MemoryUsage of job (MB)
	2096192  -  ResidentSetSize of job (KB)
...
006 (66466.000.000) 08/29 00:55:38 Image size of job updated: 3151380
	2159  -  MemoryUsage of job (MB)
	2209808  -  ResidentSetSize of job (KB)
...
006 (66466.000.000) 08/29 01:10:40 Image size of job updated: 3152872
	2160  -  MemoryUsage of job (MB)
	2211356  -  ResidentSetSize of job (KB)
...
006 (66466.000.000) 08/29 01:20:41 Image size of job updated: 3299976
	2304  -  MemoryUsage of job (MB)
	2358620  -  ResidentSetSize of job (KB)
...
006 (66466.000.000) 08/29 02:10:46 Image size of job updated: 3642880
	2632  -  MemoryUsage of job (MB)
	2694844  -  ResidentSetSize of job (KB)
...
006 (66466.000.000) 08/29 02:15:47 Image size of job updated: 3642880
	2636  -  MemoryUsage of job (MB)
	2698452  -  ResidentSetSize of job (KB)
...
006 (66466.000.000) 08/29 02:50:52 Image size of job updated: 3828884
	2811  -  MemoryUsage of job (MB)
	2877908  -  ResidentSetSize of job (KB)
...
006 (66466.000.000) 08/29 02:55:52 Image size of job updated: 3828884
	2811  -  MemoryUsage of job (MB)
	2877916  -  ResidentSetSize of job (KB)
...
006 (66466.000.000) 08/29 03:10:54 Image size of job updated: 3874428
	2856  -  MemoryUsage of job (MB)
	2924416  -  ResidentSetSize of job (KB)
...
006 (66466.000.000) 08/29 03:20:54 Image size of job updated: 4006072
	2985  -  MemoryUsage of job (MB)
	3056032  -  ResidentSetSize of job (KB)
...
006 (66466.000.000) 08/29 04:16:01 Image size of job updated: 4112936
	3089  -  MemoryUsage of job (MB)
	3162724  -  ResidentSetSize of job (KB)
...
006 (66466.000.000) 08/29 04:31:03 Image size of job updated: 4175952
	3151  -  MemoryUsage of job (MB)
	3225668  -  ResidentSetSize of job (KB)
...
006 (66466.000.000) 08/29 04:41:04 Image size of job updated: 4549168
	3516  -  MemoryUsage of job (MB)
	3599628  -  ResidentSetSize of job (KB)
...
006 (66466.000.000) 08/29 05:39:33 Image size of job updated: 4931076
	3516  -  MemoryUsage of job (MB)
	3599628  -  ResidentSetSize of job (KB)
...
005 (66466.000.000) 08/29 05:39:53 Job terminated.
	(1) Normal termination (return value 137)
		Usr 0 09:36:38, Sys 0 00:18:48  -  Run Remote Usage
		Usr 0 00:00:00, Sys 0 00:00:00  -  Run Local Usage
		Usr 0 09:36:38, Sys 0 00:18:48  -  Total Remote Usage
		Usr 0 00:00:00, Sys 0 00:00:00  -  Total Local Usage
	164107  -  Run Bytes Sent By Job
	237  -  Run Bytes Received By Job
	164107  -  Total Bytes Sent By Job
	237  -  Total Bytes Received By Job
	Partitionable Resources :    Usage  Request Allocated
	   Cpus                 :                 1         1
	   Disk (KB)            :      180        1  10479086
	   Memory (MB)          :     3516     1024      1024
...
