000 (96836.000.000) 09/23 16:58:48 Job submitted from host: <172.20.203.50:9618?addrs=172.20.203.50-9618+[--1]-9618&noUDP&sock=7405_cae4_4>
...
001 (96836.000.000) 09/23 16:58:57 Job executing on host: <10.194.1.4:9618?addrs=10.194.1.4-9618+[--1]-9618&noUDP&sock=21589_d637_3>
...
006 (96836.000.000) 09/23 16:59:06 Image size of job updated: 52324
	52  -  MemoryUsage of job (MB)
	52324  -  ResidentSetSize of job (KB)
...
006 (96836.000.000) 09/23 17:04:07 Image size of job updated: 889860
	870  -  MemoryUsage of job (MB)
	889860  -  ResidentSetSize of job (KB)
...
006 (96836.000.000) 09/23 17:09:08 Image size of job updated: 1009704
	987  -  MemoryUsage of job (MB)
	1009704  -  ResidentSetSize of job (KB)
...
006 (96836.000.000) 09/23 17:24:09 Image size of job updated: 1226896
	1199  -  MemoryUsage of job (MB)
	1226896  -  ResidentSetSize of job (KB)
...
006 (96836.000.000) 09/23 17:44:11 Image size of job updated: 1428584
	1396  -  MemoryUsage of job (MB)
	1428584  -  ResidentSetSize of job (KB)
...
006 (96836.000.000) 09/23 18:24:14 Image size of job updated: 1538248
	1481  -  MemoryUsage of job (MB)
	1515896  -  ResidentSetSize of job (KB)
...
006 (96836.000.000) 09/23 18:34:16 Image size of job updated: 1546556
	1481  -  MemoryUsage of job (MB)
	1515896  -  ResidentSetSize of job (KB)
...
006 (96836.000.000) 09/23 18:44:17 Image size of job updated: 1720176
	1499  -  MemoryUsage of job (MB)
	1534916  -  ResidentSetSize of job (KB)
...
006 (96836.000.000) 09/23 18:49:17 Image size of job updated: 1947912
	1698  -  MemoryUsage of job (MB)
	1738496  -  ResidentSetSize of job (KB)
...
006 (96836.000.000) 09/23 19:34:22 Image size of job updated: 2117212
	1698  -  MemoryUsage of job (MB)
	1738496  -  ResidentSetSize of job (KB)
...
006 (96836.000.000) 09/23 20:14:26 Image size of job updated: 2511868
	1698  -  MemoryUsage of job (MB)
	1738496  -  ResidentSetSize of job (KB)
...
006 (96836.000.000) 09/23 20:19:27 Image size of job updated: 2534496
	1698  -  MemoryUsage of job (MB)
	1738496  -  ResidentSetSize of job (KB)
...
006 (96836.000.000) 09/23 20:24:28 Image size of job updated: 2579336
	1698  -  MemoryUsage of job (MB)
	1738496  -  ResidentSetSize of job (KB)
...
006 (96836.000.000) 09/23 20:29:28 Image size of job updated: 2621792
	1698  -  MemoryUsage of job (MB)
	1738496  -  ResidentSetSize of job (KB)
...
006 (96836.000.000) 09/23 20:34:28 Image size of job updated: 2668332
	1698  -  MemoryUsage of job (MB)
	1738496  -  ResidentSetSize of job (KB)
...
006 (96836.000.000) 09/23 20:44:29 Image size of job updated: 2707140
	1698  -  MemoryUsage of job (MB)
	1738496  -  ResidentSetSize of job (KB)
...
006 (96836.000.000) 09/23 20:49:29 Image size of job updated: 2741516
	1698  -  MemoryUsage of job (MB)
	1738496  -  ResidentSetSize of job (KB)
...
006 (96836.000.000) 09/23 20:54:30 Image size of job updated: 2746296
	1698  -  MemoryUsage of job (MB)
	1738496  -  ResidentSetSize of job (KB)
...
006 (96836.000.000) 09/23 20:59:31 Image size of job updated: 2749168
	1698  -  MemoryUsage of job (MB)
	1738496  -  ResidentSetSize of job (KB)
...
006 (96836.000.000) 09/23 21:04:31 Image size of job updated: 2826084
	1698  -  MemoryUsage of job (MB)
	1738496  -  ResidentSetSize of job (KB)
...
006 (96836.000.000) 09/23 21:09:31 Image size of job updated: 2858508
	1698  -  MemoryUsage of job (MB)
	1738496  -  ResidentSetSize of job (KB)
...
006 (96836.000.000) 09/23 21:14:32 Image size of job updated: 2977236
	1698  -  MemoryUsage of job (MB)
	1738496  -  ResidentSetSize of job (KB)
...
006 (96836.000.000) 09/23 21:19:32 Image size of job updated: 3086884
	1735  -  MemoryUsage of job (MB)
	1775640  -  ResidentSetSize of job (KB)
...
006 (96836.000.000) 09/23 21:59:37 Image size of job updated: 3086884
	1936  -  MemoryUsage of job (MB)
	1981520  -  ResidentSetSize of job (KB)
...
006 (96836.000.000) 09/23 22:04:37 Image size of job updated: 3086884
	2097  -  MemoryUsage of job (MB)
	2146856  -  ResidentSetSize of job (KB)
...
006 (96836.000.000) 09/23 22:09:37 Image size of job updated: 3086884
	2266  -  MemoryUsage of job (MB)
	2320144  -  ResidentSetSize of job (KB)
...
006 (96836.000.000) 09/23 23:49:46 Image size of job updated: 3161268
	2266  -  MemoryUsage of job (MB)
	2320144  -  ResidentSetSize of job (KB)
...
006 (96836.000.000) 09/24 00:29:52 Image size of job updated: 3190288
	2266  -  MemoryUsage of job (MB)
	2320144  -  ResidentSetSize of job (KB)
...
006 (96836.000.000) 09/24 00:39:52 Image size of job updated: 3416136
	2266  -  MemoryUsage of job (MB)
	2320144  -  ResidentSetSize of job (KB)
...
006 (96836.000.000) 09/24 00:59:54 Image size of job updated: 3432316
	2266  -  MemoryUsage of job (MB)
	2320144  -  ResidentSetSize of job (KB)
...
006 (96836.000.000) 09/24 01:09:54 Image size of job updated: 3922364
	2266  -  MemoryUsage of job (MB)
	2320144  -  ResidentSetSize of job (KB)
...
006 (96836.000.000) 09/24 01:14:55 Image size of job updated: 3997088
	2266  -  MemoryUsage of job (MB)
	2320144  -  ResidentSetSize of job (KB)
...
006 (96836.000.000) 09/24 01:19:56 Image size of job updated: 4072068
	2266  -  MemoryUsage of job (MB)
	2320144  -  ResidentSetSize of job (KB)
...
006 (96836.000.000) 09/24 01:24:56 Image size of job updated: 4128496
	2266  -  MemoryUsage of job (MB)
	2320144  -  ResidentSetSize of job (KB)
...
006 (96836.000.000) 09/24 01:29:57 Image size of job updated: 4155616
	2266  -  MemoryUsage of job (MB)
	2320144  -  ResidentSetSize of job (KB)
...
006 (96836.000.000) 09/24 01:34:59 Image size of job updated: 4178280
	2266  -  MemoryUsage of job (MB)
	2320144  -  ResidentSetSize of job (KB)
...
006 (96836.000.000) 09/24 01:39:59 Image size of job updated: 4235540
	2266  -  MemoryUsage of job (MB)
	2320144  -  ResidentSetSize of job (KB)
...
006 (96836.000.000) 09/24 01:44:59 Image size of job updated: 4288024
	2266  -  MemoryUsage of job (MB)
	2320144  -  ResidentSetSize of job (KB)
...
006 (96836.000.000) 09/24 01:49:59 Image size of job updated: 4367356
	2266  -  MemoryUsage of job (MB)
	2320144  -  ResidentSetSize of job (KB)
...
006 (96836.000.000) 09/24 01:55:01 Image size of job updated: 4443036
	2266  -  MemoryUsage of job (MB)
	2320144  -  ResidentSetSize of job (KB)
...
006 (96836.000.000) 09/24 02:00:46 Image size of job updated: 4474280
	2266  -  MemoryUsage of job (MB)
	2320144  -  ResidentSetSize of job (KB)
...
006 (96836.000.000) 09/24 02:05:01 Image size of job updated: 4544692
	2266  -  MemoryUsage of job (MB)
	2320144  -  ResidentSetSize of job (KB)
...
006 (96836.000.000) 09/24 02:10:01 Image size of job updated: 4599712
	2266  -  MemoryUsage of job (MB)
	2320144  -  ResidentSetSize of job (KB)
...
006 (96836.000.000) 09/24 02:15:01 Image size of job updated: 4648280
	2266  -  MemoryUsage of job (MB)
	2320144  -  ResidentSetSize of job (KB)
...
006 (96836.000.000) 09/24 02:20:02 Image size of job updated: 4670972
	2266  -  MemoryUsage of job (MB)
	2320144  -  ResidentSetSize of job (KB)
...
006 (96836.000.000) 09/24 02:25:20 Image size of job updated: 4704980
	2266  -  MemoryUsage of job (MB)
	2320144  -  ResidentSetSize of job (KB)
...
006 (96836.000.000) 09/24 02:30:03 Image size of job updated: 4716588
	2266  -  MemoryUsage of job (MB)
	2320144  -  ResidentSetSize of job (KB)
...
006 (96836.000.000) 09/24 02:35:03 Image size of job updated: 4752568
	2266  -  MemoryUsage of job (MB)
	2320144  -  ResidentSetSize of job (KB)
...
006 (96836.000.000) 09/24 02:40:04 Image size of job updated: 4777388
	2266  -  MemoryUsage of job (MB)
	2320144  -  ResidentSetSize of job (KB)
...
006 (96836.000.000) 09/24 02:45:05 Image size of job updated: 4810076
	2266  -  MemoryUsage of job (MB)
	2320144  -  ResidentSetSize of job (KB)
...
006 (96836.000.000) 09/24 02:50:24 Image size of job updated: 4826740
	2268  -  MemoryUsage of job (MB)
	2321812  -  ResidentSetSize of job (KB)
...
006 (96836.000.000) 09/24 02:55:33 Image size of job updated: 4845596
	2291  -  MemoryUsage of job (MB)
	2345572  -  ResidentSetSize of job (KB)
...
006 (96836.000.000) 09/24 03:00:22 Image size of job updated: 4867028
	2318  -  MemoryUsage of job (MB)
	2373420  -  ResidentSetSize of job (KB)
...
006 (96836.000.000) 09/24 03:05:27 Image size of job updated: 4878828
	2326  -  MemoryUsage of job (MB)
	2381528  -  ResidentSetSize of job (KB)
...
006 (96836.000.000) 09/24 03:10:28 Image size of job updated: 4887112
	2326  -  MemoryUsage of job (MB)
	2381528  -  ResidentSetSize of job (KB)
...
006 (96836.000.000) 09/24 03:15:28 Image size of job updated: 4892696
	2326  -  MemoryUsage of job (MB)
	2381528  -  ResidentSetSize of job (KB)
...
006 (96836.000.000) 09/24 03:20:28 Image size of job updated: 4926640
	2326  -  MemoryUsage of job (MB)
	2381528  -  ResidentSetSize of job (KB)
...
006 (96836.000.000) 09/24 03:25:29 Image size of job updated: 4941156
	2326  -  MemoryUsage of job (MB)
	2381528  -  ResidentSetSize of job (KB)
...
006 (96836.000.000) 09/24 03:30:36 Image size of job updated: 4964160
	2326  -  MemoryUsage of job (MB)
	2381528  -  ResidentSetSize of job (KB)
...
006 (96836.000.000) 09/24 03:35:32 Image size of job updated: 4980228
	2326  -  MemoryUsage of job (MB)
	2381528  -  ResidentSetSize of job (KB)
...
006 (96836.000.000) 09/24 03:40:31 Image size of job updated: 4993892
	2326  -  MemoryUsage of job (MB)
	2381528  -  ResidentSetSize of job (KB)
...
006 (96836.000.000) 09/24 03:45:58 Image size of job updated: 5015608
	2326  -  MemoryUsage of job (MB)
	2381528  -  ResidentSetSize of job (KB)
...
006 (96836.000.000) 09/24 03:50:42 Image size of job updated: 5034952
	2344  -  MemoryUsage of job (MB)
	2399348  -  ResidentSetSize of job (KB)
...
006 (96836.000.000) 09/24 03:55:41 Image size of job updated: 5049688
	2367  -  MemoryUsage of job (MB)
	2423048  -  ResidentSetSize of job (KB)
...
006 (96836.000.000) 09/24 04:00:42 Image size of job updated: 5071192
	2393  -  MemoryUsage of job (MB)
	2450292  -  ResidentSetSize of job (KB)
...
006 (96836.000.000) 09/24 04:05:42 Image size of job updated: 5084896
	2407  -  MemoryUsage of job (MB)
	2464116  -  ResidentSetSize of job (KB)
...
006 (96836.000.000) 09/24 04:10:43 Image size of job updated: 5098312
	2422  -  MemoryUsage of job (MB)
	2480088  -  ResidentSetSize of job (KB)
...
006 (96836.000.000) 09/24 04:15:44 Image size of job updated: 5109168
	2441  -  MemoryUsage of job (MB)
	2498936  -  ResidentSetSize of job (KB)
...
006 (96836.000.000) 09/24 04:20:44 Image size of job updated: 5137736
	2473  -  MemoryUsage of job (MB)
	2532028  -  ResidentSetSize of job (KB)
...
006 (96836.000.000) 09/24 04:25:44 Image size of job updated: 5142352
	2473  -  MemoryUsage of job (MB)
	2532028  -  ResidentSetSize of job (KB)
...
006 (96836.000.000) 09/24 04:30:45 Image size of job updated: 5142360
	2473  -  MemoryUsage of job (MB)
	2532028  -  ResidentSetSize of job (KB)
...
006 (96836.000.000) 09/24 04:56:13 Image size of job updated: 5142444
	2473  -  MemoryUsage of job (MB)
	2532028  -  ResidentSetSize of job (KB)
...
004 (96836.000.000) 09/24 14:15:14 Job was evicted.
	(0) Job was not checkpointed.
		Usr 0 06:18:31, Sys 0 00:24:42  -  Run Remote Usage
		Usr 0 00:00:00, Sys 0 00:00:00  -  Run Local Usage
	0  -  Run Bytes Sent By Job
	239  -  Run Bytes Received By Job
	Partitionable Resources :    Usage  Request Allocated
	   Cpus                 :                 1         1
	   Disk (KB)            :       20        1   4187667
	   Memory (MB)          :     2473     1024      1024
...
009 (96836.000.000) 09/24 14:15:14 Job was aborted by the user.
	via condor_rm (by user jnugent)
...
000 (96886.000.000) 09/24 14:18:53 Job submitted from host: <172.20.203.50:9618?addrs=172.20.203.50-9618+[--1]-9618&noUDP&sock=7405_cae4_4>
...
001 (96886.000.000) 09/24 22:32:45 Job executing on host: <10.194.1.8:9618?addrs=10.194.1.8-9618+[--1]-9618&noUDP&sock=5976_9e0e_3>
...
006 (96886.000.000) 09/24 22:32:53 Image size of job updated: 64724
	51  -  MemoryUsage of job (MB)
	51436  -  ResidentSetSize of job (KB)
...
006 (96886.000.000) 09/24 22:37:53 Image size of job updated: 434712
	390  -  MemoryUsage of job (MB)
	399128  -  ResidentSetSize of job (KB)
...
006 (96886.000.000) 09/24 22:42:54 Image size of job updated: 603092
	536  -  MemoryUsage of job (MB)
	547912  -  ResidentSetSize of job (KB)
...
006 (96886.000.000) 09/24 22:52:56 Image size of job updated: 1111580
	1024  -  MemoryUsage of job (MB)
	1048008  -  ResidentSetSize of job (KB)
...
006 (96886.000.000) 09/24 23:07:57 Image size of job updated: 1209240
	1067  -  MemoryUsage of job (MB)
	1092524  -  ResidentSetSize of job (KB)
...
006 (96886.000.000) 09/24 23:12:58 Image size of job updated: 1233100
	1067  -  MemoryUsage of job (MB)
	1092524  -  ResidentSetSize of job (KB)
...
006 (96886.000.000) 09/24 23:17:58 Image size of job updated: 1316524
	1069  -  MemoryUsage of job (MB)
	1094392  -  ResidentSetSize of job (KB)
...
006 (96886.000.000) 09/24 23:33:00 Image size of job updated: 1556840
	1277  -  MemoryUsage of job (MB)
	1306984  -  ResidentSetSize of job (KB)
...
006 (96886.000.000) 09/24 23:38:00 Image size of job updated: 1556840
	1307  -  MemoryUsage of job (MB)
	1338232  -  ResidentSetSize of job (KB)
...
006 (96886.000.000) 09/24 23:43:01 Image size of job updated: 1618220
	1487  -  MemoryUsage of job (MB)
	1522340  -  ResidentSetSize of job (KB)
...
006 (96886.000.000) 09/24 23:48:01 Image size of job updated: 1618220
	1487  -  MemoryUsage of job (MB)
	1522348  -  ResidentSetSize of job (KB)
...
006 (96886.000.000) 09/24 23:53:01 Image size of job updated: 1771040
	1600  -  MemoryUsage of job (MB)
	1637580  -  ResidentSetSize of job (KB)
...
006 (96886.000.000) 09/25 00:03:03 Image size of job updated: 2085824
	1746  -  MemoryUsage of job (MB)
	1787176  -  ResidentSetSize of job (KB)
...
006 (96886.000.000) 09/25 00:18:03 Image size of job updated: 2135816
	1774  -  MemoryUsage of job (MB)
	1816052  -  ResidentSetSize of job (KB)
...
006 (96886.000.000) 09/25 00:38:05 Image size of job updated: 3011216
	2661  -  MemoryUsage of job (MB)
	2724340  -  ResidentSetSize of job (KB)
...
006 (96886.000.000) 09/25 01:23:10 Image size of job updated: 3032624
	2808  -  MemoryUsage of job (MB)
	2874588  -  ResidentSetSize of job (KB)
...
006 (96886.000.000) 09/25 01:28:11 Image size of job updated: 3274476
	2995  -  MemoryUsage of job (MB)
	3066744  -  ResidentSetSize of job (KB)
...
006 (96886.000.000) 09/25 01:38:11 Image size of job updated: 3303452
	3047  -  MemoryUsage of job (MB)
	3119588  -  ResidentSetSize of job (KB)
...
006 (96886.000.000) 09/25 02:08:15 Image size of job updated: 3413244
	3083  -  MemoryUsage of job (MB)
	3156776  -  ResidentSetSize of job (KB)
...
006 (96886.000.000) 09/25 02:18:16 Image size of job updated: 5165756
	4763  -  MemoryUsage of job (MB)
	4877084  -  ResidentSetSize of job (KB)
...
005 (96886.000.000) 09/25 07:26:25 Job terminated.
	(1) Normal termination (return value 0)
		Usr 0 07:44:21, Sys 0 00:24:17  -  Run Remote Usage
		Usr 0 00:00:00, Sys 0 00:00:00  -  Run Local Usage
		Usr 0 07:44:21, Sys 0 00:24:17  -  Total Remote Usage
		Usr 0 00:00:00, Sys 0 00:00:00  -  Total Local Usage
	1000417  -  Run Bytes Sent By Job
	239  -  Run Bytes Received By Job
	1000417  -  Total Bytes Sent By Job
	239  -  Total Bytes Received By Job
	Partitionable Resources :    Usage  Request Allocated
	   Cpus                 :                 1         1
	   Disk (KB)            :      987        1  10479108
	   Memory (MB)          :     4763    10240     10240
...
