000 (96815.000.000) 09/23 16:58:47 Job submitted from host: <172.20.203.50:9618?addrs=172.20.203.50-9618+[--1]-9618&noUDP&sock=7405_cae4_4>
...
001 (96815.000.000) 09/23 16:58:56 Job executing on host: <10.194.1.8:9618?addrs=10.194.1.8-9618+[--1]-9618&noUDP&sock=5976_9e0e_3>
...
006 (96815.000.000) 09/23 16:59:05 Image size of job updated: 54692
	52  -  MemoryUsage of job (MB)
	53048  -  ResidentSetSize of job (KB)
...
006 (96815.000.000) 09/23 17:04:07 Image size of job updated: 505668
	493  -  MemoryUsage of job (MB)
	503972  -  ResidentSetSize of job (KB)
...
006 (96815.000.000) 09/23 17:09:07 Image size of job updated: 650232
	634  -  MemoryUsage of job (MB)
	648536  -  ResidentSetSize of job (KB)
...
006 (96815.000.000) 09/23 17:19:08 Image size of job updated: 1228132
	1198  -  MemoryUsage of job (MB)
	1226436  -  ResidentSetSize of job (KB)
...
006 (96815.000.000) 09/23 17:24:09 Image size of job updated: 1228132
	1198  -  MemoryUsage of job (MB)
	1226444  -  ResidentSetSize of job (KB)
...
006 (96815.000.000) 09/23 17:59:12 Image size of job updated: 1558092
	1491  -  MemoryUsage of job (MB)
	1526304  -  ResidentSetSize of job (KB)
...
006 (96815.000.000) 09/23 18:24:15 Image size of job updated: 1669612
	1587  -  MemoryUsage of job (MB)
	1624848  -  ResidentSetSize of job (KB)
...
006 (96815.000.000) 09/23 18:44:17 Image size of job updated: 2043644
	1935  -  MemoryUsage of job (MB)
	1980968  -  ResidentSetSize of job (KB)
...
006 (96815.000.000) 09/23 19:29:22 Image size of job updated: 2091484
	1940  -  MemoryUsage of job (MB)
	1986388  -  ResidentSetSize of job (KB)
...
006 (96815.000.000) 09/23 19:49:24 Image size of job updated: 2616844
	2504  -  MemoryUsage of job (MB)
	2563548  -  ResidentSetSize of job (KB)
...
006 (96815.000.000) 09/23 20:19:28 Image size of job updated: 2898592
	2764  -  MemoryUsage of job (MB)
	2829904  -  ResidentSetSize of job (KB)
...
006 (96815.000.000) 09/23 20:29:29 Image size of job updated: 2929668
	2788  -  MemoryUsage of job (MB)
	2854116  -  ResidentSetSize of job (KB)
...
006 (96815.000.000) 09/23 20:59:31 Image size of job updated: 2977828
	2788  -  MemoryUsage of job (MB)
	2854116  -  ResidentSetSize of job (KB)
...
006 (96815.000.000) 09/23 21:04:32 Image size of job updated: 3009684
	2788  -  MemoryUsage of job (MB)
	2854116  -  ResidentSetSize of job (KB)
...
006 (96815.000.000) 09/23 21:09:33 Image size of job updated: 3485236
	2990  -  MemoryUsage of job (MB)
	3061168  -  ResidentSetSize of job (KB)
...
006 (96815.000.000) 09/23 21:59:37 Image size of job updated: 4153220
	2990  -  MemoryUsage of job (MB)
	3061168  -  ResidentSetSize of job (KB)
...
006 (96815.000.000) 09/23 22:04:38 Image size of job updated: 4347360
	2990  -  MemoryUsage of job (MB)
	3061168  -  ResidentSetSize of job (KB)
...
006 (96815.000.000) 09/23 22:09:39 Image size of job updated: 4412784
	2991  -  MemoryUsage of job (MB)
	3061980  -  ResidentSetSize of job (KB)
...
006 (96815.000.000) 09/23 22:14:39 Image size of job updated: 4993696
	3904  -  MemoryUsage of job (MB)
	3996896  -  ResidentSetSize of job (KB)
...
006 (96815.000.000) 09/23 22:49:43 Image size of job updated: 5167048
	3904  -  MemoryUsage of job (MB)
	3996896  -  ResidentSetSize of job (KB)
...
005 (96815.000.000) 09/24 05:44:42 Job terminated.
	(1) Normal termination (return value 0)
		Usr 0 09:47:52, Sys 0 00:24:20  -  Run Remote Usage
		Usr 0 00:00:00, Sys 0 00:00:00  -  Run Local Usage
		Usr 0 09:47:52, Sys 0 00:24:20  -  Total Remote Usage
		Usr 0 00:00:00, Sys 0 00:00:00  -  Total Local Usage
	1034050  -  Run Bytes Sent By Job
	237  -  Run Bytes Received By Job
	1034050  -  Total Bytes Sent By Job
	237  -  Total Bytes Received By Job
	Partitionable Resources :    Usage  Request Allocated
	   Cpus                 :                 1         1
	   Disk (KB)            :     1020        1  10479108
	   Memory (MB)          :     3904     1024      1024
...
000 (96865.000.000) 09/24 14:18:51 Job submitted from host: <172.20.203.50:9618?addrs=172.20.203.50-9618+[--1]-9618&noUDP&sock=7405_cae4_4>
...
001 (96865.000.000) 09/24 14:18:57 Job executing on host: <10.194.1.8:9618?addrs=10.194.1.8-9618+[--1]-9618&noUDP&sock=5976_9e0e_3>
...
006 (96865.000.000) 09/24 14:19:05 Image size of job updated: 58196
	54  -  MemoryUsage of job (MB)
	54360  -  ResidentSetSize of job (KB)
...
006 (96865.000.000) 09/24 14:24:05 Image size of job updated: 843732
	821  -  MemoryUsage of job (MB)
	839880  -  ResidentSetSize of job (KB)
...
006 (96865.000.000) 09/24 14:29:06 Image size of job updated: 843732
	825  -  MemoryUsage of job (MB)
	844284  -  ResidentSetSize of job (KB)
...
006 (96865.000.000) 09/24 14:44:07 Image size of job updated: 1195204
	1164  -  MemoryUsage of job (MB)
	1191352  -  ResidentSetSize of job (KB)
...
006 (96865.000.000) 09/24 14:59:09 Image size of job updated: 1407912
	1372  -  MemoryUsage of job (MB)
	1404060  -  ResidentSetSize of job (KB)
...
006 (96865.000.000) 09/24 15:14:11 Image size of job updated: 1739272
	1695  -  MemoryUsage of job (MB)
	1735420  -  ResidentSetSize of job (KB)
...
006 (96865.000.000) 09/24 15:49:14 Image size of job updated: 2100108
	2048  -  MemoryUsage of job (MB)
	2096256  -  ResidentSetSize of job (KB)
...
006 (96865.000.000) 09/24 15:54:15 Image size of job updated: 2100108
	2052  -  MemoryUsage of job (MB)
	2101188  -  ResidentSetSize of job (KB)
...
006 (96865.000.000) 09/24 16:04:15 Image size of job updated: 2415476
	2356  -  MemoryUsage of job (MB)
	2411624  -  ResidentSetSize of job (KB)
...
006 (96865.000.000) 09/24 16:49:20 Image size of job updated: 2419672
	2356  -  MemoryUsage of job (MB)
	2411624  -  ResidentSetSize of job (KB)
...
006 (96865.000.000) 09/24 16:54:21 Image size of job updated: 2484776
	2416  -  MemoryUsage of job (MB)
	2473604  -  ResidentSetSize of job (KB)
...
006 (96865.000.000) 09/24 16:59:23 Image size of job updated: 2918916
	2840  -  MemoryUsage of job (MB)
	2907744  -  ResidentSetSize of job (KB)
...
006 (96865.000.000) 09/24 17:04:23 Image size of job updated: 2918916
	2840  -  MemoryUsage of job (MB)
	2907780  -  ResidentSetSize of job (KB)
...
006 (96865.000.000) 09/24 17:14:23 Image size of job updated: 3112380
	2998  -  MemoryUsage of job (MB)
	3069140  -  ResidentSetSize of job (KB)
...
006 (96865.000.000) 09/24 17:24:25 Image size of job updated: 3374472
	3242  -  MemoryUsage of job (MB)
	3319592  -  ResidentSetSize of job (KB)
...
006 (96865.000.000) 09/24 17:54:27 Image size of job updated: 3670368
	3474  -  MemoryUsage of job (MB)
	3556724  -  ResidentSetSize of job (KB)
...
005 (96865.000.000) 09/24 22:32:39 Job terminated.
	(1) Normal termination (return value 0)
		Usr 0 07:47:15, Sys 0 00:18:43  -  Run Remote Usage
		Usr 0 00:00:00, Sys 0 00:00:00  -  Run Local Usage
		Usr 0 07:47:15, Sys 0 00:18:43  -  Total Remote Usage
		Usr 0 00:00:00, Sys 0 00:00:00  -  Total Local Usage
	1000390  -  Run Bytes Sent By Job
	237  -  Run Bytes Received By Job
	1000390  -  Total Bytes Sent By Job
	237  -  Total Bytes Received By Job
	Partitionable Resources :    Usage  Request Allocated
	   Cpus                 :                 1         1
	   Disk (KB)            :      987        1  10479108
	   Memory (MB)          :     3474    10240     10240
...
