000 (97170.000.000) 09/28 09:40:17 Job submitted from host: <172.20.203.50:9618?addrs=172.20.203.50-9618+[--1]-9618&noUDP&sock=7405_cae4_4>
...
001 (97170.000.000) 09/29 04:54:21 Job executing on host: <10.194.1.8:9618?addrs=10.194.1.8-9618+[--1]-9618&noUDP&sock=5976_9e0e_3>
...
006 (97170.000.000) 09/29 04:54:30 Image size of job updated: 48152
	47  -  MemoryUsage of job (MB)
	48128  -  ResidentSetSize of job (KB)
...
006 (97170.000.000) 09/29 04:59:30 Image size of job updated: 515652
	503  -  MemoryUsage of job (MB)
	514572  -  ResidentSetSize of job (KB)
...
006 (97170.000.000) 09/29 05:04:30 Image size of job updated: 553768
	540  -  MemoryUsage of job (MB)
	552684  -  ResidentSetSize of job (KB)
...
006 (97170.000.000) 09/29 05:09:31 Image size of job updated: 845556
	825  -  MemoryUsage of job (MB)
	844492  -  ResidentSetSize of job (KB)
...
006 (97170.000.000) 09/29 05:24:34 Image size of job updated: 882756
	825  -  MemoryUsage of job (MB)
	844492  -  ResidentSetSize of job (KB)
...
006 (97170.000.000) 09/29 05:49:35 Image size of job updated: 882756
	829  -  MemoryUsage of job (MB)
	848580  -  ResidentSetSize of job (KB)
...
006 (97170.000.000) 09/29 05:54:35 Image size of job updated: 1323440
	1277  -  MemoryUsage of job (MB)
	1307628  -  ResidentSetSize of job (KB)
...
006 (97170.000.000) 09/29 06:14:38 Image size of job updated: 1368384
	1319  -  MemoryUsage of job (MB)
	1349912  -  ResidentSetSize of job (KB)
...
006 (97170.000.000) 09/29 06:19:38 Image size of job updated: 1604628
	1547  -  MemoryUsage of job (MB)
	1583584  -  ResidentSetSize of job (KB)
...
006 (97170.000.000) 09/29 06:39:40 Image size of job updated: 1641816
	1551  -  MemoryUsage of job (MB)
	1587836  -  ResidentSetSize of job (KB)
...
006 (97170.000.000) 09/29 07:34:45 Image size of job updated: 1854240
	1776  -  MemoryUsage of job (MB)
	1818088  -  ResidentSetSize of job (KB)
...
006 (97170.000.000) 09/29 07:54:47 Image size of job updated: 2055948
	1973  -  MemoryUsage of job (MB)
	2019816  -  ResidentSetSize of job (KB)
...
006 (97170.000.000) 09/29 07:59:48 Image size of job updated: 2055948
	1976  -  MemoryUsage of job (MB)
	2022612  -  ResidentSetSize of job (KB)
...
006 (97170.000.000) 09/29 08:39:53 Image size of job updated: 2394192
	2270  -  MemoryUsage of job (MB)
	2324188  -  ResidentSetSize of job (KB)
...
006 (97170.000.000) 09/29 08:44:53 Image size of job updated: 2427008
	2299  -  MemoryUsage of job (MB)
	2354120  -  ResidentSetSize of job (KB)
...
006 (97170.000.000) 09/29 09:14:57 Image size of job updated: 2645912
	2526  -  MemoryUsage of job (MB)
	2585904  -  ResidentSetSize of job (KB)
...
006 (97170.000.000) 09/29 09:50:00 Image size of job updated: 2898232
	2738  -  MemoryUsage of job (MB)
	2803596  -  ResidentSetSize of job (KB)
...
006 (97170.000.000) 09/29 10:45:07 Image size of job updated: 3227972
	2761  -  MemoryUsage of job (MB)
	2827244  -  ResidentSetSize of job (KB)
...
006 (97170.000.000) 09/29 11:30:10 Image size of job updated: 3386404
	2761  -  MemoryUsage of job (MB)
	2827244  -  ResidentSetSize of job (KB)
...
006 (97170.000.000) 09/29 11:50:12 Image size of job updated: 3701732
	2761  -  MemoryUsage of job (MB)
	2827244  -  ResidentSetSize of job (KB)
...
006 (97170.000.000) 09/29 12:25:15 Image size of job updated: 3928388
	2919  -  MemoryUsage of job (MB)
	2988928  -  ResidentSetSize of job (KB)
...
006 (97170.000.000) 09/29 12:30:15 Image size of job updated: 5123080
	4563  -  MemoryUsage of job (MB)
	4672072  -  ResidentSetSize of job (KB)
...
005 (97170.000.000) 09/30 00:45:13 Job terminated.
	(1) Normal termination (return value 0)
		Usr 0 11:11:49, Sys 0 00:34:20  -  Run Remote Usage
		Usr 0 00:00:00, Sys 0 00:00:00  -  Run Local Usage
		Usr 0 11:11:49, Sys 0 00:34:20  -  Total Remote Usage
		Usr 0 00:00:00, Sys 0 00:00:00  -  Total Local Usage
	787589  -  Run Bytes Sent By Job
	237  -  Run Bytes Received By Job
	787589  -  Total Bytes Sent By Job
	237  -  Total Bytes Received By Job
	Partitionable Resources :    Usage  Request Allocated
	   Cpus                 :                 1         1
	   Disk (KB)            :      779        1  10479108
	   Memory (MB)          :     4563    10240     10240
...
