000 (60094.000.000) 07/31 10:18:20 Job submitted from host: <172.20.203.50:9618?addrs=172.20.203.50-9618+[--1]-9618&noUDP&sock=7405_cae4_4>
...
001 (60094.000.000) 07/31 10:18:41 Job executing on host: <10.194.1.4:9618?addrs=10.194.1.4-9618+[--1]-9618&noUDP&sock=22685_9a03_3>
...
006 (60094.000.000) 07/31 10:18:50 Image size of job updated: 48132
	48  -  MemoryUsage of job (MB)
	48132  -  ResidentSetSize of job (KB)
...
006 (60094.000.000) 07/31 10:23:51 Image size of job updated: 781188
	762  -  MemoryUsage of job (MB)
	780284  -  ResidentSetSize of job (KB)
...
004 (60094.000.000) 07/31 10:29:20 Job was evicted.
	(0) Job was not checkpointed.
		Usr 0 00:05:37, Sys 0 00:00:18  -  Run Remote Usage
		Usr 0 00:00:00, Sys 0 00:00:00  -  Run Local Usage
	0  -  Run Bytes Sent By Job
	238  -  Run Bytes Received By Job
	Partitionable Resources :    Usage  Request Allocated
	   Cpus                 :                 1         1
	   Disk (KB)            :       15        1    232397
	   Memory (MB)          :      762     1024      1024
...
009 (60094.000.000) 07/31 10:29:20 Job was aborted by the user.
	via condor_rm (by user jnugent)
...
000 (60194.000.000) 07/31 10:30:00 Job submitted from host: <172.20.203.50:9618?addrs=172.20.203.50-9618+[--1]-9618&noUDP&sock=7405_cae4_4>
...
001 (60194.000.000) 07/31 10:30:20 Job executing on host: <10.194.1.6:9618?addrs=10.194.1.6-9618+[--1]-9618&noUDP&sock=1628_4045_3>
...
006 (60194.000.000) 07/31 10:30:29 Image size of job updated: 386640
	378  -  MemoryUsage of job (MB)
	386640  -  ResidentSetSize of job (KB)
...
006 (60194.000.000) 07/31 10:40:30 Image size of job updated: 870852
	851  -  MemoryUsage of job (MB)
	870852  -  ResidentSetSize of job (KB)
...
006 (60194.000.000) 07/31 10:45:30 Image size of job updated: 944428
	923  -  MemoryUsage of job (MB)
	944428  -  ResidentSetSize of job (KB)
...
006 (60194.000.000) 07/31 10:55:32 Image size of job updated: 1284132
	1255  -  MemoryUsage of job (MB)
	1284132  -  ResidentSetSize of job (KB)
...
006 (60194.000.000) 07/31 11:00:32 Image size of job updated: 1339744
	1309  -  MemoryUsage of job (MB)
	1339744  -  ResidentSetSize of job (KB)
...
006 (60194.000.000) 07/31 11:50:38 Image size of job updated: 1504376
	1450  -  MemoryUsage of job (MB)
	1484588  -  ResidentSetSize of job (KB)
...
006 (60194.000.000) 07/31 11:55:38 Image size of job updated: 1552436
	1494  -  MemoryUsage of job (MB)
	1528944  -  ResidentSetSize of job (KB)
...
006 (60194.000.000) 07/31 12:05:39 Image size of job updated: 1807728
	1736  -  MemoryUsage of job (MB)
	1777192  -  ResidentSetSize of job (KB)
...
006 (60194.000.000) 07/31 12:10:39 Image size of job updated: 1881080
	1808  -  MemoryUsage of job (MB)
	1850544  -  ResidentSetSize of job (KB)
...
006 (60194.000.000) 07/31 12:25:41 Image size of job updated: 2024072
	1944  -  MemoryUsage of job (MB)
	1989904  -  ResidentSetSize of job (KB)
...
006 (60194.000.000) 07/31 12:40:43 Image size of job updated: 2160768
	2071  -  MemoryUsage of job (MB)
	2120388  -  ResidentSetSize of job (KB)
...
006 (60194.000.000) 07/31 12:50:44 Image size of job updated: 2196748
	2097  -  MemoryUsage of job (MB)
	2147168  -  ResidentSetSize of job (KB)
...
006 (60194.000.000) 07/31 12:55:46 Image size of job updated: 2288764
	2187  -  MemoryUsage of job (MB)
	2239196  -  ResidentSetSize of job (KB)
...
006 (60194.000.000) 07/31 13:10:19 Image size of job updated: 2797988
	2618  -  MemoryUsage of job (MB)
	2680040  -  ResidentSetSize of job (KB)
...
004 (60194.000.000) 07/31 13:10:19 Job was evicted.
	(0) Job was not checkpointed.
		Usr 0 02:30:44, Sys 0 00:06:41  -  Run Remote Usage
		Usr 0 00:00:00, Sys 0 00:00:00  -  Run Local Usage
	0  -  Run Bytes Sent By Job
	238  -  Run Bytes Received By Job
	Partitionable Resources :    Usage  Request Allocated
	   Cpus                 :                 2         2
	   Disk (KB)            :       15        1    246565
	   Memory (MB)          :     2618     4096      4096
...
009 (60194.000.000) 07/31 13:10:19 Job was aborted by the user.
	via condor_rm (by user jnugent)
...
000 (60302.000.000) 07/31 13:11:11 Job submitted from host: <172.20.203.50:9618?addrs=172.20.203.50-9618+[--1]-9618&noUDP&sock=7405_cae4_4>
...
009 (60302.000.000) 07/31 20:07:19 Job was aborted by the user.
	via condor_rm (by user jnugent)
...
000 (62097.000.000) 07/31 20:08:37 Job submitted from host: <172.20.203.50:9618?addrs=172.20.203.50-9618+[--1]-9618&noUDP&sock=7405_cae4_4>
...
001 (62097.000.000) 07/31 21:38:47 Job executing on host: <10.194.1.4:9618?addrs=10.194.1.4-9618+[--1]-9618&noUDP&sock=22685_9a03_9>
...
006 (62097.000.000) 07/31 21:38:55 Image size of job updated: 48132
	48  -  MemoryUsage of job (MB)
	48132  -  ResidentSetSize of job (KB)
...
006 (62097.000.000) 07/31 21:43:55 Image size of job updated: 370480
	362  -  MemoryUsage of job (MB)
	370480  -  ResidentSetSize of job (KB)
...
006 (62097.000.000) 07/31 21:53:57 Image size of job updated: 448508
	438  -  MemoryUsage of job (MB)
	448508  -  ResidentSetSize of job (KB)
...
006 (62097.000.000) 07/31 22:03:57 Image size of job updated: 633664
	619  -  MemoryUsage of job (MB)
	633664  -  ResidentSetSize of job (KB)
...
006 (62097.000.000) 07/31 22:08:58 Image size of job updated: 818712
	800  -  MemoryUsage of job (MB)
	818712  -  ResidentSetSize of job (KB)
...
006 (62097.000.000) 07/31 22:13:58 Image size of job updated: 853056
	834  -  MemoryUsage of job (MB)
	853028  -  ResidentSetSize of job (KB)
...
006 (62097.000.000) 07/31 22:18:58 Image size of job updated: 886228
	858  -  MemoryUsage of job (MB)
	878448  -  ResidentSetSize of job (KB)
...
006 (62097.000.000) 07/31 22:23:59 Image size of job updated: 920500
	892  -  MemoryUsage of job (MB)
	912728  -  ResidentSetSize of job (KB)
...
006 (62097.000.000) 07/31 22:28:59 Image size of job updated: 954692
	892  -  MemoryUsage of job (MB)
	912728  -  ResidentSetSize of job (KB)
...
006 (62097.000.000) 07/31 22:39:00 Image size of job updated: 982384
	910  -  MemoryUsage of job (MB)
	930956  -  ResidentSetSize of job (KB)
...
006 (62097.000.000) 07/31 22:44:01 Image size of job updated: 1016924
	945  -  MemoryUsage of job (MB)
	967068  -  ResidentSetSize of job (KB)
...
006 (62097.000.000) 07/31 22:49:01 Image size of job updated: 1048668
	967  -  MemoryUsage of job (MB)
	989948  -  ResidentSetSize of job (KB)
...
006 (62097.000.000) 07/31 22:54:02 Image size of job updated: 1088700
	978  -  MemoryUsage of job (MB)
	1001104  -  ResidentSetSize of job (KB)
...
006 (62097.000.000) 07/31 22:59:03 Image size of job updated: 1121976
	978  -  MemoryUsage of job (MB)
	1001104  -  ResidentSetSize of job (KB)
...
006 (62097.000.000) 07/31 23:04:03 Image size of job updated: 1138848
	978  -  MemoryUsage of job (MB)
	1001104  -  ResidentSetSize of job (KB)
...
006 (62097.000.000) 07/31 23:09:03 Image size of job updated: 1181932
	978  -  MemoryUsage of job (MB)
	1001104  -  ResidentSetSize of job (KB)
...
006 (62097.000.000) 07/31 23:14:04 Image size of job updated: 1425064
	1072  -  MemoryUsage of job (MB)
	1097536  -  ResidentSetSize of job (KB)
...
006 (62097.000.000) 07/31 23:19:05 Image size of job updated: 1718216
	1373  -  MemoryUsage of job (MB)
	1405584  -  ResidentSetSize of job (KB)
...
006 (62097.000.000) 07/31 23:24:05 Image size of job updated: 1719976
	1375  -  MemoryUsage of job (MB)
	1407128  -  ResidentSetSize of job (KB)
...
006 (62097.000.000) 07/31 23:49:07 Image size of job updated: 1726716
	1375  -  MemoryUsage of job (MB)
	1407128  -  ResidentSetSize of job (KB)
...
006 (62097.000.000) 07/31 23:54:08 Image size of job updated: 1753336
	1375  -  MemoryUsage of job (MB)
	1407128  -  ResidentSetSize of job (KB)
...
006 (62097.000.000) 07/31 23:59:08 Image size of job updated: 1854688
	1375  -  MemoryUsage of job (MB)
	1407128  -  ResidentSetSize of job (KB)
...
006 (62097.000.000) 08/01 00:19:10 Image size of job updated: 1859104
	1375  -  MemoryUsage of job (MB)
	1407128  -  ResidentSetSize of job (KB)
...
006 (62097.000.000) 08/01 00:24:10 Image size of job updated: 1932820
	1375  -  MemoryUsage of job (MB)
	1407128  -  ResidentSetSize of job (KB)
...
006 (62097.000.000) 08/01 00:44:12 Image size of job updated: 1932820
	1385  -  MemoryUsage of job (MB)
	1417740  -  ResidentSetSize of job (KB)
...
006 (62097.000.000) 08/01 01:39:17 Image size of job updated: 2103132
	1385  -  MemoryUsage of job (MB)
	1417740  -  ResidentSetSize of job (KB)
...
006 (62097.000.000) 08/01 02:24:23 Image size of job updated: 2146652
	1385  -  MemoryUsage of job (MB)
	1417740  -  ResidentSetSize of job (KB)
...
006 (62097.000.000) 08/01 02:44:24 Image size of job updated: 2252600
	1385  -  MemoryUsage of job (MB)
	1417740  -  ResidentSetSize of job (KB)
...
006 (62097.000.000) 08/01 03:41:12 Image size of job updated: 2322724
	1385  -  MemoryUsage of job (MB)
	1417740  -  ResidentSetSize of job (KB)
...
006 (62097.000.000) 08/01 03:46:34 Image size of job updated: 2414772
	1385  -  MemoryUsage of job (MB)
	1417740  -  ResidentSetSize of job (KB)
...
006 (62097.000.000) 08/01 03:51:35 Image size of job updated: 2431572
	1385  -  MemoryUsage of job (MB)
	1417740  -  ResidentSetSize of job (KB)
...
006 (62097.000.000) 08/01 03:56:36 Image size of job updated: 2505060
	1385  -  MemoryUsage of job (MB)
	1417740  -  ResidentSetSize of job (KB)
...
006 (62097.000.000) 08/01 04:31:39 Image size of job updated: 2505060
	1594  -  MemoryUsage of job (MB)
	1631360  -  ResidentSetSize of job (KB)
...
006 (62097.000.000) 08/01 05:01:42 Image size of job updated: 2651328
	1594  -  MemoryUsage of job (MB)
	1631360  -  ResidentSetSize of job (KB)
...
006 (62097.000.000) 08/01 05:26:45 Image size of job updated: 2872672
	1594  -  MemoryUsage of job (MB)
	1631360  -  ResidentSetSize of job (KB)
...
006 (62097.000.000) 08/01 05:31:46 Image size of job updated: 2906284
	1594  -  MemoryUsage of job (MB)
	1631360  -  ResidentSetSize of job (KB)
...
006 (62097.000.000) 08/01 06:56:55 Image size of job updated: 2973008
	1594  -  MemoryUsage of job (MB)
	1631360  -  ResidentSetSize of job (KB)
...
006 (62097.000.000) 08/01 07:01:57 Image size of job updated: 3026720
	1594  -  MemoryUsage of job (MB)
	1631360  -  ResidentSetSize of job (KB)
...
006 (62097.000.000) 08/01 07:42:00 Image size of job updated: 3130800
	1594  -  MemoryUsage of job (MB)
	1631360  -  ResidentSetSize of job (KB)
...
006 (62097.000.000) 08/01 07:47:00 Image size of job updated: 3229676
	1594  -  MemoryUsage of job (MB)
	1631360  -  ResidentSetSize of job (KB)
...
006 (62097.000.000) 08/01 07:52:01 Image size of job updated: 3394280
	1594  -  MemoryUsage of job (MB)
	1631360  -  ResidentSetSize of job (KB)
...
006 (62097.000.000) 08/01 08:32:05 Image size of job updated: 3658752
	1594  -  MemoryUsage of job (MB)
	1631360  -  ResidentSetSize of job (KB)
...
006 (62097.000.000) 08/01 08:37:05 Image size of job updated: 3990768
	1858  -  MemoryUsage of job (MB)
	1901752  -  ResidentSetSize of job (KB)
...
006 (62097.000.000) 08/01 08:42:06 Image size of job updated: 4083280
	1943  -  MemoryUsage of job (MB)
	1989112  -  ResidentSetSize of job (KB)
...
006 (62097.000.000) 08/01 08:47:06 Image size of job updated: 4120252
	1971  -  MemoryUsage of job (MB)
	2017872  -  ResidentSetSize of job (KB)
...
006 (62097.000.000) 08/01 08:52:07 Image size of job updated: 4127508
	1971  -  MemoryUsage of job (MB)
	2017872  -  ResidentSetSize of job (KB)
...
006 (62097.000.000) 08/01 08:57:07 Image size of job updated: 4139804
	1971  -  MemoryUsage of job (MB)
	2017872  -  ResidentSetSize of job (KB)
...
006 (62097.000.000) 08/01 09:02:10 Image size of job updated: 4153036
	1971  -  MemoryUsage of job (MB)
	2017872  -  ResidentSetSize of job (KB)
...
006 (62097.000.000) 08/01 09:07:09 Image size of job updated: 4162148
	1971  -  MemoryUsage of job (MB)
	2017872  -  ResidentSetSize of job (KB)
...
006 (62097.000.000) 08/01 09:12:10 Image size of job updated: 4176256
	1971  -  MemoryUsage of job (MB)
	2017872  -  ResidentSetSize of job (KB)
...
006 (62097.000.000) 08/01 09:17:48 Image size of job updated: 4190840
	1971  -  MemoryUsage of job (MB)
	2017872  -  ResidentSetSize of job (KB)
...
006 (62097.000.000) 08/01 09:22:19 Image size of job updated: 4206412
	1989  -  MemoryUsage of job (MB)
	2035816  -  ResidentSetSize of job (KB)
...
006 (62097.000.000) 08/01 09:27:13 Image size of job updated: 4222976
	1989  -  MemoryUsage of job (MB)
	2035816  -  ResidentSetSize of job (KB)
...
006 (62097.000.000) 08/01 09:32:12 Image size of job updated: 4235652
	1989  -  MemoryUsage of job (MB)
	2035816  -  ResidentSetSize of job (KB)
...
006 (62097.000.000) 08/01 09:37:12 Image size of job updated: 4262660
	2019  -  MemoryUsage of job (MB)
	2067240  -  ResidentSetSize of job (KB)
...
006 (62097.000.000) 08/01 09:42:14 Image size of job updated: 4270752
	2019  -  MemoryUsage of job (MB)
	2067240  -  ResidentSetSize of job (KB)
...
006 (62097.000.000) 08/01 09:47:20 Image size of job updated: 4284900
	2019  -  MemoryUsage of job (MB)
	2067240  -  ResidentSetSize of job (KB)
...
006 (62097.000.000) 08/01 09:52:15 Image size of job updated: 4287456
	2019  -  MemoryUsage of job (MB)
	2067240  -  ResidentSetSize of job (KB)
...
006 (62097.000.000) 08/01 09:57:32 Image size of job updated: 4308300
	2019  -  MemoryUsage of job (MB)
	2067240  -  ResidentSetSize of job (KB)
...
006 (62097.000.000) 08/01 10:02:16 Image size of job updated: 4344928
	2019  -  MemoryUsage of job (MB)
	2067240  -  ResidentSetSize of job (KB)
...
006 (62097.000.000) 08/01 10:07:23 Image size of job updated: 4386180
	2034  -  MemoryUsage of job (MB)
	2081804  -  ResidentSetSize of job (KB)
...
006 (62097.000.000) 08/01 10:12:17 Image size of job updated: 4425832
	2061  -  MemoryUsage of job (MB)
	2109688  -  ResidentSetSize of job (KB)
...
006 (62097.000.000) 08/01 10:15:12 Image size of job updated: 4443548
	2065  -  MemoryUsage of job (MB)
	2113956  -  ResidentSetSize of job (KB)
...
004 (62097.000.000) 08/01 10:15:12 Job was evicted.
	(0) Job was not checkpointed.
		Usr 0 06:46:21, Sys 0 00:15:53  -  Run Remote Usage
		Usr 0 00:00:00, Sys 0 00:00:00  -  Run Local Usage
	0  -  Run Bytes Sent By Job
	238  -  Run Bytes Received By Job
	Partitionable Resources :    Usage  Request Allocated
	   Cpus                 :                 1         1
	   Disk (KB)            :       15        1    231479
	   Memory (MB)          :     2065     1024      1024
...
009 (62097.000.000) 08/01 10:15:12 Job was aborted by the user.
	via condor_rm (by user jnugent)
...
000 (63719.000.000) 08/02 10:44:27 Job submitted from host: <172.20.203.50:9618?addrs=172.20.203.50-9618+[--1]-9618&noUDP&sock=7405_cae4_4>
...
001 (63719.000.000) 08/02 10:44:47 Job executing on host: <10.194.1.6:9618?addrs=10.194.1.6-9618+[--1]-9618&noUDP&sock=26470_cbfa_3>
...
006 (63719.000.000) 08/02 10:44:56 Image size of job updated: 46760
	46  -  MemoryUsage of job (MB)
	46760  -  ResidentSetSize of job (KB)
...
006 (63719.000.000) 08/02 10:49:57 Image size of job updated: 429804
	420  -  MemoryUsage of job (MB)
	429804  -  ResidentSetSize of job (KB)
...
006 (63719.000.000) 08/02 10:54:58 Image size of job updated: 605908
	592  -  MemoryUsage of job (MB)
	605908  -  ResidentSetSize of job (KB)
...
006 (63719.000.000) 08/02 11:09:59 Image size of job updated: 686040
	638  -  MemoryUsage of job (MB)
	652440  -  ResidentSetSize of job (KB)
...
006 (63719.000.000) 08/02 11:15:00 Image size of job updated: 697672
	641  -  MemoryUsage of job (MB)
	655732  -  ResidentSetSize of job (KB)
...
006 (63719.000.000) 08/02 11:20:00 Image size of job updated: 731336
	641  -  MemoryUsage of job (MB)
	655732  -  ResidentSetSize of job (KB)
...
006 (63719.000.000) 08/02 11:25:00 Image size of job updated: 765996
	641  -  MemoryUsage of job (MB)
	655732  -  ResidentSetSize of job (KB)
...
006 (63719.000.000) 08/02 11:30:01 Image size of job updated: 796864
	641  -  MemoryUsage of job (MB)
	655732  -  ResidentSetSize of job (KB)
...
006 (63719.000.000) 08/02 11:40:01 Image size of job updated: 959192
	641  -  MemoryUsage of job (MB)
	655732  -  ResidentSetSize of job (KB)
...
006 (63719.000.000) 08/02 11:45:02 Image size of job updated: 1004188
	840  -  MemoryUsage of job (MB)
	859236  -  ResidentSetSize of job (KB)
...
006 (63719.000.000) 08/02 11:50:03 Image size of job updated: 1004188
	840  -  MemoryUsage of job (MB)
	859300  -  ResidentSetSize of job (KB)
...
006 (63719.000.000) 08/02 11:55:03 Image size of job updated: 1004188
	897  -  MemoryUsage of job (MB)
	918044  -  ResidentSetSize of job (KB)
...
006 (63719.000.000) 08/02 12:10:05 Image size of job updated: 1087536
	897  -  MemoryUsage of job (MB)
	918044  -  ResidentSetSize of job (KB)
...
006 (63719.000.000) 08/02 12:20:05 Image size of job updated: 1128644
	897  -  MemoryUsage of job (MB)
	918044  -  ResidentSetSize of job (KB)
...
006 (63719.000.000) 08/02 12:25:06 Image size of job updated: 1204132
	897  -  MemoryUsage of job (MB)
	918044  -  ResidentSetSize of job (KB)
...
006 (63719.000.000) 08/02 12:30:07 Image size of job updated: 1655688
	897  -  MemoryUsage of job (MB)
	918044  -  ResidentSetSize of job (KB)
...
006 (63719.000.000) 08/02 13:00:10 Image size of job updated: 1655688
	922  -  MemoryUsage of job (MB)
	943144  -  ResidentSetSize of job (KB)
...
006 (63719.000.000) 08/02 13:05:10 Image size of job updated: 1686452
	1000  -  MemoryUsage of job (MB)
	1023772  -  ResidentSetSize of job (KB)
...
006 (63719.000.000) 08/02 13:10:11 Image size of job updated: 1727820
	1000  -  MemoryUsage of job (MB)
	1023804  -  ResidentSetSize of job (KB)
...
006 (63719.000.000) 08/02 13:15:11 Image size of job updated: 1811940
	1000  -  MemoryUsage of job (MB)
	1023804  -  ResidentSetSize of job (KB)
...
006 (63719.000.000) 08/02 13:30:13 Image size of job updated: 1896664
	1099  -  MemoryUsage of job (MB)
	1125160  -  ResidentSetSize of job (KB)
...
006 (63719.000.000) 08/02 13:45:14 Image size of job updated: 1896664
	1184  -  MemoryUsage of job (MB)
	1211568  -  ResidentSetSize of job (KB)
...
006 (63719.000.000) 08/02 13:50:14 Image size of job updated: 1896664
	1311  -  MemoryUsage of job (MB)
	1341476  -  ResidentSetSize of job (KB)
...
006 (63719.000.000) 08/02 14:15:16 Image size of job updated: 2013016
	1311  -  MemoryUsage of job (MB)
	1341476  -  ResidentSetSize of job (KB)
...
006 (63719.000.000) 08/02 14:20:18 Image size of job updated: 2058964
	1311  -  MemoryUsage of job (MB)
	1341476  -  ResidentSetSize of job (KB)
...
006 (63719.000.000) 08/02 14:50:20 Image size of job updated: 2107944
	1311  -  MemoryUsage of job (MB)
	1341476  -  ResidentSetSize of job (KB)
...
006 (63719.000.000) 08/02 15:00:22 Image size of job updated: 2136732
	1311  -  MemoryUsage of job (MB)
	1341476  -  ResidentSetSize of job (KB)
...
006 (63719.000.000) 08/02 15:40:26 Image size of job updated: 2188500
	1311  -  MemoryUsage of job (MB)
	1341476  -  ResidentSetSize of job (KB)
...
006 (63719.000.000) 08/02 15:50:27 Image size of job updated: 2425200
	1311  -  MemoryUsage of job (MB)
	1341476  -  ResidentSetSize of job (KB)
...
006 (63719.000.000) 08/02 17:41:41 Image size of job updated: 2609728
	1311  -  MemoryUsage of job (MB)
	1341476  -  ResidentSetSize of job (KB)
...
006 (63719.000.000) 08/02 18:01:43 Image size of job updated: 2632440
	1311  -  MemoryUsage of job (MB)
	1341476  -  ResidentSetSize of job (KB)
...
006 (63719.000.000) 08/02 18:21:45 Image size of job updated: 2926268
	1311  -  MemoryUsage of job (MB)
	1341476  -  ResidentSetSize of job (KB)
...
006 (63719.000.000) 08/02 19:31:52 Image size of job updated: 2978984
	1311  -  MemoryUsage of job (MB)
	1341476  -  ResidentSetSize of job (KB)
...
006 (63719.000.000) 08/02 19:36:54 Image size of job updated: 2988220
	1311  -  MemoryUsage of job (MB)
	1341476  -  ResidentSetSize of job (KB)
...
006 (63719.000.000) 08/02 20:01:56 Image size of job updated: 3152652
	1311  -  MemoryUsage of job (MB)
	1341476  -  ResidentSetSize of job (KB)
...
006 (63719.000.000) 08/02 20:26:59 Image size of job updated: 3240508
	1381  -  MemoryUsage of job (MB)
	1413196  -  ResidentSetSize of job (KB)
...
006 (63719.000.000) 08/02 20:31:59 Image size of job updated: 3240508
	1384  -  MemoryUsage of job (MB)
	1416224  -  ResidentSetSize of job (KB)
...
006 (63719.000.000) 08/02 20:47:01 Image size of job updated: 3362120
	1502  -  MemoryUsage of job (MB)
	1537428  -  ResidentSetSize of job (KB)
...
006 (63719.000.000) 08/02 21:07:03 Image size of job updated: 3463172
	1601  -  MemoryUsage of job (MB)
	1639036  -  ResidentSetSize of job (KB)
...
006 (63719.000.000) 08/02 21:12:03 Image size of job updated: 3709588
	1893  -  MemoryUsage of job (MB)
	1937532  -  ResidentSetSize of job (KB)
...
006 (63719.000.000) 08/02 21:17:04 Image size of job updated: 3754508
	1980  -  MemoryUsage of job (MB)
	2027356  -  ResidentSetSize of job (KB)
...
006 (63719.000.000) 08/02 21:22:05 Image size of job updated: 3820676
	2110  -  MemoryUsage of job (MB)
	2159652  -  ResidentSetSize of job (KB)
...
006 (63719.000.000) 08/02 21:27:05 Image size of job updated: 3830752
	2129  -  MemoryUsage of job (MB)
	2179784  -  ResidentSetSize of job (KB)
...
006 (63719.000.000) 08/02 21:32:06 Image size of job updated: 3859256
	2185  -  MemoryUsage of job (MB)
	2236736  -  ResidentSetSize of job (KB)
...
006 (63719.000.000) 08/02 21:37:07 Image size of job updated: 3901256
	2267  -  MemoryUsage of job (MB)
	2320716  -  ResidentSetSize of job (KB)
...
006 (63719.000.000) 08/02 21:42:07 Image size of job updated: 3975164
	2296  -  MemoryUsage of job (MB)
	2350944  -  ResidentSetSize of job (KB)
...
006 (63719.000.000) 08/02 21:47:07 Image size of job updated: 4014676
	2362  -  MemoryUsage of job (MB)
	2417892  -  ResidentSetSize of job (KB)
...
006 (63719.000.000) 08/02 21:52:08 Image size of job updated: 4042852
	2387  -  MemoryUsage of job (MB)
	2443356  -  ResidentSetSize of job (KB)
...
006 (63719.000.000) 08/02 21:57:19 Image size of job updated: 4087432
	2391  -  MemoryUsage of job (MB)
	2447532  -  ResidentSetSize of job (KB)
...
006 (63719.000.000) 08/02 22:02:09 Image size of job updated: 4133180
	2471  -  MemoryUsage of job (MB)
	2530268  -  ResidentSetSize of job (KB)
...
006 (63719.000.000) 08/02 22:07:10 Image size of job updated: 4137812
	2471  -  MemoryUsage of job (MB)
	2530268  -  ResidentSetSize of job (KB)
...
006 (63719.000.000) 08/02 22:12:11 Image size of job updated: 4183444
	2496  -  MemoryUsage of job (MB)
	2555136  -  ResidentSetSize of job (KB)
...
006 (63719.000.000) 08/02 22:17:11 Image size of job updated: 4224604
	2511  -  MemoryUsage of job (MB)
	2570280  -  ResidentSetSize of job (KB)
...
006 (63719.000.000) 08/02 22:22:11 Image size of job updated: 4280892
	2587  -  MemoryUsage of job (MB)
	2648980  -  ResidentSetSize of job (KB)
...
006 (63719.000.000) 08/02 22:27:13 Image size of job updated: 4367580
	2728  -  MemoryUsage of job (MB)
	2792756  -  ResidentSetSize of job (KB)
...
006 (63719.000.000) 08/02 22:32:13 Image size of job updated: 4374092
	2738  -  MemoryUsage of job (MB)
	2802764  -  ResidentSetSize of job (KB)
...
006 (63719.000.000) 08/02 22:37:13 Image size of job updated: 4408960
	2757  -  MemoryUsage of job (MB)
	2822336  -  ResidentSetSize of job (KB)
...
006 (63719.000.000) 08/02 22:43:33 Image size of job updated: 4490408
	2869  -  MemoryUsage of job (MB)
	2937196  -  ResidentSetSize of job (KB)
...
006 (63719.000.000) 08/02 22:47:31 Image size of job updated: 4498192
	2869  -  MemoryUsage of job (MB)
	2937196  -  ResidentSetSize of job (KB)
...
006 (63719.000.000) 08/02 22:52:31 Image size of job updated: 4516116
	2869  -  MemoryUsage of job (MB)
	2937196  -  ResidentSetSize of job (KB)
...
006 (63719.000.000) 08/02 22:57:32 Image size of job updated: 4524960
	2869  -  MemoryUsage of job (MB)
	2937196  -  ResidentSetSize of job (KB)
...
006 (63719.000.000) 08/02 23:02:33 Image size of job updated: 4539916
	2869  -  MemoryUsage of job (MB)
	2937196  -  ResidentSetSize of job (KB)
...
006 (63719.000.000) 08/02 23:07:33 Image size of job updated: 4570120
	2869  -  MemoryUsage of job (MB)
	2937196  -  ResidentSetSize of job (KB)
...
006 (63719.000.000) 08/02 23:12:33 Image size of job updated: 4601356
	2878  -  MemoryUsage of job (MB)
	2946972  -  ResidentSetSize of job (KB)
...
006 (63719.000.000) 08/02 23:20:31 Image size of job updated: 4643280
	2886  -  MemoryUsage of job (MB)
	2954516  -  ResidentSetSize of job (KB)
...
006 (63719.000.000) 08/02 23:29:34 Image size of job updated: 4672544
	2908  -  MemoryUsage of job (MB)
	2976988  -  ResidentSetSize of job (KB)
...
006 (63719.000.000) 08/02 23:36:47 Image size of job updated: 4680548
	2908  -  MemoryUsage of job (MB)
	2976988  -  ResidentSetSize of job (KB)
...
006 (63719.000.000) 08/02 23:41:48 Image size of job updated: 4694880
	2923  -  MemoryUsage of job (MB)
	2992392  -  ResidentSetSize of job (KB)
...
006 (63719.000.000) 08/02 23:46:48 Image size of job updated: 4735428
	2948  -  MemoryUsage of job (MB)
	3018296  -  ResidentSetSize of job (KB)
...
006 (63719.000.000) 08/02 23:51:48 Image size of job updated: 4748920
	2948  -  MemoryUsage of job (MB)
	3018312  -  ResidentSetSize of job (KB)
...
006 (63719.000.000) 08/02 23:56:49 Image size of job updated: 4769404
	2976  -  MemoryUsage of job (MB)
	3047232  -  ResidentSetSize of job (KB)
...
006 (63719.000.000) 08/03 00:01:54 Image size of job updated: 4800356
	3014  -  MemoryUsage of job (MB)
	3085380  -  ResidentSetSize of job (KB)
...
006 (63719.000.000) 08/03 00:06:49 Image size of job updated: 4814552
	3025  -  MemoryUsage of job (MB)
	3096580  -  ResidentSetSize of job (KB)
...
006 (63719.000.000) 08/03 00:16:49 Image size of job updated: 4818532
	3025  -  MemoryUsage of job (MB)
	3096580  -  ResidentSetSize of job (KB)
...
006 (63719.000.000) 08/03 00:21:50 Image size of job updated: 4884908
	3089  -  MemoryUsage of job (MB)
	3162368  -  ResidentSetSize of job (KB)
...
006 (63719.000.000) 08/03 00:26:50 Image size of job updated: 4960652
	3183  -  MemoryUsage of job (MB)
	3259072  -  ResidentSetSize of job (KB)
...
006 (63719.000.000) 08/03 00:31:50 Image size of job updated: 4960652
	3215  -  MemoryUsage of job (MB)
	3291352  -  ResidentSetSize of job (KB)
...
006 (63719.000.000) 08/03 00:36:51 Image size of job updated: 4960652
	3252  -  MemoryUsage of job (MB)
	3329188  -  ResidentSetSize of job (KB)
...
006 (63719.000.000) 08/03 00:41:52 Image size of job updated: 4960652
	3280  -  MemoryUsage of job (MB)
	3358668  -  ResidentSetSize of job (KB)
...
006 (63719.000.000) 08/03 01:46:59 Image size of job updated: 4960652
	3372  -  MemoryUsage of job (MB)
	3452804  -  ResidentSetSize of job (KB)
...
006 (63719.000.000) 08/03 01:52:00 Image size of job updated: 4960652
	3951  -  MemoryUsage of job (MB)
	4045100  -  ResidentSetSize of job (KB)
...
006 (63719.000.000) 08/03 01:57:00 Image size of job updated: 4960864
	4061  -  MemoryUsage of job (MB)
	4157884  -  ResidentSetSize of job (KB)
...
004 (63719.000.000) 08/03 09:45:32 Job was evicted.
	(0) Job was not checkpointed.
		Usr 0 11:20:30, Sys 0 00:28:57  -  Run Remote Usage
		Usr 0 00:00:00, Sys 0 00:00:00  -  Run Local Usage
	0  -  Run Bytes Sent By Job
	238  -  Run Bytes Received By Job
	Partitionable Resources :    Usage  Request Allocated
	   Cpus                 :                 1         1
	   Disk (KB)            :       24        1    238189
	   Memory (MB)          :     4061     1024      1024
...
009 (63719.000.000) 08/03 10:40:42 Job was aborted by the user.
	via condor_rm (by user jnugent)
...
000 (66123.000.000) 08/10 13:31:30 Job submitted from host: <172.20.203.50:9618?addrs=172.20.203.50-9618+[--1]-9618&noUDP&sock=7405_cae4_4>
...
001 (66123.000.000) 08/10 13:31:41 Job executing on host: <10.194.1.8:9618?addrs=10.194.1.8-9618+[--1]-9618&noUDP&sock=16892_15e0_3>
...
006 (66123.000.000) 08/10 13:31:49 Image size of job updated: 48128
	47  -  MemoryUsage of job (MB)
	48128  -  ResidentSetSize of job (KB)
...
006 (66123.000.000) 08/10 13:36:49 Image size of job updated: 374972
	367  -  MemoryUsage of job (MB)
	374972  -  ResidentSetSize of job (KB)
...
006 (66123.000.000) 08/10 13:46:51 Image size of job updated: 558944
	546  -  MemoryUsage of job (MB)
	558944  -  ResidentSetSize of job (KB)
...
006 (66123.000.000) 08/10 14:06:53 Image size of job updated: 702448
	686  -  MemoryUsage of job (MB)
	702448  -  ResidentSetSize of job (KB)
...
006 (66123.000.000) 08/10 14:11:54 Image size of job updated: 996332
	973  -  MemoryUsage of job (MB)
	996332  -  ResidentSetSize of job (KB)
...
006 (66123.000.000) 08/10 14:16:55 Image size of job updated: 1084716
	1049  -  MemoryUsage of job (MB)
	1073400  -  ResidentSetSize of job (KB)
...
006 (66123.000.000) 08/10 15:12:00 Image size of job updated: 1236260
	1150  -  MemoryUsage of job (MB)
	1176624  -  ResidentSetSize of job (KB)
...
006 (66123.000.000) 08/10 15:22:01 Image size of job updated: 1397180
	1307  -  MemoryUsage of job (MB)
	1337560  -  ResidentSetSize of job (KB)
...
006 (66123.000.000) 08/10 15:42:04 Image size of job updated: 1581844
	1447  -  MemoryUsage of job (MB)
	1481700  -  ResidentSetSize of job (KB)
...
006 (66123.000.000) 08/10 15:47:04 Image size of job updated: 1581844
	1466  -  MemoryUsage of job (MB)
	1500700  -  ResidentSetSize of job (KB)
...
006 (66123.000.000) 08/10 16:12:07 Image size of job updated: 1627168
	1538  -  MemoryUsage of job (MB)
	1574184  -  ResidentSetSize of job (KB)
...
006 (66123.000.000) 08/10 16:32:09 Image size of job updated: 1692668
	1602  -  MemoryUsage of job (MB)
	1639436  -  ResidentSetSize of job (KB)
...
006 (66123.000.000) 08/10 16:37:09 Image size of job updated: 1777864
	1631  -  MemoryUsage of job (MB)
	1670124  -  ResidentSetSize of job (KB)
...
006 (66123.000.000) 08/10 16:42:09 Image size of job updated: 2130212
	1976  -  MemoryUsage of job (MB)
	2022536  -  ResidentSetSize of job (KB)
...
006 (66123.000.000) 08/10 17:52:17 Image size of job updated: 2308048
	1976  -  MemoryUsage of job (MB)
	2022536  -  ResidentSetSize of job (KB)
...
006 (66123.000.000) 08/10 17:57:22 Image size of job updated: 2726576
	1976  -  MemoryUsage of job (MB)
	2022536  -  ResidentSetSize of job (KB)
...
006 (66123.000.000) 08/10 18:02:22 Image size of job updated: 2780164
	1976  -  MemoryUsage of job (MB)
	2022536  -  ResidentSetSize of job (KB)
...
006 (66123.000.000) 08/10 18:07:19 Image size of job updated: 2796128
	1976  -  MemoryUsage of job (MB)
	2022536  -  ResidentSetSize of job (KB)
...
006 (66123.000.000) 08/10 18:12:20 Image size of job updated: 2902652
	1976  -  MemoryUsage of job (MB)
	2022536  -  ResidentSetSize of job (KB)
...
006 (66123.000.000) 08/10 18:17:20 Image size of job updated: 2919388
	1976  -  MemoryUsage of job (MB)
	2022536  -  ResidentSetSize of job (KB)
...
006 (66123.000.000) 08/10 18:22:21 Image size of job updated: 2937096
	1976  -  MemoryUsage of job (MB)
	2022536  -  ResidentSetSize of job (KB)
...
006 (66123.000.000) 08/10 18:27:22 Image size of job updated: 2953072
	1976  -  MemoryUsage of job (MB)
	2022536  -  ResidentSetSize of job (KB)
...
006 (66123.000.000) 08/10 19:44:52 Image size of job updated: 3218616
	1976  -  MemoryUsage of job (MB)
	2022536  -  ResidentSetSize of job (KB)
...
022 (66123.000.000) 08/10 19:44:55 Job disconnected, attempting to reconnect
    Socket between submit and execute hosts closed unexpectedly
    Trying to reconnect to slot1_14@node008.ppe.gla.ac.uk <10.194.1.8:9618?addrs=10.194.1.8-9618+[--1]-9618&noUDP&sock=16892_15e0_3>
...
024 (66123.000.000) 08/10 20:24:55 Job reconnection failed
    Job disconnected too long: JobLeaseDuration (2400 seconds) expired
    Can not reconnect to slot1_14@node008.ppe.gla.ac.uk, rescheduling job
...
001 (66123.000.000) 08/10 20:28:00 Job executing on host: <10.194.1.81:9618?addrs=10.194.1.81-9618+[--1]-9618&noUDP&sock=1735_a4e8_3>
...
004 (66123.000.000) 08/11 17:30:18 Job was evicted.
	(0) Job was not checkpointed.
		Usr 0 01:36:09, Sys 0 00:14:26  -  Run Remote Usage
		Usr 0 00:00:00, Sys 0 00:00:00  -  Run Local Usage
	0  -  Run Bytes Sent By Job
	238  -  Run Bytes Received By Job
	Partitionable Resources :    Usage  Request Allocated
	   Cpus                 :                 1         1
	   Disk (KB)            :       16       15   2614829
	   Memory (MB)          :     2198     1024      1024
...
001 (66123.000.000) 08/11 17:31:07 Job executing on host: <10.194.1.8:9618?addrs=10.194.1.8-9618+[--1]-9618&noUDP&sock=16892_15e0_12>
...
006 (66123.000.000) 08/11 20:11:31 Image size of job updated: 3250000
	2553  -  MemoryUsage of job (MB)
	2614208  -  ResidentSetSize of job (KB)
...
006 (66123.000.000) 08/11 21:31:40 Image size of job updated: 3470884
	2636  -  MemoryUsage of job (MB)
	2698304  -  ResidentSetSize of job (KB)
...
006 (66123.000.000) 08/11 22:06:43 Image size of job updated: 3528580
	2636  -  MemoryUsage of job (MB)
	2698304  -  ResidentSetSize of job (KB)
...
006 (66123.000.000) 08/11 22:21:44 Image size of job updated: 4103608
	2882  -  MemoryUsage of job (MB)
	2950884  -  ResidentSetSize of job (KB)
...
006 (66123.000.000) 08/11 22:26:45 Image size of job updated: 4224904
	3119  -  MemoryUsage of job (MB)
	3193464  -  ResidentSetSize of job (KB)
...
006 (66123.000.000) 08/11 22:31:45 Image size of job updated: 4341576
	3347  -  MemoryUsage of job (MB)
	3426672  -  ResidentSetSize of job (KB)
...
006 (66123.000.000) 08/11 22:36:46 Image size of job updated: 4465180
	3588  -  MemoryUsage of job (MB)
	3673684  -  ResidentSetSize of job (KB)
...
006 (66123.000.000) 08/11 22:41:47 Image size of job updated: 4867920
	3588  -  MemoryUsage of job (MB)
	3673684  -  ResidentSetSize of job (KB)
...
006 (66123.000.000) 08/11 22:53:24 Image size of job updated: 5268140
	3861  -  MemoryUsage of job (MB)
	3952808  -  ResidentSetSize of job (KB)
...
006 (66123.000.000) 08/12 02:27:48 Image size of job updated: 5268140
	3945  -  MemoryUsage of job (MB)
	4038968  -  ResidentSetSize of job (KB)
...
005 (66123.000.000) 08/12 05:49:26 Job terminated.
	(1) Normal termination (return value 0)
		Usr 0 09:28:45, Sys 0 00:31:44  -  Run Remote Usage
		Usr 0 00:00:00, Sys 0 00:00:00  -  Run Local Usage
		Usr 0 09:28:45, Sys 0 00:31:44  -  Total Remote Usage
		Usr 0 00:00:00, Sys 0 00:00:00  -  Total Local Usage
	4316027  -  Run Bytes Sent By Job
	238  -  Run Bytes Received By Job
	4316027  -  Total Bytes Sent By Job
	714  -  Total Bytes Received By Job
	Partitionable Resources :    Usage  Request Allocated
	   Cpus                 :                 1         1
	   Disk (KB)            :     4226       17   2980264
	   Memory (MB)          :     3945     1024      1024
...
000 (459.000.000) 08/27 11:47:41 Job submitted from host: <194.36.1.211:9618?addrs=194.36.1.211-9618+[--1]-9618&noUDP&sock=1189_2232_3>
...
009 (459.000.000) 08/27 11:48:15 Job was aborted by the user.
	via condor_rm (by user jnugent)
...
000 (66280.000.000) 08/27 11:48:35 Job submitted from host: <172.20.203.50:9618?addrs=172.20.203.50-9618+[--1]-9618&noUDP&sock=7405_cae4_4>
...
001 (66280.000.000) 08/27 11:48:56 Job executing on host: <10.194.1.8:9618?addrs=10.194.1.8-9618+[--1]-9618&noUDP&sock=16892_15e0_12>
...
006 (66280.000.000) 08/27 11:49:04 Image size of job updated: 154948
	152  -  MemoryUsage of job (MB)
	154948  -  ResidentSetSize of job (KB)
...
006 (66280.000.000) 08/27 11:54:04 Image size of job updated: 369340
	361  -  MemoryUsage of job (MB)
	369340  -  ResidentSetSize of job (KB)
...
006 (66280.000.000) 08/27 11:59:05 Image size of job updated: 475260
	465  -  MemoryUsage of job (MB)
	475260  -  ResidentSetSize of job (KB)
...
006 (66280.000.000) 08/27 12:24:08 Image size of job updated: 647796
	633  -  MemoryUsage of job (MB)
	647796  -  ResidentSetSize of job (KB)
...
006 (66280.000.000) 08/27 12:29:08 Image size of job updated: 1010548
	987  -  MemoryUsage of job (MB)
	1010548  -  ResidentSetSize of job (KB)
...
006 (66280.000.000) 08/27 12:59:11 Image size of job updated: 1399120
	1367  -  MemoryUsage of job (MB)
	1399120  -  ResidentSetSize of job (KB)
...
006 (66280.000.000) 08/27 13:29:15 Image size of job updated: 1716056
	1676  -  MemoryUsage of job (MB)
	1716056  -  ResidentSetSize of job (KB)
...
006 (66280.000.000) 08/27 13:49:16 Image size of job updated: 1783112
	1676  -  MemoryUsage of job (MB)
	1716056  -  ResidentSetSize of job (KB)
...
006 (66280.000.000) 08/27 14:49:22 Image size of job updated: 2080588
	1676  -  MemoryUsage of job (MB)
	1716056  -  ResidentSetSize of job (KB)
...
006 (66280.000.000) 08/27 15:14:25 Image size of job updated: 2161980
	1676  -  MemoryUsage of job (MB)
	1716056  -  ResidentSetSize of job (KB)
...
006 (66280.000.000) 08/27 15:39:27 Image size of job updated: 2165000
	1676  -  MemoryUsage of job (MB)
	1716056  -  ResidentSetSize of job (KB)
...
006 (66280.000.000) 08/27 15:54:29 Image size of job updated: 2255440
	1676  -  MemoryUsage of job (MB)
	1716056  -  ResidentSetSize of job (KB)
...
006 (66280.000.000) 08/27 16:04:30 Image size of job updated: 2337212
	1676  -  MemoryUsage of job (MB)
	1716056  -  ResidentSetSize of job (KB)
...
006 (66280.000.000) 08/27 16:14:31 Image size of job updated: 2379812
	1676  -  MemoryUsage of job (MB)
	1716056  -  ResidentSetSize of job (KB)
...
006 (66280.000.000) 08/27 16:23:23 Image size of job updated: 2565936
	1676  -  MemoryUsage of job (MB)
	1716056  -  ResidentSetSize of job (KB)
...
006 (66280.000.000) 08/27 16:57:15 Image size of job updated: 2884340
	1904  -  MemoryUsage of job (MB)
	1949392  -  ResidentSetSize of job (KB)
...
022 (66280.000.000) 08/27 17:41:51 Job disconnected, attempting to reconnect
    Socket between submit and execute hosts closed unexpectedly
    Trying to reconnect to slot1_19@node008.ppe.gla.ac.uk <10.194.1.8:9618?addrs=10.194.1.8-9618+[--1]-9618&noUDP&sock=16892_15e0_12>
...
024 (66280.000.000) 08/27 17:41:51 Job reconnection failed
    Job disconnected too long: JobLeaseDuration (2400 seconds) expired
    Can not reconnect to slot1_19@node008.ppe.gla.ac.uk, rescheduling job
...
022 (66280.000.000) 08/27 17:42:24 Job disconnected, attempting to reconnect
    Socket between submit and execute hosts closed unexpectedly
    Trying to reconnect to slot1_25@node006.ppe.gla.ac.uk <10.194.1.6:9618?addrs=10.194.1.6-9618+[--1]-9618&noUDP&sock=26470_cbfa_3>
...
024 (66280.000.000) 08/27 17:42:32 Job reconnection failed
    Job not found at execution machine
    Can not reconnect to slot1_25@node006.ppe.gla.ac.uk, rescheduling job
...
022 (66280.000.000) 08/27 17:43:23 Job disconnected, attempting to reconnect
    Socket between submit and execute hosts closed unexpectedly
    Trying to reconnect to slot1_25@node006.ppe.gla.ac.uk <10.194.1.6:9618?addrs=10.194.1.6-9618+[--1]-9618&noUDP&sock=26470_cbfa_3>
...
024 (66280.000.000) 08/27 17:43:31 Job reconnection failed
    Job not found at execution machine
    Can not reconnect to slot1_25@node006.ppe.gla.ac.uk, rescheduling job
...
022 (66280.000.000) 08/27 17:43:44 Job disconnected, attempting to reconnect
    Socket between submit and execute hosts closed unexpectedly
    Trying to reconnect to slot1_25@node006.ppe.gla.ac.uk <10.194.1.6:9618?addrs=10.194.1.6-9618+[--1]-9618&noUDP&sock=26470_cbfa_3>
...
024 (66280.000.000) 08/27 17:43:52 Job reconnection failed
    Job not found at execution machine
    Can not reconnect to slot1_25@node006.ppe.gla.ac.uk, rescheduling job
...
022 (66280.000.000) 08/27 17:44:41 Job disconnected, attempting to reconnect
    Socket between submit and execute hosts closed unexpectedly
    Trying to reconnect to slot1_12@node006.ppe.gla.ac.uk <10.194.1.6:9618?addrs=10.194.1.6-9618+[--1]-9618&noUDP&sock=26470_cbfa_3>
...
024 (66280.000.000) 08/27 17:44:49 Job reconnection failed
    Job not found at execution machine
    Can not reconnect to slot1_12@node006.ppe.gla.ac.uk, rescheduling job
...
001 (66280.000.000) 08/27 17:45:42 Job executing on host: <10.194.1.8:9618?addrs=10.194.1.8-9618+[--1]-9618&noUDP&sock=18553_64af_3>
...
022 (66280.000.000) 08/28 02:48:08 Job disconnected, attempting to reconnect
    Socket between submit and execute hosts closed unexpectedly
    Trying to reconnect to slot1_33@node008.ppe.gla.ac.uk <10.194.1.8:9618?addrs=10.194.1.8-9618+[--1]-9618&noUDP&sock=18553_64af_3>
...
024 (66280.000.000) 08/28 03:28:08 Job reconnection failed
    Job disconnected too long: JobLeaseDuration (2400 seconds) expired
    Can not reconnect to slot1_33@node008.ppe.gla.ac.uk, rescheduling job
...
001 (66280.000.000) 08/28 03:33:23 Job executing on host: <10.194.1.8:9618?addrs=10.194.1.8-9618+[--1]-9618&noUDP&sock=18553_64af_6>
...
006 (66280.000.000) 08/28 05:48:44 Image size of job updated: 3000000
	2001  -  MemoryUsage of job (MB)
	2048312  -  ResidentSetSize of job (KB)
...
006 (66280.000.000) 08/28 05:53:45 Image size of job updated: 3000000
	2182  -  MemoryUsage of job (MB)
	2233904  -  ResidentSetSize of job (KB)
...
006 (66280.000.000) 08/28 06:03:46 Image size of job updated: 3000000
	2424  -  MemoryUsage of job (MB)
	2481548  -  ResidentSetSize of job (KB)
...
006 (66280.000.000) 08/28 06:23:48 Image size of job updated: 3000000
	2718  -  MemoryUsage of job (MB)
	2782384  -  ResidentSetSize of job (KB)
...
006 (66280.000.000) 08/28 06:48:51 Image size of job updated: 3000000
	2819  -  MemoryUsage of job (MB)
	2885992  -  ResidentSetSize of job (KB)
...
006 (66280.000.000) 08/28 06:58:52 Image size of job updated: 3097612
	2931  -  MemoryUsage of job (MB)
	3000648  -  ResidentSetSize of job (KB)
...
006 (66280.000.000) 08/28 07:03:53 Image size of job updated: 3163116
	2931  -  MemoryUsage of job (MB)
	3000648  -  ResidentSetSize of job (KB)
...
006 (66280.000.000) 08/28 07:28:55 Image size of job updated: 3242644
	2952  -  MemoryUsage of job (MB)
	3022312  -  ResidentSetSize of job (KB)
...
006 (66280.000.000) 08/28 07:33:56 Image size of job updated: 3284100
	2989  -  MemoryUsage of job (MB)
	3060412  -  ResidentSetSize of job (KB)
...
006 (66280.000.000) 08/28 07:38:57 Image size of job updated: 3340800
	3045  -  MemoryUsage of job (MB)
	3117204  -  ResidentSetSize of job (KB)
...
006 (66280.000.000) 08/28 07:53:59 Image size of job updated: 3771960
	3435  -  MemoryUsage of job (MB)
	3516964  -  ResidentSetSize of job (KB)
...
005 (66280.000.000) 08/28 13:36:10 Job terminated.
	(1) Normal termination (return value 0)
		Usr 0 08:31:18, Sys 0 00:22:03  -  Run Remote Usage
		Usr 0 00:00:00, Sys 0 00:00:00  -  Run Local Usage
		Usr 0 08:31:18, Sys 0 00:22:03  -  Total Remote Usage
		Usr 0 00:00:00, Sys 0 00:00:00  -  Total Local Usage
	4299197  -  Run Bytes Sent By Job
	238  -  Run Bytes Received By Job
	4299197  -  Total Bytes Sent By Job
	714  -  Total Bytes Received By Job
	Partitionable Resources :    Usage  Request Allocated
	   Cpus                 :                 1         1
	   Disk (KB)            :     4209       17  10479086
	   Memory (MB)          :     3435     1024      1024
...
000 (580.000.000) 08/28 17:54:01 Job submitted from host: <194.36.1.211:9618?addrs=194.36.1.211-9618+[--1]-9618&noUDP&sock=1189_2232_3>
...
009 (580.000.000) 08/28 17:54:57 Job was aborted by the user.
	via condor_rm (by user jnugent)
...
000 (66403.000.000) 08/28 17:55:41 Job submitted from host: <172.20.203.50:9618?addrs=172.20.203.50-9618+[--1]-9618&noUDP&sock=7405_cae4_4>
...
022 (66403.000.000) 08/28 17:55:54 Job disconnected, attempting to reconnect
    Socket between submit and execute hosts closed unexpectedly
    Trying to reconnect to slot1_26@node006.ppe.gla.ac.uk <10.194.1.6:9618?addrs=10.194.1.6-9618+[--1]-9618&noUDP&sock=26470_cbfa_3>
...
024 (66403.000.000) 08/28 17:56:02 Job reconnection failed
    Job not found at execution machine
    Can not reconnect to slot1_26@node006.ppe.gla.ac.uk, rescheduling job
...
022 (66403.000.000) 08/28 17:56:52 Job disconnected, attempting to reconnect
    Socket between submit and execute hosts closed unexpectedly
    Trying to reconnect to slot1_3@node006.ppe.gla.ac.uk <10.194.1.6:9618?addrs=10.194.1.6-9618+[--1]-9618&noUDP&sock=26470_cbfa_3>
...
024 (66403.000.000) 08/28 17:56:52 Job reconnection failed
    Job not found at execution machine
    Can not reconnect to slot1_3@node006.ppe.gla.ac.uk, rescheduling job
...
022 (66403.000.000) 08/28 17:56:52 Job disconnected, attempting to reconnect
    Socket between submit and execute hosts closed unexpectedly
    Trying to reconnect to slot1_3@node006.ppe.gla.ac.uk <10.194.1.6:9618?addrs=10.194.1.6-9618+[--1]-9618&noUDP&sock=26470_cbfa_3>
...
024 (66403.000.000) 08/28 17:56:52 Job reconnection failed
    Job not found at execution machine
    Can not reconnect to slot1_3@node006.ppe.gla.ac.uk, rescheduling job
...
022 (66403.000.000) 08/28 17:56:52 Job disconnected, attempting to reconnect
    Socket between submit and execute hosts closed unexpectedly
    Trying to reconnect to slot1_3@node006.ppe.gla.ac.uk <10.194.1.6:9618?addrs=10.194.1.6-9618+[--1]-9618&noUDP&sock=26470_cbfa_3>
...
024 (66403.000.000) 08/28 17:57:00 Job reconnection failed
    Job not found at execution machine
    Can not reconnect to slot1_3@node006.ppe.gla.ac.uk, rescheduling job
...
009 (66403.000.000) 08/28 17:57:00 Job was aborted by the user.
	via condor_rm (by user jnugent)
...
000 (66503.000.000) 08/28 17:59:37 Job submitted from host: <172.20.203.50:9618?addrs=172.20.203.50-9618+[--1]-9618&noUDP&sock=7405_cae4_4>
...
022 (66503.000.000) 08/28 17:59:55 Job disconnected, attempting to reconnect
    Socket between submit and execute hosts closed unexpectedly
    Trying to reconnect to slot1_13@node006.ppe.gla.ac.uk <10.194.1.6:9618?addrs=10.194.1.6-9618+[--1]-9618&noUDP&sock=26470_cbfa_3>
...
024 (66503.000.000) 08/28 18:00:03 Job reconnection failed
    Job not found at execution machine
    Can not reconnect to slot1_13@node006.ppe.gla.ac.uk, rescheduling job
...
001 (66503.000.000) 08/28 18:00:16 Job executing on host: <10.194.1.8:9618?addrs=10.194.1.8-9618+[--1]-9618&noUDP&sock=18553_64af_6>
...
006 (66503.000.000) 08/28 18:00:24 Image size of job updated: 322784
	316  -  MemoryUsage of job (MB)
	322784  -  ResidentSetSize of job (KB)
...
006 (66503.000.000) 08/28 18:05:24 Image size of job updated: 506704
	495  -  MemoryUsage of job (MB)
	506704  -  ResidentSetSize of job (KB)
...
006 (66503.000.000) 08/28 18:10:25 Image size of job updated: 603140
	590  -  MemoryUsage of job (MB)
	603140  -  ResidentSetSize of job (KB)
...
006 (66503.000.000) 08/28 18:15:25 Image size of job updated: 641508
	627  -  MemoryUsage of job (MB)
	641508  -  ResidentSetSize of job (KB)
...
006 (66503.000.000) 08/28 18:25:26 Image size of job updated: 643660
	629  -  MemoryUsage of job (MB)
	643660  -  ResidentSetSize of job (KB)
...
006 (66503.000.000) 08/28 18:35:27 Image size of job updated: 716576
	700  -  MemoryUsage of job (MB)
	716576  -  ResidentSetSize of job (KB)
...
006 (66503.000.000) 08/28 18:40:28 Image size of job updated: 746820
	730  -  MemoryUsage of job (MB)
	746820  -  ResidentSetSize of job (KB)
...
006 (66503.000.000) 08/28 18:50:29 Image size of job updated: 851892
	832  -  MemoryUsage of job (MB)
	851892  -  ResidentSetSize of job (KB)
...
006 (66503.000.000) 08/28 18:55:29 Image size of job updated: 952096
	930  -  MemoryUsage of job (MB)
	952096  -  ResidentSetSize of job (KB)
...
006 (66503.000.000) 08/28 19:20:32 Image size of job updated: 1155904
	1129  -  MemoryUsage of job (MB)
	1155904  -  ResidentSetSize of job (KB)
...
006 (66503.000.000) 08/28 19:30:33 Image size of job updated: 1205564
	1178  -  MemoryUsage of job (MB)
	1205564  -  ResidentSetSize of job (KB)
...
006 (66503.000.000) 08/28 19:35:34 Image size of job updated: 1223384
	1195  -  MemoryUsage of job (MB)
	1223384  -  ResidentSetSize of job (KB)
...
006 (66503.000.000) 08/28 19:40:34 Image size of job updated: 1230896
	1203  -  MemoryUsage of job (MB)
	1230896  -  ResidentSetSize of job (KB)
...
006 (66503.000.000) 08/28 19:45:35 Image size of job updated: 1347880
	1317  -  MemoryUsage of job (MB)
	1347880  -  ResidentSetSize of job (KB)
...
006 (66503.000.000) 08/28 20:05:37 Image size of job updated: 1391532
	1359  -  MemoryUsage of job (MB)
	1391532  -  ResidentSetSize of job (KB)
...
006 (66503.000.000) 08/28 20:20:38 Image size of job updated: 1409612
	1377  -  MemoryUsage of job (MB)
	1409612  -  ResidentSetSize of job (KB)
...
006 (66503.000.000) 08/28 20:30:39 Image size of job updated: 1617304
	1580  -  MemoryUsage of job (MB)
	1617304  -  ResidentSetSize of job (KB)
...
006 (66503.000.000) 08/28 20:35:40 Image size of job updated: 1617304
	1584  -  MemoryUsage of job (MB)
	1621244  -  ResidentSetSize of job (KB)
...
006 (66503.000.000) 08/28 20:40:41 Image size of job updated: 1669228
	1631  -  MemoryUsage of job (MB)
	1669228  -  ResidentSetSize of job (KB)
...
006 (66503.000.000) 08/28 21:20:44 Image size of job updated: 1814712
	1773  -  MemoryUsage of job (MB)
	1814712  -  ResidentSetSize of job (KB)
...
006 (66503.000.000) 08/28 21:35:45 Image size of job updated: 1910860
	1867  -  MemoryUsage of job (MB)
	1910860  -  ResidentSetSize of job (KB)
...
006 (66503.000.000) 08/28 21:55:47 Image size of job updated: 2072584
	2025  -  MemoryUsage of job (MB)
	2072580  -  ResidentSetSize of job (KB)
...
006 (66503.000.000) 08/28 22:51:27 Image size of job updated: 2195864
	2025  -  MemoryUsage of job (MB)
	2072580  -  ResidentSetSize of job (KB)
...
006 (66503.000.000) 08/28 23:32:10 Image size of job updated: 2277772
	2025  -  MemoryUsage of job (MB)
	2072580  -  ResidentSetSize of job (KB)
...
006 (66503.000.000) 08/29 00:26:55 Image size of job updated: 3014564
	2025  -  MemoryUsage of job (MB)
	2072580  -  ResidentSetSize of job (KB)
...
006 (66503.000.000) 08/29 00:36:57 Image size of job updated: 3083572
	2025  -  MemoryUsage of job (MB)
	2072580  -  ResidentSetSize of job (KB)
...
006 (66503.000.000) 08/29 00:46:57 Image size of job updated: 3217632
	2025  -  MemoryUsage of job (MB)
	2072580  -  ResidentSetSize of job (KB)
...
006 (66503.000.000) 08/29 01:12:01 Image size of job updated: 3240688
	2025  -  MemoryUsage of job (MB)
	2072580  -  ResidentSetSize of job (KB)
...
006 (66503.000.000) 08/29 01:52:04 Image size of job updated: 3508252
	2025  -  MemoryUsage of job (MB)
	2072580  -  ResidentSetSize of job (KB)
...
006 (66503.000.000) 08/29 02:42:09 Image size of job updated: 3516900
	2025  -  MemoryUsage of job (MB)
	2072580  -  ResidentSetSize of job (KB)
...
006 (66503.000.000) 08/29 02:57:11 Image size of job updated: 3722944
	2025  -  MemoryUsage of job (MB)
	2072580  -  ResidentSetSize of job (KB)
...
006 (66503.000.000) 08/29 03:02:11 Image size of job updated: 3793092
	2025  -  MemoryUsage of job (MB)
	2072580  -  ResidentSetSize of job (KB)
...
006 (66503.000.000) 08/29 03:22:14 Image size of job updated: 3915212
	2025  -  MemoryUsage of job (MB)
	2072580  -  ResidentSetSize of job (KB)
...
006 (66503.000.000) 08/29 03:32:15 Image size of job updated: 3992668
	2025  -  MemoryUsage of job (MB)
	2072580  -  ResidentSetSize of job (KB)
...
006 (66503.000.000) 08/29 03:52:17 Image size of job updated: 4107000
	2025  -  MemoryUsage of job (MB)
	2072580  -  ResidentSetSize of job (KB)
...
006 (66503.000.000) 08/29 04:22:20 Image size of job updated: 4127764
	2025  -  MemoryUsage of job (MB)
	2072580  -  ResidentSetSize of job (KB)
...
006 (66503.000.000) 08/29 05:02:23 Image size of job updated: 4981600
	2776  -  MemoryUsage of job (MB)
	2842064  -  ResidentSetSize of job (KB)
...
006 (66503.000.000) 08/29 06:17:32 Image size of job updated: 5113796
	2920  -  MemoryUsage of job (MB)
	2989436  -  ResidentSetSize of job (KB)
...
006 (66503.000.000) 08/29 06:47:36 Image size of job updated: 5184332
	2989  -  MemoryUsage of job (MB)
	3059832  -  ResidentSetSize of job (KB)
...
006 (66503.000.000) 08/29 07:22:39 Image size of job updated: 5489728
	3188  -  MemoryUsage of job (MB)
	3264408  -  ResidentSetSize of job (KB)
...
006 (66503.000.000) 08/29 07:47:48 Image size of job updated: 5607644
	3303  -  MemoryUsage of job (MB)
	3381960  -  ResidentSetSize of job (KB)
...
006 (66503.000.000) 08/29 08:12:44 Image size of job updated: 5613388
	3307  -  MemoryUsage of job (MB)
	3385860  -  ResidentSetSize of job (KB)
...
006 (66503.000.000) 08/29 08:27:45 Image size of job updated: 5666692
	3359  -  MemoryUsage of job (MB)
	3439400  -  ResidentSetSize of job (KB)
...
006 (66503.000.000) 08/29 08:57:48 Image size of job updated: 5739908
	3431  -  MemoryUsage of job (MB)
	3512740  -  ResidentSetSize of job (KB)
...
006 (66503.000.000) 08/29 20:09:17 Image size of job updated: 5812500
	3431  -  MemoryUsage of job (MB)
	3512740  -  ResidentSetSize of job (KB)
...
006 (66503.000.000) 08/29 20:14:10 Image size of job updated: 5934368
	3449  -  MemoryUsage of job (MB)
	3531484  -  ResidentSetSize of job (KB)
...
006 (66503.000.000) 08/29 20:25:34 Image size of job updated: 5966308
	3455  -  MemoryUsage of job (MB)
	3537500  -  ResidentSetSize of job (KB)
...
006 (66503.000.000) 08/29 20:47:45 Image size of job updated: 6191436
	3667  -  MemoryUsage of job (MB)
	3754080  -  ResidentSetSize of job (KB)
...
006 (66503.000.000) 08/29 23:05:19 Image size of job updated: 6355100
	3837  -  MemoryUsage of job (MB)
	3928144  -  ResidentSetSize of job (KB)
...
006 (66503.000.000) 08/30 00:22:55 Image size of job updated: 6355100
	3848  -  MemoryUsage of job (MB)
	3940208  -  ResidentSetSize of job (KB)
...
022 (66503.000.000) 08/30 01:08:46 Job disconnected, attempting to reconnect
    Socket between submit and execute hosts closed unexpectedly
    Trying to reconnect to slot1_40@node008.ppe.gla.ac.uk <10.194.1.8:9618?addrs=10.194.1.8-9618+[--1]-9618&noUDP&sock=18553_64af_6>
...
024 (66503.000.000) 08/30 01:48:46 Job reconnection failed
    Job disconnected too long: JobLeaseDuration (2400 seconds) expired
    Can not reconnect to slot1_40@node008.ppe.gla.ac.uk, rescheduling job
...
022 (66503.000.000) 08/30 01:54:40 Job disconnected, attempting to reconnect
    Socket between submit and execute hosts closed unexpectedly
    Trying to reconnect to slot1_5@node006.ppe.gla.ac.uk <10.194.1.6:9618?addrs=10.194.1.6-9618+[--1]-9618&noUDP&sock=26470_cbfa_3>
...
024 (66503.000.000) 08/30 01:54:48 Job reconnection failed
    Job not found at execution machine
    Can not reconnect to slot1_5@node006.ppe.gla.ac.uk, rescheduling job
...
022 (66503.000.000) 08/30 01:55:39 Job disconnected, attempting to reconnect
    Socket between submit and execute hosts closed unexpectedly
    Trying to reconnect to slot1_3@node006.ppe.gla.ac.uk <10.194.1.6:9618?addrs=10.194.1.6-9618+[--1]-9618&noUDP&sock=26470_cbfa_3>
...
024 (66503.000.000) 08/30 01:55:47 Job reconnection failed
    Job not found at execution machine
    Can not reconnect to slot1_3@node006.ppe.gla.ac.uk, rescheduling job
...
022 (66503.000.000) 08/30 01:56:39 Job disconnected, attempting to reconnect
    Socket between submit and execute hosts closed unexpectedly
    Trying to reconnect to slot1_2@node006.ppe.gla.ac.uk <10.194.1.6:9618?addrs=10.194.1.6-9618+[--1]-9618&noUDP&sock=26470_cbfa_3>
...
024 (66503.000.000) 08/30 01:56:47 Job reconnection failed
    Job not found at execution machine
    Can not reconnect to slot1_2@node006.ppe.gla.ac.uk, rescheduling job
...
022 (66503.000.000) 08/30 01:57:20 Job disconnected, attempting to reconnect
    Socket between submit and execute hosts closed unexpectedly
    Trying to reconnect to slot1_1@node006.ppe.gla.ac.uk <10.194.1.6:9618?addrs=10.194.1.6-9618+[--1]-9618&noUDP&sock=26470_cbfa_3>
...
024 (66503.000.000) 08/30 01:57:28 Job reconnection failed
    Job not found at execution machine
    Can not reconnect to slot1_1@node006.ppe.gla.ac.uk, rescheduling job
...
001 (66503.000.000) 08/30 01:58:21 Job executing on host: <10.194.1.8:9618?addrs=10.194.1.8-9618+[--1]-9618&noUDP&sock=5976_9e0e_3>
...
005 (66503.000.000) 08/30 15:23:25 Job terminated.
	(1) Normal termination (return value 135)
		Usr 0 09:41:36, Sys 0 00:21:39  -  Run Remote Usage
		Usr 0 00:00:00, Sys 0 00:00:00  -  Run Local Usage
		Usr 0 09:41:36, Sys 0 00:21:39  -  Total Remote Usage
		Usr 0 00:00:00, Sys 0 00:00:00  -  Total Local Usage
	168961  -  Run Bytes Sent By Job
	238  -  Run Bytes Received By Job
	168961  -  Total Bytes Sent By Job
	476  -  Total Bytes Received By Job
	Partitionable Resources :    Usage  Request Allocated
	   Cpus                 :                 1         1
	   Disk (KB)            :     4000     4000  10479108
	   Memory (MB)          :     3907     1024      1024
...
