000 (96822.000.000) 09/23 16:58:47 Job submitted from host: <172.20.203.50:9618?addrs=172.20.203.50-9618+[--1]-9618&noUDP&sock=7405_cae4_4>
...
001 (96822.000.000) 09/23 16:58:56 Job executing on host: <10.194.1.4:9618?addrs=10.194.1.4-9618+[--1]-9618&noUDP&sock=21589_d637_3>
...
006 (96822.000.000) 09/23 16:59:05 Image size of job updated: 56612
	54  -  MemoryUsage of job (MB)
	54340  -  ResidentSetSize of job (KB)
...
006 (96822.000.000) 09/23 17:04:06 Image size of job updated: 921432
	898  -  MemoryUsage of job (MB)
	919160  -  ResidentSetSize of job (KB)
...
006 (96822.000.000) 09/23 17:39:10 Image size of job updated: 1100496
	1073  -  MemoryUsage of job (MB)
	1098224  -  ResidentSetSize of job (KB)
...
006 (96822.000.000) 09/23 18:04:14 Image size of job updated: 1243996
	1213  -  MemoryUsage of job (MB)
	1241724  -  ResidentSetSize of job (KB)
...
006 (96822.000.000) 09/23 18:19:15 Image size of job updated: 1514724
	1477  -  MemoryUsage of job (MB)
	1512444  -  ResidentSetSize of job (KB)
...
006 (96822.000.000) 09/23 18:29:17 Image size of job updated: 1586712
	1477  -  MemoryUsage of job (MB)
	1512444  -  ResidentSetSize of job (KB)
...
006 (96822.000.000) 09/23 18:34:17 Image size of job updated: 1685628
	1477  -  MemoryUsage of job (MB)
	1512444  -  ResidentSetSize of job (KB)
...
006 (96822.000.000) 09/23 18:39:17 Image size of job updated: 1856532
	1477  -  MemoryUsage of job (MB)
	1512444  -  ResidentSetSize of job (KB)
...
006 (96822.000.000) 09/23 19:14:21 Image size of job updated: 2102800
	1645  -  MemoryUsage of job (MB)
	1683628  -  ResidentSetSize of job (KB)
...
006 (96822.000.000) 09/23 19:39:23 Image size of job updated: 2166468
	1645  -  MemoryUsage of job (MB)
	1683628  -  ResidentSetSize of job (KB)
...
006 (96822.000.000) 09/23 19:49:26 Image size of job updated: 2444456
	1645  -  MemoryUsage of job (MB)
	1683628  -  ResidentSetSize of job (KB)
...
006 (96822.000.000) 09/23 20:14:29 Image size of job updated: 2448512
	1645  -  MemoryUsage of job (MB)
	1683628  -  ResidentSetSize of job (KB)
...
006 (96822.000.000) 09/23 20:24:29 Image size of job updated: 2540324
	1645  -  MemoryUsage of job (MB)
	1683628  -  ResidentSetSize of job (KB)
...
006 (96822.000.000) 09/23 20:29:30 Image size of job updated: 2578620
	1645  -  MemoryUsage of job (MB)
	1683628  -  ResidentSetSize of job (KB)
...
006 (96822.000.000) 09/23 20:34:31 Image size of job updated: 2604820
	1645  -  MemoryUsage of job (MB)
	1683628  -  ResidentSetSize of job (KB)
...
006 (96822.000.000) 09/23 20:39:32 Image size of job updated: 2613528
	1645  -  MemoryUsage of job (MB)
	1683628  -  ResidentSetSize of job (KB)
...
006 (96822.000.000) 09/23 20:44:32 Image size of job updated: 2617992
	1645  -  MemoryUsage of job (MB)
	1683628  -  ResidentSetSize of job (KB)
...
006 (96822.000.000) 09/23 20:49:32 Image size of job updated: 2638720
	1645  -  MemoryUsage of job (MB)
	1683628  -  ResidentSetSize of job (KB)
...
006 (96822.000.000) 09/23 20:54:33 Image size of job updated: 2644488
	1645  -  MemoryUsage of job (MB)
	1683628  -  ResidentSetSize of job (KB)
...
006 (96822.000.000) 09/23 20:59:34 Image size of job updated: 2646528
	1645  -  MemoryUsage of job (MB)
	1683628  -  ResidentSetSize of job (KB)
...
006 (96822.000.000) 09/23 21:04:35 Image size of job updated: 2675192
	1645  -  MemoryUsage of job (MB)
	1683628  -  ResidentSetSize of job (KB)
...
006 (96822.000.000) 09/23 21:09:35 Image size of job updated: 2747280
	1645  -  MemoryUsage of job (MB)
	1683628  -  ResidentSetSize of job (KB)
...
006 (96822.000.000) 09/23 21:14:35 Image size of job updated: 2784372
	1645  -  MemoryUsage of job (MB)
	1683628  -  ResidentSetSize of job (KB)
...
006 (96822.000.000) 09/23 21:19:36 Image size of job updated: 2883880
	1645  -  MemoryUsage of job (MB)
	1683628  -  ResidentSetSize of job (KB)
...
006 (96822.000.000) 09/23 21:24:37 Image size of job updated: 2954204
	1645  -  MemoryUsage of job (MB)
	1683628  -  ResidentSetSize of job (KB)
...
006 (96822.000.000) 09/23 21:29:37 Image size of job updated: 3034720
	1645  -  MemoryUsage of job (MB)
	1683628  -  ResidentSetSize of job (KB)
...
006 (96822.000.000) 09/23 21:34:58 Image size of job updated: 3044628
	1645  -  MemoryUsage of job (MB)
	1683628  -  ResidentSetSize of job (KB)
...
006 (96822.000.000) 09/23 21:44:39 Image size of job updated: 3146228
	1645  -  MemoryUsage of job (MB)
	1683628  -  ResidentSetSize of job (KB)
...
006 (96822.000.000) 09/23 22:09:42 Image size of job updated: 3146228
	1803  -  MemoryUsage of job (MB)
	1846256  -  ResidentSetSize of job (KB)
...
006 (96822.000.000) 09/23 22:39:44 Image size of job updated: 3146228
	1829  -  MemoryUsage of job (MB)
	1872032  -  ResidentSetSize of job (KB)
...
006 (96822.000.000) 09/24 00:04:53 Image size of job updated: 3325884
	1829  -  MemoryUsage of job (MB)
	1872032  -  ResidentSetSize of job (KB)
...
006 (96822.000.000) 09/24 00:49:58 Image size of job updated: 3418400
	1829  -  MemoryUsage of job (MB)
	1872032  -  ResidentSetSize of job (KB)
...
006 (96822.000.000) 09/24 01:05:00 Image size of job updated: 3443668
	1829  -  MemoryUsage of job (MB)
	1872032  -  ResidentSetSize of job (KB)
...
006 (96822.000.000) 09/24 01:10:00 Image size of job updated: 3911828
	1829  -  MemoryUsage of job (MB)
	1872032  -  ResidentSetSize of job (KB)
...
006 (96822.000.000) 09/24 01:15:00 Image size of job updated: 3946056
	1829  -  MemoryUsage of job (MB)
	1872032  -  ResidentSetSize of job (KB)
...
006 (96822.000.000) 09/24 01:20:01 Image size of job updated: 3989792
	1829  -  MemoryUsage of job (MB)
	1872032  -  ResidentSetSize of job (KB)
...
006 (96822.000.000) 09/24 01:25:03 Image size of job updated: 4030428
	1829  -  MemoryUsage of job (MB)
	1872032  -  ResidentSetSize of job (KB)
...
006 (96822.000.000) 09/24 01:30:03 Image size of job updated: 4076028
	1829  -  MemoryUsage of job (MB)
	1872032  -  ResidentSetSize of job (KB)
...
006 (96822.000.000) 09/24 01:35:03 Image size of job updated: 4094964
	1829  -  MemoryUsage of job (MB)
	1872032  -  ResidentSetSize of job (KB)
...
006 (96822.000.000) 09/24 01:40:03 Image size of job updated: 4161584
	1829  -  MemoryUsage of job (MB)
	1872032  -  ResidentSetSize of job (KB)
...
006 (96822.000.000) 09/24 01:45:04 Image size of job updated: 4244776
	1901  -  MemoryUsage of job (MB)
	1946032  -  ResidentSetSize of job (KB)
...
006 (96822.000.000) 09/24 01:50:05 Image size of job updated: 4325224
	1991  -  MemoryUsage of job (MB)
	2038424  -  ResidentSetSize of job (KB)
...
006 (96822.000.000) 09/24 01:55:05 Image size of job updated: 4350740
	2016  -  MemoryUsage of job (MB)
	2063764  -  ResidentSetSize of job (KB)
...
006 (96822.000.000) 09/24 02:00:46 Image size of job updated: 4429524
	2113  -  MemoryUsage of job (MB)
	2163652  -  ResidentSetSize of job (KB)
...
006 (96822.000.000) 09/24 02:05:06 Image size of job updated: 4473688
	2186  -  MemoryUsage of job (MB)
	2237884  -  ResidentSetSize of job (KB)
...
006 (96822.000.000) 09/24 02:10:06 Image size of job updated: 4510420
	2216  -  MemoryUsage of job (MB)
	2268480  -  ResidentSetSize of job (KB)
...
006 (96822.000.000) 09/24 02:15:06 Image size of job updated: 4561844
	2216  -  MemoryUsage of job (MB)
	2268480  -  ResidentSetSize of job (KB)
...
006 (96822.000.000) 09/24 02:20:07 Image size of job updated: 4594884
	2216  -  MemoryUsage of job (MB)
	2268480  -  ResidentSetSize of job (KB)
...
006 (96822.000.000) 09/24 02:25:20 Image size of job updated: 4642448
	2224  -  MemoryUsage of job (MB)
	2276632  -  ResidentSetSize of job (KB)
...
006 (96822.000.000) 09/24 02:30:08 Image size of job updated: 4678372
	2224  -  MemoryUsage of job (MB)
	2276632  -  ResidentSetSize of job (KB)
...
006 (96822.000.000) 09/24 02:35:08 Image size of job updated: 4702592
	2224  -  MemoryUsage of job (MB)
	2276632  -  ResidentSetSize of job (KB)
...
006 (96822.000.000) 09/24 02:40:08 Image size of job updated: 4730372
	2232  -  MemoryUsage of job (MB)
	2285484  -  ResidentSetSize of job (KB)
...
006 (96822.000.000) 09/24 02:45:16 Image size of job updated: 4755164
	2251  -  MemoryUsage of job (MB)
	2304468  -  ResidentSetSize of job (KB)
...
006 (96822.000.000) 09/24 02:50:09 Image size of job updated: 4782912
	2280  -  MemoryUsage of job (MB)
	2333952  -  ResidentSetSize of job (KB)
...
006 (96822.000.000) 09/24 02:55:46 Image size of job updated: 4807304
	2303  -  MemoryUsage of job (MB)
	2357668  -  ResidentSetSize of job (KB)
...
006 (96822.000.000) 09/24 03:00:09 Image size of job updated: 4824384
	2326  -  MemoryUsage of job (MB)
	2380948  -  ResidentSetSize of job (KB)
...
006 (96822.000.000) 09/24 03:05:21 Image size of job updated: 4844084
	2339  -  MemoryUsage of job (MB)
	2394524  -  ResidentSetSize of job (KB)
...
006 (96822.000.000) 09/24 03:10:10 Image size of job updated: 4853316
	2339  -  MemoryUsage of job (MB)
	2394672  -  ResidentSetSize of job (KB)
...
006 (96822.000.000) 09/24 03:15:11 Image size of job updated: 4871912
	2339  -  MemoryUsage of job (MB)
	2394672  -  ResidentSetSize of job (KB)
...
006 (96822.000.000) 09/24 03:20:12 Image size of job updated: 4897724
	2339  -  MemoryUsage of job (MB)
	2394672  -  ResidentSetSize of job (KB)
...
006 (96822.000.000) 09/24 03:25:13 Image size of job updated: 4926428
	2339  -  MemoryUsage of job (MB)
	2394672  -  ResidentSetSize of job (KB)
...
006 (96822.000.000) 09/24 03:30:13 Image size of job updated: 4945296
	2339  -  MemoryUsage of job (MB)
	2394672  -  ResidentSetSize of job (KB)
...
006 (96822.000.000) 09/24 03:35:16 Image size of job updated: 4970960
	2339  -  MemoryUsage of job (MB)
	2394672  -  ResidentSetSize of job (KB)
...
006 (96822.000.000) 09/24 03:40:15 Image size of job updated: 4990604
	2339  -  MemoryUsage of job (MB)
	2394672  -  ResidentSetSize of job (KB)
...
006 (96822.000.000) 09/24 03:45:58 Image size of job updated: 5006224
	2339  -  MemoryUsage of job (MB)
	2394672  -  ResidentSetSize of job (KB)
...
006 (96822.000.000) 09/24 03:50:16 Image size of job updated: 5017212
	2350  -  MemoryUsage of job (MB)
	2405532  -  ResidentSetSize of job (KB)
...
006 (96822.000.000) 09/24 03:55:18 Image size of job updated: 5034584
	2374  -  MemoryUsage of job (MB)
	2430752  -  ResidentSetSize of job (KB)
...
006 (96822.000.000) 09/24 04:00:19 Image size of job updated: 5052400
	2392  -  MemoryUsage of job (MB)
	2449280  -  ResidentSetSize of job (KB)
...
006 (96822.000.000) 09/24 04:05:18 Image size of job updated: 5073904
	2419  -  MemoryUsage of job (MB)
	2476836  -  ResidentSetSize of job (KB)
...
006 (96822.000.000) 09/24 04:10:19 Image size of job updated: 5097996
	2424  -  MemoryUsage of job (MB)
	2482140  -  ResidentSetSize of job (KB)
...
006 (96822.000.000) 09/24 04:15:43 Image size of job updated: 5123456
	2442  -  MemoryUsage of job (MB)
	2499752  -  ResidentSetSize of job (KB)
...
006 (96822.000.000) 09/24 04:20:20 Image size of job updated: 5144608
	2466  -  MemoryUsage of job (MB)
	2524704  -  ResidentSetSize of job (KB)
...
006 (96822.000.000) 09/24 04:25:21 Image size of job updated: 5157232
	2466  -  MemoryUsage of job (MB)
	2524704  -  ResidentSetSize of job (KB)
...
006 (96822.000.000) 09/24 04:55:26 Image size of job updated: 5157268
	2466  -  MemoryUsage of job (MB)
	2524704  -  ResidentSetSize of job (KB)
...
006 (96822.000.000) 09/24 09:07:24 Image size of job updated: 5157268
	2507  -  MemoryUsage of job (MB)
	2566252  -  ResidentSetSize of job (KB)
...
006 (96822.000.000) 09/24 09:22:56 Image size of job updated: 5157268
	2559  -  MemoryUsage of job (MB)
	2619660  -  ResidentSetSize of job (KB)
...
006 (96822.000.000) 09/24 09:32:26 Image size of job updated: 5157268
	2587  -  MemoryUsage of job (MB)
	2648896  -  ResidentSetSize of job (KB)
...
006 (96822.000.000) 09/24 09:39:09 Image size of job updated: 5157268
	2612  -  MemoryUsage of job (MB)
	2673928  -  ResidentSetSize of job (KB)
...
006 (96822.000.000) 09/24 09:43:54 Image size of job updated: 5157268
	2628  -  MemoryUsage of job (MB)
	2690424  -  ResidentSetSize of job (KB)
...
006 (96822.000.000) 09/24 09:49:00 Image size of job updated: 5157284
	2643  -  MemoryUsage of job (MB)
	2706144  -  ResidentSetSize of job (KB)
...
006 (96822.000.000) 09/24 11:05:42 Image size of job updated: 5157284
	2643  -  MemoryUsage of job (MB)
	2706212  -  ResidentSetSize of job (KB)
...
006 (96822.000.000) 09/24 11:10:42 Image size of job updated: 5157284
	2671  -  MemoryUsage of job (MB)
	2734704  -  ResidentSetSize of job (KB)
...
004 (96822.000.000) 09/24 14:15:13 Job was evicted.
	(0) Job was not checkpointed.
		Usr 0 06:08:24, Sys 0 00:22:49  -  Run Remote Usage
		Usr 0 00:00:00, Sys 0 00:00:00  -  Run Local Usage
	0  -  Run Bytes Sent By Job
	238  -  Run Bytes Received By Job
	Partitionable Resources :    Usage  Request Allocated
	   Cpus                 :                 1         1
	   Disk (KB)            :       20        1   4187667
	   Memory (MB)          :     2671     1024      1024
...
009 (96822.000.000) 09/24 14:15:14 Job was aborted by the user.
	via condor_rm (by user jnugent)
...
000 (96872.000.000) 09/24 14:18:52 Job submitted from host: <172.20.203.50:9618?addrs=172.20.203.50-9618+[--1]-9618&noUDP&sock=7405_cae4_4>
...
001 (96872.000.000) 09/24 14:18:57 Job executing on host: <10.194.1.4:9618?addrs=10.194.1.4-9618+[--1]-9618&noUDP&sock=21589_d637_3>
...
006 (96872.000.000) 09/24 14:19:06 Image size of job updated: 61300
	49  -  MemoryUsage of job (MB)
	49164  -  ResidentSetSize of job (KB)
...
006 (96872.000.000) 09/24 14:24:07 Image size of job updated: 795836
	766  -  MemoryUsage of job (MB)
	783464  -  ResidentSetSize of job (KB)
...
006 (96872.000.000) 09/24 14:34:09 Image size of job updated: 1189576
	1150  -  MemoryUsage of job (MB)
	1177204  -  ResidentSetSize of job (KB)
...
006 (96872.000.000) 09/24 15:04:12 Image size of job updated: 1276604
	1150  -  MemoryUsage of job (MB)
	1177204  -  ResidentSetSize of job (KB)
...
006 (96872.000.000) 09/24 15:09:12 Image size of job updated: 1312664
	1150  -  MemoryUsage of job (MB)
	1177204  -  ResidentSetSize of job (KB)
...
006 (96872.000.000) 09/24 15:24:15 Image size of job updated: 1389152
	1257  -  MemoryUsage of job (MB)
	1286372  -  ResidentSetSize of job (KB)
...
006 (96872.000.000) 09/24 15:34:15 Image size of job updated: 1422532
	1257  -  MemoryUsage of job (MB)
	1286372  -  ResidentSetSize of job (KB)
...
006 (96872.000.000) 09/24 15:39:16 Image size of job updated: 1904740
	1448  -  MemoryUsage of job (MB)
	1482568  -  ResidentSetSize of job (KB)
...
006 (96872.000.000) 09/24 15:49:17 Image size of job updated: 1969324
	1490  -  MemoryUsage of job (MB)
	1525316  -  ResidentSetSize of job (KB)
...
006 (96872.000.000) 09/24 16:24:19 Image size of job updated: 2385556
	2197  -  MemoryUsage of job (MB)
	2249560  -  ResidentSetSize of job (KB)
...
006 (96872.000.000) 09/24 16:49:22 Image size of job updated: 2652092
	2197  -  MemoryUsage of job (MB)
	2249560  -  ResidentSetSize of job (KB)
...
006 (96872.000.000) 09/24 17:04:25 Image size of job updated: 3036524
	2426  -  MemoryUsage of job (MB)
	2483552  -  ResidentSetSize of job (KB)
...
006 (96872.000.000) 09/24 17:39:27 Image size of job updated: 3089136
	2426  -  MemoryUsage of job (MB)
	2483552  -  ResidentSetSize of job (KB)
...
006 (96872.000.000) 09/24 17:49:29 Image size of job updated: 3489680
	2635  -  MemoryUsage of job (MB)
	2698052  -  ResidentSetSize of job (KB)
...
006 (96872.000.000) 09/24 19:44:40 Image size of job updated: 3489680
	2674  -  MemoryUsage of job (MB)
	2738012  -  ResidentSetSize of job (KB)
...
005 (96872.000.000) 09/24 22:30:21 Job terminated.
	(1) Normal termination (return value 0)
		Usr 0 06:52:27, Sys 0 00:20:53  -  Run Remote Usage
		Usr 0 00:00:00, Sys 0 00:00:00  -  Run Local Usage
		Usr 0 06:52:27, Sys 0 00:20:53  -  Total Remote Usage
		Usr 0 00:00:00, Sys 0 00:00:00  -  Total Local Usage
	1000387  -  Run Bytes Sent By Job
	238  -  Run Bytes Received By Job
	1000387  -  Total Bytes Sent By Job
	238  -  Total Bytes Received By Job
	Partitionable Resources :    Usage  Request Allocated
	   Cpus                 :                 1         1
	   Disk (KB)            :      987        1   4187667
	   Memory (MB)          :     2674    10240     10240
...
