000 (96833.000.000) 09/23 16:58:48 Job submitted from host: <172.20.203.50:9618?addrs=172.20.203.50-9618+[--1]-9618&noUDP&sock=7405_cae4_4>
...
001 (96833.000.000) 09/23 16:58:57 Job executing on host: <10.194.1.8:9618?addrs=10.194.1.8-9618+[--1]-9618&noUDP&sock=5976_9e0e_3>
...
006 (96833.000.000) 09/23 16:59:05 Image size of job updated: 52420
	52  -  MemoryUsage of job (MB)
	52416  -  ResidentSetSize of job (KB)
...
006 (96833.000.000) 09/23 17:04:05 Image size of job updated: 396060
	387  -  MemoryUsage of job (MB)
	396048  -  ResidentSetSize of job (KB)
...
006 (96833.000.000) 09/23 17:09:06 Image size of job updated: 433360
	424  -  MemoryUsage of job (MB)
	433348  -  ResidentSetSize of job (KB)
...
006 (96833.000.000) 09/23 17:14:07 Image size of job updated: 457944
	448  -  MemoryUsage of job (MB)
	457932  -  ResidentSetSize of job (KB)
...
006 (96833.000.000) 09/23 17:19:07 Image size of job updated: 1112448
	1087  -  MemoryUsage of job (MB)
	1112436  -  ResidentSetSize of job (KB)
...
006 (96833.000.000) 09/23 17:29:08 Image size of job updated: 1180528
	1153  -  MemoryUsage of job (MB)
	1180516  -  ResidentSetSize of job (KB)
...
006 (96833.000.000) 09/23 17:34:09 Image size of job updated: 1180528
	1159  -  MemoryUsage of job (MB)
	1185824  -  ResidentSetSize of job (KB)
...
006 (96833.000.000) 09/23 17:54:11 Image size of job updated: 1409860
	1377  -  MemoryUsage of job (MB)
	1409848  -  ResidentSetSize of job (KB)
...
006 (96833.000.000) 09/23 18:24:14 Image size of job updated: 1807668
	1766  -  MemoryUsage of job (MB)
	1807656  -  ResidentSetSize of job (KB)
...
006 (96833.000.000) 09/23 19:04:18 Image size of job updated: 2294816
	2242  -  MemoryUsage of job (MB)
	2294804  -  ResidentSetSize of job (KB)
...
006 (96833.000.000) 09/23 19:09:19 Image size of job updated: 2294816
	2242  -  MemoryUsage of job (MB)
	2295492  -  ResidentSetSize of job (KB)
...
006 (96833.000.000) 09/23 19:29:21 Image size of job updated: 2407784
	2352  -  MemoryUsage of job (MB)
	2407768  -  ResidentSetSize of job (KB)
...
006 (96833.000.000) 09/23 19:34:21 Image size of job updated: 2472800
	2415  -  MemoryUsage of job (MB)
	2472784  -  ResidentSetSize of job (KB)
...
006 (96833.000.000) 09/23 19:49:23 Image size of job updated: 2650112
	2588  -  MemoryUsage of job (MB)
	2650092  -  ResidentSetSize of job (KB)
...
006 (96833.000.000) 09/23 20:14:26 Image size of job updated: 2866788
	2800  -  MemoryUsage of job (MB)
	2866752  -  ResidentSetSize of job (KB)
...
006 (96833.000.000) 09/23 20:54:30 Image size of job updated: 3020324
	2950  -  MemoryUsage of job (MB)
	3020244  -  ResidentSetSize of job (KB)
...
006 (96833.000.000) 09/23 21:09:31 Image size of job updated: 3327672
	3250  -  MemoryUsage of job (MB)
	3327580  -  ResidentSetSize of job (KB)
...
006 (96833.000.000) 09/23 21:14:32 Image size of job updated: 3327672
	3250  -  MemoryUsage of job (MB)
	3327588  -  ResidentSetSize of job (KB)
...
006 (96833.000.000) 09/23 21:44:36 Image size of job updated: 3463668
	3383  -  MemoryUsage of job (MB)
	3463388  -  ResidentSetSize of job (KB)
...
006 (96833.000.000) 09/23 21:59:37 Image size of job updated: 3691088
	3383  -  MemoryUsage of job (MB)
	3463388  -  ResidentSetSize of job (KB)
...
006 (96833.000.000) 09/23 22:04:38 Image size of job updated: 4509432
	3383  -  MemoryUsage of job (MB)
	3463388  -  ResidentSetSize of job (KB)
...
006 (96833.000.000) 09/23 22:09:38 Image size of job updated: 4587048
	3383  -  MemoryUsage of job (MB)
	3463388  -  ResidentSetSize of job (KB)
...
006 (96833.000.000) 09/23 22:19:39 Image size of job updated: 4659760
	3383  -  MemoryUsage of job (MB)
	3463388  -  ResidentSetSize of job (KB)
...
006 (96833.000.000) 09/23 22:24:40 Image size of job updated: 4814584
	3601  -  MemoryUsage of job (MB)
	3686632  -  ResidentSetSize of job (KB)
...
006 (96833.000.000) 09/23 22:29:40 Image size of job updated: 4925696
	3601  -  MemoryUsage of job (MB)
	3686632  -  ResidentSetSize of job (KB)
...
006 (96833.000.000) 09/23 22:34:40 Image size of job updated: 5092788
	3601  -  MemoryUsage of job (MB)
	3686632  -  ResidentSetSize of job (KB)
...
006 (96833.000.000) 09/23 22:39:41 Image size of job updated: 5156600
	3601  -  MemoryUsage of job (MB)
	3686632  -  ResidentSetSize of job (KB)
...
006 (96833.000.000) 09/23 22:44:42 Image size of job updated: 5156632
	3601  -  MemoryUsage of job (MB)
	3686632  -  ResidentSetSize of job (KB)
...
005 (96833.000.000) 09/24 06:00:37 Job terminated.
	(1) Normal termination (return value 0)
		Usr 0 10:34:00, Sys 0 00:21:58  -  Run Remote Usage
		Usr 0 00:00:00, Sys 0 00:00:00  -  Run Local Usage
		Usr 0 10:34:00, Sys 0 00:21:58  -  Total Remote Usage
		Usr 0 00:00:00, Sys 0 00:00:00  -  Total Local Usage
	1000463  -  Run Bytes Sent By Job
	238  -  Run Bytes Received By Job
	1000463  -  Total Bytes Sent By Job
	238  -  Total Bytes Received By Job
	Partitionable Resources :    Usage  Request Allocated
	   Cpus                 :                 1         1
	   Disk (KB)            :      987        1  10479108
	   Memory (MB)          :     3601     1024      1024
...
000 (96883.000.000) 09/24 14:18:53 Job submitted from host: <172.20.203.50:9618?addrs=172.20.203.50-9618+[--1]-9618&noUDP&sock=7405_cae4_4>
...
001 (96883.000.000) 09/24 22:30:44 Job executing on host: <10.194.1.4:9618?addrs=10.194.1.4-9618+[--1]-9618&noUDP&sock=21589_d637_3>
...
006 (96883.000.000) 09/24 22:30:53 Image size of job updated: 56980
	50  -  MemoryUsage of job (MB)
	50804  -  ResidentSetSize of job (KB)
...
006 (96883.000.000) 09/24 22:35:53 Image size of job updated: 678732
	652  -  MemoryUsage of job (MB)
	667236  -  ResidentSetSize of job (KB)
...
006 (96883.000.000) 09/24 22:45:54 Image size of job updated: 1032084
	979  -  MemoryUsage of job (MB)
	1001664  -  ResidentSetSize of job (KB)
...
006 (96883.000.000) 09/24 23:05:56 Image size of job updated: 1359632
	1269  -  MemoryUsage of job (MB)
	1298848  -  ResidentSetSize of job (KB)
...
006 (96883.000.000) 09/24 23:25:58 Image size of job updated: 1691872
	1559  -  MemoryUsage of job (MB)
	1595632  -  ResidentSetSize of job (KB)
...
006 (96883.000.000) 09/24 23:46:00 Image size of job updated: 1699692
	1559  -  MemoryUsage of job (MB)
	1595632  -  ResidentSetSize of job (KB)
...
006 (96883.000.000) 09/25 00:06:02 Image size of job updated: 1762152
	1559  -  MemoryUsage of job (MB)
	1595632  -  ResidentSetSize of job (KB)
...
006 (96883.000.000) 09/25 00:16:03 Image size of job updated: 2201668
	1786  -  MemoryUsage of job (MB)
	1828724  -  ResidentSetSize of job (KB)
...
006 (96883.000.000) 09/25 00:21:03 Image size of job updated: 2201668
	1786  -  MemoryUsage of job (MB)
	1828788  -  ResidentSetSize of job (KB)
...
006 (96883.000.000) 09/25 00:26:03 Image size of job updated: 2455908
	1786  -  MemoryUsage of job (MB)
	1828788  -  ResidentSetSize of job (KB)
...
006 (96883.000.000) 09/25 00:36:05 Image size of job updated: 2455908
	2185  -  MemoryUsage of job (MB)
	2236908  -  ResidentSetSize of job (KB)
...
006 (96883.000.000) 09/25 00:41:05 Image size of job updated: 2531740
	2331  -  MemoryUsage of job (MB)
	2386124  -  ResidentSetSize of job (KB)
...
006 (96883.000.000) 09/25 00:46:06 Image size of job updated: 2678584
	2354  -  MemoryUsage of job (MB)
	2409980  -  ResidentSetSize of job (KB)
...
006 (96883.000.000) 09/25 00:56:07 Image size of job updated: 2866244
	2495  -  MemoryUsage of job (MB)
	2554704  -  ResidentSetSize of job (KB)
...
006 (96883.000.000) 09/25 01:16:09 Image size of job updated: 3094552
	2640  -  MemoryUsage of job (MB)
	2702892  -  ResidentSetSize of job (KB)
...
006 (96883.000.000) 09/25 01:21:10 Image size of job updated: 3094552
	2640  -  MemoryUsage of job (MB)
	2702900  -  ResidentSetSize of job (KB)
...
006 (96883.000.000) 09/25 01:26:11 Image size of job updated: 3130964
	2640  -  MemoryUsage of job (MB)
	2702900  -  ResidentSetSize of job (KB)
...
006 (96883.000.000) 09/25 01:31:11 Image size of job updated: 3164832
	2640  -  MemoryUsage of job (MB)
	2702900  -  ResidentSetSize of job (KB)
...
006 (96883.000.000) 09/25 01:51:13 Image size of job updated: 3424728
	2640  -  MemoryUsage of job (MB)
	2702900  -  ResidentSetSize of job (KB)
...
006 (96883.000.000) 09/25 02:06:15 Image size of job updated: 3819156
	2640  -  MemoryUsage of job (MB)
	2702900  -  ResidentSetSize of job (KB)
...
006 (96883.000.000) 09/25 02:11:16 Image size of job updated: 4263288
	2640  -  MemoryUsage of job (MB)
	2702900  -  ResidentSetSize of job (KB)
...
006 (96883.000.000) 09/25 02:16:17 Image size of job updated: 4263288
	3083  -  MemoryUsage of job (MB)
	3156060  -  ResidentSetSize of job (KB)
...
005 (96883.000.000) 09/25 06:59:02 Job terminated.
	(1) Normal termination (return value 0)
		Usr 0 06:49:32, Sys 0 00:22:44  -  Run Remote Usage
		Usr 0 00:00:00, Sys 0 00:00:00  -  Run Local Usage
		Usr 0 06:49:32, Sys 0 00:22:44  -  Total Remote Usage
		Usr 0 00:00:00, Sys 0 00:00:00  -  Total Local Usage
	1000463  -  Run Bytes Sent By Job
	238  -  Run Bytes Received By Job
	1000463  -  Total Bytes Sent By Job
	238  -  Total Bytes Received By Job
	Partitionable Resources :    Usage  Request Allocated
	   Cpus                 :                 1         1
	   Disk (KB)            :      987        1   4187667
	   Memory (MB)          :     3083    10240     10240
...
