000 (60059.000.000) 07/31 10:18:18 Job submitted from host: <172.20.203.50:9618?addrs=172.20.203.50-9618+[--1]-9618&noUDP&sock=7405_cae4_4>
...
001 (60059.000.000) 07/31 10:18:40 Job executing on host: <10.194.1.8:9618?addrs=10.194.1.8-9618+[--1]-9618&noUDP&sock=2118_59ad_3>
...
006 (60059.000.000) 07/31 10:18:48 Image size of job updated: 51904
	51  -  MemoryUsage of job (MB)
	51520  -  ResidentSetSize of job (KB)
...
006 (60059.000.000) 07/31 10:23:48 Image size of job updated: 398864
	390  -  MemoryUsage of job (MB)
	398400  -  ResidentSetSize of job (KB)
...
006 (60059.000.000) 07/31 10:28:48 Image size of job updated: 844268
	825  -  MemoryUsage of job (MB)
	843804  -  ResidentSetSize of job (KB)
...
004 (60059.000.000) 07/31 10:29:18 Job was evicted.
	(0) Job was not checkpointed.
		Usr 0 00:09:56, Sys 0 00:00:21  -  Run Remote Usage
		Usr 0 00:00:00, Sys 0 00:00:00  -  Run Local Usage
	0  -  Run Bytes Sent By Job
	237  -  Run Bytes Received By Job
	Partitionable Resources :    Usage  Request Allocated
	   Cpus                 :                 1         1
	   Disk (KB)            :       15        1    246255
	   Memory (MB)          :      825     1024      1024
...
009 (60059.000.000) 07/31 10:29:18 Job was aborted by the user.
	via condor_rm (by user jnugent)
...
000 (60159.000.000) 07/31 10:29:58 Job submitted from host: <172.20.203.50:9618?addrs=172.20.203.50-9618+[--1]-9618&noUDP&sock=7405_cae4_4>
...
001 (60159.000.000) 07/31 10:30:19 Job executing on host: <10.194.1.8:9618?addrs=10.194.1.8-9618+[--1]-9618&noUDP&sock=2118_59ad_3>
...
006 (60159.000.000) 07/31 10:30:27 Image size of job updated: 336024
	325  -  MemoryUsage of job (MB)
	331884  -  ResidentSetSize of job (KB)
...
006 (60159.000.000) 07/31 10:40:28 Image size of job updated: 890244
	866  -  MemoryUsage of job (MB)
	886104  -  ResidentSetSize of job (KB)
...
006 (60159.000.000) 07/31 10:45:29 Image size of job updated: 890244
	866  -  MemoryUsage of job (MB)
	886112  -  ResidentSetSize of job (KB)
...
006 (60159.000.000) 07/31 10:50:29 Image size of job updated: 922876
	898  -  MemoryUsage of job (MB)
	918736  -  ResidentSetSize of job (KB)
...
006 (60159.000.000) 07/31 10:55:29 Image size of job updated: 1320444
	1286  -  MemoryUsage of job (MB)
	1316304  -  ResidentSetSize of job (KB)
...
006 (60159.000.000) 07/31 11:30:33 Image size of job updated: 1734088
	1690  -  MemoryUsage of job (MB)
	1729900  -  ResidentSetSize of job (KB)
...
006 (60159.000.000) 07/31 11:45:35 Image size of job updated: 1902208
	1854  -  MemoryUsage of job (MB)
	1897932  -  ResidentSetSize of job (KB)
...
006 (60159.000.000) 07/31 11:50:35 Image size of job updated: 1902208
	1854  -  MemoryUsage of job (MB)
	1897940  -  ResidentSetSize of job (KB)
...
006 (60159.000.000) 07/31 12:05:37 Image size of job updated: 1995768
	1945  -  MemoryUsage of job (MB)
	1991256  -  ResidentSetSize of job (KB)
...
006 (60159.000.000) 07/31 12:45:42 Image size of job updated: 2234572
	2118  -  MemoryUsage of job (MB)
	2168804  -  ResidentSetSize of job (KB)
...
006 (60159.000.000) 07/31 12:55:43 Image size of job updated: 2436832
	2118  -  MemoryUsage of job (MB)
	2168804  -  ResidentSetSize of job (KB)
...
006 (60159.000.000) 07/31 13:00:43 Image size of job updated: 3060128
	2616  -  MemoryUsage of job (MB)
	2677840  -  ResidentSetSize of job (KB)
...
006 (60159.000.000) 07/31 13:05:44 Image size of job updated: 3181152
	2842  -  MemoryUsage of job (MB)
	2909892  -  ResidentSetSize of job (KB)
...
004 (60159.000.000) 07/31 13:10:16 Job was evicted.
	(0) Job was not checkpointed.
		Usr 0 02:19:32, Sys 0 00:05:48  -  Run Remote Usage
		Usr 0 00:00:00, Sys 0 00:00:00  -  Run Local Usage
	0  -  Run Bytes Sent By Job
	237  -  Run Bytes Received By Job
	Partitionable Resources :    Usage  Request Allocated
	   Cpus                 :                 2         2
	   Disk (KB)            :       15        1    246255
	   Memory (MB)          :     2842     4096      4096
...
009 (60159.000.000) 07/31 13:10:16 Job was aborted by the user.
	via condor_rm (by user jnugent)
...
000 (60267.000.000) 07/31 13:11:08 Job submitted from host: <172.20.203.50:9618?addrs=172.20.203.50-9618+[--1]-9618&noUDP&sock=7405_cae4_4>
...
001 (60267.000.000) 07/31 13:11:13 Job executing on host: <10.194.1.8:9618?addrs=10.194.1.8-9618+[--1]-9618&noUDP&sock=2118_59ad_3>
...
006 (60267.000.000) 07/31 13:11:22 Image size of job updated: 54224
	52  -  MemoryUsage of job (MB)
	53076  -  ResidentSetSize of job (KB)
...
006 (60267.000.000) 07/31 13:16:22 Image size of job updated: 276868
	270  -  MemoryUsage of job (MB)
	275716  -  ResidentSetSize of job (KB)
...
006 (60267.000.000) 07/31 13:21:22 Image size of job updated: 400908
	391  -  MemoryUsage of job (MB)
	399756  -  ResidentSetSize of job (KB)
...
006 (60267.000.000) 07/31 13:26:23 Image size of job updated: 584948
	571  -  MemoryUsage of job (MB)
	583796  -  ResidentSetSize of job (KB)
...
006 (60267.000.000) 07/31 13:31:24 Image size of job updated: 766416
	747  -  MemoryUsage of job (MB)
	764524  -  ResidentSetSize of job (KB)
...
006 (60267.000.000) 07/31 13:36:24 Image size of job updated: 864132
	841  -  MemoryUsage of job (MB)
	860440  -  ResidentSetSize of job (KB)
...
006 (60267.000.000) 07/31 13:41:25 Image size of job updated: 948216
	916  -  MemoryUsage of job (MB)
	937960  -  ResidentSetSize of job (KB)
...
006 (60267.000.000) 07/31 13:46:26 Image size of job updated: 1259128
	1223  -  MemoryUsage of job (MB)
	1252240  -  ResidentSetSize of job (KB)
...
006 (60267.000.000) 07/31 14:11:27 Image size of job updated: 1368228
	1319  -  MemoryUsage of job (MB)
	1350288  -  ResidentSetSize of job (KB)
...
006 (60267.000.000) 07/31 14:16:28 Image size of job updated: 1479604
	1428  -  MemoryUsage of job (MB)
	1461428  -  ResidentSetSize of job (KB)
...
006 (60267.000.000) 07/31 14:31:30 Image size of job updated: 1576880
	1520  -  MemoryUsage of job (MB)
	1556060  -  ResidentSetSize of job (KB)
...
006 (60267.000.000) 07/31 14:36:31 Image size of job updated: 2039484
	1970  -  MemoryUsage of job (MB)
	2016496  -  ResidentSetSize of job (KB)
...
006 (60267.000.000) 07/31 14:41:31 Image size of job updated: 2218024
	2144  -  MemoryUsage of job (MB)
	2194760  -  ResidentSetSize of job (KB)
...
006 (60267.000.000) 07/31 14:56:33 Image size of job updated: 2339708
	2251  -  MemoryUsage of job (MB)
	2304304  -  ResidentSetSize of job (KB)
...
006 (60267.000.000) 07/31 15:31:37 Image size of job updated: 2383940
	2274  -  MemoryUsage of job (MB)
	2328056  -  ResidentSetSize of job (KB)
...
006 (60267.000.000) 07/31 15:36:38 Image size of job updated: 2448748
	2321  -  MemoryUsage of job (MB)
	2376396  -  ResidentSetSize of job (KB)
...
006 (60267.000.000) 07/31 15:41:39 Image size of job updated: 2512252
	2380  -  MemoryUsage of job (MB)
	2436232  -  ResidentSetSize of job (KB)
...
006 (60267.000.000) 07/31 15:46:39 Image size of job updated: 2729412
	2588  -  MemoryUsage of job (MB)
	2649212  -  ResidentSetSize of job (KB)
...
006 (60267.000.000) 07/31 15:51:39 Image size of job updated: 2729412
	2592  -  MemoryUsage of job (MB)
	2654028  -  ResidentSetSize of job (KB)
...
006 (60267.000.000) 07/31 16:01:40 Image size of job updated: 2766388
	2609  -  MemoryUsage of job (MB)
	2671596  -  ResidentSetSize of job (KB)
...
006 (60267.000.000) 07/31 16:06:40 Image size of job updated: 3158608
	2987  -  MemoryUsage of job (MB)
	3057992  -  ResidentSetSize of job (KB)
...
006 (60267.000.000) 07/31 16:11:41 Image size of job updated: 3158608
	2987  -  MemoryUsage of job (MB)
	3058000  -  ResidentSetSize of job (KB)
...
006 (60267.000.000) 07/31 16:31:44 Image size of job updated: 3592408
	3387  -  MemoryUsage of job (MB)
	3467788  -  ResidentSetSize of job (KB)
...
006 (60267.000.000) 07/31 16:56:46 Image size of job updated: 3753768
	3525  -  MemoryUsage of job (MB)
	3608688  -  ResidentSetSize of job (KB)
...
006 (60267.000.000) 07/31 17:01:47 Image size of job updated: 5261304
	5080  -  MemoryUsage of job (MB)
	5201856  -  ResidentSetSize of job (KB)
...
004 (60267.000.000) 07/31 20:07:17 Job was evicted.
	(0) Job was not checkpointed.
		Usr 0 06:12:18, Sys 0 00:19:11  -  Run Remote Usage
		Usr 0 00:00:00, Sys 0 00:00:00  -  Run Local Usage
	0  -  Run Bytes Sent By Job
	237  -  Run Bytes Received By Job
	Partitionable Resources :    Usage  Request Allocated
	   Cpus                 :                 2         2
	   Disk (KB)            :     1037        1    246255
	   Memory (MB)          :     5080    40960     40960
...
009 (60267.000.000) 07/31 20:07:17 Job was aborted by the user.
	via condor_rm (by user jnugent)
...
000 (62062.000.000) 07/31 20:08:35 Job submitted from host: <172.20.203.50:9618?addrs=172.20.203.50-9618+[--1]-9618&noUDP&sock=7405_cae4_4>
...
001 (62062.000.000) 07/31 20:25:42 Job executing on host: <10.194.1.6:9618?addrs=10.194.1.6-9618+[--1]-9618&noUDP&sock=1628_4045_3>
...
006 (62062.000.000) 07/31 20:25:51 Image size of job updated: 51048
	48  -  MemoryUsage of job (MB)
	48204  -  ResidentSetSize of job (KB)
...
006 (62062.000.000) 07/31 20:30:52 Image size of job updated: 347856
	337  -  MemoryUsage of job (MB)
	344992  -  ResidentSetSize of job (KB)
...
006 (62062.000.000) 07/31 20:35:52 Image size of job updated: 420492
	408  -  MemoryUsage of job (MB)
	417628  -  ResidentSetSize of job (KB)
...
006 (62062.000.000) 07/31 20:40:52 Image size of job updated: 568472
	515  -  MemoryUsage of job (MB)
	527100  -  ResidentSetSize of job (KB)
...
006 (62062.000.000) 07/31 20:45:53 Image size of job updated: 637288
	532  -  MemoryUsage of job (MB)
	544448  -  ResidentSetSize of job (KB)
...
006 (62062.000.000) 07/31 20:50:54 Image size of job updated: 662540
	547  -  MemoryUsage of job (MB)
	560012  -  ResidentSetSize of job (KB)
...
006 (62062.000.000) 07/31 20:55:54 Image size of job updated: 670644
	576  -  MemoryUsage of job (MB)
	589184  -  ResidentSetSize of job (KB)
...
006 (62062.000.000) 07/31 21:10:55 Image size of job updated: 685992
	576  -  MemoryUsage of job (MB)
	589184  -  ResidentSetSize of job (KB)
...
006 (62062.000.000) 07/31 21:15:55 Image size of job updated: 713296
	576  -  MemoryUsage of job (MB)
	589184  -  ResidentSetSize of job (KB)
...
006 (62062.000.000) 07/31 21:20:56 Image size of job updated: 750052
	576  -  MemoryUsage of job (MB)
	589184  -  ResidentSetSize of job (KB)
...
006 (62062.000.000) 07/31 21:30:57 Image size of job updated: 977688
	677  -  MemoryUsage of job (MB)
	693168  -  ResidentSetSize of job (KB)
...
006 (62062.000.000) 07/31 21:45:59 Image size of job updated: 982772
	685  -  MemoryUsage of job (MB)
	700624  -  ResidentSetSize of job (KB)
...
006 (62062.000.000) 07/31 21:50:59 Image size of job updated: 982772
	685  -  MemoryUsage of job (MB)
	700632  -  ResidentSetSize of job (KB)
...
006 (62062.000.000) 07/31 21:55:59 Image size of job updated: 989556
	691  -  MemoryUsage of job (MB)
	707016  -  ResidentSetSize of job (KB)
...
006 (62062.000.000) 07/31 22:11:00 Image size of job updated: 1151044
	766  -  MemoryUsage of job (MB)
	784104  -  ResidentSetSize of job (KB)
...
006 (62062.000.000) 07/31 22:16:01 Image size of job updated: 1617336
	1198  -  MemoryUsage of job (MB)
	1226148  -  ResidentSetSize of job (KB)
...
006 (62062.000.000) 07/31 22:31:03 Image size of job updated: 1653904
	1198  -  MemoryUsage of job (MB)
	1226148  -  ResidentSetSize of job (KB)
...
006 (62062.000.000) 07/31 22:36:04 Image size of job updated: 1686764
	1198  -  MemoryUsage of job (MB)
	1226148  -  ResidentSetSize of job (KB)
...
006 (62062.000.000) 07/31 22:41:04 Image size of job updated: 1722668
	1198  -  MemoryUsage of job (MB)
	1226148  -  ResidentSetSize of job (KB)
...
006 (62062.000.000) 07/31 23:01:06 Image size of job updated: 1774944
	1198  -  MemoryUsage of job (MB)
	1226148  -  ResidentSetSize of job (KB)
...
006 (62062.000.000) 07/31 23:06:06 Image size of job updated: 1877220
	1198  -  MemoryUsage of job (MB)
	1226148  -  ResidentSetSize of job (KB)
...
006 (62062.000.000) 07/31 23:21:08 Image size of job updated: 1877220
	1440  -  MemoryUsage of job (MB)
	1474184  -  ResidentSetSize of job (KB)
...
006 (62062.000.000) 07/31 23:31:10 Image size of job updated: 1877220
	1539  -  MemoryUsage of job (MB)
	1575128  -  ResidentSetSize of job (KB)
...
006 (62062.000.000) 07/31 23:46:11 Image size of job updated: 1956804
	1539  -  MemoryUsage of job (MB)
	1575128  -  ResidentSetSize of job (KB)
...
006 (62062.000.000) 08/01 00:31:15 Image size of job updated: 2202636
	1539  -  MemoryUsage of job (MB)
	1575128  -  ResidentSetSize of job (KB)
...
006 (62062.000.000) 08/01 00:41:17 Image size of job updated: 2278160
	1539  -  MemoryUsage of job (MB)
	1575128  -  ResidentSetSize of job (KB)
...
006 (62062.000.000) 08/01 01:06:19 Image size of job updated: 2376536
	1539  -  MemoryUsage of job (MB)
	1575128  -  ResidentSetSize of job (KB)
...
006 (62062.000.000) 08/01 01:11:20 Image size of job updated: 2442040
	1539  -  MemoryUsage of job (MB)
	1575128  -  ResidentSetSize of job (KB)
...
006 (62062.000.000) 08/01 01:51:25 Image size of job updated: 2442040
	1646  -  MemoryUsage of job (MB)
	1685208  -  ResidentSetSize of job (KB)
...
006 (62062.000.000) 08/01 01:56:25 Image size of job updated: 2442040
	1901  -  MemoryUsage of job (MB)
	1946088  -  ResidentSetSize of job (KB)
...
006 (62062.000.000) 08/01 02:01:25 Image size of job updated: 2504848
	1901  -  MemoryUsage of job (MB)
	1946088  -  ResidentSetSize of job (KB)
...
006 (62062.000.000) 08/01 02:06:26 Image size of job updated: 2507972
	1901  -  MemoryUsage of job (MB)
	1946088  -  ResidentSetSize of job (KB)
...
006 (62062.000.000) 08/01 02:21:28 Image size of job updated: 2613356
	1901  -  MemoryUsage of job (MB)
	1946088  -  ResidentSetSize of job (KB)
...
006 (62062.000.000) 08/01 02:41:30 Image size of job updated: 2671380
	1901  -  MemoryUsage of job (MB)
	1946088  -  ResidentSetSize of job (KB)
...
006 (62062.000.000) 08/01 02:51:31 Image size of job updated: 2693200
	1901  -  MemoryUsage of job (MB)
	1946088  -  ResidentSetSize of job (KB)
...
006 (62062.000.000) 08/01 03:36:36 Image size of job updated: 2761864
	1901  -  MemoryUsage of job (MB)
	1946088  -  ResidentSetSize of job (KB)
...
006 (62062.000.000) 08/01 03:56:38 Image size of job updated: 2811764
	1901  -  MemoryUsage of job (MB)
	1946088  -  ResidentSetSize of job (KB)
...
006 (62062.000.000) 08/01 04:01:38 Image size of job updated: 2909240
	1901  -  MemoryUsage of job (MB)
	1946088  -  ResidentSetSize of job (KB)
...
006 (62062.000.000) 08/01 04:21:40 Image size of job updated: 2985760
	1901  -  MemoryUsage of job (MB)
	1946088  -  ResidentSetSize of job (KB)
...
006 (62062.000.000) 08/01 04:31:42 Image size of job updated: 3155100
	1901  -  MemoryUsage of job (MB)
	1946088  -  ResidentSetSize of job (KB)
...
006 (62062.000.000) 08/01 04:46:43 Image size of job updated: 3195456
	1901  -  MemoryUsage of job (MB)
	1946088  -  ResidentSetSize of job (KB)
...
006 (62062.000.000) 08/01 05:01:44 Image size of job updated: 3201800
	1901  -  MemoryUsage of job (MB)
	1946088  -  ResidentSetSize of job (KB)
...
006 (62062.000.000) 08/01 05:06:45 Image size of job updated: 3257572
	1901  -  MemoryUsage of job (MB)
	1946088  -  ResidentSetSize of job (KB)
...
006 (62062.000.000) 08/01 05:11:45 Image size of job updated: 3304488
	1901  -  MemoryUsage of job (MB)
	1946088  -  ResidentSetSize of job (KB)
...
006 (62062.000.000) 08/01 05:16:46 Image size of job updated: 3328920
	1901  -  MemoryUsage of job (MB)
	1946088  -  ResidentSetSize of job (KB)
...
006 (62062.000.000) 08/01 05:21:47 Image size of job updated: 3435132
	1901  -  MemoryUsage of job (MB)
	1946088  -  ResidentSetSize of job (KB)
...
006 (62062.000.000) 08/01 05:41:49 Image size of job updated: 3650792
	1901  -  MemoryUsage of job (MB)
	1946088  -  ResidentSetSize of job (KB)
...
006 (62062.000.000) 08/01 05:46:49 Image size of job updated: 3773472
	1901  -  MemoryUsage of job (MB)
	1946088  -  ResidentSetSize of job (KB)
...
006 (62062.000.000) 08/01 05:51:50 Image size of job updated: 3872324
	1901  -  MemoryUsage of job (MB)
	1946088  -  ResidentSetSize of job (KB)
...
006 (62062.000.000) 08/01 05:56:51 Image size of job updated: 3917696
	1901  -  MemoryUsage of job (MB)
	1946088  -  ResidentSetSize of job (KB)
...
006 (62062.000.000) 08/01 06:01:51 Image size of job updated: 4026756
	1901  -  MemoryUsage of job (MB)
	1946088  -  ResidentSetSize of job (KB)
...
006 (62062.000.000) 08/01 06:06:51 Image size of job updated: 4147588
	1901  -  MemoryUsage of job (MB)
	1946088  -  ResidentSetSize of job (KB)
...
006 (62062.000.000) 08/01 06:11:52 Image size of job updated: 4217948
	1901  -  MemoryUsage of job (MB)
	1946088  -  ResidentSetSize of job (KB)
...
006 (62062.000.000) 08/01 06:16:53 Image size of job updated: 4326856
	1901  -  MemoryUsage of job (MB)
	1946088  -  ResidentSetSize of job (KB)
...
006 (62062.000.000) 08/01 06:21:53 Image size of job updated: 4371832
	1901  -  MemoryUsage of job (MB)
	1946088  -  ResidentSetSize of job (KB)
...
006 (62062.000.000) 08/01 06:26:53 Image size of job updated: 4416144
	1901  -  MemoryUsage of job (MB)
	1946088  -  ResidentSetSize of job (KB)
...
006 (62062.000.000) 08/01 06:31:54 Image size of job updated: 4430660
	1901  -  MemoryUsage of job (MB)
	1946088  -  ResidentSetSize of job (KB)
...
006 (62062.000.000) 08/01 06:36:55 Image size of job updated: 4568408
	1901  -  MemoryUsage of job (MB)
	1946088  -  ResidentSetSize of job (KB)
...
006 (62062.000.000) 08/01 06:41:55 Image size of job updated: 4623272
	1901  -  MemoryUsage of job (MB)
	1946088  -  ResidentSetSize of job (KB)
...
006 (62062.000.000) 08/01 06:49:06 Image size of job updated: 4674104
	1901  -  MemoryUsage of job (MB)
	1946088  -  ResidentSetSize of job (KB)
...
006 (62062.000.000) 08/01 06:55:39 Image size of job updated: 4760616
	1917  -  MemoryUsage of job (MB)
	1962388  -  ResidentSetSize of job (KB)
...
006 (62062.000.000) 08/01 07:00:54 Image size of job updated: 4817916
	1991  -  MemoryUsage of job (MB)
	2038712  -  ResidentSetSize of job (KB)
...
006 (62062.000.000) 08/01 07:05:54 Image size of job updated: 4849108
	2049  -  MemoryUsage of job (MB)
	2097472  -  ResidentSetSize of job (KB)
...
006 (62062.000.000) 08/01 07:10:54 Image size of job updated: 4880396
	2099  -  MemoryUsage of job (MB)
	2148720  -  ResidentSetSize of job (KB)
...
006 (62062.000.000) 08/01 07:15:55 Image size of job updated: 4902988
	2126  -  MemoryUsage of job (MB)
	2176160  -  ResidentSetSize of job (KB)
...
006 (62062.000.000) 08/01 07:20:56 Image size of job updated: 4914640
	2157  -  MemoryUsage of job (MB)
	2208520  -  ResidentSetSize of job (KB)
...
006 (62062.000.000) 08/01 07:25:56 Image size of job updated: 4914640
	2174  -  MemoryUsage of job (MB)
	2226092  -  ResidentSetSize of job (KB)
...
006 (62062.000.000) 08/01 07:30:56 Image size of job updated: 4914640
	2230  -  MemoryUsage of job (MB)
	2282984  -  ResidentSetSize of job (KB)
...
006 (62062.000.000) 08/01 07:35:57 Image size of job updated: 4914640
	2250  -  MemoryUsage of job (MB)
	2303764  -  ResidentSetSize of job (KB)
...
006 (62062.000.000) 08/01 07:40:57 Image size of job updated: 4914640
	2321  -  MemoryUsage of job (MB)
	2376128  -  ResidentSetSize of job (KB)
...
004 (62062.000.000) 08/01 10:14:40 Job was evicted.
	(0) Job was not checkpointed.
		Usr 0 07:00:04, Sys 0 00:16:13  -  Run Remote Usage
		Usr 0 00:00:00, Sys 0 00:00:00  -  Run Local Usage
	0  -  Run Bytes Sent By Job
	237  -  Run Bytes Received By Job
	Partitionable Resources :    Usage  Request Allocated
	   Cpus                 :                 1         1
	   Disk (KB)            :       20        1    246565
	   Memory (MB)          :     2321     1024      1024
...
009 (62062.000.000) 08/01 10:14:40 Job was aborted by the user.
	via condor_rm (by user jnugent)
...
000 (63684.000.000) 08/02 10:44:24 Job submitted from host: <172.20.203.50:9618?addrs=172.20.203.50-9618+[--1]-9618&noUDP&sock=7405_cae4_4>
...
001 (63684.000.000) 08/02 10:44:46 Job executing on host: <10.194.1.8:9618?addrs=10.194.1.8-9618+[--1]-9618&noUDP&sock=37221_16ac_3>
...
006 (63684.000.000) 08/02 10:44:54 Image size of job updated: 49480
	47  -  MemoryUsage of job (MB)
	47752  -  ResidentSetSize of job (KB)
...
006 (63684.000.000) 08/02 10:49:54 Image size of job updated: 463344
	451  -  MemoryUsage of job (MB)
	461616  -  ResidentSetSize of job (KB)
...
006 (63684.000.000) 08/02 11:04:56 Image size of job updated: 642676
	626  -  MemoryUsage of job (MB)
	640948  -  ResidentSetSize of job (KB)
...
006 (63684.000.000) 08/02 11:09:56 Image size of job updated: 692252
	675  -  MemoryUsage of job (MB)
	690524  -  ResidentSetSize of job (KB)
...
006 (63684.000.000) 08/02 11:14:57 Image size of job updated: 730832
	713  -  MemoryUsage of job (MB)
	729104  -  ResidentSetSize of job (KB)
...
006 (63684.000.000) 08/02 11:19:57 Image size of job updated: 769908
	751  -  MemoryUsage of job (MB)
	768180  -  ResidentSetSize of job (KB)
...
006 (63684.000.000) 08/02 11:24:57 Image size of job updated: 809152
	789  -  MemoryUsage of job (MB)
	807424  -  ResidentSetSize of job (KB)
...
006 (63684.000.000) 08/02 11:34:59 Image size of job updated: 868868
	847  -  MemoryUsage of job (MB)
	867140  -  ResidentSetSize of job (KB)
...
006 (63684.000.000) 08/02 11:40:00 Image size of job updated: 931996
	909  -  MemoryUsage of job (MB)
	930268  -  ResidentSetSize of job (KB)
...
006 (63684.000.000) 08/02 11:55:01 Image size of job updated: 948536
	925  -  MemoryUsage of job (MB)
	946808  -  ResidentSetSize of job (KB)
...
006 (63684.000.000) 08/02 12:15:03 Image size of job updated: 1413244
	1379  -  MemoryUsage of job (MB)
	1411516  -  ResidentSetSize of job (KB)
...
006 (63684.000.000) 08/02 12:25:03 Image size of job updated: 1608712
	1570  -  MemoryUsage of job (MB)
	1606984  -  ResidentSetSize of job (KB)
...
006 (63684.000.000) 08/02 12:40:05 Image size of job updated: 1785560
	1743  -  MemoryUsage of job (MB)
	1783832  -  ResidentSetSize of job (KB)
...
006 (63684.000.000) 08/02 13:00:07 Image size of job updated: 1946820
	1885  -  MemoryUsage of job (MB)
	1929412  -  ResidentSetSize of job (KB)
...
006 (63684.000.000) 08/02 13:05:08 Image size of job updated: 1946820
	1885  -  MemoryUsage of job (MB)
	1929420  -  ResidentSetSize of job (KB)
...
006 (63684.000.000) 08/02 13:20:09 Image size of job updated: 2196172
	2044  -  MemoryUsage of job (MB)
	2092404  -  ResidentSetSize of job (KB)
...
006 (63684.000.000) 08/02 13:45:11 Image size of job updated: 2318184
	2162  -  MemoryUsage of job (MB)
	2213120  -  ResidentSetSize of job (KB)
...
006 (63684.000.000) 08/02 14:56:15 Image size of job updated: 2666920
	2289  -  MemoryUsage of job (MB)
	2343924  -  ResidentSetSize of job (KB)
...
006 (63684.000.000) 08/02 15:20:22 Image size of job updated: 2830688
	2289  -  MemoryUsage of job (MB)
	2343924  -  ResidentSetSize of job (KB)
...
006 (63684.000.000) 08/02 15:41:24 Image size of job updated: 2841580
	2289  -  MemoryUsage of job (MB)
	2343924  -  ResidentSetSize of job (KB)
...
006 (63684.000.000) 08/02 16:35:30 Image size of job updated: 2958876
	2289  -  MemoryUsage of job (MB)
	2343924  -  ResidentSetSize of job (KB)
...
006 (63684.000.000) 08/02 16:50:31 Image size of job updated: 3121952
	2289  -  MemoryUsage of job (MB)
	2343924  -  ResidentSetSize of job (KB)
...
006 (63684.000.000) 08/02 17:20:34 Image size of job updated: 3355856
	2289  -  MemoryUsage of job (MB)
	2343924  -  ResidentSetSize of job (KB)
...
006 (63684.000.000) 08/02 17:50:38 Image size of job updated: 3383744
	2289  -  MemoryUsage of job (MB)
	2343924  -  ResidentSetSize of job (KB)
...
006 (63684.000.000) 08/02 18:00:38 Image size of job updated: 3564664
	2289  -  MemoryUsage of job (MB)
	2343924  -  ResidentSetSize of job (KB)
...
006 (63684.000.000) 08/02 18:55:45 Image size of job updated: 3759436
	2289  -  MemoryUsage of job (MB)
	2343924  -  ResidentSetSize of job (KB)
...
006 (63684.000.000) 08/02 19:04:34 Image size of job updated: 3961072
	2289  -  MemoryUsage of job (MB)
	2343924  -  ResidentSetSize of job (KB)
...
006 (63684.000.000) 08/02 19:21:22 Image size of job updated: 4039056
	2343  -  MemoryUsage of job (MB)
	2399176  -  ResidentSetSize of job (KB)
...
006 (63684.000.000) 08/02 19:50:03 Image size of job updated: 4253940
	2613  -  MemoryUsage of job (MB)
	2674868  -  ResidentSetSize of job (KB)
...
006 (63684.000.000) 08/02 20:30:09 Image size of job updated: 4547040
	2871  -  MemoryUsage of job (MB)
	2939592  -  ResidentSetSize of job (KB)
...
006 (63684.000.000) 08/02 21:20:11 Image size of job updated: 4676760
	2871  -  MemoryUsage of job (MB)
	2939592  -  ResidentSetSize of job (KB)
...
006 (63684.000.000) 08/02 22:12:52 Image size of job updated: 4998428
	3082  -  MemoryUsage of job (MB)
	3155368  -  ResidentSetSize of job (KB)
...
006 (63684.000.000) 08/02 23:29:19 Image size of job updated: 4998708
	3082  -  MemoryUsage of job (MB)
	3155368  -  ResidentSetSize of job (KB)
...
022 (63684.000.000) 08/03 00:40:27 Job disconnected, attempting to reconnect
    Socket between submit and execute hosts closed unexpectedly
    Trying to reconnect to slot1_2@node008.ppe.gla.ac.uk <10.194.1.8:9618?addrs=10.194.1.8-9618+[--1]-9618&noUDP&sock=37221_16ac_3>
...
024 (63684.000.000) 08/03 01:20:27 Job reconnection failed
    Job disconnected too long: JobLeaseDuration (2400 seconds) expired
    Can not reconnect to slot1_2@node008.ppe.gla.ac.uk, rescheduling job
...
001 (63684.000.000) 08/03 09:58:42 Job executing on host: <10.194.1.4:9618?addrs=10.194.1.4-9618+[--1]-9618&noUDP&sock=21589_d637_3>
...
004 (63684.000.000) 08/03 10:40:38 Job was evicted.
	(0) Job was not checkpointed.
		Usr 0 00:26:54, Sys 0 00:00:49  -  Run Remote Usage
		Usr 0 00:00:00, Sys 0 00:00:00  -  Run Local Usage
	0  -  Run Bytes Sent By Job
	237  -  Run Bytes Received By Job
	Partitionable Resources :    Usage  Request Allocated
	   Cpus                 :                 1         1
	   Disk (KB)            :       17       17   4187667
	   Memory (MB)          :     3174     1024      1024
...
009 (63684.000.000) 08/03 10:40:39 Job was aborted by the user.
	via condor_rm (by user jnugent)
...
000 (66088.000.000) 08/10 13:31:28 Job submitted from host: <172.20.203.50:9618?addrs=172.20.203.50-9618+[--1]-9618&noUDP&sock=7405_cae4_4>
...
001 (66088.000.000) 08/10 13:31:39 Job executing on host: <10.194.1.8:9618?addrs=10.194.1.8-9618+[--1]-9618&noUDP&sock=16892_15e0_3>
...
006 (66088.000.000) 08/10 13:31:48 Image size of job updated: 49264
	47  -  MemoryUsage of job (MB)
	48124  -  ResidentSetSize of job (KB)
...
006 (66088.000.000) 08/10 13:36:48 Image size of job updated: 292996
	286  -  MemoryUsage of job (MB)
	291856  -  ResidentSetSize of job (KB)
...
006 (66088.000.000) 08/10 13:41:48 Image size of job updated: 604348
	590  -  MemoryUsage of job (MB)
	603208  -  ResidentSetSize of job (KB)
...
006 (66088.000.000) 08/10 13:56:50 Image size of job updated: 943156
	920  -  MemoryUsage of job (MB)
	942016  -  ResidentSetSize of job (KB)
...
006 (66088.000.000) 08/10 14:16:53 Image size of job updated: 988428
	965  -  MemoryUsage of job (MB)
	987288  -  ResidentSetSize of job (KB)
...
006 (66088.000.000) 08/10 14:36:56 Image size of job updated: 1119752
	1093  -  MemoryUsage of job (MB)
	1118612  -  ResidentSetSize of job (KB)
...
006 (66088.000.000) 08/10 14:41:56 Image size of job updated: 1119752
	1094  -  MemoryUsage of job (MB)
	1119616  -  ResidentSetSize of job (KB)
...
006 (66088.000.000) 08/10 14:46:56 Image size of job updated: 1406392
	1357  -  MemoryUsage of job (MB)
	1388620  -  ResidentSetSize of job (KB)
...
006 (66088.000.000) 08/10 15:37:02 Image size of job updated: 1497984
	1357  -  MemoryUsage of job (MB)
	1388620  -  ResidentSetSize of job (KB)
...
006 (66088.000.000) 08/10 15:52:04 Image size of job updated: 1724252
	1581  -  MemoryUsage of job (MB)
	1618708  -  ResidentSetSize of job (KB)
...
006 (66088.000.000) 08/10 16:02:05 Image size of job updated: 1753944
	1616  -  MemoryUsage of job (MB)
	1654236  -  ResidentSetSize of job (KB)
...
006 (66088.000.000) 08/10 16:37:08 Image size of job updated: 1830708
	1616  -  MemoryUsage of job (MB)
	1654236  -  ResidentSetSize of job (KB)
...
006 (66088.000.000) 08/10 16:52:10 Image size of job updated: 2034936
	1616  -  MemoryUsage of job (MB)
	1654236  -  ResidentSetSize of job (KB)
...
006 (66088.000.000) 08/10 17:02:11 Image size of job updated: 2045576
	1616  -  MemoryUsage of job (MB)
	1654236  -  ResidentSetSize of job (KB)
...
006 (66088.000.000) 08/10 17:37:14 Image size of job updated: 2374828
	1616  -  MemoryUsage of job (MB)
	1654236  -  ResidentSetSize of job (KB)
...
006 (66088.000.000) 08/10 18:02:20 Image size of job updated: 2612816
	1691  -  MemoryUsage of job (MB)
	1730912  -  ResidentSetSize of job (KB)
...
006 (66088.000.000) 08/10 18:07:18 Image size of job updated: 2621432
	1691  -  MemoryUsage of job (MB)
	1730912  -  ResidentSetSize of job (KB)
...
006 (66088.000.000) 08/10 18:12:18 Image size of job updated: 2803872
	1691  -  MemoryUsage of job (MB)
	1730912  -  ResidentSetSize of job (KB)
...
006 (66088.000.000) 08/10 18:17:19 Image size of job updated: 2859400
	1712  -  MemoryUsage of job (MB)
	1752464  -  ResidentSetSize of job (KB)
...
006 (66088.000.000) 08/10 18:22:20 Image size of job updated: 2876828
	1746  -  MemoryUsage of job (MB)
	1787316  -  ResidentSetSize of job (KB)
...
006 (66088.000.000) 08/10 18:27:21 Image size of job updated: 2885012
	1762  -  MemoryUsage of job (MB)
	1803688  -  ResidentSetSize of job (KB)
...
006 (66088.000.000) 08/10 18:47:23 Image size of job updated: 2890696
	1762  -  MemoryUsage of job (MB)
	1803688  -  ResidentSetSize of job (KB)
...
022 (66088.000.000) 08/10 19:44:55 Job disconnected, attempting to reconnect
    Socket between submit and execute hosts closed unexpectedly
    Trying to reconnect to slot1_2@node008.ppe.gla.ac.uk <10.194.1.8:9618?addrs=10.194.1.8-9618+[--1]-9618&noUDP&sock=16892_15e0_3>
...
024 (66088.000.000) 08/10 20:24:55 Job reconnection failed
    Job disconnected too long: JobLeaseDuration (2400 seconds) expired
    Can not reconnect to slot1_2@node008.ppe.gla.ac.uk, rescheduling job
...
001 (66088.000.000) 08/10 20:28:05 Job executing on host: <10.194.1.81:9618?addrs=10.194.1.81-9618+[--1]-9618&noUDP&sock=1735_a4e8_3>
...
004 (66088.000.000) 08/11 17:30:18 Job was evicted.
	(0) Job was not checkpointed.
		Usr 0 01:44:59, Sys 0 00:14:57  -  Run Remote Usage
		Usr 0 00:00:00, Sys 0 00:00:00  -  Run Local Usage
	0  -  Run Bytes Sent By Job
	237  -  Run Bytes Received By Job
	Partitionable Resources :    Usage  Request Allocated
	   Cpus                 :                 1         1
	   Disk (KB)            :       16       15   2614829
	   Memory (MB)          :     1954     1024      1024
...
001 (66088.000.000) 08/11 17:31:43 Job executing on host: <10.194.1.4:9618?addrs=10.194.1.4-9618+[--1]-9618&noUDP&sock=21589_d637_3>
...
006 (66088.000.000) 08/13 11:15:18 Image size of job updated: 3056084
	1954  -  MemoryUsage of job (MB)
	2000000  -  ResidentSetSize of job (KB)
...
006 (66088.000.000) 08/13 11:20:18 Image size of job updated: 3146712
	1954  -  MemoryUsage of job (MB)
	2000000  -  ResidentSetSize of job (KB)
...
006 (66088.000.000) 08/16 04:27:05 Image size of job updated: 3158076
	1954  -  MemoryUsage of job (MB)
	2000000  -  ResidentSetSize of job (KB)
...
006 (66088.000.000) 08/16 04:33:45 Image size of job updated: 3158140
	1954  -  MemoryUsage of job (MB)
	2000000  -  ResidentSetSize of job (KB)
...
006 (66088.000.000) 08/16 04:38:45 Image size of job updated: 3158172
	1954  -  MemoryUsage of job (MB)
	2000000  -  ResidentSetSize of job (KB)
...
006 (66088.000.000) 08/16 04:43:45 Image size of job updated: 3158180
	1954  -  MemoryUsage of job (MB)
	2000000  -  ResidentSetSize of job (KB)
...
006 (66088.000.000) 08/16 04:48:46 Image size of job updated: 3158188
	1954  -  MemoryUsage of job (MB)
	2000000  -  ResidentSetSize of job (KB)
...
006 (66088.000.000) 08/16 04:53:47 Image size of job updated: 3158244
	1954  -  MemoryUsage of job (MB)
	2000000  -  ResidentSetSize of job (KB)
...
006 (66088.000.000) 08/16 09:23:40 Image size of job updated: 3242508
	1954  -  MemoryUsage of job (MB)
	2000000  -  ResidentSetSize of job (KB)
...
006 (66088.000.000) 08/16 09:28:40 Image size of job updated: 3258112
	1954  -  MemoryUsage of job (MB)
	2000000  -  ResidentSetSize of job (KB)
...
006 (66088.000.000) 08/16 09:33:42 Image size of job updated: 3258176
	1954  -  MemoryUsage of job (MB)
	2000000  -  ResidentSetSize of job (KB)
...
006 (66088.000.000) 08/16 11:21:24 Image size of job updated: 3295848
	1954  -  MemoryUsage of job (MB)
	2000000  -  ResidentSetSize of job (KB)
...
006 (66088.000.000) 08/16 18:57:31 Image size of job updated: 3410768
	1954  -  MemoryUsage of job (MB)
	2000000  -  ResidentSetSize of job (KB)
...
006 (66088.000.000) 08/16 19:26:33 Image size of job updated: 3413684
	1954  -  MemoryUsage of job (MB)
	2000000  -  ResidentSetSize of job (KB)
...
006 (66088.000.000) 08/17 00:11:58 Image size of job updated: 3507404
	1954  -  MemoryUsage of job (MB)
	2000000  -  ResidentSetSize of job (KB)
...
006 (66088.000.000) 08/17 00:16:58 Image size of job updated: 3507436
	1954  -  MemoryUsage of job (MB)
	2000000  -  ResidentSetSize of job (KB)
...
006 (66088.000.000) 08/17 00:21:58 Image size of job updated: 3533804
	1954  -  MemoryUsage of job (MB)
	2000000  -  ResidentSetSize of job (KB)
...
006 (66088.000.000) 08/17 00:26:59 Image size of job updated: 3588700
	1954  -  MemoryUsage of job (MB)
	2000000  -  ResidentSetSize of job (KB)
...
006 (66088.000.000) 08/17 04:08:46 Image size of job updated: 3602752
	1954  -  MemoryUsage of job (MB)
	2000000  -  ResidentSetSize of job (KB)
...
006 (66088.000.000) 08/17 07:44:07 Image size of job updated: 3610892
	1954  -  MemoryUsage of job (MB)
	2000000  -  ResidentSetSize of job (KB)
...
006 (66088.000.000) 08/17 07:49:08 Image size of job updated: 3610980
	1954  -  MemoryUsage of job (MB)
	2000000  -  ResidentSetSize of job (KB)
...
006 (66088.000.000) 08/17 09:00:22 Image size of job updated: 3660720
	1954  -  MemoryUsage of job (MB)
	2000000  -  ResidentSetSize of job (KB)
...
006 (66088.000.000) 08/17 12:05:41 Image size of job updated: 3712688
	1954  -  MemoryUsage of job (MB)
	2000000  -  ResidentSetSize of job (KB)
...
006 (66088.000.000) 08/17 12:10:41 Image size of job updated: 3722264
	1954  -  MemoryUsage of job (MB)
	2000000  -  ResidentSetSize of job (KB)
...
006 (66088.000.000) 08/17 12:15:41 Image size of job updated: 3722304
	1954  -  MemoryUsage of job (MB)
	2000000  -  ResidentSetSize of job (KB)
...
006 (66088.000.000) 08/17 14:13:39 Image size of job updated: 3812772
	1954  -  MemoryUsage of job (MB)
	2000000  -  ResidentSetSize of job (KB)
...
006 (66088.000.000) 08/17 14:18:40 Image size of job updated: 3896960
	1954  -  MemoryUsage of job (MB)
	2000000  -  ResidentSetSize of job (KB)
...
006 (66088.000.000) 08/17 14:23:40 Image size of job updated: 3954340
	1954  -  MemoryUsage of job (MB)
	2000000  -  ResidentSetSize of job (KB)
...
006 (66088.000.000) 08/17 14:28:40 Image size of job updated: 4028300
	1954  -  MemoryUsage of job (MB)
	2000000  -  ResidentSetSize of job (KB)
...
006 (66088.000.000) 08/17 14:33:41 Image size of job updated: 4141780
	1954  -  MemoryUsage of job (MB)
	2000000  -  ResidentSetSize of job (KB)
...
006 (66088.000.000) 08/17 14:38:42 Image size of job updated: 4295524
	1954  -  MemoryUsage of job (MB)
	2000000  -  ResidentSetSize of job (KB)
...
006 (66088.000.000) 08/17 14:43:42 Image size of job updated: 4386712
	1954  -  MemoryUsage of job (MB)
	2000000  -  ResidentSetSize of job (KB)
...
006 (66088.000.000) 08/17 14:48:42 Image size of job updated: 4460708
	1954  -  MemoryUsage of job (MB)
	2000000  -  ResidentSetSize of job (KB)
...
006 (66088.000.000) 08/17 14:53:43 Image size of job updated: 4529192
	1954  -  MemoryUsage of job (MB)
	2000000  -  ResidentSetSize of job (KB)
...
006 (66088.000.000) 08/17 14:58:43 Image size of job updated: 4591952
	1954  -  MemoryUsage of job (MB)
	2000000  -  ResidentSetSize of job (KB)
...
006 (66088.000.000) 08/17 15:03:43 Image size of job updated: 4637268
	1954  -  MemoryUsage of job (MB)
	2000000  -  ResidentSetSize of job (KB)
...
006 (66088.000.000) 08/17 15:08:44 Image size of job updated: 4690540
	1954  -  MemoryUsage of job (MB)
	2000000  -  ResidentSetSize of job (KB)
...
006 (66088.000.000) 08/17 15:13:45 Image size of job updated: 4698176
	1954  -  MemoryUsage of job (MB)
	2000000  -  ResidentSetSize of job (KB)
...
006 (66088.000.000) 08/17 15:18:45 Image size of job updated: 4721188
	1954  -  MemoryUsage of job (MB)
	2000000  -  ResidentSetSize of job (KB)
...
006 (66088.000.000) 08/17 15:23:45 Image size of job updated: 4764240
	1954  -  MemoryUsage of job (MB)
	2000000  -  ResidentSetSize of job (KB)
...
006 (66088.000.000) 08/17 15:28:46 Image size of job updated: 4800444
	1954  -  MemoryUsage of job (MB)
	2000000  -  ResidentSetSize of job (KB)
...
006 (66088.000.000) 08/17 15:33:47 Image size of job updated: 4837260
	1954  -  MemoryUsage of job (MB)
	2000000  -  ResidentSetSize of job (KB)
...
006 (66088.000.000) 08/17 15:38:47 Image size of job updated: 4872412
	1954  -  MemoryUsage of job (MB)
	2000000  -  ResidentSetSize of job (KB)
...
006 (66088.000.000) 08/17 15:43:48 Image size of job updated: 4901332
	1954  -  MemoryUsage of job (MB)
	2000000  -  ResidentSetSize of job (KB)
...
006 (66088.000.000) 08/17 15:48:49 Image size of job updated: 4928320
	1954  -  MemoryUsage of job (MB)
	2000000  -  ResidentSetSize of job (KB)
...
006 (66088.000.000) 08/17 15:53:49 Image size of job updated: 4961692
	1954  -  MemoryUsage of job (MB)
	2000000  -  ResidentSetSize of job (KB)
...
006 (66088.000.000) 08/17 15:58:49 Image size of job updated: 4976592
	1954  -  MemoryUsage of job (MB)
	2000000  -  ResidentSetSize of job (KB)
...
006 (66088.000.000) 08/17 16:03:50 Image size of job updated: 5001392
	1954  -  MemoryUsage of job (MB)
	2000000  -  ResidentSetSize of job (KB)
...
006 (66088.000.000) 08/17 16:08:51 Image size of job updated: 5018184
	1954  -  MemoryUsage of job (MB)
	2000000  -  ResidentSetSize of job (KB)
...
006 (66088.000.000) 08/17 16:13:51 Image size of job updated: 5023080
	1954  -  MemoryUsage of job (MB)
	2000000  -  ResidentSetSize of job (KB)
...
006 (66088.000.000) 08/17 20:45:53 Image size of job updated: 5023316
	1954  -  MemoryUsage of job (MB)
	2000000  -  ResidentSetSize of job (KB)
...
005 (66088.000.000) 08/18 05:47:45 Job terminated.
	(1) Normal termination (return value 0)
		Usr 0 08:37:57, Sys 0 01:15:42  -  Run Remote Usage
		Usr 0 00:00:00, Sys 0 00:00:00  -  Run Local Usage
		Usr 0 08:37:57, Sys 0 01:15:42  -  Total Remote Usage
		Usr 0 00:00:00, Sys 0 00:00:00  -  Total Local Usage
	4315971  -  Run Bytes Sent By Job
	237  -  Run Bytes Received By Job
	4315971  -  Total Bytes Sent By Job
	711  -  Total Bytes Received By Job
	Partitionable Resources :    Usage  Request Allocated
	   Cpus                 :                 1         1
	   Disk (KB)            :     4226       17   4187667
	   Memory (MB)          :     1954     1024      1024
...
000 (424.000.000) 08/27 11:47:40 Job submitted from host: <194.36.1.211:9618?addrs=194.36.1.211-9618+[--1]-9618&noUDP&sock=1189_2232_3>
...
009 (424.000.000) 08/27 11:48:15 Job was aborted by the user.
	via condor_rm (by user jnugent)
...
000 (66245.000.000) 08/27 11:48:32 Job submitted from host: <172.20.203.50:9618?addrs=172.20.203.50-9618+[--1]-9618&noUDP&sock=7405_cae4_4>
...
001 (66245.000.000) 08/27 11:48:54 Job executing on host: <10.194.1.81:9618?addrs=10.194.1.81-9618+[--1]-9618&noUDP&sock=1755_5ccc_3>
...
006 (66245.000.000) 08/27 11:49:03 Image size of job updated: 50992
	50  -  MemoryUsage of job (MB)
	50992  -  ResidentSetSize of job (KB)
...
006 (66245.000.000) 08/27 11:54:18 Image size of job updated: 246328
	208  -  MemoryUsage of job (MB)
	212100  -  ResidentSetSize of job (KB)
...
006 (66245.000.000) 08/27 11:59:04 Image size of job updated: 638524
	570  -  MemoryUsage of job (MB)
	583596  -  ResidentSetSize of job (KB)
...
006 (66245.000.000) 08/27 12:14:05 Image size of job updated: 894980
	594  -  MemoryUsage of job (MB)
	607888  -  ResidentSetSize of job (KB)
...
006 (66245.000.000) 08/27 12:54:10 Image size of job updated: 1089844
	753  -  MemoryUsage of job (MB)
	770208  -  ResidentSetSize of job (KB)
...
006 (66245.000.000) 08/27 13:19:13 Image size of job updated: 1136452
	753  -  MemoryUsage of job (MB)
	770208  -  ResidentSetSize of job (KB)
...
006 (66245.000.000) 08/27 16:19:33 Image size of job updated: 1198236
	753  -  MemoryUsage of job (MB)
	770208  -  ResidentSetSize of job (KB)
...
006 (66245.000.000) 08/27 17:44:43 Image size of job updated: 1230132
	753  -  MemoryUsage of job (MB)
	770208  -  ResidentSetSize of job (KB)
...
006 (66245.000.000) 08/27 18:14:45 Image size of job updated: 1308240
	753  -  MemoryUsage of job (MB)
	770208  -  ResidentSetSize of job (KB)
...
006 (66245.000.000) 08/27 22:00:18 Image size of job updated: 1308240
	763  -  MemoryUsage of job (MB)
	780800  -  ResidentSetSize of job (KB)
...
006 (66245.000.000) 08/27 22:05:07 Image size of job updated: 1308240
	799  -  MemoryUsage of job (MB)
	817440  -  ResidentSetSize of job (KB)
...
006 (66245.000.000) 08/27 22:10:07 Image size of job updated: 1308240
	843  -  MemoryUsage of job (MB)
	862368  -  ResidentSetSize of job (KB)
...
006 (66245.000.000) 08/27 22:20:08 Image size of job updated: 1308240
	848  -  MemoryUsage of job (MB)
	867856  -  ResidentSetSize of job (KB)
...
006 (66245.000.000) 08/27 22:25:08 Image size of job updated: 1308240
	878  -  MemoryUsage of job (MB)
	898928  -  ResidentSetSize of job (KB)
...
006 (66245.000.000) 08/27 22:30:18 Image size of job updated: 1308240
	914  -  MemoryUsage of job (MB)
	935480  -  ResidentSetSize of job (KB)
...
006 (66245.000.000) 08/27 22:35:10 Image size of job updated: 1308240
	915  -  MemoryUsage of job (MB)
	936836  -  ResidentSetSize of job (KB)
...
005 (66245.000.000) 08/27 22:36:00 Job terminated.
	(1) Normal termination (return value 135)
		Usr 0 01:11:56, Sys 0 00:08:09  -  Run Remote Usage
		Usr 0 00:00:00, Sys 0 00:00:00  -  Run Local Usage
		Usr 0 01:11:56, Sys 0 00:08:09  -  Total Remote Usage
		Usr 0 00:00:00, Sys 0 00:00:00  -  Total Local Usage
	5226  -  Run Bytes Sent By Job
	237  -  Run Bytes Received By Job
	5226  -  Total Bytes Sent By Job
	237  -  Total Bytes Received By Job
	Partitionable Resources :    Usage  Request Allocated
	   Cpus                 :                 1         1
	   Disk (KB)            :       15        1   2614828
	   Memory (MB)          :      915     1024      1024
...
000 (545.000.000) 08/28 17:53:59 Job submitted from host: <194.36.1.211:9618?addrs=194.36.1.211-9618+[--1]-9618&noUDP&sock=1189_2232_3>
...
009 (545.000.000) 08/28 17:54:56 Job was aborted by the user.
	via condor_rm (by user jnugent)
...
000 (66368.000.000) 08/28 17:55:38 Job submitted from host: <172.20.203.50:9618?addrs=172.20.203.50-9618+[--1]-9618&noUDP&sock=7405_cae4_4>
...
022 (66368.000.000) 08/28 17:55:51 Job disconnected, attempting to reconnect
    Socket between submit and execute hosts closed unexpectedly
    Trying to reconnect to slot1_7@node006.ppe.gla.ac.uk <10.194.1.6:9618?addrs=10.194.1.6-9618+[--1]-9618&noUDP&sock=26470_cbfa_3>
...
024 (66368.000.000) 08/28 17:56:00 Job reconnection failed
    Job not found at execution machine
    Can not reconnect to slot1_7@node006.ppe.gla.ac.uk, rescheduling job
...
004 (66368.000.000) 08/28 17:56:52 Job was evicted.
	(0) Job was not checkpointed.
		Usr 0 00:00:00, Sys 0 00:00:00  -  Run Remote Usage
		Usr 0 00:00:00, Sys 0 00:00:00  -  Run Local Usage
	0  -  Run Bytes Sent By Job
	237  -  Run Bytes Received By Job
	Partitionable Resources :    Usage  Request Allocated
	   Cpus                 :                 1         1
	   Disk (KB)            :       10        1   4187667
	   Memory (MB)          :              1024      1024
...
009 (66368.000.000) 08/28 17:56:52 Job was aborted by the user.
	via condor_rm (by user jnugent)
...
000 (66468.000.000) 08/28 17:59:34 Job submitted from host: <172.20.203.50:9618?addrs=172.20.203.50-9618+[--1]-9618&noUDP&sock=7405_cae4_4>
...
022 (66468.000.000) 08/28 17:59:54 Job disconnected, attempting to reconnect
    Socket between submit and execute hosts closed unexpectedly
    Trying to reconnect to slot1_2@node006.ppe.gla.ac.uk <10.194.1.6:9618?addrs=10.194.1.6-9618+[--1]-9618&noUDP&sock=26470_cbfa_3>
...
024 (66468.000.000) 08/28 18:00:02 Job reconnection failed
    Job not found at execution machine
    Can not reconnect to slot1_2@node006.ppe.gla.ac.uk, rescheduling job
...
022 (66468.000.000) 08/28 18:00:14 Job disconnected, attempting to reconnect
    Socket between submit and execute hosts closed unexpectedly
    Trying to reconnect to slot1_1@node006.ppe.gla.ac.uk <10.194.1.6:9618?addrs=10.194.1.6-9618+[--1]-9618&noUDP&sock=26470_cbfa_3>
...
024 (66468.000.000) 08/28 18:00:22 Job reconnection failed
    Job not found at execution machine
    Can not reconnect to slot1_1@node006.ppe.gla.ac.uk, rescheduling job
...
022 (66468.000.000) 08/28 18:01:13 Job disconnected, attempting to reconnect
    Socket between submit and execute hosts closed unexpectedly
    Trying to reconnect to slot1_1@node006.ppe.gla.ac.uk <10.194.1.6:9618?addrs=10.194.1.6-9618+[--1]-9618&noUDP&sock=26470_cbfa_3>
...
024 (66468.000.000) 08/28 18:01:21 Job reconnection failed
    Job not found at execution machine
    Can not reconnect to slot1_1@node006.ppe.gla.ac.uk, rescheduling job
...
022 (66468.000.000) 08/28 18:02:14 Job disconnected, attempting to reconnect
    Socket between submit and execute hosts closed unexpectedly
    Trying to reconnect to slot1_1@node006.ppe.gla.ac.uk <10.194.1.6:9618?addrs=10.194.1.6-9618+[--1]-9618&noUDP&sock=26470_cbfa_3>
...
024 (66468.000.000) 08/28 18:02:22 Job reconnection failed
    Job not found at execution machine
    Can not reconnect to slot1_1@node006.ppe.gla.ac.uk, rescheduling job
...
022 (66468.000.000) 08/28 18:03:13 Job disconnected, attempting to reconnect
    Socket between submit and execute hosts closed unexpectedly
    Trying to reconnect to slot1_1@node006.ppe.gla.ac.uk <10.194.1.6:9618?addrs=10.194.1.6-9618+[--1]-9618&noUDP&sock=26470_cbfa_3>
...
024 (66468.000.000) 08/28 18:03:21 Job reconnection failed
    Job not found at execution machine
    Can not reconnect to slot1_1@node006.ppe.gla.ac.uk, rescheduling job
...
022 (66468.000.000) 08/28 18:04:11 Job disconnected, attempting to reconnect
    Socket between submit and execute hosts closed unexpectedly
    Trying to reconnect to slot1_1@node006.ppe.gla.ac.uk <10.194.1.6:9618?addrs=10.194.1.6-9618+[--1]-9618&noUDP&sock=26470_cbfa_3>
...
024 (66468.000.000) 08/28 18:04:19 Job reconnection failed
    Job not found at execution machine
    Can not reconnect to slot1_1@node006.ppe.gla.ac.uk, rescheduling job
...
022 (66468.000.000) 08/28 18:05:10 Job disconnected, attempting to reconnect
    Socket between submit and execute hosts closed unexpectedly
    Trying to reconnect to slot1_1@node006.ppe.gla.ac.uk <10.194.1.6:9618?addrs=10.194.1.6-9618+[--1]-9618&noUDP&sock=26470_cbfa_3>
...
024 (66468.000.000) 08/28 18:05:18 Job reconnection failed
    Job not found at execution machine
    Can not reconnect to slot1_1@node006.ppe.gla.ac.uk, rescheduling job
...
022 (66468.000.000) 08/28 18:06:10 Job disconnected, attempting to reconnect
    Socket between submit and execute hosts closed unexpectedly
    Trying to reconnect to slot1_1@node006.ppe.gla.ac.uk <10.194.1.6:9618?addrs=10.194.1.6-9618+[--1]-9618&noUDP&sock=26470_cbfa_3>
...
024 (66468.000.000) 08/28 18:06:19 Job reconnection failed
    Job not found at execution machine
    Can not reconnect to slot1_1@node006.ppe.gla.ac.uk, rescheduling job
...
022 (66468.000.000) 08/28 18:07:11 Job disconnected, attempting to reconnect
    Socket between submit and execute hosts closed unexpectedly
    Trying to reconnect to slot1_1@node006.ppe.gla.ac.uk <10.194.1.6:9618?addrs=10.194.1.6-9618+[--1]-9618&noUDP&sock=26470_cbfa_3>
...
024 (66468.000.000) 08/28 18:07:19 Job reconnection failed
    Job not found at execution machine
    Can not reconnect to slot1_1@node006.ppe.gla.ac.uk, rescheduling job
...
022 (66468.000.000) 08/28 18:08:10 Job disconnected, attempting to reconnect
    Socket between submit and execute hosts closed unexpectedly
    Trying to reconnect to slot1_1@node006.ppe.gla.ac.uk <10.194.1.6:9618?addrs=10.194.1.6-9618+[--1]-9618&noUDP&sock=26470_cbfa_3>
...
024 (66468.000.000) 08/28 18:08:18 Job reconnection failed
    Job not found at execution machine
    Can not reconnect to slot1_1@node006.ppe.gla.ac.uk, rescheduling job
...
001 (66468.000.000) 08/28 18:09:12 Job executing on host: <10.194.1.8:9618?addrs=10.194.1.8-9618+[--1]-9618&noUDP&sock=18553_64af_6>
...
006 (66468.000.000) 08/28 18:09:21 Image size of job updated: 341008
	333  -  MemoryUsage of job (MB)
	340868  -  ResidentSetSize of job (KB)
...
006 (66468.000.000) 08/28 18:14:22 Image size of job updated: 497076
	486  -  MemoryUsage of job (MB)
	496936  -  ResidentSetSize of job (KB)
...
006 (66468.000.000) 08/28 18:19:23 Image size of job updated: 629860
	615  -  MemoryUsage of job (MB)
	629720  -  ResidentSetSize of job (KB)
...
006 (66468.000.000) 08/28 18:49:25 Image size of job updated: 827204
	808  -  MemoryUsage of job (MB)
	827064  -  ResidentSetSize of job (KB)
...
006 (66468.000.000) 08/28 19:14:28 Image size of job updated: 854436
	835  -  MemoryUsage of job (MB)
	854296  -  ResidentSetSize of job (KB)
...
006 (66468.000.000) 08/28 19:19:29 Image size of job updated: 854436
	835  -  MemoryUsage of job (MB)
	854304  -  ResidentSetSize of job (KB)
...
006 (66468.000.000) 08/28 19:24:30 Image size of job updated: 996356
	973  -  MemoryUsage of job (MB)
	996216  -  ResidentSetSize of job (KB)
...
006 (66468.000.000) 08/28 19:44:31 Image size of job updated: 1147952
	1109  -  MemoryUsage of job (MB)
	1134996  -  ResidentSetSize of job (KB)
...
006 (66468.000.000) 08/28 20:04:33 Image size of job updated: 1329984
	1263  -  MemoryUsage of job (MB)
	1292812  -  ResidentSetSize of job (KB)
...
006 (66468.000.000) 08/28 20:29:36 Image size of job updated: 1335004
	1263  -  MemoryUsage of job (MB)
	1292812  -  ResidentSetSize of job (KB)
...
006 (66468.000.000) 08/28 20:34:36 Image size of job updated: 1400012
	1263  -  MemoryUsage of job (MB)
	1292812  -  ResidentSetSize of job (KB)
...
006 (66468.000.000) 08/28 20:39:36 Image size of job updated: 1436880
	1292  -  MemoryUsage of job (MB)
	1322388  -  ResidentSetSize of job (KB)
...
006 (66468.000.000) 08/28 20:49:37 Image size of job updated: 1650980
	1413  -  MemoryUsage of job (MB)
	1446396  -  ResidentSetSize of job (KB)
...
006 (66468.000.000) 08/28 21:04:39 Image size of job updated: 1719928
	1413  -  MemoryUsage of job (MB)
	1446396  -  ResidentSetSize of job (KB)
...
006 (66468.000.000) 08/28 21:14:40 Image size of job updated: 1868864
	1413  -  MemoryUsage of job (MB)
	1446396  -  ResidentSetSize of job (KB)
...
006 (66468.000.000) 08/28 21:54:44 Image size of job updated: 1983196
	1413  -  MemoryUsage of job (MB)
	1446396  -  ResidentSetSize of job (KB)
...
006 (66468.000.000) 08/28 21:59:44 Image size of job updated: 2039060
	1413  -  MemoryUsage of job (MB)
	1446396  -  ResidentSetSize of job (KB)
...
006 (66468.000.000) 08/28 22:28:29 Image size of job updated: 2352936
	1413  -  MemoryUsage of job (MB)
	1446396  -  ResidentSetSize of job (KB)
...
006 (66468.000.000) 08/28 23:15:37 Image size of job updated: 2697024
	2115  -  MemoryUsage of job (MB)
	2165508  -  ResidentSetSize of job (KB)
...
006 (66468.000.000) 08/29 01:04:23 Image size of job updated: 3187452
	2115  -  MemoryUsage of job (MB)
	2165508  -  ResidentSetSize of job (KB)
...
006 (66468.000.000) 08/29 01:39:28 Image size of job updated: 3203952
	2115  -  MemoryUsage of job (MB)
	2165508  -  ResidentSetSize of job (KB)
...
006 (66468.000.000) 08/29 01:49:29 Image size of job updated: 3484148
	2115  -  MemoryUsage of job (MB)
	2165508  -  ResidentSetSize of job (KB)
...
006 (66468.000.000) 08/29 02:24:33 Image size of job updated: 3813556
	2115  -  MemoryUsage of job (MB)
	2165508  -  ResidentSetSize of job (KB)
...
006 (66468.000.000) 08/29 03:59:43 Image size of job updated: 3836092
	2115  -  MemoryUsage of job (MB)
	2165508  -  ResidentSetSize of job (KB)
...
006 (66468.000.000) 08/29 04:04:44 Image size of job updated: 4234016
	2347  -  MemoryUsage of job (MB)
	2402716  -  ResidentSetSize of job (KB)
...
006 (66468.000.000) 08/29 04:54:50 Image size of job updated: 4678448
	2781  -  MemoryUsage of job (MB)
	2847024  -  ResidentSetSize of job (KB)
...
006 (66468.000.000) 08/29 05:45:04 Image size of job updated: 4961432
	3014  -  MemoryUsage of job (MB)
	3085736  -  ResidentSetSize of job (KB)
...
006 (66468.000.000) 08/29 06:40:00 Image size of job updated: 5132548
	3091  -  MemoryUsage of job (MB)
	3164360  -  ResidentSetSize of job (KB)
...
006 (66468.000.000) 08/29 07:15:04 Image size of job updated: 5178956
	3122  -  MemoryUsage of job (MB)
	3196312  -  ResidentSetSize of job (KB)
...
006 (66468.000.000) 08/29 08:05:09 Image size of job updated: 5464152
	3275  -  MemoryUsage of job (MB)
	3353356  -  ResidentSetSize of job (KB)
...
006 (66468.000.000) 08/29 08:25:11 Image size of job updated: 5549996
	3359  -  MemoryUsage of job (MB)
	3438880  -  ResidentSetSize of job (KB)
...
006 (66468.000.000) 08/29 08:35:13 Image size of job updated: 5679096
	3449  -  MemoryUsage of job (MB)
	3530784  -  ResidentSetSize of job (KB)
...
006 (66468.000.000) 08/29 08:45:14 Image size of job updated: 5822348
	3588  -  MemoryUsage of job (MB)
	3673932  -  ResidentSetSize of job (KB)
...
006 (66468.000.000) 08/29 20:10:40 Image size of job updated: 5928660
	3604  -  MemoryUsage of job (MB)
	3690464  -  ResidentSetSize of job (KB)
...
006 (66468.000.000) 08/29 20:16:14 Image size of job updated: 6010632
	3672  -  MemoryUsage of job (MB)
	3759736  -  ResidentSetSize of job (KB)
...
006 (66468.000.000) 08/29 20:25:34 Image size of job updated: 6107916
	3672  -  MemoryUsage of job (MB)
	3759736  -  ResidentSetSize of job (KB)
...
006 (66468.000.000) 08/29 20:41:28 Image size of job updated: 6375836
	3860  -  MemoryUsage of job (MB)
	3951880  -  ResidentSetSize of job (KB)
...
006 (66468.000.000) 08/29 20:55:02 Image size of job updated: 6501680
	3860  -  MemoryUsage of job (MB)
	3951880  -  ResidentSetSize of job (KB)
...
006 (66468.000.000) 08/29 21:03:10 Image size of job updated: 6514496
	3860  -  MemoryUsage of job (MB)
	3951880  -  ResidentSetSize of job (KB)
...
006 (66468.000.000) 08/29 21:36:14 Image size of job updated: 6514496
	3868  -  MemoryUsage of job (MB)
	3960116  -  ResidentSetSize of job (KB)
...
006 (66468.000.000) 08/29 22:45:05 Image size of job updated: 6514496
	3872  -  MemoryUsage of job (MB)
	3964728  -  ResidentSetSize of job (KB)
...
006 (66468.000.000) 08/29 22:55:59 Image size of job updated: 6514496
	3917  -  MemoryUsage of job (MB)
	4010448  -  ResidentSetSize of job (KB)
...
006 (66468.000.000) 08/29 23:15:30 Image size of job updated: 6514684
	3942  -  MemoryUsage of job (MB)
	4035944  -  ResidentSetSize of job (KB)
...
006 (66468.000.000) 08/30 00:24:01 Image size of job updated: 6514684
	3982  -  MemoryUsage of job (MB)
	4077240  -  ResidentSetSize of job (KB)
...
022 (66468.000.000) 08/30 01:08:46 Job disconnected, attempting to reconnect
    Socket between submit and execute hosts closed unexpectedly
    Trying to reconnect to slot1_7@node008.ppe.gla.ac.uk <10.194.1.8:9618?addrs=10.194.1.8-9618+[--1]-9618&noUDP&sock=18553_64af_6>
...
024 (66468.000.000) 08/30 01:48:46 Job reconnection failed
    Job disconnected too long: JobLeaseDuration (2400 seconds) expired
    Can not reconnect to slot1_7@node008.ppe.gla.ac.uk, rescheduling job
...
001 (66468.000.000) 08/30 01:54:40 Job executing on host: <10.194.1.8:9618?addrs=10.194.1.8-9618+[--1]-9618&noUDP&sock=5976_9e0e_3>
...
005 (66468.000.000) 08/30 15:23:27 Job terminated.
	(1) Normal termination (return value 135)
		Usr 0 09:43:06, Sys 0 00:22:40  -  Run Remote Usage
		Usr 0 00:00:00, Sys 0 00:00:00  -  Run Local Usage
		Usr 0 09:43:06, Sys 0 00:22:40  -  Total Remote Usage
		Usr 0 00:00:00, Sys 0 00:00:00  -  Total Local Usage
	168957  -  Run Bytes Sent By Job
	237  -  Run Bytes Received By Job
	168957  -  Total Bytes Sent By Job
	474  -  Total Bytes Received By Job
	Partitionable Resources :    Usage  Request Allocated
	   Cpus                 :                 1         1
	   Disk (KB)            :     4000     4000  10479108
	   Memory (MB)          :     4151     1024      1024
...
