000 (60066.000.000) 07/31 10:18:18 Job submitted from host: <172.20.203.50:9618?addrs=172.20.203.50-9618+[--1]-9618&noUDP&sock=7405_cae4_4>
...
001 (60066.000.000) 07/31 10:18:40 Job executing on host: <10.194.1.6:9618?addrs=10.194.1.6-9618+[--1]-9618&noUDP&sock=1628_4045_3>
...
006 (60066.000.000) 07/31 10:18:48 Image size of job updated: 48128
	47  -  MemoryUsage of job (MB)
	48128  -  ResidentSetSize of job (KB)
...
006 (60066.000.000) 07/31 10:23:48 Image size of job updated: 278064
	272  -  MemoryUsage of job (MB)
	278064  -  ResidentSetSize of job (KB)
...
006 (60066.000.000) 07/31 10:28:49 Image size of job updated: 607876
	594  -  MemoryUsage of job (MB)
	607876  -  ResidentSetSize of job (KB)
...
006 (60066.000.000) 07/31 10:29:18 Image size of job updated: 607876
	594  -  MemoryUsage of job (MB)
	607884  -  ResidentSetSize of job (KB)
...
004 (60066.000.000) 07/31 10:29:18 Job was evicted.
	(0) Job was not checkpointed.
		Usr 0 00:09:55, Sys 0 00:00:18  -  Run Remote Usage
		Usr 0 00:00:00, Sys 0 00:00:00  -  Run Local Usage
	0  -  Run Bytes Sent By Job
	237  -  Run Bytes Received By Job
	Partitionable Resources :    Usage  Request Allocated
	   Cpus                 :                 1         1
	   Disk (KB)            :       15        1    246565
	   Memory (MB)          :      594     1024      1024
...
009 (60066.000.000) 07/31 10:29:18 Job was aborted by the user.
	via condor_rm (by user jnugent)
...
000 (60166.000.000) 07/31 10:29:58 Job submitted from host: <172.20.203.50:9618?addrs=172.20.203.50-9618+[--1]-9618&noUDP&sock=7405_cae4_4>
...
001 (60166.000.000) 07/31 10:30:19 Job executing on host: <10.194.1.8:9618?addrs=10.194.1.8-9618+[--1]-9618&noUDP&sock=2118_59ad_3>
...
006 (60166.000.000) 07/31 10:30:28 Image size of job updated: 371256
	361  -  MemoryUsage of job (MB)
	369248  -  ResidentSetSize of job (KB)
...
006 (60166.000.000) 07/31 10:35:29 Image size of job updated: 805252
	785  -  MemoryUsage of job (MB)
	803244  -  ResidentSetSize of job (KB)
...
006 (60166.000.000) 07/31 10:40:30 Image size of job updated: 1070592
	1044  -  MemoryUsage of job (MB)
	1068584  -  ResidentSetSize of job (KB)
...
006 (60166.000.000) 07/31 10:55:32 Image size of job updated: 1296184
	1264  -  MemoryUsage of job (MB)
	1293924  -  ResidentSetSize of job (KB)
...
006 (60166.000.000) 07/31 11:00:32 Image size of job updated: 1349784
	1316  -  MemoryUsage of job (MB)
	1347508  -  ResidentSetSize of job (KB)
...
006 (60166.000.000) 07/31 11:35:35 Image size of job updated: 1552536
	1463  -  MemoryUsage of job (MB)
	1497672  -  ResidentSetSize of job (KB)
...
006 (60166.000.000) 07/31 11:40:35 Image size of job updated: 1552536
	1466  -  MemoryUsage of job (MB)
	1500328  -  ResidentSetSize of job (KB)
...
006 (60166.000.000) 07/31 11:50:37 Image size of job updated: 1929252
	1834  -  MemoryUsage of job (MB)
	1877952  -  ResidentSetSize of job (KB)
...
006 (60166.000.000) 07/31 12:20:40 Image size of job updated: 2016724
	1882  -  MemoryUsage of job (MB)
	1927152  -  ResidentSetSize of job (KB)
...
006 (60166.000.000) 07/31 12:25:41 Image size of job updated: 2030820
	1888  -  MemoryUsage of job (MB)
	1932368  -  ResidentSetSize of job (KB)
...
006 (60166.000.000) 07/31 12:40:43 Image size of job updated: 2093104
	1910  -  MemoryUsage of job (MB)
	1955460  -  ResidentSetSize of job (KB)
...
006 (60166.000.000) 07/31 12:45:43 Image size of job updated: 2281084
	2087  -  MemoryUsage of job (MB)
	2136308  -  ResidentSetSize of job (KB)
...
006 (60166.000.000) 07/31 12:50:43 Image size of job updated: 2281084
	2087  -  MemoryUsage of job (MB)
	2136316  -  ResidentSetSize of job (KB)
...
006 (60166.000.000) 07/31 13:00:46 Image size of job updated: 3113928
	2661  -  MemoryUsage of job (MB)
	2724304  -  ResidentSetSize of job (KB)
...
006 (60166.000.000) 07/31 13:05:46 Image size of job updated: 3219660
	2910  -  MemoryUsage of job (MB)
	2979420  -  ResidentSetSize of job (KB)
...
004 (60166.000.000) 07/31 13:10:17 Job was evicted.
	(0) Job was not checkpointed.
		Usr 0 02:18:47, Sys 0 00:05:37  -  Run Remote Usage
		Usr 0 00:00:00, Sys 0 00:00:00  -  Run Local Usage
	0  -  Run Bytes Sent By Job
	237  -  Run Bytes Received By Job
	Partitionable Resources :    Usage  Request Allocated
	   Cpus                 :                 2         2
	   Disk (KB)            :       15        1    246255
	   Memory (MB)          :     2910     4096      4096
...
009 (60166.000.000) 07/31 13:10:17 Job was aborted by the user.
	via condor_rm (by user jnugent)
...
000 (60274.000.000) 07/31 13:11:09 Job submitted from host: <172.20.203.50:9618?addrs=172.20.203.50-9618+[--1]-9618&noUDP&sock=7405_cae4_4>
...
009 (60274.000.000) 07/31 20:07:17 Job was aborted by the user.
	via condor_rm (by user jnugent)
...
000 (62069.000.000) 07/31 20:08:35 Job submitted from host: <172.20.203.50:9618?addrs=172.20.203.50-9618+[--1]-9618&noUDP&sock=7405_cae4_4>
...
001 (62069.000.000) 07/31 20:25:44 Job executing on host: <10.194.1.6:9618?addrs=10.194.1.6-9618+[--1]-9618&noUDP&sock=1628_4045_3>
...
006 (62069.000.000) 07/31 20:25:53 Image size of job updated: 143336
	140  -  MemoryUsage of job (MB)
	143336  -  ResidentSetSize of job (KB)
...
006 (62069.000.000) 07/31 20:30:54 Image size of job updated: 373712
	365  -  MemoryUsage of job (MB)
	373712  -  ResidentSetSize of job (KB)
...
006 (62069.000.000) 07/31 20:40:54 Image size of job updated: 541128
	529  -  MemoryUsage of job (MB)
	541124  -  ResidentSetSize of job (KB)
...
006 (62069.000.000) 07/31 20:50:55 Image size of job updated: 620820
	529  -  MemoryUsage of job (MB)
	541124  -  ResidentSetSize of job (KB)
...
006 (62069.000.000) 07/31 20:55:55 Image size of job updated: 757612
	659  -  MemoryUsage of job (MB)
	674652  -  ResidentSetSize of job (KB)
...
006 (62069.000.000) 07/31 21:30:58 Image size of job updated: 946484
	711  -  MemoryUsage of job (MB)
	727980  -  ResidentSetSize of job (KB)
...
006 (62069.000.000) 07/31 21:40:59 Image size of job updated: 946484
	742  -  MemoryUsage of job (MB)
	759672  -  ResidentSetSize of job (KB)
...
006 (62069.000.000) 07/31 21:45:59 Image size of job updated: 946484
	742  -  MemoryUsage of job (MB)
	759680  -  ResidentSetSize of job (KB)
...
006 (62069.000.000) 07/31 22:06:01 Image size of job updated: 1081580
	911  -  MemoryUsage of job (MB)
	932664  -  ResidentSetSize of job (KB)
...
006 (62069.000.000) 07/31 22:11:02 Image size of job updated: 1577664
	1380  -  MemoryUsage of job (MB)
	1412496  -  ResidentSetSize of job (KB)
...
006 (62069.000.000) 07/31 22:16:02 Image size of job updated: 1619636
	1380  -  MemoryUsage of job (MB)
	1412496  -  ResidentSetSize of job (KB)
...
006 (62069.000.000) 07/31 22:31:04 Image size of job updated: 1644012
	1380  -  MemoryUsage of job (MB)
	1412496  -  ResidentSetSize of job (KB)
...
006 (62069.000.000) 07/31 22:46:05 Image size of job updated: 1650328
	1380  -  MemoryUsage of job (MB)
	1412496  -  ResidentSetSize of job (KB)
...
006 (62069.000.000) 07/31 22:51:05 Image size of job updated: 1796616
	1380  -  MemoryUsage of job (MB)
	1412496  -  ResidentSetSize of job (KB)
...
006 (62069.000.000) 07/31 23:01:06 Image size of job updated: 1851100
	1380  -  MemoryUsage of job (MB)
	1412496  -  ResidentSetSize of job (KB)
...
006 (62069.000.000) 07/31 23:51:10 Image size of job updated: 1969664
	1380  -  MemoryUsage of job (MB)
	1412496  -  ResidentSetSize of job (KB)
...
006 (62069.000.000) 08/01 00:11:12 Image size of job updated: 1970076
	1380  -  MemoryUsage of job (MB)
	1412496  -  ResidentSetSize of job (KB)
...
006 (62069.000.000) 08/01 00:31:15 Image size of job updated: 2145436
	1380  -  MemoryUsage of job (MB)
	1412496  -  ResidentSetSize of job (KB)
...
006 (62069.000.000) 08/01 00:46:16 Image size of job updated: 2292680
	1380  -  MemoryUsage of job (MB)
	1412496  -  ResidentSetSize of job (KB)
...
006 (62069.000.000) 08/01 01:11:20 Image size of job updated: 2408780
	1380  -  MemoryUsage of job (MB)
	1412496  -  ResidentSetSize of job (KB)
...
006 (62069.000.000) 08/01 01:56:25 Image size of job updated: 2408780
	1630  -  MemoryUsage of job (MB)
	1668260  -  ResidentSetSize of job (KB)
...
006 (62069.000.000) 08/01 02:01:25 Image size of job updated: 2408780
	1879  -  MemoryUsage of job (MB)
	1923580  -  ResidentSetSize of job (KB)
...
006 (62069.000.000) 08/01 02:26:28 Image size of job updated: 2591284
	1879  -  MemoryUsage of job (MB)
	1923580  -  ResidentSetSize of job (KB)
...
006 (62069.000.000) 08/01 02:31:29 Image size of job updated: 2693796
	1879  -  MemoryUsage of job (MB)
	1923580  -  ResidentSetSize of job (KB)
...
006 (62069.000.000) 08/01 02:46:31 Image size of job updated: 2777364
	1879  -  MemoryUsage of job (MB)
	1923580  -  ResidentSetSize of job (KB)
...
006 (62069.000.000) 08/01 02:56:31 Image size of job updated: 2844984
	1879  -  MemoryUsage of job (MB)
	1923580  -  ResidentSetSize of job (KB)
...
006 (62069.000.000) 08/01 03:51:38 Image size of job updated: 2873544
	1879  -  MemoryUsage of job (MB)
	1923580  -  ResidentSetSize of job (KB)
...
006 (62069.000.000) 08/01 04:06:39 Image size of job updated: 2882188
	1879  -  MemoryUsage of job (MB)
	1923580  -  ResidentSetSize of job (KB)
...
006 (62069.000.000) 08/01 04:26:41 Image size of job updated: 3149168
	1879  -  MemoryUsage of job (MB)
	1923580  -  ResidentSetSize of job (KB)
...
006 (62069.000.000) 08/01 04:46:43 Image size of job updated: 3212704
	1879  -  MemoryUsage of job (MB)
	1923580  -  ResidentSetSize of job (KB)
...
006 (62069.000.000) 08/01 05:21:47 Image size of job updated: 3254644
	1879  -  MemoryUsage of job (MB)
	1923580  -  ResidentSetSize of job (KB)
...
006 (62069.000.000) 08/01 05:31:47 Image size of job updated: 3385608
	1879  -  MemoryUsage of job (MB)
	1923580  -  ResidentSetSize of job (KB)
...
006 (62069.000.000) 08/01 05:46:49 Image size of job updated: 3655116
	1879  -  MemoryUsage of job (MB)
	1923580  -  ResidentSetSize of job (KB)
...
006 (62069.000.000) 08/01 05:51:49 Image size of job updated: 3745244
	1879  -  MemoryUsage of job (MB)
	1923580  -  ResidentSetSize of job (KB)
...
006 (62069.000.000) 08/01 05:56:49 Image size of job updated: 3791852
	1879  -  MemoryUsage of job (MB)
	1923580  -  ResidentSetSize of job (KB)
...
006 (62069.000.000) 08/01 06:01:50 Image size of job updated: 3856476
	1879  -  MemoryUsage of job (MB)
	1923580  -  ResidentSetSize of job (KB)
...
006 (62069.000.000) 08/01 06:06:51 Image size of job updated: 3904748
	1879  -  MemoryUsage of job (MB)
	1923580  -  ResidentSetSize of job (KB)
...
006 (62069.000.000) 08/01 06:11:51 Image size of job updated: 3991540
	1879  -  MemoryUsage of job (MB)
	1923580  -  ResidentSetSize of job (KB)
...
006 (62069.000.000) 08/01 06:16:51 Image size of job updated: 4100020
	1879  -  MemoryUsage of job (MB)
	1923580  -  ResidentSetSize of job (KB)
...
006 (62069.000.000) 08/01 06:21:52 Image size of job updated: 4187812
	1879  -  MemoryUsage of job (MB)
	1923580  -  ResidentSetSize of job (KB)
...
006 (62069.000.000) 08/01 06:26:53 Image size of job updated: 4231468
	1879  -  MemoryUsage of job (MB)
	1923580  -  ResidentSetSize of job (KB)
...
006 (62069.000.000) 08/01 06:31:54 Image size of job updated: 4246712
	1879  -  MemoryUsage of job (MB)
	1923580  -  ResidentSetSize of job (KB)
...
006 (62069.000.000) 08/01 06:36:54 Image size of job updated: 4304736
	1879  -  MemoryUsage of job (MB)
	1923580  -  ResidentSetSize of job (KB)
...
006 (62069.000.000) 08/01 06:41:54 Image size of job updated: 4337152
	1879  -  MemoryUsage of job (MB)
	1923580  -  ResidentSetSize of job (KB)
...
006 (62069.000.000) 08/01 06:49:06 Image size of job updated: 4384076
	1925  -  MemoryUsage of job (MB)
	1970436  -  ResidentSetSize of job (KB)
...
006 (62069.000.000) 08/01 06:55:39 Image size of job updated: 4493840
	2079  -  MemoryUsage of job (MB)
	2127944  -  ResidentSetSize of job (KB)
...
006 (62069.000.000) 08/01 07:00:54 Image size of job updated: 4536068
	2103  -  MemoryUsage of job (MB)
	2152544  -  ResidentSetSize of job (KB)
...
006 (62069.000.000) 08/01 07:05:54 Image size of job updated: 4599604
	2161  -  MemoryUsage of job (MB)
	2212608  -  ResidentSetSize of job (KB)
...
006 (62069.000.000) 08/01 07:10:54 Image size of job updated: 4616880
	2165  -  MemoryUsage of job (MB)
	2216684  -  ResidentSetSize of job (KB)
...
006 (62069.000.000) 08/01 07:15:54 Image size of job updated: 4664092
	2210  -  MemoryUsage of job (MB)
	2262436  -  ResidentSetSize of job (KB)
...
006 (62069.000.000) 08/01 07:20:55 Image size of job updated: 4685008
	2224  -  MemoryUsage of job (MB)
	2276588  -  ResidentSetSize of job (KB)
...
006 (62069.000.000) 08/01 07:25:56 Image size of job updated: 4745504
	2265  -  MemoryUsage of job (MB)
	2318360  -  ResidentSetSize of job (KB)
...
006 (62069.000.000) 08/01 07:30:56 Image size of job updated: 4796268
	2265  -  MemoryUsage of job (MB)
	2318360  -  ResidentSetSize of job (KB)
...
006 (62069.000.000) 08/01 07:35:56 Image size of job updated: 4830416
	2269  -  MemoryUsage of job (MB)
	2322596  -  ResidentSetSize of job (KB)
...
006 (62069.000.000) 08/01 07:40:57 Image size of job updated: 4831116
	2269  -  MemoryUsage of job (MB)
	2322596  -  ResidentSetSize of job (KB)
...
006 (62069.000.000) 08/01 07:50:36 Image size of job updated: 4836460
	2269  -  MemoryUsage of job (MB)
	2322896  -  ResidentSetSize of job (KB)
...
006 (62069.000.000) 08/01 08:04:33 Image size of job updated: 4902528
	2452  -  MemoryUsage of job (MB)
	2510504  -  ResidentSetSize of job (KB)
...
006 (62069.000.000) 08/01 08:15:43 Image size of job updated: 4902528
	2534  -  MemoryUsage of job (MB)
	2594804  -  ResidentSetSize of job (KB)
...
006 (62069.000.000) 08/01 08:22:25 Image size of job updated: 4902528
	2585  -  MemoryUsage of job (MB)
	2646764  -  ResidentSetSize of job (KB)
...
006 (62069.000.000) 08/01 08:27:26 Image size of job updated: 4902528
	2626  -  MemoryUsage of job (MB)
	2688588  -  ResidentSetSize of job (KB)
...
004 (62069.000.000) 08/01 10:14:40 Job was evicted.
	(0) Job was not checkpointed.
		Usr 0 07:03:43, Sys 0 00:15:40  -  Run Remote Usage
		Usr 0 00:00:00, Sys 0 00:00:00  -  Run Local Usage
	0  -  Run Bytes Sent By Job
	237  -  Run Bytes Received By Job
	Partitionable Resources :    Usage  Request Allocated
	   Cpus                 :                 1         1
	   Disk (KB)            :       16        1    246565
	   Memory (MB)          :     2626     1024      1024
...
009 (62069.000.000) 08/01 10:14:40 Job was aborted by the user.
	via condor_rm (by user jnugent)
...
000 (63691.000.000) 08/02 10:44:25 Job submitted from host: <172.20.203.50:9618?addrs=172.20.203.50-9618+[--1]-9618&noUDP&sock=7405_cae4_4>
...
001 (63691.000.000) 08/02 10:44:46 Job executing on host: <10.194.1.8:9618?addrs=10.194.1.8-9618+[--1]-9618&noUDP&sock=37221_16ac_3>
...
006 (63691.000.000) 08/02 10:44:55 Image size of job updated: 63008
	49  -  MemoryUsage of job (MB)
	49976  -  ResidentSetSize of job (KB)
...
006 (63691.000.000) 08/02 10:49:56 Image size of job updated: 426376
	404  -  MemoryUsage of job (MB)
	412840  -  ResidentSetSize of job (KB)
...
006 (63691.000.000) 08/02 10:54:57 Image size of job updated: 540884
	515  -  MemoryUsage of job (MB)
	527348  -  ResidentSetSize of job (KB)
...
006 (63691.000.000) 08/02 11:04:57 Image size of job updated: 716168
	687  -  MemoryUsage of job (MB)
	702632  -  ResidentSetSize of job (KB)
...
006 (63691.000.000) 08/02 11:14:59 Image size of job updated: 731680
	702  -  MemoryUsage of job (MB)
	718144  -  ResidentSetSize of job (KB)
...
006 (63691.000.000) 08/02 11:20:00 Image size of job updated: 766180
	736  -  MemoryUsage of job (MB)
	752644  -  ResidentSetSize of job (KB)
...
006 (63691.000.000) 08/02 11:25:00 Image size of job updated: 800728
	769  -  MemoryUsage of job (MB)
	787192  -  ResidentSetSize of job (KB)
...
006 (63691.000.000) 08/02 11:30:01 Image size of job updated: 835520
	803  -  MemoryUsage of job (MB)
	821984  -  ResidentSetSize of job (KB)
...
006 (63691.000.000) 08/02 11:35:02 Image size of job updated: 881392
	848  -  MemoryUsage of job (MB)
	867856  -  ResidentSetSize of job (KB)
...
006 (63691.000.000) 08/02 11:55:04 Image size of job updated: 1006612
	970  -  MemoryUsage of job (MB)
	993076  -  ResidentSetSize of job (KB)
...
006 (63691.000.000) 08/02 12:00:05 Image size of job updated: 1006612
	973  -  MemoryUsage of job (MB)
	996088  -  ResidentSetSize of job (KB)
...
006 (63691.000.000) 08/02 12:05:05 Image size of job updated: 1065888
	1028  -  MemoryUsage of job (MB)
	1052352  -  ResidentSetSize of job (KB)
...
006 (63691.000.000) 08/02 12:10:05 Image size of job updated: 1186060
	1146  -  MemoryUsage of job (MB)
	1172524  -  ResidentSetSize of job (KB)
...
006 (63691.000.000) 08/02 12:15:06 Image size of job updated: 1446548
	1400  -  MemoryUsage of job (MB)
	1433012  -  ResidentSetSize of job (KB)
...
006 (63691.000.000) 08/02 12:30:08 Image size of job updated: 1689732
	1637  -  MemoryUsage of job (MB)
	1676196  -  ResidentSetSize of job (KB)
...
006 (63691.000.000) 08/02 13:15:12 Image size of job updated: 1992264
	1933  -  MemoryUsage of job (MB)
	1978728  -  ResidentSetSize of job (KB)
...
006 (63691.000.000) 08/02 13:35:14 Image size of job updated: 2193192
	2129  -  MemoryUsage of job (MB)
	2179656  -  ResidentSetSize of job (KB)
...
006 (63691.000.000) 08/02 14:10:18 Image size of job updated: 2328476
	2261  -  MemoryUsage of job (MB)
	2314940  -  ResidentSetSize of job (KB)
...
006 (63691.000.000) 08/02 14:30:20 Image size of job updated: 2491444
	2420  -  MemoryUsage of job (MB)
	2477904  -  ResidentSetSize of job (KB)
...
006 (63691.000.000) 08/02 14:40:25 Image size of job updated: 2620236
	2546  -  MemoryUsage of job (MB)
	2606620  -  ResidentSetSize of job (KB)
...
006 (63691.000.000) 08/02 14:50:22 Image size of job updated: 2689980
	2614  -  MemoryUsage of job (MB)
	2676296  -  ResidentSetSize of job (KB)
...
006 (63691.000.000) 08/02 15:00:23 Image size of job updated: 2699776
	2614  -  MemoryUsage of job (MB)
	2676296  -  ResidentSetSize of job (KB)
...
006 (63691.000.000) 08/02 15:10:24 Image size of job updated: 2700064
	2614  -  MemoryUsage of job (MB)
	2676296  -  ResidentSetSize of job (KB)
...
006 (63691.000.000) 08/02 15:20:25 Image size of job updated: 2727836
	2614  -  MemoryUsage of job (MB)
	2676296  -  ResidentSetSize of job (KB)
...
006 (63691.000.000) 08/02 15:30:25 Image size of job updated: 2734008
	2614  -  MemoryUsage of job (MB)
	2676296  -  ResidentSetSize of job (KB)
...
006 (63691.000.000) 08/02 16:15:31 Image size of job updated: 2924488
	2614  -  MemoryUsage of job (MB)
	2676296  -  ResidentSetSize of job (KB)
...
006 (63691.000.000) 08/02 16:45:35 Image size of job updated: 3023136
	2614  -  MemoryUsage of job (MB)
	2676296  -  ResidentSetSize of job (KB)
...
006 (63691.000.000) 08/02 17:00:36 Image size of job updated: 3136680
	2614  -  MemoryUsage of job (MB)
	2676296  -  ResidentSetSize of job (KB)
...
006 (63691.000.000) 08/02 17:20:39 Image size of job updated: 3326232
	2614  -  MemoryUsage of job (MB)
	2676296  -  ResidentSetSize of job (KB)
...
006 (63691.000.000) 08/02 17:30:39 Image size of job updated: 3360760
	2614  -  MemoryUsage of job (MB)
	2676296  -  ResidentSetSize of job (KB)
...
006 (63691.000.000) 08/02 18:00:43 Image size of job updated: 3391560
	2614  -  MemoryUsage of job (MB)
	2676296  -  ResidentSetSize of job (KB)
...
006 (63691.000.000) 08/02 18:10:44 Image size of job updated: 3429632
	2614  -  MemoryUsage of job (MB)
	2676296  -  ResidentSetSize of job (KB)
...
006 (63691.000.000) 08/02 18:15:45 Image size of job updated: 3695096
	2614  -  MemoryUsage of job (MB)
	2676296  -  ResidentSetSize of job (KB)
...
006 (63691.000.000) 08/02 18:20:45 Image size of job updated: 3736396
	2614  -  MemoryUsage of job (MB)
	2676296  -  ResidentSetSize of job (KB)
...
006 (63691.000.000) 08/02 18:30:46 Image size of job updated: 3782324
	2614  -  MemoryUsage of job (MB)
	2676296  -  ResidentSetSize of job (KB)
...
006 (63691.000.000) 08/02 18:35:46 Image size of job updated: 3950812
	2614  -  MemoryUsage of job (MB)
	2676296  -  ResidentSetSize of job (KB)
...
006 (63691.000.000) 08/02 18:40:46 Image size of job updated: 3983152
	2614  -  MemoryUsage of job (MB)
	2676296  -  ResidentSetSize of job (KB)
...
006 (63691.000.000) 08/02 18:46:46 Image size of job updated: 4010928
	2614  -  MemoryUsage of job (MB)
	2676296  -  ResidentSetSize of job (KB)
...
006 (63691.000.000) 08/02 18:50:47 Image size of job updated: 4018300
	2614  -  MemoryUsage of job (MB)
	2676296  -  ResidentSetSize of job (KB)
...
006 (63691.000.000) 08/02 18:55:48 Image size of job updated: 4031360
	2614  -  MemoryUsage of job (MB)
	2676296  -  ResidentSetSize of job (KB)
...
006 (63691.000.000) 08/02 19:04:34 Image size of job updated: 4055120
	2614  -  MemoryUsage of job (MB)
	2676296  -  ResidentSetSize of job (KB)
...
006 (63691.000.000) 08/02 19:21:22 Image size of job updated: 4111228
	2614  -  MemoryUsage of job (MB)
	2676296  -  ResidentSetSize of job (KB)
...
006 (63691.000.000) 08/02 19:50:03 Image size of job updated: 4244696
	2614  -  MemoryUsage of job (MB)
	2676296  -  ResidentSetSize of job (KB)
...
006 (63691.000.000) 08/02 20:23:01 Image size of job updated: 4339616
	2614  -  MemoryUsage of job (MB)
	2676296  -  ResidentSetSize of job (KB)
...
006 (63691.000.000) 08/02 20:53:57 Image size of job updated: 4490524
	2712  -  MemoryUsage of job (MB)
	2776436  -  ResidentSetSize of job (KB)
...
006 (63691.000.000) 08/02 21:20:11 Image size of job updated: 4635440
	2716  -  MemoryUsage of job (MB)
	2780988  -  ResidentSetSize of job (KB)
...
006 (63691.000.000) 08/02 21:40:02 Image size of job updated: 4705704
	2795  -  MemoryUsage of job (MB)
	2861824  -  ResidentSetSize of job (KB)
...
006 (63691.000.000) 08/02 21:54:37 Image size of job updated: 4742144
	2850  -  MemoryUsage of job (MB)
	2917964  -  ResidentSetSize of job (KB)
...
006 (63691.000.000) 08/02 22:05:33 Image size of job updated: 4757568
	2864  -  MemoryUsage of job (MB)
	2932504  -  ResidentSetSize of job (KB)
...
006 (63691.000.000) 08/02 22:18:23 Image size of job updated: 4837744
	2959  -  MemoryUsage of job (MB)
	3029096  -  ResidentSetSize of job (KB)
...
006 (63691.000.000) 08/02 22:33:18 Image size of job updated: 4868316
	2959  -  MemoryUsage of job (MB)
	3029096  -  ResidentSetSize of job (KB)
...
006 (63691.000.000) 08/02 22:43:50 Image size of job updated: 4905868
	2959  -  MemoryUsage of job (MB)
	3029188  -  ResidentSetSize of job (KB)
...
006 (63691.000.000) 08/02 22:50:51 Image size of job updated: 4931136
	2967  -  MemoryUsage of job (MB)
	3038152  -  ResidentSetSize of job (KB)
...
006 (63691.000.000) 08/02 23:03:01 Image size of job updated: 4976844
	2986  -  MemoryUsage of job (MB)
	3057388  -  ResidentSetSize of job (KB)
...
006 (63691.000.000) 08/02 23:19:46 Image size of job updated: 5017944
	3028  -  MemoryUsage of job (MB)
	3099840  -  ResidentSetSize of job (KB)
...
022 (63691.000.000) 08/03 00:40:27 Job disconnected, attempting to reconnect
    Socket between submit and execute hosts closed unexpectedly
    Trying to reconnect to slot1_5@node008.ppe.gla.ac.uk <10.194.1.8:9618?addrs=10.194.1.8-9618+[--1]-9618&noUDP&sock=37221_16ac_3>
...
024 (63691.000.000) 08/03 01:20:27 Job reconnection failed
    Job disconnected too long: JobLeaseDuration (2400 seconds) expired
    Can not reconnect to slot1_5@node008.ppe.gla.ac.uk, rescheduling job
...
001 (63691.000.000) 08/03 09:58:43 Job executing on host: <10.194.1.4:9618?addrs=10.194.1.4-9618+[--1]-9618&noUDP&sock=21589_d637_3>
...
004 (63691.000.000) 08/03 10:40:39 Job was evicted.
	(0) Job was not checkpointed.
		Usr 0 00:29:41, Sys 0 00:00:50  -  Run Remote Usage
		Usr 0 00:00:00, Sys 0 00:00:00  -  Run Local Usage
	0  -  Run Bytes Sent By Job
	237  -  Run Bytes Received By Job
	Partitionable Resources :    Usage  Request Allocated
	   Cpus                 :                 1         1
	   Disk (KB)            :       16       15   4187667
	   Memory (MB)          :     3174     1024      1024
...
009 (63691.000.000) 08/03 10:40:39 Job was aborted by the user.
	via condor_rm (by user jnugent)
...
000 (66095.000.000) 08/10 13:31:28 Job submitted from host: <172.20.203.50:9618?addrs=172.20.203.50-9618+[--1]-9618&noUDP&sock=7405_cae4_4>
...
001 (66095.000.000) 08/10 13:31:40 Job executing on host: <10.194.1.4:9618?addrs=10.194.1.4-9618+[--1]-9618&noUDP&sock=21589_d637_3>
...
006 (66095.000.000) 08/10 13:31:48 Image size of job updated: 48160
	47  -  MemoryUsage of job (MB)
	48116  -  ResidentSetSize of job (KB)
...
006 (66095.000.000) 08/10 13:36:48 Image size of job updated: 374528
	345  -  MemoryUsage of job (MB)
	352856  -  ResidentSetSize of job (KB)
...
006 (66095.000.000) 08/10 13:46:50 Image size of job updated: 541736
	478  -  MemoryUsage of job (MB)
	489376  -  ResidentSetSize of job (KB)
...
006 (66095.000.000) 08/10 13:51:50 Image size of job updated: 869076
	608  -  MemoryUsage of job (MB)
	622304  -  ResidentSetSize of job (KB)
...
006 (66095.000.000) 08/10 14:01:51 Image size of job updated: 895696
	789  -  MemoryUsage of job (MB)
	806944  -  ResidentSetSize of job (KB)
...
006 (66095.000.000) 08/10 14:06:52 Image size of job updated: 1163216
	789  -  MemoryUsage of job (MB)
	806944  -  ResidentSetSize of job (KB)
...
006 (66095.000.000) 08/10 14:11:52 Image size of job updated: 1165756
	789  -  MemoryUsage of job (MB)
	806944  -  ResidentSetSize of job (KB)
...
006 (66095.000.000) 08/10 14:31:54 Image size of job updated: 1165756
	814  -  MemoryUsage of job (MB)
	833200  -  ResidentSetSize of job (KB)
...
006 (66095.000.000) 08/10 14:36:54 Image size of job updated: 1192768
	814  -  MemoryUsage of job (MB)
	833200  -  ResidentSetSize of job (KB)
...
006 (66095.000.000) 08/10 16:02:02 Image size of job updated: 1206164
	814  -  MemoryUsage of job (MB)
	833200  -  ResidentSetSize of job (KB)
...
006 (66095.000.000) 08/10 19:17:20 Image size of job updated: 1211968
	814  -  MemoryUsage of job (MB)
	833200  -  ResidentSetSize of job (KB)
...
006 (66095.000.000) 08/10 19:22:21 Image size of job updated: 1483720
	814  -  MemoryUsage of job (MB)
	833200  -  ResidentSetSize of job (KB)
...
006 (66095.000.000) 08/10 19:27:22 Image size of job updated: 1530080
	821  -  MemoryUsage of job (MB)
	840036  -  ResidentSetSize of job (KB)
...
006 (66095.000.000) 08/10 21:07:31 Image size of job updated: 1845600
	821  -  MemoryUsage of job (MB)
	840036  -  ResidentSetSize of job (KB)
...
006 (66095.000.000) 08/10 21:52:36 Image size of job updated: 1994296
	821  -  MemoryUsage of job (MB)
	840036  -  ResidentSetSize of job (KB)
...
006 (66095.000.000) 08/10 22:17:39 Image size of job updated: 2120716
	821  -  MemoryUsage of job (MB)
	840036  -  ResidentSetSize of job (KB)
...
006 (66095.000.000) 08/10 22:22:40 Image size of job updated: 2270816
	821  -  MemoryUsage of job (MB)
	840036  -  ResidentSetSize of job (KB)
...
006 (66095.000.000) 08/10 22:58:06 Image size of job updated: 2316300
	821  -  MemoryUsage of job (MB)
	840036  -  ResidentSetSize of job (KB)
...
006 (66095.000.000) 08/10 23:03:06 Image size of job updated: 2493668
	821  -  MemoryUsage of job (MB)
	840036  -  ResidentSetSize of job (KB)
...
006 (66095.000.000) 08/10 23:08:07 Image size of job updated: 2495548
	821  -  MemoryUsage of job (MB)
	840036  -  ResidentSetSize of job (KB)
...
006 (66095.000.000) 08/11 00:17:48 Image size of job updated: 2581688
	821  -  MemoryUsage of job (MB)
	840036  -  ResidentSetSize of job (KB)
...
006 (66095.000.000) 08/11 01:13:40 Image size of job updated: 2766676
	1236  -  MemoryUsage of job (MB)
	1265068  -  ResidentSetSize of job (KB)
...
006 (66095.000.000) 08/11 10:04:32 Image size of job updated: 2883520
	1236  -  MemoryUsage of job (MB)
	1265068  -  ResidentSetSize of job (KB)
...
006 (66095.000.000) 08/11 10:19:34 Image size of job updated: 2909592
	1236  -  MemoryUsage of job (MB)
	1265068  -  ResidentSetSize of job (KB)
...
006 (66095.000.000) 08/11 10:24:35 Image size of job updated: 2909624
	1236  -  MemoryUsage of job (MB)
	1265068  -  ResidentSetSize of job (KB)
...
006 (66095.000.000) 08/11 12:08:18 Image size of job updated: 2959108
	1236  -  MemoryUsage of job (MB)
	1265068  -  ResidentSetSize of job (KB)
...
006 (66095.000.000) 08/11 13:33:28 Image size of job updated: 3059240
	1236  -  MemoryUsage of job (MB)
	1265068  -  ResidentSetSize of job (KB)
...
006 (66095.000.000) 08/11 13:48:29 Image size of job updated: 3125712
	1236  -  MemoryUsage of job (MB)
	1265068  -  ResidentSetSize of job (KB)
...
006 (66095.000.000) 08/11 14:18:33 Image size of job updated: 3280460
	1236  -  MemoryUsage of job (MB)
	1265068  -  ResidentSetSize of job (KB)
...
006 (66095.000.000) 08/11 14:43:35 Image size of job updated: 3461576
	1246  -  MemoryUsage of job (MB)
	1275688  -  ResidentSetSize of job (KB)
...
006 (66095.000.000) 08/11 14:53:37 Image size of job updated: 3698020
	1446  -  MemoryUsage of job (MB)
	1479816  -  ResidentSetSize of job (KB)
...
006 (66095.000.000) 08/11 15:03:38 Image size of job updated: 3745972
	1494  -  MemoryUsage of job (MB)
	1529048  -  ResidentSetSize of job (KB)
...
006 (66095.000.000) 08/11 15:08:47 Image size of job updated: 3818840
	1632  -  MemoryUsage of job (MB)
	1671052  -  ResidentSetSize of job (KB)
...
006 (66095.000.000) 08/11 15:13:38 Image size of job updated: 3868036
	1700  -  MemoryUsage of job (MB)
	1740004  -  ResidentSetSize of job (KB)
...
006 (66095.000.000) 08/11 15:18:39 Image size of job updated: 3923364
	1797  -  MemoryUsage of job (MB)
	1839324  -  ResidentSetSize of job (KB)
...
006 (66095.000.000) 08/11 15:23:39 Image size of job updated: 3974760
	1872  -  MemoryUsage of job (MB)
	1916428  -  ResidentSetSize of job (KB)
...
006 (66095.000.000) 08/11 15:28:40 Image size of job updated: 4037736
	1957  -  MemoryUsage of job (MB)
	2003536  -  ResidentSetSize of job (KB)
...
006 (66095.000.000) 08/11 15:33:41 Image size of job updated: 4095996
	2053  -  MemoryUsage of job (MB)
	2101788  -  ResidentSetSize of job (KB)
...
006 (66095.000.000) 08/11 15:38:41 Image size of job updated: 4148196
	2111  -  MemoryUsage of job (MB)
	2160680  -  ResidentSetSize of job (KB)
...
006 (66095.000.000) 08/11 15:43:41 Image size of job updated: 4176264
	2116  -  MemoryUsage of job (MB)
	2166308  -  ResidentSetSize of job (KB)
...
006 (66095.000.000) 08/11 15:48:42 Image size of job updated: 4217660
	2143  -  MemoryUsage of job (MB)
	2193540  -  ResidentSetSize of job (KB)
...
006 (66095.000.000) 08/11 15:53:43 Image size of job updated: 4247948
	2171  -  MemoryUsage of job (MB)
	2222924  -  ResidentSetSize of job (KB)
...
006 (66095.000.000) 08/11 15:59:28 Image size of job updated: 4280192
	2171  -  MemoryUsage of job (MB)
	2222924  -  ResidentSetSize of job (KB)
...
006 (66095.000.000) 08/11 16:03:45 Image size of job updated: 4316524
	2171  -  MemoryUsage of job (MB)
	2222924  -  ResidentSetSize of job (KB)
...
006 (66095.000.000) 08/11 16:08:46 Image size of job updated: 4355736
	2171  -  MemoryUsage of job (MB)
	2222924  -  ResidentSetSize of job (KB)
...
006 (66095.000.000) 08/11 16:13:46 Image size of job updated: 4401924
	2171  -  MemoryUsage of job (MB)
	2222924  -  ResidentSetSize of job (KB)
...
006 (66095.000.000) 08/11 16:18:46 Image size of job updated: 4445200
	2171  -  MemoryUsage of job (MB)
	2222924  -  ResidentSetSize of job (KB)
...
006 (66095.000.000) 08/11 16:23:58 Image size of job updated: 4457576
	2171  -  MemoryUsage of job (MB)
	2222924  -  ResidentSetSize of job (KB)
...
006 (66095.000.000) 08/11 16:28:54 Image size of job updated: 4469412
	2171  -  MemoryUsage of job (MB)
	2222924  -  ResidentSetSize of job (KB)
...
006 (66095.000.000) 08/11 16:33:56 Image size of job updated: 4481572
	2171  -  MemoryUsage of job (MB)
	2222924  -  ResidentSetSize of job (KB)
...
006 (66095.000.000) 08/11 16:38:51 Image size of job updated: 4497704
	2171  -  MemoryUsage of job (MB)
	2222924  -  ResidentSetSize of job (KB)
...
006 (66095.000.000) 08/11 16:43:51 Image size of job updated: 4502568
	2171  -  MemoryUsage of job (MB)
	2222924  -  ResidentSetSize of job (KB)
...
006 (66095.000.000) 08/11 16:48:51 Image size of job updated: 4508360
	2171  -  MemoryUsage of job (MB)
	2222924  -  ResidentSetSize of job (KB)
...
006 (66095.000.000) 08/11 16:56:10 Image size of job updated: 4520988
	2171  -  MemoryUsage of job (MB)
	2222924  -  ResidentSetSize of job (KB)
...
006 (66095.000.000) 08/11 17:03:13 Image size of job updated: 4538708
	2171  -  MemoryUsage of job (MB)
	2222924  -  ResidentSetSize of job (KB)
...
006 (66095.000.000) 08/11 17:08:50 Image size of job updated: 4553760
	2171  -  MemoryUsage of job (MB)
	2222924  -  ResidentSetSize of job (KB)
...
006 (66095.000.000) 08/11 17:13:51 Image size of job updated: 4560392
	2171  -  MemoryUsage of job (MB)
	2222924  -  ResidentSetSize of job (KB)
...
006 (66095.000.000) 08/11 17:18:51 Image size of job updated: 4569868
	2171  -  MemoryUsage of job (MB)
	2222924  -  ResidentSetSize of job (KB)
...
006 (66095.000.000) 08/11 17:23:54 Image size of job updated: 4581028
	2174  -  MemoryUsage of job (MB)
	2225848  -  ResidentSetSize of job (KB)
...
006 (66095.000.000) 08/11 17:28:52 Image size of job updated: 4598392
	2174  -  MemoryUsage of job (MB)
	2225976  -  ResidentSetSize of job (KB)
...
006 (66095.000.000) 08/11 17:35:52 Image size of job updated: 4605932
	2174  -  MemoryUsage of job (MB)
	2225976  -  ResidentSetSize of job (KB)
...
006 (66095.000.000) 08/11 17:42:10 Image size of job updated: 4619236
	2174  -  MemoryUsage of job (MB)
	2225976  -  ResidentSetSize of job (KB)
...
006 (66095.000.000) 08/11 17:47:11 Image size of job updated: 4630704
	2174  -  MemoryUsage of job (MB)
	2225976  -  ResidentSetSize of job (KB)
...
006 (66095.000.000) 08/11 17:52:12 Image size of job updated: 4636976
	2174  -  MemoryUsage of job (MB)
	2225976  -  ResidentSetSize of job (KB)
...
006 (66095.000.000) 08/11 17:57:13 Image size of job updated: 4646352
	2174  -  MemoryUsage of job (MB)
	2225976  -  ResidentSetSize of job (KB)
...
006 (66095.000.000) 08/11 18:02:13 Image size of job updated: 4654348
	2174  -  MemoryUsage of job (MB)
	2225976  -  ResidentSetSize of job (KB)
...
006 (66095.000.000) 08/11 18:07:13 Image size of job updated: 4663784
	2174  -  MemoryUsage of job (MB)
	2225976  -  ResidentSetSize of job (KB)
...
006 (66095.000.000) 08/11 18:12:14 Image size of job updated: 4673516
	2174  -  MemoryUsage of job (MB)
	2225976  -  ResidentSetSize of job (KB)
...
006 (66095.000.000) 08/11 18:17:14 Image size of job updated: 4683348
	2174  -  MemoryUsage of job (MB)
	2225976  -  ResidentSetSize of job (KB)
...
006 (66095.000.000) 08/11 18:22:14 Image size of job updated: 4698056
	2181  -  MemoryUsage of job (MB)
	2232428  -  ResidentSetSize of job (KB)
...
006 (66095.000.000) 08/11 18:27:15 Image size of job updated: 4718220
	2206  -  MemoryUsage of job (MB)
	2258712  -  ResidentSetSize of job (KB)
...
006 (66095.000.000) 08/11 18:32:23 Image size of job updated: 4736168
	2223  -  MemoryUsage of job (MB)
	2276120  -  ResidentSetSize of job (KB)
...
006 (66095.000.000) 08/11 18:37:16 Image size of job updated: 4754708
	2245  -  MemoryUsage of job (MB)
	2298360  -  ResidentSetSize of job (KB)
...
006 (66095.000.000) 08/11 18:42:16 Image size of job updated: 4773596
	2272  -  MemoryUsage of job (MB)
	2325700  -  ResidentSetSize of job (KB)
...
006 (66095.000.000) 08/11 18:47:17 Image size of job updated: 4786708
	2273  -  MemoryUsage of job (MB)
	2327500  -  ResidentSetSize of job (KB)
...
006 (66095.000.000) 08/11 18:52:18 Image size of job updated: 4806996
	2295  -  MemoryUsage of job (MB)
	2349628  -  ResidentSetSize of job (KB)
...
006 (66095.000.000) 08/11 18:57:18 Image size of job updated: 4816280
	2295  -  MemoryUsage of job (MB)
	2349628  -  ResidentSetSize of job (KB)
...
006 (66095.000.000) 08/11 19:02:18 Image size of job updated: 4832152
	2295  -  MemoryUsage of job (MB)
	2349628  -  ResidentSetSize of job (KB)
...
006 (66095.000.000) 08/11 19:07:18 Image size of job updated: 4851652
	2295  -  MemoryUsage of job (MB)
	2349628  -  ResidentSetSize of job (KB)
...
006 (66095.000.000) 08/11 19:12:19 Image size of job updated: 4863540
	2295  -  MemoryUsage of job (MB)
	2349628  -  ResidentSetSize of job (KB)
...
006 (66095.000.000) 08/11 19:17:20 Image size of job updated: 4877064
	2295  -  MemoryUsage of job (MB)
	2349628  -  ResidentSetSize of job (KB)
...
006 (66095.000.000) 08/11 19:22:52 Image size of job updated: 4893024
	2295  -  MemoryUsage of job (MB)
	2349628  -  ResidentSetSize of job (KB)
...
006 (66095.000.000) 08/11 19:27:20 Image size of job updated: 4903136
	2295  -  MemoryUsage of job (MB)
	2349628  -  ResidentSetSize of job (KB)
...
006 (66095.000.000) 08/11 19:32:20 Image size of job updated: 4908452
	2295  -  MemoryUsage of job (MB)
	2349628  -  ResidentSetSize of job (KB)
...
006 (66095.000.000) 08/11 19:37:21 Image size of job updated: 4919952
	2295  -  MemoryUsage of job (MB)
	2349628  -  ResidentSetSize of job (KB)
...
006 (66095.000.000) 08/11 19:42:21 Image size of job updated: 4933024
	2295  -  MemoryUsage of job (MB)
	2349628  -  ResidentSetSize of job (KB)
...
006 (66095.000.000) 08/11 19:47:21 Image size of job updated: 4947032
	2295  -  MemoryUsage of job (MB)
	2349628  -  ResidentSetSize of job (KB)
...
006 (66095.000.000) 08/11 19:52:36 Image size of job updated: 4967796
	2305  -  MemoryUsage of job (MB)
	2360064  -  ResidentSetSize of job (KB)
...
006 (66095.000.000) 08/11 19:57:23 Image size of job updated: 4998276
	2336  -  MemoryUsage of job (MB)
	2391664  -  ResidentSetSize of job (KB)
...
006 (66095.000.000) 08/11 20:02:23 Image size of job updated: 5019448
	2336  -  MemoryUsage of job (MB)
	2391664  -  ResidentSetSize of job (KB)
...
006 (66095.000.000) 08/11 20:07:24 Image size of job updated: 5025488
	2344  -  MemoryUsage of job (MB)
	2399404  -  ResidentSetSize of job (KB)
...
006 (66095.000.000) 08/11 20:12:25 Image size of job updated: 5025488
	2350  -  MemoryUsage of job (MB)
	2405452  -  ResidentSetSize of job (KB)
...
006 (66095.000.000) 08/11 20:17:25 Image size of job updated: 5025628
	2359  -  MemoryUsage of job (MB)
	2414812  -  ResidentSetSize of job (KB)
...
006 (66095.000.000) 08/11 20:22:25 Image size of job updated: 5025628
	2359  -  MemoryUsage of job (MB)
	2415236  -  ResidentSetSize of job (KB)
...
006 (66095.000.000) 08/11 20:27:26 Image size of job updated: 5025628
	2365  -  MemoryUsage of job (MB)
	2421604  -  ResidentSetSize of job (KB)
...
006 (66095.000.000) 08/11 23:25:47 Image size of job updated: 5025720
	2365  -  MemoryUsage of job (MB)
	2421604  -  ResidentSetSize of job (KB)
...
006 (66095.000.000) 08/11 23:30:47 Image size of job updated: 5025732
	2365  -  MemoryUsage of job (MB)
	2421604  -  ResidentSetSize of job (KB)
...
006 (66095.000.000) 08/11 23:35:51 Image size of job updated: 5027012
	2365  -  MemoryUsage of job (MB)
	2421604  -  ResidentSetSize of job (KB)
...
006 (66095.000.000) 08/11 23:40:48 Image size of job updated: 5027028
	2365  -  MemoryUsage of job (MB)
	2421604  -  ResidentSetSize of job (KB)
...
005 (66095.000.000) 08/17 18:35:43 Job terminated.
	(1) Normal termination (return value 0)
		Usr 0 09:36:12, Sys 0 01:20:36  -  Run Remote Usage
		Usr 0 00:00:00, Sys 0 00:00:00  -  Run Local Usage
		Usr 0 09:36:12, Sys 0 01:20:36  -  Total Remote Usage
		Usr 0 00:00:00, Sys 0 00:00:00  -  Total Local Usage
	4299213  -  Run Bytes Sent By Job
	237  -  Run Bytes Received By Job
	4299213  -  Total Bytes Sent By Job
	237  -  Total Bytes Received By Job
	Partitionable Resources :    Usage  Request Allocated
	   Cpus                 :                 1         1
	   Disk (KB)            :     4209        1   4187667
	   Memory (MB)          :     2365     1024      1024
...
000 (431.000.000) 08/27 11:47:40 Job submitted from host: <194.36.1.211:9618?addrs=194.36.1.211-9618+[--1]-9618&noUDP&sock=1189_2232_3>
...
009 (431.000.000) 08/27 11:48:15 Job was aborted by the user.
	via condor_rm (by user jnugent)
...
000 (66252.000.000) 08/27 11:48:33 Job submitted from host: <172.20.203.50:9618?addrs=172.20.203.50-9618+[--1]-9618&noUDP&sock=7405_cae4_4>
...
001 (66252.000.000) 08/27 11:48:55 Job executing on host: <10.194.1.81:9618?addrs=10.194.1.81-9618+[--1]-9618&noUDP&sock=1755_5ccc_3>
...
006 (66252.000.000) 08/27 11:49:03 Image size of job updated: 50784
	50  -  MemoryUsage of job (MB)
	50784  -  ResidentSetSize of job (KB)
...
006 (66252.000.000) 08/27 11:54:03 Image size of job updated: 397688
	343  -  MemoryUsage of job (MB)
	350872  -  ResidentSetSize of job (KB)
...
006 (66252.000.000) 08/27 12:09:05 Image size of job updated: 585800
	343  -  MemoryUsage of job (MB)
	350872  -  ResidentSetSize of job (KB)
...
006 (66252.000.000) 08/27 12:14:05 Image size of job updated: 1076460
	580  -  MemoryUsage of job (MB)
	593040  -  ResidentSetSize of job (KB)
...
006 (66252.000.000) 08/27 12:49:11 Image size of job updated: 1141568
	635  -  MemoryUsage of job (MB)
	649748  -  ResidentSetSize of job (KB)
...
006 (66252.000.000) 08/27 12:54:11 Image size of job updated: 1141568
	700  -  MemoryUsage of job (MB)
	716316  -  ResidentSetSize of job (KB)
...
006 (66252.000.000) 08/27 18:04:42 Image size of job updated: 1141568
	706  -  MemoryUsage of job (MB)
	722944  -  ResidentSetSize of job (KB)
...
006 (66252.000.000) 08/27 18:09:42 Image size of job updated: 1141568
	778  -  MemoryUsage of job (MB)
	795672  -  ResidentSetSize of job (KB)
...
006 (66252.000.000) 08/27 20:09:57 Image size of job updated: 1192580
	778  -  MemoryUsage of job (MB)
	795672  -  ResidentSetSize of job (KB)
...
006 (66252.000.000) 08/27 21:25:05 Image size of job updated: 1245472
	778  -  MemoryUsage of job (MB)
	795672  -  ResidentSetSize of job (KB)
...
006 (66252.000.000) 08/27 22:00:18 Image size of job updated: 1338984
	778  -  MemoryUsage of job (MB)
	795672  -  ResidentSetSize of job (KB)
...
006 (66252.000.000) 08/27 22:35:58 Image size of job updated: 2111072
	778  -  MemoryUsage of job (MB)
	795672  -  ResidentSetSize of job (KB)
...
005 (66252.000.000) 08/27 22:36:00 Job terminated.
	(1) Normal termination (return value 135)
		Usr 0 00:45:52, Sys 0 00:05:50  -  Run Remote Usage
		Usr 0 00:00:00, Sys 0 00:00:00  -  Run Local Usage
		Usr 0 00:45:52, Sys 0 00:05:50  -  Total Remote Usage
		Usr 0 00:00:00, Sys 0 00:00:00  -  Total Local Usage
	5226  -  Run Bytes Sent By Job
	237  -  Run Bytes Received By Job
	5226  -  Total Bytes Sent By Job
	237  -  Total Bytes Received By Job
	Partitionable Resources :    Usage  Request Allocated
	   Cpus                 :                 1         1
	   Disk (KB)            :       15        1   2614828
	   Memory (MB)          :      778     1024      1024
...
000 (552.000.000) 08/28 17:53:59 Job submitted from host: <194.36.1.211:9618?addrs=194.36.1.211-9618+[--1]-9618&noUDP&sock=1189_2232_3>
...
009 (552.000.000) 08/28 17:54:57 Job was aborted by the user.
	via condor_rm (by user jnugent)
...
000 (66375.000.000) 08/28 17:55:39 Job submitted from host: <172.20.203.50:9618?addrs=172.20.203.50-9618+[--1]-9618&noUDP&sock=7405_cae4_4>
...
001 (66375.000.000) 08/28 17:55:53 Job executing on host: <10.194.1.4:9618?addrs=10.194.1.4-9618+[--1]-9618&noUDP&sock=21589_d637_3>
...
006 (66375.000.000) 08/28 17:56:02 Image size of job updated: 348132
	340  -  MemoryUsage of job (MB)
	348132  -  ResidentSetSize of job (KB)
...
004 (66375.000.000) 08/28 17:56:51 Job was evicted.
	(0) Job was not checkpointed.
		Usr 0 00:00:55, Sys 0 00:00:02  -  Run Remote Usage
		Usr 0 00:00:00, Sys 0 00:00:00  -  Run Local Usage
	0  -  Run Bytes Sent By Job
	237  -  Run Bytes Received By Job
	Partitionable Resources :    Usage  Request Allocated
	   Cpus                 :                 1         1
	   Disk (KB)            :       15        1   4187667
	   Memory (MB)          :      340     1024      1024
...
009 (66375.000.000) 08/28 17:56:51 Job was aborted by the user.
	via condor_rm (by user jnugent)
...
000 (66475.000.000) 08/28 17:59:34 Job submitted from host: <172.20.203.50:9618?addrs=172.20.203.50-9618+[--1]-9618&noUDP&sock=7405_cae4_4>
...
001 (66475.000.000) 08/28 17:59:55 Job executing on host: <10.194.1.8:9618?addrs=10.194.1.8-9618+[--1]-9618&noUDP&sock=18553_64af_6>
...
006 (66475.000.000) 08/28 18:00:04 Image size of job updated: 398664
	390  -  MemoryUsage of job (MB)
	398548  -  ResidentSetSize of job (KB)
...
006 (66475.000.000) 08/28 18:10:06 Image size of job updated: 509704
	498  -  MemoryUsage of job (MB)
	509588  -  ResidentSetSize of job (KB)
...
006 (66475.000.000) 08/28 18:20:06 Image size of job updated: 577824
	565  -  MemoryUsage of job (MB)
	577708  -  ResidentSetSize of job (KB)
...
006 (66475.000.000) 08/28 18:30:07 Image size of job updated: 617420
	603  -  MemoryUsage of job (MB)
	617304  -  ResidentSetSize of job (KB)
...
006 (66475.000.000) 08/28 18:35:07 Image size of job updated: 670044
	655  -  MemoryUsage of job (MB)
	669928  -  ResidentSetSize of job (KB)
...
006 (66475.000.000) 08/28 18:40:08 Image size of job updated: 781548
	764  -  MemoryUsage of job (MB)
	781432  -  ResidentSetSize of job (KB)
...
006 (66475.000.000) 08/28 19:00:11 Image size of job updated: 878116
	858  -  MemoryUsage of job (MB)
	878000  -  ResidentSetSize of job (KB)
...
006 (66475.000.000) 08/28 19:15:13 Image size of job updated: 888076
	860  -  MemoryUsage of job (MB)
	880228  -  ResidentSetSize of job (KB)
...
006 (66475.000.000) 08/28 19:20:13 Image size of job updated: 898508
	870  -  MemoryUsage of job (MB)
	890692  -  ResidentSetSize of job (KB)
...
006 (66475.000.000) 08/28 19:30:14 Image size of job updated: 961424
	932  -  MemoryUsage of job (MB)
	953888  -  ResidentSetSize of job (KB)
...
006 (66475.000.000) 08/28 19:35:14 Image size of job updated: 1121192
	1074  -  MemoryUsage of job (MB)
	1099752  -  ResidentSetSize of job (KB)
...
006 (66475.000.000) 08/28 19:40:14 Image size of job updated: 1211132
	1162  -  MemoryUsage of job (MB)
	1189764  -  ResidentSetSize of job (KB)
...
006 (66475.000.000) 08/28 19:45:15 Image size of job updated: 1315444
	1264  -  MemoryUsage of job (MB)
	1294128  -  ResidentSetSize of job (KB)
...
006 (66475.000.000) 08/28 19:55:16 Image size of job updated: 1385588
	1333  -  MemoryUsage of job (MB)
	1364376  -  ResidentSetSize of job (KB)
...
006 (66475.000.000) 08/28 20:30:19 Image size of job updated: 1432584
	1353  -  MemoryUsage of job (MB)
	1384936  -  ResidentSetSize of job (KB)
...
006 (66475.000.000) 08/28 20:35:20 Image size of job updated: 1550324
	1468  -  MemoryUsage of job (MB)
	1502740  -  ResidentSetSize of job (KB)
...
006 (66475.000.000) 08/28 21:05:22 Image size of job updated: 1657952
	1468  -  MemoryUsage of job (MB)
	1502740  -  ResidentSetSize of job (KB)
...
006 (66475.000.000) 08/28 21:20:24 Image size of job updated: 1848032
	1468  -  MemoryUsage of job (MB)
	1502740  -  ResidentSetSize of job (KB)
...
006 (66475.000.000) 08/28 21:35:26 Image size of job updated: 1928880
	1468  -  MemoryUsage of job (MB)
	1502740  -  ResidentSetSize of job (KB)
...
006 (66475.000.000) 08/28 22:10:29 Image size of job updated: 2309700
	1468  -  MemoryUsage of job (MB)
	1502740  -  ResidentSetSize of job (KB)
...
006 (66475.000.000) 08/28 22:15:29 Image size of job updated: 2328164
	1468  -  MemoryUsage of job (MB)
	1502740  -  ResidentSetSize of job (KB)
...
006 (66475.000.000) 08/28 22:28:29 Image size of job updated: 2337112
	1468  -  MemoryUsage of job (MB)
	1502740  -  ResidentSetSize of job (KB)
...
006 (66475.000.000) 08/28 23:11:42 Image size of job updated: 2575176
	1892  -  MemoryUsage of job (MB)
	1936572  -  ResidentSetSize of job (KB)
...
006 (66475.000.000) 08/29 00:24:44 Image size of job updated: 2611580
	1892  -  MemoryUsage of job (MB)
	1936572  -  ResidentSetSize of job (KB)
...
006 (66475.000.000) 08/29 00:59:48 Image size of job updated: 2825948
	1892  -  MemoryUsage of job (MB)
	1936572  -  ResidentSetSize of job (KB)
...
006 (66475.000.000) 08/29 01:09:50 Image size of job updated: 2930288
	1892  -  MemoryUsage of job (MB)
	1936572  -  ResidentSetSize of job (KB)
...
006 (66475.000.000) 08/29 01:14:50 Image size of job updated: 2968088
	1892  -  MemoryUsage of job (MB)
	1936572  -  ResidentSetSize of job (KB)
...
006 (66475.000.000) 08/29 01:44:54 Image size of job updated: 3185276
	1892  -  MemoryUsage of job (MB)
	1936572  -  ResidentSetSize of job (KB)
...
006 (66475.000.000) 08/29 01:49:54 Image size of job updated: 3381492
	1892  -  MemoryUsage of job (MB)
	1936572  -  ResidentSetSize of job (KB)
...
006 (66475.000.000) 08/29 01:54:55 Image size of job updated: 3525732
	1892  -  MemoryUsage of job (MB)
	1936572  -  ResidentSetSize of job (KB)
...
006 (66475.000.000) 08/29 01:59:56 Image size of job updated: 3678572
	1892  -  MemoryUsage of job (MB)
	1936572  -  ResidentSetSize of job (KB)
...
006 (66475.000.000) 08/29 03:25:05 Image size of job updated: 3977564
	2171  -  MemoryUsage of job (MB)
	2222552  -  ResidentSetSize of job (KB)
...
006 (66475.000.000) 08/29 03:30:05 Image size of job updated: 4002164
	2195  -  MemoryUsage of job (MB)
	2247152  -  ResidentSetSize of job (KB)
...
006 (66475.000.000) 08/29 03:45:07 Image size of job updated: 4075144
	2266  -  MemoryUsage of job (MB)
	2320124  -  ResidentSetSize of job (KB)
...
006 (66475.000.000) 08/29 04:05:09 Image size of job updated: 4103748
	2294  -  MemoryUsage of job (MB)
	2348708  -  ResidentSetSize of job (KB)
...
006 (66475.000.000) 08/29 04:15:11 Image size of job updated: 4245696
	2433  -  MemoryUsage of job (MB)
	2490652  -  ResidentSetSize of job (KB)
...
006 (66475.000.000) 08/29 04:55:14 Image size of job updated: 4542828
	2723  -  MemoryUsage of job (MB)
	2787784  -  ResidentSetSize of job (KB)
...
006 (66475.000.000) 08/29 05:05:16 Image size of job updated: 4638880
	2795  -  MemoryUsage of job (MB)
	2861308  -  ResidentSetSize of job (KB)
...
006 (66475.000.000) 08/29 06:05:21 Image size of job updated: 4900028
	2989  -  MemoryUsage of job (MB)
	3060460  -  ResidentSetSize of job (KB)
...
006 (66475.000.000) 08/29 06:35:23 Image size of job updated: 5224092
	3105  -  MemoryUsage of job (MB)
	3178964  -  ResidentSetSize of job (KB)
...
006 (66475.000.000) 08/29 07:00:27 Image size of job updated: 5286468
	3165  -  MemoryUsage of job (MB)
	3240204  -  ResidentSetSize of job (KB)
...
006 (66475.000.000) 08/29 07:20:29 Image size of job updated: 5478216
	3351  -  MemoryUsage of job (MB)
	3431196  -  ResidentSetSize of job (KB)
...
006 (66475.000.000) 08/29 08:15:35 Image size of job updated: 5700308
	3525  -  MemoryUsage of job (MB)
	3609252  -  ResidentSetSize of job (KB)
...
006 (66475.000.000) 08/29 09:00:40 Image size of job updated: 5779560
	3558  -  MemoryUsage of job (MB)
	3642928  -  ResidentSetSize of job (KB)
...
005 (66475.000.000) 08/29 13:27:13 Job terminated.
	(1) Normal termination (return value 137)
		Usr 0 14:23:37, Sys 0 00:31:09  -  Run Remote Usage
		Usr 0 00:00:00, Sys 0 00:00:00  -  Run Local Usage
		Usr 0 14:23:37, Sys 0 00:31:09  -  Total Remote Usage
		Usr 0 00:00:00, Sys 0 00:00:00  -  Total Local Usage
	2247547  -  Run Bytes Sent By Job
	237  -  Run Bytes Received By Job
	2247547  -  Total Bytes Sent By Job
	237  -  Total Bytes Received By Job
	Partitionable Resources :    Usage  Request Allocated
	   Cpus                 :                 1         1
	   Disk (KB)            :     2205        1  10479086
	   Memory (MB)          :     3558     1024      1024
...
