000 (60079.000.000) 07/31 10:18:19 Job submitted from host: <172.20.203.50:9618?addrs=172.20.203.50-9618+[--1]-9618&noUDP&sock=7405_cae4_4>
...
001 (60079.000.000) 07/31 10:18:40 Job executing on host: <10.194.1.8:9618?addrs=10.194.1.8-9618+[--1]-9618&noUDP&sock=2118_59ad_3>
...
006 (60079.000.000) 07/31 10:18:49 Image size of job updated: 51384
	51  -  MemoryUsage of job (MB)
	51384  -  ResidentSetSize of job (KB)
...
006 (60079.000.000) 07/31 10:23:50 Image size of job updated: 478340
	468  -  MemoryUsage of job (MB)
	478340  -  ResidentSetSize of job (KB)
...
006 (60079.000.000) 07/31 10:29:19 Image size of job updated: 556288
	544  -  MemoryUsage of job (MB)
	556288  -  ResidentSetSize of job (KB)
...
004 (60079.000.000) 07/31 10:29:19 Job was evicted.
	(0) Job was not checkpointed.
		Usr 0 00:09:52, Sys 0 00:00:21  -  Run Remote Usage
		Usr 0 00:00:00, Sys 0 00:00:00  -  Run Local Usage
	0  -  Run Bytes Sent By Job
	238  -  Run Bytes Received By Job
	Partitionable Resources :    Usage  Request Allocated
	   Cpus                 :                 1         1
	   Disk (KB)            :       15        1    246255
	   Memory (MB)          :      544     1024      1024
...
009 (60079.000.000) 07/31 10:29:19 Job was aborted by the user.
	via condor_rm (by user jnugent)
...
000 (60179.000.000) 07/31 10:29:59 Job submitted from host: <172.20.203.50:9618?addrs=172.20.203.50-9618+[--1]-9618&noUDP&sock=7405_cae4_4>
...
001 (60179.000.000) 07/31 10:30:20 Job executing on host: <10.194.1.4:9618?addrs=10.194.1.4-9618+[--1]-9618&noUDP&sock=22685_9a03_3>
...
006 (60179.000.000) 07/31 10:30:28 Image size of job updated: 330296
	323  -  MemoryUsage of job (MB)
	330296  -  ResidentSetSize of job (KB)
...
006 (60179.000.000) 07/31 10:35:28 Image size of job updated: 556916
	544  -  MemoryUsage of job (MB)
	556916  -  ResidentSetSize of job (KB)
...
006 (60179.000.000) 07/31 10:45:29 Image size of job updated: 943780
	917  -  MemoryUsage of job (MB)
	938572  -  ResidentSetSize of job (KB)
...
006 (60179.000.000) 07/31 10:55:30 Image size of job updated: 1281096
	1234  -  MemoryUsage of job (MB)
	1262796  -  ResidentSetSize of job (KB)
...
006 (60179.000.000) 07/31 11:00:31 Image size of job updated: 1336920
	1283  -  MemoryUsage of job (MB)
	1313052  -  ResidentSetSize of job (KB)
...
006 (60179.000.000) 07/31 11:05:32 Image size of job updated: 1336920
	1286  -  MemoryUsage of job (MB)
	1316028  -  ResidentSetSize of job (KB)
...
006 (60179.000.000) 07/31 11:15:32 Image size of job updated: 1338112
	1286  -  MemoryUsage of job (MB)
	1316028  -  ResidentSetSize of job (KB)
...
004 (60179.000.000) 07/31 13:10:18 Job was evicted.
	(0) Job was not checkpointed.
		Usr 0 00:50:01, Sys 0 00:02:19  -  Run Remote Usage
		Usr 0 00:00:00, Sys 0 00:00:00  -  Run Local Usage
	0  -  Run Bytes Sent By Job
	238  -  Run Bytes Received By Job
	Partitionable Resources :    Usage  Request Allocated
	   Cpus                 :                 2         2
	   Disk (KB)            :       15        1    232397
	   Memory (MB)          :     1286     4096      4096
...
009 (60179.000.000) 07/31 13:10:18 Job was aborted by the user.
	via condor_rm (by user jnugent)
...
000 (60287.000.000) 07/31 13:11:10 Job submitted from host: <172.20.203.50:9618?addrs=172.20.203.50-9618+[--1]-9618&noUDP&sock=7405_cae4_4>
...
009 (60287.000.000) 07/31 20:07:18 Job was aborted by the user.
	via condor_rm (by user jnugent)
...
000 (62082.000.000) 07/31 20:08:36 Job submitted from host: <172.20.203.50:9618?addrs=172.20.203.50-9618+[--1]-9618&noUDP&sock=7405_cae4_4>
...
001 (62082.000.000) 07/31 21:02:43 Job executing on host: <10.194.1.8:9618?addrs=10.194.1.8-9618+[--1]-9618&noUDP&sock=2118_59ad_3>
...
006 (62082.000.000) 07/31 21:02:52 Image size of job updated: 49200
	49  -  MemoryUsage of job (MB)
	49200  -  ResidentSetSize of job (KB)
...
006 (62082.000.000) 07/31 21:07:52 Image size of job updated: 283268
	277  -  MemoryUsage of job (MB)
	283268  -  ResidentSetSize of job (KB)
...
006 (62082.000.000) 07/31 21:12:53 Image size of job updated: 309168
	302  -  MemoryUsage of job (MB)
	309168  -  ResidentSetSize of job (KB)
...
006 (62082.000.000) 07/31 21:18:17 Image size of job updated: 529020
	517  -  MemoryUsage of job (MB)
	529020  -  ResidentSetSize of job (KB)
...
006 (62082.000.000) 07/31 21:27:55 Image size of job updated: 718140
	702  -  MemoryUsage of job (MB)
	718140  -  ResidentSetSize of job (KB)
...
006 (62082.000.000) 07/31 21:37:56 Image size of job updated: 748108
	731  -  MemoryUsage of job (MB)
	748004  -  ResidentSetSize of job (KB)
...
006 (62082.000.000) 07/31 21:42:57 Image size of job updated: 782004
	764  -  MemoryUsage of job (MB)
	781900  -  ResidentSetSize of job (KB)
...
006 (62082.000.000) 07/31 21:47:57 Image size of job updated: 816484
	798  -  MemoryUsage of job (MB)
	816380  -  ResidentSetSize of job (KB)
...
006 (62082.000.000) 07/31 21:52:57 Image size of job updated: 816484
	798  -  MemoryUsage of job (MB)
	816388  -  ResidentSetSize of job (KB)
...
006 (62082.000.000) 07/31 22:02:58 Image size of job updated: 948428
	927  -  MemoryUsage of job (MB)
	948324  -  ResidentSetSize of job (KB)
...
006 (62082.000.000) 07/31 22:17:59 Image size of job updated: 1066476
	1042  -  MemoryUsage of job (MB)
	1066372  -  ResidentSetSize of job (KB)
...
006 (62082.000.000) 07/31 22:33:00 Image size of job updated: 1164452
	1138  -  MemoryUsage of job (MB)
	1164348  -  ResidentSetSize of job (KB)
...
006 (62082.000.000) 07/31 22:38:00 Image size of job updated: 1696416
	1657  -  MemoryUsage of job (MB)
	1696312  -  ResidentSetSize of job (KB)
...
006 (62082.000.000) 07/31 22:43:00 Image size of job updated: 1775744
	1735  -  MemoryUsage of job (MB)
	1775640  -  ResidentSetSize of job (KB)
...
006 (62082.000.000) 07/31 23:13:03 Image size of job updated: 1892948
	1827  -  MemoryUsage of job (MB)
	1869844  -  ResidentSetSize of job (KB)
...
006 (62082.000.000) 07/31 23:23:04 Image size of job updated: 1974840
	1884  -  MemoryUsage of job (MB)
	1929088  -  ResidentSetSize of job (KB)
...
006 (62082.000.000) 07/31 23:28:05 Image size of job updated: 1982928
	1892  -  MemoryUsage of job (MB)
	1937216  -  ResidentSetSize of job (KB)
...
006 (62082.000.000) 08/01 00:08:08 Image size of job updated: 2124820
	2007  -  MemoryUsage of job (MB)
	2054616  -  ResidentSetSize of job (KB)
...
006 (62082.000.000) 08/01 00:13:09 Image size of job updated: 2124820
	2011  -  MemoryUsage of job (MB)
	2058468  -  ResidentSetSize of job (KB)
...
006 (62082.000.000) 08/01 00:23:10 Image size of job updated: 2227464
	2100  -  MemoryUsage of job (MB)
	2149888  -  ResidentSetSize of job (KB)
...
006 (62082.000.000) 08/01 00:28:11 Image size of job updated: 2227464
	2100  -  MemoryUsage of job (MB)
	2149912  -  ResidentSetSize of job (KB)
...
006 (62082.000.000) 08/01 00:53:13 Image size of job updated: 2326624
	2223  -  MemoryUsage of job (MB)
	2275764  -  ResidentSetSize of job (KB)
...
006 (62082.000.000) 08/01 01:08:15 Image size of job updated: 2542632
	2429  -  MemoryUsage of job (MB)
	2486444  -  ResidentSetSize of job (KB)
...
006 (62082.000.000) 08/01 01:13:15 Image size of job updated: 2542632
	2429  -  MemoryUsage of job (MB)
	2486452  -  ResidentSetSize of job (KB)
...
006 (62082.000.000) 08/01 01:18:15 Image size of job updated: 2550764
	2441  -  MemoryUsage of job (MB)
	2499224  -  ResidentSetSize of job (KB)
...
006 (62082.000.000) 08/01 01:23:16 Image size of job updated: 2916640
	2790  -  MemoryUsage of job (MB)
	2856716  -  ResidentSetSize of job (KB)
...
006 (62082.000.000) 08/01 01:33:17 Image size of job updated: 2923392
	2797  -  MemoryUsage of job (MB)
	2863692  -  ResidentSetSize of job (KB)
...
006 (62082.000.000) 08/01 02:13:22 Image size of job updated: 3040628
	2908  -  MemoryUsage of job (MB)
	2977612  -  ResidentSetSize of job (KB)
...
006 (62082.000.000) 08/01 02:33:24 Image size of job updated: 3071352
	2930  -  MemoryUsage of job (MB)
	2999564  -  ResidentSetSize of job (KB)
...
006 (62082.000.000) 08/01 02:48:26 Image size of job updated: 3245796
	3100  -  MemoryUsage of job (MB)
	3174044  -  ResidentSetSize of job (KB)
...
006 (62082.000.000) 08/01 03:23:29 Image size of job updated: 3257428
	3103  -  MemoryUsage of job (MB)
	3176792  -  ResidentSetSize of job (KB)
...
006 (62082.000.000) 08/01 03:28:29 Image size of job updated: 3351832
	3186  -  MemoryUsage of job (MB)
	3261560  -  ResidentSetSize of job (KB)
...
006 (62082.000.000) 08/01 03:43:31 Image size of job updated: 3559780
	3374  -  MemoryUsage of job (MB)
	3454300  -  ResidentSetSize of job (KB)
...
004 (62082.000.000) 08/01 10:14:37 Job was evicted.
	(0) Job was not checkpointed.
		Usr 0 11:49:01, Sys 0 00:31:07  -  Run Remote Usage
		Usr 0 00:00:00, Sys 0 00:00:00  -  Run Local Usage
	0  -  Run Bytes Sent By Job
	238  -  Run Bytes Received By Job
	Partitionable Resources :    Usage  Request Allocated
	   Cpus                 :                 1         1
	   Disk (KB)            :     2216        1    246255
	   Memory (MB)          :     3374     1024      1024
...
009 (62082.000.000) 08/01 10:14:37 Job was aborted by the user.
	via condor_rm (by user jnugent)
...
000 (63704.000.000) 08/02 10:44:26 Job submitted from host: <172.20.203.50:9618?addrs=172.20.203.50-9618+[--1]-9618&noUDP&sock=7405_cae4_4>
...
001 (63704.000.000) 08/02 10:44:46 Job executing on host: <10.194.1.6:9618?addrs=10.194.1.6-9618+[--1]-9618&noUDP&sock=26470_cbfa_3>
...
006 (63704.000.000) 08/02 10:44:55 Image size of job updated: 46468
	46  -  MemoryUsage of job (MB)
	46468  -  ResidentSetSize of job (KB)
...
006 (63704.000.000) 08/02 10:49:55 Image size of job updated: 371308
	363  -  MemoryUsage of job (MB)
	371308  -  ResidentSetSize of job (KB)
...
006 (63704.000.000) 08/02 10:54:55 Image size of job updated: 562428
	550  -  MemoryUsage of job (MB)
	562428  -  ResidentSetSize of job (KB)
...
006 (63704.000.000) 08/02 11:04:57 Image size of job updated: 657708
	637  -  MemoryUsage of job (MB)
	651980  -  ResidentSetSize of job (KB)
...
006 (63704.000.000) 08/02 11:09:57 Image size of job updated: 686312
	637  -  MemoryUsage of job (MB)
	651984  -  ResidentSetSize of job (KB)
...
006 (63704.000.000) 08/02 11:14:57 Image size of job updated: 722036
	667  -  MemoryUsage of job (MB)
	682392  -  ResidentSetSize of job (KB)
...
006 (63704.000.000) 08/02 11:19:58 Image size of job updated: 747000
	667  -  MemoryUsage of job (MB)
	682392  -  ResidentSetSize of job (KB)
...
006 (63704.000.000) 08/02 11:24:59 Image size of job updated: 806904
	667  -  MemoryUsage of job (MB)
	682392  -  ResidentSetSize of job (KB)
...
006 (63704.000.000) 08/02 11:40:00 Image size of job updated: 921528
	667  -  MemoryUsage of job (MB)
	682392  -  ResidentSetSize of job (KB)
...
006 (63704.000.000) 08/02 11:45:01 Image size of job updated: 998908
	861  -  MemoryUsage of job (MB)
	881632  -  ResidentSetSize of job (KB)
...
006 (63704.000.000) 08/02 12:20:05 Image size of job updated: 1003608
	861  -  MemoryUsage of job (MB)
	881632  -  ResidentSetSize of job (KB)
...
006 (63704.000.000) 08/02 12:25:06 Image size of job updated: 1327156
	861  -  MemoryUsage of job (MB)
	881632  -  ResidentSetSize of job (KB)
...
006 (63704.000.000) 08/02 12:30:06 Image size of job updated: 1556452
	861  -  MemoryUsage of job (MB)
	881632  -  ResidentSetSize of job (KB)
...
006 (63704.000.000) 08/02 13:15:11 Image size of job updated: 1576460
	861  -  MemoryUsage of job (MB)
	881632  -  ResidentSetSize of job (KB)
...
006 (63704.000.000) 08/02 13:20:12 Image size of job updated: 1703816
	861  -  MemoryUsage of job (MB)
	881632  -  ResidentSetSize of job (KB)
...
006 (63704.000.000) 08/02 13:30:12 Image size of job updated: 1703816
	866  -  MemoryUsage of job (MB)
	886068  -  ResidentSetSize of job (KB)
...
006 (63704.000.000) 08/02 13:50:14 Image size of job updated: 1703816
	1065  -  MemoryUsage of job (MB)
	1089688  -  ResidentSetSize of job (KB)
...
006 (63704.000.000) 08/02 13:55:15 Image size of job updated: 1705932
	1065  -  MemoryUsage of job (MB)
	1089688  -  ResidentSetSize of job (KB)
...
006 (63704.000.000) 08/02 14:05:15 Image size of job updated: 1781104
	1065  -  MemoryUsage of job (MB)
	1089688  -  ResidentSetSize of job (KB)
...
006 (63704.000.000) 08/02 14:40:19 Image size of job updated: 1957696
	1065  -  MemoryUsage of job (MB)
	1089688  -  ResidentSetSize of job (KB)
...
006 (63704.000.000) 08/02 15:05:21 Image size of job updated: 2141052
	1216  -  MemoryUsage of job (MB)
	1244792  -  ResidentSetSize of job (KB)
...
006 (63704.000.000) 08/02 16:45:33 Image size of job updated: 2179724
	1216  -  MemoryUsage of job (MB)
	1244792  -  ResidentSetSize of job (KB)
...
006 (63704.000.000) 08/02 16:50:33 Image size of job updated: 2337388
	1216  -  MemoryUsage of job (MB)
	1244792  -  ResidentSetSize of job (KB)
...
006 (63704.000.000) 08/02 17:00:35 Image size of job updated: 2337388
	1355  -  MemoryUsage of job (MB)
	1386612  -  ResidentSetSize of job (KB)
...
006 (63704.000.000) 08/02 18:16:38 Image size of job updated: 2701848
	1355  -  MemoryUsage of job (MB)
	1386612  -  ResidentSetSize of job (KB)
...
006 (63704.000.000) 08/02 19:11:42 Image size of job updated: 2752832
	1355  -  MemoryUsage of job (MB)
	1386612  -  ResidentSetSize of job (KB)
...
006 (63704.000.000) 08/02 19:36:46 Image size of job updated: 2929428
	1355  -  MemoryUsage of job (MB)
	1386612  -  ResidentSetSize of job (KB)
...
006 (63704.000.000) 08/02 19:51:47 Image size of job updated: 2990944
	1355  -  MemoryUsage of job (MB)
	1386612  -  ResidentSetSize of job (KB)
...
006 (63704.000.000) 08/02 19:56:48 Image size of job updated: 3052632
	1355  -  MemoryUsage of job (MB)
	1386612  -  ResidentSetSize of job (KB)
...
006 (63704.000.000) 08/02 20:11:50 Image size of job updated: 3126796
	1355  -  MemoryUsage of job (MB)
	1386612  -  ResidentSetSize of job (KB)
...
006 (63704.000.000) 08/02 20:21:51 Image size of job updated: 3230240
	1355  -  MemoryUsage of job (MB)
	1386612  -  ResidentSetSize of job (KB)
...
006 (63704.000.000) 08/02 20:41:54 Image size of job updated: 3295268
	1355  -  MemoryUsage of job (MB)
	1386612  -  ResidentSetSize of job (KB)
...
006 (63704.000.000) 08/02 20:51:54 Image size of job updated: 3407196
	1376  -  MemoryUsage of job (MB)
	1408604  -  ResidentSetSize of job (KB)
...
006 (63704.000.000) 08/02 21:01:56 Image size of job updated: 3452956
	1420  -  MemoryUsage of job (MB)
	1453656  -  ResidentSetSize of job (KB)
...
006 (63704.000.000) 08/02 21:06:56 Image size of job updated: 3616008
	1618  -  MemoryUsage of job (MB)
	1656432  -  ResidentSetSize of job (KB)
...
006 (63704.000.000) 08/02 21:11:57 Image size of job updated: 3697876
	1765  -  MemoryUsage of job (MB)
	1807220  -  ResidentSetSize of job (KB)
...
006 (63704.000.000) 08/02 21:16:58 Image size of job updated: 3755692
	1853  -  MemoryUsage of job (MB)
	1896836  -  ResidentSetSize of job (KB)
...
006 (63704.000.000) 08/02 21:21:58 Image size of job updated: 3814440
	1853  -  MemoryUsage of job (MB)
	1896836  -  ResidentSetSize of job (KB)
...
006 (63704.000.000) 08/02 21:26:58 Image size of job updated: 3882132
	1934  -  MemoryUsage of job (MB)
	1980412  -  ResidentSetSize of job (KB)
...
006 (63704.000.000) 08/02 21:31:59 Image size of job updated: 3974176
	2041  -  MemoryUsage of job (MB)
	2089036  -  ResidentSetSize of job (KB)
...
006 (63704.000.000) 08/02 21:36:59 Image size of job updated: 4040192
	2042  -  MemoryUsage of job (MB)
	2090784  -  ResidentSetSize of job (KB)
...
006 (63704.000.000) 08/02 21:41:59 Image size of job updated: 4119452
	2068  -  MemoryUsage of job (MB)
	2116680  -  ResidentSetSize of job (KB)
...
006 (63704.000.000) 08/02 21:47:00 Image size of job updated: 4157532
	2068  -  MemoryUsage of job (MB)
	2116680  -  ResidentSetSize of job (KB)
...
006 (63704.000.000) 08/02 21:52:01 Image size of job updated: 4241660
	2163  -  MemoryUsage of job (MB)
	2214208  -  ResidentSetSize of job (KB)
...
006 (63704.000.000) 08/02 21:57:01 Image size of job updated: 4284144
	2188  -  MemoryUsage of job (MB)
	2239812  -  ResidentSetSize of job (KB)
...
006 (63704.000.000) 08/02 22:02:01 Image size of job updated: 4313408
	2188  -  MemoryUsage of job (MB)
	2239812  -  ResidentSetSize of job (KB)
...
006 (63704.000.000) 08/02 22:07:02 Image size of job updated: 4327692
	2188  -  MemoryUsage of job (MB)
	2239812  -  ResidentSetSize of job (KB)
...
006 (63704.000.000) 08/02 22:12:02 Image size of job updated: 4349520
	2221  -  MemoryUsage of job (MB)
	2273692  -  ResidentSetSize of job (KB)
...
006 (63704.000.000) 08/02 22:17:02 Image size of job updated: 4357060
	2221  -  MemoryUsage of job (MB)
	2273692  -  ResidentSetSize of job (KB)
...
006 (63704.000.000) 08/02 22:22:03 Image size of job updated: 4391072
	2221  -  MemoryUsage of job (MB)
	2273692  -  ResidentSetSize of job (KB)
...
006 (63704.000.000) 08/02 22:27:04 Image size of job updated: 4434404
	2290  -  MemoryUsage of job (MB)
	2344276  -  ResidentSetSize of job (KB)
...
006 (63704.000.000) 08/02 22:32:13 Image size of job updated: 4444252
	2290  -  MemoryUsage of job (MB)
	2344276  -  ResidentSetSize of job (KB)
...
006 (63704.000.000) 08/02 22:37:05 Image size of job updated: 4460508
	2300  -  MemoryUsage of job (MB)
	2354400  -  ResidentSetSize of job (KB)
...
006 (63704.000.000) 08/02 22:43:33 Image size of job updated: 4476920
	2322  -  MemoryUsage of job (MB)
	2377568  -  ResidentSetSize of job (KB)
...
006 (63704.000.000) 08/02 22:48:07 Image size of job updated: 4498804
	2352  -  MemoryUsage of job (MB)
	2407824  -  ResidentSetSize of job (KB)
...
006 (63704.000.000) 08/02 22:53:33 Image size of job updated: 4518244
	2381  -  MemoryUsage of job (MB)
	2438048  -  ResidentSetSize of job (KB)
...
006 (63704.000.000) 08/02 22:58:07 Image size of job updated: 4541480
	2410  -  MemoryUsage of job (MB)
	2467584  -  ResidentSetSize of job (KB)
...
006 (63704.000.000) 08/02 23:03:08 Image size of job updated: 4554088
	2433  -  MemoryUsage of job (MB)
	2491272  -  ResidentSetSize of job (KB)
...
006 (63704.000.000) 08/02 23:08:09 Image size of job updated: 4569040
	2457  -  MemoryUsage of job (MB)
	2515584  -  ResidentSetSize of job (KB)
...
006 (63704.000.000) 08/02 23:17:03 Image size of job updated: 4629632
	2540  -  MemoryUsage of job (MB)
	2600252  -  ResidentSetSize of job (KB)
...
006 (63704.000.000) 08/02 23:29:15 Image size of job updated: 4724152
	2663  -  MemoryUsage of job (MB)
	2726056  -  ResidentSetSize of job (KB)
...
006 (63704.000.000) 08/02 23:39:07 Image size of job updated: 4752892
	2708  -  MemoryUsage of job (MB)
	2772328  -  ResidentSetSize of job (KB)
...
006 (63704.000.000) 08/02 23:45:31 Image size of job updated: 4794208
	2777  -  MemoryUsage of job (MB)
	2842868  -  ResidentSetSize of job (KB)
...
006 (63704.000.000) 08/02 23:50:31 Image size of job updated: 4806300
	2797  -  MemoryUsage of job (MB)
	2863580  -  ResidentSetSize of job (KB)
...
006 (63704.000.000) 08/02 23:55:34 Image size of job updated: 4812776
	2821  -  MemoryUsage of job (MB)
	2888612  -  ResidentSetSize of job (KB)
...
006 (63704.000.000) 08/03 00:00:31 Image size of job updated: 4812776
	2847  -  MemoryUsage of job (MB)
	2914744  -  ResidentSetSize of job (KB)
...
006 (63704.000.000) 08/03 00:05:45 Image size of job updated: 4812776
	2886  -  MemoryUsage of job (MB)
	2954280  -  ResidentSetSize of job (KB)
...
006 (63704.000.000) 08/03 00:10:37 Image size of job updated: 4812776
	2888  -  MemoryUsage of job (MB)
	2956664  -  ResidentSetSize of job (KB)
...
006 (63704.000.000) 08/03 00:15:32 Image size of job updated: 4813164
	2919  -  MemoryUsage of job (MB)
	2988512  -  ResidentSetSize of job (KB)
...
006 (63704.000.000) 08/03 01:00:37 Image size of job updated: 4813164
	2988  -  MemoryUsage of job (MB)
	3059116  -  ResidentSetSize of job (KB)
...
006 (63704.000.000) 08/03 01:05:38 Image size of job updated: 4813164
	3019  -  MemoryUsage of job (MB)
	3091432  -  ResidentSetSize of job (KB)
...
004 (63704.000.000) 08/03 09:45:32 Job was evicted.
	(0) Job was not checkpointed.
		Usr 0 11:11:31, Sys 0 00:27:04  -  Run Remote Usage
		Usr 0 00:00:00, Sys 0 00:00:00  -  Run Local Usage
	0  -  Run Bytes Sent By Job
	238  -  Run Bytes Received By Job
	Partitionable Resources :    Usage  Request Allocated
	   Cpus                 :                 1         1
	   Disk (KB)            :       24        1    238189
	   Memory (MB)          :     3019     1024      1024
...
001 (63704.000.000) 08/03 09:58:45 Job executing on host: <10.194.1.4:9618?addrs=10.194.1.4-9618+[--1]-9618&noUDP&sock=21589_d637_3>
...
004 (63704.000.000) 08/03 10:40:40 Job was evicted.
	(0) Job was not checkpointed.
		Usr 0 00:26:45, Sys 0 00:00:49  -  Run Remote Usage
		Usr 0 00:00:00, Sys 0 00:00:00  -  Run Local Usage
	0  -  Run Bytes Sent By Job
	238  -  Run Bytes Received By Job
	Partitionable Resources :    Usage  Request Allocated
	   Cpus                 :                 1         1
	   Disk (KB)            :       25       25   4187667
	   Memory (MB)          :     3174     1024      1024
...
009 (63704.000.000) 08/03 10:40:40 Job was aborted by the user.
	via condor_rm (by user jnugent)
...
000 (66108.000.000) 08/10 13:31:29 Job submitted from host: <172.20.203.50:9618?addrs=172.20.203.50-9618+[--1]-9618&noUDP&sock=7405_cae4_4>
...
001 (66108.000.000) 08/10 13:31:40 Job executing on host: <10.194.1.6:9618?addrs=10.194.1.6-9618+[--1]-9618&noUDP&sock=26470_cbfa_3>
...
006 (66108.000.000) 08/10 13:31:49 Image size of job updated: 48116
	47  -  MemoryUsage of job (MB)
	48116  -  ResidentSetSize of job (KB)
...
006 (66108.000.000) 08/10 13:36:50 Image size of job updated: 812504
	756  -  MemoryUsage of job (MB)
	773616  -  ResidentSetSize of job (KB)
...
006 (66108.000.000) 08/10 13:41:50 Image size of job updated: 921912
	858  -  MemoryUsage of job (MB)
	878444  -  ResidentSetSize of job (KB)
...
006 (66108.000.000) 08/10 13:51:51 Image size of job updated: 1081248
	1014  -  MemoryUsage of job (MB)
	1037908  -  ResidentSetSize of job (KB)
...
006 (66108.000.000) 08/10 14:51:58 Image size of job updated: 1150104
	1014  -  MemoryUsage of job (MB)
	1037908  -  ResidentSetSize of job (KB)
...
006 (66108.000.000) 08/10 15:47:03 Image size of job updated: 1504956
	1014  -  MemoryUsage of job (MB)
	1037908  -  ResidentSetSize of job (KB)
...
006 (66108.000.000) 08/10 17:27:12 Image size of job updated: 1505072
	1014  -  MemoryUsage of job (MB)
	1037908  -  ResidentSetSize of job (KB)
...
006 (66108.000.000) 08/10 17:42:13 Image size of job updated: 1553576
	1014  -  MemoryUsage of job (MB)
	1037908  -  ResidentSetSize of job (KB)
...
006 (66108.000.000) 08/10 17:57:15 Image size of job updated: 1556356
	1014  -  MemoryUsage of job (MB)
	1037908  -  ResidentSetSize of job (KB)
...
006 (66108.000.000) 08/10 18:07:17 Image size of job updated: 1639668
	1014  -  MemoryUsage of job (MB)
	1037908  -  ResidentSetSize of job (KB)
...
006 (66108.000.000) 08/10 18:12:17 Image size of job updated: 1925012
	1014  -  MemoryUsage of job (MB)
	1037908  -  ResidentSetSize of job (KB)
...
006 (66108.000.000) 08/10 18:27:19 Image size of job updated: 2023016
	1014  -  MemoryUsage of job (MB)
	1037908  -  ResidentSetSize of job (KB)
...
006 (66108.000.000) 08/10 19:22:25 Image size of job updated: 2358100
	1014  -  MemoryUsage of job (MB)
	1037908  -  ResidentSetSize of job (KB)
...
006 (66108.000.000) 08/10 19:52:28 Image size of job updated: 2424388
	1014  -  MemoryUsage of job (MB)
	1037908  -  ResidentSetSize of job (KB)
...
006 (66108.000.000) 08/10 20:19:55 Image size of job updated: 2562544
	1014  -  MemoryUsage of job (MB)
	1037908  -  ResidentSetSize of job (KB)
...
006 (66108.000.000) 08/10 20:29:00 Image size of job updated: 2624932
	1014  -  MemoryUsage of job (MB)
	1037908  -  ResidentSetSize of job (KB)
...
006 (66108.000.000) 08/10 20:34:52 Image size of job updated: 2636584
	1014  -  MemoryUsage of job (MB)
	1037908  -  ResidentSetSize of job (KB)
...
006 (66108.000.000) 08/10 20:40:41 Image size of job updated: 2649300
	1014  -  MemoryUsage of job (MB)
	1037908  -  ResidentSetSize of job (KB)
...
006 (66108.000.000) 08/10 20:45:13 Image size of job updated: 2667584
	1014  -  MemoryUsage of job (MB)
	1037908  -  ResidentSetSize of job (KB)
...
006 (66108.000.000) 08/10 20:50:13 Image size of job updated: 2675992
	1014  -  MemoryUsage of job (MB)
	1037908  -  ResidentSetSize of job (KB)
...
006 (66108.000.000) 08/10 21:00:14 Image size of job updated: 2683132
	1014  -  MemoryUsage of job (MB)
	1037908  -  ResidentSetSize of job (KB)
...
006 (66108.000.000) 08/10 21:10:15 Image size of job updated: 2707388
	1014  -  MemoryUsage of job (MB)
	1037908  -  ResidentSetSize of job (KB)
...
006 (66108.000.000) 08/10 21:15:15 Image size of job updated: 2742068
	1014  -  MemoryUsage of job (MB)
	1037908  -  ResidentSetSize of job (KB)
...
006 (66108.000.000) 08/10 21:20:15 Image size of job updated: 2776832
	1071  -  MemoryUsage of job (MB)
	1096356  -  ResidentSetSize of job (KB)
...
006 (66108.000.000) 08/10 21:25:16 Image size of job updated: 2812032
	1139  -  MemoryUsage of job (MB)
	1165764  -  ResidentSetSize of job (KB)
...
006 (66108.000.000) 08/10 21:30:17 Image size of job updated: 2844056
	1201  -  MemoryUsage of job (MB)
	1229676  -  ResidentSetSize of job (KB)
...
006 (66108.000.000) 08/10 21:35:17 Image size of job updated: 2848624
	1210  -  MemoryUsage of job (MB)
	1238764  -  ResidentSetSize of job (KB)
...
006 (66108.000.000) 08/10 21:40:17 Image size of job updated: 2937556
	1384  -  MemoryUsage of job (MB)
	1416564  -  ResidentSetSize of job (KB)
...
006 (66108.000.000) 08/10 21:45:18 Image size of job updated: 2942520
	1393  -  MemoryUsage of job (MB)
	1426408  -  ResidentSetSize of job (KB)
...
006 (66108.000.000) 08/10 21:50:19 Image size of job updated: 3041412
	1587  -  MemoryUsage of job (MB)
	1624112  -  ResidentSetSize of job (KB)
...
006 (66108.000.000) 08/10 21:55:20 Image size of job updated: 3149260
	1797  -  MemoryUsage of job (MB)
	1839704  -  ResidentSetSize of job (KB)
...
006 (66108.000.000) 08/10 22:00:20 Image size of job updated: 3166200
	1797  -  MemoryUsage of job (MB)
	1839704  -  ResidentSetSize of job (KB)
...
006 (66108.000.000) 08/10 22:35:23 Image size of job updated: 3166200
	1957  -  MemoryUsage of job (MB)
	2003012  -  ResidentSetSize of job (KB)
...
006 (66108.000.000) 08/11 02:28:53 Image size of job updated: 3429420
	1957  -  MemoryUsage of job (MB)
	2003012  -  ResidentSetSize of job (KB)
...
006 (66108.000.000) 08/11 02:53:56 Image size of job updated: 3522628
	1957  -  MemoryUsage of job (MB)
	2003012  -  ResidentSetSize of job (KB)
...
006 (66108.000.000) 08/11 03:01:34 Image size of job updated: 3930212
	2068  -  MemoryUsage of job (MB)
	2117152  -  ResidentSetSize of job (KB)
...
006 (66108.000.000) 08/11 03:09:28 Image size of job updated: 3978076
	2140  -  MemoryUsage of job (MB)
	2190604  -  ResidentSetSize of job (KB)
...
006 (66108.000.000) 08/11 03:20:47 Image size of job updated: 3997836
	2178  -  MemoryUsage of job (MB)
	2230120  -  ResidentSetSize of job (KB)
...
006 (66108.000.000) 08/11 03:29:55 Image size of job updated: 4072668
	2264  -  MemoryUsage of job (MB)
	2317904  -  ResidentSetSize of job (KB)
...
006 (66108.000.000) 08/11 03:43:42 Image size of job updated: 4155964
	2419  -  MemoryUsage of job (MB)
	2476216  -  ResidentSetSize of job (KB)
...
006 (66108.000.000) 08/11 03:55:03 Image size of job updated: 4278028
	2651  -  MemoryUsage of job (MB)
	2714120  -  ResidentSetSize of job (KB)
...
006 (66108.000.000) 08/11 04:03:20 Image size of job updated: 4349792
	2786  -  MemoryUsage of job (MB)
	2852076  -  ResidentSetSize of job (KB)
...
006 (66108.000.000) 08/11 04:09:20 Image size of job updated: 4393960
	2866  -  MemoryUsage of job (MB)
	2934644  -  ResidentSetSize of job (KB)
...
006 (66108.000.000) 08/11 04:14:35 Image size of job updated: 4416344
	2900  -  MemoryUsage of job (MB)
	2968904  -  ResidentSetSize of job (KB)
...
006 (66108.000.000) 08/11 04:19:29 Image size of job updated: 4433596
	2928  -  MemoryUsage of job (MB)
	2998148  -  ResidentSetSize of job (KB)
...
006 (66108.000.000) 08/11 04:25:18 Image size of job updated: 4461756
	2963  -  MemoryUsage of job (MB)
	3033296  -  ResidentSetSize of job (KB)
...
006 (66108.000.000) 08/11 04:34:24 Image size of job updated: 4505696
	3009  -  MemoryUsage of job (MB)
	3080732  -  ResidentSetSize of job (KB)
...
006 (66108.000.000) 08/11 04:42:35 Image size of job updated: 4532228
	3035  -  MemoryUsage of job (MB)
	3107776  -  ResidentSetSize of job (KB)
...
006 (66108.000.000) 08/11 04:52:48 Image size of job updated: 4566096
	3080  -  MemoryUsage of job (MB)
	3153708  -  ResidentSetSize of job (KB)
...
006 (66108.000.000) 08/11 05:10:01 Image size of job updated: 4639160
	3081  -  MemoryUsage of job (MB)
	3154908  -  ResidentSetSize of job (KB)
...
006 (66108.000.000) 08/11 05:47:56 Image size of job updated: 4714732
	3189  -  MemoryUsage of job (MB)
	3265232  -  ResidentSetSize of job (KB)
...
006 (66108.000.000) 08/11 06:15:46 Image size of job updated: 4901284
	3189  -  MemoryUsage of job (MB)
	3265232  -  ResidentSetSize of job (KB)
...
006 (66108.000.000) 08/11 06:48:42 Image size of job updated: 4968764
	3281  -  MemoryUsage of job (MB)
	3359392  -  ResidentSetSize of job (KB)
...
006 (66108.000.000) 08/11 07:48:51 Image size of job updated: 5221216
	3503  -  MemoryUsage of job (MB)
	3586356  -  ResidentSetSize of job (KB)
...
006 (66108.000.000) 08/11 08:40:23 Image size of job updated: 5221216
	3503  -  MemoryUsage of job (MB)
	3586460  -  ResidentSetSize of job (KB)
...
006 (66108.000.000) 08/11 09:41:24 Image size of job updated: 5221216
	3734  -  MemoryUsage of job (MB)
	3823052  -  ResidentSetSize of job (KB)
...
006 (66108.000.000) 08/11 10:15:04 Image size of job updated: 5221812
	3734  -  MemoryUsage of job (MB)
	3823052  -  ResidentSetSize of job (KB)
...
005 (66108.000.000) 08/12 05:34:57 Job terminated.
	(1) Normal termination (return value 0)
		Usr 0 13:18:13, Sys 0 00:41:22  -  Run Remote Usage
		Usr 0 00:00:00, Sys 0 00:00:00  -  Run Local Usage
		Usr 0 13:18:13, Sys 0 00:41:22  -  Total Remote Usage
		Usr 0 00:00:00, Sys 0 00:00:00  -  Total Local Usage
	4265530  -  Run Bytes Sent By Job
	238  -  Run Bytes Received By Job
	4265530  -  Total Bytes Sent By Job
	238  -  Total Bytes Received By Job
	Partitionable Resources :    Usage  Request Allocated
	   Cpus                 :                 1         1
	   Disk (KB)            :     4176        1  10478997
	   Memory (MB)          :     3734     1024      1024
...
000 (444.000.000) 08/27 11:47:40 Job submitted from host: <194.36.1.211:9618?addrs=194.36.1.211-9618+[--1]-9618&noUDP&sock=1189_2232_3>
...
009 (444.000.000) 08/27 11:48:15 Job was aborted by the user.
	via condor_rm (by user jnugent)
...
000 (66265.000.000) 08/27 11:48:34 Job submitted from host: <172.20.203.50:9618?addrs=172.20.203.50-9618+[--1]-9618&noUDP&sock=7405_cae4_4>
...
001 (66265.000.000) 08/27 11:48:55 Job executing on host: <10.194.1.81:9618?addrs=10.194.1.81-9618+[--1]-9618&noUDP&sock=1755_5ccc_3>
...
006 (66265.000.000) 08/27 11:49:04 Image size of job updated: 50468
	50  -  MemoryUsage of job (MB)
	50468  -  ResidentSetSize of job (KB)
...
006 (66265.000.000) 08/27 11:54:18 Image size of job updated: 890556
	548  -  MemoryUsage of job (MB)
	560732  -  ResidentSetSize of job (KB)
...
006 (66265.000.000) 08/27 11:59:06 Image size of job updated: 971828
	624  -  MemoryUsage of job (MB)
	638344  -  ResidentSetSize of job (KB)
...
006 (66265.000.000) 08/27 12:14:07 Image size of job updated: 975416
	624  -  MemoryUsage of job (MB)
	638344  -  ResidentSetSize of job (KB)
...
006 (66265.000.000) 08/27 12:34:11 Image size of job updated: 1032536
	624  -  MemoryUsage of job (MB)
	638344  -  ResidentSetSize of job (KB)
...
006 (66265.000.000) 08/27 12:49:13 Image size of job updated: 1032536
	702  -  MemoryUsage of job (MB)
	718732  -  ResidentSetSize of job (KB)
...
006 (66265.000.000) 08/27 14:14:22 Image size of job updated: 1044584
	702  -  MemoryUsage of job (MB)
	718732  -  ResidentSetSize of job (KB)
...
006 (66265.000.000) 08/27 14:29:24 Image size of job updated: 1095768
	704  -  MemoryUsage of job (MB)
	720364  -  ResidentSetSize of job (KB)
...
006 (66265.000.000) 08/27 15:24:31 Image size of job updated: 1156256
	704  -  MemoryUsage of job (MB)
	720364  -  ResidentSetSize of job (KB)
...
006 (66265.000.000) 08/27 19:14:58 Image size of job updated: 1156256
	710  -  MemoryUsage of job (MB)
	726172  -  ResidentSetSize of job (KB)
...
006 (66265.000.000) 08/27 19:19:55 Image size of job updated: 1156256
	817  -  MemoryUsage of job (MB)
	835904  -  ResidentSetSize of job (KB)
...
006 (66265.000.000) 08/27 19:39:57 Image size of job updated: 1175588
	817  -  MemoryUsage of job (MB)
	835904  -  ResidentSetSize of job (KB)
...
006 (66265.000.000) 08/27 19:50:12 Image size of job updated: 1303184
	817  -  MemoryUsage of job (MB)
	835904  -  ResidentSetSize of job (KB)
...
006 (66265.000.000) 08/27 22:35:59 Image size of job updated: 1598740
	817  -  MemoryUsage of job (MB)
	835904  -  ResidentSetSize of job (KB)
...
005 (66265.000.000) 08/27 22:36:00 Job terminated.
	(1) Normal termination (return value 135)
		Usr 0 00:44:35, Sys 0 00:05:57  -  Run Remote Usage
		Usr 0 00:00:00, Sys 0 00:00:00  -  Run Local Usage
		Usr 0 00:44:35, Sys 0 00:05:57  -  Total Remote Usage
		Usr 0 00:00:00, Sys 0 00:00:00  -  Total Local Usage
	5234  -  Run Bytes Sent By Job
	238  -  Run Bytes Received By Job
	5234  -  Total Bytes Sent By Job
	238  -  Total Bytes Received By Job
	Partitionable Resources :    Usage  Request Allocated
	   Cpus                 :                 1         1
	   Disk (KB)            :       15        1   2614828
	   Memory (MB)          :      817     1024      1024
...
000 (565.000.000) 08/28 17:54:00 Job submitted from host: <194.36.1.211:9618?addrs=194.36.1.211-9618+[--1]-9618&noUDP&sock=1189_2232_3>
...
009 (565.000.000) 08/28 17:54:57 Job was aborted by the user.
	via condor_rm (by user jnugent)
...
000 (66388.000.000) 08/28 17:55:40 Job submitted from host: <172.20.203.50:9618?addrs=172.20.203.50-9618+[--1]-9618&noUDP&sock=7405_cae4_4>
...
022 (66388.000.000) 08/28 17:55:53 Job disconnected, attempting to reconnect
    Socket between submit and execute hosts closed unexpectedly
    Trying to reconnect to slot1_18@node006.ppe.gla.ac.uk <10.194.1.6:9618?addrs=10.194.1.6-9618+[--1]-9618&noUDP&sock=26470_cbfa_3>
...
024 (66388.000.000) 08/28 17:56:01 Job reconnection failed
    Job not found at execution machine
    Can not reconnect to slot1_18@node006.ppe.gla.ac.uk, rescheduling job
...
004 (66388.000.000) 08/28 17:56:54 Job was evicted.
	(0) Job was not checkpointed.
		Usr 0 00:00:00, Sys 0 00:00:00  -  Run Remote Usage
		Usr 0 00:00:00, Sys 0 00:00:00  -  Run Local Usage
	0  -  Run Bytes Sent By Job
	238  -  Run Bytes Received By Job
	Partitionable Resources :    Usage  Request Allocated
	   Cpus                 :                 1         1
	   Disk (KB)            :       10        1   4187667
	   Memory (MB)          :              1024      1024
...
009 (66388.000.000) 08/28 17:56:54 Job was aborted by the user.
	via condor_rm (by user jnugent)
...
000 (66488.000.000) 08/28 17:59:35 Job submitted from host: <172.20.203.50:9618?addrs=172.20.203.50-9618+[--1]-9618&noUDP&sock=7405_cae4_4>
...
001 (66488.000.000) 08/28 17:59:55 Job executing on host: <10.194.1.8:9618?addrs=10.194.1.8-9618+[--1]-9618&noUDP&sock=18553_64af_6>
...
006 (66488.000.000) 08/28 18:00:04 Image size of job updated: 360640
	353  -  MemoryUsage of job (MB)
	360640  -  ResidentSetSize of job (KB)
...
006 (66488.000.000) 08/28 18:05:04 Image size of job updated: 506740
	495  -  MemoryUsage of job (MB)
	506740  -  ResidentSetSize of job (KB)
...
006 (66488.000.000) 08/28 18:10:04 Image size of job updated: 540896
	529  -  MemoryUsage of job (MB)
	540896  -  ResidentSetSize of job (KB)
...
006 (66488.000.000) 08/28 18:30:07 Image size of job updated: 687996
	672  -  MemoryUsage of job (MB)
	687996  -  ResidentSetSize of job (KB)
...
006 (66488.000.000) 08/28 18:35:08 Image size of job updated: 717756
	701  -  MemoryUsage of job (MB)
	717756  -  ResidentSetSize of job (KB)
...
006 (66488.000.000) 08/28 18:40:08 Image size of job updated: 747480
	730  -  MemoryUsage of job (MB)
	747480  -  ResidentSetSize of job (KB)
...
006 (66488.000.000) 08/28 19:00:10 Image size of job updated: 885692
	865  -  MemoryUsage of job (MB)
	885692  -  ResidentSetSize of job (KB)
...
006 (66488.000.000) 08/28 19:15:12 Image size of job updated: 898268
	878  -  MemoryUsage of job (MB)
	898268  -  ResidentSetSize of job (KB)
...
006 (66488.000.000) 08/28 19:20:13 Image size of job updated: 1085580
	1061  -  MemoryUsage of job (MB)
	1085580  -  ResidentSetSize of job (KB)
...
006 (66488.000.000) 08/28 19:25:14 Image size of job updated: 1132536
	1094  -  MemoryUsage of job (MB)
	1119448  -  ResidentSetSize of job (KB)
...
006 (66488.000.000) 08/28 19:35:15 Image size of job updated: 1256960
	1212  -  MemoryUsage of job (MB)
	1240572  -  ResidentSetSize of job (KB)
...
006 (66488.000.000) 08/28 19:40:16 Image size of job updated: 1285720
	1240  -  MemoryUsage of job (MB)
	1269372  -  ResidentSetSize of job (KB)
...
006 (66488.000.000) 08/28 20:15:19 Image size of job updated: 1377932
	1284  -  MemoryUsage of job (MB)
	1314120  -  ResidentSetSize of job (KB)
...
006 (66488.000.000) 08/28 20:25:19 Image size of job updated: 1587164
	1507  -  MemoryUsage of job (MB)
	1543044  -  ResidentSetSize of job (KB)
...
006 (66488.000.000) 08/28 20:45:21 Image size of job updated: 1637592
	1507  -  MemoryUsage of job (MB)
	1543044  -  ResidentSetSize of job (KB)
...
006 (66488.000.000) 08/28 21:05:24 Image size of job updated: 1708564
	1507  -  MemoryUsage of job (MB)
	1543044  -  ResidentSetSize of job (KB)
...
006 (66488.000.000) 08/28 21:15:24 Image size of job updated: 1726752
	1507  -  MemoryUsage of job (MB)
	1543044  -  ResidentSetSize of job (KB)
...
006 (66488.000.000) 08/28 21:25:25 Image size of job updated: 1779620
	1507  -  MemoryUsage of job (MB)
	1543044  -  ResidentSetSize of job (KB)
...
006 (66488.000.000) 08/28 21:35:26 Image size of job updated: 1932972
	1507  -  MemoryUsage of job (MB)
	1543044  -  ResidentSetSize of job (KB)
...
006 (66488.000.000) 08/28 21:55:29 Image size of job updated: 1968660
	1507  -  MemoryUsage of job (MB)
	1543044  -  ResidentSetSize of job (KB)
...
006 (66488.000.000) 08/28 22:00:29 Image size of job updated: 2128668
	1576  -  MemoryUsage of job (MB)
	1613816  -  ResidentSetSize of job (KB)
...
006 (66488.000.000) 08/28 22:10:30 Image size of job updated: 2275616
	1576  -  MemoryUsage of job (MB)
	1613816  -  ResidentSetSize of job (KB)
...
006 (66488.000.000) 08/28 22:15:31 Image size of job updated: 2302096
	1576  -  MemoryUsage of job (MB)
	1613816  -  ResidentSetSize of job (KB)
...
006 (66488.000.000) 08/28 22:28:29 Image size of job updated: 2311544
	1576  -  MemoryUsage of job (MB)
	1613816  -  ResidentSetSize of job (KB)
...
006 (66488.000.000) 08/28 22:52:30 Image size of job updated: 2734752
	2038  -  MemoryUsage of job (MB)
	2086904  -  ResidentSetSize of job (KB)
...
006 (66488.000.000) 08/29 00:59:49 Image size of job updated: 3152728
	2038  -  MemoryUsage of job (MB)
	2086904  -  ResidentSetSize of job (KB)
...
006 (66488.000.000) 08/29 01:19:52 Image size of job updated: 3301496
	2038  -  MemoryUsage of job (MB)
	2086904  -  ResidentSetSize of job (KB)
...
006 (66488.000.000) 08/29 01:39:54 Image size of job updated: 3486248
	2038  -  MemoryUsage of job (MB)
	2086904  -  ResidentSetSize of job (KB)
...
006 (66488.000.000) 08/29 01:54:55 Image size of job updated: 3673060
	2038  -  MemoryUsage of job (MB)
	2086904  -  ResidentSetSize of job (KB)
...
006 (66488.000.000) 08/29 02:55:03 Image size of job updated: 3892468
	2038  -  MemoryUsage of job (MB)
	2086904  -  ResidentSetSize of job (KB)
...
006 (66488.000.000) 08/29 03:25:05 Image size of job updated: 4057656
	2038  -  MemoryUsage of job (MB)
	2086904  -  ResidentSetSize of job (KB)
...
006 (66488.000.000) 08/29 03:30:06 Image size of job updated: 4069016
	2038  -  MemoryUsage of job (MB)
	2086904  -  ResidentSetSize of job (KB)
...
006 (66488.000.000) 08/29 03:45:08 Image size of job updated: 4232656
	2120  -  MemoryUsage of job (MB)
	2170720  -  ResidentSetSize of job (KB)
...
006 (66488.000.000) 08/29 03:50:09 Image size of job updated: 4232656
	2120  -  MemoryUsage of job (MB)
	2170728  -  ResidentSetSize of job (KB)
...
006 (66488.000.000) 08/29 04:15:10 Image size of job updated: 4420588
	2304  -  MemoryUsage of job (MB)
	2358624  -  ResidentSetSize of job (KB)
...
006 (66488.000.000) 08/29 04:20:11 Image size of job updated: 4420588
	2304  -  MemoryUsage of job (MB)
	2358632  -  ResidentSetSize of job (KB)
...
006 (66488.000.000) 08/29 04:35:12 Image size of job updated: 4442104
	2325  -  MemoryUsage of job (MB)
	2380132  -  ResidentSetSize of job (KB)
...
006 (66488.000.000) 08/29 04:55:14 Image size of job updated: 4444704
	2327  -  MemoryUsage of job (MB)
	2382736  -  ResidentSetSize of job (KB)
...
006 (66488.000.000) 08/29 05:05:15 Image size of job updated: 4661060
	2532  -  MemoryUsage of job (MB)
	2592564  -  ResidentSetSize of job (KB)
...
006 (66488.000.000) 08/29 05:40:19 Image size of job updated: 4879244
	2745  -  MemoryUsage of job (MB)
	2810508  -  ResidentSetSize of job (KB)
...
006 (66488.000.000) 08/29 06:22:50 Image size of job updated: 5171680
	2745  -  MemoryUsage of job (MB)
	2810508  -  ResidentSetSize of job (KB)
...
005 (66488.000.000) 08/29 06:22:52 Job terminated.
	(1) Normal termination (return value 137)
		Usr 0 10:14:05, Sys 0 00:20:22  -  Run Remote Usage
		Usr 0 00:00:00, Sys 0 00:00:00  -  Run Local Usage
		Usr 0 10:14:05, Sys 0 00:20:22  -  Total Remote Usage
		Usr 0 00:00:00, Sys 0 00:00:00  -  Total Local Usage
	172431  -  Run Bytes Sent By Job
	238  -  Run Bytes Received By Job
	172431  -  Total Bytes Sent By Job
	238  -  Total Bytes Received By Job
	Partitionable Resources :    Usage  Request Allocated
	   Cpus                 :                 1         1
	   Disk (KB)            :      178        1  10479086
	   Memory (MB)          :     2745     1024      1024
...
