000 (60069.000.000) 07/31 10:18:19 Job submitted from host: <172.20.203.50:9618?addrs=172.20.203.50-9618+[--1]-9618&noUDP&sock=7405_cae4_4>
...
022 (60069.000.000) 07/31 10:18:39 Job disconnected, attempting to reconnect
    Socket between submit and execute hosts closed unexpectedly
    Trying to reconnect to slot1_3@node034.ppe.gla.ac.uk <10.194.1.81:9618?addrs=10.194.1.81-9618+[--1]-9618&noUDP&sock=70646_dbbf_3>
...
024 (60069.000.000) 07/31 10:18:39 Job reconnection failed
    Job not found at execution machine
    Can not reconnect to slot1_3@node034.ppe.gla.ac.uk, rescheduling job
...
022 (60069.000.000) 07/31 10:18:40 Job disconnected, attempting to reconnect
    Socket between submit and execute hosts closed unexpectedly
    Trying to reconnect to slot1_3@node034.ppe.gla.ac.uk <10.194.1.81:9618?addrs=10.194.1.81-9618+[--1]-9618&noUDP&sock=70646_dbbf_3>
...
024 (60069.000.000) 07/31 10:18:48 Job reconnection failed
    Job not found at execution machine
    Can not reconnect to slot1_3@node034.ppe.gla.ac.uk, rescheduling job
...
001 (60069.000.000) 07/31 10:19:14 Job executing on host: <10.194.1.8:9618?addrs=10.194.1.8-9618+[--1]-9618&noUDP&sock=2118_59ad_3>
...
006 (60069.000.000) 07/31 10:19:22 Image size of job updated: 99164
	97  -  MemoryUsage of job (MB)
	99164  -  ResidentSetSize of job (KB)
...
006 (60069.000.000) 07/31 10:24:22 Image size of job updated: 386740
	378  -  MemoryUsage of job (MB)
	386740  -  ResidentSetSize of job (KB)
...
006 (60069.000.000) 07/31 10:29:18 Image size of job updated: 865588
	846  -  MemoryUsage of job (MB)
	865588  -  ResidentSetSize of job (KB)
...
004 (60069.000.000) 07/31 10:29:18 Job was evicted.
	(0) Job was not checkpointed.
		Usr 0 00:09:43, Sys 0 00:00:21  -  Run Remote Usage
		Usr 0 00:00:00, Sys 0 00:00:00  -  Run Local Usage
	0  -  Run Bytes Sent By Job
	237  -  Run Bytes Received By Job
	Partitionable Resources :    Usage  Request Allocated
	   Cpus                 :                 1         1
	   Disk (KB)            :       15        1    246255
	   Memory (MB)          :      846     1024      1024
...
009 (60069.000.000) 07/31 10:29:18 Job was aborted by the user.
	via condor_rm (by user jnugent)
...
000 (60169.000.000) 07/31 10:29:58 Job submitted from host: <172.20.203.50:9618?addrs=172.20.203.50-9618+[--1]-9618&noUDP&sock=7405_cae4_4>
...
022 (60169.000.000) 07/31 10:30:18 Job disconnected, attempting to reconnect
    Socket between submit and execute hosts closed unexpectedly
    Trying to reconnect to slot1_3@node034.ppe.gla.ac.uk <10.194.1.81:9618?addrs=10.194.1.81-9618+[--1]-9618&noUDP&sock=70646_dbbf_3>
...
024 (60169.000.000) 07/31 10:30:18 Job reconnection failed
    Job not found at execution machine
    Can not reconnect to slot1_3@node034.ppe.gla.ac.uk, rescheduling job
...
001 (60169.000.000) 07/31 10:30:20 Job executing on host: <10.194.1.6:9618?addrs=10.194.1.6-9618+[--1]-9618&noUDP&sock=1628_4045_3>
...
006 (60169.000.000) 07/31 10:30:29 Image size of job updated: 385828
	377  -  MemoryUsage of job (MB)
	385828  -  ResidentSetSize of job (KB)
...
006 (60169.000.000) 07/31 10:35:30 Image size of job updated: 496604
	485  -  MemoryUsage of job (MB)
	496604  -  ResidentSetSize of job (KB)
...
006 (60169.000.000) 07/31 10:40:31 Image size of job updated: 697760
	682  -  MemoryUsage of job (MB)
	697760  -  ResidentSetSize of job (KB)
...
006 (60169.000.000) 07/31 10:45:31 Image size of job updated: 1174912
	1148  -  MemoryUsage of job (MB)
	1174912  -  ResidentSetSize of job (KB)
...
006 (60169.000.000) 07/31 11:15:35 Image size of job updated: 1516904
	1482  -  MemoryUsage of job (MB)
	1516904  -  ResidentSetSize of job (KB)
...
006 (60169.000.000) 07/31 11:55:39 Image size of job updated: 1534940
	1482  -  MemoryUsage of job (MB)
	1516904  -  ResidentSetSize of job (KB)
...
006 (60169.000.000) 07/31 12:05:40 Image size of job updated: 1883384
	1800  -  MemoryUsage of job (MB)
	1842264  -  ResidentSetSize of job (KB)
...
006 (60169.000.000) 07/31 12:10:40 Image size of job updated: 1941576
	1857  -  MemoryUsage of job (MB)
	1900960  -  ResidentSetSize of job (KB)
...
006 (60169.000.000) 07/31 12:15:41 Image size of job updated: 1941576
	1857  -  MemoryUsage of job (MB)
	1900968  -  ResidentSetSize of job (KB)
...
006 (60169.000.000) 07/31 12:25:42 Image size of job updated: 2088880
	1979  -  MemoryUsage of job (MB)
	2026236  -  ResidentSetSize of job (KB)
...
006 (60169.000.000) 07/31 12:40:45 Image size of job updated: 2125280
	1997  -  MemoryUsage of job (MB)
	2044912  -  ResidentSetSize of job (KB)
...
006 (60169.000.000) 07/31 12:50:45 Image size of job updated: 2272372
	2133  -  MemoryUsage of job (MB)
	2183296  -  ResidentSetSize of job (KB)
...
006 (60169.000.000) 07/31 13:00:47 Image size of job updated: 2509908
	2412  -  MemoryUsage of job (MB)
	2469484  -  ResidentSetSize of job (KB)
...
006 (60169.000.000) 07/31 13:10:17 Image size of job updated: 2656052
	2550  -  MemoryUsage of job (MB)
	2610444  -  ResidentSetSize of job (KB)
...
004 (60169.000.000) 07/31 13:10:17 Job was evicted.
	(0) Job was not checkpointed.
		Usr 0 02:30:54, Sys 0 00:06:30  -  Run Remote Usage
		Usr 0 00:00:00, Sys 0 00:00:00  -  Run Local Usage
	0  -  Run Bytes Sent By Job
	237  -  Run Bytes Received By Job
	Partitionable Resources :    Usage  Request Allocated
	   Cpus                 :                 2         2
	   Disk (KB)            :       25        1    246565
	   Memory (MB)          :     2550     4096      4096
...
009 (60169.000.000) 07/31 13:10:17 Job was aborted by the user.
	via condor_rm (by user jnugent)
...
000 (60277.000.000) 07/31 13:11:09 Job submitted from host: <172.20.203.50:9618?addrs=172.20.203.50-9618+[--1]-9618&noUDP&sock=7405_cae4_4>
...
009 (60277.000.000) 07/31 20:07:17 Job was aborted by the user.
	via condor_rm (by user jnugent)
...
000 (62072.000.000) 07/31 20:08:36 Job submitted from host: <172.20.203.50:9618?addrs=172.20.203.50-9618+[--1]-9618&noUDP&sock=7405_cae4_4>
...
001 (62072.000.000) 07/31 20:25:44 Job executing on host: <10.194.1.6:9618?addrs=10.194.1.6-9618+[--1]-9618&noUDP&sock=1628_4045_3>
...
006 (62072.000.000) 07/31 20:25:53 Image size of job updated: 109996
	108  -  MemoryUsage of job (MB)
	109996  -  ResidentSetSize of job (KB)
...
006 (62072.000.000) 07/31 20:30:53 Image size of job updated: 386256
	360  -  MemoryUsage of job (MB)
	367976  -  ResidentSetSize of job (KB)
...
006 (62072.000.000) 07/31 20:45:55 Image size of job updated: 571560
	496  -  MemoryUsage of job (MB)
	507484  -  ResidentSetSize of job (KB)
...
006 (62072.000.000) 07/31 20:50:55 Image size of job updated: 598736
	496  -  MemoryUsage of job (MB)
	507484  -  ResidentSetSize of job (KB)
...
006 (62072.000.000) 07/31 20:55:55 Image size of job updated: 716088
	567  -  MemoryUsage of job (MB)
	580092  -  ResidentSetSize of job (KB)
...
006 (62072.000.000) 07/31 21:15:57 Image size of job updated: 733068
	567  -  MemoryUsage of job (MB)
	580092  -  ResidentSetSize of job (KB)
...
006 (62072.000.000) 07/31 21:30:59 Image size of job updated: 1012096
	626  -  MemoryUsage of job (MB)
	640100  -  ResidentSetSize of job (KB)
...
006 (62072.000.000) 07/31 21:36:00 Image size of job updated: 1012096
	765  -  MemoryUsage of job (MB)
	782500  -  ResidentSetSize of job (KB)
...
006 (62072.000.000) 07/31 22:06:02 Image size of job updated: 1012096
	781  -  MemoryUsage of job (MB)
	799520  -  ResidentSetSize of job (KB)
...
006 (62072.000.000) 07/31 22:11:03 Image size of job updated: 1585420
	913  -  MemoryUsage of job (MB)
	934828  -  ResidentSetSize of job (KB)
...
006 (62072.000.000) 07/31 22:16:03 Image size of job updated: 1585420
	913  -  MemoryUsage of job (MB)
	934836  -  ResidentSetSize of job (KB)
...
006 (62072.000.000) 07/31 22:21:03 Image size of job updated: 1660712
	1028  -  MemoryUsage of job (MB)
	1051980  -  ResidentSetSize of job (KB)
...
006 (62072.000.000) 07/31 22:56:07 Image size of job updated: 1693940
	1028  -  MemoryUsage of job (MB)
	1051980  -  ResidentSetSize of job (KB)
...
006 (62072.000.000) 07/31 23:01:07 Image size of job updated: 1793684
	1028  -  MemoryUsage of job (MB)
	1051980  -  ResidentSetSize of job (KB)
...
006 (62072.000.000) 07/31 23:21:09 Image size of job updated: 1793684
	1227  -  MemoryUsage of job (MB)
	1256424  -  ResidentSetSize of job (KB)
...
006 (62072.000.000) 08/01 00:11:13 Image size of job updated: 1925988
	1227  -  MemoryUsage of job (MB)
	1256424  -  ResidentSetSize of job (KB)
...
006 (62072.000.000) 08/01 00:16:14 Image size of job updated: 1984020
	1227  -  MemoryUsage of job (MB)
	1256424  -  ResidentSetSize of job (KB)
...
006 (62072.000.000) 08/01 00:21:15 Image size of job updated: 2024512
	1227  -  MemoryUsage of job (MB)
	1256424  -  ResidentSetSize of job (KB)
...
006 (62072.000.000) 08/01 00:26:15 Image size of job updated: 2034300
	1227  -  MemoryUsage of job (MB)
	1256424  -  ResidentSetSize of job (KB)
...
006 (62072.000.000) 08/01 00:31:15 Image size of job updated: 2169052
	1227  -  MemoryUsage of job (MB)
	1256424  -  ResidentSetSize of job (KB)
...
006 (62072.000.000) 08/01 00:41:16 Image size of job updated: 2244172
	1250  -  MemoryUsage of job (MB)
	1279024  -  ResidentSetSize of job (KB)
...
006 (62072.000.000) 08/01 01:01:18 Image size of job updated: 2283472
	1250  -  MemoryUsage of job (MB)
	1279024  -  ResidentSetSize of job (KB)
...
006 (62072.000.000) 08/01 01:11:20 Image size of job updated: 2368860
	1250  -  MemoryUsage of job (MB)
	1279024  -  ResidentSetSize of job (KB)
...
006 (62072.000.000) 08/01 01:51:24 Image size of job updated: 2368860
	1400  -  MemoryUsage of job (MB)
	1432908  -  ResidentSetSize of job (KB)
...
006 (62072.000.000) 08/01 01:56:24 Image size of job updated: 2368860
	1647  -  MemoryUsage of job (MB)
	1685796  -  ResidentSetSize of job (KB)
...
006 (62072.000.000) 08/01 02:01:24 Image size of job updated: 2456320
	1886  -  MemoryUsage of job (MB)
	1930772  -  ResidentSetSize of job (KB)
...
006 (62072.000.000) 08/01 02:31:28 Image size of job updated: 2630732
	1886  -  MemoryUsage of job (MB)
	1930772  -  ResidentSetSize of job (KB)
...
006 (62072.000.000) 08/01 02:46:29 Image size of job updated: 2697928
	1886  -  MemoryUsage of job (MB)
	1930772  -  ResidentSetSize of job (KB)
...
006 (62072.000.000) 08/01 02:56:30 Image size of job updated: 2897556
	1886  -  MemoryUsage of job (MB)
	1930772  -  ResidentSetSize of job (KB)
...
006 (62072.000.000) 08/01 04:16:38 Image size of job updated: 2899064
	1886  -  MemoryUsage of job (MB)
	1930772  -  ResidentSetSize of job (KB)
...
006 (62072.000.000) 08/01 04:21:39 Image size of job updated: 2994964
	1886  -  MemoryUsage of job (MB)
	1930772  -  ResidentSetSize of job (KB)
...
006 (62072.000.000) 08/01 04:26:40 Image size of job updated: 3069904
	1886  -  MemoryUsage of job (MB)
	1930772  -  ResidentSetSize of job (KB)
...
006 (62072.000.000) 08/01 04:31:40 Image size of job updated: 3203156
	1886  -  MemoryUsage of job (MB)
	1930772  -  ResidentSetSize of job (KB)
...
006 (62072.000.000) 08/01 05:11:45 Image size of job updated: 3393772
	1886  -  MemoryUsage of job (MB)
	1930772  -  ResidentSetSize of job (KB)
...
006 (62072.000.000) 08/01 05:16:46 Image size of job updated: 3438864
	1886  -  MemoryUsage of job (MB)
	1930772  -  ResidentSetSize of job (KB)
...
006 (62072.000.000) 08/01 05:21:46 Image size of job updated: 3464004
	1886  -  MemoryUsage of job (MB)
	1930772  -  ResidentSetSize of job (KB)
...
006 (62072.000.000) 08/01 05:41:48 Image size of job updated: 3490884
	1886  -  MemoryUsage of job (MB)
	1930772  -  ResidentSetSize of job (KB)
...
006 (62072.000.000) 08/01 05:46:48 Image size of job updated: 3637984
	1886  -  MemoryUsage of job (MB)
	1930772  -  ResidentSetSize of job (KB)
...
006 (62072.000.000) 08/01 05:51:49 Image size of job updated: 3705236
	1886  -  MemoryUsage of job (MB)
	1930772  -  ResidentSetSize of job (KB)
...
006 (62072.000.000) 08/01 05:56:50 Image size of job updated: 3792304
	1886  -  MemoryUsage of job (MB)
	1930772  -  ResidentSetSize of job (KB)
...
006 (62072.000.000) 08/01 06:01:50 Image size of job updated: 3901220
	1886  -  MemoryUsage of job (MB)
	1930772  -  ResidentSetSize of job (KB)
...
006 (62072.000.000) 08/01 06:06:50 Image size of job updated: 4019100
	1886  -  MemoryUsage of job (MB)
	1930772  -  ResidentSetSize of job (KB)
...
006 (62072.000.000) 08/01 06:11:51 Image size of job updated: 4131560
	1886  -  MemoryUsage of job (MB)
	1930772  -  ResidentSetSize of job (KB)
...
006 (62072.000.000) 08/01 06:16:51 Image size of job updated: 4239460
	1886  -  MemoryUsage of job (MB)
	1930772  -  ResidentSetSize of job (KB)
...
006 (62072.000.000) 08/01 06:21:51 Image size of job updated: 4277128
	1886  -  MemoryUsage of job (MB)
	1930772  -  ResidentSetSize of job (KB)
...
006 (62072.000.000) 08/01 06:26:52 Image size of job updated: 4328232
	1886  -  MemoryUsage of job (MB)
	1930772  -  ResidentSetSize of job (KB)
...
006 (62072.000.000) 08/01 06:31:53 Image size of job updated: 4357816
	1886  -  MemoryUsage of job (MB)
	1930772  -  ResidentSetSize of job (KB)
...
006 (62072.000.000) 08/01 06:36:53 Image size of job updated: 4507860
	1984  -  MemoryUsage of job (MB)
	2030704  -  ResidentSetSize of job (KB)
...
006 (62072.000.000) 08/01 06:41:54 Image size of job updated: 4549704
	2048  -  MemoryUsage of job (MB)
	2096668  -  ResidentSetSize of job (KB)
...
006 (62072.000.000) 08/01 06:49:06 Image size of job updated: 4571368
	2053  -  MemoryUsage of job (MB)
	2101812  -  ResidentSetSize of job (KB)
...
006 (62072.000.000) 08/01 06:55:41 Image size of job updated: 4709640
	2127  -  MemoryUsage of job (MB)
	2177052  -  ResidentSetSize of job (KB)
...
006 (62072.000.000) 08/01 07:00:57 Image size of job updated: 4738460
	2127  -  MemoryUsage of job (MB)
	2177052  -  ResidentSetSize of job (KB)
...
006 (62072.000.000) 08/01 07:05:57 Image size of job updated: 4766376
	2130  -  MemoryUsage of job (MB)
	2180812  -  ResidentSetSize of job (KB)
...
006 (62072.000.000) 08/01 07:10:57 Image size of job updated: 4810936
	2181  -  MemoryUsage of job (MB)
	2233264  -  ResidentSetSize of job (KB)
...
006 (62072.000.000) 08/01 07:15:58 Image size of job updated: 4840800
	2186  -  MemoryUsage of job (MB)
	2238276  -  ResidentSetSize of job (KB)
...
006 (62072.000.000) 08/01 07:20:59 Image size of job updated: 4848520
	2197  -  MemoryUsage of job (MB)
	2249416  -  ResidentSetSize of job (KB)
...
006 (62072.000.000) 08/01 07:25:59 Image size of job updated: 4891488
	2252  -  MemoryUsage of job (MB)
	2305872  -  ResidentSetSize of job (KB)
...
006 (62072.000.000) 08/01 07:30:59 Image size of job updated: 4903444
	2269  -  MemoryUsage of job (MB)
	2323160  -  ResidentSetSize of job (KB)
...
006 (62072.000.000) 08/01 07:36:00 Image size of job updated: 4924912
	2292  -  MemoryUsage of job (MB)
	2346508  -  ResidentSetSize of job (KB)
...
006 (62072.000.000) 08/01 07:41:01 Image size of job updated: 4924912
	2292  -  MemoryUsage of job (MB)
	2346988  -  ResidentSetSize of job (KB)
...
006 (62072.000.000) 08/01 07:50:36 Image size of job updated: 4924912
	2330  -  MemoryUsage of job (MB)
	2384972  -  ResidentSetSize of job (KB)
...
006 (62072.000.000) 08/01 08:04:24 Image size of job updated: 4924912
	2330  -  MemoryUsage of job (MB)
	2384976  -  ResidentSetSize of job (KB)
...
004 (62072.000.000) 08/01 10:14:40 Job was evicted.
	(0) Job was not checkpointed.
		Usr 0 06:59:05, Sys 0 00:16:12  -  Run Remote Usage
		Usr 0 00:00:00, Sys 0 00:00:00  -  Run Local Usage
	0  -  Run Bytes Sent By Job
	237  -  Run Bytes Received By Job
	Partitionable Resources :    Usage  Request Allocated
	   Cpus                 :                 1         1
	   Disk (KB)            :       18        1    246565
	   Memory (MB)          :     2330     1024      1024
...
009 (62072.000.000) 08/01 10:14:40 Job was aborted by the user.
	via condor_rm (by user jnugent)
...
000 (63694.000.000) 08/02 10:44:25 Job submitted from host: <172.20.203.50:9618?addrs=172.20.203.50-9618+[--1]-9618&noUDP&sock=7405_cae4_4>
...
001 (63694.000.000) 08/02 10:44:46 Job executing on host: <10.194.1.8:9618?addrs=10.194.1.8-9618+[--1]-9618&noUDP&sock=37221_16ac_3>
...
006 (63694.000.000) 08/02 10:44:55 Image size of job updated: 52720
	51  -  MemoryUsage of job (MB)
	51980  -  ResidentSetSize of job (KB)
...
006 (63694.000.000) 08/02 10:49:56 Image size of job updated: 315560
	308  -  MemoryUsage of job (MB)
	314820  -  ResidentSetSize of job (KB)
...
006 (63694.000.000) 08/02 10:54:57 Image size of job updated: 375192
	366  -  MemoryUsage of job (MB)
	374452  -  ResidentSetSize of job (KB)
...
006 (63694.000.000) 08/02 10:59:57 Image size of job updated: 580468
	567  -  MemoryUsage of job (MB)
	579728  -  ResidentSetSize of job (KB)
...
006 (63694.000.000) 08/02 11:09:58 Image size of job updated: 698840
	682  -  MemoryUsage of job (MB)
	698100  -  ResidentSetSize of job (KB)
...
006 (63694.000.000) 08/02 11:14:59 Image size of job updated: 736356
	719  -  MemoryUsage of job (MB)
	735616  -  ResidentSetSize of job (KB)
...
006 (63694.000.000) 08/02 11:19:59 Image size of job updated: 774108
	756  -  MemoryUsage of job (MB)
	773368  -  ResidentSetSize of job (KB)
...
006 (63694.000.000) 08/02 11:24:59 Image size of job updated: 811232
	792  -  MemoryUsage of job (MB)
	810492  -  ResidentSetSize of job (KB)
...
006 (63694.000.000) 08/02 11:29:59 Image size of job updated: 852788
	833  -  MemoryUsage of job (MB)
	852048  -  ResidentSetSize of job (KB)
...
006 (63694.000.000) 08/02 11:40:01 Image size of job updated: 947632
	925  -  MemoryUsage of job (MB)
	946892  -  ResidentSetSize of job (KB)
...
006 (63694.000.000) 08/02 12:15:03 Image size of job updated: 1396852
	1330  -  MemoryUsage of job (MB)
	1361840  -  ResidentSetSize of job (KB)
...
006 (63694.000.000) 08/02 12:25:04 Image size of job updated: 1522052
	1434  -  MemoryUsage of job (MB)
	1467972  -  ResidentSetSize of job (KB)
...
006 (63694.000.000) 08/02 12:40:06 Image size of job updated: 1819180
	1735  -  MemoryUsage of job (MB)
	1776420  -  ResidentSetSize of job (KB)
...
006 (63694.000.000) 08/02 12:55:08 Image size of job updated: 1912980
	1810  -  MemoryUsage of job (MB)
	1853132  -  ResidentSetSize of job (KB)
...
006 (63694.000.000) 08/02 13:25:11 Image size of job updated: 2216168
	2075  -  MemoryUsage of job (MB)
	2124756  -  ResidentSetSize of job (KB)
...
006 (63694.000.000) 08/02 13:45:13 Image size of job updated: 2328140
	2075  -  MemoryUsage of job (MB)
	2124756  -  ResidentSetSize of job (KB)
...
006 (63694.000.000) 08/02 13:55:14 Image size of job updated: 2339368
	2075  -  MemoryUsage of job (MB)
	2124756  -  ResidentSetSize of job (KB)
...
006 (63694.000.000) 08/02 14:05:15 Image size of job updated: 2377496
	2075  -  MemoryUsage of job (MB)
	2124756  -  ResidentSetSize of job (KB)
...
006 (63694.000.000) 08/02 14:25:18 Image size of job updated: 2408880
	2075  -  MemoryUsage of job (MB)
	2124756  -  ResidentSetSize of job (KB)
...
006 (63694.000.000) 08/02 15:10:23 Image size of job updated: 2535468
	2179  -  MemoryUsage of job (MB)
	2230636  -  ResidentSetSize of job (KB)
...
006 (63694.000.000) 08/02 15:30:25 Image size of job updated: 2585740
	2179  -  MemoryUsage of job (MB)
	2230636  -  ResidentSetSize of job (KB)
...
006 (63694.000.000) 08/02 15:41:29 Image size of job updated: 2813860
	2179  -  MemoryUsage of job (MB)
	2230636  -  ResidentSetSize of job (KB)
...
006 (63694.000.000) 08/02 16:20:31 Image size of job updated: 2946204
	2179  -  MemoryUsage of job (MB)
	2230636  -  ResidentSetSize of job (KB)
...
006 (63694.000.000) 08/02 16:25:32 Image size of job updated: 2963776
	2179  -  MemoryUsage of job (MB)
	2230636  -  ResidentSetSize of job (KB)
...
006 (63694.000.000) 08/02 16:50:34 Image size of job updated: 3039836
	2179  -  MemoryUsage of job (MB)
	2230636  -  ResidentSetSize of job (KB)
...
006 (63694.000.000) 08/02 17:20:37 Image size of job updated: 3176136
	2179  -  MemoryUsage of job (MB)
	2230636  -  ResidentSetSize of job (KB)
...
006 (63694.000.000) 08/02 17:25:37 Image size of job updated: 3328832
	2179  -  MemoryUsage of job (MB)
	2230636  -  ResidentSetSize of job (KB)
...
006 (63694.000.000) 08/02 17:35:39 Image size of job updated: 3432048
	2179  -  MemoryUsage of job (MB)
	2230636  -  ResidentSetSize of job (KB)
...
006 (63694.000.000) 08/02 17:40:39 Image size of job updated: 3442636
	2179  -  MemoryUsage of job (MB)
	2230636  -  ResidentSetSize of job (KB)
...
006 (63694.000.000) 08/02 18:20:42 Image size of job updated: 3575944
	2179  -  MemoryUsage of job (MB)
	2230636  -  ResidentSetSize of job (KB)
...
006 (63694.000.000) 08/02 18:30:44 Image size of job updated: 3599772
	2179  -  MemoryUsage of job (MB)
	2230636  -  ResidentSetSize of job (KB)
...
006 (63694.000.000) 08/02 18:55:47 Image size of job updated: 3862784
	2179  -  MemoryUsage of job (MB)
	2230636  -  ResidentSetSize of job (KB)
...
006 (63694.000.000) 08/02 19:04:34 Image size of job updated: 3914636
	2179  -  MemoryUsage of job (MB)
	2230636  -  ResidentSetSize of job (KB)
...
006 (63694.000.000) 08/02 19:21:22 Image size of job updated: 4060384
	2179  -  MemoryUsage of job (MB)
	2230636  -  ResidentSetSize of job (KB)
...
006 (63694.000.000) 08/02 19:50:03 Image size of job updated: 4297460
	2401  -  MemoryUsage of job (MB)
	2458024  -  ResidentSetSize of job (KB)
...
006 (63694.000.000) 08/02 20:23:01 Image size of job updated: 4464792
	2561  -  MemoryUsage of job (MB)
	2621756  -  ResidentSetSize of job (KB)
...
006 (63694.000.000) 08/02 20:53:57 Image size of job updated: 4604836
	2706  -  MemoryUsage of job (MB)
	2770532  -  ResidentSetSize of job (KB)
...
006 (63694.000.000) 08/02 21:32:09 Image size of job updated: 4690708
	2742  -  MemoryUsage of job (MB)
	2807432  -  ResidentSetSize of job (KB)
...
006 (63694.000.000) 08/02 22:05:33 Image size of job updated: 4853764
	2809  -  MemoryUsage of job (MB)
	2875860  -  ResidentSetSize of job (KB)
...
006 (63694.000.000) 08/02 22:33:16 Image size of job updated: 4890460
	2861  -  MemoryUsage of job (MB)
	2929256  -  ResidentSetSize of job (KB)
...
006 (63694.000.000) 08/02 23:03:01 Image size of job updated: 4944536
	2946  -  MemoryUsage of job (MB)
	3016384  -  ResidentSetSize of job (KB)
...
006 (63694.000.000) 08/03 00:07:01 Image size of job updated: 5050116
	3092  -  MemoryUsage of job (MB)
	3165668  -  ResidentSetSize of job (KB)
...
022 (63694.000.000) 08/03 00:40:27 Job disconnected, attempting to reconnect
    Socket between submit and execute hosts closed unexpectedly
    Trying to reconnect to slot1_6@node008.ppe.gla.ac.uk <10.194.1.8:9618?addrs=10.194.1.8-9618+[--1]-9618&noUDP&sock=37221_16ac_3>
...
024 (63694.000.000) 08/03 01:20:27 Job reconnection failed
    Job disconnected too long: JobLeaseDuration (2400 seconds) expired
    Can not reconnect to slot1_6@node008.ppe.gla.ac.uk, rescheduling job
...
001 (63694.000.000) 08/03 09:58:43 Job executing on host: <10.194.1.4:9618?addrs=10.194.1.4-9618+[--1]-9618&noUDP&sock=21589_d637_3>
...
004 (63694.000.000) 08/03 10:40:39 Job was evicted.
	(0) Job was not checkpointed.
		Usr 0 00:29:08, Sys 0 00:00:51  -  Run Remote Usage
		Usr 0 00:00:00, Sys 0 00:00:00  -  Run Local Usage
	0  -  Run Bytes Sent By Job
	237  -  Run Bytes Received By Job
	Partitionable Resources :    Usage  Request Allocated
	   Cpus                 :                 1         1
	   Disk (KB)            :       16       15   4187667
	   Memory (MB)          :     3174     1024      1024
...
009 (63694.000.000) 08/03 10:40:39 Job was aborted by the user.
	via condor_rm (by user jnugent)
...
000 (66098.000.000) 08/10 13:31:28 Job submitted from host: <172.20.203.50:9618?addrs=172.20.203.50-9618+[--1]-9618&noUDP&sock=7405_cae4_4>
...
001 (66098.000.000) 08/10 13:31:40 Job executing on host: <10.194.1.4:9618?addrs=10.194.1.4-9618+[--1]-9618&noUDP&sock=21589_d637_3>
...
006 (66098.000.000) 08/10 13:31:49 Image size of job updated: 48112
	47  -  MemoryUsage of job (MB)
	48112  -  ResidentSetSize of job (KB)
...
006 (66098.000.000) 08/10 13:36:50 Image size of job updated: 541608
	529  -  MemoryUsage of job (MB)
	541412  -  ResidentSetSize of job (KB)
...
006 (66098.000.000) 08/10 13:41:51 Image size of job updated: 541608
	534  -  MemoryUsage of job (MB)
	545864  -  ResidentSetSize of job (KB)
...
006 (66098.000.000) 08/10 13:46:51 Image size of job updated: 894436
	816  -  MemoryUsage of job (MB)
	835344  -  ResidentSetSize of job (KB)
...
006 (66098.000.000) 08/10 13:56:52 Image size of job updated: 1096552
	816  -  MemoryUsage of job (MB)
	835344  -  ResidentSetSize of job (KB)
...
006 (66098.000.000) 08/10 14:16:53 Image size of job updated: 1134936
	816  -  MemoryUsage of job (MB)
	835344  -  ResidentSetSize of job (KB)
...
006 (66098.000.000) 08/10 16:12:04 Image size of job updated: 1166228
	816  -  MemoryUsage of job (MB)
	835344  -  ResidentSetSize of job (KB)
...
006 (66098.000.000) 08/10 16:17:06 Image size of job updated: 1166284
	816  -  MemoryUsage of job (MB)
	835344  -  ResidentSetSize of job (KB)
...
006 (66098.000.000) 08/10 17:12:11 Image size of job updated: 1167980
	816  -  MemoryUsage of job (MB)
	835344  -  ResidentSetSize of job (KB)
...
006 (66098.000.000) 08/10 17:37:13 Image size of job updated: 1227816
	816  -  MemoryUsage of job (MB)
	835344  -  ResidentSetSize of job (KB)
...
006 (66098.000.000) 08/10 17:42:13 Image size of job updated: 1366392
	816  -  MemoryUsage of job (MB)
	835344  -  ResidentSetSize of job (KB)
...
006 (66098.000.000) 08/10 17:52:13 Image size of job updated: 1392468
	816  -  MemoryUsage of job (MB)
	835344  -  ResidentSetSize of job (KB)
...
006 (66098.000.000) 08/10 18:32:17 Image size of job updated: 1424432
	816  -  MemoryUsage of job (MB)
	835344  -  ResidentSetSize of job (KB)
...
006 (66098.000.000) 08/10 19:52:25 Image size of job updated: 1424432
	817  -  MemoryUsage of job (MB)
	836476  -  ResidentSetSize of job (KB)
...
006 (66098.000.000) 08/10 20:07:27 Image size of job updated: 1646324
	817  -  MemoryUsage of job (MB)
	836476  -  ResidentSetSize of job (KB)
...
006 (66098.000.000) 08/10 20:27:29 Image size of job updated: 1653636
	817  -  MemoryUsage of job (MB)
	836476  -  ResidentSetSize of job (KB)
...
006 (66098.000.000) 08/10 20:57:33 Image size of job updated: 1705560
	817  -  MemoryUsage of job (MB)
	836476  -  ResidentSetSize of job (KB)
...
006 (66098.000.000) 08/10 21:22:36 Image size of job updated: 1936892
	817  -  MemoryUsage of job (MB)
	836476  -  ResidentSetSize of job (KB)
...
006 (66098.000.000) 08/10 21:42:39 Image size of job updated: 1976528
	817  -  MemoryUsage of job (MB)
	836476  -  ResidentSetSize of job (KB)
...
006 (66098.000.000) 08/10 22:07:42 Image size of job updated: 2136560
	817  -  MemoryUsage of job (MB)
	836476  -  ResidentSetSize of job (KB)
...
006 (66098.000.000) 08/10 22:17:42 Image size of job updated: 2158396
	817  -  MemoryUsage of job (MB)
	836476  -  ResidentSetSize of job (KB)
...
006 (66098.000.000) 08/10 22:32:44 Image size of job updated: 2230840
	817  -  MemoryUsage of job (MB)
	836476  -  ResidentSetSize of job (KB)
...
006 (66098.000.000) 08/10 22:37:44 Image size of job updated: 2355924
	828  -  MemoryUsage of job (MB)
	847732  -  ResidentSetSize of job (KB)
...
006 (66098.000.000) 08/10 22:42:45 Image size of job updated: 2404860
	828  -  MemoryUsage of job (MB)
	847732  -  ResidentSetSize of job (KB)
...
006 (66098.000.000) 08/10 22:47:53 Image size of job updated: 2430312
	828  -  MemoryUsage of job (MB)
	847732  -  ResidentSetSize of job (KB)
...
006 (66098.000.000) 08/10 22:53:56 Image size of job updated: 2468216
	828  -  MemoryUsage of job (MB)
	847732  -  ResidentSetSize of job (KB)
...
006 (66098.000.000) 08/10 22:57:46 Image size of job updated: 2506464
	852  -  MemoryUsage of job (MB)
	872276  -  ResidentSetSize of job (KB)
...
006 (66098.000.000) 08/10 23:02:46 Image size of job updated: 2532056
	902  -  MemoryUsage of job (MB)
	923240  -  ResidentSetSize of job (KB)
...
006 (66098.000.000) 08/10 23:17:48 Image size of job updated: 2538664
	902  -  MemoryUsage of job (MB)
	923240  -  ResidentSetSize of job (KB)
...
006 (66098.000.000) 08/10 23:37:49 Image size of job updated: 2614476
	902  -  MemoryUsage of job (MB)
	923240  -  ResidentSetSize of job (KB)
...
006 (66098.000.000) 08/11 00:17:48 Image size of job updated: 2851220
	902  -  MemoryUsage of job (MB)
	923240  -  ResidentSetSize of job (KB)
...
006 (66098.000.000) 08/11 14:15:22 Image size of job updated: 3117340
	1107  -  MemoryUsage of job (MB)
	1132884  -  ResidentSetSize of job (KB)
...
006 (66098.000.000) 08/11 14:59:19 Image size of job updated: 3339884
	1207  -  MemoryUsage of job (MB)
	1235664  -  ResidentSetSize of job (KB)
...
006 (66098.000.000) 08/11 15:04:39 Image size of job updated: 3451940
	1303  -  MemoryUsage of job (MB)
	1334004  -  ResidentSetSize of job (KB)
...
006 (66098.000.000) 08/11 15:19:41 Image size of job updated: 3557496
	1303  -  MemoryUsage of job (MB)
	1334004  -  ResidentSetSize of job (KB)
...
006 (66098.000.000) 08/11 15:49:45 Image size of job updated: 3690420
	1303  -  MemoryUsage of job (MB)
	1334004  -  ResidentSetSize of job (KB)
...
006 (66098.000.000) 08/11 16:25:20 Image size of job updated: 3701628
	1303  -  MemoryUsage of job (MB)
	1334004  -  ResidentSetSize of job (KB)
...
006 (66098.000.000) 08/11 16:30:20 Image size of job updated: 3701644
	1303  -  MemoryUsage of job (MB)
	1334004  -  ResidentSetSize of job (KB)
...
006 (66098.000.000) 08/11 16:35:21 Image size of job updated: 3701668
	1303  -  MemoryUsage of job (MB)
	1334004  -  ResidentSetSize of job (KB)
...
006 (66098.000.000) 08/11 16:40:21 Image size of job updated: 3729700
	1303  -  MemoryUsage of job (MB)
	1334004  -  ResidentSetSize of job (KB)
...
006 (66098.000.000) 08/11 17:45:27 Image size of job updated: 3765612
	1303  -  MemoryUsage of job (MB)
	1334004  -  ResidentSetSize of job (KB)
...
006 (66098.000.000) 08/11 18:45:33 Image size of job updated: 3836636
	1303  -  MemoryUsage of job (MB)
	1334004  -  ResidentSetSize of job (KB)
...
006 (66098.000.000) 08/11 18:50:46 Image size of job updated: 3869804
	1303  -  MemoryUsage of job (MB)
	1334004  -  ResidentSetSize of job (KB)
...
006 (66098.000.000) 08/11 18:55:33 Image size of job updated: 3880492
	1303  -  MemoryUsage of job (MB)
	1334004  -  ResidentSetSize of job (KB)
...
006 (66098.000.000) 08/11 19:00:33 Image size of job updated: 3902452
	1303  -  MemoryUsage of job (MB)
	1334004  -  ResidentSetSize of job (KB)
...
006 (66098.000.000) 08/11 19:05:34 Image size of job updated: 3917164
	1303  -  MemoryUsage of job (MB)
	1334004  -  ResidentSetSize of job (KB)
...
006 (66098.000.000) 08/11 19:10:35 Image size of job updated: 3937320
	1303  -  MemoryUsage of job (MB)
	1334004  -  ResidentSetSize of job (KB)
...
006 (66098.000.000) 08/11 19:15:35 Image size of job updated: 3951180
	1303  -  MemoryUsage of job (MB)
	1334004  -  ResidentSetSize of job (KB)
...
006 (66098.000.000) 08/11 19:20:35 Image size of job updated: 3967656
	1303  -  MemoryUsage of job (MB)
	1334004  -  ResidentSetSize of job (KB)
...
006 (66098.000.000) 08/11 19:25:36 Image size of job updated: 3979504
	1303  -  MemoryUsage of job (MB)
	1334004  -  ResidentSetSize of job (KB)
...
006 (66098.000.000) 08/11 19:30:44 Image size of job updated: 3994960
	1303  -  MemoryUsage of job (MB)
	1334004  -  ResidentSetSize of job (KB)
...
006 (66098.000.000) 08/11 19:35:37 Image size of job updated: 4022000
	1303  -  MemoryUsage of job (MB)
	1334004  -  ResidentSetSize of job (KB)
...
006 (66098.000.000) 08/11 19:40:38 Image size of job updated: 4038796
	1324  -  MemoryUsage of job (MB)
	1355256  -  ResidentSetSize of job (KB)
...
006 (66098.000.000) 08/11 19:45:39 Image size of job updated: 4057512
	1359  -  MemoryUsage of job (MB)
	1391400  -  ResidentSetSize of job (KB)
...
006 (66098.000.000) 08/11 19:50:39 Image size of job updated: 4076436
	1392  -  MemoryUsage of job (MB)
	1424584  -  ResidentSetSize of job (KB)
...
006 (66098.000.000) 08/11 19:55:40 Image size of job updated: 4096972
	1427  -  MemoryUsage of job (MB)
	1460420  -  ResidentSetSize of job (KB)
...
006 (66098.000.000) 08/11 20:00:41 Image size of job updated: 4114376
	1456  -  MemoryUsage of job (MB)
	1490868  -  ResidentSetSize of job (KB)
...
006 (66098.000.000) 08/11 20:05:41 Image size of job updated: 4131800
	1487  -  MemoryUsage of job (MB)
	1522608  -  ResidentSetSize of job (KB)
...
006 (66098.000.000) 08/11 20:10:41 Image size of job updated: 4155060
	1527  -  MemoryUsage of job (MB)
	1563140  -  ResidentSetSize of job (KB)
...
006 (66098.000.000) 08/11 20:15:42 Image size of job updated: 4175692
	1558  -  MemoryUsage of job (MB)
	1594500  -  ResidentSetSize of job (KB)
...
006 (66098.000.000) 08/11 20:20:43 Image size of job updated: 4201608
	1601  -  MemoryUsage of job (MB)
	1638800  -  ResidentSetSize of job (KB)
...
006 (66098.000.000) 08/11 20:25:43 Image size of job updated: 4229736
	1641  -  MemoryUsage of job (MB)
	1679964  -  ResidentSetSize of job (KB)
...
006 (66098.000.000) 08/11 20:30:43 Image size of job updated: 4248708
	1658  -  MemoryUsage of job (MB)
	1696968  -  ResidentSetSize of job (KB)
...
006 (66098.000.000) 08/11 20:38:13 Image size of job updated: 4273152
	1704  -  MemoryUsage of job (MB)
	1744200  -  ResidentSetSize of job (KB)
...
006 (66098.000.000) 08/11 20:46:19 Image size of job updated: 4326516
	1786  -  MemoryUsage of job (MB)
	1827864  -  ResidentSetSize of job (KB)
...
006 (66098.000.000) 08/11 20:54:01 Image size of job updated: 4354628
	1836  -  MemoryUsage of job (MB)
	1879472  -  ResidentSetSize of job (KB)
...
006 (66098.000.000) 08/11 20:59:01 Image size of job updated: 4386892
	1878  -  MemoryUsage of job (MB)
	1922512  -  ResidentSetSize of job (KB)
...
006 (66098.000.000) 08/11 21:04:01 Image size of job updated: 4411872
	1920  -  MemoryUsage of job (MB)
	1965796  -  ResidentSetSize of job (KB)
...
006 (66098.000.000) 08/11 21:09:02 Image size of job updated: 4434352
	1957  -  MemoryUsage of job (MB)
	2003444  -  ResidentSetSize of job (KB)
...
006 (66098.000.000) 08/11 21:14:03 Image size of job updated: 4471312
	2029  -  MemoryUsage of job (MB)
	2077232  -  ResidentSetSize of job (KB)
...
006 (66098.000.000) 08/11 21:19:04 Image size of job updated: 4475788
	2038  -  MemoryUsage of job (MB)
	2086188  -  ResidentSetSize of job (KB)
...
006 (66098.000.000) 08/11 21:24:04 Image size of job updated: 4494560
	2073  -  MemoryUsage of job (MB)
	2121880  -  ResidentSetSize of job (KB)
...
006 (66098.000.000) 08/11 21:29:04 Image size of job updated: 4506188
	2094  -  MemoryUsage of job (MB)
	2144072  -  ResidentSetSize of job (KB)
...
006 (66098.000.000) 08/11 21:34:06 Image size of job updated: 4544244
	2160  -  MemoryUsage of job (MB)
	2210912  -  ResidentSetSize of job (KB)
...
006 (66098.000.000) 08/11 21:39:06 Image size of job updated: 4566108
	2190  -  MemoryUsage of job (MB)
	2241588  -  ResidentSetSize of job (KB)
...
006 (66098.000.000) 08/11 21:44:07 Image size of job updated: 4579572
	2190  -  MemoryUsage of job (MB)
	2241588  -  ResidentSetSize of job (KB)
...
006 (66098.000.000) 08/11 21:49:08 Image size of job updated: 4594436
	2206  -  MemoryUsage of job (MB)
	2258708  -  ResidentSetSize of job (KB)
...
006 (66098.000.000) 08/11 21:54:08 Image size of job updated: 4606340
	2206  -  MemoryUsage of job (MB)
	2258708  -  ResidentSetSize of job (KB)
...
006 (66098.000.000) 08/11 21:59:57 Image size of job updated: 4620988
	2216  -  MemoryUsage of job (MB)
	2268520  -  ResidentSetSize of job (KB)
...
006 (66098.000.000) 08/11 22:04:09 Image size of job updated: 4629320
	2226  -  MemoryUsage of job (MB)
	2278780  -  ResidentSetSize of job (KB)
...
006 (66098.000.000) 08/11 22:09:10 Image size of job updated: 4639476
	2226  -  MemoryUsage of job (MB)
	2278780  -  ResidentSetSize of job (KB)
...
006 (66098.000.000) 08/11 22:14:11 Image size of job updated: 4648192
	2227  -  MemoryUsage of job (MB)
	2280380  -  ResidentSetSize of job (KB)
...
006 (66098.000.000) 08/11 22:19:11 Image size of job updated: 4658288
	2236  -  MemoryUsage of job (MB)
	2288960  -  ResidentSetSize of job (KB)
...
006 (66098.000.000) 08/11 22:24:11 Image size of job updated: 4666764
	2241  -  MemoryUsage of job (MB)
	2294764  -  ResidentSetSize of job (KB)
...
006 (66098.000.000) 08/11 22:29:12 Image size of job updated: 4674272
	2248  -  MemoryUsage of job (MB)
	2301532  -  ResidentSetSize of job (KB)
...
006 (66098.000.000) 08/11 22:34:13 Image size of job updated: 4681448
	2248  -  MemoryUsage of job (MB)
	2301532  -  ResidentSetSize of job (KB)
...
006 (66098.000.000) 08/11 22:39:13 Image size of job updated: 4690060
	2248  -  MemoryUsage of job (MB)
	2301532  -  ResidentSetSize of job (KB)
...
006 (66098.000.000) 08/11 22:44:13 Image size of job updated: 4700712
	2251  -  MemoryUsage of job (MB)
	2304132  -  ResidentSetSize of job (KB)
...
006 (66098.000.000) 08/11 22:49:15 Image size of job updated: 4713684
	2251  -  MemoryUsage of job (MB)
	2304132  -  ResidentSetSize of job (KB)
...
006 (66098.000.000) 08/11 22:54:15 Image size of job updated: 4721764
	2251  -  MemoryUsage of job (MB)
	2304132  -  ResidentSetSize of job (KB)
...
006 (66098.000.000) 08/11 22:59:15 Image size of job updated: 4731860
	2251  -  MemoryUsage of job (MB)
	2304132  -  ResidentSetSize of job (KB)
...
006 (66098.000.000) 08/11 23:04:16 Image size of job updated: 4738716
	2251  -  MemoryUsage of job (MB)
	2304132  -  ResidentSetSize of job (KB)
...
006 (66098.000.000) 08/11 23:09:24 Image size of job updated: 4748068
	2252  -  MemoryUsage of job (MB)
	2305876  -  ResidentSetSize of job (KB)
...
006 (66098.000.000) 08/11 23:14:17 Image size of job updated: 4754856
	2262  -  MemoryUsage of job (MB)
	2315868  -  ResidentSetSize of job (KB)
...
006 (66098.000.000) 08/11 23:19:18 Image size of job updated: 4760252
	2262  -  MemoryUsage of job (MB)
	2315868  -  ResidentSetSize of job (KB)
...
006 (66098.000.000) 08/11 23:24:19 Image size of job updated: 4767784
	2262  -  MemoryUsage of job (MB)
	2316076  -  ResidentSetSize of job (KB)
...
006 (66098.000.000) 08/11 23:29:19 Image size of job updated: 4777100
	2268  -  MemoryUsage of job (MB)
	2322356  -  ResidentSetSize of job (KB)
...
006 (66098.000.000) 08/11 23:34:19 Image size of job updated: 4787556
	2268  -  MemoryUsage of job (MB)
	2322356  -  ResidentSetSize of job (KB)
...
006 (66098.000.000) 08/11 23:39:20 Image size of job updated: 4797332
	2268  -  MemoryUsage of job (MB)
	2322356  -  ResidentSetSize of job (KB)
...
006 (66098.000.000) 08/11 23:44:20 Image size of job updated: 4804816
	2268  -  MemoryUsage of job (MB)
	2322356  -  ResidentSetSize of job (KB)
...
006 (66098.000.000) 08/11 23:49:21 Image size of job updated: 4816120
	2285  -  MemoryUsage of job (MB)
	2339220  -  ResidentSetSize of job (KB)
...
006 (66098.000.000) 08/11 23:54:21 Image size of job updated: 4825344
	2285  -  MemoryUsage of job (MB)
	2339220  -  ResidentSetSize of job (KB)
...
006 (66098.000.000) 08/12 00:04:23 Image size of job updated: 4833008
	2285  -  MemoryUsage of job (MB)
	2339220  -  ResidentSetSize of job (KB)
...
006 (66098.000.000) 08/12 00:09:23 Image size of job updated: 4839056
	2285  -  MemoryUsage of job (MB)
	2339220  -  ResidentSetSize of job (KB)
...
006 (66098.000.000) 08/12 00:14:24 Image size of job updated: 4839428
	2285  -  MemoryUsage of job (MB)
	2339220  -  ResidentSetSize of job (KB)
...
006 (66098.000.000) 08/12 00:19:25 Image size of job updated: 4846348
	2285  -  MemoryUsage of job (MB)
	2339220  -  ResidentSetSize of job (KB)
...
006 (66098.000.000) 08/12 00:24:25 Image size of job updated: 4862612
	2285  -  MemoryUsage of job (MB)
	2339220  -  ResidentSetSize of job (KB)
...
006 (66098.000.000) 08/12 00:29:25 Image size of job updated: 4875880
	2285  -  MemoryUsage of job (MB)
	2339220  -  ResidentSetSize of job (KB)
...
006 (66098.000.000) 08/12 00:34:26 Image size of job updated: 4886916
	2285  -  MemoryUsage of job (MB)
	2339220  -  ResidentSetSize of job (KB)
...
006 (66098.000.000) 08/12 00:39:26 Image size of job updated: 4901116
	2285  -  MemoryUsage of job (MB)
	2339220  -  ResidentSetSize of job (KB)
...
006 (66098.000.000) 08/12 00:44:26 Image size of job updated: 4907988
	2285  -  MemoryUsage of job (MB)
	2339220  -  ResidentSetSize of job (KB)
...
006 (66098.000.000) 08/12 00:49:27 Image size of job updated: 4918616
	2285  -  MemoryUsage of job (MB)
	2339220  -  ResidentSetSize of job (KB)
...
006 (66098.000.000) 08/12 00:54:28 Image size of job updated: 4933048
	2285  -  MemoryUsage of job (MB)
	2339220  -  ResidentSetSize of job (KB)
...
006 (66098.000.000) 08/12 00:59:28 Image size of job updated: 4944596
	2285  -  MemoryUsage of job (MB)
	2339220  -  ResidentSetSize of job (KB)
...
006 (66098.000.000) 08/12 01:04:28 Image size of job updated: 4956604
	2285  -  MemoryUsage of job (MB)
	2339220  -  ResidentSetSize of job (KB)
...
006 (66098.000.000) 08/12 01:09:29 Image size of job updated: 4964760
	2285  -  MemoryUsage of job (MB)
	2339220  -  ResidentSetSize of job (KB)
...
006 (66098.000.000) 08/12 01:14:30 Image size of job updated: 4976708
	2285  -  MemoryUsage of job (MB)
	2339220  -  ResidentSetSize of job (KB)
...
006 (66098.000.000) 08/12 01:19:30 Image size of job updated: 4983348
	2285  -  MemoryUsage of job (MB)
	2339220  -  ResidentSetSize of job (KB)
...
006 (66098.000.000) 08/12 01:26:32 Image size of job updated: 5011288
	2285  -  MemoryUsage of job (MB)
	2339220  -  ResidentSetSize of job (KB)
...
006 (66098.000.000) 08/12 01:33:13 Image size of job updated: 5028188
	2285  -  MemoryUsage of job (MB)
	2339220  -  ResidentSetSize of job (KB)
...
006 (66098.000.000) 08/12 01:44:32 Image size of job updated: 5053204
	2285  -  MemoryUsage of job (MB)
	2339220  -  ResidentSetSize of job (KB)
...
006 (66098.000.000) 08/12 02:02:57 Image size of job updated: 5104940
	2285  -  MemoryUsage of job (MB)
	2339220  -  ResidentSetSize of job (KB)
...
006 (66098.000.000) 08/12 02:16:48 Image size of job updated: 5131888
	2285  -  MemoryUsage of job (MB)
	2339220  -  ResidentSetSize of job (KB)
...
006 (66098.000.000) 08/12 03:05:12 Image size of job updated: 5131972
	2285  -  MemoryUsage of job (MB)
	2339220  -  ResidentSetSize of job (KB)
...
006 (66098.000.000) 08/12 13:41:39 Image size of job updated: 5132448
	2285  -  MemoryUsage of job (MB)
	2339220  -  ResidentSetSize of job (KB)
...
005 (66098.000.000) 08/18 04:29:12 Job terminated.
	(1) Normal termination (return value 0)
		Usr 0 10:02:36, Sys 0 01:21:53  -  Run Remote Usage
		Usr 0 00:00:00, Sys 0 00:00:00  -  Run Local Usage
		Usr 0 10:02:36, Sys 0 01:21:53  -  Total Remote Usage
		Usr 0 00:00:00, Sys 0 00:00:00  -  Total Local Usage
	4299168  -  Run Bytes Sent By Job
	237  -  Run Bytes Received By Job
	4299168  -  Total Bytes Sent By Job
	237  -  Total Bytes Received By Job
	Partitionable Resources :    Usage  Request Allocated
	   Cpus                 :                 1         1
	   Disk (KB)            :     4209        1   4187667
	   Memory (MB)          :     2285     1024      1024
...
000 (434.000.000) 08/27 11:47:40 Job submitted from host: <194.36.1.211:9618?addrs=194.36.1.211-9618+[--1]-9618&noUDP&sock=1189_2232_3>
...
009 (434.000.000) 08/27 11:48:15 Job was aborted by the user.
	via condor_rm (by user jnugent)
...
000 (66255.000.000) 08/27 11:48:33 Job submitted from host: <172.20.203.50:9618?addrs=172.20.203.50-9618+[--1]-9618&noUDP&sock=7405_cae4_4>
...
001 (66255.000.000) 08/27 11:48:55 Job executing on host: <10.194.1.8:9618?addrs=10.194.1.8-9618+[--1]-9618&noUDP&sock=16892_15e0_12>
...
006 (66255.000.000) 08/27 11:49:03 Image size of job updated: 141420
	139  -  MemoryUsage of job (MB)
	141420  -  ResidentSetSize of job (KB)
...
006 (66255.000.000) 08/27 11:54:03 Image size of job updated: 271848
	266  -  MemoryUsage of job (MB)
	271848  -  ResidentSetSize of job (KB)
...
006 (66255.000.000) 08/27 11:59:04 Image size of job updated: 424668
	415  -  MemoryUsage of job (MB)
	424668  -  ResidentSetSize of job (KB)
...
006 (66255.000.000) 08/27 12:04:05 Image size of job updated: 789480
	771  -  MemoryUsage of job (MB)
	789480  -  ResidentSetSize of job (KB)
...
006 (66255.000.000) 08/27 12:09:05 Image size of job updated: 826180
	807  -  MemoryUsage of job (MB)
	826180  -  ResidentSetSize of job (KB)
...
006 (66255.000.000) 08/27 12:34:07 Image size of job updated: 1153808
	1127  -  MemoryUsage of job (MB)
	1153808  -  ResidentSetSize of job (KB)
...
006 (66255.000.000) 08/27 12:49:09 Image size of job updated: 1258996
	1230  -  MemoryUsage of job (MB)
	1258996  -  ResidentSetSize of job (KB)
...
006 (66255.000.000) 08/27 13:04:10 Image size of job updated: 1271980
	1243  -  MemoryUsage of job (MB)
	1271980  -  ResidentSetSize of job (KB)
...
006 (66255.000.000) 08/27 13:09:11 Image size of job updated: 1379816
	1348  -  MemoryUsage of job (MB)
	1379816  -  ResidentSetSize of job (KB)
...
006 (66255.000.000) 08/27 13:54:15 Image size of job updated: 1614420
	1577  -  MemoryUsage of job (MB)
	1614136  -  ResidentSetSize of job (KB)
...
006 (66255.000.000) 08/27 14:24:19 Image size of job updated: 1638528
	1600  -  MemoryUsage of job (MB)
	1638084  -  ResidentSetSize of job (KB)
...
006 (66255.000.000) 08/27 14:44:21 Image size of job updated: 1697456
	1657  -  MemoryUsage of job (MB)
	1695780  -  ResidentSetSize of job (KB)
...
006 (66255.000.000) 08/27 14:49:21 Image size of job updated: 1697456
	1657  -  MemoryUsage of job (MB)
	1695788  -  ResidentSetSize of job (KB)
...
006 (66255.000.000) 08/27 14:59:23 Image size of job updated: 1793536
	1657  -  MemoryUsage of job (MB)
	1695788  -  ResidentSetSize of job (KB)
...
006 (66255.000.000) 08/27 15:09:23 Image size of job updated: 1862728
	1657  -  MemoryUsage of job (MB)
	1695788  -  ResidentSetSize of job (KB)
...
006 (66255.000.000) 08/27 15:34:26 Image size of job updated: 2063436
	1657  -  MemoryUsage of job (MB)
	1695788  -  ResidentSetSize of job (KB)
...
006 (66255.000.000) 08/27 15:39:26 Image size of job updated: 2163436
	1657  -  MemoryUsage of job (MB)
	1695788  -  ResidentSetSize of job (KB)
...
006 (66255.000.000) 08/27 16:04:27 Image size of job updated: 2248736
	1657  -  MemoryUsage of job (MB)
	1695788  -  ResidentSetSize of job (KB)
...
006 (66255.000.000) 08/27 16:09:28 Image size of job updated: 2322204
	1657  -  MemoryUsage of job (MB)
	1695788  -  ResidentSetSize of job (KB)
...
006 (66255.000.000) 08/27 16:38:13 Image size of job updated: 2884968
	1657  -  MemoryUsage of job (MB)
	1695788  -  ResidentSetSize of job (KB)
...
022 (66255.000.000) 08/27 17:41:51 Job disconnected, attempting to reconnect
    Socket between submit and execute hosts closed unexpectedly
    Trying to reconnect to slot1_12@node008.ppe.gla.ac.uk <10.194.1.8:9618?addrs=10.194.1.8-9618+[--1]-9618&noUDP&sock=16892_15e0_12>
...
024 (66255.000.000) 08/27 17:41:51 Job reconnection failed
    Job disconnected too long: JobLeaseDuration (2400 seconds) expired
    Can not reconnect to slot1_12@node008.ppe.gla.ac.uk, rescheduling job
...
022 (66255.000.000) 08/27 17:42:22 Job disconnected, attempting to reconnect
    Socket between submit and execute hosts closed unexpectedly
    Trying to reconnect to slot1_14@node006.ppe.gla.ac.uk <10.194.1.6:9618?addrs=10.194.1.6-9618+[--1]-9618&noUDP&sock=26470_cbfa_3>
...
024 (66255.000.000) 08/27 17:42:31 Job reconnection failed
    Job not found at execution machine
    Can not reconnect to slot1_14@node006.ppe.gla.ac.uk, rescheduling job
...
022 (66255.000.000) 08/27 17:43:22 Job disconnected, attempting to reconnect
    Socket between submit and execute hosts closed unexpectedly
    Trying to reconnect to slot1_14@node006.ppe.gla.ac.uk <10.194.1.6:9618?addrs=10.194.1.6-9618+[--1]-9618&noUDP&sock=26470_cbfa_3>
...
024 (66255.000.000) 08/27 17:43:30 Job reconnection failed
    Job not found at execution machine
    Can not reconnect to slot1_14@node006.ppe.gla.ac.uk, rescheduling job
...
022 (66255.000.000) 08/27 17:43:42 Job disconnected, attempting to reconnect
    Socket between submit and execute hosts closed unexpectedly
    Trying to reconnect to slot1_14@node006.ppe.gla.ac.uk <10.194.1.6:9618?addrs=10.194.1.6-9618+[--1]-9618&noUDP&sock=26470_cbfa_3>
...
024 (66255.000.000) 08/27 17:43:50 Job reconnection failed
    Job not found at execution machine
    Can not reconnect to slot1_14@node006.ppe.gla.ac.uk, rescheduling job
...
001 (66255.000.000) 08/27 17:44:42 Job executing on host: <10.194.1.8:9618?addrs=10.194.1.8-9618+[--1]-9618&noUDP&sock=18553_64af_3>
...
006 (66255.000.000) 08/27 23:59:18 Image size of job updated: 3127092
	1816  -  MemoryUsage of job (MB)
	1858836  -  ResidentSetSize of job (KB)
...
022 (66255.000.000) 08/28 02:48:08 Job disconnected, attempting to reconnect
    Socket between submit and execute hosts closed unexpectedly
    Trying to reconnect to slot1_7@node008.ppe.gla.ac.uk <10.194.1.8:9618?addrs=10.194.1.8-9618+[--1]-9618&noUDP&sock=18553_64af_3>
...
024 (66255.000.000) 08/28 02:48:08 Job reconnection failed
    Job disconnected too long: JobLeaseDuration (2400 seconds) expired
    Can not reconnect to slot1_7@node008.ppe.gla.ac.uk, rescheduling job
...
001 (66255.000.000) 08/28 02:48:40 Job executing on host: <10.194.1.4:9618?addrs=10.194.1.4-9618+[--1]-9618&noUDP&sock=21589_d637_3>
...
005 (66255.000.000) 08/28 17:30:37 Job terminated.
	(1) Normal termination (return value 135)
		Usr 0 00:30:43, Sys 0 00:07:39  -  Run Remote Usage
		Usr 0 00:00:00, Sys 0 00:00:00  -  Run Local Usage
		Usr 0 00:30:43, Sys 0 00:07:39  -  Total Remote Usage
		Usr 0 00:00:00, Sys 0 00:00:00  -  Total Local Usage
	5223  -  Run Bytes Sent By Job
	237  -  Run Bytes Received By Job
	5223  -  Total Bytes Sent By Job
	711  -  Total Bytes Received By Job
	Partitionable Resources :    Usage  Request Allocated
	   Cpus                 :                 1         1
	   Disk (KB)            :       25       17   4187667
	   Memory (MB)          :     1954     1024      1024
...
000 (555.000.000) 08/28 17:53:59 Job submitted from host: <194.36.1.211:9618?addrs=194.36.1.211-9618+[--1]-9618&noUDP&sock=1189_2232_3>
...
009 (555.000.000) 08/28 17:54:57 Job was aborted by the user.
	via condor_rm (by user jnugent)
...
000 (66378.000.000) 08/28 17:55:39 Job submitted from host: <172.20.203.50:9618?addrs=172.20.203.50-9618+[--1]-9618&noUDP&sock=7405_cae4_4>
...
022 (66378.000.000) 08/28 17:55:52 Job disconnected, attempting to reconnect
    Socket between submit and execute hosts closed unexpectedly
    Trying to reconnect to slot1_12@node006.ppe.gla.ac.uk <10.194.1.6:9618?addrs=10.194.1.6-9618+[--1]-9618&noUDP&sock=26470_cbfa_3>
...
024 (66378.000.000) 08/28 17:56:00 Job reconnection failed
    Job not found at execution machine
    Can not reconnect to slot1_12@node006.ppe.gla.ac.uk, rescheduling job
...
001 (66378.000.000) 08/28 17:56:52 Job executing on host: <10.194.1.4:9618?addrs=10.194.1.4-9618+[--1]-9618&noUDP&sock=21589_d637_3>
...
006 (66378.000.000) 08/28 17:56:52 Image size of job updated: 1
	0  -  MemoryUsage of job (MB)
	0  -  ResidentSetSize of job (KB)
...
004 (66378.000.000) 08/28 17:56:52 Job was evicted.
	(0) Job was not checkpointed.
		Usr 0 00:00:00, Sys 0 00:00:00  -  Run Remote Usage
		Usr 0 00:00:00, Sys 0 00:00:00  -  Run Local Usage
	0  -  Run Bytes Sent By Job
	237  -  Run Bytes Received By Job
	Partitionable Resources :    Usage  Request Allocated
	   Cpus                 :                 1         1
	   Disk (KB)            :       11        1   4187667
	   Memory (MB)          :        0     1024      1024
...
009 (66378.000.000) 08/28 17:56:52 Job was aborted by the user.
	via condor_rm (by user jnugent)
...
000 (66478.000.000) 08/28 17:59:34 Job submitted from host: <172.20.203.50:9618?addrs=172.20.203.50-9618+[--1]-9618&noUDP&sock=7405_cae4_4>
...
001 (66478.000.000) 08/28 17:59:55 Job executing on host: <10.194.1.8:9618?addrs=10.194.1.8-9618+[--1]-9618&noUDP&sock=18553_64af_6>
...
006 (66478.000.000) 08/28 18:00:04 Image size of job updated: 390584
	381  -  MemoryUsage of job (MB)
	389668  -  ResidentSetSize of job (KB)
...
006 (66478.000.000) 08/28 18:05:05 Image size of job updated: 586156
	572  -  MemoryUsage of job (MB)
	585240  -  ResidentSetSize of job (KB)
...
006 (66478.000.000) 08/28 18:25:08 Image size of job updated: 689348
	673  -  MemoryUsage of job (MB)
	688432  -  ResidentSetSize of job (KB)
...
006 (66478.000.000) 08/28 18:30:08 Image size of job updated: 703660
	687  -  MemoryUsage of job (MB)
	702744  -  ResidentSetSize of job (KB)
...
006 (66478.000.000) 08/28 18:40:09 Image size of job updated: 788976
	770  -  MemoryUsage of job (MB)
	788060  -  ResidentSetSize of job (KB)
...
006 (66478.000.000) 08/28 18:45:09 Image size of job updated: 892548
	871  -  MemoryUsage of job (MB)
	891632  -  ResidentSetSize of job (KB)
...
006 (66478.000.000) 08/28 19:30:14 Image size of job updated: 963700
	941  -  MemoryUsage of job (MB)
	962784  -  ResidentSetSize of job (KB)
...
006 (66478.000.000) 08/28 19:35:14 Image size of job updated: 1108816
	1082  -  MemoryUsage of job (MB)
	1107900  -  ResidentSetSize of job (KB)
...
006 (66478.000.000) 08/28 19:40:14 Image size of job updated: 1240596
	1211  -  MemoryUsage of job (MB)
	1239680  -  ResidentSetSize of job (KB)
...
006 (66478.000.000) 08/28 19:45:15 Image size of job updated: 1332340
	1301  -  MemoryUsage of job (MB)
	1331424  -  ResidentSetSize of job (KB)
...
006 (66478.000.000) 08/28 20:25:19 Image size of job updated: 1417064
	1383  -  MemoryUsage of job (MB)
	1416148  -  ResidentSetSize of job (KB)
...
006 (66478.000.000) 08/28 20:30:19 Image size of job updated: 1569308
	1532  -  MemoryUsage of job (MB)
	1568392  -  ResidentSetSize of job (KB)
...
006 (66478.000.000) 08/28 20:45:20 Image size of job updated: 1687688
	1648  -  MemoryUsage of job (MB)
	1686772  -  ResidentSetSize of job (KB)
...
006 (66478.000.000) 08/28 21:05:23 Image size of job updated: 1736968
	1648  -  MemoryUsage of job (MB)
	1686772  -  ResidentSetSize of job (KB)
...
006 (66478.000.000) 08/28 21:20:24 Image size of job updated: 1786736
	1648  -  MemoryUsage of job (MB)
	1686772  -  ResidentSetSize of job (KB)
...
006 (66478.000.000) 08/28 21:35:26 Image size of job updated: 1881208
	1648  -  MemoryUsage of job (MB)
	1686772  -  ResidentSetSize of job (KB)
...
006 (66478.000.000) 08/28 21:40:27 Image size of job updated: 1919596
	1648  -  MemoryUsage of job (MB)
	1686772  -  ResidentSetSize of job (KB)
...
006 (66478.000.000) 08/28 21:45:28 Image size of job updated: 1927604
	1648  -  MemoryUsage of job (MB)
	1686772  -  ResidentSetSize of job (KB)
...
006 (66478.000.000) 08/28 21:55:29 Image size of job updated: 1955096
	1648  -  MemoryUsage of job (MB)
	1686772  -  ResidentSetSize of job (KB)
...
006 (66478.000.000) 08/28 22:00:30 Image size of job updated: 2013440
	1648  -  MemoryUsage of job (MB)
	1686772  -  ResidentSetSize of job (KB)
...
006 (66478.000.000) 08/28 22:05:30 Image size of job updated: 2044920
	1665  -  MemoryUsage of job (MB)
	1704172  -  ResidentSetSize of job (KB)
...
006 (66478.000.000) 08/28 22:10:30 Image size of job updated: 2103216
	1665  -  MemoryUsage of job (MB)
	1704172  -  ResidentSetSize of job (KB)
...
006 (66478.000.000) 08/28 22:15:31 Image size of job updated: 2560560
	1766  -  MemoryUsage of job (MB)
	1808216  -  ResidentSetSize of job (KB)
...
006 (66478.000.000) 08/28 22:28:29 Image size of job updated: 2644328
	1766  -  MemoryUsage of job (MB)
	1808216  -  ResidentSetSize of job (KB)
...
006 (66478.000.000) 08/28 23:11:30 Image size of job updated: 2644328
	1861  -  MemoryUsage of job (MB)
	1905444  -  ResidentSetSize of job (KB)
...
006 (66478.000.000) 08/28 23:43:11 Image size of job updated: 2644328
	1971  -  MemoryUsage of job (MB)
	2017736  -  ResidentSetSize of job (KB)
...
006 (66478.000.000) 08/29 00:01:12 Image size of job updated: 2644328
	1984  -  MemoryUsage of job (MB)
	2030664  -  ResidentSetSize of job (KB)
...
006 (66478.000.000) 08/29 01:01:17 Image size of job updated: 2812028
	1984  -  MemoryUsage of job (MB)
	2030664  -  ResidentSetSize of job (KB)
...
006 (66478.000.000) 08/29 01:21:20 Image size of job updated: 3287104
	2035  -  MemoryUsage of job (MB)
	2083516  -  ResidentSetSize of job (KB)
...
006 (66478.000.000) 08/29 01:51:23 Image size of job updated: 3458996
	2201  -  MemoryUsage of job (MB)
	2253160  -  ResidentSetSize of job (KB)
...
006 (66478.000.000) 08/29 02:21:27 Image size of job updated: 3737624
	2473  -  MemoryUsage of job (MB)
	2531676  -  ResidentSetSize of job (KB)
...
006 (66478.000.000) 08/29 03:31:35 Image size of job updated: 4138800
	2865  -  MemoryUsage of job (MB)
	2932820  -  ResidentSetSize of job (KB)
...
006 (66478.000.000) 08/29 03:36:36 Image size of job updated: 4138800
	2865  -  MemoryUsage of job (MB)
	2932836  -  ResidentSetSize of job (KB)
...
006 (66478.000.000) 08/29 04:51:44 Image size of job updated: 4218184
	2942  -  MemoryUsage of job (MB)
	3011748  -  ResidentSetSize of job (KB)
...
006 (66478.000.000) 08/29 05:01:45 Image size of job updated: 4339612
	3045  -  MemoryUsage of job (MB)
	3117640  -  ResidentSetSize of job (KB)
...
006 (66478.000.000) 08/29 05:07:02 Image size of job updated: 4635524
	3292  -  MemoryUsage of job (MB)
	3370588  -  ResidentSetSize of job (KB)
...
006 (66478.000.000) 08/29 05:46:50 Image size of job updated: 4858864
	3475  -  MemoryUsage of job (MB)
	3557960  -  ResidentSetSize of job (KB)
...
006 (66478.000.000) 08/29 05:51:51 Image size of job updated: 4859948
	3483  -  MemoryUsage of job (MB)
	3566380  -  ResidentSetSize of job (KB)
...
006 (66478.000.000) 08/29 06:22:50 Image size of job updated: 4878228
	3483  -  MemoryUsage of job (MB)
	3566380  -  ResidentSetSize of job (KB)
...
006 (66478.000.000) 08/29 06:46:58 Image size of job updated: 4982960
	3483  -  MemoryUsage of job (MB)
	3566380  -  ResidentSetSize of job (KB)
...
006 (66478.000.000) 08/29 06:57:00 Image size of job updated: 5029336
	3483  -  MemoryUsage of job (MB)
	3566380  -  ResidentSetSize of job (KB)
...
006 (66478.000.000) 08/29 07:02:00 Image size of job updated: 5112688
	3483  -  MemoryUsage of job (MB)
	3566380  -  ResidentSetSize of job (KB)
...
006 (66478.000.000) 08/29 07:07:00 Image size of job updated: 5145060
	3483  -  MemoryUsage of job (MB)
	3566380  -  ResidentSetSize of job (KB)
...
006 (66478.000.000) 08/29 07:22:01 Image size of job updated: 5180548
	3505  -  MemoryUsage of job (MB)
	3588100  -  ResidentSetSize of job (KB)
...
006 (66478.000.000) 08/29 07:37:03 Image size of job updated: 5544724
	3713  -  MemoryUsage of job (MB)
	3801496  -  ResidentSetSize of job (KB)
...
006 (66478.000.000) 08/29 08:42:09 Image size of job updated: 5885100
	3841  -  MemoryUsage of job (MB)
	3932836  -  ResidentSetSize of job (KB)
...
006 (66478.000.000) 08/29 20:47:45 Image size of job updated: 6143208
	3841  -  MemoryUsage of job (MB)
	3932836  -  ResidentSetSize of job (KB)
...
006 (66478.000.000) 08/29 21:15:31 Image size of job updated: 6378872
	3983  -  MemoryUsage of job (MB)
	4078020  -  ResidentSetSize of job (KB)
...
006 (66478.000.000) 08/29 21:39:10 Image size of job updated: 6589612
	3994  -  MemoryUsage of job (MB)
	4089784  -  ResidentSetSize of job (KB)
...
006 (66478.000.000) 08/29 22:04:00 Image size of job updated: 6589612
	3999  -  MemoryUsage of job (MB)
	4094264  -  ResidentSetSize of job (KB)
...
006 (66478.000.000) 08/29 23:16:58 Image size of job updated: 6589612
	4013  -  MemoryUsage of job (MB)
	4109092  -  ResidentSetSize of job (KB)
...
006 (66478.000.000) 08/29 23:53:25 Image size of job updated: 6589640
	4013  -  MemoryUsage of job (MB)
	4109092  -  ResidentSetSize of job (KB)
...
022 (66478.000.000) 08/30 01:08:46 Job disconnected, attempting to reconnect
    Socket between submit and execute hosts closed unexpectedly
    Trying to reconnect to slot1_6@node008.ppe.gla.ac.uk <10.194.1.8:9618?addrs=10.194.1.8-9618+[--1]-9618&noUDP&sock=18553_64af_6>
...
024 (66478.000.000) 08/30 01:48:46 Job reconnection failed
    Job disconnected too long: JobLeaseDuration (2400 seconds) expired
    Can not reconnect to slot1_6@node008.ppe.gla.ac.uk, rescheduling job
...
022 (66478.000.000) 08/30 01:54:38 Job disconnected, attempting to reconnect
    Socket between submit and execute hosts closed unexpectedly
    Trying to reconnect to slot1_2@node006.ppe.gla.ac.uk <10.194.1.6:9618?addrs=10.194.1.6-9618+[--1]-9618&noUDP&sock=26470_cbfa_3>
...
024 (66478.000.000) 08/30 01:54:46 Job reconnection failed
    Job not found at execution machine
    Can not reconnect to slot1_2@node006.ppe.gla.ac.uk, rescheduling job
...
022 (66478.000.000) 08/30 01:55:39 Job disconnected, attempting to reconnect
    Socket between submit and execute hosts closed unexpectedly
    Trying to reconnect to slot1_1@node006.ppe.gla.ac.uk <10.194.1.6:9618?addrs=10.194.1.6-9618+[--1]-9618&noUDP&sock=26470_cbfa_3>
...
024 (66478.000.000) 08/30 01:55:47 Job reconnection failed
    Job not found at execution machine
    Can not reconnect to slot1_1@node006.ppe.gla.ac.uk, rescheduling job
...
001 (66478.000.000) 08/30 01:56:40 Job executing on host: <10.194.1.8:9618?addrs=10.194.1.8-9618+[--1]-9618&noUDP&sock=5976_9e0e_3>
...
005 (66478.000.000) 08/30 15:23:25 Job terminated.
	(1) Normal termination (return value 135)
		Usr 0 09:37:17, Sys 0 00:20:35  -  Run Remote Usage
		Usr 0 00:00:00, Sys 0 00:00:00  -  Run Local Usage
		Usr 0 09:37:17, Sys 0 00:20:35  -  Total Remote Usage
		Usr 0 00:00:00, Sys 0 00:00:00  -  Total Local Usage
	168495  -  Run Bytes Sent By Job
	237  -  Run Bytes Received By Job
	168495  -  Total Bytes Sent By Job
	474  -  Total Bytes Received By Job
	Partitionable Resources :    Usage  Request Allocated
	   Cpus                 :                 1         1
	   Disk (KB)            :     4000     4000  10479108
	   Memory (MB)          :     4151     1024      1024
...
