000 (96819.000.000) 09/23 16:58:47 Job submitted from host: <172.20.203.50:9618?addrs=172.20.203.50-9618+[--1]-9618&noUDP&sock=7405_cae4_4>
...
001 (96819.000.000) 09/23 16:58:56 Job executing on host: <10.194.1.8:9618?addrs=10.194.1.8-9618+[--1]-9618&noUDP&sock=5976_9e0e_3>
...
006 (96819.000.000) 09/23 16:59:05 Image size of job updated: 51720
	50  -  MemoryUsage of job (MB)
	50708  -  ResidentSetSize of job (KB)
...
006 (96819.000.000) 09/23 17:04:06 Image size of job updated: 477964
	466  -  MemoryUsage of job (MB)
	476932  -  ResidentSetSize of job (KB)
...
006 (96819.000.000) 09/23 17:09:06 Image size of job updated: 627552
	612  -  MemoryUsage of job (MB)
	626520  -  ResidentSetSize of job (KB)
...
006 (96819.000.000) 09/23 17:19:06 Image size of job updated: 1146276
	1119  -  MemoryUsage of job (MB)
	1145244  -  ResidentSetSize of job (KB)
...
006 (96819.000.000) 09/23 17:59:10 Image size of job updated: 1517204
	1465  -  MemoryUsage of job (MB)
	1499456  -  ResidentSetSize of job (KB)
...
006 (96819.000.000) 09/23 18:04:11 Image size of job updated: 1641296
	1545  -  MemoryUsage of job (MB)
	1581372  -  ResidentSetSize of job (KB)
...
006 (96819.000.000) 09/23 18:44:15 Image size of job updated: 1887092
	1774  -  MemoryUsage of job (MB)
	1815872  -  ResidentSetSize of job (KB)
...
006 (96819.000.000) 09/23 18:59:18 Image size of job updated: 2148252
	2021  -  MemoryUsage of job (MB)
	2068772  -  ResidentSetSize of job (KB)
...
006 (96819.000.000) 09/23 19:34:19 Image size of job updated: 2298308
	2141  -  MemoryUsage of job (MB)
	2191372  -  ResidentSetSize of job (KB)
...
006 (96819.000.000) 09/23 19:49:21 Image size of job updated: 2578860
	2470  -  MemoryUsage of job (MB)
	2528828  -  ResidentSetSize of job (KB)
...
006 (96819.000.000) 09/23 19:59:22 Image size of job updated: 2630680
	2515  -  MemoryUsage of job (MB)
	2575268  -  ResidentSetSize of job (KB)
...
006 (96819.000.000) 09/23 20:19:24 Image size of job updated: 2702912
	2579  -  MemoryUsage of job (MB)
	2640760  -  ResidentSetSize of job (KB)
...
006 (96819.000.000) 09/23 20:29:25 Image size of job updated: 2765928
	2641  -  MemoryUsage of job (MB)
	2703816  -  ResidentSetSize of job (KB)
...
006 (96819.000.000) 09/23 20:44:26 Image size of job updated: 2824784
	2672  -  MemoryUsage of job (MB)
	2735568  -  ResidentSetSize of job (KB)
...
006 (96819.000.000) 09/23 20:59:27 Image size of job updated: 2827440
	2672  -  MemoryUsage of job (MB)
	2735568  -  ResidentSetSize of job (KB)
...
006 (96819.000.000) 09/23 21:04:28 Image size of job updated: 2853916
	2672  -  MemoryUsage of job (MB)
	2735568  -  ResidentSetSize of job (KB)
...
006 (96819.000.000) 09/23 21:09:29 Image size of job updated: 3398336
	2720  -  MemoryUsage of job (MB)
	2784328  -  ResidentSetSize of job (KB)
...
006 (96819.000.000) 09/23 21:49:32 Image size of job updated: 3633868
	2720  -  MemoryUsage of job (MB)
	2784328  -  ResidentSetSize of job (KB)
...
006 (96819.000.000) 09/23 21:54:33 Image size of job updated: 3818640
	2720  -  MemoryUsage of job (MB)
	2784328  -  ResidentSetSize of job (KB)
...
006 (96819.000.000) 09/23 21:59:33 Image size of job updated: 4081912
	3032  -  MemoryUsage of job (MB)
	3104024  -  ResidentSetSize of job (KB)
...
006 (96819.000.000) 09/23 22:04:33 Image size of job updated: 4156772
	3178  -  MemoryUsage of job (MB)
	3253732  -  ResidentSetSize of job (KB)
...
006 (96819.000.000) 09/23 22:09:34 Image size of job updated: 4266928
	3367  -  MemoryUsage of job (MB)
	3447476  -  ResidentSetSize of job (KB)
...
006 (96819.000.000) 09/23 22:14:35 Image size of job updated: 4364796
	3367  -  MemoryUsage of job (MB)
	3447476  -  ResidentSetSize of job (KB)
...
006 (96819.000.000) 09/23 22:24:36 Image size of job updated: 4428332
	3367  -  MemoryUsage of job (MB)
	3447476  -  ResidentSetSize of job (KB)
...
006 (96819.000.000) 09/23 22:29:37 Image size of job updated: 4537484
	3367  -  MemoryUsage of job (MB)
	3447476  -  ResidentSetSize of job (KB)
...
006 (96819.000.000) 09/23 22:34:37 Image size of job updated: 4627220
	3367  -  MemoryUsage of job (MB)
	3447476  -  ResidentSetSize of job (KB)
...
006 (96819.000.000) 09/23 22:39:37 Image size of job updated: 4708652
	3367  -  MemoryUsage of job (MB)
	3447476  -  ResidentSetSize of job (KB)
...
006 (96819.000.000) 09/23 22:44:38 Image size of job updated: 4769568
	3367  -  MemoryUsage of job (MB)
	3447476  -  ResidentSetSize of job (KB)
...
006 (96819.000.000) 09/23 22:49:38 Image size of job updated: 4894064
	3367  -  MemoryUsage of job (MB)
	3447476  -  ResidentSetSize of job (KB)
...
006 (96819.000.000) 09/23 23:08:40 Image size of job updated: 4997744
	3367  -  MemoryUsage of job (MB)
	3447476  -  ResidentSetSize of job (KB)
...
005 (96819.000.000) 09/24 05:44:36 Job terminated.
	(1) Normal termination (return value 0)
		Usr 0 09:43:28, Sys 0 00:25:30  -  Run Remote Usage
		Usr 0 00:00:00, Sys 0 00:00:00  -  Run Local Usage
		Usr 0 09:43:28, Sys 0 00:25:30  -  Total Remote Usage
		Usr 0 00:00:00, Sys 0 00:00:00  -  Total Local Usage
	1000403  -  Run Bytes Sent By Job
	238  -  Run Bytes Received By Job
	1000403  -  Total Bytes Sent By Job
	238  -  Total Bytes Received By Job
	Partitionable Resources :    Usage  Request Allocated
	   Cpus                 :                 1         1
	   Disk (KB)            :      987        1  10479108
	   Memory (MB)          :     3367     1024      1024
...
000 (96869.000.000) 09/24 14:18:52 Job submitted from host: <172.20.203.50:9618?addrs=172.20.203.50-9618+[--1]-9618&noUDP&sock=7405_cae4_4>
...
001 (96869.000.000) 09/24 14:18:57 Job executing on host: <10.194.1.8:9618?addrs=10.194.1.8-9618+[--1]-9618&noUDP&sock=5976_9e0e_3>
...
006 (96869.000.000) 09/24 14:19:06 Image size of job updated: 51156
	50  -  MemoryUsage of job (MB)
	50788  -  ResidentSetSize of job (KB)
...
006 (96869.000.000) 09/24 14:24:07 Image size of job updated: 721644
	705  -  MemoryUsage of job (MB)
	721276  -  ResidentSetSize of job (KB)
...
006 (96869.000.000) 09/24 14:34:08 Image size of job updated: 1097520
	1072  -  MemoryUsage of job (MB)
	1097152  -  ResidentSetSize of job (KB)
...
006 (96869.000.000) 09/24 14:59:10 Image size of job updated: 1150368
	1124  -  MemoryUsage of job (MB)
	1150000  -  ResidentSetSize of job (KB)
...
006 (96869.000.000) 09/24 15:04:11 Image size of job updated: 1170112
	1143  -  MemoryUsage of job (MB)
	1169744  -  ResidentSetSize of job (KB)
...
006 (96869.000.000) 09/24 15:14:11 Image size of job updated: 1315124
	1284  -  MemoryUsage of job (MB)
	1314756  -  ResidentSetSize of job (KB)
...
006 (96869.000.000) 09/24 15:29:13 Image size of job updated: 1683292
	1644  -  MemoryUsage of job (MB)
	1682924  -  ResidentSetSize of job (KB)
...
006 (96869.000.000) 09/24 15:34:13 Image size of job updated: 1683292
	1644  -  MemoryUsage of job (MB)
	1682932  -  ResidentSetSize of job (KB)
...
006 (96869.000.000) 09/24 15:39:14 Image size of job updated: 1732656
	1680  -  MemoryUsage of job (MB)
	1720040  -  ResidentSetSize of job (KB)
...
006 (96869.000.000) 09/24 15:49:14 Image size of job updated: 1820904
	1766  -  MemoryUsage of job (MB)
	1808288  -  ResidentSetSize of job (KB)
...
006 (96869.000.000) 09/24 15:54:15 Image size of job updated: 1999064
	1940  -  MemoryUsage of job (MB)
	1986448  -  ResidentSetSize of job (KB)
...
006 (96869.000.000) 09/24 16:09:16 Image size of job updated: 2192124
	2117  -  MemoryUsage of job (MB)
	2167440  -  ResidentSetSize of job (KB)
...
006 (96869.000.000) 09/24 16:34:19 Image size of job updated: 2556828
	2447  -  MemoryUsage of job (MB)
	2505376  -  ResidentSetSize of job (KB)
...
006 (96869.000.000) 09/24 16:59:22 Image size of job updated: 2916392
	2765  -  MemoryUsage of job (MB)
	2830552  -  ResidentSetSize of job (KB)
...
006 (96869.000.000) 09/24 17:04:22 Image size of job updated: 2916392
	2768  -  MemoryUsage of job (MB)
	2834032  -  ResidentSetSize of job (KB)
...
006 (96869.000.000) 09/24 17:09:23 Image size of job updated: 2991760
	2835  -  MemoryUsage of job (MB)
	2902936  -  ResidentSetSize of job (KB)
...
006 (96869.000.000) 09/24 17:14:24 Image size of job updated: 3063284
	2905  -  MemoryUsage of job (MB)
	2974468  -  ResidentSetSize of job (KB)
...
006 (96869.000.000) 09/24 17:24:24 Image size of job updated: 3446472
	3275  -  MemoryUsage of job (MB)
	3352768  -  ResidentSetSize of job (KB)
...
006 (96869.000.000) 09/24 17:54:27 Image size of job updated: 3723292
	3523  -  MemoryUsage of job (MB)
	3606732  -  ResidentSetSize of job (KB)
...
005 (96869.000.000) 09/24 22:32:44 Job terminated.
	(1) Normal termination (return value 0)
		Usr 0 07:41:03, Sys 0 00:21:37  -  Run Remote Usage
		Usr 0 00:00:00, Sys 0 00:00:00  -  Run Local Usage
		Usr 0 07:41:03, Sys 0 00:21:37  -  Total Remote Usage
		Usr 0 00:00:00, Sys 0 00:00:00  -  Total Local Usage
	1000335  -  Run Bytes Sent By Job
	238  -  Run Bytes Received By Job
	1000335  -  Total Bytes Sent By Job
	238  -  Total Bytes Received By Job
	Partitionable Resources :    Usage  Request Allocated
	   Cpus                 :                 1         1
	   Disk (KB)            :      987        1  10479108
	   Memory (MB)          :     3523    10240     10240
...
