000 (96830.000.000) 09/23 16:58:48 Job submitted from host: <172.20.203.50:9618?addrs=172.20.203.50-9618+[--1]-9618&noUDP&sock=7405_cae4_4>
...
001 (96830.000.000) 09/23 16:58:57 Job executing on host: <10.194.1.4:9618?addrs=10.194.1.4-9618+[--1]-9618&noUDP&sock=21589_d637_3>
...
006 (96830.000.000) 09/23 16:59:05 Image size of job updated: 50856
	50  -  MemoryUsage of job (MB)
	50816  -  ResidentSetSize of job (KB)
...
006 (96830.000.000) 09/23 17:04:05 Image size of job updated: 727648
	711  -  MemoryUsage of job (MB)
	727608  -  ResidentSetSize of job (KB)
...
006 (96830.000.000) 09/23 17:19:07 Image size of job updated: 1189224
	1162  -  MemoryUsage of job (MB)
	1189184  -  ResidentSetSize of job (KB)
...
006 (96830.000.000) 09/23 17:49:10 Image size of job updated: 1221732
	1174  -  MemoryUsage of job (MB)
	1201416  -  ResidentSetSize of job (KB)
...
006 (96830.000.000) 09/23 17:59:12 Image size of job updated: 1282344
	1184  -  MemoryUsage of job (MB)
	1211864  -  ResidentSetSize of job (KB)
...
006 (96830.000.000) 09/23 18:04:12 Image size of job updated: 1445476
	1344  -  MemoryUsage of job (MB)
	1375416  -  ResidentSetSize of job (KB)
...
006 (96830.000.000) 09/23 18:09:12 Image size of job updated: 1623104
	1518  -  MemoryUsage of job (MB)
	1553476  -  ResidentSetSize of job (KB)
...
006 (96830.000.000) 09/23 18:29:14 Image size of job updated: 1708880
	1518  -  MemoryUsage of job (MB)
	1553476  -  ResidentSetSize of job (KB)
...
006 (96830.000.000) 09/23 19:24:20 Image size of job updated: 1884052
	1518  -  MemoryUsage of job (MB)
	1553476  -  ResidentSetSize of job (KB)
...
006 (96830.000.000) 09/23 19:49:22 Image size of job updated: 2097000
	1518  -  MemoryUsage of job (MB)
	1553476  -  ResidentSetSize of job (KB)
...
006 (96830.000.000) 09/23 20:04:24 Image size of job updated: 2535128
	1518  -  MemoryUsage of job (MB)
	1553476  -  ResidentSetSize of job (KB)
...
006 (96830.000.000) 09/23 20:14:25 Image size of job updated: 2574792
	1518  -  MemoryUsage of job (MB)
	1553476  -  ResidentSetSize of job (KB)
...
006 (96830.000.000) 09/23 20:19:25 Image size of job updated: 2595664
	1518  -  MemoryUsage of job (MB)
	1553476  -  ResidentSetSize of job (KB)
...
006 (96830.000.000) 09/23 20:24:26 Image size of job updated: 2636628
	1518  -  MemoryUsage of job (MB)
	1553476  -  ResidentSetSize of job (KB)
...
006 (96830.000.000) 09/23 20:29:27 Image size of job updated: 2685488
	1518  -  MemoryUsage of job (MB)
	1553476  -  ResidentSetSize of job (KB)
...
006 (96830.000.000) 09/23 20:34:28 Image size of job updated: 2724188
	1518  -  MemoryUsage of job (MB)
	1553476  -  ResidentSetSize of job (KB)
...
006 (96830.000.000) 09/23 20:44:29 Image size of job updated: 2747600
	1518  -  MemoryUsage of job (MB)
	1553476  -  ResidentSetSize of job (KB)
...
006 (96830.000.000) 09/23 20:49:30 Image size of job updated: 2802768
	1518  -  MemoryUsage of job (MB)
	1553476  -  ResidentSetSize of job (KB)
...
006 (96830.000.000) 09/23 20:54:30 Image size of job updated: 2815376
	1518  -  MemoryUsage of job (MB)
	1553476  -  ResidentSetSize of job (KB)
...
006 (96830.000.000) 09/23 21:04:30 Image size of job updated: 2932360
	1518  -  MemoryUsage of job (MB)
	1553476  -  ResidentSetSize of job (KB)
...
006 (96830.000.000) 09/23 21:09:30 Image size of job updated: 2971700
	1518  -  MemoryUsage of job (MB)
	1553476  -  ResidentSetSize of job (KB)
...
006 (96830.000.000) 09/23 21:14:31 Image size of job updated: 3085128
	1616  -  MemoryUsage of job (MB)
	1654296  -  ResidentSetSize of job (KB)
...
006 (96830.000.000) 09/23 21:29:33 Image size of job updated: 3085128
	1670  -  MemoryUsage of job (MB)
	1709356  -  ResidentSetSize of job (KB)
...
006 (96830.000.000) 09/23 21:39:34 Image size of job updated: 3085128
	1834  -  MemoryUsage of job (MB)
	1877760  -  ResidentSetSize of job (KB)
...
006 (96830.000.000) 09/23 21:54:35 Image size of job updated: 3104132
	1852  -  MemoryUsage of job (MB)
	1896028  -  ResidentSetSize of job (KB)
...
006 (96830.000.000) 09/23 22:14:37 Image size of job updated: 3104132
	2014  -  MemoryUsage of job (MB)
	2062112  -  ResidentSetSize of job (KB)
...
006 (96830.000.000) 09/23 22:19:37 Image size of job updated: 3104132
	2014  -  MemoryUsage of job (MB)
	2062120  -  ResidentSetSize of job (KB)
...
006 (96830.000.000) 09/24 00:04:49 Image size of job updated: 3278908
	2014  -  MemoryUsage of job (MB)
	2062120  -  ResidentSetSize of job (KB)
...
006 (96830.000.000) 09/24 00:09:49 Image size of job updated: 3320636
	2014  -  MemoryUsage of job (MB)
	2062120  -  ResidentSetSize of job (KB)
...
006 (96830.000.000) 09/24 01:14:56 Image size of job updated: 3871884
	2014  -  MemoryUsage of job (MB)
	2062120  -  ResidentSetSize of job (KB)
...
006 (96830.000.000) 09/24 02:10:01 Image size of job updated: 3907724
	2014  -  MemoryUsage of job (MB)
	2062120  -  ResidentSetSize of job (KB)
...
006 (96830.000.000) 09/24 02:15:01 Image size of job updated: 3934864
	2014  -  MemoryUsage of job (MB)
	2062120  -  ResidentSetSize of job (KB)
...
006 (96830.000.000) 09/24 02:20:01 Image size of job updated: 3968468
	2014  -  MemoryUsage of job (MB)
	2062120  -  ResidentSetSize of job (KB)
...
006 (96830.000.000) 09/24 02:25:20 Image size of job updated: 4017912
	2014  -  MemoryUsage of job (MB)
	2062120  -  ResidentSetSize of job (KB)
...
006 (96830.000.000) 09/24 02:30:03 Image size of job updated: 4080736
	2014  -  MemoryUsage of job (MB)
	2062120  -  ResidentSetSize of job (KB)
...
006 (96830.000.000) 09/24 02:35:03 Image size of job updated: 4122988
	2014  -  MemoryUsage of job (MB)
	2062120  -  ResidentSetSize of job (KB)
...
006 (96830.000.000) 09/24 02:40:03 Image size of job updated: 4180436
	2014  -  MemoryUsage of job (MB)
	2062120  -  ResidentSetSize of job (KB)
...
006 (96830.000.000) 09/24 02:45:05 Image size of job updated: 4226944
	2014  -  MemoryUsage of job (MB)
	2062120  -  ResidentSetSize of job (KB)
...
006 (96830.000.000) 09/24 02:50:09 Image size of job updated: 4258520
	2014  -  MemoryUsage of job (MB)
	2062120  -  ResidentSetSize of job (KB)
...
006 (96830.000.000) 09/24 02:55:15 Image size of job updated: 4294336
	2014  -  MemoryUsage of job (MB)
	2062120  -  ResidentSetSize of job (KB)
...
006 (96830.000.000) 09/24 03:00:08 Image size of job updated: 4328460
	2014  -  MemoryUsage of job (MB)
	2062120  -  ResidentSetSize of job (KB)
...
006 (96830.000.000) 09/24 03:05:43 Image size of job updated: 4380852
	2014  -  MemoryUsage of job (MB)
	2062120  -  ResidentSetSize of job (KB)
...
006 (96830.000.000) 09/24 03:10:10 Image size of job updated: 4407588
	2043  -  MemoryUsage of job (MB)
	2091940  -  ResidentSetSize of job (KB)
...
006 (96830.000.000) 09/24 03:15:11 Image size of job updated: 4413004
	2043  -  MemoryUsage of job (MB)
	2091940  -  ResidentSetSize of job (KB)
...
006 (96830.000.000) 09/24 03:20:12 Image size of job updated: 4450188
	2112  -  MemoryUsage of job (MB)
	2162632  -  ResidentSetSize of job (KB)
...
006 (96830.000.000) 09/24 03:25:13 Image size of job updated: 4503056
	2209  -  MemoryUsage of job (MB)
	2261188  -  ResidentSetSize of job (KB)
...
006 (96830.000.000) 09/24 03:30:13 Image size of job updated: 4527100
	2246  -  MemoryUsage of job (MB)
	2299660  -  ResidentSetSize of job (KB)
...
006 (96830.000.000) 09/24 03:35:15 Image size of job updated: 4573024
	2298  -  MemoryUsage of job (MB)
	2352408  -  ResidentSetSize of job (KB)
...
006 (96830.000.000) 09/24 03:40:13 Image size of job updated: 4605368
	2313  -  MemoryUsage of job (MB)
	2368036  -  ResidentSetSize of job (KB)
...
006 (96830.000.000) 09/24 03:45:58 Image size of job updated: 4627080
	2339  -  MemoryUsage of job (MB)
	2394656  -  ResidentSetSize of job (KB)
...
006 (96830.000.000) 09/24 03:50:15 Image size of job updated: 4645116
	2357  -  MemoryUsage of job (MB)
	2412872  -  ResidentSetSize of job (KB)
...
006 (96830.000.000) 09/24 03:55:16 Image size of job updated: 4661044
	2366  -  MemoryUsage of job (MB)
	2422068  -  ResidentSetSize of job (KB)
...
006 (96830.000.000) 09/24 04:00:19 Image size of job updated: 4680924
	2388  -  MemoryUsage of job (MB)
	2444716  -  ResidentSetSize of job (KB)
...
006 (96830.000.000) 09/24 04:05:16 Image size of job updated: 4697508
	2415  -  MemoryUsage of job (MB)
	2472608  -  ResidentSetSize of job (KB)
...
006 (96830.000.000) 09/24 04:10:17 Image size of job updated: 4720272
	2430  -  MemoryUsage of job (MB)
	2488080  -  ResidentSetSize of job (KB)
...
006 (96830.000.000) 09/24 04:15:43 Image size of job updated: 4736080
	2446  -  MemoryUsage of job (MB)
	2504524  -  ResidentSetSize of job (KB)
...
006 (96830.000.000) 09/24 04:20:17 Image size of job updated: 4770312
	2446  -  MemoryUsage of job (MB)
	2504524  -  ResidentSetSize of job (KB)
...
006 (96830.000.000) 09/24 04:25:18 Image size of job updated: 4797644
	2446  -  MemoryUsage of job (MB)
	2504524  -  ResidentSetSize of job (KB)
...
006 (96830.000.000) 09/24 04:30:27 Image size of job updated: 4816360
	2446  -  MemoryUsage of job (MB)
	2504524  -  ResidentSetSize of job (KB)
...
006 (96830.000.000) 09/24 04:35:34 Image size of job updated: 4832428
	2457  -  MemoryUsage of job (MB)
	2515792  -  ResidentSetSize of job (KB)
...
006 (96830.000.000) 09/24 04:40:20 Image size of job updated: 4848556
	2459  -  MemoryUsage of job (MB)
	2517812  -  ResidentSetSize of job (KB)
...
006 (96830.000.000) 09/24 04:45:19 Image size of job updated: 4861328
	2473  -  MemoryUsage of job (MB)
	2532000  -  ResidentSetSize of job (KB)
...
006 (96830.000.000) 09/24 04:50:19 Image size of job updated: 4883088
	2473  -  MemoryUsage of job (MB)
	2532000  -  ResidentSetSize of job (KB)
...
006 (96830.000.000) 09/24 04:55:20 Image size of job updated: 4914484
	2488  -  MemoryUsage of job (MB)
	2547232  -  ResidentSetSize of job (KB)
...
006 (96830.000.000) 09/24 05:00:21 Image size of job updated: 4945840
	2546  -  MemoryUsage of job (MB)
	2606976  -  ResidentSetSize of job (KB)
...
006 (96830.000.000) 09/24 05:33:00 Image size of job updated: 5068760
	2546  -  MemoryUsage of job (MB)
	2606976  -  ResidentSetSize of job (KB)
...
006 (96830.000.000) 09/24 06:56:02 Image size of job updated: 5144032
	2546  -  MemoryUsage of job (MB)
	2606976  -  ResidentSetSize of job (KB)
...
006 (96830.000.000) 09/24 09:22:38 Image size of job updated: 5144032
	2562  -  MemoryUsage of job (MB)
	2623084  -  ResidentSetSize of job (KB)
...
006 (96830.000.000) 09/24 09:32:01 Image size of job updated: 5144032
	2588  -  MemoryUsage of job (MB)
	2649752  -  ResidentSetSize of job (KB)
...
006 (96830.000.000) 09/24 09:39:09 Image size of job updated: 5144032
	2615  -  MemoryUsage of job (MB)
	2677272  -  ResidentSetSize of job (KB)
...
006 (96830.000.000) 09/24 09:45:07 Image size of job updated: 5144032
	2622  -  MemoryUsage of job (MB)
	2684336  -  ResidentSetSize of job (KB)
...
006 (96830.000.000) 09/24 09:50:02 Image size of job updated: 5144032
	2637  -  MemoryUsage of job (MB)
	2699436  -  ResidentSetSize of job (KB)
...
006 (96830.000.000) 09/24 09:55:03 Image size of job updated: 5144032
	2662  -  MemoryUsage of job (MB)
	2725500  -  ResidentSetSize of job (KB)
...
006 (96830.000.000) 09/24 10:00:03 Image size of job updated: 5144032
	2711  -  MemoryUsage of job (MB)
	2775324  -  ResidentSetSize of job (KB)
...
006 (96830.000.000) 09/24 10:05:03 Image size of job updated: 5144032
	2751  -  MemoryUsage of job (MB)
	2816452  -  ResidentSetSize of job (KB)
...
006 (96830.000.000) 09/24 10:10:04 Image size of job updated: 5144032
	2804  -  MemoryUsage of job (MB)
	2870772  -  ResidentSetSize of job (KB)
...
006 (96830.000.000) 09/24 10:42:58 Image size of job updated: 5144092
	2804  -  MemoryUsage of job (MB)
	2870772  -  ResidentSetSize of job (KB)
...
006 (96830.000.000) 09/24 11:33:13 Image size of job updated: 5144092
	2814  -  MemoryUsage of job (MB)
	2881368  -  ResidentSetSize of job (KB)
...
006 (96830.000.000) 09/24 11:38:15 Image size of job updated: 5144092
	2852  -  MemoryUsage of job (MB)
	2919664  -  ResidentSetSize of job (KB)
...
004 (96830.000.000) 09/24 14:15:13 Job was evicted.
	(0) Job was not checkpointed.
		Usr 0 06:14:06, Sys 0 00:23:19  -  Run Remote Usage
		Usr 0 00:00:00, Sys 0 00:00:00  -  Run Local Usage
	0  -  Run Bytes Sent By Job
	238  -  Run Bytes Received By Job
	Partitionable Resources :    Usage  Request Allocated
	   Cpus                 :                 1         1
	   Disk (KB)            :       20        1   4187667
	   Memory (MB)          :     2852     1024      1024
...
009 (96830.000.000) 09/24 14:15:14 Job was aborted by the user.
	via condor_rm (by user jnugent)
...
000 (96880.000.000) 09/24 14:18:53 Job submitted from host: <172.20.203.50:9618?addrs=172.20.203.50-9618+[--1]-9618&noUDP&sock=7405_cae4_4>
...
001 (96880.000.000) 09/24 22:30:44 Job executing on host: <10.194.1.4:9618?addrs=10.194.1.4-9618+[--1]-9618&noUDP&sock=21589_d637_3>
...
006 (96880.000.000) 09/24 22:30:54 Image size of job updated: 69572
	52  -  MemoryUsage of job (MB)
	52332  -  ResidentSetSize of job (KB)
...
006 (96880.000.000) 09/24 22:35:54 Image size of job updated: 751384
	717  -  MemoryUsage of job (MB)
	733704  -  ResidentSetSize of job (KB)
...
006 (96880.000.000) 09/24 22:40:54 Image size of job updated: 751384
	717  -  MemoryUsage of job (MB)
	733712  -  ResidentSetSize of job (KB)
...
006 (96880.000.000) 09/24 22:45:55 Image size of job updated: 1072408
	1027  -  MemoryUsage of job (MB)
	1051092  -  ResidentSetSize of job (KB)
...
006 (96880.000.000) 09/24 23:05:57 Image size of job updated: 1449824
	1381  -  MemoryUsage of job (MB)
	1413944  -  ResidentSetSize of job (KB)
...
006 (96880.000.000) 09/24 23:26:00 Image size of job updated: 1778964
	1624  -  MemoryUsage of job (MB)
	1662144  -  ResidentSetSize of job (KB)
...
006 (96880.000.000) 09/24 23:31:00 Image size of job updated: 1778964
	1624  -  MemoryUsage of job (MB)
	1662168  -  ResidentSetSize of job (KB)
...
006 (96880.000.000) 09/24 23:46:02 Image size of job updated: 1792684
	1624  -  MemoryUsage of job (MB)
	1662168  -  ResidentSetSize of job (KB)
...
006 (96880.000.000) 09/25 00:06:04 Image size of job updated: 1930512
	1624  -  MemoryUsage of job (MB)
	1662168  -  ResidentSetSize of job (KB)
...
006 (96880.000.000) 09/25 00:16:05 Image size of job updated: 2367876
	1852  -  MemoryUsage of job (MB)
	1895908  -  ResidentSetSize of job (KB)
...
006 (96880.000.000) 09/25 00:36:07 Image size of job updated: 2367876
	1907  -  MemoryUsage of job (MB)
	1952288  -  ResidentSetSize of job (KB)
...
006 (96880.000.000) 09/25 00:41:09 Image size of job updated: 2749232
	2534  -  MemoryUsage of job (MB)
	2594572  -  ResidentSetSize of job (KB)
...
006 (96880.000.000) 09/25 00:46:09 Image size of job updated: 2801796
	2534  -  MemoryUsage of job (MB)
	2594572  -  ResidentSetSize of job (KB)
...
006 (96880.000.000) 09/25 01:01:11 Image size of job updated: 2955484
	2613  -  MemoryUsage of job (MB)
	2675284  -  ResidentSetSize of job (KB)
...
006 (96880.000.000) 09/25 01:26:13 Image size of job updated: 3301788
	2613  -  MemoryUsage of job (MB)
	2675284  -  ResidentSetSize of job (KB)
...
006 (96880.000.000) 09/25 01:31:13 Image size of job updated: 3330576
	2613  -  MemoryUsage of job (MB)
	2675284  -  ResidentSetSize of job (KB)
...
006 (96880.000.000) 09/25 02:01:17 Image size of job updated: 3542792
	2613  -  MemoryUsage of job (MB)
	2675284  -  ResidentSetSize of job (KB)
...
006 (96880.000.000) 09/25 02:06:17 Image size of job updated: 3854144
	2613  -  MemoryUsage of job (MB)
	2675284  -  ResidentSetSize of job (KB)
...
006 (96880.000.000) 09/25 02:11:17 Image size of job updated: 5093612
	3583  -  MemoryUsage of job (MB)
	3668812  -  ResidentSetSize of job (KB)
...
005 (96880.000.000) 09/25 06:59:04 Job terminated.
	(1) Normal termination (return value 0)
		Usr 0 06:55:21, Sys 0 00:23:03  -  Run Remote Usage
		Usr 0 00:00:00, Sys 0 00:00:00  -  Run Local Usage
		Usr 0 06:55:21, Sys 0 00:23:03  -  Total Remote Usage
		Usr 0 00:00:00, Sys 0 00:00:00  -  Total Local Usage
	1000396  -  Run Bytes Sent By Job
	238  -  Run Bytes Received By Job
	1000396  -  Total Bytes Sent By Job
	238  -  Total Bytes Received By Job
	Partitionable Resources :    Usage  Request Allocated
	   Cpus                 :                 1         1
	   Disk (KB)            :      987        1   4187667
	   Memory (MB)          :     3583    10240     10240
...
