000 (97157.000.000) 09/28 09:40:16 Job submitted from host: <172.20.203.50:9618?addrs=172.20.203.50-9618+[--1]-9618&noUDP&sock=7405_cae4_4>
...
001 (97157.000.000) 09/28 09:40:18 Job executing on host: <10.194.1.8:9618?addrs=10.194.1.8-9618+[--1]-9618&noUDP&sock=5976_9e0e_3>
...
006 (97157.000.000) 09/28 09:40:27 Image size of job updated: 48120
	47  -  MemoryUsage of job (MB)
	48120  -  ResidentSetSize of job (KB)
...
006 (97157.000.000) 09/28 09:45:28 Image size of job updated: 996684
	974  -  MemoryUsage of job (MB)
	996684  -  ResidentSetSize of job (KB)
...
006 (97157.000.000) 09/28 10:45:34 Image size of job updated: 1224308
	1196  -  MemoryUsage of job (MB)
	1224248  -  ResidentSetSize of job (KB)
...
006 (97157.000.000) 09/28 11:10:37 Image size of job updated: 1598040
	1559  -  MemoryUsage of job (MB)
	1595524  -  ResidentSetSize of job (KB)
...
006 (97157.000.000) 09/28 11:55:41 Image size of job updated: 1601340
	1559  -  MemoryUsage of job (MB)
	1595524  -  ResidentSetSize of job (KB)
...
006 (97157.000.000) 09/28 12:05:42 Image size of job updated: 1774892
	1678  -  MemoryUsage of job (MB)
	1717588  -  ResidentSetSize of job (KB)
...
006 (97157.000.000) 09/28 12:10:43 Image size of job updated: 1821568
	1725  -  MemoryUsage of job (MB)
	1765868  -  ResidentSetSize of job (KB)
...
006 (97157.000.000) 09/28 12:15:43 Image size of job updated: 1862336
	1765  -  MemoryUsage of job (MB)
	1807328  -  ResidentSetSize of job (KB)
...
006 (97157.000.000) 09/28 12:35:45 Image size of job updated: 1992832
	1889  -  MemoryUsage of job (MB)
	1933868  -  ResidentSetSize of job (KB)
...
006 (97157.000.000) 09/28 13:15:49 Image size of job updated: 1996680
	1889  -  MemoryUsage of job (MB)
	1933868  -  ResidentSetSize of job (KB)
...
006 (97157.000.000) 09/28 13:25:50 Image size of job updated: 2254612
	2072  -  MemoryUsage of job (MB)
	2121548  -  ResidentSetSize of job (KB)
...
006 (97157.000.000) 09/28 14:15:55 Image size of job updated: 2438360
	2173  -  MemoryUsage of job (MB)
	2224660  -  ResidentSetSize of job (KB)
...
006 (97157.000.000) 09/28 14:20:55 Image size of job updated: 2496988
	2234  -  MemoryUsage of job (MB)
	2287204  -  ResidentSetSize of job (KB)
...
006 (97157.000.000) 09/28 14:35:57 Image size of job updated: 2820604
	2559  -  MemoryUsage of job (MB)
	2619956  -  ResidentSetSize of job (KB)
...
006 (97157.000.000) 09/28 16:41:11 Image size of job updated: 3273760
	2758  -  MemoryUsage of job (MB)
	2824128  -  ResidentSetSize of job (KB)
...
006 (97157.000.000) 09/28 16:46:11 Image size of job updated: 3302700
	2787  -  MemoryUsage of job (MB)
	2853080  -  ResidentSetSize of job (KB)
...
006 (97157.000.000) 09/28 17:11:14 Image size of job updated: 3354384
	2808  -  MemoryUsage of job (MB)
	2874432  -  ResidentSetSize of job (KB)
...
006 (97157.000.000) 09/28 17:31:16 Image size of job updated: 3524808
	2949  -  MemoryUsage of job (MB)
	3019164  -  ResidentSetSize of job (KB)
...
006 (97157.000.000) 09/28 18:21:21 Image size of job updated: 3957568
	3396  -  MemoryUsage of job (MB)
	3476660  -  ResidentSetSize of job (KB)
...
006 (97157.000.000) 09/28 18:26:22 Image size of job updated: 4750756
	4436  -  MemoryUsage of job (MB)
	4541624  -  ResidentSetSize of job (KB)
...
005 (97157.000.000) 09/29 04:53:31 Job terminated.
	(1) Normal termination (return value 0)
		Usr 0 11:31:17, Sys 0 00:34:35  -  Run Remote Usage
		Usr 0 00:00:00, Sys 0 00:00:00  -  Run Local Usage
		Usr 0 11:31:17, Sys 0 00:34:35  -  Total Remote Usage
		Usr 0 00:00:00, Sys 0 00:00:00  -  Total Local Usage
	787629  -  Run Bytes Sent By Job
	238  -  Run Bytes Received By Job
	787629  -  Total Bytes Sent By Job
	238  -  Total Bytes Received By Job
	Partitionable Resources :    Usage  Request Allocated
	   Cpus                 :                 1         1
	   Disk (KB)            :      779        1  10479108
	   Memory (MB)          :     4436    10240     10240
...
