000 (60085.000.000) 07/31 10:18:20 Job submitted from host: <172.20.203.50:9618?addrs=172.20.203.50-9618+[--1]-9618&noUDP&sock=7405_cae4_4>
...
001 (60085.000.000) 07/31 10:18:41 Job executing on host: <10.194.1.6:9618?addrs=10.194.1.6-9618+[--1]-9618&noUDP&sock=1628_4045_3>
...
006 (60085.000.000) 07/31 10:18:49 Image size of job updated: 48132
	48  -  MemoryUsage of job (MB)
	48132  -  ResidentSetSize of job (KB)
...
006 (60085.000.000) 07/31 10:23:49 Image size of job updated: 339336
	332  -  MemoryUsage of job (MB)
	339336  -  ResidentSetSize of job (KB)
...
006 (60085.000.000) 07/31 10:28:49 Image size of job updated: 419296
	410  -  MemoryUsage of job (MB)
	419296  -  ResidentSetSize of job (KB)
...
004 (60085.000.000) 07/31 10:29:19 Job was evicted.
	(0) Job was not checkpointed.
		Usr 0 00:09:56, Sys 0 00:00:18  -  Run Remote Usage
		Usr 0 00:00:00, Sys 0 00:00:00  -  Run Local Usage
	0  -  Run Bytes Sent By Job
	237  -  Run Bytes Received By Job
	Partitionable Resources :    Usage  Request Allocated
	   Cpus                 :                 1         1
	   Disk (KB)            :       15        1    246565
	   Memory (MB)          :      410     1024      1024
...
009 (60085.000.000) 07/31 10:29:19 Job was aborted by the user.
	via condor_rm (by user jnugent)
...
000 (60185.000.000) 07/31 10:30:00 Job submitted from host: <172.20.203.50:9618?addrs=172.20.203.50-9618+[--1]-9618&noUDP&sock=7405_cae4_4>
...
001 (60185.000.000) 07/31 10:30:20 Job executing on host: <10.194.1.8:9618?addrs=10.194.1.8-9618+[--1]-9618&noUDP&sock=2118_59ad_3>
...
006 (60185.000.000) 07/31 10:30:28 Image size of job updated: 331608
	324  -  MemoryUsage of job (MB)
	331608  -  ResidentSetSize of job (KB)
...
006 (60185.000.000) 07/31 10:40:29 Image size of job updated: 816944
	798  -  MemoryUsage of job (MB)
	816944  -  ResidentSetSize of job (KB)
...
006 (60185.000.000) 07/31 10:55:30 Image size of job updated: 963416
	917  -  MemoryUsage of job (MB)
	938080  -  ResidentSetSize of job (KB)
...
006 (60185.000.000) 07/31 11:00:31 Image size of job updated: 1109368
	1054  -  MemoryUsage of job (MB)
	1078316  -  ResidentSetSize of job (KB)
...
006 (60185.000.000) 07/31 11:05:31 Image size of job updated: 1271316
	1212  -  MemoryUsage of job (MB)
	1240384  -  ResidentSetSize of job (KB)
...
006 (60185.000.000) 07/31 11:10:31 Image size of job updated: 1486904
	1437  -  MemoryUsage of job (MB)
	1470572  -  ResidentSetSize of job (KB)
...
006 (60185.000.000) 07/31 11:15:32 Image size of job updated: 1486904
	1437  -  MemoryUsage of job (MB)
	1470580  -  ResidentSetSize of job (KB)
...
006 (60185.000.000) 07/31 11:30:33 Image size of job updated: 1580356
	1529  -  MemoryUsage of job (MB)
	1565276  -  ResidentSetSize of job (KB)
...
006 (60185.000.000) 07/31 11:35:34 Image size of job updated: 1580356
	1529  -  MemoryUsage of job (MB)
	1565284  -  ResidentSetSize of job (KB)
...
006 (60185.000.000) 07/31 11:45:35 Image size of job updated: 1800452
	1744  -  MemoryUsage of job (MB)
	1785368  -  ResidentSetSize of job (KB)
...
006 (60185.000.000) 07/31 12:00:36 Image size of job updated: 1999320
	1915  -  MemoryUsage of job (MB)
	1960840  -  ResidentSetSize of job (KB)
...
006 (60185.000.000) 07/31 12:50:40 Image size of job updated: 2200452
	2055  -  MemoryUsage of job (MB)
	2103980  -  ResidentSetSize of job (KB)
...
006 (60185.000.000) 07/31 13:00:42 Image size of job updated: 3029992
	2400  -  MemoryUsage of job (MB)
	2456900  -  ResidentSetSize of job (KB)
...
004 (60185.000.000) 07/31 13:10:18 Job was evicted.
	(0) Job was not checkpointed.
		Usr 0 02:20:47, Sys 0 00:05:38  -  Run Remote Usage
		Usr 0 00:00:00, Sys 0 00:00:00  -  Run Local Usage
	0  -  Run Bytes Sent By Job
	237  -  Run Bytes Received By Job
	Partitionable Resources :    Usage  Request Allocated
	   Cpus                 :                 2         2
	   Disk (KB)            :       15        1    246255
	   Memory (MB)          :     2400     4096      4096
...
009 (60185.000.000) 07/31 13:10:18 Job was aborted by the user.
	via condor_rm (by user jnugent)
...
000 (60293.000.000) 07/31 13:11:10 Job submitted from host: <172.20.203.50:9618?addrs=172.20.203.50-9618+[--1]-9618&noUDP&sock=7405_cae4_4>
...
009 (60293.000.000) 07/31 20:07:18 Job was aborted by the user.
	via condor_rm (by user jnugent)
...
000 (62088.000.000) 07/31 20:08:37 Job submitted from host: <172.20.203.50:9618?addrs=172.20.203.50-9618+[--1]-9618&noUDP&sock=7405_cae4_4>
...
001 (62088.000.000) 07/31 21:13:44 Job executing on host: <10.194.1.4:9618?addrs=10.194.1.4-9618+[--1]-9618&noUDP&sock=22685_9a03_3>
...
006 (62088.000.000) 07/31 21:13:54 Image size of job updated: 48724
	47  -  MemoryUsage of job (MB)
	48124  -  ResidentSetSize of job (KB)
...
006 (62088.000.000) 07/31 21:18:54 Image size of job updated: 367864
	360  -  MemoryUsage of job (MB)
	367864  -  ResidentSetSize of job (KB)
...
006 (62088.000.000) 07/31 21:28:55 Image size of job updated: 464980
	455  -  MemoryUsage of job (MB)
	464920  -  ResidentSetSize of job (KB)
...
006 (62088.000.000) 07/31 21:33:56 Image size of job updated: 680440
	665  -  MemoryUsage of job (MB)
	680288  -  ResidentSetSize of job (KB)
...
022 (62088.000.000) 07/31 21:37:22 Job disconnected, attempting to reconnect
    Socket between submit and execute hosts closed unexpectedly
    Trying to reconnect to slot1_18@node004.ppe.gla.ac.uk <10.194.1.4:9618?addrs=10.194.1.4-9618+[--1]-9618&noUDP&sock=22685_9a03_3>
...
024 (62088.000.000) 07/31 22:17:22 Job reconnection failed
    Job disconnected too long: JobLeaseDuration (2400 seconds) expired
    Can not reconnect to slot1_18@node004.ppe.gla.ac.uk, rescheduling job
...
001 (62088.000.000) 08/01 04:20:27 Job executing on host: <10.194.1.8:9618?addrs=10.194.1.8-9618+[--1]-9618&noUDP&sock=2118_59ad_3>
...
006 (62088.000.000) 08/01 04:55:39 Image size of job updated: 817908
	799  -  MemoryUsage of job (MB)
	817908  -  ResidentSetSize of job (KB)
...
006 (62088.000.000) 08/01 05:10:41 Image size of job updated: 898588
	872  -  MemoryUsage of job (MB)
	892328  -  ResidentSetSize of job (KB)
...
006 (62088.000.000) 08/01 05:20:42 Image size of job updated: 908364
	872  -  MemoryUsage of job (MB)
	892328  -  ResidentSetSize of job (KB)
...
006 (62088.000.000) 08/01 05:30:44 Image size of job updated: 1108948
	959  -  MemoryUsage of job (MB)
	981508  -  ResidentSetSize of job (KB)
...
006 (62088.000.000) 08/01 05:35:44 Image size of job updated: 1159732
	959  -  MemoryUsage of job (MB)
	981508  -  ResidentSetSize of job (KB)
...
006 (62088.000.000) 08/01 05:50:46 Image size of job updated: 1301092
	1043  -  MemoryUsage of job (MB)
	1067304  -  ResidentSetSize of job (KB)
...
006 (62088.000.000) 08/01 05:55:47 Image size of job updated: 1596432
	1369  -  MemoryUsage of job (MB)
	1401208  -  ResidentSetSize of job (KB)
...
006 (62088.000.000) 08/01 06:05:47 Image size of job updated: 1853444
	1566  -  MemoryUsage of job (MB)
	1603052  -  ResidentSetSize of job (KB)
...
006 (62088.000.000) 08/01 06:15:49 Image size of job updated: 1861224
	1566  -  MemoryUsage of job (MB)
	1603052  -  ResidentSetSize of job (KB)
...
006 (62088.000.000) 08/01 06:25:49 Image size of job updated: 1915172
	1566  -  MemoryUsage of job (MB)
	1603052  -  ResidentSetSize of job (KB)
...
006 (62088.000.000) 08/01 06:45:51 Image size of job updated: 2300376
	1805  -  MemoryUsage of job (MB)
	1847992  -  ResidentSetSize of job (KB)
...
006 (62088.000.000) 08/01 07:10:53 Image size of job updated: 2345516
	1805  -  MemoryUsage of job (MB)
	1847992  -  ResidentSetSize of job (KB)
...
006 (62088.000.000) 08/01 07:15:53 Image size of job updated: 2444428
	1805  -  MemoryUsage of job (MB)
	1847992  -  ResidentSetSize of job (KB)
...
006 (62088.000.000) 08/01 07:40:55 Image size of job updated: 2444428
	1912  -  MemoryUsage of job (MB)
	1956892  -  ResidentSetSize of job (KB)
...
006 (62088.000.000) 08/01 07:50:57 Image size of job updated: 2456868
	1912  -  MemoryUsage of job (MB)
	1956892  -  ResidentSetSize of job (KB)
...
006 (62088.000.000) 08/01 07:55:57 Image size of job updated: 2546124
	1912  -  MemoryUsage of job (MB)
	1956892  -  ResidentSetSize of job (KB)
...
006 (62088.000.000) 08/01 08:05:58 Image size of job updated: 2702224
	1912  -  MemoryUsage of job (MB)
	1956892  -  ResidentSetSize of job (KB)
...
006 (62088.000.000) 08/01 08:41:02 Image size of job updated: 2773124
	1912  -  MemoryUsage of job (MB)
	1956892  -  ResidentSetSize of job (KB)
...
006 (62088.000.000) 08/01 09:06:05 Image size of job updated: 2813916
	1912  -  MemoryUsage of job (MB)
	1956892  -  ResidentSetSize of job (KB)
...
006 (62088.000.000) 08/01 09:31:08 Image size of job updated: 2831784
	1912  -  MemoryUsage of job (MB)
	1956892  -  ResidentSetSize of job (KB)
...
006 (62088.000.000) 08/01 09:41:10 Image size of job updated: 3061804
	1912  -  MemoryUsage of job (MB)
	1956892  -  ResidentSetSize of job (KB)
...
006 (62088.000.000) 08/01 09:46:10 Image size of job updated: 3097052
	1912  -  MemoryUsage of job (MB)
	1956892  -  ResidentSetSize of job (KB)
...
006 (62088.000.000) 08/01 09:51:10 Image size of job updated: 3171668
	1912  -  MemoryUsage of job (MB)
	1956892  -  ResidentSetSize of job (KB)
...
006 (62088.000.000) 08/01 09:56:11 Image size of job updated: 3346468
	1912  -  MemoryUsage of job (MB)
	1956892  -  ResidentSetSize of job (KB)
...
006 (62088.000.000) 08/01 10:06:12 Image size of job updated: 3446828
	1912  -  MemoryUsage of job (MB)
	1956892  -  ResidentSetSize of job (KB)
...
004 (62088.000.000) 08/01 10:14:38 Job was evicted.
	(0) Job was not checkpointed.
		Usr 0 05:21:10, Sys 0 00:14:31  -  Run Remote Usage
		Usr 0 00:00:00, Sys 0 00:00:00  -  Run Local Usage
	0  -  Run Bytes Sent By Job
	237  -  Run Bytes Received By Job
	Partitionable Resources :    Usage  Request Allocated
	   Cpus                 :                 1         1
	   Disk (KB)            :       16       15    246255
	   Memory (MB)          :     1912     1024      1024
...
009 (62088.000.000) 08/01 10:14:38 Job was aborted by the user.
	via condor_rm (by user jnugent)
...
000 (63710.000.000) 08/02 10:44:26 Job submitted from host: <172.20.203.50:9618?addrs=172.20.203.50-9618+[--1]-9618&noUDP&sock=7405_cae4_4>
...
001 (63710.000.000) 08/02 10:44:47 Job executing on host: <10.194.1.6:9618?addrs=10.194.1.6-9618+[--1]-9618&noUDP&sock=26470_cbfa_3>
...
006 (63710.000.000) 08/02 10:44:55 Image size of job updated: 46624
	46  -  MemoryUsage of job (MB)
	46624  -  ResidentSetSize of job (KB)
...
006 (63710.000.000) 08/02 10:49:55 Image size of job updated: 244876
	240  -  MemoryUsage of job (MB)
	244876  -  ResidentSetSize of job (KB)
...
006 (63710.000.000) 08/02 10:54:56 Image size of job updated: 307660
	301  -  MemoryUsage of job (MB)
	307660  -  ResidentSetSize of job (KB)
...
006 (63710.000.000) 08/02 10:59:57 Image size of job updated: 378376
	370  -  MemoryUsage of job (MB)
	378376  -  ResidentSetSize of job (KB)
...
006 (63710.000.000) 08/02 11:09:57 Image size of job updated: 684564
	669  -  MemoryUsage of job (MB)
	684564  -  ResidentSetSize of job (KB)
...
006 (63710.000.000) 08/02 11:14:58 Image size of job updated: 720236
	704  -  MemoryUsage of job (MB)
	720236  -  ResidentSetSize of job (KB)
...
006 (63710.000.000) 08/02 11:19:59 Image size of job updated: 756524
	739  -  MemoryUsage of job (MB)
	756520  -  ResidentSetSize of job (KB)
...
006 (63710.000.000) 08/02 11:24:59 Image size of job updated: 790444
	770  -  MemoryUsage of job (MB)
	787768  -  ResidentSetSize of job (KB)
...
006 (63710.000.000) 08/02 11:35:00 Image size of job updated: 867844
	770  -  MemoryUsage of job (MB)
	787768  -  ResidentSetSize of job (KB)
...
006 (63710.000.000) 08/02 11:40:01 Image size of job updated: 921428
	770  -  MemoryUsage of job (MB)
	787768  -  ResidentSetSize of job (KB)
...
006 (63710.000.000) 08/02 11:45:01 Image size of job updated: 1047808
	932  -  MemoryUsage of job (MB)
	954224  -  ResidentSetSize of job (KB)
...
006 (63710.000.000) 08/02 11:50:01 Image size of job updated: 1047808
	932  -  MemoryUsage of job (MB)
	954288  -  ResidentSetSize of job (KB)
...
006 (63710.000.000) 08/02 12:20:05 Image size of job updated: 1496780
	932  -  MemoryUsage of job (MB)
	954288  -  ResidentSetSize of job (KB)
...
006 (63710.000.000) 08/02 12:30:05 Image size of job updated: 1634400
	932  -  MemoryUsage of job (MB)
	954288  -  ResidentSetSize of job (KB)
...
006 (63710.000.000) 08/02 12:35:05 Image size of job updated: 1668220
	932  -  MemoryUsage of job (MB)
	954288  -  ResidentSetSize of job (KB)
...
006 (63710.000.000) 08/02 12:45:06 Image size of job updated: 1729016
	960  -  MemoryUsage of job (MB)
	982828  -  ResidentSetSize of job (KB)
...
006 (63710.000.000) 08/02 12:50:06 Image size of job updated: 1729016
	960  -  MemoryUsage of job (MB)
	982836  -  ResidentSetSize of job (KB)
...
006 (63710.000.000) 08/02 13:15:09 Image size of job updated: 1743868
	960  -  MemoryUsage of job (MB)
	982836  -  ResidentSetSize of job (KB)
...
006 (63710.000.000) 08/02 13:20:10 Image size of job updated: 1845604
	960  -  MemoryUsage of job (MB)
	982836  -  ResidentSetSize of job (KB)
...
006 (63710.000.000) 08/02 13:35:12 Image size of job updated: 1845604
	981  -  MemoryUsage of job (MB)
	1004392  -  ResidentSetSize of job (KB)
...
006 (63710.000.000) 08/02 13:40:12 Image size of job updated: 1845604
	1074  -  MemoryUsage of job (MB)
	1099164  -  ResidentSetSize of job (KB)
...
006 (63710.000.000) 08/02 14:10:17 Image size of job updated: 1882964
	1103  -  MemoryUsage of job (MB)
	1129080  -  ResidentSetSize of job (KB)
...
006 (63710.000.000) 08/02 14:15:17 Image size of job updated: 1882964
	1106  -  MemoryUsage of job (MB)
	1132252  -  ResidentSetSize of job (KB)
...
006 (63710.000.000) 08/02 14:45:20 Image size of job updated: 2002580
	1106  -  MemoryUsage of job (MB)
	1132252  -  ResidentSetSize of job (KB)
...
006 (63710.000.000) 08/02 14:55:22 Image size of job updated: 2230392
	1106  -  MemoryUsage of job (MB)
	1132252  -  ResidentSetSize of job (KB)
...
006 (63710.000.000) 08/02 15:10:24 Image size of job updated: 2231460
	1106  -  MemoryUsage of job (MB)
	1132252  -  ResidentSetSize of job (KB)
...
006 (63710.000.000) 08/02 15:45:27 Image size of job updated: 2241904
	1106  -  MemoryUsage of job (MB)
	1132252  -  ResidentSetSize of job (KB)
...
006 (63710.000.000) 08/02 16:40:33 Image size of job updated: 2264388
	1106  -  MemoryUsage of job (MB)
	1132252  -  ResidentSetSize of job (KB)
...
006 (63710.000.000) 08/02 16:45:33 Image size of job updated: 2471828
	1106  -  MemoryUsage of job (MB)
	1132252  -  ResidentSetSize of job (KB)
...
006 (63710.000.000) 08/02 17:00:35 Image size of job updated: 2471828
	1263  -  MemoryUsage of job (MB)
	1292908  -  ResidentSetSize of job (KB)
...
006 (63710.000.000) 08/02 17:05:35 Image size of job updated: 2471828
	1388  -  MemoryUsage of job (MB)
	1420404  -  ResidentSetSize of job (KB)
...
006 (63710.000.000) 08/02 17:36:29 Image size of job updated: 2555084
	1388  -  MemoryUsage of job (MB)
	1420404  -  ResidentSetSize of job (KB)
...
006 (63710.000.000) 08/02 17:51:31 Image size of job updated: 2670736
	1388  -  MemoryUsage of job (MB)
	1420404  -  ResidentSetSize of job (KB)
...
006 (63710.000.000) 08/02 18:01:31 Image size of job updated: 2686624
	1388  -  MemoryUsage of job (MB)
	1420404  -  ResidentSetSize of job (KB)
...
006 (63710.000.000) 08/02 18:06:32 Image size of job updated: 2852516
	1388  -  MemoryUsage of job (MB)
	1420404  -  ResidentSetSize of job (KB)
...
006 (63710.000.000) 08/02 18:21:34 Image size of job updated: 2916596
	1388  -  MemoryUsage of job (MB)
	1420404  -  ResidentSetSize of job (KB)
...
006 (63710.000.000) 08/02 19:21:42 Image size of job updated: 2982976
	1388  -  MemoryUsage of job (MB)
	1420404  -  ResidentSetSize of job (KB)
...
006 (63710.000.000) 08/02 19:46:44 Image size of job updated: 3108660
	1388  -  MemoryUsage of job (MB)
	1420404  -  ResidentSetSize of job (KB)
...
006 (63710.000.000) 08/02 20:01:46 Image size of job updated: 3238348
	1388  -  MemoryUsage of job (MB)
	1420404  -  ResidentSetSize of job (KB)
...
006 (63710.000.000) 08/02 20:31:49 Image size of job updated: 3414720
	1429  -  MemoryUsage of job (MB)
	1462816  -  ResidentSetSize of job (KB)
...
006 (63710.000.000) 08/02 20:46:51 Image size of job updated: 3435692
	1450  -  MemoryUsage of job (MB)
	1484372  -  ResidentSetSize of job (KB)
...
006 (63710.000.000) 08/02 20:56:52 Image size of job updated: 3561108
	1573  -  MemoryUsage of job (MB)
	1610288  -  ResidentSetSize of job (KB)
...
006 (63710.000.000) 08/02 21:06:53 Image size of job updated: 3656048
	1681  -  MemoryUsage of job (MB)
	1720904  -  ResidentSetSize of job (KB)
...
006 (63710.000.000) 08/02 21:11:53 Image size of job updated: 3713816
	1794  -  MemoryUsage of job (MB)
	1836416  -  ResidentSetSize of job (KB)
...
006 (63710.000.000) 08/02 21:16:54 Image size of job updated: 3758352
	1881  -  MemoryUsage of job (MB)
	1925452  -  ResidentSetSize of job (KB)
...
006 (63710.000.000) 08/02 21:21:55 Image size of job updated: 3792856
	1947  -  MemoryUsage of job (MB)
	1993344  -  ResidentSetSize of job (KB)
...
006 (63710.000.000) 08/02 21:26:55 Image size of job updated: 3841108
	2042  -  MemoryUsage of job (MB)
	2090804  -  ResidentSetSize of job (KB)
...
006 (63710.000.000) 08/02 21:31:56 Image size of job updated: 3923396
	2203  -  MemoryUsage of job (MB)
	2255356  -  ResidentSetSize of job (KB)
...
006 (63710.000.000) 08/02 21:36:57 Image size of job updated: 4003880
	2360  -  MemoryUsage of job (MB)
	2416320  -  ResidentSetSize of job (KB)
...
006 (63710.000.000) 08/02 21:41:58 Image size of job updated: 4082388
	2513  -  MemoryUsage of job (MB)
	2573304  -  ResidentSetSize of job (KB)
...
006 (63710.000.000) 08/02 21:46:58 Image size of job updated: 4171392
	2513  -  MemoryUsage of job (MB)
	2573304  -  ResidentSetSize of job (KB)
...
006 (63710.000.000) 08/02 21:51:59 Image size of job updated: 4178336
	2513  -  MemoryUsage of job (MB)
	2573304  -  ResidentSetSize of job (KB)
...
006 (63710.000.000) 08/02 21:57:00 Image size of job updated: 4213772
	2530  -  MemoryUsage of job (MB)
	2590296  -  ResidentSetSize of job (KB)
...
006 (63710.000.000) 08/02 22:02:00 Image size of job updated: 4279068
	2571  -  MemoryUsage of job (MB)
	2631716  -  ResidentSetSize of job (KB)
...
006 (63710.000.000) 08/02 22:07:00 Image size of job updated: 4371036
	2730  -  MemoryUsage of job (MB)
	2794660  -  ResidentSetSize of job (KB)
...
006 (63710.000.000) 08/02 22:12:01 Image size of job updated: 4384396
	2730  -  MemoryUsage of job (MB)
	2794660  -  ResidentSetSize of job (KB)
...
006 (63710.000.000) 08/02 22:17:02 Image size of job updated: 4389100
	2730  -  MemoryUsage of job (MB)
	2794660  -  ResidentSetSize of job (KB)
...
006 (63710.000.000) 08/02 22:22:02 Image size of job updated: 4475664
	2812  -  MemoryUsage of job (MB)
	2879280  -  ResidentSetSize of job (KB)
...
006 (63710.000.000) 08/02 22:27:03 Image size of job updated: 4484236
	2815  -  MemoryUsage of job (MB)
	2882488  -  ResidentSetSize of job (KB)
...
006 (63710.000.000) 08/02 22:32:13 Image size of job updated: 4522460
	2826  -  MemoryUsage of job (MB)
	2893176  -  ResidentSetSize of job (KB)
...
006 (63710.000.000) 08/02 22:37:04 Image size of job updated: 4524800
	2826  -  MemoryUsage of job (MB)
	2893176  -  ResidentSetSize of job (KB)
...
006 (63710.000.000) 08/02 22:43:33 Image size of job updated: 4532768
	2826  -  MemoryUsage of job (MB)
	2893176  -  ResidentSetSize of job (KB)
...
006 (63710.000.000) 08/02 22:48:13 Image size of job updated: 4548772
	2826  -  MemoryUsage of job (MB)
	2893176  -  ResidentSetSize of job (KB)
...
006 (63710.000.000) 08/02 22:53:33 Image size of job updated: 4556568
	2826  -  MemoryUsage of job (MB)
	2893176  -  ResidentSetSize of job (KB)
...
006 (63710.000.000) 08/02 22:58:13 Image size of job updated: 4572992
	2826  -  MemoryUsage of job (MB)
	2893176  -  ResidentSetSize of job (KB)
...
006 (63710.000.000) 08/02 23:03:14 Image size of job updated: 4581404
	2826  -  MemoryUsage of job (MB)
	2893176  -  ResidentSetSize of job (KB)
...
006 (63710.000.000) 08/02 23:08:15 Image size of job updated: 4612916
	2867  -  MemoryUsage of job (MB)
	2935368  -  ResidentSetSize of job (KB)
...
006 (63710.000.000) 08/02 23:17:03 Image size of job updated: 4653848
	2895  -  MemoryUsage of job (MB)
	2964256  -  ResidentSetSize of job (KB)
...
006 (63710.000.000) 08/02 23:28:54 Image size of job updated: 4725864
	2918  -  MemoryUsage of job (MB)
	2988020  -  ResidentSetSize of job (KB)
...
006 (63710.000.000) 08/02 23:38:18 Image size of job updated: 4757196
	2940  -  MemoryUsage of job (MB)
	3010484  -  ResidentSetSize of job (KB)
...
006 (63710.000.000) 08/02 23:43:56 Image size of job updated: 4797228
	2940  -  MemoryUsage of job (MB)
	3010484  -  ResidentSetSize of job (KB)
...
006 (63710.000.000) 08/02 23:49:25 Image size of job updated: 4832044
	2948  -  MemoryUsage of job (MB)
	3018676  -  ResidentSetSize of job (KB)
...
006 (63710.000.000) 08/02 23:54:07 Image size of job updated: 4898260
	3003  -  MemoryUsage of job (MB)
	3074228  -  ResidentSetSize of job (KB)
...
006 (63710.000.000) 08/02 23:58:57 Image size of job updated: 4931156
	3006  -  MemoryUsage of job (MB)
	3077888  -  ResidentSetSize of job (KB)
...
006 (63710.000.000) 08/03 00:03:59 Image size of job updated: 4943796
	3013  -  MemoryUsage of job (MB)
	3084356  -  ResidentSetSize of job (KB)
...
006 (63710.000.000) 08/03 00:08:59 Image size of job updated: 4943796
	3039  -  MemoryUsage of job (MB)
	3111452  -  ResidentSetSize of job (KB)
...
006 (63710.000.000) 08/03 00:13:59 Image size of job updated: 4943796
	3063  -  MemoryUsage of job (MB)
	3136276  -  ResidentSetSize of job (KB)
...
006 (63710.000.000) 08/03 00:19:00 Image size of job updated: 4943796
	3084  -  MemoryUsage of job (MB)
	3157228  -  ResidentSetSize of job (KB)
...
006 (63710.000.000) 08/03 01:34:09 Image size of job updated: 4943796
	3141  -  MemoryUsage of job (MB)
	3215508  -  ResidentSetSize of job (KB)
...
006 (63710.000.000) 08/03 01:39:09 Image size of job updated: 4943796
	3484  -  MemoryUsage of job (MB)
	3566668  -  ResidentSetSize of job (KB)
...
006 (63710.000.000) 08/03 01:44:09 Image size of job updated: 4943796
	3557  -  MemoryUsage of job (MB)
	3641472  -  ResidentSetSize of job (KB)
...
006 (63710.000.000) 08/03 01:49:10 Image size of job updated: 4943996
	3797  -  MemoryUsage of job (MB)
	3887748  -  ResidentSetSize of job (KB)
...
004 (63710.000.000) 08/03 09:45:33 Job was evicted.
	(0) Job was not checkpointed.
		Usr 0 11:33:52, Sys 0 00:28:45  -  Run Remote Usage
		Usr 0 00:00:00, Sys 0 00:00:00  -  Run Local Usage
	0  -  Run Bytes Sent By Job
	237  -  Run Bytes Received By Job
	Partitionable Resources :    Usage  Request Allocated
	   Cpus                 :                 1         1
	   Disk (KB)            :       24        1    238189
	   Memory (MB)          :     3797     1024      1024
...
001 (63710.000.000) 08/03 09:58:46 Job executing on host: <10.194.1.4:9618?addrs=10.194.1.4-9618+[--1]-9618&noUDP&sock=21589_d637_3>
...
004 (63710.000.000) 08/03 10:40:41 Job was evicted.
	(0) Job was not checkpointed.
		Usr 0 00:29:10, Sys 0 00:00:59  -  Run Remote Usage
		Usr 0 00:00:00, Sys 0 00:00:00  -  Run Local Usage
	0  -  Run Bytes Sent By Job
	237  -  Run Bytes Received By Job
	Partitionable Resources :    Usage  Request Allocated
	   Cpus                 :                 1         1
	   Disk (KB)            :       25       25   4187667
	   Memory (MB)          :     3907     1024      1024
...
009 (63710.000.000) 08/03 10:40:42 Job was aborted by the user.
	via condor_rm (by user jnugent)
...
000 (66114.000.000) 08/10 13:31:29 Job submitted from host: <172.20.203.50:9618?addrs=172.20.203.50-9618+[--1]-9618&noUDP&sock=7405_cae4_4>
...
001 (66114.000.000) 08/10 13:31:40 Job executing on host: <10.194.1.8:9618?addrs=10.194.1.8-9618+[--1]-9618&noUDP&sock=16892_15e0_3>
...
006 (66114.000.000) 08/10 13:31:49 Image size of job updated: 48704
	47  -  MemoryUsage of job (MB)
	48124  -  ResidentSetSize of job (KB)
...
006 (66114.000.000) 08/10 13:36:50 Image size of job updated: 751564
	734  -  MemoryUsage of job (MB)
	750984  -  ResidentSetSize of job (KB)
...
006 (66114.000.000) 08/10 14:11:54 Image size of job updated: 968420
	946  -  MemoryUsage of job (MB)
	967840  -  ResidentSetSize of job (KB)
...
006 (66114.000.000) 08/10 14:16:54 Image size of job updated: 1081016
	1056  -  MemoryUsage of job (MB)
	1080436  -  ResidentSetSize of job (KB)
...
006 (66114.000.000) 08/10 14:36:57 Image size of job updated: 1221956
	1193  -  MemoryUsage of job (MB)
	1220980  -  ResidentSetSize of job (KB)
...
006 (66114.000.000) 08/10 14:46:58 Image size of job updated: 1453760
	1418  -  MemoryUsage of job (MB)
	1451996  -  ResidentSetSize of job (KB)
...
006 (66114.000.000) 08/10 15:12:01 Image size of job updated: 1576976
	1458  -  MemoryUsage of job (MB)
	1492692  -  ResidentSetSize of job (KB)
...
006 (66114.000.000) 08/10 16:02:05 Image size of job updated: 1876264
	1736  -  MemoryUsage of job (MB)
	1776964  -  ResidentSetSize of job (KB)
...
006 (66114.000.000) 08/10 16:17:07 Image size of job updated: 1922068
	1833  -  MemoryUsage of job (MB)
	1875984  -  ResidentSetSize of job (KB)
...
006 (66114.000.000) 08/10 16:57:11 Image size of job updated: 1984456
	1833  -  MemoryUsage of job (MB)
	1875984  -  ResidentSetSize of job (KB)
...
006 (66114.000.000) 08/10 17:17:13 Image size of job updated: 2056104
	1833  -  MemoryUsage of job (MB)
	1875984  -  ResidentSetSize of job (KB)
...
006 (66114.000.000) 08/10 17:37:15 Image size of job updated: 2264264
	1833  -  MemoryUsage of job (MB)
	1875984  -  ResidentSetSize of job (KB)
...
006 (66114.000.000) 08/10 17:52:17 Image size of job updated: 2275432
	1833  -  MemoryUsage of job (MB)
	1875984  -  ResidentSetSize of job (KB)
...
006 (66114.000.000) 08/10 17:57:19 Image size of job updated: 2873756
	1833  -  MemoryUsage of job (MB)
	1875984  -  ResidentSetSize of job (KB)
...
006 (66114.000.000) 08/10 18:02:20 Image size of job updated: 2905700
	1833  -  MemoryUsage of job (MB)
	1875984  -  ResidentSetSize of job (KB)
...
006 (66114.000.000) 08/10 18:07:18 Image size of job updated: 3014672
	1833  -  MemoryUsage of job (MB)
	1875984  -  ResidentSetSize of job (KB)
...
006 (66114.000.000) 08/10 18:12:19 Image size of job updated: 3094308
	1833  -  MemoryUsage of job (MB)
	1875984  -  ResidentSetSize of job (KB)
...
006 (66114.000.000) 08/10 18:17:19 Image size of job updated: 3187736
	1833  -  MemoryUsage of job (MB)
	1875984  -  ResidentSetSize of job (KB)
...
006 (66114.000.000) 08/10 18:22:19 Image size of job updated: 3254820
	1833  -  MemoryUsage of job (MB)
	1875984  -  ResidentSetSize of job (KB)
...
006 (66114.000.000) 08/10 19:44:52 Image size of job updated: 3254820
	1888  -  MemoryUsage of job (MB)
	1932696  -  ResidentSetSize of job (KB)
...
022 (66114.000.000) 08/10 19:44:55 Job disconnected, attempting to reconnect
    Socket between submit and execute hosts closed unexpectedly
    Trying to reconnect to slot1_11@node008.ppe.gla.ac.uk <10.194.1.8:9618?addrs=10.194.1.8-9618+[--1]-9618&noUDP&sock=16892_15e0_3>
...
024 (66114.000.000) 08/10 20:24:55 Job reconnection failed
    Job disconnected too long: JobLeaseDuration (2400 seconds) expired
    Can not reconnect to slot1_11@node008.ppe.gla.ac.uk, rescheduling job
...
001 (66114.000.000) 08/10 20:27:31 Job executing on host: <10.194.1.8:9618?addrs=10.194.1.8-9618+[--1]-9618&noUDP&sock=16892_15e0_12>
...
006 (66114.000.000) 08/10 23:22:56 Image size of job updated: 3500000
	2219  -  MemoryUsage of job (MB)
	2271520  -  ResidentSetSize of job (KB)
...
006 (66114.000.000) 08/10 23:32:57 Image size of job updated: 3500000
	2276  -  MemoryUsage of job (MB)
	2330240  -  ResidentSetSize of job (KB)
...
006 (66114.000.000) 08/10 23:52:59 Image size of job updated: 3500000
	2300  -  MemoryUsage of job (MB)
	2354492  -  ResidentSetSize of job (KB)
...
006 (66114.000.000) 08/10 23:58:00 Image size of job updated: 3500000
	2333  -  MemoryUsage of job (MB)
	2388876  -  ResidentSetSize of job (KB)
...
006 (66114.000.000) 08/11 00:03:01 Image size of job updated: 3500000
	2365  -  MemoryUsage of job (MB)
	2420780  -  ResidentSetSize of job (KB)
...
006 (66114.000.000) 08/11 00:43:04 Image size of job updated: 3500000
	2401  -  MemoryUsage of job (MB)
	2458584  -  ResidentSetSize of job (KB)
...
006 (66114.000.000) 08/11 00:48:04 Image size of job updated: 3500000
	2715  -  MemoryUsage of job (MB)
	2779904  -  ResidentSetSize of job (KB)
...
006 (66114.000.000) 08/11 01:28:07 Image size of job updated: 3565508
	2715  -  MemoryUsage of job (MB)
	2779904  -  ResidentSetSize of job (KB)
...
006 (66114.000.000) 08/11 01:43:08 Image size of job updated: 3689620
	2715  -  MemoryUsage of job (MB)
	2779904  -  ResidentSetSize of job (KB)
...
006 (66114.000.000) 08/11 01:48:09 Image size of job updated: 3806064
	2715  -  MemoryUsage of job (MB)
	2779904  -  ResidentSetSize of job (KB)
...
006 (66114.000.000) 08/11 01:58:09 Image size of job updated: 4036092
	2715  -  MemoryUsage of job (MB)
	2779904  -  ResidentSetSize of job (KB)
...
006 (66114.000.000) 08/11 02:03:10 Image size of job updated: 4206500
	2715  -  MemoryUsage of job (MB)
	2779904  -  ResidentSetSize of job (KB)
...
006 (66114.000.000) 08/11 02:08:11 Image size of job updated: 4369520
	2751  -  MemoryUsage of job (MB)
	2816636  -  ResidentSetSize of job (KB)
...
006 (66114.000.000) 08/11 02:13:11 Image size of job updated: 4503892
	2751  -  MemoryUsage of job (MB)
	2816636  -  ResidentSetSize of job (KB)
...
006 (66114.000.000) 08/11 02:18:12 Image size of job updated: 4719724
	2966  -  MemoryUsage of job (MB)
	3036772  -  ResidentSetSize of job (KB)
...
006 (66114.000.000) 08/11 02:23:13 Image size of job updated: 5160748
	2966  -  MemoryUsage of job (MB)
	3036772  -  ResidentSetSize of job (KB)
...
006 (66114.000.000) 08/11 02:28:13 Image size of job updated: 5243596
	2966  -  MemoryUsage of job (MB)
	3036772  -  ResidentSetSize of job (KB)
...
006 (66114.000.000) 08/11 03:23:45 Image size of job updated: 5243596
	3230  -  MemoryUsage of job (MB)
	3307224  -  ResidentSetSize of job (KB)
...
005 (66114.000.000) 08/11 10:30:37 Job terminated.
	(1) Normal termination (return value 0)
		Usr 0 10:50:31, Sys 0 00:24:14  -  Run Remote Usage
		Usr 0 00:00:00, Sys 0 00:00:00  -  Run Local Usage
		Usr 0 10:50:31, Sys 0 00:24:14  -  Total Remote Usage
		Usr 0 00:00:00, Sys 0 00:00:00  -  Total Local Usage
	4299181  -  Run Bytes Sent By Job
	237  -  Run Bytes Received By Job
	4299181  -  Total Bytes Sent By Job
	474  -  Total Bytes Received By Job
	Partitionable Resources :    Usage  Request Allocated
	   Cpus                 :                 1         1
	   Disk (KB)            :     4209       15   2980264
	   Memory (MB)          :     3230     1024      1024
...
000 (450.000.000) 08/27 11:47:40 Job submitted from host: <194.36.1.211:9618?addrs=194.36.1.211-9618+[--1]-9618&noUDP&sock=1189_2232_3>
...
009 (450.000.000) 08/27 11:48:15 Job was aborted by the user.
	via condor_rm (by user jnugent)
...
000 (66271.000.000) 08/27 11:48:34 Job submitted from host: <172.20.203.50:9618?addrs=172.20.203.50-9618+[--1]-9618&noUDP&sock=7405_cae4_4>
...
001 (66271.000.000) 08/27 11:48:55 Job executing on host: <10.194.1.81:9618?addrs=10.194.1.81-9618+[--1]-9618&noUDP&sock=1755_5ccc_3>
...
006 (66271.000.000) 08/27 11:49:04 Image size of job updated: 48124
	47  -  MemoryUsage of job (MB)
	48124  -  ResidentSetSize of job (KB)
...
006 (66271.000.000) 08/27 11:54:18 Image size of job updated: 778644
	761  -  MemoryUsage of job (MB)
	778608  -  ResidentSetSize of job (KB)
...
006 (66271.000.000) 08/27 12:04:14 Image size of job updated: 994580
	761  -  MemoryUsage of job (MB)
	778608  -  ResidentSetSize of job (KB)
...
006 (66271.000.000) 08/27 12:09:06 Image size of job updated: 996472
	761  -  MemoryUsage of job (MB)
	778608  -  ResidentSetSize of job (KB)
...
006 (66271.000.000) 08/27 13:09:13 Image size of job updated: 1098652
	761  -  MemoryUsage of job (MB)
	778608  -  ResidentSetSize of job (KB)
...
006 (66271.000.000) 08/27 13:14:13 Image size of job updated: 1098652
	834  -  MemoryUsage of job (MB)
	853032  -  ResidentSetSize of job (KB)
...
006 (66271.000.000) 08/27 15:49:29 Image size of job updated: 1225592
	834  -  MemoryUsage of job (MB)
	853032  -  ResidentSetSize of job (KB)
...
006 (66271.000.000) 08/27 16:14:31 Image size of job updated: 1420052
	834  -  MemoryUsage of job (MB)
	853032  -  ResidentSetSize of job (KB)
...
006 (66271.000.000) 08/27 17:34:40 Image size of job updated: 1496008
	834  -  MemoryUsage of job (MB)
	853032  -  ResidentSetSize of job (KB)
...
006 (66271.000.000) 08/27 19:24:50 Image size of job updated: 1496540
	834  -  MemoryUsage of job (MB)
	853032  -  ResidentSetSize of job (KB)
...
006 (66271.000.000) 08/27 20:04:55 Image size of job updated: 1532012
	834  -  MemoryUsage of job (MB)
	853032  -  ResidentSetSize of job (KB)
...
006 (66271.000.000) 08/27 21:40:04 Image size of job updated: 1672868
	834  -  MemoryUsage of job (MB)
	853032  -  ResidentSetSize of job (KB)
...
005 (66271.000.000) 08/27 22:36:01 Job terminated.
	(1) Normal termination (return value 135)
		Usr 0 01:11:32, Sys 0 00:08:08  -  Run Remote Usage
		Usr 0 00:00:00, Sys 0 00:00:00  -  Run Local Usage
		Usr 0 01:11:32, Sys 0 00:08:08  -  Total Remote Usage
		Usr 0 00:00:00, Sys 0 00:00:00  -  Total Local Usage
	5226  -  Run Bytes Sent By Job
	237  -  Run Bytes Received By Job
	5226  -  Total Bytes Sent By Job
	237  -  Total Bytes Received By Job
	Partitionable Resources :    Usage  Request Allocated
	   Cpus                 :                 1         1
	   Disk (KB)            :       15        1   2614828
	   Memory (MB)          :      834     1024      1024
...
000 (571.000.000) 08/28 17:54:00 Job submitted from host: <194.36.1.211:9618?addrs=194.36.1.211-9618+[--1]-9618&noUDP&sock=1189_2232_3>
...
009 (571.000.000) 08/28 17:54:57 Job was aborted by the user.
	via condor_rm (by user jnugent)
...
000 (66394.000.000) 08/28 17:55:40 Job submitted from host: <172.20.203.50:9618?addrs=172.20.203.50-9618+[--1]-9618&noUDP&sock=7405_cae4_4>
...
022 (66394.000.000) 08/28 17:55:53 Job disconnected, attempting to reconnect
    Socket between submit and execute hosts closed unexpectedly
    Trying to reconnect to slot1_21@node006.ppe.gla.ac.uk <10.194.1.6:9618?addrs=10.194.1.6-9618+[--1]-9618&noUDP&sock=26470_cbfa_3>
...
024 (66394.000.000) 08/28 17:56:01 Job reconnection failed
    Job not found at execution machine
    Can not reconnect to slot1_21@node006.ppe.gla.ac.uk, rescheduling job
...
004 (66394.000.000) 08/28 17:56:56 Job was evicted.
	(0) Job was not checkpointed.
		Usr 0 00:00:00, Sys 0 00:00:00  -  Run Remote Usage
		Usr 0 00:00:00, Sys 0 00:00:00  -  Run Local Usage
	0  -  Run Bytes Sent By Job
	237  -  Run Bytes Received By Job
	Partitionable Resources :    Usage  Request Allocated
	   Cpus                 :                 1         1
	   Disk (KB)            :       10        1   4187667
	   Memory (MB)          :              1024      1024
...
009 (66394.000.000) 08/28 17:56:56 Job was aborted by the user.
	via condor_rm (by user jnugent)
...
000 (66494.000.000) 08/28 17:59:35 Job submitted from host: <172.20.203.50:9618?addrs=172.20.203.50-9618+[--1]-9618&noUDP&sock=7405_cae4_4>
...
001 (66494.000.000) 08/28 17:59:56 Job executing on host: <10.194.1.4:9618?addrs=10.194.1.4-9618+[--1]-9618&noUDP&sock=21589_d637_3>
...
006 (66494.000.000) 08/28 18:00:04 Image size of job updated: 335184
	328  -  MemoryUsage of job (MB)
	335184  -  ResidentSetSize of job (KB)
...
006 (66494.000.000) 08/28 18:05:04 Image size of job updated: 455428
	445  -  MemoryUsage of job (MB)
	455428  -  ResidentSetSize of job (KB)
...
006 (66494.000.000) 08/28 18:10:05 Image size of job updated: 597576
	584  -  MemoryUsage of job (MB)
	597576  -  ResidentSetSize of job (KB)
...
006 (66494.000.000) 08/28 18:30:07 Image size of job updated: 734596
	718  -  MemoryUsage of job (MB)
	734596  -  ResidentSetSize of job (KB)
...
006 (66494.000.000) 08/28 18:45:08 Image size of job updated: 759648
	742  -  MemoryUsage of job (MB)
	759648  -  ResidentSetSize of job (KB)
...
006 (66494.000.000) 08/28 18:55:08 Image size of job updated: 778308
	761  -  MemoryUsage of job (MB)
	778308  -  ResidentSetSize of job (KB)
...
006 (66494.000.000) 08/28 19:05:10 Image size of job updated: 887344
	867  -  MemoryUsage of job (MB)
	887344  -  ResidentSetSize of job (KB)
...
006 (66494.000.000) 08/28 19:10:10 Image size of job updated: 1095524
	1070  -  MemoryUsage of job (MB)
	1095524  -  ResidentSetSize of job (KB)
...
006 (66494.000.000) 08/28 19:25:12 Image size of job updated: 1172616
	1070  -  MemoryUsage of job (MB)
	1095524  -  ResidentSetSize of job (KB)
...
006 (66494.000.000) 08/28 19:35:13 Image size of job updated: 1211716
	1070  -  MemoryUsage of job (MB)
	1095524  -  ResidentSetSize of job (KB)
...
006 (66494.000.000) 08/28 19:40:13 Image size of job updated: 1282144
	1070  -  MemoryUsage of job (MB)
	1095524  -  ResidentSetSize of job (KB)
...
006 (66494.000.000) 08/28 19:45:13 Image size of job updated: 1324692
	1070  -  MemoryUsage of job (MB)
	1095524  -  ResidentSetSize of job (KB)
...
006 (66494.000.000) 08/28 20:35:19 Image size of job updated: 1417580
	1070  -  MemoryUsage of job (MB)
	1095524  -  ResidentSetSize of job (KB)
...
006 (66494.000.000) 08/28 20:45:20 Image size of job updated: 1511804
	1070  -  MemoryUsage of job (MB)
	1095524  -  ResidentSetSize of job (KB)
...
006 (66494.000.000) 08/28 20:55:20 Image size of job updated: 1673104
	1070  -  MemoryUsage of job (MB)
	1095524  -  ResidentSetSize of job (KB)
...
006 (66494.000.000) 08/28 21:05:22 Image size of job updated: 1696332
	1070  -  MemoryUsage of job (MB)
	1095524  -  ResidentSetSize of job (KB)
...
006 (66494.000.000) 08/28 21:10:22 Image size of job updated: 1717640
	1070  -  MemoryUsage of job (MB)
	1095524  -  ResidentSetSize of job (KB)
...
006 (66494.000.000) 08/28 21:40:25 Image size of job updated: 1888460
	1070  -  MemoryUsage of job (MB)
	1095524  -  ResidentSetSize of job (KB)
...
006 (66494.000.000) 08/28 21:50:26 Image size of job updated: 1994108
	1070  -  MemoryUsage of job (MB)
	1095524  -  ResidentSetSize of job (KB)
...
006 (66494.000.000) 08/28 22:10:28 Image size of job updated: 2134552
	1070  -  MemoryUsage of job (MB)
	1095524  -  ResidentSetSize of job (KB)
...
006 (66494.000.000) 08/28 22:15:29 Image size of job updated: 2161496
	1070  -  MemoryUsage of job (MB)
	1095524  -  ResidentSetSize of job (KB)
...
006 (66494.000.000) 08/28 22:20:29 Image size of job updated: 2176564
	1070  -  MemoryUsage of job (MB)
	1095524  -  ResidentSetSize of job (KB)
...
006 (66494.000.000) 08/28 22:25:29 Image size of job updated: 2185084
	1070  -  MemoryUsage of job (MB)
	1095524  -  ResidentSetSize of job (KB)
...
006 (66494.000.000) 08/28 22:30:30 Image size of job updated: 2199720
	1070  -  MemoryUsage of job (MB)
	1095524  -  ResidentSetSize of job (KB)
...
006 (66494.000.000) 08/28 22:35:30 Image size of job updated: 2241268
	1070  -  MemoryUsage of job (MB)
	1095524  -  ResidentSetSize of job (KB)
...
006 (66494.000.000) 08/28 22:40:30 Image size of job updated: 2346708
	1099  -  MemoryUsage of job (MB)
	1124456  -  ResidentSetSize of job (KB)
...
006 (66494.000.000) 08/28 22:45:31 Image size of job updated: 2494600
	1099  -  MemoryUsage of job (MB)
	1124456  -  ResidentSetSize of job (KB)
...
006 (66494.000.000) 08/28 22:50:32 Image size of job updated: 2631028
	1099  -  MemoryUsage of job (MB)
	1124456  -  ResidentSetSize of job (KB)
...
006 (66494.000.000) 08/28 22:55:32 Image size of job updated: 2690628
	1099  -  MemoryUsage of job (MB)
	1124456  -  ResidentSetSize of job (KB)
...
006 (66494.000.000) 08/28 23:10:34 Image size of job updated: 2690628
	1310  -  MemoryUsage of job (MB)
	1341320  -  ResidentSetSize of job (KB)
...
006 (66494.000.000) 08/28 23:15:35 Image size of job updated: 2690628
	1352  -  MemoryUsage of job (MB)
	1383652  -  ResidentSetSize of job (KB)
...
006 (66494.000.000) 08/28 23:20:36 Image size of job updated: 2702272
	1473  -  MemoryUsage of job (MB)
	1507788  -  ResidentSetSize of job (KB)
...
006 (66494.000.000) 08/29 01:30:49 Image size of job updated: 2909628
	1473  -  MemoryUsage of job (MB)
	1507788  -  ResidentSetSize of job (KB)
...
006 (66494.000.000) 08/29 02:10:53 Image size of job updated: 3307124
	1473  -  MemoryUsage of job (MB)
	1507788  -  ResidentSetSize of job (KB)
...
006 (66494.000.000) 08/29 02:25:55 Image size of job updated: 3417560
	1473  -  MemoryUsage of job (MB)
	1507788  -  ResidentSetSize of job (KB)
...
006 (66494.000.000) 08/29 02:50:58 Image size of job updated: 3460568
	1473  -  MemoryUsage of job (MB)
	1507788  -  ResidentSetSize of job (KB)
...
006 (66494.000.000) 08/29 03:16:01 Image size of job updated: 3712236
	1568  -  MemoryUsage of job (MB)
	1605236  -  ResidentSetSize of job (KB)
...
006 (66494.000.000) 08/29 03:41:03 Image size of job updated: 3740608
	1578  -  MemoryUsage of job (MB)
	1615180  -  ResidentSetSize of job (KB)
...
006 (66494.000.000) 08/29 03:46:04 Image size of job updated: 3874816
	1708  -  MemoryUsage of job (MB)
	1748464  -  ResidentSetSize of job (KB)
...
006 (66494.000.000) 08/29 04:31:09 Image size of job updated: 3987928
	1708  -  MemoryUsage of job (MB)
	1748464  -  ResidentSetSize of job (KB)
...
006 (66494.000.000) 08/29 05:06:12 Image size of job updated: 4295224
	1865  -  MemoryUsage of job (MB)
	1909120  -  ResidentSetSize of job (KB)
...
006 (66494.000.000) 08/29 05:56:18 Image size of job updated: 4674552
	2112  -  MemoryUsage of job (MB)
	2162492  -  ResidentSetSize of job (KB)
...
006 (66494.000.000) 08/29 06:01:19 Image size of job updated: 4924312
	2385  -  MemoryUsage of job (MB)
	2441872  -  ResidentSetSize of job (KB)
...
006 (66494.000.000) 08/29 06:06:19 Image size of job updated: 4945968
	2385  -  MemoryUsage of job (MB)
	2441872  -  ResidentSetSize of job (KB)
...
006 (66494.000.000) 08/29 06:11:23 Image size of job updated: 5020340
	2385  -  MemoryUsage of job (MB)
	2441872  -  ResidentSetSize of job (KB)
...
006 (66494.000.000) 08/29 06:16:20 Image size of job updated: 5055636
	2385  -  MemoryUsage of job (MB)
	2441872  -  ResidentSetSize of job (KB)
...
006 (66494.000.000) 08/29 06:21:20 Image size of job updated: 5151608
	2428  -  MemoryUsage of job (MB)
	2486196  -  ResidentSetSize of job (KB)
...
006 (66494.000.000) 08/29 06:24:36 Image size of job updated: 5179132
	2428  -  MemoryUsage of job (MB)
	2486196  -  ResidentSetSize of job (KB)
...
005 (66494.000.000) 08/29 06:25:00 Job terminated.
	(1) Normal termination (return value 137)
		Usr 0 08:19:37, Sys 0 00:21:15  -  Run Remote Usage
		Usr 0 00:00:00, Sys 0 00:00:00  -  Run Local Usage
		Usr 0 08:19:37, Sys 0 00:21:15  -  Total Remote Usage
		Usr 0 00:00:00, Sys 0 00:00:00  -  Total Local Usage
	158484  -  Run Bytes Sent By Job
	237  -  Run Bytes Received By Job
	158484  -  Total Bytes Sent By Job
	237  -  Total Bytes Received By Job
	Partitionable Resources :    Usage  Request Allocated
	   Cpus                 :                 1         1
	   Disk (KB)            :      165        1   4187667
	   Memory (MB)          :     2428     1024      1024
...
