000 (96845.000.000) 09/23 16:58:49 Job submitted from host: <172.20.203.50:9618?addrs=172.20.203.50-9618+[--1]-9618&noUDP&sock=7405_cae4_4>
...
001 (96845.000.000) 09/23 16:58:58 Job executing on host: <10.194.1.8:9618?addrs=10.194.1.8-9618+[--1]-9618&noUDP&sock=5976_9e0e_3>
...
006 (96845.000.000) 09/23 16:59:06 Image size of job updated: 52324
	52  -  MemoryUsage of job (MB)
	52324  -  ResidentSetSize of job (KB)
...
006 (96845.000.000) 09/23 17:04:06 Image size of job updated: 495504
	484  -  MemoryUsage of job (MB)
	495504  -  ResidentSetSize of job (KB)
...
006 (96845.000.000) 09/23 17:09:06 Image size of job updated: 513888
	502  -  MemoryUsage of job (MB)
	513888  -  ResidentSetSize of job (KB)
...
006 (96845.000.000) 09/23 17:14:07 Image size of job updated: 568664
	556  -  MemoryUsage of job (MB)
	568664  -  ResidentSetSize of job (KB)
...
006 (96845.000.000) 09/23 17:19:08 Image size of job updated: 1128312
	1102  -  MemoryUsage of job (MB)
	1128312  -  ResidentSetSize of job (KB)
...
006 (96845.000.000) 09/23 17:29:08 Image size of job updated: 1330632
	1300  -  MemoryUsage of job (MB)
	1330632  -  ResidentSetSize of job (KB)
...
006 (96845.000.000) 09/23 18:19:14 Image size of job updated: 1451776
	1418  -  MemoryUsage of job (MB)
	1451776  -  ResidentSetSize of job (KB)
...
006 (96845.000.000) 09/23 18:29:15 Image size of job updated: 1764000
	1723  -  MemoryUsage of job (MB)
	1764000  -  ResidentSetSize of job (KB)
...
006 (96845.000.000) 09/23 18:39:15 Image size of job updated: 1795740
	1754  -  MemoryUsage of job (MB)
	1795740  -  ResidentSetSize of job (KB)
...
006 (96845.000.000) 09/23 18:59:17 Image size of job updated: 1896216
	1852  -  MemoryUsage of job (MB)
	1896216  -  ResidentSetSize of job (KB)
...
006 (96845.000.000) 09/23 19:04:17 Image size of job updated: 2270052
	2217  -  MemoryUsage of job (MB)
	2270052  -  ResidentSetSize of job (KB)
...
006 (96845.000.000) 09/23 19:59:23 Image size of job updated: 2432068
	2376  -  MemoryUsage of job (MB)
	2432056  -  ResidentSetSize of job (KB)
...
006 (96845.000.000) 09/23 20:19:24 Image size of job updated: 2613072
	2552  -  MemoryUsage of job (MB)
	2613060  -  ResidentSetSize of job (KB)
...
006 (96845.000.000) 09/23 20:24:25 Image size of job updated: 2684364
	2622  -  MemoryUsage of job (MB)
	2684352  -  ResidentSetSize of job (KB)
...
006 (96845.000.000) 09/23 20:44:27 Image size of job updated: 2860292
	2794  -  MemoryUsage of job (MB)
	2860256  -  ResidentSetSize of job (KB)
...
006 (96845.000.000) 09/23 20:49:27 Image size of job updated: 3165096
	3091  -  MemoryUsage of job (MB)
	3165040  -  ResidentSetSize of job (KB)
...
006 (96845.000.000) 09/23 21:09:29 Image size of job updated: 3391632
	3313  -  MemoryUsage of job (MB)
	3391552  -  ResidentSetSize of job (KB)
...
006 (96845.000.000) 09/23 21:49:32 Image size of job updated: 3605344
	3499  -  MemoryUsage of job (MB)
	3582156  -  ResidentSetSize of job (KB)
...
006 (96845.000.000) 09/23 21:59:34 Image size of job updated: 3827824
	3499  -  MemoryUsage of job (MB)
	3582156  -  ResidentSetSize of job (KB)
...
006 (96845.000.000) 09/23 22:04:34 Image size of job updated: 3905620
	3499  -  MemoryUsage of job (MB)
	3582156  -  ResidentSetSize of job (KB)
...
006 (96845.000.000) 09/23 22:09:35 Image size of job updated: 3941588
	3499  -  MemoryUsage of job (MB)
	3582156  -  ResidentSetSize of job (KB)
...
006 (96845.000.000) 09/23 22:14:36 Image size of job updated: 3970296
	3499  -  MemoryUsage of job (MB)
	3582156  -  ResidentSetSize of job (KB)
...
006 (96845.000.000) 09/23 22:24:36 Image size of job updated: 4022940
	3499  -  MemoryUsage of job (MB)
	3582156  -  ResidentSetSize of job (KB)
...
006 (96845.000.000) 09/23 22:29:37 Image size of job updated: 4092680
	3499  -  MemoryUsage of job (MB)
	3582156  -  ResidentSetSize of job (KB)
...
006 (96845.000.000) 09/23 22:34:37 Image size of job updated: 4147024
	3499  -  MemoryUsage of job (MB)
	3582156  -  ResidentSetSize of job (KB)
...
006 (96845.000.000) 09/23 22:39:37 Image size of job updated: 4232228
	3499  -  MemoryUsage of job (MB)
	3582156  -  ResidentSetSize of job (KB)
...
006 (96845.000.000) 09/23 22:44:38 Image size of job updated: 4270096
	3499  -  MemoryUsage of job (MB)
	3582156  -  ResidentSetSize of job (KB)
...
006 (96845.000.000) 09/23 22:49:39 Image size of job updated: 4327792
	3499  -  MemoryUsage of job (MB)
	3582156  -  ResidentSetSize of job (KB)
...
006 (96845.000.000) 09/23 23:08:40 Image size of job updated: 4453372
	3499  -  MemoryUsage of job (MB)
	3582156  -  ResidentSetSize of job (KB)
...
005 (96845.000.000) 09/24 06:00:16 Job terminated.
	(1) Normal termination (return value 0)
		Usr 0 10:35:41, Sys 0 00:21:07  -  Run Remote Usage
		Usr 0 00:00:00, Sys 0 00:00:00  -  Run Local Usage
		Usr 0 10:35:41, Sys 0 00:21:07  -  Total Remote Usage
		Usr 0 00:00:00, Sys 0 00:00:00  -  Total Local Usage
	1000416  -  Run Bytes Sent By Job
	237  -  Run Bytes Received By Job
	1000416  -  Total Bytes Sent By Job
	237  -  Total Bytes Received By Job
	Partitionable Resources :    Usage  Request Allocated
	   Cpus                 :                 1         1
	   Disk (KB)            :      987        1  10479108
	   Memory (MB)          :     3499     1024      1024
...
000 (96895.000.000) 09/24 14:18:54 Job submitted from host: <172.20.203.50:9618?addrs=172.20.203.50-9618+[--1]-9618&noUDP&sock=7405_cae4_4>
...
001 (96895.000.000) 09/24 22:32:45 Job executing on host: <10.194.1.8:9618?addrs=10.194.1.8-9618+[--1]-9618&noUDP&sock=5976_9e0e_3>
...
006 (96895.000.000) 09/24 22:32:54 Image size of job updated: 52424
	52  -  MemoryUsage of job (MB)
	52320  -  ResidentSetSize of job (KB)
...
006 (96895.000.000) 09/24 22:37:54 Image size of job updated: 423960
	411  -  MemoryUsage of job (MB)
	420188  -  ResidentSetSize of job (KB)
...
006 (96895.000.000) 09/24 22:42:54 Image size of job updated: 607500
	582  -  MemoryUsage of job (MB)
	595272  -  ResidentSetSize of job (KB)
...
006 (96895.000.000) 09/24 22:52:56 Image size of job updated: 1128348
	1082  -  MemoryUsage of job (MB)
	1107728  -  ResidentSetSize of job (KB)
...
006 (96895.000.000) 09/24 23:07:57 Image size of job updated: 1192008
	1088  -  MemoryUsage of job (MB)
	1113976  -  ResidentSetSize of job (KB)
...
006 (96895.000.000) 09/24 23:17:58 Image size of job updated: 1337708
	1224  -  MemoryUsage of job (MB)
	1252496  -  ResidentSetSize of job (KB)
...
006 (96895.000.000) 09/24 23:27:59 Image size of job updated: 1363736
	1247  -  MemoryUsage of job (MB)
	1276904  -  ResidentSetSize of job (KB)
...
006 (96895.000.000) 09/24 23:33:00 Image size of job updated: 1581208
	1449  -  MemoryUsage of job (MB)
	1483444  -  ResidentSetSize of job (KB)
...
006 (96895.000.000) 09/24 23:43:01 Image size of job updated: 1657252
	1553  -  MemoryUsage of job (MB)
	1590076  -  ResidentSetSize of job (KB)
...
006 (96895.000.000) 09/24 23:53:02 Image size of job updated: 1818036
	1702  -  MemoryUsage of job (MB)
	1741856  -  ResidentSetSize of job (KB)
...
006 (96895.000.000) 09/25 00:03:03 Image size of job updated: 2194400
	2045  -  MemoryUsage of job (MB)
	2093128  -  ResidentSetSize of job (KB)
...
006 (96895.000.000) 09/25 00:08:04 Image size of job updated: 2194400
	2045  -  MemoryUsage of job (MB)
	2093132  -  ResidentSetSize of job (KB)
...
006 (96895.000.000) 09/25 00:18:05 Image size of job updated: 2271688
	2111  -  MemoryUsage of job (MB)
	2161480  -  ResidentSetSize of job (KB)
...
006 (96895.000.000) 09/25 00:43:08 Image size of job updated: 2317156
	2111  -  MemoryUsage of job (MB)
	2161480  -  ResidentSetSize of job (KB)
...
006 (96895.000.000) 09/25 00:48:08 Image size of job updated: 2526292
	2111  -  MemoryUsage of job (MB)
	2161480  -  ResidentSetSize of job (KB)
...
006 (96895.000.000) 09/25 00:53:09 Image size of job updated: 2789252
	2111  -  MemoryUsage of job (MB)
	2161480  -  ResidentSetSize of job (KB)
...
006 (96895.000.000) 09/25 01:23:11 Image size of job updated: 3148492
	2184  -  MemoryUsage of job (MB)
	2235984  -  ResidentSetSize of job (KB)
...
006 (96895.000.000) 09/25 01:58:15 Image size of job updated: 3423792
	2354  -  MemoryUsage of job (MB)
	2410084  -  ResidentSetSize of job (KB)
...
006 (96895.000.000) 09/25 02:08:17 Image size of job updated: 3429012
	2354  -  MemoryUsage of job (MB)
	2410084  -  ResidentSetSize of job (KB)
...
006 (96895.000.000) 09/25 02:18:18 Image size of job updated: 4268056
	3335  -  MemoryUsage of job (MB)
	3414996  -  ResidentSetSize of job (KB)
...
005 (96895.000.000) 09/25 07:26:20 Job terminated.
	(1) Normal termination (return value 0)
		Usr 0 07:45:26, Sys 0 00:23:41  -  Run Remote Usage
		Usr 0 00:00:00, Sys 0 00:00:00  -  Run Local Usage
		Usr 0 07:45:26, Sys 0 00:23:41  -  Total Remote Usage
		Usr 0 00:00:00, Sys 0 00:00:00  -  Total Local Usage
	1000870  -  Run Bytes Sent By Job
	237  -  Run Bytes Received By Job
	1000870  -  Total Bytes Sent By Job
	237  -  Total Bytes Received By Job
	Partitionable Resources :    Usage  Request Allocated
	   Cpus                 :                 1         1
	   Disk (KB)            :      988        1  10479108
	   Memory (MB)          :     3335    10240     10240
...
