000 (60111.000.000) 07/31 10:18:22 Job submitted from host: <172.20.203.50:9618?addrs=172.20.203.50-9618+[--1]-9618&noUDP&sock=7405_cae4_4>
...
001 (60111.000.000) 07/31 10:18:42 Job executing on host: <10.194.1.4:9618?addrs=10.194.1.4-9618+[--1]-9618&noUDP&sock=22685_9a03_3>
...
006 (60111.000.000) 07/31 10:18:50 Image size of job updated: 48124
	47  -  MemoryUsage of job (MB)
	48124  -  ResidentSetSize of job (KB)
...
006 (60111.000.000) 07/31 10:23:50 Image size of job updated: 305932
	298  -  MemoryUsage of job (MB)
	304452  -  ResidentSetSize of job (KB)
...
006 (60111.000.000) 07/31 10:28:51 Image size of job updated: 307468
	298  -  MemoryUsage of job (MB)
	304452  -  ResidentSetSize of job (KB)
...
004 (60111.000.000) 07/31 10:29:21 Job was evicted.
	(0) Job was not checkpointed.
		Usr 0 00:03:02, Sys 0 00:00:09  -  Run Remote Usage
		Usr 0 00:00:00, Sys 0 00:00:00  -  Run Local Usage
	0  -  Run Bytes Sent By Job
	237  -  Run Bytes Received By Job
	Partitionable Resources :    Usage  Request Allocated
	   Cpus                 :                 1         1
	   Disk (KB)            :       15        1    232397
	   Memory (MB)          :      298     1024      1024
...
009 (60111.000.000) 07/31 10:29:21 Job was aborted by the user.
	via condor_rm (by user jnugent)
...
000 (60211.000.000) 07/31 10:30:02 Job submitted from host: <172.20.203.50:9618?addrs=172.20.203.50-9618+[--1]-9618&noUDP&sock=7405_cae4_4>
...
001 (60211.000.000) 07/31 10:30:21 Job executing on host: <10.194.1.8:9618?addrs=10.194.1.8-9618+[--1]-9618&noUDP&sock=2118_59ad_3>
...
006 (60211.000.000) 07/31 10:30:30 Image size of job updated: 396064
	387  -  MemoryUsage of job (MB)
	396064  -  ResidentSetSize of job (KB)
...
006 (60211.000.000) 07/31 10:35:31 Image size of job updated: 773396
	756  -  MemoryUsage of job (MB)
	773396  -  ResidentSetSize of job (KB)
...
006 (60211.000.000) 07/31 10:40:31 Image size of job updated: 1069504
	1045  -  MemoryUsage of job (MB)
	1069504  -  ResidentSetSize of job (KB)
...
006 (60211.000.000) 07/31 10:55:33 Image size of job updated: 1146700
	1120  -  MemoryUsage of job (MB)
	1146164  -  ResidentSetSize of job (KB)
...
006 (60211.000.000) 07/31 11:15:34 Image size of job updated: 1247920
	1177  -  MemoryUsage of job (MB)
	1204772  -  ResidentSetSize of job (KB)
...
006 (60211.000.000) 07/31 11:25:36 Image size of job updated: 1281376
	1210  -  MemoryUsage of job (MB)
	1238200  -  ResidentSetSize of job (KB)
...
006 (60211.000.000) 07/31 11:30:36 Image size of job updated: 1729968
	1648  -  MemoryUsage of job (MB)
	1686796  -  ResidentSetSize of job (KB)
...
006 (60211.000.000) 07/31 11:45:38 Image size of job updated: 1814816
	1648  -  MemoryUsage of job (MB)
	1686796  -  ResidentSetSize of job (KB)
...
006 (60211.000.000) 07/31 12:10:40 Image size of job updated: 1934532
	1648  -  MemoryUsage of job (MB)
	1686796  -  ResidentSetSize of job (KB)
...
006 (60211.000.000) 07/31 12:25:41 Image size of job updated: 2032528
	1648  -  MemoryUsage of job (MB)
	1686796  -  ResidentSetSize of job (KB)
...
006 (60211.000.000) 07/31 12:40:43 Image size of job updated: 2138644
	1648  -  MemoryUsage of job (MB)
	1686796  -  ResidentSetSize of job (KB)
...
006 (60211.000.000) 07/31 12:45:44 Image size of job updated: 2344600
	1648  -  MemoryUsage of job (MB)
	1686796  -  ResidentSetSize of job (KB)
...
006 (60211.000.000) 07/31 13:00:45 Image size of job updated: 2982788
	2197  -  MemoryUsage of job (MB)
	2248760  -  ResidentSetSize of job (KB)
...
006 (60211.000.000) 07/31 13:05:46 Image size of job updated: 3302956
	2317  -  MemoryUsage of job (MB)
	2371928  -  ResidentSetSize of job (KB)
...
006 (60211.000.000) 07/31 13:10:21 Image size of job updated: 3302956
	2407  -  MemoryUsage of job (MB)
	2464360  -  ResidentSetSize of job (KB)
...
004 (60211.000.000) 07/31 13:10:21 Job was evicted.
	(0) Job was not checkpointed.
		Usr 0 02:17:13, Sys 0 00:05:28  -  Run Remote Usage
		Usr 0 00:00:00, Sys 0 00:00:00  -  Run Local Usage
	0  -  Run Bytes Sent By Job
	237  -  Run Bytes Received By Job
	Partitionable Resources :    Usage  Request Allocated
	   Cpus                 :                 2         2
	   Disk (KB)            :       15        1    246255
	   Memory (MB)          :     2407     4096      4096
...
009 (60211.000.000) 07/31 13:10:21 Job was aborted by the user.
	via condor_rm (by user jnugent)
...
000 (60319.000.000) 07/31 13:11:12 Job submitted from host: <172.20.203.50:9618?addrs=172.20.203.50-9618+[--1]-9618&noUDP&sock=7405_cae4_4>
...
009 (60319.000.000) 07/31 20:07:20 Job was aborted by the user.
	via condor_rm (by user jnugent)
...
000 (62114.000.000) 07/31 20:08:39 Job submitted from host: <172.20.203.50:9618?addrs=172.20.203.50-9618+[--1]-9618&noUDP&sock=7405_cae4_4>
...
001 (62114.000.000) 07/31 21:38:49 Job executing on host: <10.194.1.4:9618?addrs=10.194.1.4-9618+[--1]-9618&noUDP&sock=22685_9a03_9>
...
006 (62114.000.000) 07/31 21:38:58 Image size of job updated: 48188
	48  -  MemoryUsage of job (MB)
	48188  -  ResidentSetSize of job (KB)
...
006 (62114.000.000) 07/31 21:43:59 Image size of job updated: 436872
	427  -  MemoryUsage of job (MB)
	436872  -  ResidentSetSize of job (KB)
...
006 (62114.000.000) 07/31 21:53:59 Image size of job updated: 624684
	611  -  MemoryUsage of job (MB)
	624684  -  ResidentSetSize of job (KB)
...
006 (62114.000.000) 07/31 22:04:00 Image size of job updated: 718644
	702  -  MemoryUsage of job (MB)
	718644  -  ResidentSetSize of job (KB)
...
006 (62114.000.000) 07/31 22:09:00 Image size of job updated: 818772
	800  -  MemoryUsage of job (MB)
	818772  -  ResidentSetSize of job (KB)
...
006 (62114.000.000) 07/31 22:14:01 Image size of job updated: 854008
	834  -  MemoryUsage of job (MB)
	854008  -  ResidentSetSize of job (KB)
...
006 (62114.000.000) 07/31 22:19:02 Image size of job updated: 888200
	868  -  MemoryUsage of job (MB)
	888200  -  ResidentSetSize of job (KB)
...
006 (62114.000.000) 07/31 22:24:02 Image size of job updated: 922300
	901  -  MemoryUsage of job (MB)
	922296  -  ResidentSetSize of job (KB)
...
006 (62114.000.000) 07/31 22:29:03 Image size of job updated: 955688
	907  -  MemoryUsage of job (MB)
	928600  -  ResidentSetSize of job (KB)
...
006 (62114.000.000) 07/31 22:34:04 Image size of job updated: 975216
	935  -  MemoryUsage of job (MB)
	956420  -  ResidentSetSize of job (KB)
...
006 (62114.000.000) 07/31 22:39:04 Image size of job updated: 1008496
	966  -  MemoryUsage of job (MB)
	988796  -  ResidentSetSize of job (KB)
...
006 (62114.000.000) 07/31 22:44:04 Image size of job updated: 1038064
	966  -  MemoryUsage of job (MB)
	988796  -  ResidentSetSize of job (KB)
...
006 (62114.000.000) 07/31 22:49:05 Image size of job updated: 1068660
	966  -  MemoryUsage of job (MB)
	988796  -  ResidentSetSize of job (KB)
...
006 (62114.000.000) 07/31 22:54:05 Image size of job updated: 1099800
	966  -  MemoryUsage of job (MB)
	988796  -  ResidentSetSize of job (KB)
...
006 (62114.000.000) 07/31 22:59:05 Image size of job updated: 1131236
	966  -  MemoryUsage of job (MB)
	988796  -  ResidentSetSize of job (KB)
...
006 (62114.000.000) 07/31 23:04:06 Image size of job updated: 1162328
	966  -  MemoryUsage of job (MB)
	988796  -  ResidentSetSize of job (KB)
...
006 (62114.000.000) 07/31 23:09:07 Image size of job updated: 1425360
	966  -  MemoryUsage of job (MB)
	988796  -  ResidentSetSize of job (KB)
...
006 (62114.000.000) 07/31 23:39:09 Image size of job updated: 1683864
	1039  -  MemoryUsage of job (MB)
	1063928  -  ResidentSetSize of job (KB)
...
006 (62114.000.000) 07/31 23:44:10 Image size of job updated: 1715112
	1088  -  MemoryUsage of job (MB)
	1113368  -  ResidentSetSize of job (KB)
...
006 (62114.000.000) 07/31 23:49:10 Image size of job updated: 1743160
	1132  -  MemoryUsage of job (MB)
	1158948  -  ResidentSetSize of job (KB)
...
006 (62114.000.000) 07/31 23:54:10 Image size of job updated: 1799152
	1224  -  MemoryUsage of job (MB)
	1252400  -  ResidentSetSize of job (KB)
...
006 (62114.000.000) 08/01 00:09:12 Image size of job updated: 1809204
	1370  -  MemoryUsage of job (MB)
	1401980  -  ResidentSetSize of job (KB)
...
006 (62114.000.000) 08/01 00:14:12 Image size of job updated: 1871772
	1370  -  MemoryUsage of job (MB)
	1401980  -  ResidentSetSize of job (KB)
...
006 (62114.000.000) 08/01 00:19:13 Image size of job updated: 1920396
	1370  -  MemoryUsage of job (MB)
	1401980  -  ResidentSetSize of job (KB)
...
006 (62114.000.000) 08/01 02:04:24 Image size of job updated: 2089032
	1370  -  MemoryUsage of job (MB)
	1401980  -  ResidentSetSize of job (KB)
...
006 (62114.000.000) 08/01 02:29:27 Image size of job updated: 2452360
	1370  -  MemoryUsage of job (MB)
	1401980  -  ResidentSetSize of job (KB)
...
006 (62114.000.000) 08/01 03:46:15 Image size of job updated: 2506880
	1370  -  MemoryUsage of job (MB)
	1401980  -  ResidentSetSize of job (KB)
...
006 (62114.000.000) 08/01 04:26:19 Image size of job updated: 2506880
	1518  -  MemoryUsage of job (MB)
	1554008  -  ResidentSetSize of job (KB)
...
006 (62114.000.000) 08/01 04:31:19 Image size of job updated: 2519240
	1518  -  MemoryUsage of job (MB)
	1554008  -  ResidentSetSize of job (KB)
...
006 (62114.000.000) 08/01 04:51:20 Image size of job updated: 2519240
	1529  -  MemoryUsage of job (MB)
	1565348  -  ResidentSetSize of job (KB)
...
006 (62114.000.000) 08/01 05:11:22 Image size of job updated: 2616972
	1529  -  MemoryUsage of job (MB)
	1565348  -  ResidentSetSize of job (KB)
...
006 (62114.000.000) 08/01 05:16:23 Image size of job updated: 2691300
	1529  -  MemoryUsage of job (MB)
	1565348  -  ResidentSetSize of job (KB)
...
006 (62114.000.000) 08/01 05:41:26 Image size of job updated: 2778248
	1529  -  MemoryUsage of job (MB)
	1565348  -  ResidentSetSize of job (KB)
...
006 (62114.000.000) 08/01 06:41:31 Image size of job updated: 2820324
	1529  -  MemoryUsage of job (MB)
	1565348  -  ResidentSetSize of job (KB)
...
006 (62114.000.000) 08/01 06:46:32 Image size of job updated: 2916232
	1529  -  MemoryUsage of job (MB)
	1565348  -  ResidentSetSize of job (KB)
...
006 (62114.000.000) 08/01 07:16:36 Image size of job updated: 3033936
	1529  -  MemoryUsage of job (MB)
	1565348  -  ResidentSetSize of job (KB)
...
006 (62114.000.000) 08/01 07:26:38 Image size of job updated: 3078000
	1529  -  MemoryUsage of job (MB)
	1565348  -  ResidentSetSize of job (KB)
...
006 (62114.000.000) 08/01 07:31:38 Image size of job updated: 3093236
	1529  -  MemoryUsage of job (MB)
	1565348  -  ResidentSetSize of job (KB)
...
006 (62114.000.000) 08/01 07:36:38 Image size of job updated: 3134436
	1529  -  MemoryUsage of job (MB)
	1565348  -  ResidentSetSize of job (KB)
...
006 (62114.000.000) 08/01 08:01:41 Image size of job updated: 3139396
	1529  -  MemoryUsage of job (MB)
	1565348  -  ResidentSetSize of job (KB)
...
006 (62114.000.000) 08/01 08:06:41 Image size of job updated: 3152104
	1529  -  MemoryUsage of job (MB)
	1565348  -  ResidentSetSize of job (KB)
...
006 (62114.000.000) 08/01 08:11:42 Image size of job updated: 3312604
	1529  -  MemoryUsage of job (MB)
	1565348  -  ResidentSetSize of job (KB)
...
006 (62114.000.000) 08/01 08:26:43 Image size of job updated: 3454388
	1529  -  MemoryUsage of job (MB)
	1565348  -  ResidentSetSize of job (KB)
...
006 (62114.000.000) 08/01 08:36:45 Image size of job updated: 3930796
	1757  -  MemoryUsage of job (MB)
	1798520  -  ResidentSetSize of job (KB)
...
006 (62114.000.000) 08/01 08:41:45 Image size of job updated: 3961952
	1794  -  MemoryUsage of job (MB)
	1836580  -  ResidentSetSize of job (KB)
...
006 (62114.000.000) 08/01 08:46:56 Image size of job updated: 3994560
	1819  -  MemoryUsage of job (MB)
	1862188  -  ResidentSetSize of job (KB)
...
006 (62114.000.000) 08/01 08:51:47 Image size of job updated: 4005592
	1819  -  MemoryUsage of job (MB)
	1862188  -  ResidentSetSize of job (KB)
...
006 (62114.000.000) 08/01 08:56:47 Image size of job updated: 4039800
	1843  -  MemoryUsage of job (MB)
	1886680  -  ResidentSetSize of job (KB)
...
006 (62114.000.000) 08/01 09:01:48 Image size of job updated: 4069360
	1893  -  MemoryUsage of job (MB)
	1937564  -  ResidentSetSize of job (KB)
...
006 (62114.000.000) 08/01 09:07:05 Image size of job updated: 4082420
	1913  -  MemoryUsage of job (MB)
	1958372  -  ResidentSetSize of job (KB)
...
006 (62114.000.000) 08/01 09:11:54 Image size of job updated: 4100484
	1946  -  MemoryUsage of job (MB)
	1992028  -  ResidentSetSize of job (KB)
...
006 (62114.000.000) 08/01 09:17:47 Image size of job updated: 4113620
	1965  -  MemoryUsage of job (MB)
	2011688  -  ResidentSetSize of job (KB)
...
006 (62114.000.000) 08/01 09:22:19 Image size of job updated: 4131472
	1993  -  MemoryUsage of job (MB)
	2039920  -  ResidentSetSize of job (KB)
...
006 (62114.000.000) 08/01 09:26:54 Image size of job updated: 4147488
	1993  -  MemoryUsage of job (MB)
	2039920  -  ResidentSetSize of job (KB)
...
006 (62114.000.000) 08/01 09:31:54 Image size of job updated: 4162384
	2012  -  MemoryUsage of job (MB)
	2059464  -  ResidentSetSize of job (KB)
...
006 (62114.000.000) 08/01 09:36:54 Image size of job updated: 4241672
	2012  -  MemoryUsage of job (MB)
	2059464  -  ResidentSetSize of job (KB)
...
006 (62114.000.000) 08/01 09:41:55 Image size of job updated: 4315048
	2012  -  MemoryUsage of job (MB)
	2059464  -  ResidentSetSize of job (KB)
...
006 (62114.000.000) 08/01 09:46:55 Image size of job updated: 4350376
	2036  -  MemoryUsage of job (MB)
	2084432  -  ResidentSetSize of job (KB)
...
005 (62114.000.000) 08/01 09:48:58 Job terminated.
	(1) Normal termination (return value 137)
		Usr 0 06:45:37, Sys 0 00:14:01  -  Run Remote Usage
		Usr 0 00:00:00, Sys 0 00:00:00  -  Run Local Usage
		Usr 0 06:45:37, Sys 0 00:14:01  -  Total Remote Usage
		Usr 0 00:00:00, Sys 0 00:00:00  -  Total Local Usage
	5214  -  Run Bytes Sent By Job
	237  -  Run Bytes Received By Job
	5214  -  Total Bytes Sent By Job
	237  -  Total Bytes Received By Job
	Partitionable Resources :    Usage  Request Allocated
	   Cpus                 :                 1         1
	   Disk (KB)            :       15        1    231479
	   Memory (MB)          :     2036     1024      1024
...
000 (63736.000.000) 08/02 10:44:28 Job submitted from host: <172.20.203.50:9618?addrs=172.20.203.50-9618+[--1]-9618&noUDP&sock=7405_cae4_4>
...
001 (63736.000.000) 08/02 10:44:48 Job executing on host: <10.194.1.8:9618?addrs=10.194.1.8-9618+[--1]-9618&noUDP&sock=37221_16ac_3>
...
006 (63736.000.000) 08/02 10:44:57 Image size of job updated: 46740
	46  -  MemoryUsage of job (MB)
	46740  -  ResidentSetSize of job (KB)
...
006 (63736.000.000) 08/02 10:49:58 Image size of job updated: 471308
	461  -  MemoryUsage of job (MB)
	471308  -  ResidentSetSize of job (KB)
...
006 (63736.000.000) 08/02 10:59:59 Image size of job updated: 573440
	560  -  MemoryUsage of job (MB)
	573440  -  ResidentSetSize of job (KB)
...
006 (63736.000.000) 08/02 11:10:00 Image size of job updated: 687188
	672  -  MemoryUsage of job (MB)
	687188  -  ResidentSetSize of job (KB)
...
006 (63736.000.000) 08/02 11:15:00 Image size of job updated: 723008
	707  -  MemoryUsage of job (MB)
	723008  -  ResidentSetSize of job (KB)
...
006 (63736.000.000) 08/02 11:20:00 Image size of job updated: 794128
	776  -  MemoryUsage of job (MB)
	794128  -  ResidentSetSize of job (KB)
...
006 (63736.000.000) 08/02 11:25:01 Image size of job updated: 794568
	776  -  MemoryUsage of job (MB)
	794568  -  ResidentSetSize of job (KB)
...
006 (63736.000.000) 08/02 11:30:02 Image size of job updated: 830076
	811  -  MemoryUsage of job (MB)
	830076  -  ResidentSetSize of job (KB)
...
006 (63736.000.000) 08/02 11:40:02 Image size of job updated: 871512
	852  -  MemoryUsage of job (MB)
	871512  -  ResidentSetSize of job (KB)
...
006 (63736.000.000) 08/02 11:45:03 Image size of job updated: 990752
	968  -  MemoryUsage of job (MB)
	990752  -  ResidentSetSize of job (KB)
...
006 (63736.000.000) 08/02 12:15:06 Image size of job updated: 1657364
	1619  -  MemoryUsage of job (MB)
	1657364  -  ResidentSetSize of job (KB)
...
006 (63736.000.000) 08/02 12:45:08 Image size of job updated: 1859464
	1816  -  MemoryUsage of job (MB)
	1859464  -  ResidentSetSize of job (KB)
...
006 (63736.000.000) 08/02 12:50:09 Image size of job updated: 1865048
	1822  -  MemoryUsage of job (MB)
	1865048  -  ResidentSetSize of job (KB)
...
006 (63736.000.000) 08/02 13:30:13 Image size of job updated: 2090516
	2042  -  MemoryUsage of job (MB)
	2090516  -  ResidentSetSize of job (KB)
...
006 (63736.000.000) 08/02 14:15:18 Image size of job updated: 2156068
	2106  -  MemoryUsage of job (MB)
	2156064  -  ResidentSetSize of job (KB)
...
006 (63736.000.000) 08/02 14:35:20 Image size of job updated: 2522908
	2464  -  MemoryUsage of job (MB)
	2522904  -  ResidentSetSize of job (KB)
...
006 (63736.000.000) 08/02 14:45:22 Image size of job updated: 2574216
	2514  -  MemoryUsage of job (MB)
	2574128  -  ResidentSetSize of job (KB)
...
006 (63736.000.000) 08/02 15:35:25 Image size of job updated: 3019016
	2514  -  MemoryUsage of job (MB)
	2574128  -  ResidentSetSize of job (KB)
...
006 (63736.000.000) 08/02 16:40:31 Image size of job updated: 3101640
	2514  -  MemoryUsage of job (MB)
	2574128  -  ResidentSetSize of job (KB)
...
006 (63736.000.000) 08/02 17:00:34 Image size of job updated: 3240372
	2514  -  MemoryUsage of job (MB)
	2574128  -  ResidentSetSize of job (KB)
...
006 (63736.000.000) 08/02 17:30:36 Image size of job updated: 3355740
	2514  -  MemoryUsage of job (MB)
	2574128  -  ResidentSetSize of job (KB)
...
006 (63736.000.000) 08/02 17:35:37 Image size of job updated: 3397912
	2514  -  MemoryUsage of job (MB)
	2574128  -  ResidentSetSize of job (KB)
...
006 (63736.000.000) 08/02 17:45:37 Image size of job updated: 3504632
	2514  -  MemoryUsage of job (MB)
	2574128  -  ResidentSetSize of job (KB)
...
006 (63736.000.000) 08/02 18:20:41 Image size of job updated: 3558396
	2514  -  MemoryUsage of job (MB)
	2574128  -  ResidentSetSize of job (KB)
...
006 (63736.000.000) 08/02 18:30:42 Image size of job updated: 3753456
	2514  -  MemoryUsage of job (MB)
	2574128  -  ResidentSetSize of job (KB)
...
006 (63736.000.000) 08/02 18:35:42 Image size of job updated: 4129228
	2662  -  MemoryUsage of job (MB)
	2724960  -  ResidentSetSize of job (KB)
...
006 (63736.000.000) 08/02 18:40:43 Image size of job updated: 4146744
	2662  -  MemoryUsage of job (MB)
	2724960  -  ResidentSetSize of job (KB)
...
006 (63736.000.000) 08/02 18:46:46 Image size of job updated: 4361088
	2766  -  MemoryUsage of job (MB)
	2831936  -  ResidentSetSize of job (KB)
...
006 (63736.000.000) 08/02 18:50:44 Image size of job updated: 4404288
	2814  -  MemoryUsage of job (MB)
	2880600  -  ResidentSetSize of job (KB)
...
006 (63736.000.000) 08/02 18:55:45 Image size of job updated: 4488856
	2923  -  MemoryUsage of job (MB)
	2992236  -  ResidentSetSize of job (KB)
...
006 (63736.000.000) 08/02 19:04:34 Image size of job updated: 4579780
	2923  -  MemoryUsage of job (MB)
	2992236  -  ResidentSetSize of job (KB)
...
006 (63736.000.000) 08/02 19:21:22 Image size of job updated: 4616992
	2923  -  MemoryUsage of job (MB)
	2992236  -  ResidentSetSize of job (KB)
...
006 (63736.000.000) 08/02 19:50:03 Image size of job updated: 4722464
	2923  -  MemoryUsage of job (MB)
	2992236  -  ResidentSetSize of job (KB)
...
006 (63736.000.000) 08/02 20:30:09 Image size of job updated: 4872908
	2923  -  MemoryUsage of job (MB)
	2992236  -  ResidentSetSize of job (KB)
...
006 (63736.000.000) 08/02 21:20:11 Image size of job updated: 5026772
	2923  -  MemoryUsage of job (MB)
	2992236  -  ResidentSetSize of job (KB)
...
006 (63736.000.000) 08/02 22:12:52 Image size of job updated: 5026904
	2923  -  MemoryUsage of job (MB)
	2992236  -  ResidentSetSize of job (KB)
...
006 (63736.000.000) 08/02 22:55:43 Image size of job updated: 5027308
	2923  -  MemoryUsage of job (MB)
	2992236  -  ResidentSetSize of job (KB)
...
022 (63736.000.000) 08/03 00:40:27 Job disconnected, attempting to reconnect
    Socket between submit and execute hosts closed unexpectedly
    Trying to reconnect to slot1_20@node008.ppe.gla.ac.uk <10.194.1.8:9618?addrs=10.194.1.8-9618+[--1]-9618&noUDP&sock=37221_16ac_3>
...
024 (63736.000.000) 08/03 01:20:27 Job reconnection failed
    Job disconnected too long: JobLeaseDuration (2400 seconds) expired
    Can not reconnect to slot1_20@node008.ppe.gla.ac.uk, rescheduling job
...
009 (63736.000.000) 08/03 10:40:43 Job was aborted by the user.
	via condor_rm (by user jnugent)
...
000 (66140.000.000) 08/10 13:31:31 Job submitted from host: <172.20.203.50:9618?addrs=172.20.203.50-9618+[--1]-9618&noUDP&sock=7405_cae4_4>
...
001 (66140.000.000) 08/10 13:31:42 Job executing on host: <10.194.1.8:9618?addrs=10.194.1.8-9618+[--1]-9618&noUDP&sock=16892_15e0_3>
...
006 (66140.000.000) 08/10 13:31:50 Image size of job updated: 48120
	47  -  MemoryUsage of job (MB)
	48120  -  ResidentSetSize of job (KB)
...
006 (66140.000.000) 08/10 13:36:50 Image size of job updated: 490524
	480  -  MemoryUsage of job (MB)
	490524  -  ResidentSetSize of job (KB)
...
006 (66140.000.000) 08/10 13:46:52 Image size of job updated: 572328
	559  -  MemoryUsage of job (MB)
	572328  -  ResidentSetSize of job (KB)
...
006 (66140.000.000) 08/10 14:06:54 Image size of job updated: 720980
	705  -  MemoryUsage of job (MB)
	720980  -  ResidentSetSize of job (KB)
...
006 (66140.000.000) 08/10 14:11:54 Image size of job updated: 993648
	971  -  MemoryUsage of job (MB)
	993648  -  ResidentSetSize of job (KB)
...
006 (66140.000.000) 08/10 14:16:55 Image size of job updated: 1081432
	1052  -  MemoryUsage of job (MB)
	1077072  -  ResidentSetSize of job (KB)
...
006 (66140.000.000) 08/10 14:36:57 Image size of job updated: 1136268
	1083  -  MemoryUsage of job (MB)
	1108020  -  ResidentSetSize of job (KB)
...
006 (66140.000.000) 08/10 15:01:58 Image size of job updated: 1171944
	1130  -  MemoryUsage of job (MB)
	1156260  -  ResidentSetSize of job (KB)
...
006 (66140.000.000) 08/10 15:12:00 Image size of job updated: 1711508
	1657  -  MemoryUsage of job (MB)
	1695892  -  ResidentSetSize of job (KB)
...
006 (66140.000.000) 08/10 15:52:03 Image size of job updated: 1847668
	1665  -  MemoryUsage of job (MB)
	1704584  -  ResidentSetSize of job (KB)
...
006 (66140.000.000) 08/10 15:57:04 Image size of job updated: 1847668
	1665  -  MemoryUsage of job (MB)
	1704588  -  ResidentSetSize of job (KB)
...
006 (66140.000.000) 08/10 16:27:07 Image size of job updated: 1863908
	1744  -  MemoryUsage of job (MB)
	1785368  -  ResidentSetSize of job (KB)
...
006 (66140.000.000) 08/10 16:32:08 Image size of job updated: 1883804
	1763  -  MemoryUsage of job (MB)
	1804892  -  ResidentSetSize of job (KB)
...
006 (66140.000.000) 08/10 16:37:09 Image size of job updated: 1961540
	1763  -  MemoryUsage of job (MB)
	1804892  -  ResidentSetSize of job (KB)
...
006 (66140.000.000) 08/10 16:42:09 Image size of job updated: 1987692
	1763  -  MemoryUsage of job (MB)
	1804892  -  ResidentSetSize of job (KB)
...
006 (66140.000.000) 08/10 17:22:13 Image size of job updated: 1993136
	1763  -  MemoryUsage of job (MB)
	1804892  -  ResidentSetSize of job (KB)
...
006 (66140.000.000) 08/10 17:32:14 Image size of job updated: 2313028
	1960  -  MemoryUsage of job (MB)
	2006152  -  ResidentSetSize of job (KB)
...
006 (66140.000.000) 08/10 17:57:18 Image size of job updated: 2862528
	1960  -  MemoryUsage of job (MB)
	2006152  -  ResidentSetSize of job (KB)
...
006 (66140.000.000) 08/10 18:02:19 Image size of job updated: 2938372
	1960  -  MemoryUsage of job (MB)
	2006152  -  ResidentSetSize of job (KB)
...
006 (66140.000.000) 08/10 18:07:18 Image size of job updated: 2992540
	1960  -  MemoryUsage of job (MB)
	2006152  -  ResidentSetSize of job (KB)
...
006 (66140.000.000) 08/10 18:12:19 Image size of job updated: 3285368
	1960  -  MemoryUsage of job (MB)
	2006152  -  ResidentSetSize of job (KB)
...
006 (66140.000.000) 08/10 18:32:21 Image size of job updated: 3285368
	2205  -  MemoryUsage of job (MB)
	2257604  -  ResidentSetSize of job (KB)
...
022 (66140.000.000) 08/10 19:44:55 Job disconnected, attempting to reconnect
    Socket between submit and execute hosts closed unexpectedly
    Trying to reconnect to slot1_20@node008.ppe.gla.ac.uk <10.194.1.8:9618?addrs=10.194.1.8-9618+[--1]-9618&noUDP&sock=16892_15e0_3>
...
024 (66140.000.000) 08/10 20:24:55 Job reconnection failed
    Job disconnected too long: JobLeaseDuration (2400 seconds) expired
    Can not reconnect to slot1_20@node008.ppe.gla.ac.uk, rescheduling job
...
001 (66140.000.000) 08/10 20:27:32 Job executing on host: <10.194.1.8:9618?addrs=10.194.1.8-9618+[--1]-9618&noUDP&sock=16892_15e0_12>
...
006 (66140.000.000) 08/11 00:23:06 Image size of job updated: 3500000
	2603  -  MemoryUsage of job (MB)
	2665248  -  ResidentSetSize of job (KB)
...
006 (66140.000.000) 08/11 00:38:07 Image size of job updated: 3500000
	2837  -  MemoryUsage of job (MB)
	2904716  -  ResidentSetSize of job (KB)
...
006 (66140.000.000) 08/11 01:53:15 Image size of job updated: 3668420
	2837  -  MemoryUsage of job (MB)
	2904716  -  ResidentSetSize of job (KB)
...
006 (66140.000.000) 08/11 01:58:15 Image size of job updated: 3982836
	2837  -  MemoryUsage of job (MB)
	2904716  -  ResidentSetSize of job (KB)
...
006 (66140.000.000) 08/11 02:03:16 Image size of job updated: 4142268
	3116  -  MemoryUsage of job (MB)
	3189864  -  ResidentSetSize of job (KB)
...
006 (66140.000.000) 08/11 02:08:17 Image size of job updated: 4275220
	3116  -  MemoryUsage of job (MB)
	3189864  -  ResidentSetSize of job (KB)
...
006 (66140.000.000) 08/11 02:13:17 Image size of job updated: 4435520
	3116  -  MemoryUsage of job (MB)
	3189864  -  ResidentSetSize of job (KB)
...
006 (66140.000.000) 08/11 02:18:17 Image size of job updated: 4616252
	3116  -  MemoryUsage of job (MB)
	3189864  -  ResidentSetSize of job (KB)
...
006 (66140.000.000) 08/11 02:23:18 Image size of job updated: 4911052
	3116  -  MemoryUsage of job (MB)
	3189864  -  ResidentSetSize of job (KB)
...
006 (66140.000.000) 08/11 02:28:18 Image size of job updated: 5233364
	3167  -  MemoryUsage of job (MB)
	3242564  -  ResidentSetSize of job (KB)
...
006 (66140.000.000) 08/11 03:06:08 Image size of job updated: 5233364
	3499  -  MemoryUsage of job (MB)
	3582232  -  ResidentSetSize of job (KB)
...
005 (66140.000.000) 08/11 10:30:36 Job terminated.
	(1) Normal termination (return value 0)
		Usr 0 10:51:06, Sys 0 00:25:44  -  Run Remote Usage
		Usr 0 00:00:00, Sys 0 00:00:00  -  Run Local Usage
		Usr 0 10:51:06, Sys 0 00:25:44  -  Total Remote Usage
		Usr 0 00:00:00, Sys 0 00:00:00  -  Total Local Usage
	4265511  -  Run Bytes Sent By Job
	237  -  Run Bytes Received By Job
	4265511  -  Total Bytes Sent By Job
	474  -  Total Bytes Received By Job
	Partitionable Resources :    Usage  Request Allocated
	   Cpus                 :                 1         1
	   Disk (KB)            :     4176       15   2980264
	   Memory (MB)          :     3499     1024      1024
...
000 (476.000.000) 08/27 11:47:41 Job submitted from host: <194.36.1.211:9618?addrs=194.36.1.211-9618+[--1]-9618&noUDP&sock=1189_2232_3>
...
009 (476.000.000) 08/27 11:48:15 Job was aborted by the user.
	via condor_rm (by user jnugent)
...
000 (66297.000.000) 08/27 11:48:36 Job submitted from host: <172.20.203.50:9618?addrs=172.20.203.50-9618+[--1]-9618&noUDP&sock=7405_cae4_4>
...
001 (66297.000.000) 08/27 11:48:57 Job executing on host: <10.194.1.81:9618?addrs=10.194.1.81-9618+[--1]-9618&noUDP&sock=1755_5ccc_3>
...
006 (66297.000.000) 08/27 11:49:05 Image size of job updated: 48124
	47  -  MemoryUsage of job (MB)
	48124  -  ResidentSetSize of job (KB)
...
006 (66297.000.000) 08/27 11:54:18 Image size of job updated: 736876
	695  -  MemoryUsage of job (MB)
	710936  -  ResidentSetSize of job (KB)
...
006 (66297.000.000) 08/27 11:59:05 Image size of job updated: 984736
	904  -  MemoryUsage of job (MB)
	924944  -  ResidentSetSize of job (KB)
...
006 (66297.000.000) 08/27 13:09:11 Image size of job updated: 1095776
	904  -  MemoryUsage of job (MB)
	924944  -  ResidentSetSize of job (KB)
...
006 (66297.000.000) 08/27 13:29:12 Image size of job updated: 1113724
	904  -  MemoryUsage of job (MB)
	924944  -  ResidentSetSize of job (KB)
...
006 (66297.000.000) 08/27 13:34:13 Image size of job updated: 1171716
	904  -  MemoryUsage of job (MB)
	924944  -  ResidentSetSize of job (KB)
...
006 (66297.000.000) 08/27 13:54:15 Image size of job updated: 1171716
	949  -  MemoryUsage of job (MB)
	970924  -  ResidentSetSize of job (KB)
...
006 (66297.000.000) 08/27 16:09:30 Image size of job updated: 1397432
	949  -  MemoryUsage of job (MB)
	970924  -  ResidentSetSize of job (KB)
...
006 (66297.000.000) 08/27 16:34:31 Image size of job updated: 1402720
	949  -  MemoryUsage of job (MB)
	970924  -  ResidentSetSize of job (KB)
...
006 (66297.000.000) 08/27 16:59:34 Image size of job updated: 1429536
	949  -  MemoryUsage of job (MB)
	970924  -  ResidentSetSize of job (KB)
...
006 (66297.000.000) 08/27 17:59:41 Image size of job updated: 1454224
	949  -  MemoryUsage of job (MB)
	970924  -  ResidentSetSize of job (KB)
...
006 (66297.000.000) 08/27 20:19:59 Image size of job updated: 1462820
	949  -  MemoryUsage of job (MB)
	970924  -  ResidentSetSize of job (KB)
...
006 (66297.000.000) 08/27 20:35:00 Image size of job updated: 1478536
	949  -  MemoryUsage of job (MB)
	970924  -  ResidentSetSize of job (KB)
...
006 (66297.000.000) 08/27 20:50:02 Image size of job updated: 1556400
	949  -  MemoryUsage of job (MB)
	970924  -  ResidentSetSize of job (KB)
...
006 (66297.000.000) 08/27 22:00:18 Image size of job updated: 1672964
	949  -  MemoryUsage of job (MB)
	970924  -  ResidentSetSize of job (KB)
...
005 (66297.000.000) 08/27 22:36:00 Job terminated.
	(1) Normal termination (return value 135)
		Usr 0 01:12:56, Sys 0 00:08:30  -  Run Remote Usage
		Usr 0 00:00:00, Sys 0 00:00:00  -  Run Local Usage
		Usr 0 01:12:56, Sys 0 00:08:30  -  Total Remote Usage
		Usr 0 00:00:00, Sys 0 00:00:00  -  Total Local Usage
	5221  -  Run Bytes Sent By Job
	237  -  Run Bytes Received By Job
	5221  -  Total Bytes Sent By Job
	237  -  Total Bytes Received By Job
	Partitionable Resources :    Usage  Request Allocated
	   Cpus                 :                 1         1
	   Disk (KB)            :       15        1   2614828
	   Memory (MB)          :      949     1024      1024
...
000 (597.000.000) 08/28 17:54:02 Job submitted from host: <194.36.1.211:9618?addrs=194.36.1.211-9618+[--1]-9618&noUDP&sock=1189_2232_3>
...
009 (597.000.000) 08/28 17:54:57 Job was aborted by the user.
	via condor_rm (by user jnugent)
...
000 (66420.000.000) 08/28 17:55:42 Job submitted from host: <172.20.203.50:9618?addrs=172.20.203.50-9618+[--1]-9618&noUDP&sock=7405_cae4_4>
...
022 (66420.000.000) 08/28 17:56:53 Job disconnected, attempting to reconnect
    Socket between submit and execute hosts closed unexpectedly
    Trying to reconnect to slot1_10@node006.ppe.gla.ac.uk <10.194.1.6:9618?addrs=10.194.1.6-9618+[--1]-9618&noUDP&sock=26470_cbfa_3>
...
024 (66420.000.000) 08/28 17:57:01 Job reconnection failed
    Job not found at execution machine
    Can not reconnect to slot1_10@node006.ppe.gla.ac.uk, rescheduling job
...
009 (66420.000.000) 08/28 17:57:01 Job was aborted by the user.
	via condor_rm (by user jnugent)
...
000 (66520.000.000) 08/28 17:59:38 Job submitted from host: <172.20.203.50:9618?addrs=172.20.203.50-9618+[--1]-9618&noUDP&sock=7405_cae4_4>
...
001 (66520.000.000) 08/28 17:59:57 Job executing on host: <10.194.1.4:9618?addrs=10.194.1.4-9618+[--1]-9618&noUDP&sock=21589_d637_3>
...
006 (66520.000.000) 08/28 18:00:06 Image size of job updated: 360636
	353  -  MemoryUsage of job (MB)
	360636  -  ResidentSetSize of job (KB)
...
006 (66520.000.000) 08/28 18:05:07 Image size of job updated: 503408
	492  -  MemoryUsage of job (MB)
	503408  -  ResidentSetSize of job (KB)
...
006 (66520.000.000) 08/28 18:15:08 Image size of job updated: 608832
	595  -  MemoryUsage of job (MB)
	608832  -  ResidentSetSize of job (KB)
...
006 (66520.000.000) 08/28 18:20:08 Image size of job updated: 633720
	619  -  MemoryUsage of job (MB)
	633720  -  ResidentSetSize of job (KB)
...
006 (66520.000.000) 08/28 18:35:09 Image size of job updated: 689072
	673  -  MemoryUsage of job (MB)
	689072  -  ResidentSetSize of job (KB)
...
006 (66520.000.000) 08/28 18:45:11 Image size of job updated: 811740
	784  -  MemoryUsage of job (MB)
	801968  -  ResidentSetSize of job (KB)
...
006 (66520.000.000) 08/28 18:55:12 Image size of job updated: 881832
	830  -  MemoryUsage of job (MB)
	849020  -  ResidentSetSize of job (KB)
...
006 (66520.000.000) 08/28 19:00:13 Image size of job updated: 881832
	830  -  MemoryUsage of job (MB)
	849028  -  ResidentSetSize of job (KB)
...
006 (66520.000.000) 08/28 19:10:13 Image size of job updated: 936612
	892  -  MemoryUsage of job (MB)
	912812  -  ResidentSetSize of job (KB)
...
006 (66520.000.000) 08/28 19:15:14 Image size of job updated: 982008
	892  -  MemoryUsage of job (MB)
	912812  -  ResidentSetSize of job (KB)
...
006 (66520.000.000) 08/28 19:25:14 Image size of job updated: 1208880
	1001  -  MemoryUsage of job (MB)
	1024216  -  ResidentSetSize of job (KB)
...
006 (66520.000.000) 08/28 19:35:16 Image size of job updated: 1283880
	1001  -  MemoryUsage of job (MB)
	1024216  -  ResidentSetSize of job (KB)
...
006 (66520.000.000) 08/28 20:05:18 Image size of job updated: 1398792
	1070  -  MemoryUsage of job (MB)
	1095252  -  ResidentSetSize of job (KB)
...
006 (66520.000.000) 08/28 20:20:19 Image size of job updated: 1406504
	1070  -  MemoryUsage of job (MB)
	1095252  -  ResidentSetSize of job (KB)
...
006 (66520.000.000) 08/28 20:25:20 Image size of job updated: 1458828
	1070  -  MemoryUsage of job (MB)
	1095252  -  ResidentSetSize of job (KB)
...
006 (66520.000.000) 08/28 20:50:22 Image size of job updated: 1504864
	1070  -  MemoryUsage of job (MB)
	1095252  -  ResidentSetSize of job (KB)
...
006 (66520.000.000) 08/28 21:00:23 Image size of job updated: 1663956
	1070  -  MemoryUsage of job (MB)
	1095252  -  ResidentSetSize of job (KB)
...
006 (66520.000.000) 08/28 21:25:25 Image size of job updated: 1664064
	1070  -  MemoryUsage of job (MB)
	1095252  -  ResidentSetSize of job (KB)
...
006 (66520.000.000) 08/28 21:30:25 Image size of job updated: 1700076
	1070  -  MemoryUsage of job (MB)
	1095252  -  ResidentSetSize of job (KB)
...
006 (66520.000.000) 08/28 21:40:27 Image size of job updated: 1781364
	1070  -  MemoryUsage of job (MB)
	1095252  -  ResidentSetSize of job (KB)
...
006 (66520.000.000) 08/28 22:00:29 Image size of job updated: 1918820
	1070  -  MemoryUsage of job (MB)
	1095252  -  ResidentSetSize of job (KB)
...
006 (66520.000.000) 08/28 22:10:30 Image size of job updated: 1935496
	1070  -  MemoryUsage of job (MB)
	1095252  -  ResidentSetSize of job (KB)
...
006 (66520.000.000) 08/28 22:15:31 Image size of job updated: 2110324
	1070  -  MemoryUsage of job (MB)
	1095252  -  ResidentSetSize of job (KB)
...
006 (66520.000.000) 08/28 22:20:31 Image size of job updated: 2148448
	1070  -  MemoryUsage of job (MB)
	1095252  -  ResidentSetSize of job (KB)
...
006 (66520.000.000) 08/28 22:25:31 Image size of job updated: 2149344
	1070  -  MemoryUsage of job (MB)
	1095252  -  ResidentSetSize of job (KB)
...
006 (66520.000.000) 08/28 22:30:32 Image size of job updated: 2188048
	1070  -  MemoryUsage of job (MB)
	1095252  -  ResidentSetSize of job (KB)
...
006 (66520.000.000) 08/28 22:35:32 Image size of job updated: 2225800
	1070  -  MemoryUsage of job (MB)
	1095252  -  ResidentSetSize of job (KB)
...
006 (66520.000.000) 08/28 22:40:32 Image size of job updated: 2236904
	1070  -  MemoryUsage of job (MB)
	1095252  -  ResidentSetSize of job (KB)
...
006 (66520.000.000) 08/28 22:45:33 Image size of job updated: 2250116
	1070  -  MemoryUsage of job (MB)
	1095252  -  ResidentSetSize of job (KB)
...
006 (66520.000.000) 08/28 22:50:34 Image size of job updated: 2287780
	1070  -  MemoryUsage of job (MB)
	1095252  -  ResidentSetSize of job (KB)
...
006 (66520.000.000) 08/28 22:55:34 Image size of job updated: 2291844
	1070  -  MemoryUsage of job (MB)
	1095252  -  ResidentSetSize of job (KB)
...
006 (66520.000.000) 08/28 23:00:34 Image size of job updated: 2316832
	1070  -  MemoryUsage of job (MB)
	1095252  -  ResidentSetSize of job (KB)
...
006 (66520.000.000) 08/28 23:05:36 Image size of job updated: 2350356
	1070  -  MemoryUsage of job (MB)
	1095252  -  ResidentSetSize of job (KB)
...
006 (66520.000.000) 08/28 23:10:36 Image size of job updated: 2391284
	1105  -  MemoryUsage of job (MB)
	1130992  -  ResidentSetSize of job (KB)
...
006 (66520.000.000) 08/28 23:15:36 Image size of job updated: 2435852
	1192  -  MemoryUsage of job (MB)
	1220048  -  ResidentSetSize of job (KB)
...
006 (66520.000.000) 08/28 23:20:37 Image size of job updated: 2589112
	1400  -  MemoryUsage of job (MB)
	1432648  -  ResidentSetSize of job (KB)
...
006 (66520.000.000) 08/28 23:25:38 Image size of job updated: 2695932
	1400  -  MemoryUsage of job (MB)
	1432648  -  ResidentSetSize of job (KB)
...
006 (66520.000.000) 08/28 23:30:38 Image size of job updated: 2738352
	1400  -  MemoryUsage of job (MB)
	1432648  -  ResidentSetSize of job (KB)
...
006 (66520.000.000) 08/28 23:55:40 Image size of job updated: 2738352
	1476  -  MemoryUsage of job (MB)
	1510896  -  ResidentSetSize of job (KB)
...
006 (66520.000.000) 08/29 00:00:41 Image size of job updated: 2738352
	1602  -  MemoryUsage of job (MB)
	1639920  -  ResidentSetSize of job (KB)
...
006 (66520.000.000) 08/29 02:10:56 Image size of job updated: 3057644
	1602  -  MemoryUsage of job (MB)
	1639920  -  ResidentSetSize of job (KB)
...
006 (66520.000.000) 08/29 02:40:58 Image size of job updated: 3480756
	1602  -  MemoryUsage of job (MB)
	1639920  -  ResidentSetSize of job (KB)
...
006 (66520.000.000) 08/29 03:31:03 Image size of job updated: 3789752
	1771  -  MemoryUsage of job (MB)
	1812692  -  ResidentSetSize of job (KB)
...
006 (66520.000.000) 08/29 04:21:08 Image size of job updated: 3963068
	1771  -  MemoryUsage of job (MB)
	1812692  -  ResidentSetSize of job (KB)
...
006 (66520.000.000) 08/29 05:16:14 Image size of job updated: 4032968
	1771  -  MemoryUsage of job (MB)
	1812692  -  ResidentSetSize of job (KB)
...
006 (66520.000.000) 08/29 05:26:15 Image size of job updated: 4069584
	1771  -  MemoryUsage of job (MB)
	1812692  -  ResidentSetSize of job (KB)
...
006 (66520.000.000) 08/29 05:41:17 Image size of job updated: 4572640
	1908  -  MemoryUsage of job (MB)
	1953228  -  ResidentSetSize of job (KB)
...
006 (66520.000.000) 08/29 05:47:02 Image size of job updated: 4660028
	1908  -  MemoryUsage of job (MB)
	1953228  -  ResidentSetSize of job (KB)
...
005 (66520.000.000) 08/29 05:47:04 Job terminated.
	(1) Normal termination (return value 137)
		Usr 0 08:20:38, Sys 0 00:18:55  -  Run Remote Usage
		Usr 0 00:00:00, Sys 0 00:00:00  -  Run Local Usage
		Usr 0 08:20:38, Sys 0 00:18:55  -  Total Remote Usage
		Usr 0 00:00:00, Sys 0 00:00:00  -  Total Local Usage
	156401  -  Run Bytes Sent By Job
	237  -  Run Bytes Received By Job
	156401  -  Total Bytes Sent By Job
	237  -  Total Bytes Received By Job
	Partitionable Resources :    Usage  Request Allocated
	   Cpus                 :                 1         1
	   Disk (KB)            :      163        1   4187667
	   Memory (MB)          :     1908     1024      1024
...
