000 (60055.000.000) 07/31 10:18:17 Job submitted from host: <172.20.203.50:9618?addrs=172.20.203.50-9618+[--1]-9618&noUDP&sock=7405_cae4_4>
...
001 (60055.000.000) 07/31 10:18:19 Job executing on host: <10.194.1.6:9618?addrs=10.194.1.6-9618+[--1]-9618&noUDP&sock=1628_4045_3>
...
006 (60055.000.000) 07/31 10:18:28 Image size of job updated: 80996
	50  -  MemoryUsage of job (MB)
	50796  -  ResidentSetSize of job (KB)
...
006 (60055.000.000) 07/31 10:23:29 Image size of job updated: 407460
	369  -  MemoryUsage of job (MB)
	376860  -  ResidentSetSize of job (KB)
...
006 (60055.000.000) 07/31 10:28:29 Image size of job updated: 565148
	523  -  MemoryUsage of job (MB)
	534548  -  ResidentSetSize of job (KB)
...
004 (60055.000.000) 07/31 10:29:18 Job was evicted.
	(0) Job was not checkpointed.
		Usr 0 00:09:55, Sys 0 00:00:18  -  Run Remote Usage
		Usr 0 00:00:00, Sys 0 00:00:00  -  Run Local Usage
	0  -  Run Bytes Sent By Job
	223  -  Run Bytes Received By Job
	Partitionable Resources :    Usage  Request Allocated
	   Cpus                 :                 1         1
	   Disk (KB)            :       15        1    246565
	   Memory (MB)          :      523     1024      1024
...
009 (60055.000.000) 07/31 10:29:18 Job was aborted by the user.
	via condor_rm (by user jnugent)
...
000 (60155.000.000) 07/31 10:29:57 Job submitted from host: <172.20.203.50:9618?addrs=172.20.203.50-9618+[--1]-9618&noUDP&sock=7405_cae4_4>
...
001 (60155.000.000) 07/31 10:29:59 Job executing on host: <10.194.1.6:9618?addrs=10.194.1.6-9618+[--1]-9618&noUDP&sock=1628_4045_3>
...
006 (60155.000.000) 07/31 10:30:07 Image size of job updated: 364524
	327  -  MemoryUsage of job (MB)
	333924  -  ResidentSetSize of job (KB)
...
006 (60155.000.000) 07/31 10:35:07 Image size of job updated: 671224
	626  -  MemoryUsage of job (MB)
	640620  -  ResidentSetSize of job (KB)
...
006 (60155.000.000) 07/31 10:45:08 Image size of job updated: 782864
	735  -  MemoryUsage of job (MB)
	752260  -  ResidentSetSize of job (KB)
...
006 (60155.000.000) 07/31 10:55:08 Image size of job updated: 1107936
	1053  -  MemoryUsage of job (MB)
	1077332  -  ResidentSetSize of job (KB)
...
006 (60155.000.000) 07/31 11:00:09 Image size of job updated: 1107936
	1053  -  MemoryUsage of job (MB)
	1077340  -  ResidentSetSize of job (KB)
...
006 (60155.000.000) 07/31 11:20:11 Image size of job updated: 1110064
	1053  -  MemoryUsage of job (MB)
	1077340  -  ResidentSetSize of job (KB)
...
006 (60155.000.000) 07/31 11:30:12 Image size of job updated: 1146648
	1053  -  MemoryUsage of job (MB)
	1077340  -  ResidentSetSize of job (KB)
...
006 (60155.000.000) 07/31 11:35:13 Image size of job updated: 1196224
	1053  -  MemoryUsage of job (MB)
	1077340  -  ResidentSetSize of job (KB)
...
006 (60155.000.000) 07/31 11:40:14 Image size of job updated: 1247136
	1053  -  MemoryUsage of job (MB)
	1077340  -  ResidentSetSize of job (KB)
...
006 (60155.000.000) 07/31 11:45:14 Image size of job updated: 1907504
	1784  -  MemoryUsage of job (MB)
	1826576  -  ResidentSetSize of job (KB)
...
006 (60155.000.000) 07/31 12:20:18 Image size of job updated: 2193812
	2039  -  MemoryUsage of job (MB)
	2087776  -  ResidentSetSize of job (KB)
...
006 (60155.000.000) 07/31 12:30:19 Image size of job updated: 2356860
	2186  -  MemoryUsage of job (MB)
	2238200  -  ResidentSetSize of job (KB)
...
006 (60155.000.000) 07/31 13:05:23 Image size of job updated: 2672484
	2522  -  MemoryUsage of job (MB)
	2582380  -  ResidentSetSize of job (KB)
...
004 (60155.000.000) 07/31 13:10:16 Job was evicted.
	(0) Job was not checkpointed.
		Usr 0 02:30:20, Sys 0 00:05:42  -  Run Remote Usage
		Usr 0 00:00:00, Sys 0 00:00:00  -  Run Local Usage
	0  -  Run Bytes Sent By Job
	223  -  Run Bytes Received By Job
	Partitionable Resources :    Usage  Request Allocated
	   Cpus                 :                 2         2
	   Disk (KB)            :       25        1    246565
	   Memory (MB)          :     2522     4096      4096
...
009 (60155.000.000) 07/31 13:10:16 Job was aborted by the user.
	via condor_rm (by user jnugent)
...
000 (60263.000.000) 07/31 13:11:08 Job submitted from host: <172.20.203.50:9618?addrs=172.20.203.50-9618+[--1]-9618&noUDP&sock=7405_cae4_4>
...
001 (60263.000.000) 07/31 13:11:14 Job executing on host: <10.194.1.6:9618?addrs=10.194.1.6-9618+[--1]-9618&noUDP&sock=1628_4045_3>
...
006 (60263.000.000) 07/31 13:11:22 Image size of job updated: 76928
	50  -  MemoryUsage of job (MB)
	50516  -  ResidentSetSize of job (KB)
...
006 (60263.000.000) 07/31 13:16:22 Image size of job updated: 327044
	294  -  MemoryUsage of job (MB)
	300252  -  ResidentSetSize of job (KB)
...
006 (60263.000.000) 07/31 13:21:22 Image size of job updated: 417152
	382  -  MemoryUsage of job (MB)
	390360  -  ResidentSetSize of job (KB)
...
006 (60263.000.000) 07/31 13:26:24 Image size of job updated: 591084
	552  -  MemoryUsage of job (MB)
	564292  -  ResidentSetSize of job (KB)
...
006 (60263.000.000) 07/31 13:31:24 Image size of job updated: 801460
	757  -  MemoryUsage of job (MB)
	774668  -  ResidentSetSize of job (KB)
...
006 (60263.000.000) 07/31 13:36:25 Image size of job updated: 905400
	857  -  MemoryUsage of job (MB)
	877388  -  ResidentSetSize of job (KB)
...
006 (60263.000.000) 07/31 13:41:26 Image size of job updated: 961820
	910  -  MemoryUsage of job (MB)
	931604  -  ResidentSetSize of job (KB)
...
006 (60263.000.000) 07/31 13:46:27 Image size of job updated: 1139036
	1083  -  MemoryUsage of job (MB)
	1108820  -  ResidentSetSize of job (KB)
...
006 (60263.000.000) 07/31 14:01:28 Image size of job updated: 1281184
	1219  -  MemoryUsage of job (MB)
	1247392  -  ResidentSetSize of job (KB)
...
006 (60263.000.000) 07/31 14:06:29 Image size of job updated: 1283824
	1220  -  MemoryUsage of job (MB)
	1249132  -  ResidentSetSize of job (KB)
...
006 (60263.000.000) 07/31 14:11:29 Image size of job updated: 1504780
	1434  -  MemoryUsage of job (MB)
	1467832  -  ResidentSetSize of job (KB)
...
006 (60263.000.000) 07/31 14:16:30 Image size of job updated: 1620736
	1546  -  MemoryUsage of job (MB)
	1582440  -  ResidentSetSize of job (KB)
...
006 (60263.000.000) 07/31 14:31:31 Image size of job updated: 1645420
	1566  -  MemoryUsage of job (MB)
	1602964  -  ResidentSetSize of job (KB)
...
006 (60263.000.000) 07/31 14:36:32 Image size of job updated: 2056660
	1963  -  MemoryUsage of job (MB)
	2010044  -  ResidentSetSize of job (KB)
...
006 (60263.000.000) 07/31 14:51:33 Image size of job updated: 2120620
	2024  -  MemoryUsage of job (MB)
	2071668  -  ResidentSetSize of job (KB)
...
006 (60263.000.000) 07/31 14:56:34 Image size of job updated: 2402144
	2296  -  MemoryUsage of job (MB)
	2350824  -  ResidentSetSize of job (KB)
...
006 (60263.000.000) 07/31 15:01:34 Image size of job updated: 2402144
	2296  -  MemoryUsage of job (MB)
	2350832  -  ResidentSetSize of job (KB)
...
006 (60263.000.000) 07/31 15:41:38 Image size of job updated: 2996948
	2899  -  MemoryUsage of job (MB)
	2967588  -  ResidentSetSize of job (KB)
...
006 (60263.000.000) 07/31 16:06:41 Image size of job updated: 3234560
	3127  -  MemoryUsage of job (MB)
	3201332  -  ResidentSetSize of job (KB)
...
006 (60263.000.000) 07/31 16:31:43 Image size of job updated: 3567504
	3413  -  MemoryUsage of job (MB)
	3494736  -  ResidentSetSize of job (KB)
...
006 (60263.000.000) 07/31 16:56:46 Image size of job updated: 3617212
	3437  -  MemoryUsage of job (MB)
	3519328  -  ResidentSetSize of job (KB)
...
006 (60263.000.000) 07/31 17:01:47 Image size of job updated: 4189036
	4037  -  MemoryUsage of job (MB)
	4133052  -  ResidentSetSize of job (KB)
...
006 (60263.000.000) 07/31 17:06:48 Image size of job updated: 4189036
	4038  -  MemoryUsage of job (MB)
	4134748  -  ResidentSetSize of job (KB)
...
004 (60263.000.000) 07/31 20:07:16 Job was evicted.
	(0) Job was not checkpointed.
		Usr 0 06:19:39, Sys 0 00:20:52  -  Run Remote Usage
		Usr 0 00:00:00, Sys 0 00:00:00  -  Run Local Usage
	0  -  Run Bytes Sent By Job
	223  -  Run Bytes Received By Job
	Partitionable Resources :    Usage  Request Allocated
	   Cpus                 :                 2         2
	   Disk (KB)            :     1032        1    246565
	   Memory (MB)          :     4038    40960     40960
...
009 (60263.000.000) 07/31 20:07:16 Job was aborted by the user.
	via condor_rm (by user jnugent)
...
000 (62058.000.000) 07/31 20:08:35 Job submitted from host: <172.20.203.50:9618?addrs=172.20.203.50-9618+[--1]-9618&noUDP&sock=7405_cae4_4>
...
001 (62058.000.000) 07/31 20:25:42 Job executing on host: <10.194.1.6:9618?addrs=10.194.1.6-9618+[--1]-9618&noUDP&sock=1628_4045_3>
...
006 (62058.000.000) 07/31 20:25:50 Image size of job updated: 54216
	47  -  MemoryUsage of job (MB)
	48044  -  ResidentSetSize of job (KB)
...
006 (62058.000.000) 07/31 20:30:50 Image size of job updated: 367036
	353  -  MemoryUsage of job (MB)
	360644  -  ResidentSetSize of job (KB)
...
006 (62058.000.000) 07/31 20:40:51 Image size of job updated: 536284
	505  -  MemoryUsage of job (MB)
	516144  -  ResidentSetSize of job (KB)
...
006 (62058.000.000) 07/31 20:45:51 Image size of job updated: 615808
	505  -  MemoryUsage of job (MB)
	516144  -  ResidentSetSize of job (KB)
...
006 (62058.000.000) 07/31 20:55:52 Image size of job updated: 681492
	518  -  MemoryUsage of job (MB)
	529852  -  ResidentSetSize of job (KB)
...
006 (62058.000.000) 07/31 21:00:53 Image size of job updated: 681492
	588  -  MemoryUsage of job (MB)
	601864  -  ResidentSetSize of job (KB)
...
006 (62058.000.000) 07/31 21:05:53 Image size of job updated: 693328
	610  -  MemoryUsage of job (MB)
	623936  -  ResidentSetSize of job (KB)
...
006 (62058.000.000) 07/31 21:10:53 Image size of job updated: 726736
	610  -  MemoryUsage of job (MB)
	623936  -  ResidentSetSize of job (KB)
...
006 (62058.000.000) 07/31 21:15:54 Image size of job updated: 759600
	610  -  MemoryUsage of job (MB)
	623936  -  ResidentSetSize of job (KB)
...
006 (62058.000.000) 07/31 21:20:54 Image size of job updated: 862636
	649  -  MemoryUsage of job (MB)
	664544  -  ResidentSetSize of job (KB)
...
006 (62058.000.000) 07/31 21:30:55 Image size of job updated: 943972
	745  -  MemoryUsage of job (MB)
	762100  -  ResidentSetSize of job (KB)
...
006 (62058.000.000) 07/31 21:35:56 Image size of job updated: 943972
	769  -  MemoryUsage of job (MB)
	786864  -  ResidentSetSize of job (KB)
...
006 (62058.000.000) 07/31 21:50:58 Image size of job updated: 946120
	769  -  MemoryUsage of job (MB)
	786864  -  ResidentSetSize of job (KB)
...
006 (62058.000.000) 07/31 21:55:58 Image size of job updated: 998996
	769  -  MemoryUsage of job (MB)
	786864  -  ResidentSetSize of job (KB)
...
006 (62058.000.000) 07/31 22:00:58 Image size of job updated: 1010076
	769  -  MemoryUsage of job (MB)
	786864  -  ResidentSetSize of job (KB)
...
006 (62058.000.000) 07/31 22:11:00 Image size of job updated: 1377544
	873  -  MemoryUsage of job (MB)
	892960  -  ResidentSetSize of job (KB)
...
006 (62058.000.000) 07/31 22:16:01 Image size of job updated: 1622524
	873  -  MemoryUsage of job (MB)
	892960  -  ResidentSetSize of job (KB)
...
006 (62058.000.000) 07/31 22:46:03 Image size of job updated: 1645288
	873  -  MemoryUsage of job (MB)
	892960  -  ResidentSetSize of job (KB)
...
006 (62058.000.000) 07/31 22:51:04 Image size of job updated: 1784288
	873  -  MemoryUsage of job (MB)
	892960  -  ResidentSetSize of job (KB)
...
006 (62058.000.000) 07/31 23:11:06 Image size of job updated: 1784288
	887  -  MemoryUsage of job (MB)
	907648  -  ResidentSetSize of job (KB)
...
006 (62058.000.000) 07/31 23:16:07 Image size of job updated: 1784288
	946  -  MemoryUsage of job (MB)
	968692  -  ResidentSetSize of job (KB)
...
006 (62058.000.000) 07/31 23:21:07 Image size of job updated: 1843212
	1320  -  MemoryUsage of job (MB)
	1350840  -  ResidentSetSize of job (KB)
...
006 (62058.000.000) 07/31 23:51:11 Image size of job updated: 1918744
	1320  -  MemoryUsage of job (MB)
	1350840  -  ResidentSetSize of job (KB)
...
006 (62058.000.000) 08/01 00:06:12 Image size of job updated: 1944144
	1320  -  MemoryUsage of job (MB)
	1350840  -  ResidentSetSize of job (KB)
...
006 (62058.000.000) 08/01 00:46:16 Image size of job updated: 2139812
	1320  -  MemoryUsage of job (MB)
	1350840  -  ResidentSetSize of job (KB)
...
006 (62058.000.000) 08/01 00:51:16 Image size of job updated: 2284040
	1320  -  MemoryUsage of job (MB)
	1350840  -  ResidentSetSize of job (KB)
...
006 (62058.000.000) 08/01 00:56:17 Image size of job updated: 2334068
	1320  -  MemoryUsage of job (MB)
	1350840  -  ResidentSetSize of job (KB)
...
006 (62058.000.000) 08/01 01:06:18 Image size of job updated: 2473544
	1320  -  MemoryUsage of job (MB)
	1350840  -  ResidentSetSize of job (KB)
...
006 (62058.000.000) 08/01 01:46:21 Image size of job updated: 2473544
	1529  -  MemoryUsage of job (MB)
	1565688  -  ResidentSetSize of job (KB)
...
006 (62058.000.000) 08/01 01:51:22 Image size of job updated: 2473544
	1829  -  MemoryUsage of job (MB)
	1872216  -  ResidentSetSize of job (KB)
...
006 (62058.000.000) 08/01 02:01:23 Image size of job updated: 2571044
	1829  -  MemoryUsage of job (MB)
	1872216  -  ResidentSetSize of job (KB)
...
006 (62058.000.000) 08/01 02:06:23 Image size of job updated: 2615952
	1829  -  MemoryUsage of job (MB)
	1872216  -  ResidentSetSize of job (KB)
...
006 (62058.000.000) 08/01 02:21:24 Image size of job updated: 2684320
	1829  -  MemoryUsage of job (MB)
	1872216  -  ResidentSetSize of job (KB)
...
006 (62058.000.000) 08/01 02:31:25 Image size of job updated: 2685656
	1829  -  MemoryUsage of job (MB)
	1872216  -  ResidentSetSize of job (KB)
...
006 (62058.000.000) 08/01 02:41:26 Image size of job updated: 2738812
	1829  -  MemoryUsage of job (MB)
	1872216  -  ResidentSetSize of job (KB)
...
006 (62058.000.000) 08/01 04:01:33 Image size of job updated: 2802488
	1829  -  MemoryUsage of job (MB)
	1872216  -  ResidentSetSize of job (KB)
...
006 (62058.000.000) 08/01 04:16:35 Image size of job updated: 3073996
	1829  -  MemoryUsage of job (MB)
	1872216  -  ResidentSetSize of job (KB)
...
006 (62058.000.000) 08/01 04:41:37 Image size of job updated: 3227436
	1829  -  MemoryUsage of job (MB)
	1872216  -  ResidentSetSize of job (KB)
...
006 (62058.000.000) 08/01 04:46:38 Image size of job updated: 3248152
	1829  -  MemoryUsage of job (MB)
	1872216  -  ResidentSetSize of job (KB)
...
006 (62058.000.000) 08/01 05:11:41 Image size of job updated: 3301260
	1829  -  MemoryUsage of job (MB)
	1872216  -  ResidentSetSize of job (KB)
...
006 (62058.000.000) 08/01 05:31:43 Image size of job updated: 3434284
	1829  -  MemoryUsage of job (MB)
	1872216  -  ResidentSetSize of job (KB)
...
006 (62058.000.000) 08/01 05:41:45 Image size of job updated: 3933912
	1829  -  MemoryUsage of job (MB)
	1872216  -  ResidentSetSize of job (KB)
...
006 (62058.000.000) 08/01 05:46:45 Image size of job updated: 4007336
	1829  -  MemoryUsage of job (MB)
	1872216  -  ResidentSetSize of job (KB)
...
006 (62058.000.000) 08/01 05:51:45 Image size of job updated: 4095156
	1829  -  MemoryUsage of job (MB)
	1872216  -  ResidentSetSize of job (KB)
...
006 (62058.000.000) 08/01 05:56:46 Image size of job updated: 4138504
	1829  -  MemoryUsage of job (MB)
	1872216  -  ResidentSetSize of job (KB)
...
006 (62058.000.000) 08/01 06:01:47 Image size of job updated: 4235292
	1829  -  MemoryUsage of job (MB)
	1872216  -  ResidentSetSize of job (KB)
...
006 (62058.000.000) 08/01 06:06:47 Image size of job updated: 4331964
	1829  -  MemoryUsage of job (MB)
	1872216  -  ResidentSetSize of job (KB)
...
006 (62058.000.000) 08/01 06:11:48 Image size of job updated: 4402276
	1829  -  MemoryUsage of job (MB)
	1872216  -  ResidentSetSize of job (KB)
...
006 (62058.000.000) 08/01 06:16:49 Image size of job updated: 4497616
	1829  -  MemoryUsage of job (MB)
	1872216  -  ResidentSetSize of job (KB)
...
006 (62058.000.000) 08/01 06:21:49 Image size of job updated: 4550644
	1829  -  MemoryUsage of job (MB)
	1872216  -  ResidentSetSize of job (KB)
...
006 (62058.000.000) 08/01 06:26:50 Image size of job updated: 4638280
	1889  -  MemoryUsage of job (MB)
	1933500  -  ResidentSetSize of job (KB)
...
006 (62058.000.000) 08/01 06:31:51 Image size of job updated: 4680784
	1889  -  MemoryUsage of job (MB)
	1933532  -  ResidentSetSize of job (KB)
...
006 (62058.000.000) 08/01 06:41:51 Image size of job updated: 4793788
	2088  -  MemoryUsage of job (MB)
	2137100  -  ResidentSetSize of job (KB)
...
006 (62058.000.000) 08/01 06:49:06 Image size of job updated: 4859860
	2104  -  MemoryUsage of job (MB)
	2153800  -  ResidentSetSize of job (KB)
...
006 (62058.000.000) 08/01 06:55:50 Image size of job updated: 4900320
	2104  -  MemoryUsage of job (MB)
	2153856  -  ResidentSetSize of job (KB)
...
006 (62058.000.000) 08/01 07:01:14 Image size of job updated: 4929364
	2104  -  MemoryUsage of job (MB)
	2154012  -  ResidentSetSize of job (KB)
...
006 (62058.000.000) 08/01 07:06:14 Image size of job updated: 4929364
	2133  -  MemoryUsage of job (MB)
	2183296  -  ResidentSetSize of job (KB)
...
006 (62058.000.000) 08/01 07:16:15 Image size of job updated: 4929364
	2138  -  MemoryUsage of job (MB)
	2189136  -  ResidentSetSize of job (KB)
...
006 (62058.000.000) 08/01 07:21:16 Image size of job updated: 4929364
	2183  -  MemoryUsage of job (MB)
	2235368  -  ResidentSetSize of job (KB)
...
006 (62058.000.000) 08/01 07:26:16 Image size of job updated: 4929364
	2214  -  MemoryUsage of job (MB)
	2266496  -  ResidentSetSize of job (KB)
...
006 (62058.000.000) 08/01 07:31:16 Image size of job updated: 4929364
	2235  -  MemoryUsage of job (MB)
	2288584  -  ResidentSetSize of job (KB)
...
006 (62058.000.000) 08/01 07:36:17 Image size of job updated: 4929364
	2245  -  MemoryUsage of job (MB)
	2298068  -  ResidentSetSize of job (KB)
...
006 (62058.000.000) 08/01 07:41:18 Image size of job updated: 4929364
	2246  -  MemoryUsage of job (MB)
	2299116  -  ResidentSetSize of job (KB)
...
006 (62058.000.000) 08/01 07:50:36 Image size of job updated: 4930072
	2287  -  MemoryUsage of job (MB)
	2341232  -  ResidentSetSize of job (KB)
...
006 (62058.000.000) 08/01 08:03:31 Image size of job updated: 4930072
	2287  -  MemoryUsage of job (MB)
	2341248  -  ResidentSetSize of job (KB)
...
006 (62058.000.000) 08/01 08:25:05 Image size of job updated: 4930072
	2306  -  MemoryUsage of job (MB)
	2361164  -  ResidentSetSize of job (KB)
...
006 (62058.000.000) 08/01 08:30:05 Image size of job updated: 4930072
	2488  -  MemoryUsage of job (MB)
	2547188  -  ResidentSetSize of job (KB)
...
004 (62058.000.000) 08/01 10:14:39 Job was evicted.
	(0) Job was not checkpointed.
		Usr 0 06:57:16, Sys 0 00:16:31  -  Run Remote Usage
		Usr 0 00:00:00, Sys 0 00:00:00  -  Run Local Usage
	0  -  Run Bytes Sent By Job
	223  -  Run Bytes Received By Job
	Partitionable Resources :    Usage  Request Allocated
	   Cpus                 :                 1         1
	   Disk (KB)            :       29        1    246565
	   Memory (MB)          :     2488     1024      1024
...
009 (62058.000.000) 08/01 10:14:40 Job was aborted by the user.
	via condor_rm (by user jnugent)
...
000 (63680.000.000) 08/02 10:44:24 Job submitted from host: <172.20.203.50:9618?addrs=172.20.203.50-9618+[--1]-9618&noUDP&sock=7405_cae4_4>
...
001 (63680.000.000) 08/02 10:44:25 Job executing on host: <10.194.1.6:9618?addrs=10.194.1.6-9618+[--1]-9618&noUDP&sock=26470_cbfa_3>
...
006 (63680.000.000) 08/02 10:44:34 Image size of job updated: 36060
	36  -  MemoryUsage of job (MB)
	36060  -  ResidentSetSize of job (KB)
...
006 (63680.000.000) 08/02 10:49:35 Image size of job updated: 364956
	357  -  MemoryUsage of job (MB)
	364956  -  ResidentSetSize of job (KB)
...
006 (63680.000.000) 08/02 10:54:35 Image size of job updated: 486652
	476  -  MemoryUsage of job (MB)
	486652  -  ResidentSetSize of job (KB)
...
006 (63680.000.000) 08/02 11:09:37 Image size of job updated: 680620
	665  -  MemoryUsage of job (MB)
	680620  -  ResidentSetSize of job (KB)
...
006 (63680.000.000) 08/02 11:14:37 Image size of job updated: 682504
	665  -  MemoryUsage of job (MB)
	680620  -  ResidentSetSize of job (KB)
...
006 (63680.000.000) 08/02 11:24:38 Image size of job updated: 706964
	665  -  MemoryUsage of job (MB)
	680620  -  ResidentSetSize of job (KB)
...
006 (63680.000.000) 08/02 11:29:39 Image size of job updated: 734856
	665  -  MemoryUsage of job (MB)
	680620  -  ResidentSetSize of job (KB)
...
006 (63680.000.000) 08/02 11:39:40 Image size of job updated: 900172
	670  -  MemoryUsage of job (MB)
	685156  -  ResidentSetSize of job (KB)
...
006 (63680.000.000) 08/02 11:44:40 Image size of job updated: 900172
	704  -  MemoryUsage of job (MB)
	719896  -  ResidentSetSize of job (KB)
...
006 (63680.000.000) 08/02 11:49:41 Image size of job updated: 900172
	720  -  MemoryUsage of job (MB)
	737216  -  ResidentSetSize of job (KB)
...
006 (63680.000.000) 08/02 11:54:42 Image size of job updated: 900172
	795  -  MemoryUsage of job (MB)
	813124  -  ResidentSetSize of job (KB)
...
006 (63680.000.000) 08/02 12:09:43 Image size of job updated: 1045200
	795  -  MemoryUsage of job (MB)
	813124  -  ResidentSetSize of job (KB)
...
006 (63680.000.000) 08/02 12:29:45 Image size of job updated: 1439200
	795  -  MemoryUsage of job (MB)
	813124  -  ResidentSetSize of job (KB)
...
006 (63680.000.000) 08/02 12:34:46 Image size of job updated: 1628664
	946  -  MemoryUsage of job (MB)
	968208  -  ResidentSetSize of job (KB)
...
006 (63680.000.000) 08/02 12:44:46 Image size of job updated: 1673468
	946  -  MemoryUsage of job (MB)
	968208  -  ResidentSetSize of job (KB)
...
006 (63680.000.000) 08/02 12:54:47 Image size of job updated: 1721244
	946  -  MemoryUsage of job (MB)
	968208  -  ResidentSetSize of job (KB)
...
006 (63680.000.000) 08/02 13:19:49 Image size of job updated: 1831136
	946  -  MemoryUsage of job (MB)
	968208  -  ResidentSetSize of job (KB)
...
006 (63680.000.000) 08/02 13:34:50 Image size of job updated: 1831136
	1019  -  MemoryUsage of job (MB)
	1042808  -  ResidentSetSize of job (KB)
...
006 (63680.000.000) 08/02 13:39:52 Image size of job updated: 1831136
	1137  -  MemoryUsage of job (MB)
	1163680  -  ResidentSetSize of job (KB)
...
006 (63680.000.000) 08/02 14:34:56 Image size of job updated: 1938040
	1137  -  MemoryUsage of job (MB)
	1163680  -  ResidentSetSize of job (KB)
...
006 (63680.000.000) 08/02 14:44:57 Image size of job updated: 1998304
	1137  -  MemoryUsage of job (MB)
	1163680  -  ResidentSetSize of job (KB)
...
006 (63680.000.000) 08/02 15:10:00 Image size of job updated: 2232764
	1137  -  MemoryUsage of job (MB)
	1163680  -  ResidentSetSize of job (KB)
...
006 (63680.000.000) 08/02 15:30:02 Image size of job updated: 2432784
	1137  -  MemoryUsage of job (MB)
	1163680  -  ResidentSetSize of job (KB)
...
006 (63680.000.000) 08/02 16:50:11 Image size of job updated: 2462652
	1151  -  MemoryUsage of job (MB)
	1178296  -  ResidentSetSize of job (KB)
...
006 (63680.000.000) 08/02 17:00:12 Image size of job updated: 2462652
	1326  -  MemoryUsage of job (MB)
	1357704  -  ResidentSetSize of job (KB)
...
006 (63680.000.000) 08/02 17:05:12 Image size of job updated: 2462652
	1388  -  MemoryUsage of job (MB)
	1421180  -  ResidentSetSize of job (KB)
...
006 (63680.000.000) 08/02 17:25:14 Image size of job updated: 2595652
	1704  -  MemoryUsage of job (MB)
	1744144  -  ResidentSetSize of job (KB)
...
006 (63680.000.000) 08/02 17:30:15 Image size of job updated: 2595652
	1704  -  MemoryUsage of job (MB)
	1744152  -  ResidentSetSize of job (KB)
...
006 (63680.000.000) 08/02 17:55:18 Image size of job updated: 2677424
	1704  -  MemoryUsage of job (MB)
	1744152  -  ResidentSetSize of job (KB)
...
006 (63680.000.000) 08/02 18:05:18 Image size of job updated: 2833920
	1704  -  MemoryUsage of job (MB)
	1744152  -  ResidentSetSize of job (KB)
...
006 (63680.000.000) 08/02 19:30:29 Image size of job updated: 2843488
	1704  -  MemoryUsage of job (MB)
	1744152  -  ResidentSetSize of job (KB)
...
006 (63680.000.000) 08/02 19:45:31 Image size of job updated: 3133152
	1704  -  MemoryUsage of job (MB)
	1744152  -  ResidentSetSize of job (KB)
...
006 (63680.000.000) 08/02 20:00:32 Image size of job updated: 3137136
	1704  -  MemoryUsage of job (MB)
	1744152  -  ResidentSetSize of job (KB)
...
006 (63680.000.000) 08/02 20:15:34 Image size of job updated: 3300456
	1704  -  MemoryUsage of job (MB)
	1744152  -  ResidentSetSize of job (KB)
...
006 (63680.000.000) 08/02 20:50:38 Image size of job updated: 3556452
	1722  -  MemoryUsage of job (MB)
	1763088  -  ResidentSetSize of job (KB)
...
006 (63680.000.000) 08/02 20:55:38 Image size of job updated: 3556452
	1743  -  MemoryUsage of job (MB)
	1783988  -  ResidentSetSize of job (KB)
...
006 (63680.000.000) 08/02 21:10:40 Image size of job updated: 3686808
	1884  -  MemoryUsage of job (MB)
	1928344  -  ResidentSetSize of job (KB)
...
006 (63680.000.000) 08/02 21:15:40 Image size of job updated: 3747712
	2003  -  MemoryUsage of job (MB)
	2050068  -  ResidentSetSize of job (KB)
...
006 (63680.000.000) 08/02 21:20:40 Image size of job updated: 3811120
	2126  -  MemoryUsage of job (MB)
	2176764  -  ResidentSetSize of job (KB)
...
006 (63680.000.000) 08/02 21:25:41 Image size of job updated: 3867704
	2237  -  MemoryUsage of job (MB)
	2289804  -  ResidentSetSize of job (KB)
...
006 (63680.000.000) 08/02 21:30:42 Image size of job updated: 3958852
	2414  -  MemoryUsage of job (MB)
	2471348  -  ResidentSetSize of job (KB)
...
006 (63680.000.000) 08/02 21:35:42 Image size of job updated: 4043936
	2414  -  MemoryUsage of job (MB)
	2471348  -  ResidentSetSize of job (KB)
...
006 (63680.000.000) 08/02 21:40:42 Image size of job updated: 4083252
	2414  -  MemoryUsage of job (MB)
	2471348  -  ResidentSetSize of job (KB)
...
006 (63680.000.000) 08/02 21:45:43 Image size of job updated: 4184668
	2498  -  MemoryUsage of job (MB)
	2557900  -  ResidentSetSize of job (KB)
...
006 (63680.000.000) 08/02 21:50:44 Image size of job updated: 4235764
	2561  -  MemoryUsage of job (MB)
	2622272  -  ResidentSetSize of job (KB)
...
006 (63680.000.000) 08/02 21:55:44 Image size of job updated: 4258692
	2561  -  MemoryUsage of job (MB)
	2622272  -  ResidentSetSize of job (KB)
...
006 (63680.000.000) 08/02 22:00:44 Image size of job updated: 4289984
	2561  -  MemoryUsage of job (MB)
	2622272  -  ResidentSetSize of job (KB)
...
006 (63680.000.000) 08/02 22:05:45 Image size of job updated: 4313384
	2561  -  MemoryUsage of job (MB)
	2622272  -  ResidentSetSize of job (KB)
...
006 (63680.000.000) 08/02 22:10:46 Image size of job updated: 4328848
	2561  -  MemoryUsage of job (MB)
	2622272  -  ResidentSetSize of job (KB)
...
006 (63680.000.000) 08/02 22:15:46 Image size of job updated: 4377160
	2565  -  MemoryUsage of job (MB)
	2626256  -  ResidentSetSize of job (KB)
...
006 (63680.000.000) 08/02 22:20:46 Image size of job updated: 4437072
	2645  -  MemoryUsage of job (MB)
	2707924  -  ResidentSetSize of job (KB)
...
006 (63680.000.000) 08/02 22:25:47 Image size of job updated: 4482352
	2657  -  MemoryUsage of job (MB)
	2720480  -  ResidentSetSize of job (KB)
...
006 (63680.000.000) 08/02 22:30:48 Image size of job updated: 4513536
	2685  -  MemoryUsage of job (MB)
	2749332  -  ResidentSetSize of job (KB)
...
006 (63680.000.000) 08/02 22:36:27 Image size of job updated: 4549560
	2724  -  MemoryUsage of job (MB)
	2788720  -  ResidentSetSize of job (KB)
...
006 (63680.000.000) 08/02 22:40:49 Image size of job updated: 4571256
	2742  -  MemoryUsage of job (MB)
	2807536  -  ResidentSetSize of job (KB)
...
006 (63680.000.000) 08/02 22:45:49 Image size of job updated: 4597576
	2783  -  MemoryUsage of job (MB)
	2849720  -  ResidentSetSize of job (KB)
...
006 (63680.000.000) 08/02 22:50:49 Image size of job updated: 4612108
	2803  -  MemoryUsage of job (MB)
	2870152  -  ResidentSetSize of job (KB)
...
006 (63680.000.000) 08/02 22:55:50 Image size of job updated: 4636584
	2811  -  MemoryUsage of job (MB)
	2877684  -  ResidentSetSize of job (KB)
...
006 (63680.000.000) 08/02 23:01:14 Image size of job updated: 4659460
	2818  -  MemoryUsage of job (MB)
	2885292  -  ResidentSetSize of job (KB)
...
006 (63680.000.000) 08/02 23:05:51 Image size of job updated: 4665780
	2818  -  MemoryUsage of job (MB)
	2885292  -  ResidentSetSize of job (KB)
...
006 (63680.000.000) 08/02 23:12:14 Image size of job updated: 4714728
	2862  -  MemoryUsage of job (MB)
	2930632  -  ResidentSetSize of job (KB)
...
006 (63680.000.000) 08/02 23:17:03 Image size of job updated: 4734972
	2892  -  MemoryUsage of job (MB)
	2960528  -  ResidentSetSize of job (KB)
...
006 (63680.000.000) 08/02 23:22:17 Image size of job updated: 4768332
	2892  -  MemoryUsage of job (MB)
	2960528  -  ResidentSetSize of job (KB)
...
006 (63680.000.000) 08/02 23:26:58 Image size of job updated: 4782232
	2892  -  MemoryUsage of job (MB)
	2960528  -  ResidentSetSize of job (KB)
...
006 (63680.000.000) 08/02 23:32:00 Image size of job updated: 4857536
	2995  -  MemoryUsage of job (MB)
	3065908  -  ResidentSetSize of job (KB)
...
006 (63680.000.000) 08/02 23:37:00 Image size of job updated: 4955504
	3026  -  MemoryUsage of job (MB)
	3097908  -  ResidentSetSize of job (KB)
...
006 (63680.000.000) 08/02 23:42:00 Image size of job updated: 4955684
	3026  -  MemoryUsage of job (MB)
	3097908  -  ResidentSetSize of job (KB)
...
006 (63680.000.000) 08/03 00:27:05 Image size of job updated: 4955684
	3037  -  MemoryUsage of job (MB)
	3109864  -  ResidentSetSize of job (KB)
...
006 (63680.000.000) 08/03 01:17:11 Image size of job updated: 4955684
	3138  -  MemoryUsage of job (MB)
	3212816  -  ResidentSetSize of job (KB)
...
006 (63680.000.000) 08/03 01:52:13 Image size of job updated: 4955684
	3199  -  MemoryUsage of job (MB)
	3274768  -  ResidentSetSize of job (KB)
...
006 (63680.000.000) 08/03 01:57:14 Image size of job updated: 4955684
	3442  -  MemoryUsage of job (MB)
	3524588  -  ResidentSetSize of job (KB)
...
004 (63680.000.000) 08/03 09:45:32 Job was evicted.
	(0) Job was not checkpointed.
		Usr 0 11:25:35, Sys 0 00:28:31  -  Run Remote Usage
		Usr 0 00:00:00, Sys 0 00:00:00  -  Run Local Usage
	0  -  Run Bytes Sent By Job
	223  -  Run Bytes Received By Job
	Partitionable Resources :    Usage  Request Allocated
	   Cpus                 :                 1         1
	   Disk (KB)            :       34        1    238189
	   Memory (MB)          :     3442     1024      1024
...
001 (63680.000.000) 08/03 09:58:42 Job executing on host: <10.194.1.4:9618?addrs=10.194.1.4-9618+[--1]-9618&noUDP&sock=21589_d637_3>
...
004 (63680.000.000) 08/03 10:40:38 Job was evicted.
	(0) Job was not checkpointed.
		Usr 0 00:27:03, Sys 0 00:00:47  -  Run Remote Usage
		Usr 0 00:00:00, Sys 0 00:00:00  -  Run Local Usage
	0  -  Run Bytes Sent By Job
	223  -  Run Bytes Received By Job
	Partitionable Resources :    Usage  Request Allocated
	   Cpus                 :                 1         1
	   Disk (KB)            :       35       35   4187667
	   Memory (MB)          :     3663     1024      1024
...
009 (63680.000.000) 08/03 10:40:38 Job was aborted by the user.
	via condor_rm (by user jnugent)
...
000 (66084.000.000) 08/10 13:31:27 Job submitted from host: <172.20.203.50:9618?addrs=172.20.203.50-9618+[--1]-9618&noUDP&sock=7405_cae4_4>
...
001 (66084.000.000) 08/10 13:31:39 Job executing on host: <10.194.1.6:9618?addrs=10.194.1.6-9618+[--1]-9618&noUDP&sock=26470_cbfa_3>
...
006 (66084.000.000) 08/10 13:31:48 Image size of job updated: 48240
	47  -  MemoryUsage of job (MB)
	48120  -  ResidentSetSize of job (KB)
...
006 (66084.000.000) 08/10 13:36:48 Image size of job updated: 823744
	805  -  MemoryUsage of job (MB)
	823576  -  ResidentSetSize of job (KB)
...
006 (66084.000.000) 08/10 13:41:48 Image size of job updated: 823744
	808  -  MemoryUsage of job (MB)
	827220  -  ResidentSetSize of job (KB)
...
006 (66084.000.000) 08/10 13:51:50 Image size of job updated: 1009156
	980  -  MemoryUsage of job (MB)
	1003344  -  ResidentSetSize of job (KB)
...
006 (66084.000.000) 08/10 13:56:50 Image size of job updated: 1138544
	980  -  MemoryUsage of job (MB)
	1003344  -  ResidentSetSize of job (KB)
...
006 (66084.000.000) 08/10 14:51:56 Image size of job updated: 1227068
	980  -  MemoryUsage of job (MB)
	1003344  -  ResidentSetSize of job (KB)
...
006 (66084.000.000) 08/10 15:26:59 Image size of job updated: 1300288
	980  -  MemoryUsage of job (MB)
	1003344  -  ResidentSetSize of job (KB)
...
006 (66084.000.000) 08/10 16:02:03 Image size of job updated: 1538368
	1045  -  MemoryUsage of job (MB)
	1069856  -  ResidentSetSize of job (KB)
...
006 (66084.000.000) 08/10 16:07:04 Image size of job updated: 1538368
	1045  -  MemoryUsage of job (MB)
	1069864  -  ResidentSetSize of job (KB)
...
006 (66084.000.000) 08/10 17:42:13 Image size of job updated: 1816784
	1045  -  MemoryUsage of job (MB)
	1069864  -  ResidentSetSize of job (KB)
...
006 (66084.000.000) 08/10 18:37:18 Image size of job updated: 1817612
	1045  -  MemoryUsage of job (MB)
	1069864  -  ResidentSetSize of job (KB)
...
006 (66084.000.000) 08/10 18:42:19 Image size of job updated: 1893740
	1045  -  MemoryUsage of job (MB)
	1069864  -  ResidentSetSize of job (KB)
...
006 (66084.000.000) 08/10 18:47:20 Image size of job updated: 1926600
	1045  -  MemoryUsage of job (MB)
	1069864  -  ResidentSetSize of job (KB)
...
006 (66084.000.000) 08/10 18:52:20 Image size of job updated: 1994868
	1045  -  MemoryUsage of job (MB)
	1069864  -  ResidentSetSize of job (KB)
...
006 (66084.000.000) 08/10 18:57:21 Image size of job updated: 2014004
	1045  -  MemoryUsage of job (MB)
	1069864  -  ResidentSetSize of job (KB)
...
006 (66084.000.000) 08/10 19:02:22 Image size of job updated: 2157724
	1045  -  MemoryUsage of job (MB)
	1069864  -  ResidentSetSize of job (KB)
...
006 (66084.000.000) 08/10 19:07:22 Image size of job updated: 2327292
	1045  -  MemoryUsage of job (MB)
	1069864  -  ResidentSetSize of job (KB)
...
006 (66084.000.000) 08/10 19:17:23 Image size of job updated: 2638380
	1148  -  MemoryUsage of job (MB)
	1174532  -  ResidentSetSize of job (KB)
...
006 (66084.000.000) 08/10 19:22:24 Image size of job updated: 2676112
	1221  -  MemoryUsage of job (MB)
	1250000  -  ResidentSetSize of job (KB)
...
006 (66084.000.000) 08/10 19:27:24 Image size of job updated: 2702328
	1243  -  MemoryUsage of job (MB)
	1272596  -  ResidentSetSize of job (KB)
...
006 (66084.000.000) 08/10 19:47:26 Image size of job updated: 2707340
	1244  -  MemoryUsage of job (MB)
	1273268  -  ResidentSetSize of job (KB)
...
006 (66084.000.000) 08/10 19:52:26 Image size of job updated: 2755580
	1317  -  MemoryUsage of job (MB)
	1348484  -  ResidentSetSize of job (KB)
...
006 (66084.000.000) 08/10 19:57:27 Image size of job updated: 2763508
	1326  -  MemoryUsage of job (MB)
	1356808  -  ResidentSetSize of job (KB)
...
006 (66084.000.000) 08/10 20:02:28 Image size of job updated: 2796592
	1372  -  MemoryUsage of job (MB)
	1404312  -  ResidentSetSize of job (KB)
...
006 (66084.000.000) 08/10 20:10:25 Image size of job updated: 2862864
	1434  -  MemoryUsage of job (MB)
	1467716  -  ResidentSetSize of job (KB)
...
006 (66084.000.000) 08/10 20:34:30 Image size of job updated: 2871004
	1450  -  MemoryUsage of job (MB)
	1483996  -  ResidentSetSize of job (KB)
...
006 (66084.000.000) 08/10 20:40:41 Image size of job updated: 2920208
	1532  -  MemoryUsage of job (MB)
	1568460  -  ResidentSetSize of job (KB)
...
006 (66084.000.000) 08/10 20:51:15 Image size of job updated: 3194852
	1940  -  MemoryUsage of job (MB)
	1985600  -  ResidentSetSize of job (KB)
...
006 (66084.000.000) 08/10 21:21:17 Image size of job updated: 3194852
	2109  -  MemoryUsage of job (MB)
	2159480  -  ResidentSetSize of job (KB)
...
006 (66084.000.000) 08/11 01:41:45 Image size of job updated: 3477648
	2109  -  MemoryUsage of job (MB)
	2159480  -  ResidentSetSize of job (KB)
...
006 (66084.000.000) 08/11 02:31:50 Image size of job updated: 3936788
	2109  -  MemoryUsage of job (MB)
	2159480  -  ResidentSetSize of job (KB)
...
006 (66084.000.000) 08/11 02:36:51 Image size of job updated: 4021256
	2174  -  MemoryUsage of job (MB)
	2225272  -  ResidentSetSize of job (KB)
...
006 (66084.000.000) 08/11 02:41:51 Image size of job updated: 4081564
	2248  -  MemoryUsage of job (MB)
	2301400  -  ResidentSetSize of job (KB)
...
006 (66084.000.000) 08/11 02:46:51 Image size of job updated: 4162708
	2325  -  MemoryUsage of job (MB)
	2379948  -  ResidentSetSize of job (KB)
...
006 (66084.000.000) 08/11 02:51:52 Image size of job updated: 4256384
	2420  -  MemoryUsage of job (MB)
	2477768  -  ResidentSetSize of job (KB)
...
006 (66084.000.000) 08/11 02:56:53 Image size of job updated: 4317016
	2480  -  MemoryUsage of job (MB)
	2539020  -  ResidentSetSize of job (KB)
...
006 (66084.000.000) 08/11 03:01:53 Image size of job updated: 4368516
	2520  -  MemoryUsage of job (MB)
	2579912  -  ResidentSetSize of job (KB)
...
006 (66084.000.000) 08/11 03:06:53 Image size of job updated: 4408524
	2583  -  MemoryUsage of job (MB)
	2644968  -  ResidentSetSize of job (KB)
...
006 (66084.000.000) 08/11 03:11:54 Image size of job updated: 4451492
	2635  -  MemoryUsage of job (MB)
	2698224  -  ResidentSetSize of job (KB)
...
006 (66084.000.000) 08/11 03:16:55 Image size of job updated: 4508468
	2731  -  MemoryUsage of job (MB)
	2795976  -  ResidentSetSize of job (KB)
...
006 (66084.000.000) 08/11 03:21:55 Image size of job updated: 4574212
	2823  -  MemoryUsage of job (MB)
	2890540  -  ResidentSetSize of job (KB)
...
006 (66084.000.000) 08/11 03:29:55 Image size of job updated: 4608512
	2823  -  MemoryUsage of job (MB)
	2890540  -  ResidentSetSize of job (KB)
...
006 (66084.000.000) 08/11 03:38:55 Image size of job updated: 4633840
	2823  -  MemoryUsage of job (MB)
	2890540  -  ResidentSetSize of job (KB)
...
006 (66084.000.000) 08/11 03:48:06 Image size of job updated: 4644396
	2823  -  MemoryUsage of job (MB)
	2890540  -  ResidentSetSize of job (KB)
...
006 (66084.000.000) 08/11 03:58:26 Image size of job updated: 4684848
	2865  -  MemoryUsage of job (MB)
	2933540  -  ResidentSetSize of job (KB)
...
006 (66084.000.000) 08/11 04:05:55 Image size of job updated: 4705268
	2886  -  MemoryUsage of job (MB)
	2954352  -  ResidentSetSize of job (KB)
...
006 (66084.000.000) 08/11 04:11:09 Image size of job updated: 4761180
	2905  -  MemoryUsage of job (MB)
	2973756  -  ResidentSetSize of job (KB)
...
006 (66084.000.000) 08/11 04:15:56 Image size of job updated: 4780296
	2905  -  MemoryUsage of job (MB)
	2973756  -  ResidentSetSize of job (KB)
...
006 (66084.000.000) 08/11 04:20:56 Image size of job updated: 4805168
	2909  -  MemoryUsage of job (MB)
	2978268  -  ResidentSetSize of job (KB)
...
006 (66084.000.000) 08/11 04:26:32 Image size of job updated: 4826724
	2910  -  MemoryUsage of job (MB)
	2978944  -  ResidentSetSize of job (KB)
...
006 (66084.000.000) 08/11 04:32:02 Image size of job updated: 4855996
	2922  -  MemoryUsage of job (MB)
	2991728  -  ResidentSetSize of job (KB)
...
006 (66084.000.000) 08/11 04:38:05 Image size of job updated: 4892160
	2937  -  MemoryUsage of job (MB)
	3006624  -  ResidentSetSize of job (KB)
...
006 (66084.000.000) 08/11 04:47:34 Image size of job updated: 4923580
	2939  -  MemoryUsage of job (MB)
	3009272  -  ResidentSetSize of job (KB)
...
006 (66084.000.000) 08/11 05:09:50 Image size of job updated: 5012820
	3031  -  MemoryUsage of job (MB)
	3103112  -  ResidentSetSize of job (KB)
...
006 (66084.000.000) 08/11 05:49:52 Image size of job updated: 5140668
	3144  -  MemoryUsage of job (MB)
	3219080  -  ResidentSetSize of job (KB)
...
006 (66084.000.000) 08/11 06:18:54 Image size of job updated: 5156948
	3144  -  MemoryUsage of job (MB)
	3219080  -  ResidentSetSize of job (KB)
...
006 (66084.000.000) 08/11 09:04:28 Image size of job updated: 5156948
	3636  -  MemoryUsage of job (MB)
	3722584  -  ResidentSetSize of job (KB)
...
005 (66084.000.000) 08/12 04:28:55 Job terminated.
	(1) Normal termination (return value 0)
		Usr 0 13:26:11, Sys 0 00:41:19  -  Run Remote Usage
		Usr 0 00:00:00, Sys 0 00:00:00  -  Run Local Usage
		Usr 0 13:26:11, Sys 0 00:41:19  -  Total Remote Usage
		Usr 0 00:00:00, Sys 0 00:00:00  -  Total Local Usage
	4282284  -  Run Bytes Sent By Job
	223  -  Run Bytes Received By Job
	4282284  -  Total Bytes Sent By Job
	223  -  Total Bytes Received By Job
	Partitionable Resources :    Usage  Request Allocated
	   Cpus                 :                 1         1
	   Disk (KB)            :     4192        1  10478997
	   Memory (MB)          :     3636     1024      1024
...
000 (420.000.000) 08/27 11:47:40 Job submitted from host: <194.36.1.211:9618?addrs=194.36.1.211-9618+[--1]-9618&noUDP&sock=1189_2232_3>
...
009 (420.000.000) 08/27 11:48:15 Job was aborted by the user.
	via condor_rm (by user jnugent)
...
000 (66241.000.000) 08/27 11:48:32 Job submitted from host: <172.20.203.50:9618?addrs=172.20.203.50-9618+[--1]-9618&noUDP&sock=7405_cae4_4>
...
001 (66241.000.000) 08/27 11:48:33 Job executing on host: <10.194.1.8:9618?addrs=10.194.1.8-9618+[--1]-9618&noUDP&sock=16892_15e0_12>
...
006 (66241.000.000) 08/27 11:48:42 Image size of job updated: 271420
	266  -  MemoryUsage of job (MB)
	271420  -  ResidentSetSize of job (KB)
...
006 (66241.000.000) 08/27 11:53:43 Image size of job updated: 417488
	408  -  MemoryUsage of job (MB)
	417488  -  ResidentSetSize of job (KB)
...
006 (66241.000.000) 08/27 11:58:43 Image size of job updated: 520352
	509  -  MemoryUsage of job (MB)
	520352  -  ResidentSetSize of job (KB)
...
006 (66241.000.000) 08/27 12:03:44 Image size of job updated: 525072
	513  -  MemoryUsage of job (MB)
	525072  -  ResidentSetSize of job (KB)
...
006 (66241.000.000) 08/27 12:13:45 Image size of job updated: 681968
	666  -  MemoryUsage of job (MB)
	681968  -  ResidentSetSize of job (KB)
...
006 (66241.000.000) 08/27 12:23:46 Image size of job updated: 750044
	733  -  MemoryUsage of job (MB)
	750044  -  ResidentSetSize of job (KB)
...
006 (66241.000.000) 08/27 12:28:46 Image size of job updated: 835448
	816  -  MemoryUsage of job (MB)
	835448  -  ResidentSetSize of job (KB)
...
006 (66241.000.000) 08/27 12:38:47 Image size of job updated: 899592
	879  -  MemoryUsage of job (MB)
	899592  -  ResidentSetSize of job (KB)
...
006 (66241.000.000) 08/27 12:43:48 Image size of job updated: 950456
	929  -  MemoryUsage of job (MB)
	950456  -  ResidentSetSize of job (KB)
...
006 (66241.000.000) 08/27 12:48:48 Image size of job updated: 1335748
	1305  -  MemoryUsage of job (MB)
	1335748  -  ResidentSetSize of job (KB)
...
006 (66241.000.000) 08/27 12:53:49 Image size of job updated: 1335748
	1305  -  MemoryUsage of job (MB)
	1335756  -  ResidentSetSize of job (KB)
...
006 (66241.000.000) 08/27 13:33:53 Image size of job updated: 1644080
	1593  -  MemoryUsage of job (MB)
	1630220  -  ResidentSetSize of job (KB)
...
006 (66241.000.000) 08/27 14:03:55 Image size of job updated: 1911184
	1749  -  MemoryUsage of job (MB)
	1790708  -  ResidentSetSize of job (KB)
...
006 (66241.000.000) 08/27 14:13:56 Image size of job updated: 1919912
	1764  -  MemoryUsage of job (MB)
	1805648  -  ResidentSetSize of job (KB)
...
006 (66241.000.000) 08/27 14:38:58 Image size of job updated: 1927912
	1833  -  MemoryUsage of job (MB)
	1876376  -  ResidentSetSize of job (KB)
...
006 (66241.000.000) 08/27 14:53:59 Image size of job updated: 1941344
	1848  -  MemoryUsage of job (MB)
	1892160  -  ResidentSetSize of job (KB)
...
006 (66241.000.000) 08/27 15:04:01 Image size of job updated: 2118600
	2021  -  MemoryUsage of job (MB)
	2069432  -  ResidentSetSize of job (KB)
...
006 (66241.000.000) 08/27 15:09:01 Image size of job updated: 2207124
	2094  -  MemoryUsage of job (MB)
	2143644  -  ResidentSetSize of job (KB)
...
006 (66241.000.000) 08/27 15:14:02 Image size of job updated: 2207124
	2094  -  MemoryUsage of job (MB)
	2143652  -  ResidentSetSize of job (KB)
...
006 (66241.000.000) 08/27 16:23:23 Image size of job updated: 2936720
	2139  -  MemoryUsage of job (MB)
	2189720  -  ResidentSetSize of job (KB)
...
006 (66241.000.000) 08/27 16:38:13 Image size of job updated: 3003352
	2139  -  MemoryUsage of job (MB)
	2189720  -  ResidentSetSize of job (KB)
...
022 (66241.000.000) 08/27 17:41:51 Job disconnected, attempting to reconnect
    Socket between submit and execute hosts closed unexpectedly
    Trying to reconnect to slot1_8@node008.ppe.gla.ac.uk <10.194.1.8:9618?addrs=10.194.1.8-9618+[--1]-9618&noUDP&sock=16892_15e0_12>
...
024 (66241.000.000) 08/27 17:41:51 Job reconnection failed
    Job disconnected too long: JobLeaseDuration (2400 seconds) expired
    Can not reconnect to slot1_8@node008.ppe.gla.ac.uk, rescheduling job
...
022 (66241.000.000) 08/27 17:42:22 Job disconnected, attempting to reconnect
    Socket between submit and execute hosts closed unexpectedly
    Trying to reconnect to slot1_8@node006.ppe.gla.ac.uk <10.194.1.6:9618?addrs=10.194.1.6-9618+[--1]-9618&noUDP&sock=26470_cbfa_3>
...
024 (66241.000.000) 08/27 17:42:30 Job reconnection failed
    Job not found at execution machine
    Can not reconnect to slot1_8@node006.ppe.gla.ac.uk, rescheduling job
...
022 (66241.000.000) 08/27 17:43:21 Job disconnected, attempting to reconnect
    Socket between submit and execute hosts closed unexpectedly
    Trying to reconnect to slot1_8@node006.ppe.gla.ac.uk <10.194.1.6:9618?addrs=10.194.1.6-9618+[--1]-9618&noUDP&sock=26470_cbfa_3>
...
024 (66241.000.000) 08/27 17:43:29 Job reconnection failed
    Job not found at execution machine
    Can not reconnect to slot1_8@node006.ppe.gla.ac.uk, rescheduling job
...
022 (66241.000.000) 08/27 17:43:41 Job disconnected, attempting to reconnect
    Socket between submit and execute hosts closed unexpectedly
    Trying to reconnect to slot1_8@node006.ppe.gla.ac.uk <10.194.1.6:9618?addrs=10.194.1.6-9618+[--1]-9618&noUDP&sock=26470_cbfa_3>
...
024 (66241.000.000) 08/27 17:43:49 Job reconnection failed
    Job not found at execution machine
    Can not reconnect to slot1_8@node006.ppe.gla.ac.uk, rescheduling job
...
001 (66241.000.000) 08/27 17:44:42 Job executing on host: <10.194.1.8:9618?addrs=10.194.1.8-9618+[--1]-9618&noUDP&sock=18553_64af_3>
...
022 (66241.000.000) 08/28 02:48:08 Job disconnected, attempting to reconnect
    Socket between submit and execute hosts closed unexpectedly
    Trying to reconnect to slot1_4@node008.ppe.gla.ac.uk <10.194.1.8:9618?addrs=10.194.1.8-9618+[--1]-9618&noUDP&sock=18553_64af_3>
...
024 (66241.000.000) 08/28 02:48:08 Job reconnection failed
    Job disconnected too long: JobLeaseDuration (2400 seconds) expired
    Can not reconnect to slot1_4@node008.ppe.gla.ac.uk, rescheduling job
...
001 (66241.000.000) 08/28 02:48:39 Job executing on host: <10.194.1.4:9618?addrs=10.194.1.4-9618+[--1]-9618&noUDP&sock=21589_d637_3>
...
005 (66241.000.000) 08/28 17:30:31 Job terminated.
	(1) Normal termination (return value 135)
		Usr 0 00:33:40, Sys 0 00:06:59  -  Run Remote Usage
		Usr 0 00:00:00, Sys 0 00:00:00  -  Run Local Usage
		Usr 0 00:33:40, Sys 0 00:06:59  -  Total Remote Usage
		Usr 0 00:00:00, Sys 0 00:00:00  -  Total Local Usage
	5111  -  Run Bytes Sent By Job
	223  -  Run Bytes Received By Job
	5111  -  Total Bytes Sent By Job
	669  -  Total Bytes Received By Job
	Partitionable Resources :    Usage  Request Allocated
	   Cpus                 :                 1         1
	   Disk (KB)            :       17       17   4187667
	   Memory (MB)          :     2198     1024      1024
...
000 (541.000.000) 08/28 17:53:59 Job submitted from host: <194.36.1.211:9618?addrs=194.36.1.211-9618+[--1]-9618&noUDP&sock=1189_2232_3>
...
009 (541.000.000) 08/28 17:54:56 Job was aborted by the user.
	via condor_rm (by user jnugent)
...
000 (66364.000.000) 08/28 17:55:38 Job submitted from host: <172.20.203.50:9618?addrs=172.20.203.50-9618+[--1]-9618&noUDP&sock=7405_cae4_4>
...
022 (66364.000.000) 08/28 17:55:51 Job disconnected, attempting to reconnect
    Socket between submit and execute hosts closed unexpectedly
    Trying to reconnect to slot1_5@node006.ppe.gla.ac.uk <10.194.1.6:9618?addrs=10.194.1.6-9618+[--1]-9618&noUDP&sock=26470_cbfa_3>
...
024 (66364.000.000) 08/28 17:55:59 Job reconnection failed
    Job not found at execution machine
    Can not reconnect to slot1_5@node006.ppe.gla.ac.uk, rescheduling job
...
004 (66364.000.000) 08/28 17:56:52 Job was evicted.
	(0) Job was not checkpointed.
		Usr 0 00:00:00, Sys 0 00:00:00  -  Run Remote Usage
		Usr 0 00:00:00, Sys 0 00:00:00  -  Run Local Usage
	0  -  Run Bytes Sent By Job
	223  -  Run Bytes Received By Job
	Partitionable Resources :    Usage  Request Allocated
	   Cpus                 :                 1         1
	   Disk (KB)            :       10        1   4187667
	   Memory (MB)          :              1024      1024
...
009 (66364.000.000) 08/28 17:56:52 Job was aborted by the user.
	via condor_rm (by user jnugent)
...
000 (66464.000.000) 08/28 17:59:33 Job submitted from host: <172.20.203.50:9618?addrs=172.20.203.50-9618+[--1]-9618&noUDP&sock=7405_cae4_4>
...
022 (66464.000.000) 08/28 17:59:34 Job disconnected, attempting to reconnect
    Socket between submit and execute hosts closed unexpectedly
    Trying to reconnect to slot1_1@node006.ppe.gla.ac.uk <10.194.1.6:9618?addrs=10.194.1.6-9618+[--1]-9618&noUDP&sock=26470_cbfa_3>
...
024 (66464.000.000) 08/28 17:59:34 Job reconnection failed
    Job not found at execution machine
    Can not reconnect to slot1_1@node006.ppe.gla.ac.uk, rescheduling job
...
001 (66464.000.000) 08/28 17:59:55 Job executing on host: <10.194.1.4:9618?addrs=10.194.1.4-9618+[--1]-9618&noUDP&sock=21589_d637_3>
...
006 (66464.000.000) 08/28 18:00:03 Image size of job updated: 335184
	328  -  MemoryUsage of job (MB)
	335184  -  ResidentSetSize of job (KB)
...
006 (66464.000.000) 08/28 18:05:03 Image size of job updated: 442044
	432  -  MemoryUsage of job (MB)
	442044  -  ResidentSetSize of job (KB)
...
006 (66464.000.000) 08/28 18:15:05 Image size of job updated: 583560
	570  -  MemoryUsage of job (MB)
	583560  -  ResidentSetSize of job (KB)
...
006 (66464.000.000) 08/28 18:30:06 Image size of job updated: 720632
	704  -  MemoryUsage of job (MB)
	720632  -  ResidentSetSize of job (KB)
...
006 (66464.000.000) 08/28 18:35:06 Image size of job updated: 734808
	718  -  MemoryUsage of job (MB)
	734808  -  ResidentSetSize of job (KB)
...
006 (66464.000.000) 08/28 18:50:08 Image size of job updated: 901720
	870  -  MemoryUsage of job (MB)
	890852  -  ResidentSetSize of job (KB)
...
006 (66464.000.000) 08/28 19:00:09 Image size of job updated: 981728
	940  -  MemoryUsage of job (MB)
	961672  -  ResidentSetSize of job (KB)
...
006 (66464.000.000) 08/28 19:25:11 Image size of job updated: 1090084
	940  -  MemoryUsage of job (MB)
	961672  -  ResidentSetSize of job (KB)
...
006 (66464.000.000) 08/28 19:35:12 Image size of job updated: 1152000
	940  -  MemoryUsage of job (MB)
	961672  -  ResidentSetSize of job (KB)
...
006 (66464.000.000) 08/28 19:45:13 Image size of job updated: 1271248
	940  -  MemoryUsage of job (MB)
	961672  -  ResidentSetSize of job (KB)
...
006 (66464.000.000) 08/28 19:50:13 Image size of job updated: 1361856
	940  -  MemoryUsage of job (MB)
	961672  -  ResidentSetSize of job (KB)
...
006 (66464.000.000) 08/28 20:40:18 Image size of job updated: 1374092
	940  -  MemoryUsage of job (MB)
	961672  -  ResidentSetSize of job (KB)
...
006 (66464.000.000) 08/28 20:50:19 Image size of job updated: 1380696
	940  -  MemoryUsage of job (MB)
	961672  -  ResidentSetSize of job (KB)
...
006 (66464.000.000) 08/28 20:55:20 Image size of job updated: 1440796
	940  -  MemoryUsage of job (MB)
	961672  -  ResidentSetSize of job (KB)
...
006 (66464.000.000) 08/28 21:00:20 Image size of job updated: 1510256
	940  -  MemoryUsage of job (MB)
	961672  -  ResidentSetSize of job (KB)
...
006 (66464.000.000) 08/28 21:05:20 Image size of job updated: 1606328
	982  -  MemoryUsage of job (MB)
	1005112  -  ResidentSetSize of job (KB)
...
006 (66464.000.000) 08/28 21:25:23 Image size of job updated: 1675780
	982  -  MemoryUsage of job (MB)
	1005112  -  ResidentSetSize of job (KB)
...
006 (66464.000.000) 08/28 21:30:24 Image size of job updated: 1734336
	982  -  MemoryUsage of job (MB)
	1005112  -  ResidentSetSize of job (KB)
...
006 (66464.000.000) 08/28 21:35:24 Image size of job updated: 1853976
	982  -  MemoryUsage of job (MB)
	1005112  -  ResidentSetSize of job (KB)
...
006 (66464.000.000) 08/28 21:40:25 Image size of job updated: 1866200
	982  -  MemoryUsage of job (MB)
	1005112  -  ResidentSetSize of job (KB)
...
006 (66464.000.000) 08/28 21:50:26 Image size of job updated: 1930904
	984  -  MemoryUsage of job (MB)
	1007140  -  ResidentSetSize of job (KB)
...
006 (66464.000.000) 08/28 22:15:28 Image size of job updated: 1964648
	984  -  MemoryUsage of job (MB)
	1007140  -  ResidentSetSize of job (KB)
...
006 (66464.000.000) 08/28 22:20:29 Image size of job updated: 2137548
	984  -  MemoryUsage of job (MB)
	1007140  -  ResidentSetSize of job (KB)
...
006 (66464.000.000) 08/28 22:25:30 Image size of job updated: 2145968
	984  -  MemoryUsage of job (MB)
	1007140  -  ResidentSetSize of job (KB)
...
006 (66464.000.000) 08/28 22:30:30 Image size of job updated: 2187140
	984  -  MemoryUsage of job (MB)
	1007140  -  ResidentSetSize of job (KB)
...
006 (66464.000.000) 08/28 22:35:30 Image size of job updated: 2241640
	984  -  MemoryUsage of job (MB)
	1007140  -  ResidentSetSize of job (KB)
...
006 (66464.000.000) 08/28 22:40:31 Image size of job updated: 2255356
	984  -  MemoryUsage of job (MB)
	1007140  -  ResidentSetSize of job (KB)
...
006 (66464.000.000) 08/28 22:45:31 Image size of job updated: 2274456
	984  -  MemoryUsage of job (MB)
	1007140  -  ResidentSetSize of job (KB)
...
006 (66464.000.000) 08/28 22:50:31 Image size of job updated: 2327436
	984  -  MemoryUsage of job (MB)
	1007140  -  ResidentSetSize of job (KB)
...
006 (66464.000.000) 08/28 22:55:32 Image size of job updated: 2336304
	984  -  MemoryUsage of job (MB)
	1007140  -  ResidentSetSize of job (KB)
...
006 (66464.000.000) 08/28 23:00:33 Image size of job updated: 2360472
	984  -  MemoryUsage of job (MB)
	1007140  -  ResidentSetSize of job (KB)
...
006 (66464.000.000) 08/28 23:05:33 Image size of job updated: 2396692
	984  -  MemoryUsage of job (MB)
	1007140  -  ResidentSetSize of job (KB)
...
006 (66464.000.000) 08/28 23:10:34 Image size of job updated: 2491792
	1090  -  MemoryUsage of job (MB)
	1115272  -  ResidentSetSize of job (KB)
...
006 (66464.000.000) 08/28 23:15:35 Image size of job updated: 2557676
	1214  -  MemoryUsage of job (MB)
	1242992  -  ResidentSetSize of job (KB)
...
006 (66464.000.000) 08/28 23:20:35 Image size of job updated: 2716604
	1501  -  MemoryUsage of job (MB)
	1536112  -  ResidentSetSize of job (KB)
...
006 (66464.000.000) 08/28 23:55:39 Image size of job updated: 2716604
	1684  -  MemoryUsage of job (MB)
	1724108  -  ResidentSetSize of job (KB)
...
006 (66464.000.000) 08/29 00:15:41 Image size of job updated: 2716604
	1787  -  MemoryUsage of job (MB)
	1829400  -  ResidentSetSize of job (KB)
...
006 (66464.000.000) 08/29 02:00:54 Image size of job updated: 2755272
	1787  -  MemoryUsage of job (MB)
	1829400  -  ResidentSetSize of job (KB)
...
006 (66464.000.000) 08/29 02:10:54 Image size of job updated: 3062892
	1787  -  MemoryUsage of job (MB)
	1829400  -  ResidentSetSize of job (KB)
...
006 (66464.000.000) 08/29 02:25:56 Image size of job updated: 3208040
	1787  -  MemoryUsage of job (MB)
	1829400  -  ResidentSetSize of job (KB)
...
006 (66464.000.000) 08/29 02:45:58 Image size of job updated: 3479432
	1787  -  MemoryUsage of job (MB)
	1829400  -  ResidentSetSize of job (KB)
...
006 (66464.000.000) 08/29 03:26:03 Image size of job updated: 3735116
	1787  -  MemoryUsage of job (MB)
	1829400  -  ResidentSetSize of job (KB)
...
006 (66464.000.000) 08/29 04:36:10 Image size of job updated: 3833860
	1787  -  MemoryUsage of job (MB)
	1829400  -  ResidentSetSize of job (KB)
...
006 (66464.000.000) 08/29 05:06:14 Image size of job updated: 3916940
	1787  -  MemoryUsage of job (MB)
	1829400  -  ResidentSetSize of job (KB)
...
006 (66464.000.000) 08/29 05:36:18 Image size of job updated: 4296756
	1805  -  MemoryUsage of job (MB)
	1847340  -  ResidentSetSize of job (KB)
...
006 (66464.000.000) 08/29 05:51:20 Image size of job updated: 4373112
	1805  -  MemoryUsage of job (MB)
	1847340  -  ResidentSetSize of job (KB)
...
006 (66464.000.000) 08/29 06:11:23 Image size of job updated: 4479700
	1823  -  MemoryUsage of job (MB)
	1866444  -  ResidentSetSize of job (KB)
...
006 (66464.000.000) 08/29 07:16:54 Image size of job updated: 4511012
	1823  -  MemoryUsage of job (MB)
	1866444  -  ResidentSetSize of job (KB)
...
006 (66464.000.000) 08/29 09:02:07 Image size of job updated: 4709060
	1823  -  MemoryUsage of job (MB)
	1866444  -  ResidentSetSize of job (KB)
...
006 (66464.000.000) 08/29 09:07:08 Image size of job updated: 4760128
	1823  -  MemoryUsage of job (MB)
	1866444  -  ResidentSetSize of job (KB)
...
006 (66464.000.000) 08/29 09:12:09 Image size of job updated: 4819124
	1823  -  MemoryUsage of job (MB)
	1866444  -  ResidentSetSize of job (KB)
...
006 (66464.000.000) 08/29 09:17:09 Image size of job updated: 4876740
	1895  -  MemoryUsage of job (MB)
	1940044  -  ResidentSetSize of job (KB)
...
006 (66464.000.000) 08/29 09:22:09 Image size of job updated: 4926928
	1967  -  MemoryUsage of job (MB)
	2013496  -  ResidentSetSize of job (KB)
...
006 (66464.000.000) 08/29 09:27:10 Image size of job updated: 4961880
	2021  -  MemoryUsage of job (MB)
	2068596  -  ResidentSetSize of job (KB)
...
006 (66464.000.000) 08/29 09:32:08 Image size of job updated: 5009204
	2094  -  MemoryUsage of job (MB)
	2143792  -  ResidentSetSize of job (KB)
...
006 (66464.000.000) 08/29 09:37:11 Image size of job updated: 5084600
	2224  -  MemoryUsage of job (MB)
	2277152  -  ResidentSetSize of job (KB)
...
006 (66464.000.000) 08/29 09:42:12 Image size of job updated: 5147368
	2302  -  MemoryUsage of job (MB)
	2357116  -  ResidentSetSize of job (KB)
...
006 (66464.000.000) 08/29 09:47:11 Image size of job updated: 5224460
	2418  -  MemoryUsage of job (MB)
	2475028  -  ResidentSetSize of job (KB)
...
006 (66464.000.000) 08/29 10:21:06 Image size of job updated: 5224460
	2419  -  MemoryUsage of job (MB)
	2476696  -  ResidentSetSize of job (KB)
...
006 (66464.000.000) 08/29 10:26:05 Image size of job updated: 5224460
	2468  -  MemoryUsage of job (MB)
	2526832  -  ResidentSetSize of job (KB)
...
006 (66464.000.000) 08/29 10:31:08 Image size of job updated: 5224460
	2523  -  MemoryUsage of job (MB)
	2583436  -  ResidentSetSize of job (KB)
...
006 (66464.000.000) 08/29 10:36:09 Image size of job updated: 5224460
	2546  -  MemoryUsage of job (MB)
	2606512  -  ResidentSetSize of job (KB)
...
006 (66464.000.000) 08/29 10:41:07 Image size of job updated: 5228304
	2588  -  MemoryUsage of job (MB)
	2649164  -  ResidentSetSize of job (KB)
...
006 (66464.000.000) 08/29 10:46:10 Image size of job updated: 5280164
	2643  -  MemoryUsage of job (MB)
	2705576  -  ResidentSetSize of job (KB)
...
006 (66464.000.000) 08/29 17:08:01 Image size of job updated: 5302412
	2643  -  MemoryUsage of job (MB)
	2705576  -  ResidentSetSize of job (KB)
...
006 (66464.000.000) 08/29 18:48:11 Image size of job updated: 5308748
	2643  -  MemoryUsage of job (MB)
	2705576  -  ResidentSetSize of job (KB)
...
006 (66464.000.000) 08/29 18:58:13 Image size of job updated: 5327508
	2643  -  MemoryUsage of job (MB)
	2705576  -  ResidentSetSize of job (KB)
...
006 (66464.000.000) 08/29 19:23:14 Image size of job updated: 5345764
	2643  -  MemoryUsage of job (MB)
	2705576  -  ResidentSetSize of job (KB)
...
006 (66464.000.000) 08/29 19:57:17 Image size of job updated: 5553280
	2643  -  MemoryUsage of job (MB)
	2705576  -  ResidentSetSize of job (KB)
...
006 (66464.000.000) 08/29 20:17:18 Image size of job updated: 5584464
	2643  -  MemoryUsage of job (MB)
	2705576  -  ResidentSetSize of job (KB)
...
006 (66464.000.000) 08/29 21:12:26 Image size of job updated: 5647884
	2643  -  MemoryUsage of job (MB)
	2705576  -  ResidentSetSize of job (KB)
...
006 (66464.000.000) 08/29 21:22:24 Image size of job updated: 5764404
	2643  -  MemoryUsage of job (MB)
	2705576  -  ResidentSetSize of job (KB)
...
005 (66464.000.000) 08/29 21:56:29 Job terminated.
	(1) Normal termination (return value 137)
		Usr 0 10:08:28, Sys 0 00:44:46  -  Run Remote Usage
		Usr 0 00:00:00, Sys 0 00:00:00  -  Run Local Usage
		Usr 0 10:08:28, Sys 0 00:44:46  -  Total Remote Usage
		Usr 0 00:00:00, Sys 0 00:00:00  -  Total Local Usage
	194858  -  Run Bytes Sent By Job
	223  -  Run Bytes Received By Job
	194858  -  Total Bytes Sent By Job
	223  -  Total Bytes Received By Job
	Partitionable Resources :    Usage  Request Allocated
	   Cpus                 :                 1         1
	   Disk (KB)            :      210        1   4187667
	   Memory (MB)          :     2643     1024      1024
...
