000 (60135.000.000) 07/31 10:18:25 Job submitted from host: <172.20.203.50:9618?addrs=172.20.203.50-9618+[--1]-9618&noUDP&sock=7405_cae4_4>
...
001 (60135.000.000) 07/31 10:18:43 Job executing on host: <10.194.1.6:9618?addrs=10.194.1.6-9618+[--1]-9618&noUDP&sock=1628_4045_3>
...
006 (60135.000.000) 07/31 10:18:51 Image size of job updated: 48180
	48  -  MemoryUsage of job (MB)
	48180  -  ResidentSetSize of job (KB)
...
006 (60135.000.000) 07/31 10:23:51 Image size of job updated: 468464
	458  -  MemoryUsage of job (MB)
	468464  -  ResidentSetSize of job (KB)
...
006 (60135.000.000) 07/31 10:28:52 Image size of job updated: 522300
	511  -  MemoryUsage of job (MB)
	522300  -  ResidentSetSize of job (KB)
...
006 (60135.000.000) 07/31 10:29:22 Image size of job updated: 531904
	523  -  MemoryUsage of job (MB)
	534892  -  ResidentSetSize of job (KB)
...
004 (60135.000.000) 07/31 10:29:22 Job was evicted.
	(0) Job was not checkpointed.
		Usr 0 00:09:59, Sys 0 00:00:18  -  Run Remote Usage
		Usr 0 00:00:00, Sys 0 00:00:00  -  Run Local Usage
	0  -  Run Bytes Sent By Job
	237  -  Run Bytes Received By Job
	Partitionable Resources :    Usage  Request Allocated
	   Cpus                 :                 1         1
	   Disk (KB)            :       15        1    246565
	   Memory (MB)          :      523     1024      1024
...
009 (60135.000.000) 07/31 10:29:22 Job was aborted by the user.
	via condor_rm (by user jnugent)
...
000 (60235.000.000) 07/31 10:30:04 Job submitted from host: <172.20.203.50:9618?addrs=172.20.203.50-9618+[--1]-9618&noUDP&sock=7405_cae4_4>
...
009 (60235.000.000) 07/31 13:10:22 Job was aborted by the user.
	via condor_rm (by user jnugent)
...
000 (60343.000.000) 07/31 13:11:14 Job submitted from host: <172.20.203.50:9618?addrs=172.20.203.50-9618+[--1]-9618&noUDP&sock=7405_cae4_4>
...
009 (60343.000.000) 07/31 20:07:22 Job was aborted by the user.
	via condor_rm (by user jnugent)
...
000 (62138.000.000) 07/31 20:08:40 Job submitted from host: <172.20.203.50:9618?addrs=172.20.203.50-9618+[--1]-9618&noUDP&sock=7405_cae4_4>
...
001 (62138.000.000) 08/01 04:28:27 Job executing on host: <10.194.1.6:9618?addrs=10.194.1.6-9618+[--1]-9618&noUDP&sock=1628_4045_3>
...
006 (62138.000.000) 08/01 04:28:36 Image size of job updated: 48416
	47  -  MemoryUsage of job (MB)
	48124  -  ResidentSetSize of job (KB)
...
006 (62138.000.000) 08/01 04:33:37 Image size of job updated: 409796
	367  -  MemoryUsage of job (MB)
	374792  -  ResidentSetSize of job (KB)
...
006 (62138.000.000) 08/01 04:48:38 Image size of job updated: 496616
	429  -  MemoryUsage of job (MB)
	439136  -  ResidentSetSize of job (KB)
...
006 (62138.000.000) 08/01 04:58:38 Image size of job updated: 685856
	577  -  MemoryUsage of job (MB)
	589864  -  ResidentSetSize of job (KB)
...
006 (62138.000.000) 08/01 05:03:39 Image size of job updated: 716488
	654  -  MemoryUsage of job (MB)
	669500  -  ResidentSetSize of job (KB)
...
006 (62138.000.000) 08/01 05:08:39 Image size of job updated: 747688
	685  -  MemoryUsage of job (MB)
	701068  -  ResidentSetSize of job (KB)
...
006 (62138.000.000) 08/01 05:13:39 Image size of job updated: 779820
	717  -  MemoryUsage of job (MB)
	733496  -  ResidentSetSize of job (KB)
...
006 (62138.000.000) 08/01 05:18:40 Image size of job updated: 811432
	747  -  MemoryUsage of job (MB)
	764912  -  ResidentSetSize of job (KB)
...
006 (62138.000.000) 08/01 05:38:42 Image size of job updated: 885684
	774  -  MemoryUsage of job (MB)
	792372  -  ResidentSetSize of job (KB)
...
006 (62138.000.000) 08/01 05:48:42 Image size of job updated: 948760
	835  -  MemoryUsage of job (MB)
	854172  -  ResidentSetSize of job (KB)
...
006 (62138.000.000) 08/01 05:53:43 Image size of job updated: 963116
	849  -  MemoryUsage of job (MB)
	868484  -  ResidentSetSize of job (KB)
...
006 (62138.000.000) 08/01 06:18:46 Image size of job updated: 1103500
	874  -  MemoryUsage of job (MB)
	894448  -  ResidentSetSize of job (KB)
...
006 (62138.000.000) 08/01 07:13:52 Image size of job updated: 1734336
	1428  -  MemoryUsage of job (MB)
	1461280  -  ResidentSetSize of job (KB)
...
006 (62138.000.000) 08/01 08:27:03 Image size of job updated: 1749360
	1428  -  MemoryUsage of job (MB)
	1461280  -  ResidentSetSize of job (KB)
...
006 (62138.000.000) 08/01 08:32:03 Image size of job updated: 1752560
	1428  -  MemoryUsage of job (MB)
	1461280  -  ResidentSetSize of job (KB)
...
004 (62138.000.000) 08/01 10:14:43 Job was evicted.
	(0) Job was not checkpointed.
		Usr 0 01:33:15, Sys 0 00:04:49  -  Run Remote Usage
		Usr 0 00:00:00, Sys 0 00:00:00  -  Run Local Usage
	0  -  Run Bytes Sent By Job
	237  -  Run Bytes Received By Job
	Partitionable Resources :    Usage  Request Allocated
	   Cpus                 :                 1         1
	   Disk (KB)            :       15        1    246565
	   Memory (MB)          :     1428     1024      1024
...
009 (62138.000.000) 08/01 10:14:43 Job was aborted by the user.
	via condor_rm (by user jnugent)
...
000 (63760.000.000) 08/02 10:44:30 Job submitted from host: <172.20.203.50:9618?addrs=172.20.203.50-9618+[--1]-9618&noUDP&sock=7405_cae4_4>
...
001 (63760.000.000) 08/02 10:44:49 Job executing on host: <10.194.1.8:9618?addrs=10.194.1.8-9618+[--1]-9618&noUDP&sock=37221_16ac_3>
...
006 (63760.000.000) 08/02 10:44:58 Image size of job updated: 46472
	46  -  MemoryUsage of job (MB)
	46472  -  ResidentSetSize of job (KB)
...
006 (63760.000.000) 08/02 10:49:58 Image size of job updated: 506272
	495  -  MemoryUsage of job (MB)
	506272  -  ResidentSetSize of job (KB)
...
006 (63760.000.000) 08/02 10:59:58 Image size of job updated: 573136
	560  -  MemoryUsage of job (MB)
	573136  -  ResidentSetSize of job (KB)
...
006 (63760.000.000) 08/02 11:10:00 Image size of job updated: 679880
	664  -  MemoryUsage of job (MB)
	679880  -  ResidentSetSize of job (KB)
...
006 (63760.000.000) 08/02 11:15:00 Image size of job updated: 714516
	698  -  MemoryUsage of job (MB)
	714516  -  ResidentSetSize of job (KB)
...
006 (63760.000.000) 08/02 11:20:00 Image size of job updated: 749316
	732  -  MemoryUsage of job (MB)
	749316  -  ResidentSetSize of job (KB)
...
006 (63760.000.000) 08/02 11:25:01 Image size of job updated: 784184
	766  -  MemoryUsage of job (MB)
	784184  -  ResidentSetSize of job (KB)
...
006 (63760.000.000) 08/02 11:30:02 Image size of job updated: 818720
	800  -  MemoryUsage of job (MB)
	818720  -  ResidentSetSize of job (KB)
...
006 (63760.000.000) 08/02 11:35:02 Image size of job updated: 903972
	883  -  MemoryUsage of job (MB)
	903972  -  ResidentSetSize of job (KB)
...
006 (63760.000.000) 08/02 11:50:04 Image size of job updated: 961160
	939  -  MemoryUsage of job (MB)
	961160  -  ResidentSetSize of job (KB)
...
006 (63760.000.000) 08/02 11:55:04 Image size of job updated: 1025672
	1002  -  MemoryUsage of job (MB)
	1025672  -  ResidentSetSize of job (KB)
...
006 (63760.000.000) 08/02 12:10:06 Image size of job updated: 1325856
	1295  -  MemoryUsage of job (MB)
	1325856  -  ResidentSetSize of job (KB)
...
006 (63760.000.000) 08/02 12:20:06 Image size of job updated: 1542900
	1507  -  MemoryUsage of job (MB)
	1542900  -  ResidentSetSize of job (KB)
...
006 (63760.000.000) 08/02 12:50:09 Image size of job updated: 1892448
	1849  -  MemoryUsage of job (MB)
	1892448  -  ResidentSetSize of job (KB)
...
006 (63760.000.000) 08/02 13:25:12 Image size of job updated: 2090460
	2035  -  MemoryUsage of job (MB)
	2083712  -  ResidentSetSize of job (KB)
...
006 (63760.000.000) 08/02 13:40:14 Image size of job updated: 2145924
	2035  -  MemoryUsage of job (MB)
	2083712  -  ResidentSetSize of job (KB)
...
006 (63760.000.000) 08/02 14:10:18 Image size of job updated: 2234296
	2035  -  MemoryUsage of job (MB)
	2083712  -  ResidentSetSize of job (KB)
...
006 (63760.000.000) 08/02 14:15:18 Image size of job updated: 2246528
	2035  -  MemoryUsage of job (MB)
	2083712  -  ResidentSetSize of job (KB)
...
006 (63760.000.000) 08/02 14:20:18 Image size of job updated: 2342904
	2035  -  MemoryUsage of job (MB)
	2083712  -  ResidentSetSize of job (KB)
...
006 (63760.000.000) 08/02 14:25:19 Image size of job updated: 2370016
	2035  -  MemoryUsage of job (MB)
	2083712  -  ResidentSetSize of job (KB)
...
006 (63760.000.000) 08/02 14:50:22 Image size of job updated: 2370016
	2240  -  MemoryUsage of job (MB)
	2292884  -  ResidentSetSize of job (KB)
...
006 (63760.000.000) 08/02 14:56:15 Image size of job updated: 2568912
	2270  -  MemoryUsage of job (MB)
	2324044  -  ResidentSetSize of job (KB)
...
006 (63760.000.000) 08/02 15:00:23 Image size of job updated: 2568912
	2270  -  MemoryUsage of job (MB)
	2324052  -  ResidentSetSize of job (KB)
...
006 (63760.000.000) 08/02 15:15:24 Image size of job updated: 2620200
	2321  -  MemoryUsage of job (MB)
	2376024  -  ResidentSetSize of job (KB)
...
006 (63760.000.000) 08/02 16:00:28 Image size of job updated: 2765720
	2321  -  MemoryUsage of job (MB)
	2376024  -  ResidentSetSize of job (KB)
...
006 (63760.000.000) 08/02 16:05:29 Image size of job updated: 2854112
	2321  -  MemoryUsage of job (MB)
	2376024  -  ResidentSetSize of job (KB)
...
006 (63760.000.000) 08/02 17:00:36 Image size of job updated: 3204248
	2321  -  MemoryUsage of job (MB)
	2376024  -  ResidentSetSize of job (KB)
...
006 (63760.000.000) 08/02 17:15:37 Image size of job updated: 3247800
	2321  -  MemoryUsage of job (MB)
	2376024  -  ResidentSetSize of job (KB)
...
006 (63760.000.000) 08/02 17:20:37 Image size of job updated: 3253376
	2321  -  MemoryUsage of job (MB)
	2376024  -  ResidentSetSize of job (KB)
...
006 (63760.000.000) 08/02 17:50:40 Image size of job updated: 3389448
	2321  -  MemoryUsage of job (MB)
	2376024  -  ResidentSetSize of job (KB)
...
006 (63760.000.000) 08/02 18:10:42 Image size of job updated: 3536288
	2321  -  MemoryUsage of job (MB)
	2376024  -  ResidentSetSize of job (KB)
...
006 (63760.000.000) 08/02 18:35:44 Image size of job updated: 3592648
	2321  -  MemoryUsage of job (MB)
	2376024  -  ResidentSetSize of job (KB)
...
006 (63760.000.000) 08/02 19:04:34 Image size of job updated: 3604096
	2321  -  MemoryUsage of job (MB)
	2376024  -  ResidentSetSize of job (KB)
...
006 (63760.000.000) 08/02 19:21:22 Image size of job updated: 3869960
	2321  -  MemoryUsage of job (MB)
	2376024  -  ResidentSetSize of job (KB)
...
006 (63760.000.000) 08/02 19:50:03 Image size of job updated: 4176124
	2392  -  MemoryUsage of job (MB)
	2449044  -  ResidentSetSize of job (KB)
...
006 (63760.000.000) 08/02 20:23:01 Image size of job updated: 4398576
	2660  -  MemoryUsage of job (MB)
	2723456  -  ResidentSetSize of job (KB)
...
006 (63760.000.000) 08/02 20:53:57 Image size of job updated: 4545924
	2687  -  MemoryUsage of job (MB)
	2750708  -  ResidentSetSize of job (KB)
...
006 (63760.000.000) 08/02 21:20:11 Image size of job updated: 4612924
	2717  -  MemoryUsage of job (MB)
	2781544  -  ResidentSetSize of job (KB)
...
006 (63760.000.000) 08/02 21:40:02 Image size of job updated: 4743504
	2805  -  MemoryUsage of job (MB)
	2871660  -  ResidentSetSize of job (KB)
...
006 (63760.000.000) 08/02 21:59:56 Image size of job updated: 4813004
	2828  -  MemoryUsage of job (MB)
	2895640  -  ResidentSetSize of job (KB)
...
006 (63760.000.000) 08/02 22:18:23 Image size of job updated: 4871044
	2867  -  MemoryUsage of job (MB)
	2935508  -  ResidentSetSize of job (KB)
...
006 (63760.000.000) 08/02 22:33:16 Image size of job updated: 4972208
	2966  -  MemoryUsage of job (MB)
	3036256  -  ResidentSetSize of job (KB)
...
006 (63760.000.000) 08/02 22:47:49 Image size of job updated: 4985980
	2966  -  MemoryUsage of job (MB)
	3036256  -  ResidentSetSize of job (KB)
...
006 (63760.000.000) 08/02 23:03:01 Image size of job updated: 4985984
	2966  -  MemoryUsage of job (MB)
	3036256  -  ResidentSetSize of job (KB)
...
006 (63760.000.000) 08/02 23:19:46 Image size of job updated: 4985984
	2978  -  MemoryUsage of job (MB)
	3048768  -  ResidentSetSize of job (KB)
...
006 (63760.000.000) 08/02 23:29:19 Image size of job updated: 4985984
	3006  -  MemoryUsage of job (MB)
	3077544  -  ResidentSetSize of job (KB)
...
006 (63760.000.000) 08/03 00:07:01 Image size of job updated: 4985984
	3011  -  MemoryUsage of job (MB)
	3083136  -  ResidentSetSize of job (KB)
...
022 (63760.000.000) 08/03 00:40:27 Job disconnected, attempting to reconnect
    Socket between submit and execute hosts closed unexpectedly
    Trying to reconnect to slot1_28@node008.ppe.gla.ac.uk <10.194.1.8:9618?addrs=10.194.1.8-9618+[--1]-9618&noUDP&sock=37221_16ac_3>
...
024 (63760.000.000) 08/03 01:20:27 Job reconnection failed
    Job disconnected too long: JobLeaseDuration (2400 seconds) expired
    Can not reconnect to slot1_28@node008.ppe.gla.ac.uk, rescheduling job
...
009 (63760.000.000) 08/03 10:40:44 Job was aborted by the user.
	via condor_rm (by user jnugent)
...
000 (66164.000.000) 08/10 13:31:34 Job submitted from host: <172.20.203.50:9618?addrs=172.20.203.50-9618+[--1]-9618&noUDP&sock=7405_cae4_4>
...
001 (66164.000.000) 08/10 13:31:43 Job executing on host: <10.194.1.4:9618?addrs=10.194.1.4-9618+[--1]-9618&noUDP&sock=21589_d637_3>
...
006 (66164.000.000) 08/10 13:31:52 Image size of job updated: 48120
	47  -  MemoryUsage of job (MB)
	48120  -  ResidentSetSize of job (KB)
...
006 (66164.000.000) 08/10 13:36:53 Image size of job updated: 413852
	403  -  MemoryUsage of job (MB)
	411652  -  ResidentSetSize of job (KB)
...
006 (66164.000.000) 08/10 13:41:53 Image size of job updated: 723780
	705  -  MemoryUsage of job (MB)
	721420  -  ResidentSetSize of job (KB)
...
006 (66164.000.000) 08/10 13:51:54 Image size of job updated: 1031400
	948  -  MemoryUsage of job (MB)
	970104  -  ResidentSetSize of job (KB)
...
006 (66164.000.000) 08/10 14:06:56 Image size of job updated: 1158936
	948  -  MemoryUsage of job (MB)
	970104  -  ResidentSetSize of job (KB)
...
006 (66164.000.000) 08/10 14:11:57 Image size of job updated: 1159000
	948  -  MemoryUsage of job (MB)
	970104  -  ResidentSetSize of job (KB)
...
006 (66164.000.000) 08/10 14:47:00 Image size of job updated: 1203052
	948  -  MemoryUsage of job (MB)
	970104  -  ResidentSetSize of job (KB)
...
006 (66164.000.000) 08/10 17:27:18 Image size of job updated: 1378740
	948  -  MemoryUsage of job (MB)
	970104  -  ResidentSetSize of job (KB)
...
006 (66164.000.000) 08/10 18:22:24 Image size of job updated: 1541284
	948  -  MemoryUsage of job (MB)
	970104  -  ResidentSetSize of job (KB)
...
006 (66164.000.000) 08/10 20:02:34 Image size of job updated: 1552436
	948  -  MemoryUsage of job (MB)
	970104  -  ResidentSetSize of job (KB)
...
006 (66164.000.000) 08/10 20:17:35 Image size of job updated: 1564928
	948  -  MemoryUsage of job (MB)
	970104  -  ResidentSetSize of job (KB)
...
006 (66164.000.000) 08/10 20:37:37 Image size of job updated: 1614128
	948  -  MemoryUsage of job (MB)
	970104  -  ResidentSetSize of job (KB)
...
006 (66164.000.000) 08/10 20:47:38 Image size of job updated: 1750476
	948  -  MemoryUsage of job (MB)
	970104  -  ResidentSetSize of job (KB)
...
006 (66164.000.000) 08/10 21:27:43 Image size of job updated: 1827172
	948  -  MemoryUsage of job (MB)
	970104  -  ResidentSetSize of job (KB)
...
006 (66164.000.000) 08/10 21:52:46 Image size of job updated: 2058488
	948  -  MemoryUsage of job (MB)
	970104  -  ResidentSetSize of job (KB)
...
006 (66164.000.000) 08/10 22:27:49 Image size of job updated: 2135752
	948  -  MemoryUsage of job (MB)
	970104  -  ResidentSetSize of job (KB)
...
006 (66164.000.000) 08/10 22:42:51 Image size of job updated: 2478816
	948  -  MemoryUsage of job (MB)
	970104  -  ResidentSetSize of job (KB)
...
006 (66164.000.000) 08/10 22:47:54 Image size of job updated: 2517888
	968  -  MemoryUsage of job (MB)
	990544  -  ResidentSetSize of job (KB)
...
006 (66164.000.000) 08/10 22:53:56 Image size of job updated: 2556136
	1043  -  MemoryUsage of job (MB)
	1067032  -  ResidentSetSize of job (KB)
...
006 (66164.000.000) 08/10 22:57:51 Image size of job updated: 2560952
	1052  -  MemoryUsage of job (MB)
	1076660  -  ResidentSetSize of job (KB)
...
006 (66164.000.000) 08/10 23:02:51 Image size of job updated: 2598500
	1125  -  MemoryUsage of job (MB)
	1151748  -  ResidentSetSize of job (KB)
...
006 (66164.000.000) 08/10 23:12:53 Image size of job updated: 2619304
	1125  -  MemoryUsage of job (MB)
	1151748  -  ResidentSetSize of job (KB)
...
006 (66164.000.000) 08/10 23:17:53 Image size of job updated: 2637208
	1125  -  MemoryUsage of job (MB)
	1151748  -  ResidentSetSize of job (KB)
...
006 (66164.000.000) 08/10 23:37:49 Image size of job updated: 2660824
	1125  -  MemoryUsage of job (MB)
	1151748  -  ResidentSetSize of job (KB)
...
006 (66164.000.000) 08/11 00:17:48 Image size of job updated: 2988960
	1132  -  MemoryUsage of job (MB)
	1158592  -  ResidentSetSize of job (KB)
...
006 (66164.000.000) 08/11 01:12:09 Image size of job updated: 3139880
	1132  -  MemoryUsage of job (MB)
	1158592  -  ResidentSetSize of job (KB)
...
006 (66164.000.000) 08/11 13:02:41 Image size of job updated: 3240512
	1132  -  MemoryUsage of job (MB)
	1158592  -  ResidentSetSize of job (KB)
...
006 (66164.000.000) 08/11 13:52:47 Image size of job updated: 3469744
	1249  -  MemoryUsage of job (MB)
	1277996  -  ResidentSetSize of job (KB)
...
006 (66164.000.000) 08/11 14:47:52 Image size of job updated: 3804296
	1588  -  MemoryUsage of job (MB)
	1625716  -  ResidentSetSize of job (KB)
...
006 (66164.000.000) 08/11 14:52:52 Image size of job updated: 3844972
	1644  -  MemoryUsage of job (MB)
	1682740  -  ResidentSetSize of job (KB)
...
006 (66164.000.000) 08/11 14:57:53 Image size of job updated: 3924840
	1765  -  MemoryUsage of job (MB)
	1807084  -  ResidentSetSize of job (KB)
...
006 (66164.000.000) 08/11 15:02:54 Image size of job updated: 4036424
	1932  -  MemoryUsage of job (MB)
	1977936  -  ResidentSetSize of job (KB)
...
006 (66164.000.000) 08/11 15:08:47 Image size of job updated: 4063020
	1935  -  MemoryUsage of job (MB)
	1980432  -  ResidentSetSize of job (KB)
...
006 (66164.000.000) 08/11 15:12:55 Image size of job updated: 4099816
	1936  -  MemoryUsage of job (MB)
	1981752  -  ResidentSetSize of job (KB)
...
006 (66164.000.000) 08/11 15:17:56 Image size of job updated: 4160452
	1988  -  MemoryUsage of job (MB)
	2035216  -  ResidentSetSize of job (KB)
...
006 (66164.000.000) 08/11 15:22:56 Image size of job updated: 4216348
	1997  -  MemoryUsage of job (MB)
	2044536  -  ResidentSetSize of job (KB)
...
006 (66164.000.000) 08/11 15:27:56 Image size of job updated: 4263092
	2032  -  MemoryUsage of job (MB)
	2080664  -  ResidentSetSize of job (KB)
...
006 (66164.000.000) 08/11 15:32:57 Image size of job updated: 4314616
	2058  -  MemoryUsage of job (MB)
	2106688  -  ResidentSetSize of job (KB)
...
006 (66164.000.000) 08/11 15:37:58 Image size of job updated: 4353756
	2094  -  MemoryUsage of job (MB)
	2143560  -  ResidentSetSize of job (KB)
...
006 (66164.000.000) 08/11 15:42:58 Image size of job updated: 4408184
	2135  -  MemoryUsage of job (MB)
	2186200  -  ResidentSetSize of job (KB)
...
006 (66164.000.000) 08/11 15:47:59 Image size of job updated: 4459532
	2147  -  MemoryUsage of job (MB)
	2198084  -  ResidentSetSize of job (KB)
...
006 (66164.000.000) 08/11 15:53:00 Image size of job updated: 4506596
	2177  -  MemoryUsage of job (MB)
	2228772  -  ResidentSetSize of job (KB)
...
006 (66164.000.000) 08/11 15:53:38 Image size of job updated: 5934372
	2177  -  MemoryUsage of job (MB)
	2228772  -  ResidentSetSize of job (KB)
...
005 (66164.000.000) 08/11 15:53:45 Job terminated.
	(1) Normal termination (return value 137)
		Usr 0 04:58:39, Sys 0 00:22:59  -  Run Remote Usage
		Usr 0 00:00:00, Sys 0 00:00:00  -  Run Local Usage
		Usr 0 04:58:39, Sys 0 00:22:59  -  Total Remote Usage
		Usr 0 00:00:00, Sys 0 00:00:00  -  Total Local Usage
	5219  -  Run Bytes Sent By Job
	237  -  Run Bytes Received By Job
	5219  -  Total Bytes Sent By Job
	237  -  Total Bytes Received By Job
	Partitionable Resources :    Usage  Request Allocated
	   Cpus                 :                 1         1
	   Disk (KB)            :       15        1   4187667
	   Memory (MB)          :     2177     1024      1024
...
000 (500.000.000) 08/27 11:47:42 Job submitted from host: <194.36.1.211:9618?addrs=194.36.1.211-9618+[--1]-9618&noUDP&sock=1189_2232_3>
...
009 (500.000.000) 08/27 11:48:16 Job was aborted by the user.
	via condor_rm (by user jnugent)
...
000 (66321.000.000) 08/27 11:48:37 Job submitted from host: <172.20.203.50:9618?addrs=172.20.203.50-9618+[--1]-9618&noUDP&sock=7405_cae4_4>
...
001 (66321.000.000) 08/27 11:48:57 Job executing on host: <10.194.1.4:9618?addrs=10.194.1.4-9618+[--1]-9618&noUDP&sock=21589_d637_3>
...
006 (66321.000.000) 08/27 11:49:06 Image size of job updated: 14132
	14  -  MemoryUsage of job (MB)
	14132  -  ResidentSetSize of job (KB)
...
006 (66321.000.000) 08/27 11:54:06 Image size of job updated: 720132
	689  -  MemoryUsage of job (MB)
	705160  -  ResidentSetSize of job (KB)
...
006 (66321.000.000) 08/27 11:59:06 Image size of job updated: 783616
	689  -  MemoryUsage of job (MB)
	705160  -  ResidentSetSize of job (KB)
...
006 (66321.000.000) 08/27 12:09:08 Image size of job updated: 1110048
	724  -  MemoryUsage of job (MB)
	740752  -  ResidentSetSize of job (KB)
...
006 (66321.000.000) 08/27 12:39:10 Image size of job updated: 1127580
	724  -  MemoryUsage of job (MB)
	740752  -  ResidentSetSize of job (KB)
...
006 (66321.000.000) 08/27 12:44:11 Image size of job updated: 1127580
	819  -  MemoryUsage of job (MB)
	837964  -  ResidentSetSize of job (KB)
...
006 (66321.000.000) 08/27 12:54:11 Image size of job updated: 1198780
	819  -  MemoryUsage of job (MB)
	837964  -  ResidentSetSize of job (KB)
...
006 (66321.000.000) 08/27 14:39:23 Image size of job updated: 1225152
	828  -  MemoryUsage of job (MB)
	847052  -  ResidentSetSize of job (KB)
...
006 (66321.000.000) 08/27 15:04:26 Image size of job updated: 1384460
	938  -  MemoryUsage of job (MB)
	959968  -  ResidentSetSize of job (KB)
...
006 (66321.000.000) 08/27 16:19:35 Image size of job updated: 1416164
	1122  -  MemoryUsage of job (MB)
	1148752  -  ResidentSetSize of job (KB)
...
006 (66321.000.000) 08/27 16:44:37 Image size of job updated: 1498096
	1122  -  MemoryUsage of job (MB)
	1148752  -  ResidentSetSize of job (KB)
...
006 (66321.000.000) 08/27 17:24:41 Image size of job updated: 1765844
	1122  -  MemoryUsage of job (MB)
	1148752  -  ResidentSetSize of job (KB)
...
006 (66321.000.000) 08/27 17:49:47 Image size of job updated: 2296724
	1122  -  MemoryUsage of job (MB)
	1148752  -  ResidentSetSize of job (KB)
...
006 (66321.000.000) 08/27 18:04:46 Image size of job updated: 2403188
	1122  -  MemoryUsage of job (MB)
	1148752  -  ResidentSetSize of job (KB)
...
006 (66321.000.000) 08/27 18:29:49 Image size of job updated: 2407680
	1122  -  MemoryUsage of job (MB)
	1148752  -  ResidentSetSize of job (KB)
...
006 (66321.000.000) 08/27 18:44:51 Image size of job updated: 2621620
	1122  -  MemoryUsage of job (MB)
	1148752  -  ResidentSetSize of job (KB)
...
006 (66321.000.000) 08/27 18:49:51 Image size of job updated: 2636848
	1122  -  MemoryUsage of job (MB)
	1148752  -  ResidentSetSize of job (KB)
...
006 (66321.000.000) 08/27 18:54:51 Image size of job updated: 2689356
	1122  -  MemoryUsage of job (MB)
	1148752  -  ResidentSetSize of job (KB)
...
006 (66321.000.000) 08/27 19:04:53 Image size of job updated: 2712792
	1122  -  MemoryUsage of job (MB)
	1148752  -  ResidentSetSize of job (KB)
...
006 (66321.000.000) 08/27 19:09:53 Image size of job updated: 2800980
	1122  -  MemoryUsage of job (MB)
	1148752  -  ResidentSetSize of job (KB)
...
006 (66321.000.000) 08/27 19:19:54 Image size of job updated: 2820984
	1122  -  MemoryUsage of job (MB)
	1148752  -  ResidentSetSize of job (KB)
...
006 (66321.000.000) 08/27 19:24:54 Image size of job updated: 2947800
	1297  -  MemoryUsage of job (MB)
	1327176  -  ResidentSetSize of job (KB)
...
006 (66321.000.000) 08/27 19:29:54 Image size of job updated: 2968544
	1297  -  MemoryUsage of job (MB)
	1327184  -  ResidentSetSize of job (KB)
...
006 (66321.000.000) 08/27 19:38:57 Image size of job updated: 3016964
	1297  -  MemoryUsage of job (MB)
	1327184  -  ResidentSetSize of job (KB)
...
006 (66321.000.000) 08/27 20:24:25 Image size of job updated: 3081320
	1297  -  MemoryUsage of job (MB)
	1327184  -  ResidentSetSize of job (KB)
...
005 (66321.000.000) 08/27 21:41:25 Job terminated.
	(1) Normal termination (return value 135)
		Usr 0 03:09:22, Sys 0 00:10:15  -  Run Remote Usage
		Usr 0 00:00:00, Sys 0 00:00:00  -  Run Local Usage
		Usr 0 03:09:22, Sys 0 00:10:15  -  Total Remote Usage
		Usr 0 00:00:00, Sys 0 00:00:00  -  Total Local Usage
	6885  -  Run Bytes Sent By Job
	237  -  Run Bytes Received By Job
	6885  -  Total Bytes Sent By Job
	237  -  Total Bytes Received By Job
	Partitionable Resources :    Usage  Request Allocated
	   Cpus                 :                 1         1
	   Disk (KB)            :       17        1   4187667
	   Memory (MB)          :     1297     1024      1024
...
000 (621.000.000) 08/28 17:54:03 Job submitted from host: <194.36.1.211:9618?addrs=194.36.1.211-9618+[--1]-9618&noUDP&sock=1189_2232_3>
...
009 (621.000.000) 08/28 17:54:58 Job was aborted by the user.
	via condor_rm (by user jnugent)
...
000 (66444.000.000) 08/28 17:55:44 Job submitted from host: <172.20.203.50:9618?addrs=172.20.203.50-9618+[--1]-9618&noUDP&sock=7405_cae4_4>
...
001 (66444.000.000) 08/28 17:56:58 Job executing on host: <10.194.1.4:9618?addrs=10.194.1.4-9618+[--1]-9618&noUDP&sock=21589_d637_3>
...
006 (66444.000.000) 08/28 17:56:58 Image size of job updated: 1
	0  -  MemoryUsage of job (MB)
	0  -  ResidentSetSize of job (KB)
...
004 (66444.000.000) 08/28 17:56:58 Job was evicted.
	(0) Job was not checkpointed.
		Usr 0 00:00:00, Sys 0 00:00:00  -  Run Remote Usage
		Usr 0 00:00:00, Sys 0 00:00:00  -  Run Local Usage
	0  -  Run Bytes Sent By Job
	237  -  Run Bytes Received By Job
	Partitionable Resources :    Usage  Request Allocated
	   Cpus                 :                 1         1
	   Disk (KB)            :       11        1   4187667
	   Memory (MB)          :        0     1024      1024
...
009 (66444.000.000) 08/28 17:56:58 Job was aborted by the user.
	via condor_rm (by user jnugent)
...
000 (66544.000.000) 08/28 17:59:40 Job submitted from host: <172.20.203.50:9618?addrs=172.20.203.50-9618+[--1]-9618&noUDP&sock=7405_cae4_4>
...
001 (66544.000.000) 08/28 17:59:58 Job executing on host: <10.194.1.8:9618?addrs=10.194.1.8-9618+[--1]-9618&noUDP&sock=18553_64af_6>
...
006 (66544.000.000) 08/28 18:00:07 Image size of job updated: 338076
	331  -  MemoryUsage of job (MB)
	338076  -  ResidentSetSize of job (KB)
...
006 (66544.000.000) 08/28 18:05:08 Image size of job updated: 451684
	442  -  MemoryUsage of job (MB)
	451684  -  ResidentSetSize of job (KB)
...
006 (66544.000.000) 08/28 18:10:08 Image size of job updated: 508712
	497  -  MemoryUsage of job (MB)
	508712  -  ResidentSetSize of job (KB)
...
006 (66544.000.000) 08/28 18:15:09 Image size of job updated: 580772
	568  -  MemoryUsage of job (MB)
	580772  -  ResidentSetSize of job (KB)
...
006 (66544.000.000) 08/28 18:25:10 Image size of job updated: 618332
	604  -  MemoryUsage of job (MB)
	618332  -  ResidentSetSize of job (KB)
...
006 (66544.000.000) 08/28 18:30:10 Image size of job updated: 745832
	729  -  MemoryUsage of job (MB)
	745832  -  ResidentSetSize of job (KB)
...
006 (66544.000.000) 08/28 18:40:12 Image size of job updated: 781692
	764  -  MemoryUsage of job (MB)
	781692  -  ResidentSetSize of job (KB)
...
006 (66544.000.000) 08/28 18:45:12 Image size of job updated: 781692
	764  -  MemoryUsage of job (MB)
	781700  -  ResidentSetSize of job (KB)
...
006 (66544.000.000) 08/28 18:50:13 Image size of job updated: 802072
	784  -  MemoryUsage of job (MB)
	802072  -  ResidentSetSize of job (KB)
...
006 (66544.000.000) 08/28 18:55:14 Image size of job updated: 887792
	867  -  MemoryUsage of job (MB)
	887792  -  ResidentSetSize of job (KB)
...
006 (66544.000.000) 08/28 19:15:15 Image size of job updated: 942028
	920  -  MemoryUsage of job (MB)
	942028  -  ResidentSetSize of job (KB)
...
006 (66544.000.000) 08/28 19:20:15 Image size of job updated: 1114348
	1089  -  MemoryUsage of job (MB)
	1114348  -  ResidentSetSize of job (KB)
...
006 (66544.000.000) 08/28 19:25:16 Image size of job updated: 1183532
	1156  -  MemoryUsage of job (MB)
	1183532  -  ResidentSetSize of job (KB)
...
006 (66544.000.000) 08/28 19:55:20 Image size of job updated: 1218040
	1156  -  MemoryUsage of job (MB)
	1183532  -  ResidentSetSize of job (KB)
...
006 (66544.000.000) 08/28 20:05:21 Image size of job updated: 1439408
	1395  -  MemoryUsage of job (MB)
	1428168  -  ResidentSetSize of job (KB)
...
006 (66544.000.000) 08/28 20:35:24 Image size of job updated: 1505264
	1465  -  MemoryUsage of job (MB)
	1499404  -  ResidentSetSize of job (KB)
...
006 (66544.000.000) 08/28 20:50:26 Image size of job updated: 1554936
	1496  -  MemoryUsage of job (MB)
	1531376  -  ResidentSetSize of job (KB)
...
006 (66544.000.000) 08/28 21:00:26 Image size of job updated: 1605672
	1539  -  MemoryUsage of job (MB)
	1575252  -  ResidentSetSize of job (KB)
...
006 (66544.000.000) 08/28 21:05:27 Image size of job updated: 1772768
	1702  -  MemoryUsage of job (MB)
	1742612  -  ResidentSetSize of job (KB)
...
006 (66544.000.000) 08/28 21:15:27 Image size of job updated: 1802188
	1702  -  MemoryUsage of job (MB)
	1742612  -  ResidentSetSize of job (KB)
...
006 (66544.000.000) 08/28 21:25:29 Image size of job updated: 1820860
	1702  -  MemoryUsage of job (MB)
	1742612  -  ResidentSetSize of job (KB)
...
006 (66544.000.000) 08/28 21:35:29 Image size of job updated: 1855544
	1702  -  MemoryUsage of job (MB)
	1742612  -  ResidentSetSize of job (KB)
...
006 (66544.000.000) 08/28 21:40:30 Image size of job updated: 1936368
	1702  -  MemoryUsage of job (MB)
	1742612  -  ResidentSetSize of job (KB)
...
006 (66544.000.000) 08/28 21:45:30 Image size of job updated: 1956792
	1713  -  MemoryUsage of job (MB)
	1753508  -  ResidentSetSize of job (KB)
...
006 (66544.000.000) 08/28 21:50:30 Image size of job updated: 1976048
	1722  -  MemoryUsage of job (MB)
	1763128  -  ResidentSetSize of job (KB)
...
006 (66544.000.000) 08/28 21:55:31 Image size of job updated: 1976048
	1722  -  MemoryUsage of job (MB)
	1763136  -  ResidentSetSize of job (KB)
...
006 (66544.000.000) 08/28 22:10:32 Image size of job updated: 2211636
	1948  -  MemoryUsage of job (MB)
	1994260  -  ResidentSetSize of job (KB)
...
006 (66544.000.000) 08/28 22:28:29 Image size of job updated: 2216308
	1948  -  MemoryUsage of job (MB)
	1994260  -  ResidentSetSize of job (KB)
...
006 (66544.000.000) 08/28 23:51:50 Image size of job updated: 2243552
	1948  -  MemoryUsage of job (MB)
	1994260  -  ResidentSetSize of job (KB)
...
006 (66544.000.000) 08/29 00:06:52 Image size of job updated: 2409056
	1948  -  MemoryUsage of job (MB)
	1994260  -  ResidentSetSize of job (KB)
...
006 (66544.000.000) 08/29 00:11:52 Image size of job updated: 2550512
	1948  -  MemoryUsage of job (MB)
	1994260  -  ResidentSetSize of job (KB)
...
006 (66544.000.000) 08/29 00:26:54 Image size of job updated: 2977956
	1948  -  MemoryUsage of job (MB)
	1994260  -  ResidentSetSize of job (KB)
...
006 (66544.000.000) 08/29 01:01:57 Image size of job updated: 3136748
	1948  -  MemoryUsage of job (MB)
	1994260  -  ResidentSetSize of job (KB)
...
006 (66544.000.000) 08/29 01:11:59 Image size of job updated: 3140872
	1948  -  MemoryUsage of job (MB)
	1994260  -  ResidentSetSize of job (KB)
...
006 (66544.000.000) 08/29 01:52:03 Image size of job updated: 3435644
	1948  -  MemoryUsage of job (MB)
	1994260  -  ResidentSetSize of job (KB)
...
006 (66544.000.000) 08/29 02:07:05 Image size of job updated: 3450804
	1948  -  MemoryUsage of job (MB)
	1994260  -  ResidentSetSize of job (KB)
...
006 (66544.000.000) 08/29 02:27:07 Image size of job updated: 3539216
	1948  -  MemoryUsage of job (MB)
	1994260  -  ResidentSetSize of job (KB)
...
006 (66544.000.000) 08/29 02:57:10 Image size of job updated: 3643604
	1948  -  MemoryUsage of job (MB)
	1994260  -  ResidentSetSize of job (KB)
...
006 (66544.000.000) 08/29 03:02:11 Image size of job updated: 3770460
	1948  -  MemoryUsage of job (MB)
	1994260  -  ResidentSetSize of job (KB)
...
006 (66544.000.000) 08/29 03:22:13 Image size of job updated: 3849012
	1948  -  MemoryUsage of job (MB)
	1994260  -  ResidentSetSize of job (KB)
...
006 (66544.000.000) 08/29 03:32:15 Image size of job updated: 3946776
	1948  -  MemoryUsage of job (MB)
	1994260  -  ResidentSetSize of job (KB)
...
006 (66544.000.000) 08/29 03:52:17 Image size of job updated: 4074088
	1948  -  MemoryUsage of job (MB)
	1994260  -  ResidentSetSize of job (KB)
...
006 (66544.000.000) 08/29 04:22:21 Image size of job updated: 4077576
	1948  -  MemoryUsage of job (MB)
	1994260  -  ResidentSetSize of job (KB)
...
006 (66544.000.000) 08/29 05:02:24 Image size of job updated: 4968448
	2760  -  MemoryUsage of job (MB)
	2825712  -  ResidentSetSize of job (KB)
...
006 (66544.000.000) 08/29 06:22:50 Image size of job updated: 5099160
	2922  -  MemoryUsage of job (MB)
	2991452  -  ResidentSetSize of job (KB)
...
006 (66544.000.000) 08/29 06:57:37 Image size of job updated: 5208500
	3029  -  MemoryUsage of job (MB)
	3100800  -  ResidentSetSize of job (KB)
...
006 (66544.000.000) 08/29 07:47:48 Image size of job updated: 5391620
	3029  -  MemoryUsage of job (MB)
	3100800  -  ResidentSetSize of job (KB)
...
006 (66544.000.000) 08/29 08:12:45 Image size of job updated: 5582956
	3062  -  MemoryUsage of job (MB)
	3135140  -  ResidentSetSize of job (KB)
...
006 (66544.000.000) 08/29 08:27:47 Image size of job updated: 5640448
	3118  -  MemoryUsage of job (MB)
	3192500  -  ResidentSetSize of job (KB)
...
006 (66544.000.000) 08/29 08:52:49 Image size of job updated: 5668292
	3145  -  MemoryUsage of job (MB)
	3220084  -  ResidentSetSize of job (KB)
...
006 (66544.000.000) 08/29 08:57:49 Image size of job updated: 5731868
	3206  -  MemoryUsage of job (MB)
	3282760  -  ResidentSetSize of job (KB)
...
006 (66544.000.000) 08/29 09:02:50 Image size of job updated: 5731868
	3210  -  MemoryUsage of job (MB)
	3286100  -  ResidentSetSize of job (KB)
...
006 (66544.000.000) 08/29 19:50:34 Image size of job updated: 5731868
	3219  -  MemoryUsage of job (MB)
	3295496  -  ResidentSetSize of job (KB)
...
006 (66544.000.000) 08/29 19:55:19 Image size of job updated: 5731868
	3240  -  MemoryUsage of job (MB)
	3316800  -  ResidentSetSize of job (KB)
...
006 (66544.000.000) 08/29 20:00:20 Image size of job updated: 5731868
	3250  -  MemoryUsage of job (MB)
	3327380  -  ResidentSetSize of job (KB)
...
006 (66544.000.000) 08/29 20:09:17 Image size of job updated: 5737228
	3309  -  MemoryUsage of job (MB)
	3387848  -  ResidentSetSize of job (KB)
...
006 (66544.000.000) 08/29 20:25:35 Image size of job updated: 5855680
	3455  -  MemoryUsage of job (MB)
	3537800  -  ResidentSetSize of job (KB)
...
006 (66544.000.000) 08/29 20:47:45 Image size of job updated: 6412340
	3934  -  MemoryUsage of job (MB)
	4028200  -  ResidentSetSize of job (KB)
...
006 (66544.000.000) 08/29 21:07:23 Image size of job updated: 6522344
	3967  -  MemoryUsage of job (MB)
	4061532  -  ResidentSetSize of job (KB)
...
005 (66544.000.000) 08/30 00:41:46 Job terminated.
	(1) Normal termination (return value 0)
		Usr 0 15:40:18, Sys 0 00:41:20  -  Run Remote Usage
		Usr 0 00:00:00, Sys 0 00:00:00  -  Run Local Usage
		Usr 0 15:40:18, Sys 0 00:41:20  -  Total Remote Usage
		Usr 0 00:00:00, Sys 0 00:00:00  -  Total Local Usage
	4645214  -  Run Bytes Sent By Job
	237  -  Run Bytes Received By Job
	4645214  -  Total Bytes Sent By Job
	237  -  Total Bytes Received By Job
	Partitionable Resources :    Usage  Request Allocated
	   Cpus                 :                 1         1
	   Disk (KB)            :     4546        1  10479086
	   Memory (MB)          :     3967     1024      1024
...
