000 (96821.000.000) 09/23 16:58:47 Job submitted from host: <172.20.203.50:9618?addrs=172.20.203.50-9618+[--1]-9618&noUDP&sock=7405_cae4_4>
...
001 (96821.000.000) 09/23 16:58:56 Job executing on host: <10.194.1.8:9618?addrs=10.194.1.8-9618+[--1]-9618&noUDP&sock=5976_9e0e_3>
...
006 (96821.000.000) 09/23 16:59:05 Image size of job updated: 58124
	50  -  MemoryUsage of job (MB)
	50320  -  ResidentSetSize of job (KB)
...
006 (96821.000.000) 09/23 17:04:06 Image size of job updated: 373244
	357  -  MemoryUsage of job (MB)
	364868  -  ResidentSetSize of job (KB)
...
006 (96821.000.000) 09/23 17:09:06 Image size of job updated: 534772
	515  -  MemoryUsage of job (MB)
	526396  -  ResidentSetSize of job (KB)
...
006 (96821.000.000) 09/23 17:14:06 Image size of job updated: 791348
	765  -  MemoryUsage of job (MB)
	782972  -  ResidentSetSize of job (KB)
...
006 (96821.000.000) 09/23 17:24:08 Image size of job updated: 797180
	771  -  MemoryUsage of job (MB)
	788804  -  ResidentSetSize of job (KB)
...
006 (96821.000.000) 09/23 17:29:08 Image size of job updated: 844692
	817  -  MemoryUsage of job (MB)
	836316  -  ResidentSetSize of job (KB)
...
006 (96821.000.000) 09/23 17:34:08 Image size of job updated: 1023936
	992  -  MemoryUsage of job (MB)
	1015560  -  ResidentSetSize of job (KB)
...
006 (96821.000.000) 09/23 17:39:09 Image size of job updated: 1222452
	1186  -  MemoryUsage of job (MB)
	1214076  -  ResidentSetSize of job (KB)
...
006 (96821.000.000) 09/23 17:44:10 Image size of job updated: 1320104
	1281  -  MemoryUsage of job (MB)
	1311728  -  ResidentSetSize of job (KB)
...
006 (96821.000.000) 09/23 17:49:11 Image size of job updated: 1537748
	1494  -  MemoryUsage of job (MB)
	1529372  -  ResidentSetSize of job (KB)
...
006 (96821.000.000) 09/23 18:04:12 Image size of job updated: 1547464
	1504  -  MemoryUsage of job (MB)
	1539088  -  ResidentSetSize of job (KB)
...
006 (96821.000.000) 09/23 18:24:14 Image size of job updated: 1785348
	1736  -  MemoryUsage of job (MB)
	1776972  -  ResidentSetSize of job (KB)
...
006 (96821.000.000) 09/23 18:49:17 Image size of job updated: 2050916
	1995  -  MemoryUsage of job (MB)
	2042540  -  ResidentSetSize of job (KB)
...
006 (96821.000.000) 09/23 19:39:22 Image size of job updated: 2449772
	2385  -  MemoryUsage of job (MB)
	2441396  -  ResidentSetSize of job (KB)
...
006 (96821.000.000) 09/23 20:09:24 Image size of job updated: 2593796
	2525  -  MemoryUsage of job (MB)
	2585420  -  ResidentSetSize of job (KB)
...
006 (96821.000.000) 09/23 20:29:26 Image size of job updated: 2777600
	2705  -  MemoryUsage of job (MB)
	2769224  -  ResidentSetSize of job (KB)
...
006 (96821.000.000) 09/23 20:59:30 Image size of job updated: 2897644
	2822  -  MemoryUsage of job (MB)
	2889208  -  ResidentSetSize of job (KB)
...
006 (96821.000.000) 09/23 21:04:30 Image size of job updated: 2987228
	2909  -  MemoryUsage of job (MB)
	2978792  -  ResidentSetSize of job (KB)
...
006 (96821.000.000) 09/23 21:09:30 Image size of job updated: 3119596
	3039  -  MemoryUsage of job (MB)
	3111156  -  ResidentSetSize of job (KB)
...
006 (96821.000.000) 09/23 21:14:31 Image size of job updated: 3179968
	3098  -  MemoryUsage of job (MB)
	3171524  -  ResidentSetSize of job (KB)
...
006 (96821.000.000) 09/23 21:24:33 Image size of job updated: 3293152
	3208  -  MemoryUsage of job (MB)
	3284684  -  ResidentSetSize of job (KB)
...
006 (96821.000.000) 09/23 21:39:35 Image size of job updated: 3380724
	3294  -  MemoryUsage of job (MB)
	3372184  -  ResidentSetSize of job (KB)
...
006 (96821.000.000) 09/23 21:59:37 Image size of job updated: 3532008
	3441  -  MemoryUsage of job (MB)
	3523160  -  ResidentSetSize of job (KB)
...
006 (96821.000.000) 09/23 22:04:39 Image size of job updated: 4627212
	4391  -  MemoryUsage of job (MB)
	4496136  -  ResidentSetSize of job (KB)
...
006 (96821.000.000) 09/23 22:09:39 Image size of job updated: 4628824
	4391  -  MemoryUsage of job (MB)
	4496136  -  ResidentSetSize of job (KB)
...
006 (96821.000.000) 09/23 22:19:39 Image size of job updated: 4747820
	4391  -  MemoryUsage of job (MB)
	4496136  -  ResidentSetSize of job (KB)
...
006 (96821.000.000) 09/23 22:24:40 Image size of job updated: 4833252
	4391  -  MemoryUsage of job (MB)
	4496136  -  ResidentSetSize of job (KB)
...
006 (96821.000.000) 09/23 22:29:41 Image size of job updated: 4980992
	4391  -  MemoryUsage of job (MB)
	4496136  -  ResidentSetSize of job (KB)
...
006 (96821.000.000) 09/23 22:34:41 Image size of job updated: 5104448
	4391  -  MemoryUsage of job (MB)
	4496136  -  ResidentSetSize of job (KB)
...
005 (96821.000.000) 09/24 06:00:41 Job terminated.
	(1) Normal termination (return value 0)
		Usr 0 10:42:06, Sys 0 00:23:27  -  Run Remote Usage
		Usr 0 00:00:00, Sys 0 00:00:00  -  Run Local Usage
		Usr 0 10:42:06, Sys 0 00:23:27  -  Total Remote Usage
		Usr 0 00:00:00, Sys 0 00:00:00  -  Total Local Usage
	1000392  -  Run Bytes Sent By Job
	237  -  Run Bytes Received By Job
	1000392  -  Total Bytes Sent By Job
	237  -  Total Bytes Received By Job
	Partitionable Resources :    Usage  Request Allocated
	   Cpus                 :                 1         1
	   Disk (KB)            :      987        1  10479108
	   Memory (MB)          :     4391     1024      1024
...
000 (96871.000.000) 09/24 14:18:52 Job submitted from host: <172.20.203.50:9618?addrs=172.20.203.50-9618+[--1]-9618&noUDP&sock=7405_cae4_4>
...
001 (96871.000.000) 09/24 14:18:57 Job executing on host: <10.194.1.8:9618?addrs=10.194.1.8-9618+[--1]-9618&noUDP&sock=5976_9e0e_3>
...
006 (96871.000.000) 09/24 14:19:06 Image size of job updated: 55604
	52  -  MemoryUsage of job (MB)
	52372  -  ResidentSetSize of job (KB)
...
006 (96871.000.000) 09/24 14:24:07 Image size of job updated: 745204
	725  -  MemoryUsage of job (MB)
	741932  -  ResidentSetSize of job (KB)
...
006 (96871.000.000) 09/24 14:34:09 Image size of job updated: 1123752
	1095  -  MemoryUsage of job (MB)
	1120480  -  ResidentSetSize of job (KB)
...
006 (96871.000.000) 09/24 14:49:11 Image size of job updated: 1140984
	1112  -  MemoryUsage of job (MB)
	1137712  -  ResidentSetSize of job (KB)
...
006 (96871.000.000) 09/24 14:54:11 Image size of job updated: 1140984
	1113  -  MemoryUsage of job (MB)
	1139000  -  ResidentSetSize of job (KB)
...
006 (96871.000.000) 09/24 14:59:11 Image size of job updated: 1262616
	1189  -  MemoryUsage of job (MB)
	1216540  -  ResidentSetSize of job (KB)
...
006 (96871.000.000) 09/24 15:04:12 Image size of job updated: 1264632
	1191  -  MemoryUsage of job (MB)
	1218608  -  ResidentSetSize of job (KB)
...
006 (96871.000.000) 09/24 15:09:13 Image size of job updated: 1264632
	1191  -  MemoryUsage of job (MB)
	1219212  -  ResidentSetSize of job (KB)
...
006 (96871.000.000) 09/24 15:19:13 Image size of job updated: 1285668
	1195  -  MemoryUsage of job (MB)
	1223488  -  ResidentSetSize of job (KB)
...
006 (96871.000.000) 09/24 15:24:14 Image size of job updated: 1285668
	1203  -  MemoryUsage of job (MB)
	1231064  -  ResidentSetSize of job (KB)
...
006 (96871.000.000) 09/24 15:29:14 Image size of job updated: 1346368
	1258  -  MemoryUsage of job (MB)
	1287988  -  ResidentSetSize of job (KB)
...
006 (96871.000.000) 09/24 15:34:14 Image size of job updated: 1422704
	1327  -  MemoryUsage of job (MB)
	1358060  -  ResidentSetSize of job (KB)
...
006 (96871.000.000) 09/24 15:39:15 Image size of job updated: 1934620
	1822  -  MemoryUsage of job (MB)
	1865480  -  ResidentSetSize of job (KB)
...
006 (96871.000.000) 09/24 16:09:18 Image size of job updated: 2326760
	2173  -  MemoryUsage of job (MB)
	2224780  -  ResidentSetSize of job (KB)
...
006 (96871.000.000) 09/24 16:34:20 Image size of job updated: 2589944
	2450  -  MemoryUsage of job (MB)
	2508772  -  ResidentSetSize of job (KB)
...
006 (96871.000.000) 09/24 16:59:22 Image size of job updated: 2938496
	2789  -  MemoryUsage of job (MB)
	2855200  -  ResidentSetSize of job (KB)
...
006 (96871.000.000) 09/24 17:14:24 Image size of job updated: 3118992
	2941  -  MemoryUsage of job (MB)
	3011548  -  ResidentSetSize of job (KB)
...
006 (96871.000.000) 09/24 17:29:26 Image size of job updated: 3148284
	2941  -  MemoryUsage of job (MB)
	3011548  -  ResidentSetSize of job (KB)
...
006 (96871.000.000) 09/24 17:34:26 Image size of job updated: 3356876
	3106  -  MemoryUsage of job (MB)
	3180424  -  ResidentSetSize of job (KB)
...
006 (96871.000.000) 09/24 17:39:26 Image size of job updated: 3356876
	3106  -  MemoryUsage of job (MB)
	3180432  -  ResidentSetSize of job (KB)
...
006 (96871.000.000) 09/24 17:49:27 Image size of job updated: 3411460
	3106  -  MemoryUsage of job (MB)
	3180432  -  ResidentSetSize of job (KB)
...
006 (96871.000.000) 09/24 17:54:27 Image size of job updated: 3765788
	3234  -  MemoryUsage of job (MB)
	3310636  -  ResidentSetSize of job (KB)
...
005 (96871.000.000) 09/24 22:32:41 Job terminated.
	(1) Normal termination (return value 0)
		Usr 0 07:39:09, Sys 0 00:20:49  -  Run Remote Usage
		Usr 0 00:00:00, Sys 0 00:00:00  -  Run Local Usage
		Usr 0 07:39:09, Sys 0 00:20:49  -  Total Remote Usage
		Usr 0 00:00:00, Sys 0 00:00:00  -  Total Local Usage
	1034052  -  Run Bytes Sent By Job
	237  -  Run Bytes Received By Job
	1034052  -  Total Bytes Sent By Job
	237  -  Total Bytes Received By Job
	Partitionable Resources :    Usage  Request Allocated
	   Cpus                 :                 1         1
	   Disk (KB)            :     1020        1  10479108
	   Memory (MB)          :     3234    10240     10240
...
