000 (97166.000.000) 09/28 09:40:17 Job submitted from host: <172.20.203.50:9618?addrs=172.20.203.50-9618+[--1]-9618&noUDP&sock=7405_cae4_4>
...
001 (97166.000.000) 09/29 04:54:21 Job executing on host: <10.194.1.8:9618?addrs=10.194.1.8-9618+[--1]-9618&noUDP&sock=5976_9e0e_3>
...
006 (97166.000.000) 09/29 04:54:29 Image size of job updated: 48284
	47  -  MemoryUsage of job (MB)
	48116  -  ResidentSetSize of job (KB)
...
006 (97166.000.000) 09/29 04:59:29 Image size of job updated: 513940
	502  -  MemoryUsage of job (MB)
	513772  -  ResidentSetSize of job (KB)
...
006 (97166.000.000) 09/29 05:04:29 Image size of job updated: 769224
	752  -  MemoryUsage of job (MB)
	769056  -  ResidentSetSize of job (KB)
...
006 (97166.000.000) 09/29 05:09:29 Image size of job updated: 930748
	909  -  MemoryUsage of job (MB)
	930580  -  ResidentSetSize of job (KB)
...
006 (97166.000.000) 09/29 05:54:34 Image size of job updated: 1230976
	1202  -  MemoryUsage of job (MB)
	1230808  -  ResidentSetSize of job (KB)
...
006 (97166.000.000) 09/29 06:14:37 Image size of job updated: 1282096
	1252  -  MemoryUsage of job (MB)
	1281732  -  ResidentSetSize of job (KB)
...
006 (97166.000.000) 09/29 06:19:38 Image size of job updated: 1318788
	1288  -  MemoryUsage of job (MB)
	1318228  -  ResidentSetSize of job (KB)
...
006 (97166.000.000) 09/29 06:39:40 Image size of job updated: 1682648
	1642  -  MemoryUsage of job (MB)
	1681020  -  ResidentSetSize of job (KB)
...
006 (97166.000.000) 09/29 07:39:46 Image size of job updated: 1865172
	1818  -  MemoryUsage of job (MB)
	1860872  -  ResidentSetSize of job (KB)
...
006 (97166.000.000) 09/29 07:44:47 Image size of job updated: 1865172
	1822  -  MemoryUsage of job (MB)
	1865124  -  ResidentSetSize of job (KB)
...
006 (97166.000.000) 09/29 07:59:49 Image size of job updated: 2097708
	2045  -  MemoryUsage of job (MB)
	2093140  -  ResidentSetSize of job (KB)
...
006 (97166.000.000) 09/29 08:14:50 Image size of job updated: 2127044
	2072  -  MemoryUsage of job (MB)
	2121596  -  ResidentSetSize of job (KB)
...
006 (97166.000.000) 09/29 08:29:52 Image size of job updated: 2374944
	2313  -  MemoryUsage of job (MB)
	2368296  -  ResidentSetSize of job (KB)
...
006 (97166.000.000) 09/29 09:04:56 Image size of job updated: 2531560
	2464  -  MemoryUsage of job (MB)
	2522244  -  ResidentSetSize of job (KB)
...
006 (97166.000.000) 09/29 09:29:59 Image size of job updated: 2549668
	2482  -  MemoryUsage of job (MB)
	2541472  -  ResidentSetSize of job (KB)
...
006 (97166.000.000) 09/29 09:50:01 Image size of job updated: 2762260
	2690  -  MemoryUsage of job (MB)
	2753608  -  ResidentSetSize of job (KB)
...
006 (97166.000.000) 09/29 10:10:05 Image size of job updated: 3024924
	2869  -  MemoryUsage of job (MB)
	2937208  -  ResidentSetSize of job (KB)
...
006 (97166.000.000) 09/29 10:15:05 Image size of job updated: 3024924
	2869  -  MemoryUsage of job (MB)
	2937684  -  ResidentSetSize of job (KB)
...
006 (97166.000.000) 09/29 10:50:09 Image size of job updated: 3308040
	3139  -  MemoryUsage of job (MB)
	3213876  -  ResidentSetSize of job (KB)
...
006 (97166.000.000) 09/29 11:20:12 Image size of job updated: 3462152
	3286  -  MemoryUsage of job (MB)
	3364372  -  ResidentSetSize of job (KB)
...
006 (97166.000.000) 09/29 12:00:16 Image size of job updated: 3625056
	3434  -  MemoryUsage of job (MB)
	3515752  -  ResidentSetSize of job (KB)
...
006 (97166.000.000) 09/29 12:20:21 Image size of job updated: 4457208
	4305  -  MemoryUsage of job (MB)
	4408208  -  ResidentSetSize of job (KB)
...
006 (97166.000.000) 09/29 12:25:18 Image size of job updated: 5108316
	4956  -  MemoryUsage of job (MB)
	5074704  -  ResidentSetSize of job (KB)
...
005 (97166.000.000) 09/30 00:46:02 Job terminated.
	(1) Normal termination (return value 0)
		Usr 0 11:22:38, Sys 0 00:32:58  -  Run Remote Usage
		Usr 0 00:00:00, Sys 0 00:00:00  -  Run Local Usage
		Usr 0 11:22:38, Sys 0 00:32:58  -  Total Remote Usage
		Usr 0 00:00:00, Sys 0 00:00:00  -  Total Local Usage
	787625  -  Run Bytes Sent By Job
	238  -  Run Bytes Received By Job
	787625  -  Total Bytes Sent By Job
	238  -  Total Bytes Received By Job
	Partitionable Resources :    Usage  Request Allocated
	   Cpus                 :                 1         1
	   Disk (KB)            :      779        1  10479108
	   Memory (MB)          :     4956    10240     10240
...
