000 (97169.000.000) 09/28 09:40:17 Job submitted from host: <172.20.203.50:9618?addrs=172.20.203.50-9618+[--1]-9618&noUDP&sock=7405_cae4_4>
...
001 (97169.000.000) 09/29 04:54:21 Job executing on host: <10.194.1.8:9618?addrs=10.194.1.8-9618+[--1]-9618&noUDP&sock=5976_9e0e_3>
...
006 (97169.000.000) 09/29 04:54:30 Image size of job updated: 48224
	47  -  MemoryUsage of job (MB)
	48124  -  ResidentSetSize of job (KB)
...
006 (97169.000.000) 09/29 04:59:31 Image size of job updated: 689800
	674  -  MemoryUsage of job (MB)
	689348  -  ResidentSetSize of job (KB)
...
006 (97169.000.000) 09/29 05:14:33 Image size of job updated: 790724
	756  -  MemoryUsage of job (MB)
	773152  -  ResidentSetSize of job (KB)
...
006 (97169.000.000) 09/29 05:19:33 Image size of job updated: 790724
	756  -  MemoryUsage of job (MB)
	773168  -  ResidentSetSize of job (KB)
...
006 (97169.000.000) 09/29 05:24:34 Image size of job updated: 1126852
	1068  -  MemoryUsage of job (MB)
	1092792  -  ResidentSetSize of job (KB)
...
006 (97169.000.000) 09/29 05:54:36 Image size of job updated: 1311060
	1265  -  MemoryUsage of job (MB)
	1294552  -  ResidentSetSize of job (KB)
...
006 (97169.000.000) 09/29 06:09:38 Image size of job updated: 1454968
	1394  -  MemoryUsage of job (MB)
	1426520  -  ResidentSetSize of job (KB)
...
006 (97169.000.000) 09/29 06:39:41 Image size of job updated: 1660204
	1581  -  MemoryUsage of job (MB)
	1618448  -  ResidentSetSize of job (KB)
...
006 (97169.000.000) 09/29 07:14:44 Image size of job updated: 1873968
	1772  -  MemoryUsage of job (MB)
	1813632  -  ResidentSetSize of job (KB)
...
006 (97169.000.000) 09/29 08:09:50 Image size of job updated: 1886608
	1773  -  MemoryUsage of job (MB)
	1814932  -  ResidentSetSize of job (KB)
...
006 (97169.000.000) 09/29 08:14:50 Image size of job updated: 2065204
	1947  -  MemoryUsage of job (MB)
	1993496  -  ResidentSetSize of job (KB)
...
006 (97169.000.000) 09/29 08:39:52 Image size of job updated: 2092076
	1958  -  MemoryUsage of job (MB)
	2004676  -  ResidentSetSize of job (KB)
...
006 (97169.000.000) 09/29 08:44:53 Image size of job updated: 2163852
	2028  -  MemoryUsage of job (MB)
	2076296  -  ResidentSetSize of job (KB)
...
006 (97169.000.000) 09/29 08:54:53 Image size of job updated: 2375464
	2235  -  MemoryUsage of job (MB)
	2287680  -  ResidentSetSize of job (KB)
...
006 (97169.000.000) 09/29 09:14:56 Image size of job updated: 2611796
	2385  -  MemoryUsage of job (MB)
	2441736  -  ResidentSetSize of job (KB)
...
006 (97169.000.000) 09/29 10:05:06 Image size of job updated: 2611796
	2391  -  MemoryUsage of job (MB)
	2447868  -  ResidentSetSize of job (KB)
...
006 (97169.000.000) 09/29 10:15:02 Image size of job updated: 2611836
	2391  -  MemoryUsage of job (MB)
	2447868  -  ResidentSetSize of job (KB)
...
006 (97169.000.000) 09/29 10:25:03 Image size of job updated: 2858492
	2592  -  MemoryUsage of job (MB)
	2653796  -  ResidentSetSize of job (KB)
...
006 (97169.000.000) 09/29 10:35:04 Image size of job updated: 2921352
	2652  -  MemoryUsage of job (MB)
	2714772  -  ResidentSetSize of job (KB)
...
006 (97169.000.000) 09/29 10:50:06 Image size of job updated: 3229996
	2945  -  MemoryUsage of job (MB)
	3014880  -  ResidentSetSize of job (KB)
...
006 (97169.000.000) 09/29 11:35:10 Image size of job updated: 3370608
	3044  -  MemoryUsage of job (MB)
	3116788  -  ResidentSetSize of job (KB)
...
006 (97169.000.000) 09/29 11:55:12 Image size of job updated: 3726660
	3391  -  MemoryUsage of job (MB)
	3471464  -  ResidentSetSize of job (KB)
...
006 (97169.000.000) 09/29 12:20:16 Image size of job updated: 4245644
	3925  -  MemoryUsage of job (MB)
	4019096  -  ResidentSetSize of job (KB)
...
006 (97169.000.000) 09/29 12:25:15 Image size of job updated: 4680616
	4397  -  MemoryUsage of job (MB)
	4502308  -  ResidentSetSize of job (KB)
...
005 (97169.000.000) 09/30 00:46:00 Job terminated.
	(1) Normal termination (return value 0)
		Usr 0 11:11:01, Sys 0 00:33:49  -  Run Remote Usage
		Usr 0 00:00:00, Sys 0 00:00:00  -  Run Local Usage
		Usr 0 11:11:01, Sys 0 00:33:49  -  Total Remote Usage
		Usr 0 00:00:00, Sys 0 00:00:00  -  Total Local Usage
	787600  -  Run Bytes Sent By Job
	237  -  Run Bytes Received By Job
	787600  -  Total Bytes Sent By Job
	237  -  Total Bytes Received By Job
	Partitionable Resources :    Usage  Request Allocated
	   Cpus                 :                 1         1
	   Disk (KB)            :      779        1  10479108
	   Memory (MB)          :     4397    10240     10240
...
