000 (39106.000.000) 2021-07-20 16:26:42 Job submitted from host: <194.36.1.200:9618?addrs=194.36.1.200-9618&alias=hex.ppe.gla.ac.uk&noUDP&sock=schedd_1401_8c46>
...
040 (39106.000.000) 2021-07-20 16:32:03 Started transferring input files
	Transferring to host: <192.168.16.101:9618?addrs=192.168.16.101-9618&alias=condor-h16-01.ppe.cluster&noUDP&sock=slot1_1_21991_6617_281>
...
040 (39106.000.000) 2021-07-20 16:32:03 Finished transferring input files
...
001 (39106.000.000) 2021-07-20 16:32:04 Job executing on host: <192.168.16.101:9618?addrs=192.168.16.101-9618&alias=condor-h16-01.ppe.cluster&noUDP&sock=startd_2155_baae>
...
006 (39106.000.000) 2021-07-20 16:32:12 Image size of job updated: 81164
	48  -  MemoryUsage of job (MB)
	48188  -  ResidentSetSize of job (KB)
...
006 (39106.000.000) 2021-07-20 16:37:12 Image size of job updated: 1770160
	1090  -  MemoryUsage of job (MB)
	1115464  -  ResidentSetSize of job (KB)
...
006 (39106.000.000) 2021-07-20 16:42:13 Image size of job updated: 3017760
	1543  -  MemoryUsage of job (MB)
	1579344  -  ResidentSetSize of job (KB)
...
006 (39106.000.000) 2021-07-20 16:47:14 Image size of job updated: 3274056
	2471  -  MemoryUsage of job (MB)
	2529804  -  ResidentSetSize of job (KB)
...
006 (39106.000.000) 2021-07-20 16:52:14 Image size of job updated: 4524728
	2550  -  MemoryUsage of job (MB)
	2610900  -  ResidentSetSize of job (KB)
...
006 (39106.000.000) 2021-07-20 16:57:15 Image size of job updated: 4524728
	3416  -  MemoryUsage of job (MB)
	3497200  -  ResidentSetSize of job (KB)
...
006 (39106.000.000) 2021-07-20 17:02:16 Image size of job updated: 5729096
	3416  -  MemoryUsage of job (MB)
	3497208  -  ResidentSetSize of job (KB)
...
006 (39106.000.000) 2021-07-20 17:07:16 Image size of job updated: 5729096
	3570  -  MemoryUsage of job (MB)
	3654868  -  ResidentSetSize of job (KB)
...
006 (39106.000.000) 2021-07-20 17:12:16 Image size of job updated: 5729096
	3643  -  MemoryUsage of job (MB)
	3729884  -  ResidentSetSize of job (KB)
...
006 (39106.000.000) 2021-07-20 17:17:17 Image size of job updated: 8141392
	4213  -  MemoryUsage of job (MB)
	4313824  -  ResidentSetSize of job (KB)
...
006 (39106.000.000) 2021-07-20 17:22:17 Image size of job updated: 8141392
	4213  -  MemoryUsage of job (MB)
	4313828  -  ResidentSetSize of job (KB)
...
006 (39106.000.000) 2021-07-20 17:27:17 Image size of job updated: 8141392
	4382  -  MemoryUsage of job (MB)
	4486780  -  ResidentSetSize of job (KB)
...
006 (39106.000.000) 2021-07-20 17:32:19 Image size of job updated: 9671832
	5081  -  MemoryUsage of job (MB)
	5202212  -  ResidentSetSize of job (KB)
...
006 (39106.000.000) 2021-07-20 17:37:19 Image size of job updated: 10877100
	5081  -  MemoryUsage of job (MB)
	5202260  -  ResidentSetSize of job (KB)
...
006 (39106.000.000) 2021-07-20 17:42:19 Image size of job updated: 10877100
	5610  -  MemoryUsage of job (MB)
	5743712  -  ResidentSetSize of job (KB)
...
006 (39106.000.000) 2021-07-20 17:47:20 Image size of job updated: 10877100
	5815  -  MemoryUsage of job (MB)
	5954132  -  ResidentSetSize of job (KB)
...
006 (39106.000.000) 2021-07-20 17:52:21 Image size of job updated: 10877100
	6303  -  MemoryUsage of job (MB)
	6453936  -  ResidentSetSize of job (KB)
...
006 (39106.000.000) 2021-07-20 17:57:21 Image size of job updated: 10877100
	6622  -  MemoryUsage of job (MB)
	6780556  -  ResidentSetSize of job (KB)
...
006 (39106.000.000) 2021-07-20 18:02:22 Image size of job updated: 14684024
	7516  -  MemoryUsage of job (MB)
	7696180  -  ResidentSetSize of job (KB)
...
006 (39106.000.000) 2021-07-20 18:07:23 Image size of job updated: 14684024
	7757  -  MemoryUsage of job (MB)
	7942156  -  ResidentSetSize of job (KB)
...
006 (39106.000.000) 2021-07-20 18:12:23 Image size of job updated: 14684024
	8219  -  MemoryUsage of job (MB)
	8415504  -  ResidentSetSize of job (KB)
...
006 (39106.000.000) 2021-07-20 18:17:24 Image size of job updated: 14684024
	8831  -  MemoryUsage of job (MB)
	9042284  -  ResidentSetSize of job (KB)
...
006 (39106.000.000) 2021-07-20 18:22:25 Image size of job updated: 14684024
	8831  -  MemoryUsage of job (MB)
	9042300  -  ResidentSetSize of job (KB)
...
006 (39106.000.000) 2021-07-20 18:27:25 Image size of job updated: 14684024
	9178  -  MemoryUsage of job (MB)
	9397888  -  ResidentSetSize of job (KB)
...
006 (39106.000.000) 2021-07-20 18:37:26 Image size of job updated: 14684024
	9719  -  MemoryUsage of job (MB)
	9952044  -  ResidentSetSize of job (KB)
...
006 (39106.000.000) 2021-07-20 18:42:27 Image size of job updated: 20433300
	10776  -  MemoryUsage of job (MB)
	11033852  -  ResidentSetSize of job (KB)
...
006 (39106.000.000) 2021-07-20 18:47:27 Image size of job updated: 20433300
	10776  -  MemoryUsage of job (MB)
	11033884  -  ResidentSetSize of job (KB)
...
006 (39106.000.000) 2021-07-20 18:52:28 Image size of job updated: 20433300
	11105  -  MemoryUsage of job (MB)
	11371336  -  ResidentSetSize of job (KB)
...
006 (39106.000.000) 2021-07-20 18:57:29 Image size of job updated: 20433300
	11604  -  MemoryUsage of job (MB)
	11881968  -  ResidentSetSize of job (KB)
...
006 (39106.000.000) 2021-07-20 19:02:29 Image size of job updated: 20433300
	12405  -  MemoryUsage of job (MB)
	12702012  -  ResidentSetSize of job (KB)
...
006 (39106.000.000) 2021-07-20 19:07:29 Image size of job updated: 20433300
	12405  -  MemoryUsage of job (MB)
	12702016  -  ResidentSetSize of job (KB)
...
006 (39106.000.000) 2021-07-20 19:12:30 Image size of job updated: 20433300
	12671  -  MemoryUsage of job (MB)
	12974944  -  ResidentSetSize of job (KB)
...
006 (39106.000.000) 2021-07-20 19:17:30 Image size of job updated: 20433300
	12928  -  MemoryUsage of job (MB)
	13237484  -  ResidentSetSize of job (KB)
...
006 (39106.000.000) 2021-07-20 19:22:30 Image size of job updated: 20433300
	13599  -  MemoryUsage of job (MB)
	13925292  -  ResidentSetSize of job (KB)
...
006 (39106.000.000) 2021-07-20 19:27:31 Image size of job updated: 20433300
	14546  -  MemoryUsage of job (MB)
	14894956  -  ResidentSetSize of job (KB)
...
006 (39106.000.000) 2021-07-20 19:32:32 Image size of job updated: 29479696
	15247  -  MemoryUsage of job (MB)
	15611924  -  ResidentSetSize of job (KB)
...
006 (39106.000.000) 2021-07-20 19:37:32 Image size of job updated: 29479696
	15247  -  MemoryUsage of job (MB)
	15611956  -  ResidentSetSize of job (KB)
...
006 (39106.000.000) 2021-07-20 19:42:33 Image size of job updated: 29479696
	15701  -  MemoryUsage of job (MB)
	16077364  -  ResidentSetSize of job (KB)
...
006 (39106.000.000) 2021-07-20 19:47:34 Image size of job updated: 29479696
	15701  -  MemoryUsage of job (MB)
	16077388  -  ResidentSetSize of job (KB)
...
006 (39106.000.000) 2021-07-20 19:52:34 Image size of job updated: 29479696
	15791  -  MemoryUsage of job (MB)
	16169080  -  ResidentSetSize of job (KB)
...
006 (39106.000.000) 2021-07-20 19:57:35 Image size of job updated: 29479696
	16305  -  MemoryUsage of job (MB)
	16695408  -  ResidentSetSize of job (KB)
...
006 (39106.000.000) 2021-07-20 20:02:36 Image size of job updated: 29479696
	16628  -  MemoryUsage of job (MB)
	17026596  -  ResidentSetSize of job (KB)
...
006 (39106.000.000) 2021-07-20 20:07:36 Image size of job updated: 29479696
	16628  -  MemoryUsage of job (MB)
	17026652  -  ResidentSetSize of job (KB)
...
006 (39106.000.000) 2021-07-20 20:12:37 Image size of job updated: 29479696
	17547  -  MemoryUsage of job (MB)
	17967488  -  ResidentSetSize of job (KB)
...
006 (39106.000.000) 2021-07-20 20:17:38 Image size of job updated: 29479696
	17547  -  MemoryUsage of job (MB)
	17967536  -  ResidentSetSize of job (KB)
...
006 (39106.000.000) 2021-07-20 20:22:38 Image size of job updated: 29479696
	17661  -  MemoryUsage of job (MB)
	18084568  -  ResidentSetSize of job (KB)
...
006 (39106.000.000) 2021-07-20 20:27:38 Image size of job updated: 29479696
	17983  -  MemoryUsage of job (MB)
	18413604  -  ResidentSetSize of job (KB)
...
006 (39106.000.000) 2021-07-20 20:32:39 Image size of job updated: 29479696
	19570  -  MemoryUsage of job (MB)
	20039520  -  ResidentSetSize of job (KB)
...
006 (39106.000.000) 2021-07-20 20:37:39 Image size of job updated: 51990916
	26777  -  MemoryUsage of job (MB)
	27418920  -  ResidentSetSize of job (KB)
...
006 (39106.000.000) 2021-07-20 20:42:39 Image size of job updated: 56316292
	28034  -  MemoryUsage of job (MB)
	28706080  -  ResidentSetSize of job (KB)
...
006 (39106.000.000) 2021-07-20 20:47:40 Image size of job updated: 56316292
	28034  -  MemoryUsage of job (MB)
	28706096  -  ResidentSetSize of job (KB)
...
040 (39106.000.000) 2021-07-20 23:50:17 Started transferring output files
...
040 (39106.000.000) 2021-07-20 23:50:17 Finished transferring output files
...
005 (39106.000.000) 2021-07-20 23:50:17 Job terminated.
	(1) Normal termination (return value 1)
		Usr 0 05:18:36, Sys 0 00:25:38  -  Run Remote Usage
		Usr 0 00:00:00, Sys 0 00:00:00  -  Run Local Usage
		Usr 0 05:18:36, Sys 0 00:25:38  -  Total Remote Usage
		Usr 0 00:00:00, Sys 0 00:00:00  -  Total Local Usage
	43336  -  Run Bytes Sent By Job
	229  -  Run Bytes Received By Job
	43336  -  Total Bytes Sent By Job
	229  -  Total Bytes Received By Job
	Partitionable Resources :    Usage  Request Allocated 
	   Cpus                 :     0.28        1         1 
	   Disk (KB)            :    58           1    864796 
	   Memory (MB)          : 28034       51200     51200 

	Job terminated of its own accord at 2021-07-20T22:50:17Z.
...
000 (39562.000.000) 2021-07-22 13:32:55 Job submitted from host: <194.36.1.200:9618?addrs=194.36.1.200-9618&alias=hex.ppe.gla.ac.uk&noUDP&sock=schedd_1401_8c46>
...
040 (39562.000.000) 2021-07-22 13:33:14 Started transferring input files
	Transferring to host: <192.168.16.114:9618?addrs=192.168.16.114-9618&alias=condor-d19-04.ppe.cluster&noUDP&sock=slot1_2_3775_9433_663>
...
040 (39562.000.000) 2021-07-22 13:33:14 Finished transferring input files
...
001 (39562.000.000) 2021-07-22 13:33:15 Job executing on host: <192.168.16.114:9618?addrs=192.168.16.114-9618&alias=condor-d19-04.ppe.cluster&noUDP&sock=startd_2633_98f3>
...
006 (39562.000.000) 2021-07-22 13:33:24 Image size of job updated: 379156
	52  -  MemoryUsage of job (MB)
	53080  -  ResidentSetSize of job (KB)
...
006 (39562.000.000) 2021-07-22 13:38:25 Image size of job updated: 1954744
	1034  -  MemoryUsage of job (MB)
	1058232  -  ResidentSetSize of job (KB)
...
006 (39562.000.000) 2021-07-22 13:43:26 Image size of job updated: 3001024
	1894  -  MemoryUsage of job (MB)
	1938588  -  ResidentSetSize of job (KB)
...
006 (39562.000.000) 2021-07-22 13:48:26 Image size of job updated: 3612016
	1894  -  MemoryUsage of job (MB)
	1938588  -  ResidentSetSize of job (KB)
...
006 (39562.000.000) 2021-07-22 13:53:27 Image size of job updated: 4715664
	3086  -  MemoryUsage of job (MB)
	3159868  -  ResidentSetSize of job (KB)
...
006 (39562.000.000) 2021-07-22 13:58:28 Image size of job updated: 4716252
	3185  -  MemoryUsage of job (MB)
	3261264  -  ResidentSetSize of job (KB)
...
006 (39562.000.000) 2021-07-22 14:03:28 Image size of job updated: 5773628
	3378  -  MemoryUsage of job (MB)
	3458940  -  ResidentSetSize of job (KB)
...
006 (39562.000.000) 2021-07-22 14:08:28 Image size of job updated: 5773628
	3652  -  MemoryUsage of job (MB)
	3739440  -  ResidentSetSize of job (KB)
...
006 (39562.000.000) 2021-07-22 14:13:29 Image size of job updated: 7913756
	4551  -  MemoryUsage of job (MB)
	4659700  -  ResidentSetSize of job (KB)
...
006 (39562.000.000) 2021-07-22 14:18:29 Image size of job updated: 7923236
	5299  -  MemoryUsage of job (MB)
	5425668  -  ResidentSetSize of job (KB)
...
006 (39562.000.000) 2021-07-22 14:23:29 Image size of job updated: 7923236
	5582  -  MemoryUsage of job (MB)
	5715072  -  ResidentSetSize of job (KB)
...
006 (39562.000.000) 2021-07-22 14:28:30 Image size of job updated: 9928204
	6225  -  MemoryUsage of job (MB)
	6373824  -  ResidentSetSize of job (KB)
...
006 (39562.000.000) 2021-07-22 14:33:31 Image size of job updated: 10057828
	6602  -  MemoryUsage of job (MB)
	6759928  -  ResidentSetSize of job (KB)
...
006 (39562.000.000) 2021-07-22 14:38:31 Image size of job updated: 10057828
	7093  -  MemoryUsage of job (MB)
	7263064  -  ResidentSetSize of job (KB)
...
006 (39562.000.000) 2021-07-22 14:43:32 Image size of job updated: 10155000
	7636  -  MemoryUsage of job (MB)
	7818656  -  ResidentSetSize of job (KB)
...
006 (39562.000.000) 2021-07-22 14:48:33 Image size of job updated: 14194504
	8446  -  MemoryUsage of job (MB)
	8648556  -  ResidentSetSize of job (KB)
...
006 (39562.000.000) 2021-07-22 14:53:33 Image size of job updated: 14303540
	8446  -  MemoryUsage of job (MB)
	8648556  -  ResidentSetSize of job (KB)
...
006 (39562.000.000) 2021-07-22 14:58:33 Image size of job updated: 14460512
	9149  -  MemoryUsage of job (MB)
	9368532  -  ResidentSetSize of job (KB)
...
006 (39562.000.000) 2021-07-22 15:03:34 Image size of job updated: 14460512
	9590  -  MemoryUsage of job (MB)
	9819748  -  ResidentSetSize of job (KB)
...
006 (39562.000.000) 2021-07-22 15:08:34 Image size of job updated: 14460512
	10312  -  MemoryUsage of job (MB)
	10559336  -  ResidentSetSize of job (KB)
...
006 (39562.000.000) 2021-07-22 15:13:34 Image size of job updated: 14460512
	10467  -  MemoryUsage of job (MB)
	10717528  -  ResidentSetSize of job (KB)
...
006 (39562.000.000) 2021-07-22 15:18:35 Image size of job updated: 18332872
	10689  -  MemoryUsage of job (MB)
	10944620  -  ResidentSetSize of job (KB)
...
006 (39562.000.000) 2021-07-22 15:23:36 Image size of job updated: 18710112
	11689  -  MemoryUsage of job (MB)
	11968576  -  ResidentSetSize of job (KB)
...
006 (39562.000.000) 2021-07-22 15:28:36 Image size of job updated: 18730120
	11704  -  MemoryUsage of job (MB)
	11983940  -  ResidentSetSize of job (KB)
...
006 (39562.000.000) 2021-07-22 15:33:37 Image size of job updated: 18761284
	12719  -  MemoryUsage of job (MB)
	13023936  -  ResidentSetSize of job (KB)
...
006 (39562.000.000) 2021-07-22 15:43:38 Image size of job updated: 18761284
	13442  -  MemoryUsage of job (MB)
	13763648  -  ResidentSetSize of job (KB)
...
006 (39562.000.000) 2021-07-22 15:48:38 Image size of job updated: 18761284
	13497  -  MemoryUsage of job (MB)
	13820288  -  ResidentSetSize of job (KB)
...
006 (39562.000.000) 2021-07-22 15:53:39 Image size of job updated: 18761284
	14448  -  MemoryUsage of job (MB)
	14794752  -  ResidentSetSize of job (KB)
...
006 (39562.000.000) 2021-07-22 15:58:39 Image size of job updated: 27417820
	14643  -  MemoryUsage of job (MB)
	14993432  -  ResidentSetSize of job (KB)
...
006 (39562.000.000) 2021-07-22 16:03:39 Image size of job updated: 27417820
	15343  -  MemoryUsage of job (MB)
	15710416  -  ResidentSetSize of job (KB)
...
006 (39562.000.000) 2021-07-22 16:08:40 Image size of job updated: 27422152
	15645  -  MemoryUsage of job (MB)
	16020440  -  ResidentSetSize of job (KB)
...
006 (39562.000.000) 2021-07-22 16:13:40 Image size of job updated: 27422152
	16300  -  MemoryUsage of job (MB)
	16691036  -  ResidentSetSize of job (KB)
...
006 (39562.000.000) 2021-07-22 16:18:40 Image size of job updated: 27422152
	17125  -  MemoryUsage of job (MB)
	17535324  -  ResidentSetSize of job (KB)
...
006 (39562.000.000) 2021-07-22 16:23:41 Image size of job updated: 27422152
	17580  -  MemoryUsage of job (MB)
	18001900  -  ResidentSetSize of job (KB)
...
006 (39562.000.000) 2021-07-22 16:28:42 Image size of job updated: 27422152
	17773  -  MemoryUsage of job (MB)
	18198956  -  ResidentSetSize of job (KB)
...
006 (39562.000.000) 2021-07-22 16:33:42 Image size of job updated: 27447064
	18219  -  MemoryUsage of job (MB)
	18655684  -  ResidentSetSize of job (KB)
...
006 (39562.000.000) 2021-07-22 16:38:43 Image size of job updated: 27447064
	18612  -  MemoryUsage of job (MB)
	19058488  -  ResidentSetSize of job (KB)
...
006 (39562.000.000) 2021-07-22 16:43:44 Image size of job updated: 27447064
	18920  -  MemoryUsage of job (MB)
	19373792  -  ResidentSetSize of job (KB)
...
006 (39562.000.000) 2021-07-22 16:48:44 Image size of job updated: 31986920
	22978  -  MemoryUsage of job (MB)
	23529104  -  ResidentSetSize of job (KB)
...
006 (39562.000.000) 2021-07-22 16:53:44 Image size of job updated: 54154476
	22984  -  MemoryUsage of job (MB)
	23534812  -  ResidentSetSize of job (KB)
...
040 (39562.000.000) 2021-07-22 19:28:35 Started transferring output files
...
040 (39562.000.000) 2021-07-22 19:28:35 Finished transferring output files
...
005 (39562.000.000) 2021-07-22 19:28:35 Job terminated.
	(1) Normal termination (return value 1)
		Usr 0 04:32:58, Sys 0 00:08:18  -  Run Remote Usage
		Usr 0 00:00:00, Sys 0 00:00:00  -  Run Local Usage
		Usr 0 04:32:58, Sys 0 00:08:18  -  Total Remote Usage
		Usr 0 00:00:00, Sys 0 00:00:00  -  Total Local Usage
	43357  -  Run Bytes Sent By Job
	229  -  Run Bytes Received By Job
	43357  -  Total Bytes Sent By Job
	229  -  Total Bytes Received By Job
	Partitionable Resources :    Usage  Request Allocated 
	   Cpus                 :     0.76        1         1 
	   Disk (KB)            :    58           1   3637421 
	   Memory (MB)          : 22984       51200     51200 

	Job terminated of its own accord at 2021-07-22T18:28:35Z.
...
000 (40041.000.000) 2021-07-24 10:26:55 Job submitted from host: <194.36.1.200:9618?addrs=194.36.1.200-9618&alias=hex.ppe.gla.ac.uk&noUDP&sock=schedd_1401_8c46>
...
040 (40041.000.000) 2021-07-24 10:27:16 Started transferring input files
	Transferring to host: <192.168.16.114:9618?addrs=192.168.16.114-9618&alias=condor-d19-04.ppe.cluster&noUDP&sock=slot1_2_3775_9433_720>
...
040 (40041.000.000) 2021-07-24 10:27:16 Finished transferring input files
...
001 (40041.000.000) 2021-07-24 10:27:17 Job executing on host: <192.168.16.114:9618?addrs=192.168.16.114-9618&alias=condor-d19-04.ppe.cluster&noUDP&sock=startd_2633_98f3>
...
006 (40041.000.000) 2021-07-24 10:27:25 Image size of job updated: 71416
	51  -  MemoryUsage of job (MB)
	51652  -  ResidentSetSize of job (KB)
...
006 (40041.000.000) 2021-07-24 10:32:25 Image size of job updated: 2240476
	1637  -  MemoryUsage of job (MB)
	1675316  -  ResidentSetSize of job (KB)
...
006 (40041.000.000) 2021-07-24 10:37:25 Image size of job updated: 3001020
	1637  -  MemoryUsage of job (MB)
	1675316  -  ResidentSetSize of job (KB)
...
006 (40041.000.000) 2021-07-24 10:42:26 Image size of job updated: 3318112
	1905  -  MemoryUsage of job (MB)
	1949976  -  ResidentSetSize of job (KB)
...
006 (40041.000.000) 2021-07-24 10:47:26 Image size of job updated: 4359612
	2935  -  MemoryUsage of job (MB)
	3004520  -  ResidentSetSize of job (KB)
...
006 (40041.000.000) 2021-07-24 10:52:26 Image size of job updated: 4646788
	2935  -  MemoryUsage of job (MB)
	3004520  -  ResidentSetSize of job (KB)
...
006 (40041.000.000) 2021-07-24 10:57:27 Image size of job updated: 5649092
	3295  -  MemoryUsage of job (MB)
	3373616  -  ResidentSetSize of job (KB)
...
006 (40041.000.000) 2021-07-24 11:02:28 Image size of job updated: 5784712
	4637  -  MemoryUsage of job (MB)
	4747952  -  ResidentSetSize of job (KB)
...
006 (40041.000.000) 2021-07-24 11:07:28 Image size of job updated: 7857428
	4637  -  MemoryUsage of job (MB)
	4747952  -  ResidentSetSize of job (KB)
...
006 (40041.000.000) 2021-07-24 11:12:29 Image size of job updated: 7857428
	5143  -  MemoryUsage of job (MB)
	5265572  -  ResidentSetSize of job (KB)
...
006 (40041.000.000) 2021-07-24 11:17:30 Image size of job updated: 7857428
	5382  -  MemoryUsage of job (MB)
	5510248  -  ResidentSetSize of job (KB)
...
006 (40041.000.000) 2021-07-24 11:22:30 Image size of job updated: 10129572
	6486  -  MemoryUsage of job (MB)
	6641628  -  ResidentSetSize of job (KB)
...
006 (40041.000.000) 2021-07-24 11:27:31 Image size of job updated: 10129572
	6541  -  MemoryUsage of job (MB)
	6697332  -  ResidentSetSize of job (KB)
...
006 (40041.000.000) 2021-07-24 11:32:32 Image size of job updated: 10129572
	6735  -  MemoryUsage of job (MB)
	6895868  -  ResidentSetSize of job (KB)
...
006 (40041.000.000) 2021-07-24 11:37:32 Image size of job updated: 10129572
	7652  -  MemoryUsage of job (MB)
	7834748  -  ResidentSetSize of job (KB)
...
006 (40041.000.000) 2021-07-24 11:42:32 Image size of job updated: 14360476
	8354  -  MemoryUsage of job (MB)
	8554220  -  ResidentSetSize of job (KB)
...
006 (40041.000.000) 2021-07-24 11:47:33 Image size of job updated: 14360476
	8704  -  MemoryUsage of job (MB)
	8912020  -  ResidentSetSize of job (KB)
...
006 (40041.000.000) 2021-07-24 11:52:33 Image size of job updated: 14483648
	9123  -  MemoryUsage of job (MB)
	9341028  -  ResidentSetSize of job (KB)
...
006 (40041.000.000) 2021-07-24 11:57:33 Image size of job updated: 14483648
	9496  -  MemoryUsage of job (MB)
	9723892  -  ResidentSetSize of job (KB)
...
006 (40041.000.000) 2021-07-24 12:02:34 Image size of job updated: 14483648
	9794  -  MemoryUsage of job (MB)
	10028568  -  ResidentSetSize of job (KB)
...
006 (40041.000.000) 2021-07-24 12:07:35 Image size of job updated: 14483648
	10287  -  MemoryUsage of job (MB)
	10533720  -  ResidentSetSize of job (KB)
...
006 (40041.000.000) 2021-07-24 12:12:35 Image size of job updated: 18690300
	10898  -  MemoryUsage of job (MB)
	11158944  -  ResidentSetSize of job (KB)
...
006 (40041.000.000) 2021-07-24 12:17:36 Image size of job updated: 18690300
	11461  -  MemoryUsage of job (MB)
	11735120  -  ResidentSetSize of job (KB)
...
006 (40041.000.000) 2021-07-24 12:22:37 Image size of job updated: 18776476
	11816  -  MemoryUsage of job (MB)
	12099056  -  ResidentSetSize of job (KB)
...
006 (40041.000.000) 2021-07-24 12:27:37 Image size of job updated: 18776476
	12905  -  MemoryUsage of job (MB)
	13214572  -  ResidentSetSize of job (KB)
...
006 (40041.000.000) 2021-07-24 12:32:38 Image size of job updated: 18776476
	13500  -  MemoryUsage of job (MB)
	13823780  -  ResidentSetSize of job (KB)
...
006 (40041.000.000) 2021-07-24 12:37:39 Image size of job updated: 18776476
	13500  -  MemoryUsage of job (MB)
	13823828  -  ResidentSetSize of job (KB)
...
006 (40041.000.000) 2021-07-24 12:42:39 Image size of job updated: 18776476
	13895  -  MemoryUsage of job (MB)
	14228180  -  ResidentSetSize of job (KB)
...
006 (40041.000.000) 2021-07-24 12:47:39 Image size of job updated: 18776476
	14629  -  MemoryUsage of job (MB)
	14979244  -  ResidentSetSize of job (KB)
...
006 (40041.000.000) 2021-07-24 12:52:40 Image size of job updated: 27367176
	15529  -  MemoryUsage of job (MB)
	15901512  -  ResidentSetSize of job (KB)
...
006 (40041.000.000) 2021-07-24 12:57:40 Image size of job updated: 27439456
	15529  -  MemoryUsage of job (MB)
	15901512  -  ResidentSetSize of job (KB)
...
006 (40041.000.000) 2021-07-24 13:02:40 Image size of job updated: 27451712
	15562  -  MemoryUsage of job (MB)
	15934612  -  ResidentSetSize of job (KB)
...
006 (40041.000.000) 2021-07-24 13:07:42 Image size of job updated: 27451712
	16889  -  MemoryUsage of job (MB)
	17293980  -  ResidentSetSize of job (KB)
...
006 (40041.000.000) 2021-07-24 13:12:42 Image size of job updated: 27451712
	17223  -  MemoryUsage of job (MB)
	17636112  -  ResidentSetSize of job (KB)
...
006 (40041.000.000) 2021-07-24 13:17:42 Image size of job updated: 27451712
	17275  -  MemoryUsage of job (MB)
	17688972  -  ResidentSetSize of job (KB)
...
006 (40041.000.000) 2021-07-24 13:22:43 Image size of job updated: 27451712
	18060  -  MemoryUsage of job (MB)
	18492916  -  ResidentSetSize of job (KB)
...
006 (40041.000.000) 2021-07-24 13:27:44 Image size of job updated: 27451712
	18060  -  MemoryUsage of job (MB)
	18492920  -  ResidentSetSize of job (KB)
...
006 (40041.000.000) 2021-07-24 13:32:44 Image size of job updated: 27451712
	18541  -  MemoryUsage of job (MB)
	18985228  -  ResidentSetSize of job (KB)
...
006 (40041.000.000) 2021-07-24 13:37:45 Image size of job updated: 27451712
	18989  -  MemoryUsage of job (MB)
	19443868  -  ResidentSetSize of job (KB)
...
006 (40041.000.000) 2021-07-24 13:42:46 Image size of job updated: 54154784
	28949  -  MemoryUsage of job (MB)
	29643772  -  ResidentSetSize of job (KB)
...
040 (40041.000.000) 2021-07-24 22:51:05 Started transferring output files
...
040 (40041.000.000) 2021-07-24 22:51:05 Finished transferring output files
...
005 (40041.000.000) 2021-07-24 22:51:05 Job terminated.
	(1) Normal termination (return value 0)
		Usr 0 10:48:00, Sys 0 00:12:08  -  Run Remote Usage
		Usr 0 00:00:00, Sys 0 00:00:00  -  Run Local Usage
		Usr 0 10:48:00, Sys 0 00:12:08  -  Total Remote Usage
		Usr 0 00:00:00, Sys 0 00:00:00  -  Total Local Usage
	536550  -  Run Bytes Sent By Job
	229  -  Run Bytes Received By Job
	536550  -  Total Bytes Sent By Job
	229  -  Total Bytes Received By Job
	Partitionable Resources :    Usage  Request Allocated 
	   Cpus                 :     0.94        1         1 
	   Disk (KB)            :   539           1   3637421 
	   Memory (MB)          : 28949       51200     51200 

	Job terminated of its own accord at 2021-07-24T21:51:05Z.
...
000 (41155.000.000) 2021-07-29 12:12:25 Job submitted from host: <194.36.1.200:9618?addrs=194.36.1.200-9618&alias=hex.ppe.gla.ac.uk&noUDP&sock=schedd_1401_8c46>
...
040 (41155.000.000) 2021-07-29 12:12:46 Started transferring input files
	Transferring to host: <192.168.16.114:9618?addrs=192.168.16.114-9618&alias=condor-d19-04.ppe.cluster&noUDP&sock=slot1_2_27515_8e78_42>
...
040 (41155.000.000) 2021-07-29 12:12:46 Finished transferring input files
...
001 (41155.000.000) 2021-07-29 12:12:47 Job executing on host: <192.168.16.114:9618?addrs=192.168.16.114-9618&alias=condor-d19-04.ppe.cluster&noUDP&sock=startd_2633_98f3>
...
006 (41155.000.000) 2021-07-29 12:12:55 Image size of job updated: 63736
	51  -  MemoryUsage of job (MB)
	51432  -  ResidentSetSize of job (KB)
...
006 (41155.000.000) 2021-07-29 12:14:37 Image size of job updated: 1250396
	51  -  MemoryUsage of job (MB)
	51432  -  ResidentSetSize of job (KB)
...
040 (41155.000.000) 2021-07-29 12:14:37 Started transferring output files
...
040 (41155.000.000) 2021-07-29 12:14:37 Finished transferring output files
...
005 (41155.000.000) 2021-07-29 12:14:37 Job terminated.
	(1) Normal termination (return value 134)
		Usr 0 00:01:02, Sys 0 00:00:03  -  Run Remote Usage
		Usr 0 00:00:00, Sys 0 00:00:00  -  Run Local Usage
		Usr 0 00:01:02, Sys 0 00:00:03  -  Total Remote Usage
		Usr 0 00:00:00, Sys 0 00:00:00  -  Total Local Usage
	10720  -  Run Bytes Sent By Job
	229  -  Run Bytes Received By Job
	10720  -  Total Bytes Sent By Job
	229  -  Total Bytes Received By Job
	Partitionable Resources :    Usage  Request Allocated 
	   Cpus                 :                 1         1 
	   Disk (KB)            :       20        1   3637421 
	   Memory (MB)          :       51    51200     51200 

	Job terminated of its own accord at 2021-07-29T11:14:37Z.
...
000 (41256.000.000) 2021-07-29 14:07:35 Job submitted from host: <194.36.1.200:9618?addrs=194.36.1.200-9618&alias=hex.ppe.gla.ac.uk&noUDP&sock=schedd_1401_8c46>
...
040 (41256.000.000) 2021-07-29 14:07:55 Started transferring input files
	Transferring to host: <192.168.16.114:9618?addrs=192.168.16.114-9618&alias=condor-d19-04.ppe.cluster&noUDP&sock=slot1_2_27515_8e78_55>
...
040 (41256.000.000) 2021-07-29 14:07:55 Finished transferring input files
...
001 (41256.000.000) 2021-07-29 14:07:56 Job executing on host: <192.168.16.114:9618?addrs=192.168.16.114-9618&alias=condor-d19-04.ppe.cluster&noUDP&sock=startd_2633_98f3>
...
006 (41256.000.000) 2021-07-29 14:08:04 Image size of job updated: 277628
	256  -  MemoryUsage of job (MB)
	261992  -  ResidentSetSize of job (KB)
...
006 (41256.000.000) 2021-07-29 14:11:39 Image size of job updated: 1506528
	256  -  MemoryUsage of job (MB)
	261992  -  ResidentSetSize of job (KB)
...
040 (41256.000.000) 2021-07-29 14:11:39 Started transferring output files
...
040 (41256.000.000) 2021-07-29 14:11:39 Finished transferring output files
...
005 (41256.000.000) 2021-07-29 14:11:39 Job terminated.
	(1) Normal termination (return value 0)
		Usr 0 00:03:10, Sys 0 00:00:03  -  Run Remote Usage
		Usr 0 00:00:00, Sys 0 00:00:00  -  Run Local Usage
		Usr 0 00:03:10, Sys 0 00:00:03  -  Total Remote Usage
		Usr 0 00:00:00, Sys 0 00:00:00  -  Total Local Usage
	486566  -  Run Bytes Sent By Job
	229  -  Run Bytes Received By Job
	486566  -  Total Bytes Sent By Job
	229  -  Total Bytes Received By Job
	Partitionable Resources :    Usage  Request Allocated 
	   Cpus                 :     0.92        1         1 
	   Disk (KB)            :   490           1   3637421 
	   Memory (MB)          :   256       51200     51200 

	Job terminated of its own accord at 2021-07-29T13:11:39Z.
...
000 (41356.000.000) 2021-07-29 15:34:12 Job submitted from host: <194.36.1.200:9618?addrs=194.36.1.200-9618&alias=hex.ppe.gla.ac.uk&noUDP&sock=schedd_1401_8c46>
...
040 (41356.000.000) 2021-07-29 15:34:32 Started transferring input files
	Transferring to host: <192.168.16.114:9618?addrs=192.168.16.114-9618&alias=condor-d19-04.ppe.cluster&noUDP&sock=slot1_2_27515_8e78_66>
...
040 (41356.000.000) 2021-07-29 15:34:32 Finished transferring input files
...
001 (41356.000.000) 2021-07-29 15:34:33 Job executing on host: <192.168.16.114:9618?addrs=192.168.16.114-9618&alias=condor-d19-04.ppe.cluster&noUDP&sock=startd_2633_98f3>
...
006 (41356.000.000) 2021-07-29 15:34:42 Image size of job updated: 74588
	52  -  MemoryUsage of job (MB)
	52820  -  ResidentSetSize of job (KB)
...
006 (41356.000.000) 2021-07-29 15:39:43 Image size of job updated: 1893948
	1231  -  MemoryUsage of job (MB)
	1260316  -  ResidentSetSize of job (KB)
...
006 (41356.000.000) 2021-07-29 15:44:43 Image size of job updated: 2686664
	1603  -  MemoryUsage of job (MB)
	1641284  -  ResidentSetSize of job (KB)
...
006 (41356.000.000) 2021-07-29 15:49:43 Image size of job updated: 3540288
	2200  -  MemoryUsage of job (MB)
	2252328  -  ResidentSetSize of job (KB)
...
006 (41356.000.000) 2021-07-29 15:54:44 Image size of job updated: 4273736
	2444  -  MemoryUsage of job (MB)
	2502296  -  ResidentSetSize of job (KB)
...
006 (41356.000.000) 2021-07-29 15:59:45 Image size of job updated: 4462932
	3536  -  MemoryUsage of job (MB)
	3620036  -  ResidentSetSize of job (KB)
...
006 (41356.000.000) 2021-07-29 16:04:45 Image size of job updated: 5632488
	3536  -  MemoryUsage of job (MB)
	3620036  -  ResidentSetSize of job (KB)
...
006 (41356.000.000) 2021-07-29 16:09:46 Image size of job updated: 5691360
	3872  -  MemoryUsage of job (MB)
	3964648  -  ResidentSetSize of job (KB)
...
006 (41356.000.000) 2021-07-29 16:14:47 Image size of job updated: 7798052
	4314  -  MemoryUsage of job (MB)
	4416768  -  ResidentSetSize of job (KB)
...
006 (41356.000.000) 2021-07-29 16:19:47 Image size of job updated: 7901712
	4893  -  MemoryUsage of job (MB)
	5010416  -  ResidentSetSize of job (KB)
...
006 (41356.000.000) 2021-07-29 16:24:47 Image size of job updated: 7901712
	4970  -  MemoryUsage of job (MB)
	5088672  -  ResidentSetSize of job (KB)
...
006 (41356.000.000) 2021-07-29 16:29:48 Image size of job updated: 10099712
	5819  -  MemoryUsage of job (MB)
	5958556  -  ResidentSetSize of job (KB)
...
006 (41356.000.000) 2021-07-29 16:34:48 Image size of job updated: 10099712
	5876  -  MemoryUsage of job (MB)
	6016704  -  ResidentSetSize of job (KB)
...
006 (41356.000.000) 2021-07-29 16:39:48 Image size of job updated: 10099712
	6407  -  MemoryUsage of job (MB)
	6560356  -  ResidentSetSize of job (KB)
...
006 (41356.000.000) 2021-07-29 16:44:49 Image size of job updated: 10099712
	7123  -  MemoryUsage of job (MB)
	7293564  -  ResidentSetSize of job (KB)
...
006 (41356.000.000) 2021-07-29 16:49:49 Image size of job updated: 14078892
	7705  -  MemoryUsage of job (MB)
	7889728  -  ResidentSetSize of job (KB)
...
006 (41356.000.000) 2021-07-29 16:54:49 Image size of job updated: 14448344
	8461  -  MemoryUsage of job (MB)
	8663392  -  ResidentSetSize of job (KB)
...
006 (41356.000.000) 2021-07-29 16:59:50 Image size of job updated: 14448344
	9243  -  MemoryUsage of job (MB)
	9464244  -  ResidentSetSize of job (KB)
...
006 (41356.000.000) 2021-07-29 17:04:51 Image size of job updated: 14448344
	9606  -  MemoryUsage of job (MB)
	9836436  -  ResidentSetSize of job (KB)
...
006 (41356.000.000) 2021-07-29 17:09:51 Image size of job updated: 14448344
	9934  -  MemoryUsage of job (MB)
	10171744  -  ResidentSetSize of job (KB)
...
006 (41356.000.000) 2021-07-29 17:14:52 Image size of job updated: 14448344
	9989  -  MemoryUsage of job (MB)
	10228728  -  ResidentSetSize of job (KB)
...
006 (41356.000.000) 2021-07-29 17:19:53 Image size of job updated: 14448344
	10649  -  MemoryUsage of job (MB)
	10904520  -  ResidentSetSize of job (KB)
...
006 (41356.000.000) 2021-07-29 17:24:53 Image size of job updated: 18708076
	11247  -  MemoryUsage of job (MB)
	11516004  -  ResidentSetSize of job (KB)
...
006 (41356.000.000) 2021-07-29 17:29:53 Image size of job updated: 18768824
	11290  -  MemoryUsage of job (MB)
	11560764  -  ResidentSetSize of job (KB)
...
006 (41356.000.000) 2021-07-29 17:34:54 Image size of job updated: 18800760
	11881  -  MemoryUsage of job (MB)
	12165312  -  ResidentSetSize of job (KB)
...
006 (41356.000.000) 2021-07-29 17:39:54 Image size of job updated: 18800760
	12411  -  MemoryUsage of job (MB)
	12708208  -  ResidentSetSize of job (KB)
...
006 (41356.000.000) 2021-07-29 17:44:54 Image size of job updated: 18800760
	12769  -  MemoryUsage of job (MB)
	13074700  -  ResidentSetSize of job (KB)
...
006 (41356.000.000) 2021-07-29 17:49:56 Image size of job updated: 18800760
	13467  -  MemoryUsage of job (MB)
	13789260  -  ResidentSetSize of job (KB)
...
006 (41356.000.000) 2021-07-29 17:54:56 Image size of job updated: 18800760
	13583  -  MemoryUsage of job (MB)
	13908876  -  ResidentSetSize of job (KB)
...
006 (41356.000.000) 2021-07-29 17:59:56 Image size of job updated: 18800760
	13906  -  MemoryUsage of job (MB)
	14239568  -  ResidentSetSize of job (KB)
...
006 (41356.000.000) 2021-07-29 18:04:57 Image size of job updated: 27193488
	15236  -  MemoryUsage of job (MB)
	15601096  -  ResidentSetSize of job (KB)
...
006 (41356.000.000) 2021-07-29 18:09:58 Image size of job updated: 27391068
	15390  -  MemoryUsage of job (MB)
	15759172  -  ResidentSetSize of job (KB)
...
006 (41356.000.000) 2021-07-29 18:14:58 Image size of job updated: 27391068
	16365  -  MemoryUsage of job (MB)
	16757672  -  ResidentSetSize of job (KB)
...
006 (41356.000.000) 2021-07-29 18:19:59 Image size of job updated: 27391068
	16365  -  MemoryUsage of job (MB)
	16757704  -  ResidentSetSize of job (KB)
...
006 (41356.000.000) 2021-07-29 18:25:00 Image size of job updated: 27391068
	17177  -  MemoryUsage of job (MB)
	17589116  -  ResidentSetSize of job (KB)
...
006 (41356.000.000) 2021-07-29 18:30:00 Image size of job updated: 27391068
	17245  -  MemoryUsage of job (MB)
	17658412  -  ResidentSetSize of job (KB)
...
006 (41356.000.000) 2021-07-29 18:35:00 Image size of job updated: 27450596
	17696  -  MemoryUsage of job (MB)
	18120468  -  ResidentSetSize of job (KB)
...
006 (41356.000.000) 2021-07-29 18:40:01 Image size of job updated: 27450596
	18187  -  MemoryUsage of job (MB)
	18623308  -  ResidentSetSize of job (KB)
...
006 (41356.000.000) 2021-07-29 18:45:01 Image size of job updated: 27450596
	18403  -  MemoryUsage of job (MB)
	18844020  -  ResidentSetSize of job (KB)
...
006 (41356.000.000) 2021-07-29 18:50:01 Image size of job updated: 27450596
	18855  -  MemoryUsage of job (MB)
	19306928  -  ResidentSetSize of job (KB)
...
006 (41356.000.000) 2021-07-29 18:55:02 Image size of job updated: 27450596
	19544  -  MemoryUsage of job (MB)
	20012204  -  ResidentSetSize of job (KB)
...
006 (41356.000.000) 2021-07-29 19:00:02 Image size of job updated: 54154604
	19544  -  MemoryUsage of job (MB)
	20012204  -  ResidentSetSize of job (KB)
...
006 (41356.000.000) 2021-07-29 21:00:16 Image size of job updated: 54154604
	19986  -  MemoryUsage of job (MB)
	20464788  -  ResidentSetSize of job (KB)
...
006 (41356.000.000) 2021-07-29 21:05:17 Image size of job updated: 54154604
	20470  -  MemoryUsage of job (MB)
	20960548  -  ResidentSetSize of job (KB)
...
006 (41356.000.000) 2021-07-29 21:10:17 Image size of job updated: 54154604
	21090  -  MemoryUsage of job (MB)
	21595716  -  ResidentSetSize of job (KB)
...
006 (41356.000.000) 2021-07-29 21:15:17 Image size of job updated: 54154604
	21564  -  MemoryUsage of job (MB)
	22081376  -  ResidentSetSize of job (KB)
...
006 (41356.000.000) 2021-07-29 21:20:18 Image size of job updated: 54154604
	22035  -  MemoryUsage of job (MB)
	22563028  -  ResidentSetSize of job (KB)
...
006 (41356.000.000) 2021-07-29 21:25:18 Image size of job updated: 54154604
	22523  -  MemoryUsage of job (MB)
	23062688  -  ResidentSetSize of job (KB)
...
006 (41356.000.000) 2021-07-29 21:30:18 Image size of job updated: 54154604
	23195  -  MemoryUsage of job (MB)
	23750836  -  ResidentSetSize of job (KB)
...
040 (41356.000.000) 2021-07-30 04:06:12 Started transferring output files
...
040 (41356.000.000) 2021-07-30 04:06:12 Finished transferring output files
...
005 (41356.000.000) 2021-07-30 04:06:12 Job terminated.
	(1) Normal termination (return value 0)
		Usr 0 10:51:18, Sys 0 00:09:41  -  Run Remote Usage
		Usr 0 00:00:00, Sys 0 00:00:00  -  Run Local Usage
		Usr 0 10:51:18, Sys 0 00:09:41  -  Total Remote Usage
		Usr 0 00:00:00, Sys 0 00:00:00  -  Total Local Usage
	525550  -  Run Bytes Sent By Job
	229  -  Run Bytes Received By Job
	525550  -  Total Bytes Sent By Job
	229  -  Total Bytes Received By Job
	Partitionable Resources :    Usage  Request Allocated 
	   Cpus                 :     0.97        1         1 
	   Disk (KB)            :   528           1   3637421 
	   Memory (MB)          : 23195       51200     51200 

	Job terminated of its own accord at 2021-07-30T03:06:12Z.
...
