000 (39110.000.000) 2021-07-20 16:26:43 Job submitted from host: <194.36.1.200:9618?addrs=194.36.1.200-9618&alias=hex.ppe.gla.ac.uk&noUDP&sock=schedd_1401_8c46>
...
040 (39110.000.000) 2021-07-20 22:30:41 Started transferring input files
	Transferring to host: <192.168.16.113:9618?addrs=192.168.16.113-9618&alias=condor-d19-03.ppe.cluster&noUDP&sock=slot1_1_26289_ba86_724>
...
040 (39110.000.000) 2021-07-20 22:30:41 Finished transferring input files
...
001 (39110.000.000) 2021-07-20 22:30:42 Job executing on host: <192.168.16.113:9618?addrs=192.168.16.113-9618&alias=condor-d19-03.ppe.cluster&noUDP&sock=startd_2634_488c>
...
006 (39110.000.000) 2021-07-20 22:30:51 Image size of job updated: 53056
	52  -  MemoryUsage of job (MB)
	52900  -  ResidentSetSize of job (KB)
...
006 (39110.000.000) 2021-07-20 22:35:52 Image size of job updated: 1674116
	1071  -  MemoryUsage of job (MB)
	1096008  -  ResidentSetSize of job (KB)
...
006 (39110.000.000) 2021-07-20 22:40:52 Image size of job updated: 2200280
	1643  -  MemoryUsage of job (MB)
	1681848  -  ResidentSetSize of job (KB)
...
006 (39110.000.000) 2021-07-20 22:45:53 Image size of job updated: 3329436
	2134  -  MemoryUsage of job (MB)
	2184884  -  ResidentSetSize of job (KB)
...
006 (39110.000.000) 2021-07-20 22:50:54 Image size of job updated: 4428848
	2624  -  MemoryUsage of job (MB)
	2686548  -  ResidentSetSize of job (KB)
...
006 (39110.000.000) 2021-07-20 22:55:54 Image size of job updated: 4582760
	2805  -  MemoryUsage of job (MB)
	2871412  -  ResidentSetSize of job (KB)
...
006 (39110.000.000) 2021-07-20 23:00:54 Image size of job updated: 5586620
	3108  -  MemoryUsage of job (MB)
	3182296  -  ResidentSetSize of job (KB)
...
006 (39110.000.000) 2021-07-20 23:05:55 Image size of job updated: 5586620
	3300  -  MemoryUsage of job (MB)
	3378752  -  ResidentSetSize of job (KB)
...
006 (39110.000.000) 2021-07-20 23:10:55 Image size of job updated: 7876564
	4025  -  MemoryUsage of job (MB)
	4121404  -  ResidentSetSize of job (KB)
...
006 (39110.000.000) 2021-07-20 23:15:55 Image size of job updated: 7920712
	4610  -  MemoryUsage of job (MB)
	4720228  -  ResidentSetSize of job (KB)
...
006 (39110.000.000) 2021-07-20 23:20:56 Image size of job updated: 7967352
	4956  -  MemoryUsage of job (MB)
	5074012  -  ResidentSetSize of job (KB)
...
006 (39110.000.000) 2021-07-20 23:25:57 Image size of job updated: 10048784
	5374  -  MemoryUsage of job (MB)
	5502356  -  ResidentSetSize of job (KB)
...
006 (39110.000.000) 2021-07-20 23:30:57 Image size of job updated: 10048784
	5781  -  MemoryUsage of job (MB)
	5918852  -  ResidentSetSize of job (KB)
...
006 (39110.000.000) 2021-07-20 23:35:58 Image size of job updated: 10087144
	6930  -  MemoryUsage of job (MB)
	7095376  -  ResidentSetSize of job (KB)
...
006 (39110.000.000) 2021-07-20 23:40:59 Image size of job updated: 10087144
	7053  -  MemoryUsage of job (MB)
	7221276  -  ResidentSetSize of job (KB)
...
006 (39110.000.000) 2021-07-20 23:45:59 Image size of job updated: 14684012
	7258  -  MemoryUsage of job (MB)
	7431180  -  ResidentSetSize of job (KB)
...
006 (39110.000.000) 2021-07-20 23:51:00 Image size of job updated: 14684012
	8437  -  MemoryUsage of job (MB)
	8638924  -  ResidentSetSize of job (KB)
...
006 (39110.000.000) 2021-07-20 23:56:01 Image size of job updated: 14684012
	8437  -  MemoryUsage of job (MB)
	8638932  -  ResidentSetSize of job (KB)
...
006 (39110.000.000) 2021-07-21 00:01:01 Image size of job updated: 14684012
	9003  -  MemoryUsage of job (MB)
	9218916  -  ResidentSetSize of job (KB)
...
006 (39110.000.000) 2021-07-21 00:06:01 Image size of job updated: 14684012
	9117  -  MemoryUsage of job (MB)
	9335456  -  ResidentSetSize of job (KB)
...
006 (39110.000.000) 2021-07-21 00:11:02 Image size of job updated: 14684012
	10007  -  MemoryUsage of job (MB)
	10246860  -  ResidentSetSize of job (KB)
...
006 (39110.000.000) 2021-07-21 00:16:02 Image size of job updated: 14684012
	10329  -  MemoryUsage of job (MB)
	10576360  -  ResidentSetSize of job (KB)
...
006 (39110.000.000) 2021-07-21 00:21:02 Image size of job updated: 18730236
	11077  -  MemoryUsage of job (MB)
	11342144  -  ResidentSetSize of job (KB)
...
006 (39110.000.000) 2021-07-21 00:26:03 Image size of job updated: 18736620
	11633  -  MemoryUsage of job (MB)
	11911908  -  ResidentSetSize of job (KB)
...
006 (39110.000.000) 2021-07-21 00:31:04 Image size of job updated: 18736620
	11633  -  MemoryUsage of job (MB)
	11911912  -  ResidentSetSize of job (KB)
...
006 (39110.000.000) 2021-07-21 00:36:04 Image size of job updated: 18736620
	12102  -  MemoryUsage of job (MB)
	12392300  -  ResidentSetSize of job (KB)
...
006 (39110.000.000) 2021-07-21 00:41:05 Image size of job updated: 18736620
	13220  -  MemoryUsage of job (MB)
	13536312  -  ResidentSetSize of job (KB)
...
006 (39110.000.000) 2021-07-21 00:46:06 Image size of job updated: 18787880
	13543  -  MemoryUsage of job (MB)
	13867488  -  ResidentSetSize of job (KB)
...
006 (39110.000.000) 2021-07-21 00:56:06 Image size of job updated: 26700820
	14289  -  MemoryUsage of job (MB)
	14631356  -  ResidentSetSize of job (KB)
...
006 (39110.000.000) 2021-07-21 01:01:07 Image size of job updated: 27110756
	15129  -  MemoryUsage of job (MB)
	15491168  -  ResidentSetSize of job (KB)
...
006 (39110.000.000) 2021-07-21 01:06:07 Image size of job updated: 27143852
	15421  -  MemoryUsage of job (MB)
	15790976  -  ResidentSetSize of job (KB)
...
006 (39110.000.000) 2021-07-21 01:11:07 Image size of job updated: 27397212
	15421  -  MemoryUsage of job (MB)
	15790992  -  ResidentSetSize of job (KB)
...
006 (39110.000.000) 2021-07-21 01:16:09 Image size of job updated: 27456104
	16132  -  MemoryUsage of job (MB)
	16518556  -  ResidentSetSize of job (KB)
...
006 (39110.000.000) 2021-07-21 01:21:09 Image size of job updated: 27456104
	16513  -  MemoryUsage of job (MB)
	16908524  -  ResidentSetSize of job (KB)
...
006 (39110.000.000) 2021-07-21 01:26:09 Image size of job updated: 27456104
	17019  -  MemoryUsage of job (MB)
	17426716  -  ResidentSetSize of job (KB)
...
006 (39110.000.000) 2021-07-21 01:31:10 Image size of job updated: 27456104
	17666  -  MemoryUsage of job (MB)
	18089392  -  ResidentSetSize of job (KB)
...
006 (39110.000.000) 2021-07-21 01:36:11 Image size of job updated: 27456104
	18465  -  MemoryUsage of job (MB)
	18908120  -  ResidentSetSize of job (KB)
...
006 (39110.000.000) 2021-07-21 01:51:13 Image size of job updated: 54237520
	18465  -  MemoryUsage of job (MB)
	18908120  -  ResidentSetSize of job (KB)
...
006 (39110.000.000) 2021-07-21 03:56:25 Image size of job updated: 54237520
	19058  -  MemoryUsage of job (MB)
	19514968  -  ResidentSetSize of job (KB)
...
006 (39110.000.000) 2021-07-21 04:01:26 Image size of job updated: 54237520
	19950  -  MemoryUsage of job (MB)
	20428196  -  ResidentSetSize of job (KB)
...
006 (39110.000.000) 2021-07-21 04:06:18 Image size of job updated: 54237520
	19950  -  MemoryUsage of job (MB)
	20428212  -  ResidentSetSize of job (KB)
...
040 (39110.000.000) 2021-07-21 04:06:18 Started transferring output files
...
040 (39110.000.000) 2021-07-21 04:06:18 Finished transferring output files
...
005 (39110.000.000) 2021-07-21 04:06:21 Job terminated.
	(1) Normal termination (return value 1)
		Usr 0 04:35:36, Sys 0 00:11:06  -  Run Remote Usage
		Usr 0 00:00:00, Sys 0 00:00:00  -  Run Local Usage
		Usr 0 04:35:36, Sys 0 00:11:06  -  Total Remote Usage
		Usr 0 00:00:00, Sys 0 00:00:00  -  Total Local Usage
	43336  -  Run Bytes Sent By Job
	229  -  Run Bytes Received By Job
	43336  -  Total Bytes Sent By Job
	229  -  Total Bytes Received By Job
	Partitionable Resources :    Usage  Request Allocated 
	   Cpus                 :     0.97        1         1 
	   Disk (KB)            :    58           1   3637421 
	   Memory (MB)          : 19950       51200     51200 

	Job terminated of its own accord at 2021-07-21T03:06:18Z.
...
000 (39566.000.000) 2021-07-22 13:32:55 Job submitted from host: <194.36.1.200:9618?addrs=194.36.1.200-9618&alias=hex.ppe.gla.ac.uk&noUDP&sock=schedd_1401_8c46>
...
040 (39566.000.000) 2021-07-22 19:29:04 Started transferring input files
	Transferring to host: <192.168.16.113:9618?addrs=192.168.16.113-9618&alias=condor-d19-03.ppe.cluster&noUDP&sock=slot1_1_26289_ba86_783>
...
040 (39566.000.000) 2021-07-22 19:29:05 Finished transferring input files
...
001 (39566.000.000) 2021-07-22 19:29:06 Job executing on host: <192.168.16.113:9618?addrs=192.168.16.113-9618&alias=condor-d19-03.ppe.cluster&noUDP&sock=startd_2634_488c>
...
006 (39566.000.000) 2021-07-22 19:29:14 Image size of job updated: 52200
	51  -  MemoryUsage of job (MB)
	52044  -  ResidentSetSize of job (KB)
...
006 (39566.000.000) 2021-07-22 19:34:14 Image size of job updated: 1699680
	1359  -  MemoryUsage of job (MB)
	1390628  -  ResidentSetSize of job (KB)
...
006 (39566.000.000) 2021-07-22 19:39:15 Image size of job updated: 2247656
	1667  -  MemoryUsage of job (MB)
	1706324  -  ResidentSetSize of job (KB)
...
006 (39566.000.000) 2021-07-22 19:44:16 Image size of job updated: 3040272
	2087  -  MemoryUsage of job (MB)
	2136496  -  ResidentSetSize of job (KB)
...
006 (39566.000.000) 2021-07-22 19:49:16 Image size of job updated: 3602372
	2100  -  MemoryUsage of job (MB)
	2149452  -  ResidentSetSize of job (KB)
...
006 (39566.000.000) 2021-07-22 19:54:16 Image size of job updated: 4610424
	2162  -  MemoryUsage of job (MB)
	2213548  -  ResidentSetSize of job (KB)
...
006 (39566.000.000) 2021-07-22 19:59:17 Image size of job updated: 5614460
	3199  -  MemoryUsage of job (MB)
	3275776  -  ResidentSetSize of job (KB)
...
006 (39566.000.000) 2021-07-22 20:04:17 Image size of job updated: 5741856
	3199  -  MemoryUsage of job (MB)
	3275776  -  ResidentSetSize of job (KB)
...
006 (39566.000.000) 2021-07-22 20:09:18 Image size of job updated: 7799476
	3471  -  MemoryUsage of job (MB)
	3554228  -  ResidentSetSize of job (KB)
...
006 (39566.000.000) 2021-07-22 20:14:19 Image size of job updated: 7799476
	4489  -  MemoryUsage of job (MB)
	4596476  -  ResidentSetSize of job (KB)
...
006 (39566.000.000) 2021-07-22 20:19:19 Image size of job updated: 7941880
	4524  -  MemoryUsage of job (MB)
	4632212  -  ResidentSetSize of job (KB)
...
006 (39566.000.000) 2021-07-22 20:24:19 Image size of job updated: 7941880
	4964  -  MemoryUsage of job (MB)
	5082528  -  ResidentSetSize of job (KB)
...
006 (39566.000.000) 2021-07-22 20:29:20 Image size of job updated: 10147496
	5147  -  MemoryUsage of job (MB)
	5270412  -  ResidentSetSize of job (KB)
...
006 (39566.000.000) 2021-07-22 20:34:20 Image size of job updated: 10147496
	6364  -  MemoryUsage of job (MB)
	6515996  -  ResidentSetSize of job (KB)
...
006 (39566.000.000) 2021-07-22 20:39:20 Image size of job updated: 10147496
	6610  -  MemoryUsage of job (MB)
	6768624  -  ResidentSetSize of job (KB)
...
006 (39566.000.000) 2021-07-22 20:44:21 Image size of job updated: 10147496
	7121  -  MemoryUsage of job (MB)
	7291304  -  ResidentSetSize of job (KB)
...
006 (39566.000.000) 2021-07-22 20:49:22 Image size of job updated: 14201832
	7774  -  MemoryUsage of job (MB)
	7959856  -  ResidentSetSize of job (KB)
...
006 (39566.000.000) 2021-07-22 20:54:22 Image size of job updated: 14353244
	7774  -  MemoryUsage of job (MB)
	7959856  -  ResidentSetSize of job (KB)
...
006 (39566.000.000) 2021-07-22 20:59:23 Image size of job updated: 14456840
	8606  -  MemoryUsage of job (MB)
	8812284  -  ResidentSetSize of job (KB)
...
006 (39566.000.000) 2021-07-22 21:04:24 Image size of job updated: 14456840
	8880  -  MemoryUsage of job (MB)
	9092656  -  ResidentSetSize of job (KB)
...
006 (39566.000.000) 2021-07-22 21:09:24 Image size of job updated: 14469192
	9350  -  MemoryUsage of job (MB)
	9574008  -  ResidentSetSize of job (KB)
...
006 (39566.000.000) 2021-07-22 21:14:25 Image size of job updated: 14469192
	9350  -  MemoryUsage of job (MB)
	9574012  -  ResidentSetSize of job (KB)
...
006 (39566.000.000) 2021-07-22 21:19:26 Image size of job updated: 18560944
	9952  -  MemoryUsage of job (MB)
	10189956  -  ResidentSetSize of job (KB)
...
006 (39566.000.000) 2021-07-22 21:24:26 Image size of job updated: 18683048
	10704  -  MemoryUsage of job (MB)
	10959880  -  ResidentSetSize of job (KB)
...
006 (39566.000.000) 2021-07-22 21:29:26 Image size of job updated: 18683048
	11161  -  MemoryUsage of job (MB)
	11428308  -  ResidentSetSize of job (KB)
...
006 (39566.000.000) 2021-07-22 21:34:27 Image size of job updated: 18745716
	11810  -  MemoryUsage of job (MB)
	12092896  -  ResidentSetSize of job (KB)
...
006 (39566.000.000) 2021-07-22 21:39:27 Image size of job updated: 18751044
	11890  -  MemoryUsage of job (MB)
	12174828  -  ResidentSetSize of job (KB)
...
006 (39566.000.000) 2021-07-22 21:44:27 Image size of job updated: 18833476
	12848  -  MemoryUsage of job (MB)
	13155400  -  ResidentSetSize of job (KB)
...
006 (39566.000.000) 2021-07-22 21:49:28 Image size of job updated: 18833476
	12851  -  MemoryUsage of job (MB)
	13158612  -  ResidentSetSize of job (KB)
...
006 (39566.000.000) 2021-07-22 21:54:29 Image size of job updated: 18833476
	13037  -  MemoryUsage of job (MB)
	13349060  -  ResidentSetSize of job (KB)
...
006 (39566.000.000) 2021-07-22 21:59:29 Image size of job updated: 27303872
	14205  -  MemoryUsage of job (MB)
	14545144  -  ResidentSetSize of job (KB)
...
006 (39566.000.000) 2021-07-22 22:04:30 Image size of job updated: 27393376
	14875  -  MemoryUsage of job (MB)
	15231408  -  ResidentSetSize of job (KB)
...
006 (39566.000.000) 2021-07-22 22:09:31 Image size of job updated: 27395396
	15307  -  MemoryUsage of job (MB)
	15673888  -  ResidentSetSize of job (KB)
...
006 (39566.000.000) 2021-07-22 22:14:31 Image size of job updated: 27395396
	15525  -  MemoryUsage of job (MB)
	15897520  -  ResidentSetSize of job (KB)
...
006 (39566.000.000) 2021-07-22 22:19:32 Image size of job updated: 27395396
	16266  -  MemoryUsage of job (MB)
	16655632  -  ResidentSetSize of job (KB)
...
006 (39566.000.000) 2021-07-22 22:24:33 Image size of job updated: 27395396
	16847  -  MemoryUsage of job (MB)
	17251308  -  ResidentSetSize of job (KB)
...
006 (39566.000.000) 2021-07-22 22:29:33 Image size of job updated: 27408192
	16888  -  MemoryUsage of job (MB)
	17292432  -  ResidentSetSize of job (KB)
...
006 (39566.000.000) 2021-07-22 22:34:33 Image size of job updated: 27448236
	17502  -  MemoryUsage of job (MB)
	17921044  -  ResidentSetSize of job (KB)
...
006 (39566.000.000) 2021-07-22 22:39:34 Image size of job updated: 27448236
	18105  -  MemoryUsage of job (MB)
	18538564  -  ResidentSetSize of job (KB)
...
006 (39566.000.000) 2021-07-22 22:44:34 Image size of job updated: 27448236
	18249  -  MemoryUsage of job (MB)
	18686168  -  ResidentSetSize of job (KB)
...
006 (39566.000.000) 2021-07-22 22:49:35 Image size of job updated: 31987304
	22180  -  MemoryUsage of job (MB)
	22711396  -  ResidentSetSize of job (KB)
...
006 (39566.000.000) 2021-07-22 22:54:36 Image size of job updated: 54239340
	22180  -  MemoryUsage of job (MB)
	22712056  -  ResidentSetSize of job (KB)
...
040 (39566.000.000) 2021-07-23 01:15:00 Started transferring output files
...
040 (39566.000.000) 2021-07-23 01:15:00 Finished transferring output files
...
005 (39566.000.000) 2021-07-23 01:15:00 Job terminated.
	(1) Normal termination (return value 1)
		Usr 0 04:33:23, Sys 0 00:10:47  -  Run Remote Usage
		Usr 0 00:00:00, Sys 0 00:00:00  -  Run Local Usage
		Usr 0 04:33:23, Sys 0 00:10:47  -  Total Remote Usage
		Usr 0 00:00:00, Sys 0 00:00:00  -  Total Local Usage
	43357  -  Run Bytes Sent By Job
	229  -  Run Bytes Received By Job
	43357  -  Total Bytes Sent By Job
	229  -  Total Bytes Received By Job
	Partitionable Resources :    Usage  Request Allocated 
	   Cpus                 :     0.97        1         1 
	   Disk (KB)            :    58           1   3637421 
	   Memory (MB)          : 22180       51200     51200 

	Job terminated of its own accord at 2021-07-23T00:15:00Z.
...
000 (40045.000.000) 2021-07-24 10:26:55 Job submitted from host: <194.36.1.200:9618?addrs=194.36.1.200-9618&alias=hex.ppe.gla.ac.uk&noUDP&sock=schedd_1401_8c46>
...
040 (40045.000.000) 2021-07-24 22:51:27 Started transferring input files
	Transferring to host: <192.168.16.113:9618?addrs=192.168.16.113-9618&alias=condor-d19-03.ppe.cluster&noUDP&sock=slot1_1_26289_ba86_841>
...
040 (40045.000.000) 2021-07-24 22:51:27 Finished transferring input files
...
001 (40045.000.000) 2021-07-24 22:51:28 Job executing on host: <192.168.16.113:9618?addrs=192.168.16.113-9618&alias=condor-d19-03.ppe.cluster&noUDP&sock=startd_2634_488c>
...
006 (40045.000.000) 2021-07-24 22:51:37 Image size of job updated: 51232
	50  -  MemoryUsage of job (MB)
	50996  -  ResidentSetSize of job (KB)
...
006 (40045.000.000) 2021-07-24 22:56:38 Image size of job updated: 2033192
	1171  -  MemoryUsage of job (MB)
	1198796  -  ResidentSetSize of job (KB)
...
006 (40045.000.000) 2021-07-24 23:01:39 Image size of job updated: 2593268
	1543  -  MemoryUsage of job (MB)
	1579820  -  ResidentSetSize of job (KB)
...
006 (40045.000.000) 2021-07-24 23:06:39 Image size of job updated: 3217568
	1911  -  MemoryUsage of job (MB)
	1956616  -  ResidentSetSize of job (KB)
...
006 (40045.000.000) 2021-07-24 23:11:39 Image size of job updated: 4616284
	2498  -  MemoryUsage of job (MB)
	2557464  -  ResidentSetSize of job (KB)
...
006 (40045.000.000) 2021-07-24 23:16:40 Image size of job updated: 4703896
	2767  -  MemoryUsage of job (MB)
	2833024  -  ResidentSetSize of job (KB)
...
006 (40045.000.000) 2021-07-24 23:21:40 Image size of job updated: 5550396
	3368  -  MemoryUsage of job (MB)
	3447868  -  ResidentSetSize of job (KB)
...
006 (40045.000.000) 2021-07-24 23:26:40 Image size of job updated: 5772320
	3435  -  MemoryUsage of job (MB)
	3516504  -  ResidentSetSize of job (KB)
...
006 (40045.000.000) 2021-07-24 23:31:41 Image size of job updated: 7655692
	3749  -  MemoryUsage of job (MB)
	3838928  -  ResidentSetSize of job (KB)
...
006 (40045.000.000) 2021-07-24 23:36:42 Image size of job updated: 7948428
	4858  -  MemoryUsage of job (MB)
	4974288  -  ResidentSetSize of job (KB)
...
006 (40045.000.000) 2021-07-24 23:41:42 Image size of job updated: 7948428
	4858  -  MemoryUsage of job (MB)
	4974296  -  ResidentSetSize of job (KB)
...
006 (40045.000.000) 2021-07-24 23:46:42 Image size of job updated: 7948428
	5186  -  MemoryUsage of job (MB)
	5309888  -  ResidentSetSize of job (KB)
...
006 (40045.000.000) 2021-07-24 23:51:43 Image size of job updated: 10053700
	6282  -  MemoryUsage of job (MB)
	6432080  -  ResidentSetSize of job (KB)
...
006 (40045.000.000) 2021-07-24 23:56:43 Image size of job updated: 10112008
	6282  -  MemoryUsage of job (MB)
	6432080  -  ResidentSetSize of job (KB)
...
006 (40045.000.000) 2021-07-25 00:01:43 Image size of job updated: 10112008
	7140  -  MemoryUsage of job (MB)
	7310736  -  ResidentSetSize of job (KB)
...
006 (40045.000.000) 2021-07-25 00:06:44 Image size of job updated: 10112008
	7252  -  MemoryUsage of job (MB)
	7425424  -  ResidentSetSize of job (KB)
...
006 (40045.000.000) 2021-07-25 00:11:45 Image size of job updated: 14336216
	7673  -  MemoryUsage of job (MB)
	7856992  -  ResidentSetSize of job (KB)
...
006 (40045.000.000) 2021-07-25 00:16:45 Image size of job updated: 14443604
	8542  -  MemoryUsage of job (MB)
	8746936  -  ResidentSetSize of job (KB)
...
006 (40045.000.000) 2021-07-25 00:21:46 Image size of job updated: 14462392
	9077  -  MemoryUsage of job (MB)
	9294488  -  ResidentSetSize of job (KB)
...
006 (40045.000.000) 2021-07-25 00:26:47 Image size of job updated: 14462392
	9479  -  MemoryUsage of job (MB)
	9706304  -  ResidentSetSize of job (KB)
...
006 (40045.000.000) 2021-07-25 00:31:47 Image size of job updated: 14462392
	9582  -  MemoryUsage of job (MB)
	9811228  -  ResidentSetSize of job (KB)
...
006 (40045.000.000) 2021-07-25 00:36:47 Image size of job updated: 14462392
	10096  -  MemoryUsage of job (MB)
	10337596  -  ResidentSetSize of job (KB)
...
006 (40045.000.000) 2021-07-25 00:41:48 Image size of job updated: 18535284
	11088  -  MemoryUsage of job (MB)
	11353368  -  ResidentSetSize of job (KB)
...
006 (40045.000.000) 2021-07-25 00:46:49 Image size of job updated: 18655504
	11149  -  MemoryUsage of job (MB)
	11416328  -  ResidentSetSize of job (KB)
...
006 (40045.000.000) 2021-07-25 00:51:49 Image size of job updated: 18699552
	12005  -  MemoryUsage of job (MB)
	12292344  -  ResidentSetSize of job (KB)
...
006 (40045.000.000) 2021-07-25 01:01:51 Image size of job updated: 18790480
	12905  -  MemoryUsage of job (MB)
	13214348  -  ResidentSetSize of job (KB)
...
006 (40045.000.000) 2021-07-25 01:11:51 Image size of job updated: 18790480
	12949  -  MemoryUsage of job (MB)
	13259516  -  ResidentSetSize of job (KB)
...
006 (40045.000.000) 2021-07-25 01:16:52 Image size of job updated: 18790480
	13952  -  MemoryUsage of job (MB)
	14285940  -  ResidentSetSize of job (KB)
...
006 (40045.000.000) 2021-07-25 01:21:53 Image size of job updated: 18790480
	14184  -  MemoryUsage of job (MB)
	14523788  -  ResidentSetSize of job (KB)
...
006 (40045.000.000) 2021-07-25 01:26:53 Image size of job updated: 27448768
	14632  -  MemoryUsage of job (MB)
	14982860  -  ResidentSetSize of job (KB)
...
006 (40045.000.000) 2021-07-25 01:31:54 Image size of job updated: 27448768
	14716  -  MemoryUsage of job (MB)
	15069008  -  ResidentSetSize of job (KB)
...
006 (40045.000.000) 2021-07-25 01:36:55 Image size of job updated: 27448768
	15278  -  MemoryUsage of job (MB)
	15643840  -  ResidentSetSize of job (KB)
...
006 (40045.000.000) 2021-07-25 01:41:55 Image size of job updated: 27448768
	15785  -  MemoryUsage of job (MB)
	16162956  -  ResidentSetSize of job (KB)
...
006 (40045.000.000) 2021-07-25 01:46:55 Image size of job updated: 27448768
	16108  -  MemoryUsage of job (MB)
	16493776  -  ResidentSetSize of job (KB)
...
006 (40045.000.000) 2021-07-25 01:51:56 Image size of job updated: 27448768
	16780  -  MemoryUsage of job (MB)
	17181932  -  ResidentSetSize of job (KB)
...
006 (40045.000.000) 2021-07-25 01:56:56 Image size of job updated: 27448768
	17563  -  MemoryUsage of job (MB)
	17984232  -  ResidentSetSize of job (KB)
...
006 (40045.000.000) 2021-07-25 02:01:56 Image size of job updated: 27448768
	17892  -  MemoryUsage of job (MB)
	18320620  -  ResidentSetSize of job (KB)
...
006 (40045.000.000) 2021-07-25 02:06:57 Image size of job updated: 27470152
	18429  -  MemoryUsage of job (MB)
	18871072  -  ResidentSetSize of job (KB)
...
006 (40045.000.000) 2021-07-25 02:11:58 Image size of job updated: 27470152
	18455  -  MemoryUsage of job (MB)
	18897212  -  ResidentSetSize of job (KB)
...
006 (40045.000.000) 2021-07-25 02:16:58 Image size of job updated: 54238944
	25713  -  MemoryUsage of job (MB)
	26329756  -  ResidentSetSize of job (KB)
...
040 (40045.000.000) 2021-07-25 11:06:23 Started transferring output files
...
040 (40045.000.000) 2021-07-25 11:06:23 Finished transferring output files
...
005 (40045.000.000) 2021-07-25 11:06:23 Job terminated.
	(1) Normal termination (return value 0)
		Usr 0 10:52:35, Sys 0 00:14:49  -  Run Remote Usage
		Usr 0 00:00:00, Sys 0 00:00:00  -  Run Local Usage
		Usr 0 10:52:35, Sys 0 00:14:49  -  Total Remote Usage
		Usr 0 00:00:00, Sys 0 00:00:00  -  Total Local Usage
	537082  -  Run Bytes Sent By Job
	229  -  Run Bytes Received By Job
	537082  -  Total Bytes Sent By Job
	229  -  Total Bytes Received By Job
	Partitionable Resources :    Usage  Request Allocated 
	   Cpus                 :     1.00        1         1 
	   Disk (KB)            :   540           1   3637421 
	   Memory (MB)          : 25713       51200     51200 

	Job terminated of its own accord at 2021-07-25T10:06:23Z.
...
000 (41159.000.000) 2021-07-29 12:12:25 Job submitted from host: <194.36.1.200:9618?addrs=194.36.1.200-9618&alias=hex.ppe.gla.ac.uk&noUDP&sock=schedd_1401_8c46>
...
040 (41159.000.000) 2021-07-29 12:14:36 Started transferring input files
	Transferring to host: <192.168.16.113:9618?addrs=192.168.16.113-9618&alias=condor-d19-03.ppe.cluster&noUDP&sock=slot1_2_27242_340d_46>
...
040 (41159.000.000) 2021-07-29 12:14:36 Finished transferring input files
...
001 (41159.000.000) 2021-07-29 12:14:37 Job executing on host: <192.168.16.113:9618?addrs=192.168.16.113-9618&alias=condor-d19-03.ppe.cluster&noUDP&sock=startd_2634_488c>
...
006 (41159.000.000) 2021-07-29 12:14:45 Image size of job updated: 435348
	408  -  MemoryUsage of job (MB)
	417292  -  ResidentSetSize of job (KB)
...
006 (41159.000.000) 2021-07-29 12:15:49 Image size of job updated: 1294972
	408  -  MemoryUsage of job (MB)
	417292  -  ResidentSetSize of job (KB)
...
040 (41159.000.000) 2021-07-29 12:15:49 Started transferring output files
...
040 (41159.000.000) 2021-07-29 12:15:49 Finished transferring output files
...
005 (41159.000.000) 2021-07-29 12:15:49 Job terminated.
	(1) Normal termination (return value 134)
		Usr 0 00:01:01, Sys 0 00:00:02  -  Run Remote Usage
		Usr 0 00:00:00, Sys 0 00:00:00  -  Run Local Usage
		Usr 0 00:01:01, Sys 0 00:00:02  -  Total Remote Usage
		Usr 0 00:00:00, Sys 0 00:00:00  -  Total Local Usage
	10720  -  Run Bytes Sent By Job
	229  -  Run Bytes Received By Job
	10720  -  Total Bytes Sent By Job
	229  -  Total Bytes Received By Job
	Partitionable Resources :    Usage  Request Allocated 
	   Cpus                 :                 1         1 
	   Disk (KB)            :       21        1   3637421 
	   Memory (MB)          :      408    51200     51200 

	Job terminated of its own accord at 2021-07-29T11:15:49Z.
...
000 (41260.000.000) 2021-07-29 14:07:37 Job submitted from host: <194.36.1.200:9618?addrs=194.36.1.200-9618&alias=hex.ppe.gla.ac.uk&noUDP&sock=schedd_1401_8c46>
...
040 (41260.000.000) 2021-07-29 14:11:39 Started transferring input files
	Transferring to host: <192.168.16.121:9618?addrs=192.168.16.121-9618&alias=condor-d20-01.ppe.cluster&noUDP&sock=slot1_1_25694_7f4e_65>
...
040 (41260.000.000) 2021-07-29 14:11:39 Finished transferring input files
...
001 (41260.000.000) 2021-07-29 14:11:40 Job executing on host: <192.168.16.121:9618?addrs=192.168.16.121-9618&alias=condor-d20-01.ppe.cluster&noUDP&sock=startd_40545_137a>
...
006 (41260.000.000) 2021-07-29 14:11:49 Image size of job updated: 361428
	152  -  MemoryUsage of job (MB)
	155156  -  ResidentSetSize of job (KB)
...
006 (41260.000.000) 2021-07-29 14:14:47 Image size of job updated: 1463636
	152  -  MemoryUsage of job (MB)
	155156  -  ResidentSetSize of job (KB)
...
040 (41260.000.000) 2021-07-29 14:14:47 Started transferring output files
...
040 (41260.000.000) 2021-07-29 14:14:47 Finished transferring output files
...
005 (41260.000.000) 2021-07-29 14:14:47 Job terminated.
	(1) Normal termination (return value 0)
		Usr 0 00:03:03, Sys 0 00:00:02  -  Run Remote Usage
		Usr 0 00:00:00, Sys 0 00:00:00  -  Run Local Usage
		Usr 0 00:03:03, Sys 0 00:00:02  -  Total Remote Usage
		Usr 0 00:00:00, Sys 0 00:00:00  -  Total Local Usage
	486044  -  Run Bytes Sent By Job
	229  -  Run Bytes Received By Job
	486044  -  Total Bytes Sent By Job
	229  -  Total Bytes Received By Job
	Partitionable Resources :    Usage  Request Allocated 
	   Cpus                 :     1.00        1         1 
	   Disk (KB)            :   490           1   3637421 
	   Memory (MB)          :   152       51200     51200 

	Job terminated of its own accord at 2021-07-29T13:14:47Z.
...
000 (41360.000.000) 2021-07-29 15:34:13 Job submitted from host: <194.36.1.200:9618?addrs=194.36.1.200-9618&alias=hex.ppe.gla.ac.uk&noUDP&sock=schedd_1401_8c46>
...
040 (41360.000.000) 2021-07-30 04:06:37 Started transferring input files
	Transferring to host: <192.168.16.113:9618?addrs=192.168.16.113-9618&alias=condor-d19-03.ppe.cluster&noUDP&sock=slot1_1_27242_340d_74>
...
040 (41360.000.000) 2021-07-30 04:06:37 Finished transferring input files
...
001 (41360.000.000) 2021-07-30 04:06:38 Job executing on host: <192.168.16.113:9618?addrs=192.168.16.113-9618&alias=condor-d19-03.ppe.cluster&noUDP&sock=startd_2634_488c>
...
006 (41360.000.000) 2021-07-30 04:06:47 Image size of job updated: 54824
	51  -  MemoryUsage of job (MB)
	51764  -  ResidentSetSize of job (KB)
...
006 (41360.000.000) 2021-07-30 04:11:48 Image size of job updated: 1744388
	1236  -  MemoryUsage of job (MB)
	1265300  -  ResidentSetSize of job (KB)
...
006 (41360.000.000) 2021-07-30 04:16:49 Image size of job updated: 3068856
	1710  -  MemoryUsage of job (MB)
	1751040  -  ResidentSetSize of job (KB)
...
006 (41360.000.000) 2021-07-30 04:21:49 Image size of job updated: 3369220
	2500  -  MemoryUsage of job (MB)
	2559676  -  ResidentSetSize of job (KB)
...
006 (41360.000.000) 2021-07-30 04:26:50 Image size of job updated: 4746316
	2500  -  MemoryUsage of job (MB)
	2559684  -  ResidentSetSize of job (KB)
...
006 (41360.000.000) 2021-07-30 04:36:51 Image size of job updated: 5247068
	3839  -  MemoryUsage of job (MB)
	3930940  -  ResidentSetSize of job (KB)
...
006 (41360.000.000) 2021-07-30 04:41:52 Image size of job updated: 5823120
	3977  -  MemoryUsage of job (MB)
	4071740  -  ResidentSetSize of job (KB)
...
006 (41360.000.000) 2021-07-30 04:46:53 Image size of job updated: 7877780
	4439  -  MemoryUsage of job (MB)
	4544724  -  ResidentSetSize of job (KB)
...
006 (41360.000.000) 2021-07-30 04:51:53 Image size of job updated: 7910732
	5113  -  MemoryUsage of job (MB)
	5235180  -  ResidentSetSize of job (KB)
...
006 (41360.000.000) 2021-07-30 04:56:53 Image size of job updated: 7963436
	5113  -  MemoryUsage of job (MB)
	5235180  -  ResidentSetSize of job (KB)
...
006 (41360.000.000) 2021-07-30 05:01:54 Image size of job updated: 9673080
	5613  -  MemoryUsage of job (MB)
	5747668  -  ResidentSetSize of job (KB)
...
006 (41360.000.000) 2021-07-30 05:06:54 Image size of job updated: 9946568
	6362  -  MemoryUsage of job (MB)
	6514628  -  ResidentSetSize of job (KB)
...
006 (41360.000.000) 2021-07-30 05:11:54 Image size of job updated: 10090652
	6362  -  MemoryUsage of job (MB)
	6514628  -  ResidentSetSize of job (KB)
...
006 (41360.000.000) 2021-07-30 05:16:55 Image size of job updated: 10090652
	7225  -  MemoryUsage of job (MB)
	7398320  -  ResidentSetSize of job (KB)
...
006 (41360.000.000) 2021-07-30 05:26:56 Image size of job updated: 14474704
	7825  -  MemoryUsage of job (MB)
	8012772  -  ResidentSetSize of job (KB)
...
006 (41360.000.000) 2021-07-30 05:31:57 Image size of job updated: 14474704
	8536  -  MemoryUsage of job (MB)
	8740032  -  ResidentSetSize of job (KB)
...
006 (41360.000.000) 2021-07-30 05:36:58 Image size of job updated: 14480672
	8840  -  MemoryUsage of job (MB)
	9051992  -  ResidentSetSize of job (KB)
...
006 (41360.000.000) 2021-07-30 05:41:58 Image size of job updated: 14480672
	9080  -  MemoryUsage of job (MB)
	9297920  -  ResidentSetSize of job (KB)
...
006 (41360.000.000) 2021-07-30 05:46:59 Image size of job updated: 14480672
	9582  -  MemoryUsage of job (MB)
	9811696  -  ResidentSetSize of job (KB)
...
006 (41360.000.000) 2021-07-30 05:52:00 Image size of job updated: 14480672
	9830  -  MemoryUsage of job (MB)
	10065664  -  ResidentSetSize of job (KB)
...
006 (41360.000.000) 2021-07-30 05:57:00 Image size of job updated: 20434548
	10976  -  MemoryUsage of job (MB)
	11239060  -  ResidentSetSize of job (KB)
...
006 (41360.000.000) 2021-07-30 06:02:00 Image size of job updated: 20434548
	11661  -  MemoryUsage of job (MB)
	11940116  -  ResidentSetSize of job (KB)
...
006 (41360.000.000) 2021-07-30 06:07:01 Image size of job updated: 20434548
	11885  -  MemoryUsage of job (MB)
	12169992  -  ResidentSetSize of job (KB)
...
006 (41360.000.000) 2021-07-30 06:12:01 Image size of job updated: 20434548
	12379  -  MemoryUsage of job (MB)
	12675112  -  ResidentSetSize of job (KB)
...
006 (41360.000.000) 2021-07-30 06:17:01 Image size of job updated: 20434548
	12401  -  MemoryUsage of job (MB)
	12697900  -  ResidentSetSize of job (KB)
...
006 (41360.000.000) 2021-07-30 06:22:02 Image size of job updated: 20434548
	12870  -  MemoryUsage of job (MB)
	13178456  -  ResidentSetSize of job (KB)
...
006 (41360.000.000) 2021-07-30 06:27:02 Image size of job updated: 20434548
	13430  -  MemoryUsage of job (MB)
	13751924  -  ResidentSetSize of job (KB)
...
006 (41360.000.000) 2021-07-30 06:32:02 Image size of job updated: 20434548
	13723  -  MemoryUsage of job (MB)
	14052288  -  ResidentSetSize of job (KB)
...
006 (41360.000.000) 2021-07-30 06:37:03 Image size of job updated: 20434548
	13981  -  MemoryUsage of job (MB)
	14316236  -  ResidentSetSize of job (KB)
...
006 (41360.000.000) 2021-07-30 06:42:04 Image size of job updated: 27368616
	14830  -  MemoryUsage of job (MB)
	15185584  -  ResidentSetSize of job (KB)
...
006 (41360.000.000) 2021-07-30 06:47:04 Image size of job updated: 27449376
	15333  -  MemoryUsage of job (MB)
	15700948  -  ResidentSetSize of job (KB)
...
006 (41360.000.000) 2021-07-30 06:52:05 Image size of job updated: 27449376
	15820  -  MemoryUsage of job (MB)
	16198984  -  ResidentSetSize of job (KB)
...
006 (41360.000.000) 2021-07-30 06:57:06 Image size of job updated: 27449376
	16234  -  MemoryUsage of job (MB)
	16623236  -  ResidentSetSize of job (KB)
...
006 (41360.000.000) 2021-07-30 07:02:06 Image size of job updated: 27449376
	16949  -  MemoryUsage of job (MB)
	17355088  -  ResidentSetSize of job (KB)
...
006 (41360.000.000) 2021-07-30 07:07:07 Image size of job updated: 27449376
	17091  -  MemoryUsage of job (MB)
	17500792  -  ResidentSetSize of job (KB)
...
006 (41360.000.000) 2021-07-30 07:12:08 Image size of job updated: 27475924
	17117  -  MemoryUsage of job (MB)
	17527284  -  ResidentSetSize of job (KB)
...
006 (41360.000.000) 2021-07-30 07:17:08 Image size of job updated: 27475924
	18313  -  MemoryUsage of job (MB)
	18752480  -  ResidentSetSize of job (KB)
...
006 (41360.000.000) 2021-07-30 07:22:08 Image size of job updated: 27475924
	18313  -  MemoryUsage of job (MB)
	18752508  -  ResidentSetSize of job (KB)
...
006 (41360.000.000) 2021-07-30 07:27:09 Image size of job updated: 27475924
	18610  -  MemoryUsage of job (MB)
	19056308  -  ResidentSetSize of job (KB)
...
006 (41360.000.000) 2021-07-30 07:32:09 Image size of job updated: 27475924
	19509  -  MemoryUsage of job (MB)
	19976868  -  ResidentSetSize of job (KB)
...
006 (41360.000.000) 2021-07-30 07:37:09 Image size of job updated: 45586280
	31978  -  MemoryUsage of job (MB)
	32745324  -  ResidentSetSize of job (KB)
...
006 (41360.000.000) 2021-07-30 07:42:10 Image size of job updated: 54237032
	31979  -  MemoryUsage of job (MB)
	32745880  -  ResidentSetSize of job (KB)
...
004 (41360.000.000) 2021-07-30 07:42:59 Job was evicted.
	(0) CPU times
		Usr 0 02:44:51, Sys 0 00:05:58  -  Run Remote Usage
		Usr 0 00:00:00, Sys 0 00:00:00  -  Run Local Usage
	0  -  Run Bytes Sent By Job
	229  -  Run Bytes Received By Job
	Partitionable Resources :    Usage  Request Allocated 
	   Cpus                 :     0.72        1         1 
	   Disk (KB)            :    50           1   3637421 
	   Memory (MB)          : 31979       51200     51200 
...
040 (41360.000.000) 2021-07-30 07:46:39 Started transferring input files
	Transferring to host: <192.168.16.112:9618?addrs=192.168.16.112-9618&alias=condor-d19-02.ppe.cluster&noUDP&sock=slot1_1_47958_7fd7_4>
...
040 (41360.000.000) 2021-07-30 07:46:39 Finished transferring input files
...
001 (41360.000.000) 2021-07-30 07:46:40 Job executing on host: <192.168.16.112:9618?addrs=192.168.16.112-9618&alias=condor-d19-02.ppe.cluster&noUDP&sock=startd_2914_5710>
...
022 (41360.000.000) 2021-07-30 09:41:07 Job disconnected, attempting to reconnect
    Local schedd and job shadow died, schedd now running again
    Trying to reconnect to slot1_1@condor-d19-02.ppe.cluster <192.168.16.112:9618?addrs=192.168.16.112-9618&alias=condor-d19-02.ppe.cluster&noUDP&sock=startd_2914_5710>
...
023 (41360.000.000) 2021-07-30 09:41:07 Job reconnected to slot1_1@condor-d19-02.ppe.cluster
    startd address: <192.168.16.112:9618?addrs=192.168.16.112-9618&alias=condor-d19-02.ppe.cluster&noUDP&sock=startd_2914_5710>
    starter address: <192.168.16.112:9618?addrs=192.168.16.112-9618&alias=condor-d19-02.ppe.cluster&noUDP&sock=slot1_1_47958_7fd7_4>
...
005 (41360.000.000) 2021-07-30 20:05:47 Job terminated.
	(1) Normal termination (return value 0)
		Usr 0 10:29:53, Sys 0 00:28:09  -  Run Remote Usage
		Usr 0 00:00:00, Sys 0 00:00:00  -  Run Local Usage
		Usr 0 14:33:35, Sys 0 00:38:38  -  Total Remote Usage
		Usr 0 00:00:00, Sys 0 00:00:00  -  Total Local Usage
	537162  -  Run Bytes Sent By Job
	0  -  Run Bytes Received By Job
	537162  -  Total Bytes Sent By Job
	458  -  Total Bytes Received By Job
	Partitionable Resources :    Usage  Request Allocated 
	   Cpus                 :     0.98        1         1 
	   Disk (KB)            :   541         541    825748 
	   Memory (MB)          : 34180       51200     51200 

	Job terminated of its own accord at 2021-07-30T19:05:47Z.
...
