000 (39098.000.000) 2021-07-20 16:26:42 Job submitted from host: <194.36.1.200:9618?addrs=194.36.1.200-9618&alias=hex.ppe.gla.ac.uk&noUDP&sock=schedd_1401_8c46>
...
040 (39098.000.000) 2021-07-20 16:26:42 Started transferring input files
	Transferring to host: <192.168.16.112:9618?addrs=192.168.16.112-9618&alias=condor-d19-02.ppe.cluster&noUDP&sock=slot1_1_174254_74e7_514>
...
040 (39098.000.000) 2021-07-20 16:26:42 Finished transferring input files
...
001 (39098.000.000) 2021-07-20 16:26:43 Job executing on host: <192.168.16.112:9618?addrs=192.168.16.112-9618&alias=condor-d19-02.ppe.cluster&noUDP&sock=startd_2914_5710>
...
006 (39098.000.000) 2021-07-20 16:26:52 Image size of job updated: 258292
	52  -  MemoryUsage of job (MB)
	52916  -  ResidentSetSize of job (KB)
...
006 (39098.000.000) 2021-07-20 16:31:53 Image size of job updated: 2027976
	643  -  MemoryUsage of job (MB)
	658060  -  ResidentSetSize of job (KB)
...
006 (39098.000.000) 2021-07-20 16:36:53 Image size of job updated: 2654176
	1455  -  MemoryUsage of job (MB)
	1489016  -  ResidentSetSize of job (KB)
...
006 (39098.000.000) 2021-07-20 16:41:54 Image size of job updated: 3518948
	1828  -  MemoryUsage of job (MB)
	1871296  -  ResidentSetSize of job (KB)
...
006 (39098.000.000) 2021-07-20 16:46:55 Image size of job updated: 4230904
	2125  -  MemoryUsage of job (MB)
	2175136  -  ResidentSetSize of job (KB)
...
006 (39098.000.000) 2021-07-20 16:51:55 Image size of job updated: 4486200
	2728  -  MemoryUsage of job (MB)
	2793416  -  ResidentSetSize of job (KB)
...
006 (39098.000.000) 2021-07-20 16:56:56 Image size of job updated: 5826288
	3231  -  MemoryUsage of job (MB)
	3307744  -  ResidentSetSize of job (KB)
...
006 (39098.000.000) 2021-07-20 17:01:57 Image size of job updated: 5826288
	3701  -  MemoryUsage of job (MB)
	3789696  -  ResidentSetSize of job (KB)
...
006 (39098.000.000) 2021-07-20 17:06:57 Image size of job updated: 7987436
	4312  -  MemoryUsage of job (MB)
	4414564  -  ResidentSetSize of job (KB)
...
006 (39098.000.000) 2021-07-20 17:11:58 Image size of job updated: 7987436
	5144  -  MemoryUsage of job (MB)
	5266460  -  ResidentSetSize of job (KB)
...
006 (39098.000.000) 2021-07-20 17:16:59 Image size of job updated: 7987436
	5469  -  MemoryUsage of job (MB)
	5599580  -  ResidentSetSize of job (KB)
...
006 (39098.000.000) 2021-07-20 17:21:59 Image size of job updated: 10087748
	5662  -  MemoryUsage of job (MB)
	5797760  -  ResidentSetSize of job (KB)
...
006 (39098.000.000) 2021-07-20 17:27:00 Image size of job updated: 10087748
	6056  -  MemoryUsage of job (MB)
	6200456  -  ResidentSetSize of job (KB)
...
006 (39098.000.000) 2021-07-20 17:32:01 Image size of job updated: 10096880
	6827  -  MemoryUsage of job (MB)
	6990172  -  ResidentSetSize of job (KB)
...
006 (39098.000.000) 2021-07-20 17:37:01 Image size of job updated: 10096880
	7212  -  MemoryUsage of job (MB)
	7384316  -  ResidentSetSize of job (KB)
...
006 (39098.000.000) 2021-07-20 17:42:02 Image size of job updated: 14153876
	7459  -  MemoryUsage of job (MB)
	7638004  -  ResidentSetSize of job (KB)
...
006 (39098.000.000) 2021-07-20 17:47:03 Image size of job updated: 14455792
	8032  -  MemoryUsage of job (MB)
	8224532  -  ResidentSetSize of job (KB)
...
006 (39098.000.000) 2021-07-20 17:52:03 Image size of job updated: 14455792
	8318  -  MemoryUsage of job (MB)
	8517392  -  ResidentSetSize of job (KB)
...
006 (39098.000.000) 2021-07-20 17:57:04 Image size of job updated: 14455792
	8695  -  MemoryUsage of job (MB)
	8902684  -  ResidentSetSize of job (KB)
...
006 (39098.000.000) 2021-07-20 18:02:05 Image size of job updated: 14455792
	8974  -  MemoryUsage of job (MB)
	9189132  -  ResidentSetSize of job (KB)
...
006 (39098.000.000) 2021-07-20 18:07:05 Image size of job updated: 14455792
	9771  -  MemoryUsage of job (MB)
	10005448  -  ResidentSetSize of job (KB)
...
006 (39098.000.000) 2021-07-20 18:12:06 Image size of job updated: 14455792
	10053  -  MemoryUsage of job (MB)
	10293848  -  ResidentSetSize of job (KB)
...
006 (39098.000.000) 2021-07-20 18:17:07 Image size of job updated: 18179436
	10814  -  MemoryUsage of job (MB)
	11072980  -  ResidentSetSize of job (KB)
...
006 (39098.000.000) 2021-07-20 18:22:07 Image size of job updated: 18676068
	10865  -  MemoryUsage of job (MB)
	11125356  -  ResidentSetSize of job (KB)
...
006 (39098.000.000) 2021-07-20 18:27:08 Image size of job updated: 18701848
	11087  -  MemoryUsage of job (MB)
	11352884  -  ResidentSetSize of job (KB)
...
006 (39098.000.000) 2021-07-20 18:32:09 Image size of job updated: 18701848
	12180  -  MemoryUsage of job (MB)
	12471688  -  ResidentSetSize of job (KB)
...
006 (39098.000.000) 2021-07-20 18:37:09 Image size of job updated: 18737992
	12180  -  MemoryUsage of job (MB)
	12471692  -  ResidentSetSize of job (KB)
...
006 (39098.000.000) 2021-07-20 18:42:09 Image size of job updated: 18737992
	12691  -  MemoryUsage of job (MB)
	12994576  -  ResidentSetSize of job (KB)
...
006 (39098.000.000) 2021-07-20 18:52:10 Image size of job updated: 18737992
	13183  -  MemoryUsage of job (MB)
	13498404  -  ResidentSetSize of job (KB)
...
006 (39098.000.000) 2021-07-20 18:57:10 Image size of job updated: 18751524
	13593  -  MemoryUsage of job (MB)
	13919208  -  ResidentSetSize of job (KB)
...
006 (39098.000.000) 2021-07-20 19:02:11 Image size of job updated: 27376712
	14607  -  MemoryUsage of job (MB)
	14957248  -  ResidentSetSize of job (KB)
...
006 (39098.000.000) 2021-07-20 19:07:11 Image size of job updated: 27376712
	15335  -  MemoryUsage of job (MB)
	15702596  -  ResidentSetSize of job (KB)
...
006 (39098.000.000) 2021-07-20 19:12:11 Image size of job updated: 27376712
	15629  -  MemoryUsage of job (MB)
	16003348  -  ResidentSetSize of job (KB)
...
006 (39098.000.000) 2021-07-20 19:17:12 Image size of job updated: 27385952
	15653  -  MemoryUsage of job (MB)
	16028468  -  ResidentSetSize of job (KB)
...
006 (39098.000.000) 2021-07-20 19:22:12 Image size of job updated: 27396336
	16161  -  MemoryUsage of job (MB)
	16548168  -  ResidentSetSize of job (KB)
...
006 (39098.000.000) 2021-07-20 19:27:12 Image size of job updated: 27396336
	16899  -  MemoryUsage of job (MB)
	17303636  -  ResidentSetSize of job (KB)
...
006 (39098.000.000) 2021-07-20 19:32:13 Image size of job updated: 27450112
	16911  -  MemoryUsage of job (MB)
	17316296  -  ResidentSetSize of job (KB)
...
006 (39098.000.000) 2021-07-20 19:37:13 Image size of job updated: 27450112
	17368  -  MemoryUsage of job (MB)
	17784492  -  ResidentSetSize of job (KB)
...
006 (39098.000.000) 2021-07-20 19:42:14 Image size of job updated: 27450112
	17569  -  MemoryUsage of job (MB)
	17990356  -  ResidentSetSize of job (KB)
...
006 (39098.000.000) 2021-07-20 19:47:15 Image size of job updated: 27450112
	17569  -  MemoryUsage of job (MB)
	17990416  -  ResidentSetSize of job (KB)
...
006 (39098.000.000) 2021-07-20 19:52:16 Image size of job updated: 27450112
	19168  -  MemoryUsage of job (MB)
	19627220  -  ResidentSetSize of job (KB)
...
006 (39098.000.000) 2021-07-20 19:57:17 Image size of job updated: 54239020
	26413  -  MemoryUsage of job (MB)
	27046100  -  ResidentSetSize of job (KB)
...
040 (39098.000.000) 2021-07-20 22:30:04 Started transferring output files
...
040 (39098.000.000) 2021-07-20 22:30:04 Finished transferring output files
...
005 (39098.000.000) 2021-07-20 22:30:04 Job terminated.
	(1) Normal termination (return value 1)
		Usr 0 04:43:36, Sys 0 00:19:06  -  Run Remote Usage
		Usr 0 00:00:00, Sys 0 00:00:00  -  Run Local Usage
		Usr 0 04:43:36, Sys 0 00:19:06  -  Total Remote Usage
		Usr 0 00:00:00, Sys 0 00:00:00  -  Total Local Usage
	43336  -  Run Bytes Sent By Job
	229  -  Run Bytes Received By Job
	43336  -  Total Bytes Sent By Job
	229  -  Total Bytes Received By Job
	Partitionable Resources :    Usage  Request Allocated 
	   Cpus                 :     0.91        1         1 
	   Disk (KB)            :    58           1    825748 
	   Memory (MB)          : 26413       51200     51200 

	Job terminated of its own accord at 2021-07-20T21:30:04Z.
...
000 (39554.000.000) 2021-07-22 13:32:54 Job submitted from host: <194.36.1.200:9618?addrs=194.36.1.200-9618&alias=hex.ppe.gla.ac.uk&noUDP&sock=schedd_1401_8c46>
...
040 (39554.000.000) 2021-07-22 13:33:14 Started transferring input files
	Transferring to host: <192.168.16.104:9618?addrs=192.168.16.104-9618&alias=condor-h16-04.ppe.cluster&noUDP&sock=slot1_1_11689_b534_377>
...
040 (39554.000.000) 2021-07-22 13:33:14 Finished transferring input files
...
001 (39554.000.000) 2021-07-22 13:33:15 Job executing on host: <192.168.16.104:9618?addrs=192.168.16.104-9618&alias=condor-h16-04.ppe.cluster&noUDP&sock=startd_20625_9ceb>
...
006 (39554.000.000) 2021-07-22 13:33:24 Image size of job updated: 84260
	51  -  MemoryUsage of job (MB)
	51284  -  ResidentSetSize of job (KB)
...
006 (39554.000.000) 2021-07-22 13:38:25 Image size of job updated: 1997576
	581  -  MemoryUsage of job (MB)
	594332  -  ResidentSetSize of job (KB)
...
006 (39554.000.000) 2021-07-22 13:43:26 Image size of job updated: 2417404
	1810  -  MemoryUsage of job (MB)
	1853168  -  ResidentSetSize of job (KB)
...
006 (39554.000.000) 2021-07-22 13:48:26 Image size of job updated: 3264508
	1810  -  MemoryUsage of job (MB)
	1853168  -  ResidentSetSize of job (KB)
...
006 (39554.000.000) 2021-07-22 13:53:27 Image size of job updated: 4208364
	2426  -  MemoryUsage of job (MB)
	2483436  -  ResidentSetSize of job (KB)
...
006 (39554.000.000) 2021-07-22 13:58:28 Image size of job updated: 4729136
	2995  -  MemoryUsage of job (MB)
	3066748  -  ResidentSetSize of job (KB)
...
006 (39554.000.000) 2021-07-22 14:03:28 Image size of job updated: 5647376
	3083  -  MemoryUsage of job (MB)
	3156780  -  ResidentSetSize of job (KB)
...
006 (39554.000.000) 2021-07-22 14:08:28 Image size of job updated: 5659340
	3114  -  MemoryUsage of job (MB)
	3188244  -  ResidentSetSize of job (KB)
...
006 (39554.000.000) 2021-07-22 14:13:29 Image size of job updated: 8141644
	3403  -  MemoryUsage of job (MB)
	3484440  -  ResidentSetSize of job (KB)
...
006 (39554.000.000) 2021-07-22 14:18:30 Image size of job updated: 8141644
	3874  -  MemoryUsage of job (MB)
	3966972  -  ResidentSetSize of job (KB)
...
006 (39554.000.000) 2021-07-22 14:23:30 Image size of job updated: 8141644
	4279  -  MemoryUsage of job (MB)
	4380852  -  ResidentSetSize of job (KB)
...
006 (39554.000.000) 2021-07-22 14:28:31 Image size of job updated: 9671816
	6400  -  MemoryUsage of job (MB)
	6552796  -  ResidentSetSize of job (KB)
...
006 (39554.000.000) 2021-07-22 14:33:32 Image size of job updated: 10877084
	6402  -  MemoryUsage of job (MB)
	6554884  -  ResidentSetSize of job (KB)
...
006 (39554.000.000) 2021-07-22 14:43:33 Image size of job updated: 10877084
	6570  -  MemoryUsage of job (MB)
	6727168  -  ResidentSetSize of job (KB)
...
006 (39554.000.000) 2021-07-22 14:48:34 Image size of job updated: 10877084
	6701  -  MemoryUsage of job (MB)
	6861672  -  ResidentSetSize of job (KB)
...
006 (39554.000.000) 2021-07-22 14:53:34 Image size of job updated: 14347536
	7792  -  MemoryUsage of job (MB)
	7978160  -  ResidentSetSize of job (KB)
...
006 (39554.000.000) 2021-07-22 14:58:35 Image size of job updated: 14470868
	7805  -  MemoryUsage of job (MB)
	7992088  -  ResidentSetSize of job (KB)
...
006 (39554.000.000) 2021-07-22 15:03:36 Image size of job updated: 14470868
	8885  -  MemoryUsage of job (MB)
	9097592  -  ResidentSetSize of job (KB)
...
006 (39554.000.000) 2021-07-22 15:08:36 Image size of job updated: 14470868
	9204  -  MemoryUsage of job (MB)
	9424196  -  ResidentSetSize of job (KB)
...
006 (39554.000.000) 2021-07-22 15:13:36 Image size of job updated: 14470868
	9874  -  MemoryUsage of job (MB)
	10110160  -  ResidentSetSize of job (KB)
...
006 (39554.000.000) 2021-07-22 15:18:37 Image size of job updated: 14470868
	10093  -  MemoryUsage of job (MB)
	10334432  -  ResidentSetSize of job (KB)
...
006 (39554.000.000) 2021-07-22 15:23:38 Image size of job updated: 14475784
	10093  -  MemoryUsage of job (MB)
	10334456  -  ResidentSetSize of job (KB)
...
006 (39554.000.000) 2021-07-22 15:28:38 Image size of job updated: 20433284
	10827  -  MemoryUsage of job (MB)
	11086384  -  ResidentSetSize of job (KB)
...
006 (39554.000.000) 2021-07-22 15:33:39 Image size of job updated: 20433284
	11164  -  MemoryUsage of job (MB)
	11431388  -  ResidentSetSize of job (KB)
...
006 (39554.000.000) 2021-07-22 15:38:40 Image size of job updated: 20433284
	11759  -  MemoryUsage of job (MB)
	12041088  -  ResidentSetSize of job (KB)
...
006 (39554.000.000) 2021-07-22 15:48:40 Image size of job updated: 20433284
	12566  -  MemoryUsage of job (MB)
	12866700  -  ResidentSetSize of job (KB)
...
006 (39554.000.000) 2021-07-22 15:53:41 Image size of job updated: 20433284
	12951  -  MemoryUsage of job (MB)
	13261344  -  ResidentSetSize of job (KB)
...
006 (39554.000.000) 2021-07-22 15:58:41 Image size of job updated: 20433284
	13297  -  MemoryUsage of job (MB)
	13616064  -  ResidentSetSize of job (KB)
...
006 (39554.000.000) 2021-07-22 16:03:41 Image size of job updated: 20433284
	13547  -  MemoryUsage of job (MB)
	13871140  -  ResidentSetSize of job (KB)
...
006 (39554.000.000) 2021-07-22 16:08:42 Image size of job updated: 20433284
	13749  -  MemoryUsage of job (MB)
	14078424  -  ResidentSetSize of job (KB)
...
006 (39554.000.000) 2021-07-22 16:13:43 Image size of job updated: 29479680
	15776  -  MemoryUsage of job (MB)
	16153860  -  ResidentSetSize of job (KB)
...
006 (39554.000.000) 2021-07-22 16:18:43 Image size of job updated: 29479680
	15780  -  MemoryUsage of job (MB)
	16158620  -  ResidentSetSize of job (KB)
...
006 (39554.000.000) 2021-07-22 16:33:45 Image size of job updated: 29479680
	15882  -  MemoryUsage of job (MB)
	16262436  -  ResidentSetSize of job (KB)
...
006 (39554.000.000) 2021-07-22 16:38:45 Image size of job updated: 29479680
	16612  -  MemoryUsage of job (MB)
	17010196  -  ResidentSetSize of job (KB)
...
006 (39554.000.000) 2021-07-22 16:43:46 Image size of job updated: 29479680
	17404  -  MemoryUsage of job (MB)
	17821468  -  ResidentSetSize of job (KB)
...
006 (39554.000.000) 2021-07-22 16:53:46 Image size of job updated: 29479680
	17464  -  MemoryUsage of job (MB)
	17882128  -  ResidentSetSize of job (KB)
...
006 (39554.000.000) 2021-07-22 16:58:47 Image size of job updated: 29479680
	17839  -  MemoryUsage of job (MB)
	18266600  -  ResidentSetSize of job (KB)
...
006 (39554.000.000) 2021-07-22 17:03:48 Image size of job updated: 29479680
	18795  -  MemoryUsage of job (MB)
	19245536  -  ResidentSetSize of job (KB)
...
006 (39554.000.000) 2021-07-22 17:08:48 Image size of job updated: 29479680
	18902  -  MemoryUsage of job (MB)
	19354860  -  ResidentSetSize of job (KB)
...
006 (39554.000.000) 2021-07-22 17:13:49 Image size of job updated: 29479680
	19545  -  MemoryUsage of job (MB)
	20013224  -  ResidentSetSize of job (KB)
...
006 (39554.000.000) 2021-07-22 17:18:50 Image size of job updated: 54239484
	29082  -  MemoryUsage of job (MB)
	29779568  -  ResidentSetSize of job (KB)
...
006 (39554.000.000) 2021-07-22 17:23:50 Image size of job updated: 54239484
	29082  -  MemoryUsage of job (MB)
	29779820  -  ResidentSetSize of job (KB)
...
040 (39554.000.000) 2021-07-22 20:33:23 Started transferring output files
...
040 (39554.000.000) 2021-07-22 20:33:23 Finished transferring output files
...
005 (39554.000.000) 2021-07-22 20:33:23 Job terminated.
	(1) Normal termination (return value 1)
		Usr 0 05:17:32, Sys 0 00:24:06  -  Run Remote Usage
		Usr 0 00:00:00, Sys 0 00:00:00  -  Run Local Usage
		Usr 0 05:17:32, Sys 0 00:24:06  -  Total Remote Usage
		Usr 0 00:00:00, Sys 0 00:00:00  -  Total Local Usage
	43357  -  Run Bytes Sent By Job
	229  -  Run Bytes Received By Job
	43357  -  Total Bytes Sent By Job
	229  -  Total Bytes Received By Job
	Partitionable Resources :    Usage  Request Allocated 
	   Cpus                 :     0.65        1         1 
	   Disk (KB)            :    58           1    861476 
	   Memory (MB)          : 29082       51200     51200 

	Job terminated of its own accord at 2021-07-22T19:33:23Z.
...
000 (40033.000.000) 2021-07-24 10:26:55 Job submitted from host: <194.36.1.200:9618?addrs=194.36.1.200-9618&alias=hex.ppe.gla.ac.uk&noUDP&sock=schedd_1401_8c46>
...
040 (40033.000.000) 2021-07-24 10:27:16 Started transferring input files
	Transferring to host: <192.168.16.104:9618?addrs=192.168.16.104-9618&alias=condor-h16-04.ppe.cluster&noUDP&sock=slot1_1_11689_b534_505>
...
040 (40033.000.000) 2021-07-24 10:27:16 Finished transferring input files
...
001 (40033.000.000) 2021-07-24 10:27:17 Job executing on host: <192.168.16.104:9618?addrs=192.168.16.104-9618&alias=condor-h16-04.ppe.cluster&noUDP&sock=startd_20625_9ceb>
...
006 (40033.000.000) 2021-07-24 10:27:25 Image size of job updated: 83924
	50  -  MemoryUsage of job (MB)
	50948  -  ResidentSetSize of job (KB)
...
006 (40033.000.000) 2021-07-24 10:32:25 Image size of job updated: 1822144
	800  -  MemoryUsage of job (MB)
	818500  -  ResidentSetSize of job (KB)
...
006 (40033.000.000) 2021-07-24 10:37:25 Image size of job updated: 2779896
	2068  -  MemoryUsage of job (MB)
	2117236  -  ResidentSetSize of job (KB)
...
006 (40033.000.000) 2021-07-24 10:42:26 Image size of job updated: 3455836
	2068  -  MemoryUsage of job (MB)
	2117240  -  ResidentSetSize of job (KB)
...
006 (40033.000.000) 2021-07-24 10:47:27 Image size of job updated: 4208412
	2173  -  MemoryUsage of job (MB)
	2224676  -  ResidentSetSize of job (KB)
...
006 (40033.000.000) 2021-07-24 10:52:27 Image size of job updated: 4655528
	2469  -  MemoryUsage of job (MB)
	2528160  -  ResidentSetSize of job (KB)
...
006 (40033.000.000) 2021-07-24 10:57:28 Image size of job updated: 5646308
	3220  -  MemoryUsage of job (MB)
	3297224  -  ResidentSetSize of job (KB)
...
006 (40033.000.000) 2021-07-24 11:02:29 Image size of job updated: 5646308
	3479  -  MemoryUsage of job (MB)
	3561764  -  ResidentSetSize of job (KB)
...
006 (40033.000.000) 2021-07-24 11:07:29 Image size of job updated: 8141692
	4243  -  MemoryUsage of job (MB)
	4344288  -  ResidentSetSize of job (KB)
...
006 (40033.000.000) 2021-07-24 11:12:30 Image size of job updated: 8141692
	4342  -  MemoryUsage of job (MB)
	4446080  -  ResidentSetSize of job (KB)
...
006 (40033.000.000) 2021-07-24 11:17:31 Image size of job updated: 8141692
	4357  -  MemoryUsage of job (MB)
	4460812  -  ResidentSetSize of job (KB)
...
006 (40033.000.000) 2021-07-24 11:22:31 Image size of job updated: 8141692
	4835  -  MemoryUsage of job (MB)
	4950324  -  ResidentSetSize of job (KB)
...
006 (40033.000.000) 2021-07-24 11:27:31 Image size of job updated: 10877328
	6113  -  MemoryUsage of job (MB)
	6259608  -  ResidentSetSize of job (KB)
...
006 (40033.000.000) 2021-07-24 11:32:32 Image size of job updated: 10877328
	6420  -  MemoryUsage of job (MB)
	6573552  -  ResidentSetSize of job (KB)
...
006 (40033.000.000) 2021-07-24 11:42:32 Image size of job updated: 10877328
	6523  -  MemoryUsage of job (MB)
	6679052  -  ResidentSetSize of job (KB)
...
006 (40033.000.000) 2021-07-24 11:47:33 Image size of job updated: 13955912
	7991  -  MemoryUsage of job (MB)
	8182352  -  ResidentSetSize of job (KB)
...
006 (40033.000.000) 2021-07-24 11:52:34 Image size of job updated: 14347784
	7991  -  MemoryUsage of job (MB)
	8182352  -  ResidentSetSize of job (KB)
...
006 (40033.000.000) 2021-07-24 11:57:34 Image size of job updated: 14347784
	8532  -  MemoryUsage of job (MB)
	8736112  -  ResidentSetSize of job (KB)
...
006 (40033.000.000) 2021-07-24 12:02:35 Image size of job updated: 14358336
	8574  -  MemoryUsage of job (MB)
	8779568  -  ResidentSetSize of job (KB)
...
006 (40033.000.000) 2021-07-24 12:07:36 Image size of job updated: 14420644
	9246  -  MemoryUsage of job (MB)
	9467364  -  ResidentSetSize of job (KB)
...
006 (40033.000.000) 2021-07-24 12:12:36 Image size of job updated: 14420644
	9629  -  MemoryUsage of job (MB)
	9859180  -  ResidentSetSize of job (KB)
...
006 (40033.000.000) 2021-07-24 12:17:37 Image size of job updated: 14420644
	10605  -  MemoryUsage of job (MB)
	10858744  -  ResidentSetSize of job (KB)
...
006 (40033.000.000) 2021-07-24 12:22:38 Image size of job updated: 20433832
	10648  -  MemoryUsage of job (MB)
	10902852  -  ResidentSetSize of job (KB)
...
006 (40033.000.000) 2021-07-24 12:27:38 Image size of job updated: 20433832
	10998  -  MemoryUsage of job (MB)
	11261016  -  ResidentSetSize of job (KB)
...
006 (40033.000.000) 2021-07-24 12:32:38 Image size of job updated: 20433832
	11733  -  MemoryUsage of job (MB)
	12014260  -  ResidentSetSize of job (KB)
...
006 (40033.000.000) 2021-07-24 12:37:39 Image size of job updated: 20433832
	12004  -  MemoryUsage of job (MB)
	12291936  -  ResidentSetSize of job (KB)
...
006 (40033.000.000) 2021-07-24 12:42:39 Image size of job updated: 20433832
	12115  -  MemoryUsage of job (MB)
	12405488  -  ResidentSetSize of job (KB)
...
006 (40033.000.000) 2021-07-24 12:47:39 Image size of job updated: 20433832
	12494  -  MemoryUsage of job (MB)
	12793024  -  ResidentSetSize of job (KB)
...
006 (40033.000.000) 2021-07-24 12:52:40 Image size of job updated: 20433832
	12863  -  MemoryUsage of job (MB)
	13171196  -  ResidentSetSize of job (KB)
...
006 (40033.000.000) 2021-07-24 12:57:41 Image size of job updated: 20433832
	13517  -  MemoryUsage of job (MB)
	13840792  -  ResidentSetSize of job (KB)
...
006 (40033.000.000) 2021-07-24 13:02:41 Image size of job updated: 20433832
	14184  -  MemoryUsage of job (MB)
	14523708  -  ResidentSetSize of job (KB)
...
006 (40033.000.000) 2021-07-24 13:07:42 Image size of job updated: 29479956
	15708  -  MemoryUsage of job (MB)
	16084116  -  ResidentSetSize of job (KB)
...
006 (40033.000.000) 2021-07-24 13:27:45 Image size of job updated: 29479956
	15962  -  MemoryUsage of job (MB)
	16344080  -  ResidentSetSize of job (KB)
...
006 (40033.000.000) 2021-07-24 13:37:45 Image size of job updated: 29479956
	16581  -  MemoryUsage of job (MB)
	16977940  -  ResidentSetSize of job (KB)
...
006 (40033.000.000) 2021-07-24 13:42:46 Image size of job updated: 29479956
	17205  -  MemoryUsage of job (MB)
	17617676  -  ResidentSetSize of job (KB)
...
006 (40033.000.000) 2021-07-24 13:47:46 Image size of job updated: 29479956
	17205  -  MemoryUsage of job (MB)
	17617692  -  ResidentSetSize of job (KB)
...
006 (40033.000.000) 2021-07-24 13:52:46 Image size of job updated: 29479956
	17441  -  MemoryUsage of job (MB)
	17859516  -  ResidentSetSize of job (KB)
...
006 (40033.000.000) 2021-07-24 13:57:48 Image size of job updated: 29479956
	18325  -  MemoryUsage of job (MB)
	18763884  -  ResidentSetSize of job (KB)
...
006 (40033.000.000) 2021-07-24 14:07:48 Image size of job updated: 29479956
	19252  -  MemoryUsage of job (MB)
	19713420  -  ResidentSetSize of job (KB)
...
006 (40033.000.000) 2021-07-24 14:12:49 Image size of job updated: 52075200
	26198  -  MemoryUsage of job (MB)
	26825924  -  ResidentSetSize of job (KB)
...
006 (40033.000.000) 2021-07-24 14:17:50 Image size of job updated: 54237888
	27288  -  MemoryUsage of job (MB)
	27941964  -  ResidentSetSize of job (KB)
...
040 (40033.000.000) 2021-07-25 00:37:53 Started transferring output files
...
040 (40033.000.000) 2021-07-25 00:37:53 Finished transferring output files
...
005 (40033.000.000) 2021-07-25 00:37:53 Job terminated.
	(1) Normal termination (return value 0)
		Usr 0 12:13:12, Sys 0 00:32:20  -  Run Remote Usage
		Usr 0 00:00:00, Sys 0 00:00:00  -  Run Local Usage
		Usr 0 12:13:12, Sys 0 00:32:20  -  Total Remote Usage
		Usr 0 00:00:00, Sys 0 00:00:00  -  Total Local Usage
	535709  -  Run Bytes Sent By Job
	229  -  Run Bytes Received By Job
	535709  -  Total Bytes Sent By Job
	229  -  Total Bytes Received By Job
	Partitionable Resources :    Usage  Request Allocated 
	   Cpus                 :     0.96        1         1 
	   Disk (KB)            :   539           1    861476 
	   Memory (MB)          : 27288       51200     51200 

	Job terminated of its own accord at 2021-07-24T23:37:53Z.
...
000 (41147.000.000) 2021-07-29 12:12:25 Job submitted from host: <194.36.1.200:9618?addrs=194.36.1.200-9618&alias=hex.ppe.gla.ac.uk&noUDP&sock=schedd_1401_8c46>
...
040 (41147.000.000) 2021-07-29 12:12:25 Started transferring input files
	Transferring to host: <192.168.16.104:9618?addrs=192.168.16.104-9618&alias=condor-h16-04.ppe.cluster&noUDP&sock=slot1_1_993_6881_30>
...
040 (41147.000.000) 2021-07-29 12:12:25 Finished transferring input files
...
001 (41147.000.000) 2021-07-29 12:12:26 Job executing on host: <192.168.16.104:9618?addrs=192.168.16.104-9618&alias=condor-h16-04.ppe.cluster&noUDP&sock=startd_20625_9ceb>
...
006 (41147.000.000) 2021-07-29 12:12:34 Image size of job updated: 84368
	51  -  MemoryUsage of job (MB)
	51392  -  ResidentSetSize of job (KB)
...
006 (41147.000.000) 2021-07-29 12:14:36 Image size of job updated: 1138092
	51  -  MemoryUsage of job (MB)
	51392  -  ResidentSetSize of job (KB)
...
040 (41147.000.000) 2021-07-29 12:14:36 Started transferring output files
...
040 (41147.000.000) 2021-07-29 12:14:36 Finished transferring output files
...
005 (41147.000.000) 2021-07-29 12:14:36 Job terminated.
	(1) Normal termination (return value 134)
		Usr 0 00:01:11, Sys 0 00:00:04  -  Run Remote Usage
		Usr 0 00:00:00, Sys 0 00:00:00  -  Run Local Usage
		Usr 0 00:01:11, Sys 0 00:00:04  -  Total Remote Usage
		Usr 0 00:00:00, Sys 0 00:00:00  -  Total Local Usage
	10706  -  Run Bytes Sent By Job
	229  -  Run Bytes Received By Job
	10706  -  Total Bytes Sent By Job
	229  -  Total Bytes Received By Job
	Partitionable Resources :    Usage  Request Allocated 
	   Cpus                 :                 1         1 
	   Disk (KB)            :       20        1    861476 
	   Memory (MB)          :       51    51200     51200 

	Job terminated of its own accord at 2021-07-29T11:14:36Z.
...
000 (41248.000.000) 2021-07-29 14:07:35 Job submitted from host: <194.36.1.200:9618?addrs=194.36.1.200-9618&alias=hex.ppe.gla.ac.uk&noUDP&sock=schedd_1401_8c46>
...
040 (41248.000.000) 2021-07-29 14:07:55 Started transferring input files
	Transferring to host: <192.168.16.104:9618?addrs=192.168.16.104-9618&alias=condor-h16-04.ppe.cluster&noUDP&sock=slot1_1_993_6881_45>
...
040 (41248.000.000) 2021-07-29 14:07:55 Finished transferring input files
...
001 (41248.000.000) 2021-07-29 14:07:56 Job executing on host: <192.168.16.104:9618?addrs=192.168.16.104-9618&alias=condor-h16-04.ppe.cluster&noUDP&sock=startd_20625_9ceb>
...
006 (41248.000.000) 2021-07-29 14:08:04 Image size of job updated: 84916
	51  -  MemoryUsage of job (MB)
	51940  -  ResidentSetSize of job (KB)
...
006 (41248.000.000) 2021-07-29 14:11:38 Image size of job updated: 1466812
	51  -  MemoryUsage of job (MB)
	51940  -  ResidentSetSize of job (KB)
...
040 (41248.000.000) 2021-07-29 14:11:38 Started transferring output files
...
040 (41248.000.000) 2021-07-29 14:11:38 Finished transferring output files
...
005 (41248.000.000) 2021-07-29 14:11:38 Job terminated.
	(1) Normal termination (return value 0)
		Usr 0 00:03:18, Sys 0 00:00:05  -  Run Remote Usage
		Usr 0 00:00:00, Sys 0 00:00:00  -  Run Local Usage
		Usr 0 00:03:18, Sys 0 00:00:05  -  Total Remote Usage
		Usr 0 00:00:00, Sys 0 00:00:00  -  Total Local Usage
	483946  -  Run Bytes Sent By Job
	229  -  Run Bytes Received By Job
	483946  -  Total Bytes Sent By Job
	229  -  Total Bytes Received By Job
	Partitionable Resources :    Usage  Request Allocated 
	   Cpus                 :     0.93        1         1 
	   Disk (KB)            :   488           1    861476 
	   Memory (MB)          :    51       51200     51200 

	Job terminated of its own accord at 2021-07-29T13:11:38Z.
...
000 (41348.000.000) 2021-07-29 15:34:12 Job submitted from host: <194.36.1.200:9618?addrs=194.36.1.200-9618&alias=hex.ppe.gla.ac.uk&noUDP&sock=schedd_1401_8c46>
...
040 (41348.000.000) 2021-07-29 15:34:32 Started transferring input files
	Transferring to host: <192.168.16.104:9618?addrs=192.168.16.104-9618&alias=condor-h16-04.ppe.cluster&noUDP&sock=slot1_1_993_6881_59>
...
040 (41348.000.000) 2021-07-29 15:34:32 Finished transferring input files
...
001 (41348.000.000) 2021-07-29 15:34:33 Job executing on host: <192.168.16.104:9618?addrs=192.168.16.104-9618&alias=condor-h16-04.ppe.cluster&noUDP&sock=startd_20625_9ceb>
...
006 (41348.000.000) 2021-07-29 15:34:42 Image size of job updated: 84740
	51  -  MemoryUsage of job (MB)
	51672  -  ResidentSetSize of job (KB)
...
006 (41348.000.000) 2021-07-29 15:39:43 Image size of job updated: 2053800
	1021  -  MemoryUsage of job (MB)
	1044612  -  ResidentSetSize of job (KB)
...
006 (41348.000.000) 2021-07-29 15:44:43 Image size of job updated: 3037420
	1489  -  MemoryUsage of job (MB)
	1524388  -  ResidentSetSize of job (KB)
...
006 (41348.000.000) 2021-07-29 15:49:43 Image size of job updated: 3283144
	1564  -  MemoryUsage of job (MB)
	1601512  -  ResidentSetSize of job (KB)
...
006 (41348.000.000) 2021-07-29 15:54:44 Image size of job updated: 4491424
	2384  -  MemoryUsage of job (MB)
	2441084  -  ResidentSetSize of job (KB)
...
006 (41348.000.000) 2021-07-29 15:59:45 Image size of job updated: 4731600
	3182  -  MemoryUsage of job (MB)
	3257688  -  ResidentSetSize of job (KB)
...
006 (41348.000.000) 2021-07-29 16:04:45 Image size of job updated: 5647168
	3658  -  MemoryUsage of job (MB)
	3744872  -  ResidentSetSize of job (KB)
...
006 (41348.000.000) 2021-07-29 16:09:46 Image size of job updated: 5824488
	3658  -  MemoryUsage of job (MB)
	3744892  -  ResidentSetSize of job (KB)
...
006 (41348.000.000) 2021-07-29 16:14:47 Image size of job updated: 7822720
	4006  -  MemoryUsage of job (MB)
	4101444  -  ResidentSetSize of job (KB)
...
006 (41348.000.000) 2021-07-29 16:19:47 Image size of job updated: 7947308
	4403  -  MemoryUsage of job (MB)
	4508060  -  ResidentSetSize of job (KB)
...
006 (41348.000.000) 2021-07-29 16:24:47 Image size of job updated: 7947308
	4905  -  MemoryUsage of job (MB)
	5022460  -  ResidentSetSize of job (KB)
...
006 (41348.000.000) 2021-07-29 16:29:48 Image size of job updated: 10879716
	5916  -  MemoryUsage of job (MB)
	6057676  -  ResidentSetSize of job (KB)
...
006 (41348.000.000) 2021-07-29 16:34:48 Image size of job updated: 10879716
	5959  -  MemoryUsage of job (MB)
	6101800  -  ResidentSetSize of job (KB)
...
006 (41348.000.000) 2021-07-29 16:39:48 Image size of job updated: 10879716
	6266  -  MemoryUsage of job (MB)
	6415688  -  ResidentSetSize of job (KB)
...
006 (41348.000.000) 2021-07-29 16:44:49 Image size of job updated: 10879716
	6810  -  MemoryUsage of job (MB)
	6972948  -  ResidentSetSize of job (KB)
...
006 (41348.000.000) 2021-07-29 16:49:50 Image size of job updated: 10879716
	7294  -  MemoryUsage of job (MB)
	7468036  -  ResidentSetSize of job (KB)
...
006 (41348.000.000) 2021-07-29 16:54:50 Image size of job updated: 14371556
	7474  -  MemoryUsage of job (MB)
	7652464  -  ResidentSetSize of job (KB)
...
006 (41348.000.000) 2021-07-29 16:59:50 Image size of job updated: 14444928
	7756  -  MemoryUsage of job (MB)
	7941860  -  ResidentSetSize of job (KB)
...
006 (41348.000.000) 2021-07-29 17:04:51 Image size of job updated: 14444928
	8536  -  MemoryUsage of job (MB)
	8740060  -  ResidentSetSize of job (KB)
...
006 (41348.000.000) 2021-07-29 17:09:51 Image size of job updated: 14444928
	9026  -  MemoryUsage of job (MB)
	9241788  -  ResidentSetSize of job (KB)
...
006 (41348.000.000) 2021-07-29 17:19:52 Image size of job updated: 14444928
	9826  -  MemoryUsage of job (MB)
	10061052  -  ResidentSetSize of job (KB)
...
006 (41348.000.000) 2021-07-29 17:24:53 Image size of job updated: 14444928
	9864  -  MemoryUsage of job (MB)
	10099916  -  ResidentSetSize of job (KB)
...
006 (41348.000.000) 2021-07-29 17:29:53 Image size of job updated: 20446308
	10463  -  MemoryUsage of job (MB)
	10713344  -  ResidentSetSize of job (KB)
...
006 (41348.000.000) 2021-07-29 17:34:54 Image size of job updated: 20446308
	10671  -  MemoryUsage of job (MB)
	10926196  -  ResidentSetSize of job (KB)
...
006 (41348.000.000) 2021-07-29 17:39:55 Image size of job updated: 20446308
	11298  -  MemoryUsage of job (MB)
	11568472  -  ResidentSetSize of job (KB)
...
006 (41348.000.000) 2021-07-29 17:44:55 Image size of job updated: 20446308
	11522  -  MemoryUsage of job (MB)
	11797884  -  ResidentSetSize of job (KB)
...
006 (41348.000.000) 2021-07-29 17:49:55 Image size of job updated: 20446308
	11915  -  MemoryUsage of job (MB)
	12200648  -  ResidentSetSize of job (KB)
...
006 (41348.000.000) 2021-07-29 17:54:56 Image size of job updated: 20446308
	12143  -  MemoryUsage of job (MB)
	12433672  -  ResidentSetSize of job (KB)
...
006 (41348.000.000) 2021-07-29 17:59:56 Image size of job updated: 20446308
	13382  -  MemoryUsage of job (MB)
	13702760  -  ResidentSetSize of job (KB)
...
006 (41348.000.000) 2021-07-29 18:04:56 Image size of job updated: 20446308
	13648  -  MemoryUsage of job (MB)
	13974544  -  ResidentSetSize of job (KB)
...
006 (41348.000.000) 2021-07-29 18:09:57 Image size of job updated: 20446308
	13906  -  MemoryUsage of job (MB)
	14239524  -  ResidentSetSize of job (KB)
...
006 (41348.000.000) 2021-07-29 18:14:58 Image size of job updated: 29480676
	14576  -  MemoryUsage of job (MB)
	14925472  -  ResidentSetSize of job (KB)
...
006 (41348.000.000) 2021-07-29 18:19:58 Image size of job updated: 29480676
	14842  -  MemoryUsage of job (MB)
	15197552  -  ResidentSetSize of job (KB)
...
006 (41348.000.000) 2021-07-29 18:24:59 Image size of job updated: 29480676
	15814  -  MemoryUsage of job (MB)
	16192560  -  ResidentSetSize of job (KB)
...
006 (41348.000.000) 2021-07-29 18:30:00 Image size of job updated: 29480676
	16170  -  MemoryUsage of job (MB)
	16557332  -  ResidentSetSize of job (KB)
...
006 (41348.000.000) 2021-07-29 18:35:00 Image size of job updated: 29480676
	16396  -  MemoryUsage of job (MB)
	16789228  -  ResidentSetSize of job (KB)
...
006 (41348.000.000) 2021-07-29 18:40:01 Image size of job updated: 29480676
	16396  -  MemoryUsage of job (MB)
	16789256  -  ResidentSetSize of job (KB)
...
006 (41348.000.000) 2021-07-29 18:45:02 Image size of job updated: 29480676
	16957  -  MemoryUsage of job (MB)
	17363424  -  ResidentSetSize of job (KB)
...
006 (41348.000.000) 2021-07-29 18:50:02 Image size of job updated: 29480676
	17379  -  MemoryUsage of job (MB)
	17795508  -  ResidentSetSize of job (KB)
...
006 (41348.000.000) 2021-07-29 18:55:02 Image size of job updated: 29480676
	17422  -  MemoryUsage of job (MB)
	17840036  -  ResidentSetSize of job (KB)
...
006 (41348.000.000) 2021-07-29 19:00:03 Image size of job updated: 29480676
	18643  -  MemoryUsage of job (MB)
	19090360  -  ResidentSetSize of job (KB)
...
006 (41348.000.000) 2021-07-29 19:10:04 Image size of job updated: 29480676
	19132  -  MemoryUsage of job (MB)
	19590752  -  ResidentSetSize of job (KB)
...
006 (41348.000.000) 2021-07-29 19:15:05 Image size of job updated: 52075784
	28025  -  MemoryUsage of job (MB)
	28696632  -  ResidentSetSize of job (KB)
...
006 (41348.000.000) 2021-07-29 19:20:05 Image size of job updated: 56401160
	28025  -  MemoryUsage of job (MB)
	28696680  -  ResidentSetSize of job (KB)
...
004 (41348.000.000) 2021-07-30 05:14:55 Job was evicted.
	(0) CPU times
		Usr 0 11:50:23, Sys 0 00:30:54  -  Run Remote Usage
		Usr 0 00:00:00, Sys 0 00:00:00  -  Run Local Usage
	0  -  Run Bytes Sent By Job
	229  -  Run Bytes Received By Job
	Partitionable Resources :    Usage  Request Allocated 
	   Cpus                 :     0.98        1         1 
	   Disk (KB)            :   512           1    861476 
	   Memory (MB)          : 28025       51200     51200 
...
040 (41348.000.000) 2021-07-30 05:18:38 Started transferring input files
	Transferring to host: <192.168.16.104:9618?addrs=192.168.16.104-9618&alias=condor-h16-04.ppe.cluster&noUDP&sock=slot1_1_24731_fa07_4>
...
040 (41348.000.000) 2021-07-30 05:18:38 Finished transferring input files
...
001 (41348.000.000) 2021-07-30 05:18:39 Job executing on host: <192.168.16.104:9618?addrs=192.168.16.104-9618&alias=condor-h16-04.ppe.cluster&noUDP&sock=startd_20625_9ceb>
...
006 (41348.000.000) 2021-07-30 09:29:12 Image size of job updated: 75000000
	29798  -  MemoryUsage of job (MB)
	30512428  -  ResidentSetSize of job (KB)
...
022 (41348.000.000) 2021-07-30 09:41:07 Job disconnected, attempting to reconnect
    Local schedd and job shadow died, schedd now running again
    Trying to reconnect to slot1_1@condor-h16-04.ppe.cluster <192.168.16.104:9618?addrs=192.168.16.104-9618&alias=condor-h16-04.ppe.cluster&noUDP&sock=startd_20625_9ceb>
...
023 (41348.000.000) 2021-07-30 09:41:07 Job reconnected to slot1_1@condor-h16-04.ppe.cluster
    startd address: <192.168.16.104:9618?addrs=192.168.16.104-9618&alias=condor-h16-04.ppe.cluster&noUDP&sock=startd_20625_9ceb>
    starter address: <192.168.16.104:9618?addrs=192.168.16.104-9618&alias=condor-h16-04.ppe.cluster&noUDP&sock=slot1_1_24731_fa07_4>
...
005 (41348.000.000) 2021-07-30 20:06:17 Job terminated.
	(1) Normal termination (return value 0)
		Usr 0 12:03:04, Sys 0 00:31:26  -  Run Remote Usage
		Usr 0 00:00:00, Sys 0 00:00:00  -  Run Local Usage
		Usr 1 02:54:34, Sys 0 01:16:25  -  Total Remote Usage
		Usr 0 00:00:00, Sys 0 00:00:00  -  Total Local Usage
	537557  -  Run Bytes Sent By Job
	0  -  Run Bytes Received By Job
	537557  -  Total Bytes Sent By Job
	458  -  Total Bytes Received By Job
	Partitionable Resources :    Usage  Request Allocated 
	   Cpus                 :     0.97        1         1 
	   Disk (KB)            :   541         541    861476 
	   Memory (MB)          : 31739       51200     51200 

	Job terminated of its own accord at 2021-07-30T19:06:17Z.
...
