000 (39097.000.000) 2021-07-20 16:26:42 Job submitted from host: <194.36.1.200:9618?addrs=194.36.1.200-9618&alias=hex.ppe.gla.ac.uk&noUDP&sock=schedd_1401_8c46>
...
040 (39097.000.000) 2021-07-20 16:26:42 Started transferring input files
	Transferring to host: <192.168.16.111:9618?addrs=192.168.16.111-9618&alias=condor-d19-01.ppe.cluster&noUDP&sock=slot1_1_222987_4385_532>
...
040 (39097.000.000) 2021-07-20 16:26:42 Finished transferring input files
...
001 (39097.000.000) 2021-07-20 16:26:43 Job executing on host: <192.168.16.111:9618?addrs=192.168.16.111-9618&alias=condor-d19-01.ppe.cluster&noUDP&sock=startd_2932_afc5>
...
006 (39097.000.000) 2021-07-20 16:26:52 Image size of job updated: 374352
	51  -  MemoryUsage of job (MB)
	51704  -  ResidentSetSize of job (KB)
...
006 (39097.000.000) 2021-07-20 16:31:53 Image size of job updated: 2050940
	645  -  MemoryUsage of job (MB)
	659928  -  ResidentSetSize of job (KB)
...
006 (39097.000.000) 2021-07-20 16:36:53 Image size of job updated: 2830264
	1466  -  MemoryUsage of job (MB)
	1500648  -  ResidentSetSize of job (KB)
...
006 (39097.000.000) 2021-07-20 16:41:54 Image size of job updated: 3577544
	1846  -  MemoryUsage of job (MB)
	1889572  -  ResidentSetSize of job (KB)
...
006 (39097.000.000) 2021-07-20 16:46:55 Image size of job updated: 4405052
	2126  -  MemoryUsage of job (MB)
	2176624  -  ResidentSetSize of job (KB)
...
006 (39097.000.000) 2021-07-20 16:51:55 Image size of job updated: 4713408
	2752  -  MemoryUsage of job (MB)
	2817496  -  ResidentSetSize of job (KB)
...
006 (39097.000.000) 2021-07-20 16:56:56 Image size of job updated: 5696500
	3257  -  MemoryUsage of job (MB)
	3334928  -  ResidentSetSize of job (KB)
...
006 (39097.000.000) 2021-07-20 17:01:57 Image size of job updated: 5832068
	3712  -  MemoryUsage of job (MB)
	3800372  -  ResidentSetSize of job (KB)
...
006 (39097.000.000) 2021-07-20 17:06:57 Image size of job updated: 7909316
	4361  -  MemoryUsage of job (MB)
	4465548  -  ResidentSetSize of job (KB)
...
006 (39097.000.000) 2021-07-20 17:11:58 Image size of job updated: 7982980
	5176  -  MemoryUsage of job (MB)
	5299676  -  ResidentSetSize of job (KB)
...
006 (39097.000.000) 2021-07-20 17:16:58 Image size of job updated: 7982980
	5494  -  MemoryUsage of job (MB)
	5625856  -  ResidentSetSize of job (KB)
...
006 (39097.000.000) 2021-07-20 17:21:58 Image size of job updated: 9770168
	5668  -  MemoryUsage of job (MB)
	5803804  -  ResidentSetSize of job (KB)
...
006 (39097.000.000) 2021-07-20 17:26:59 Image size of job updated: 9794956
	6019  -  MemoryUsage of job (MB)
	6163176  -  ResidentSetSize of job (KB)
...
006 (39097.000.000) 2021-07-20 17:31:59 Image size of job updated: 10036844
	6832  -  MemoryUsage of job (MB)
	6995412  -  ResidentSetSize of job (KB)
...
006 (39097.000.000) 2021-07-20 17:36:59 Image size of job updated: 10036844
	7293  -  MemoryUsage of job (MB)
	7467756  -  ResidentSetSize of job (KB)
...
006 (39097.000.000) 2021-07-20 17:42:00 Image size of job updated: 13753364
	8139  -  MemoryUsage of job (MB)
	8333348  -  ResidentSetSize of job (KB)
...
006 (39097.000.000) 2021-07-20 17:47:00 Image size of job updated: 14435048
	8139  -  MemoryUsage of job (MB)
	8333348  -  ResidentSetSize of job (KB)
...
006 (39097.000.000) 2021-07-20 17:52:01 Image size of job updated: 14435048
	8439  -  MemoryUsage of job (MB)
	8640604  -  ResidentSetSize of job (KB)
...
006 (39097.000.000) 2021-07-20 17:57:02 Image size of job updated: 14435048
	8724  -  MemoryUsage of job (MB)
	8933292  -  ResidentSetSize of job (KB)
...
006 (39097.000.000) 2021-07-20 18:02:02 Image size of job updated: 14435048
	10068  -  MemoryUsage of job (MB)
	10308700  -  ResidentSetSize of job (KB)
...
006 (39097.000.000) 2021-07-20 18:07:03 Image size of job updated: 14435048
	10095  -  MemoryUsage of job (MB)
	10337192  -  ResidentSetSize of job (KB)
...
006 (39097.000.000) 2021-07-20 18:12:04 Image size of job updated: 14435048
	10312  -  MemoryUsage of job (MB)
	10558804  -  ResidentSetSize of job (KB)
...
006 (39097.000.000) 2021-07-20 18:17:04 Image size of job updated: 18017048
	10396  -  MemoryUsage of job (MB)
	10644836  -  ResidentSetSize of job (KB)
...
006 (39097.000.000) 2021-07-20 18:22:05 Image size of job updated: 18642340
	11202  -  MemoryUsage of job (MB)
	11469848  -  ResidentSetSize of job (KB)
...
006 (39097.000.000) 2021-07-20 18:27:05 Image size of job updated: 18800108
	12388  -  MemoryUsage of job (MB)
	12685232  -  ResidentSetSize of job (KB)
...
006 (39097.000.000) 2021-07-20 18:32:05 Image size of job updated: 18800108
	12429  -  MemoryUsage of job (MB)
	12726356  -  ResidentSetSize of job (KB)
...
006 (39097.000.000) 2021-07-20 18:37:06 Image size of job updated: 18818532
	12429  -  MemoryUsage of job (MB)
	12726804  -  ResidentSetSize of job (KB)
...
006 (39097.000.000) 2021-07-20 18:42:06 Image size of job updated: 18818532
	13206  -  MemoryUsage of job (MB)
	13522752  -  ResidentSetSize of job (KB)
...
006 (39097.000.000) 2021-07-20 18:47:06 Image size of job updated: 18818532
	13593  -  MemoryUsage of job (MB)
	13918332  -  ResidentSetSize of job (KB)
...
006 (39097.000.000) 2021-07-20 18:52:07 Image size of job updated: 18818532
	13593  -  MemoryUsage of job (MB)
	13918360  -  ResidentSetSize of job (KB)
...
006 (39097.000.000) 2021-07-20 18:57:07 Image size of job updated: 18818532
	14884  -  MemoryUsage of job (MB)
	15240604  -  ResidentSetSize of job (KB)
...
006 (39097.000.000) 2021-07-20 19:02:07 Image size of job updated: 27347608
	14902  -  MemoryUsage of job (MB)
	15258932  -  ResidentSetSize of job (KB)
...
006 (39097.000.000) 2021-07-20 19:07:08 Image size of job updated: 27347608
	15532  -  MemoryUsage of job (MB)
	15904116  -  ResidentSetSize of job (KB)
...
006 (39097.000.000) 2021-07-20 19:12:08 Image size of job updated: 27408876
	15816  -  MemoryUsage of job (MB)
	16195484  -  ResidentSetSize of job (KB)
...
006 (39097.000.000) 2021-07-20 19:17:09 Image size of job updated: 27451284
	16374  -  MemoryUsage of job (MB)
	16766924  -  ResidentSetSize of job (KB)
...
006 (39097.000.000) 2021-07-20 19:22:10 Image size of job updated: 27451284
	16462  -  MemoryUsage of job (MB)
	16856244  -  ResidentSetSize of job (KB)
...
006 (39097.000.000) 2021-07-20 19:27:10 Image size of job updated: 27451284
	17306  -  MemoryUsage of job (MB)
	17721112  -  ResidentSetSize of job (KB)
...
006 (39097.000.000) 2021-07-20 19:32:11 Image size of job updated: 27451284
	17374  -  MemoryUsage of job (MB)
	17790704  -  ResidentSetSize of job (KB)
...
006 (39097.000.000) 2021-07-20 19:37:12 Image size of job updated: 27451284
	18205  -  MemoryUsage of job (MB)
	18641008  -  ResidentSetSize of job (KB)
...
006 (39097.000.000) 2021-07-20 19:42:12 Image size of job updated: 27451284
	18363  -  MemoryUsage of job (MB)
	18803620  -  ResidentSetSize of job (KB)
...
006 (39097.000.000) 2021-07-20 19:47:13 Image size of job updated: 27451284
	19099  -  MemoryUsage of job (MB)
	19556972  -  ResidentSetSize of job (KB)
...
006 (39097.000.000) 2021-07-20 19:52:13 Image size of job updated: 27451284
	19949  -  MemoryUsage of job (MB)
	20427376  -  ResidentSetSize of job (KB)
...
006 (39097.000.000) 2021-07-20 19:57:13 Image size of job updated: 54155512
	19949  -  MemoryUsage of job (MB)
	20427376  -  ResidentSetSize of job (KB)
...
006 (39097.000.000) 2021-07-20 21:47:24 Image size of job updated: 54155512
	20053  -  MemoryUsage of job (MB)
	20533372  -  ResidentSetSize of job (KB)
...
006 (39097.000.000) 2021-07-20 21:52:26 Image size of job updated: 54155512
	20705  -  MemoryUsage of job (MB)
	21200940  -  ResidentSetSize of job (KB)
...
006 (39097.000.000) 2021-07-20 21:57:26 Image size of job updated: 54155512
	21301  -  MemoryUsage of job (MB)
	21811484  -  ResidentSetSize of job (KB)
...
006 (39097.000.000) 2021-07-20 22:02:26 Image size of job updated: 54155512
	21579  -  MemoryUsage of job (MB)
	22096696  -  ResidentSetSize of job (KB)
...
006 (39097.000.000) 2021-07-20 22:07:27 Image size of job updated: 54155512
	21986  -  MemoryUsage of job (MB)
	22513208  -  ResidentSetSize of job (KB)
...
006 (39097.000.000) 2021-07-20 22:12:28 Image size of job updated: 54155512
	22198  -  MemoryUsage of job (MB)
	22729740  -  ResidentSetSize of job (KB)
...
006 (39097.000.000) 2021-07-20 22:22:29 Image size of job updated: 54155512
	22494  -  MemoryUsage of job (MB)
	23033772  -  ResidentSetSize of job (KB)
...
006 (39097.000.000) 2021-07-20 22:27:30 Image size of job updated: 54155512
	22494  -  MemoryUsage of job (MB)
	23033804  -  ResidentSetSize of job (KB)
...
040 (39097.000.000) 2021-07-20 22:30:02 Started transferring output files
...
040 (39097.000.000) 2021-07-20 22:30:02 Finished transferring output files
...
005 (39097.000.000) 2021-07-20 22:30:02 Job terminated.
	(1) Normal termination (return value 1)
		Usr 0 04:43:11, Sys 0 00:18:42  -  Run Remote Usage
		Usr 0 00:00:00, Sys 0 00:00:00  -  Run Local Usage
		Usr 0 04:43:11, Sys 0 00:18:42  -  Total Remote Usage
		Usr 0 00:00:00, Sys 0 00:00:00  -  Total Local Usage
	43336  -  Run Bytes Sent By Job
	229  -  Run Bytes Received By Job
	43336  -  Total Bytes Sent By Job
	229  -  Total Bytes Received By Job
	Partitionable Resources :    Usage  Request Allocated 
	   Cpus                 :     0.86        1         1 
	   Disk (KB)            :    58           1    825748 
	   Memory (MB)          : 22494       51200     51200 

	Job terminated of its own accord at 2021-07-20T21:30:02Z.
...
000 (39553.000.000) 2021-07-22 13:32:54 Job submitted from host: <194.36.1.200:9618?addrs=194.36.1.200-9618&alias=hex.ppe.gla.ac.uk&noUDP&sock=schedd_1401_8c46>
...
040 (39553.000.000) 2021-07-22 13:32:54 Started transferring input files
	Transferring to host: <192.168.16.101:9618?addrs=192.168.16.101-9618&alias=condor-h16-01.ppe.cluster&noUDP&sock=slot1_1_21991_6617_343>
...
040 (39553.000.000) 2021-07-22 13:32:54 Finished transferring input files
...
001 (39553.000.000) 2021-07-22 13:32:55 Job executing on host: <192.168.16.101:9618?addrs=192.168.16.101-9618&alias=condor-h16-01.ppe.cluster&noUDP&sock=startd_2155_baae>
...
006 (39553.000.000) 2021-07-22 13:33:04 Image size of job updated: 84492
	51  -  MemoryUsage of job (MB)
	51516  -  ResidentSetSize of job (KB)
...
006 (39553.000.000) 2021-07-22 13:38:04 Image size of job updated: 1643392
	1039  -  MemoryUsage of job (MB)
	1063000  -  ResidentSetSize of job (KB)
...
006 (39553.000.000) 2021-07-22 13:43:04 Image size of job updated: 2654544
	2014  -  MemoryUsage of job (MB)
	2062004  -  ResidentSetSize of job (KB)
...
006 (39553.000.000) 2021-07-22 13:48:05 Image size of job updated: 3217080
	2364  -  MemoryUsage of job (MB)
	2420416  -  ResidentSetSize of job (KB)
...
006 (39553.000.000) 2021-07-22 13:53:06 Image size of job updated: 4396756
	2364  -  MemoryUsage of job (MB)
	2420432  -  ResidentSetSize of job (KB)
...
006 (39553.000.000) 2021-07-22 13:58:06 Image size of job updated: 4396756
	2488  -  MemoryUsage of job (MB)
	2546824  -  ResidentSetSize of job (KB)
...
006 (39553.000.000) 2021-07-22 14:03:06 Image size of job updated: 5794004
	3066  -  MemoryUsage of job (MB)
	3138700  -  ResidentSetSize of job (KB)
...
006 (39553.000.000) 2021-07-22 14:08:08 Image size of job updated: 5794004
	3749  -  MemoryUsage of job (MB)
	3838204  -  ResidentSetSize of job (KB)
...
006 (39553.000.000) 2021-07-22 14:13:08 Image size of job updated: 8141644
	3885  -  MemoryUsage of job (MB)
	3978068  -  ResidentSetSize of job (KB)
...
006 (39553.000.000) 2021-07-22 14:18:08 Image size of job updated: 8141644
	4507  -  MemoryUsage of job (MB)
	4614188  -  ResidentSetSize of job (KB)
...
006 (39553.000.000) 2021-07-22 14:23:09 Image size of job updated: 8141644
	5249  -  MemoryUsage of job (MB)
	5374616  -  ResidentSetSize of job (KB)
...
006 (39553.000.000) 2021-07-22 14:28:10 Image size of job updated: 8141644
	5609  -  MemoryUsage of job (MB)
	5743336  -  ResidentSetSize of job (KB)
...
006 (39553.000.000) 2021-07-22 14:33:10 Image size of job updated: 10877084
	5762  -  MemoryUsage of job (MB)
	5899384  -  ResidentSetSize of job (KB)
...
006 (39553.000.000) 2021-07-22 14:38:10 Image size of job updated: 10877084
	5790  -  MemoryUsage of job (MB)
	5928104  -  ResidentSetSize of job (KB)
...
006 (39553.000.000) 2021-07-22 14:43:11 Image size of job updated: 10877084
	6817  -  MemoryUsage of job (MB)
	6979868  -  ResidentSetSize of job (KB)
...
006 (39553.000.000) 2021-07-22 14:48:11 Image size of job updated: 10877084
	6820  -  MemoryUsage of job (MB)
	6982824  -  ResidentSetSize of job (KB)
...
006 (39553.000.000) 2021-07-22 14:53:11 Image size of job updated: 14684008
	7393  -  MemoryUsage of job (MB)
	7569608  -  ResidentSetSize of job (KB)
...
006 (39553.000.000) 2021-07-22 14:58:12 Image size of job updated: 14684008
	7877  -  MemoryUsage of job (MB)
	8065552  -  ResidentSetSize of job (KB)
...
006 (39553.000.000) 2021-07-22 15:03:13 Image size of job updated: 14684008
	8238  -  MemoryUsage of job (MB)
	8435044  -  ResidentSetSize of job (KB)
...
006 (39553.000.000) 2021-07-22 15:08:13 Image size of job updated: 14684008
	8478  -  MemoryUsage of job (MB)
	8681080  -  ResidentSetSize of job (KB)
...
006 (39553.000.000) 2021-07-22 15:13:14 Image size of job updated: 14684008
	8765  -  MemoryUsage of job (MB)
	8974788  -  ResidentSetSize of job (KB)
...
006 (39553.000.000) 2021-07-22 15:18:15 Image size of job updated: 14684008
	9925  -  MemoryUsage of job (MB)
	10162956  -  ResidentSetSize of job (KB)
...
006 (39553.000.000) 2021-07-22 15:23:15 Image size of job updated: 14684008
	10094  -  MemoryUsage of job (MB)
	10335884  -  ResidentSetSize of job (KB)
...
006 (39553.000.000) 2021-07-22 15:28:15 Image size of job updated: 20433284
	10607  -  MemoryUsage of job (MB)
	10861132  -  ResidentSetSize of job (KB)
...
006 (39553.000.000) 2021-07-22 15:33:16 Image size of job updated: 20433284
	11133  -  MemoryUsage of job (MB)
	11399960  -  ResidentSetSize of job (KB)
...
006 (39553.000.000) 2021-07-22 15:38:16 Image size of job updated: 20433284
	11681  -  MemoryUsage of job (MB)
	11960516  -  ResidentSetSize of job (KB)
...
006 (39553.000.000) 2021-07-22 15:48:18 Image size of job updated: 20433284
	11812  -  MemoryUsage of job (MB)
	12094492  -  ResidentSetSize of job (KB)
...
006 (39553.000.000) 2021-07-22 15:53:18 Image size of job updated: 20433284
	12629  -  MemoryUsage of job (MB)
	12931448  -  ResidentSetSize of job (KB)
...
006 (39553.000.000) 2021-07-22 15:58:18 Image size of job updated: 20433284
	12774  -  MemoryUsage of job (MB)
	13079772  -  ResidentSetSize of job (KB)
...
006 (39553.000.000) 2021-07-22 16:03:19 Image size of job updated: 20433284
	13139  -  MemoryUsage of job (MB)
	13453488  -  ResidentSetSize of job (KB)
...
006 (39553.000.000) 2021-07-22 16:08:20 Image size of job updated: 20433284
	13549  -  MemoryUsage of job (MB)
	13873768  -  ResidentSetSize of job (KB)
...
006 (39553.000.000) 2021-07-22 16:13:20 Image size of job updated: 27316992
	14587  -  MemoryUsage of job (MB)
	14937068  -  ResidentSetSize of job (KB)
...
006 (39553.000.000) 2021-07-22 16:18:21 Image size of job updated: 29479680
	14588  -  MemoryUsage of job (MB)
	14937108  -  ResidentSetSize of job (KB)
...
006 (39553.000.000) 2021-07-22 16:23:22 Image size of job updated: 29479680
	15204  -  MemoryUsage of job (MB)
	15568828  -  ResidentSetSize of job (KB)
...
006 (39553.000.000) 2021-07-22 16:28:22 Image size of job updated: 29479680
	15204  -  MemoryUsage of job (MB)
	15568848  -  ResidentSetSize of job (KB)
...
006 (39553.000.000) 2021-07-22 16:38:24 Image size of job updated: 29479680
	15731  -  MemoryUsage of job (MB)
	16108020  -  ResidentSetSize of job (KB)
...
006 (39553.000.000) 2021-07-22 16:43:24 Image size of job updated: 29479680
	16677  -  MemoryUsage of job (MB)
	17076900  -  ResidentSetSize of job (KB)
...
006 (39553.000.000) 2021-07-22 16:53:25 Image size of job updated: 29479680
	17090  -  MemoryUsage of job (MB)
	17499692  -  ResidentSetSize of job (KB)
...
006 (39553.000.000) 2021-07-22 16:58:26 Image size of job updated: 29479680
	17244  -  MemoryUsage of job (MB)
	17657632  -  ResidentSetSize of job (KB)
...
006 (39553.000.000) 2021-07-22 17:03:26 Image size of job updated: 29479680
	17975  -  MemoryUsage of job (MB)
	18405792  -  ResidentSetSize of job (KB)
...
006 (39553.000.000) 2021-07-22 17:08:27 Image size of job updated: 29479680
	18076  -  MemoryUsage of job (MB)
	18509752  -  ResidentSetSize of job (KB)
...
006 (39553.000.000) 2021-07-22 17:13:28 Image size of job updated: 29479680
	18859  -  MemoryUsage of job (MB)
	19310596  -  ResidentSetSize of job (KB)
...
006 (39553.000.000) 2021-07-22 17:18:28 Image size of job updated: 43342636
	27686  -  MemoryUsage of job (MB)
	28350044  -  ResidentSetSize of job (KB)
...
006 (39553.000.000) 2021-07-22 17:23:29 Image size of job updated: 54156076
	27686  -  MemoryUsage of job (MB)
	28350052  -  ResidentSetSize of job (KB)
...
006 (39553.000.000) 2021-07-22 17:28:30 Image size of job updated: 56318764
	27704  -  MemoryUsage of job (MB)
	28368052  -  ResidentSetSize of job (KB)
...
040 (39553.000.000) 2021-07-22 20:35:59 Started transferring output files
...
040 (39553.000.000) 2021-07-22 20:35:59 Finished transferring output files
...
005 (39553.000.000) 2021-07-22 20:35:59 Job terminated.
	(1) Normal termination (return value 1)
		Usr 0 05:10:38, Sys 0 00:24:57  -  Run Remote Usage
		Usr 0 00:00:00, Sys 0 00:00:00  -  Run Local Usage
		Usr 0 05:10:38, Sys 0 00:24:57  -  Total Remote Usage
		Usr 0 00:00:00, Sys 0 00:00:00  -  Total Local Usage
	43357  -  Run Bytes Sent By Job
	229  -  Run Bytes Received By Job
	43357  -  Total Bytes Sent By Job
	229  -  Total Bytes Received By Job
	Partitionable Resources :    Usage  Request Allocated 
	   Cpus                 :     0.91        1         1 
	   Disk (KB)            :    58           1    864796 
	   Memory (MB)          : 27704       51200     51200 

	Job terminated of its own accord at 2021-07-22T19:35:59Z.
...
000 (40032.000.000) 2021-07-24 10:26:55 Job submitted from host: <194.36.1.200:9618?addrs=194.36.1.200-9618&alias=hex.ppe.gla.ac.uk&noUDP&sock=schedd_1401_8c46>
...
040 (40032.000.000) 2021-07-24 10:26:55 Started transferring input files
	Transferring to host: <192.168.16.101:9618?addrs=192.168.16.101-9618&alias=condor-h16-01.ppe.cluster&noUDP&sock=slot1_1_21991_6617_498>
...
040 (40032.000.000) 2021-07-24 10:26:55 Finished transferring input files
...
001 (40032.000.000) 2021-07-24 10:26:56 Job executing on host: <192.168.16.101:9618?addrs=192.168.16.101-9618&alias=condor-h16-01.ppe.cluster&noUDP&sock=startd_2155_baae>
...
006 (40032.000.000) 2021-07-24 10:27:04 Image size of job updated: 82188
	49  -  MemoryUsage of job (MB)
	49212  -  ResidentSetSize of job (KB)
...
006 (40032.000.000) 2021-07-24 10:32:04 Image size of job updated: 1964676
	621  -  MemoryUsage of job (MB)
	634992  -  ResidentSetSize of job (KB)
...
006 (40032.000.000) 2021-07-24 10:37:05 Image size of job updated: 2654544
	1189  -  MemoryUsage of job (MB)
	1217188  -  ResidentSetSize of job (KB)
...
006 (40032.000.000) 2021-07-24 10:42:06 Image size of job updated: 3211788
	2221  -  MemoryUsage of job (MB)
	2274132  -  ResidentSetSize of job (KB)
...
006 (40032.000.000) 2021-07-24 10:47:06 Image size of job updated: 4620020
	2650  -  MemoryUsage of job (MB)
	2713460  -  ResidentSetSize of job (KB)
...
006 (40032.000.000) 2021-07-24 10:52:07 Image size of job updated: 4745616
	3358  -  MemoryUsage of job (MB)
	3437968  -  ResidentSetSize of job (KB)
...
006 (40032.000.000) 2021-07-24 10:57:08 Image size of job updated: 5772116
	3392  -  MemoryUsage of job (MB)
	3472596  -  ResidentSetSize of job (KB)
...
006 (40032.000.000) 2021-07-24 11:02:08 Image size of job updated: 5836620
	3542  -  MemoryUsage of job (MB)
	3626692  -  ResidentSetSize of job (KB)
...
006 (40032.000.000) 2021-07-24 11:07:08 Image size of job updated: 8141688
	4325  -  MemoryUsage of job (MB)
	4427808  -  ResidentSetSize of job (KB)
...
006 (40032.000.000) 2021-07-24 11:17:09 Image size of job updated: 8141688
	4339  -  MemoryUsage of job (MB)
	4442208  -  ResidentSetSize of job (KB)
...
006 (40032.000.000) 2021-07-24 11:22:09 Image size of job updated: 8141688
	5057  -  MemoryUsage of job (MB)
	5177536  -  ResidentSetSize of job (KB)
...
006 (40032.000.000) 2021-07-24 11:27:10 Image size of job updated: 10877128
	5831  -  MemoryUsage of job (MB)
	5970784  -  ResidentSetSize of job (KB)
...
006 (40032.000.000) 2021-07-24 11:32:11 Image size of job updated: 10877128
	6093  -  MemoryUsage of job (MB)
	6238972  -  ResidentSetSize of job (KB)
...
006 (40032.000.000) 2021-07-24 11:37:11 Image size of job updated: 10877128
	6998  -  MemoryUsage of job (MB)
	7165748  -  ResidentSetSize of job (KB)
...
006 (40032.000.000) 2021-07-24 11:42:12 Image size of job updated: 10877128
	7206  -  MemoryUsage of job (MB)
	7378412  -  ResidentSetSize of job (KB)
...
006 (40032.000.000) 2021-07-24 11:47:13 Image size of job updated: 14684008
	7545  -  MemoryUsage of job (MB)
	7725484  -  ResidentSetSize of job (KB)
...
006 (40032.000.000) 2021-07-24 11:52:13 Image size of job updated: 14684008
	8250  -  MemoryUsage of job (MB)
	8447228  -  ResidentSetSize of job (KB)
...
006 (40032.000.000) 2021-07-24 12:02:14 Image size of job updated: 14684008
	8493  -  MemoryUsage of job (MB)
	8696460  -  ResidentSetSize of job (KB)
...
006 (40032.000.000) 2021-07-24 12:07:15 Image size of job updated: 14684008
	9287  -  MemoryUsage of job (MB)
	9509560  -  ResidentSetSize of job (KB)
...
006 (40032.000.000) 2021-07-24 12:12:15 Image size of job updated: 14684008
	9761  -  MemoryUsage of job (MB)
	9995088  -  ResidentSetSize of job (KB)
...
006 (40032.000.000) 2021-07-24 12:17:15 Image size of job updated: 14684008
	9994  -  MemoryUsage of job (MB)
	10232888  -  ResidentSetSize of job (KB)
...
006 (40032.000.000) 2021-07-24 12:22:16 Image size of job updated: 20434692
	10599  -  MemoryUsage of job (MB)
	10853120  -  ResidentSetSize of job (KB)
...
006 (40032.000.000) 2021-07-24 12:27:17 Image size of job updated: 20434692
	11017  -  MemoryUsage of job (MB)
	11280828  -  ResidentSetSize of job (KB)
...
006 (40032.000.000) 2021-07-24 12:32:17 Image size of job updated: 20434692
	11017  -  MemoryUsage of job (MB)
	11280832  -  ResidentSetSize of job (KB)
...
006 (40032.000.000) 2021-07-24 12:37:17 Image size of job updated: 20434692
	12196  -  MemoryUsage of job (MB)
	12488276  -  ResidentSetSize of job (KB)
...
006 (40032.000.000) 2021-07-24 12:47:18 Image size of job updated: 20434692
	12521  -  MemoryUsage of job (MB)
	12820616  -  ResidentSetSize of job (KB)
...
006 (40032.000.000) 2021-07-24 12:52:18 Image size of job updated: 20434692
	13153  -  MemoryUsage of job (MB)
	13468124  -  ResidentSetSize of job (KB)
...
006 (40032.000.000) 2021-07-24 12:57:19 Image size of job updated: 20434692
	13531  -  MemoryUsage of job (MB)
	13855160  -  ResidentSetSize of job (KB)
...
006 (40032.000.000) 2021-07-24 13:02:20 Image size of job updated: 20434692
	14027  -  MemoryUsage of job (MB)
	14363164  -  ResidentSetSize of job (KB)
...
006 (40032.000.000) 2021-07-24 13:07:20 Image size of job updated: 29479680
	14867  -  MemoryUsage of job (MB)
	15223596  -  ResidentSetSize of job (KB)
...
006 (40032.000.000) 2021-07-24 13:32:22 Image size of job updated: 29479680
	15477  -  MemoryUsage of job (MB)
	15847612  -  ResidentSetSize of job (KB)
...
006 (40032.000.000) 2021-07-24 13:37:23 Image size of job updated: 29479680
	16089  -  MemoryUsage of job (MB)
	16474652  -  ResidentSetSize of job (KB)
...
006 (40032.000.000) 2021-07-24 13:42:23 Image size of job updated: 29479680
	16191  -  MemoryUsage of job (MB)
	16578984  -  ResidentSetSize of job (KB)
...
006 (40032.000.000) 2021-07-24 13:47:24 Image size of job updated: 29479680
	16470  -  MemoryUsage of job (MB)
	16865012  -  ResidentSetSize of job (KB)
...
006 (40032.000.000) 2021-07-24 13:52:25 Image size of job updated: 29479680
	16667  -  MemoryUsage of job (MB)
	17066012  -  ResidentSetSize of job (KB)
...
006 (40032.000.000) 2021-07-24 13:57:25 Image size of job updated: 29479680
	16940  -  MemoryUsage of job (MB)
	17346380  -  ResidentSetSize of job (KB)
...
006 (40032.000.000) 2021-07-24 14:02:25 Image size of job updated: 29479680
	18182  -  MemoryUsage of job (MB)
	18618364  -  ResidentSetSize of job (KB)
...
006 (40032.000.000) 2021-07-24 14:07:26 Image size of job updated: 29479680
	18384  -  MemoryUsage of job (MB)
	18824616  -  ResidentSetSize of job (KB)
...
006 (40032.000.000) 2021-07-24 14:12:40 Image size of job updated: 41178396
	26826  -  MemoryUsage of job (MB)
	27469348  -  ResidentSetSize of job (KB)
...
006 (40032.000.000) 2021-07-24 14:17:26 Image size of job updated: 56317212
	26829  -  MemoryUsage of job (MB)
	27472148  -  ResidentSetSize of job (KB)
...
040 (40032.000.000) 2021-07-25 00:34:00 Started transferring output files
...
040 (40032.000.000) 2021-07-25 00:34:00 Finished transferring output files
...
005 (40032.000.000) 2021-07-25 00:34:00 Job terminated.
	(1) Normal termination (return value 0)
		Usr 0 11:54:15, Sys 0 00:31:28  -  Run Remote Usage
		Usr 0 00:00:00, Sys 0 00:00:00  -  Run Local Usage
		Usr 0 11:54:15, Sys 0 00:31:28  -  Total Remote Usage
		Usr 0 00:00:00, Sys 0 00:00:00  -  Total Local Usage
	535657  -  Run Bytes Sent By Job
	229  -  Run Bytes Received By Job
	535657  -  Total Bytes Sent By Job
	229  -  Total Bytes Received By Job
	Partitionable Resources :    Usage  Request Allocated 
	   Cpus                 :     0.84        1         1 
	   Disk (KB)            :   538           1    864796 
	   Memory (MB)          : 26829       51200     51200 

	Job terminated of its own accord at 2021-07-24T23:34:00Z.
...
000 (41146.000.000) 2021-07-29 12:12:25 Job submitted from host: <194.36.1.200:9618?addrs=194.36.1.200-9618&alias=hex.ppe.gla.ac.uk&noUDP&sock=schedd_1401_8c46>
...
040 (41146.000.000) 2021-07-29 12:12:25 Started transferring input files
	Transferring to host: <192.168.16.101:9618?addrs=192.168.16.101-9618&alias=condor-h16-01.ppe.cluster&noUDP&sock=slot1_2_16412_7d14_24>
...
040 (41146.000.000) 2021-07-29 12:12:25 Finished transferring input files
...
001 (41146.000.000) 2021-07-29 12:12:26 Job executing on host: <192.168.16.101:9618?addrs=192.168.16.101-9618&alias=condor-h16-01.ppe.cluster&noUDP&sock=startd_2155_baae>
...
006 (41146.000.000) 2021-07-29 12:12:34 Image size of job updated: 84024
	50  -  MemoryUsage of job (MB)
	51052  -  ResidentSetSize of job (KB)
...
006 (41146.000.000) 2021-07-29 12:14:45 Image size of job updated: 1501416
	50  -  MemoryUsage of job (MB)
	51052  -  ResidentSetSize of job (KB)
...
040 (41146.000.000) 2021-07-29 12:14:45 Started transferring output files
...
040 (41146.000.000) 2021-07-29 12:14:45 Finished transferring output files
...
005 (41146.000.000) 2021-07-29 12:14:45 Job terminated.
	(1) Normal termination (return value 134)
		Usr 0 00:01:12, Sys 0 00:00:05  -  Run Remote Usage
		Usr 0 00:00:00, Sys 0 00:00:00  -  Run Local Usage
		Usr 0 00:01:12, Sys 0 00:00:05  -  Total Remote Usage
		Usr 0 00:00:00, Sys 0 00:00:00  -  Total Local Usage
	10721  -  Run Bytes Sent By Job
	229  -  Run Bytes Received By Job
	10721  -  Total Bytes Sent By Job
	229  -  Total Bytes Received By Job
	Partitionable Resources :    Usage  Request Allocated 
	   Cpus                 :     0.86        1         1 
	   Disk (KB)            :    26           1    864796 
	   Memory (MB)          :    50       51200     51200 

	Job terminated of its own accord at 2021-07-29T11:14:45Z.
...
000 (41247.000.000) 2021-07-29 14:07:35 Job submitted from host: <194.36.1.200:9618?addrs=194.36.1.200-9618&alias=hex.ppe.gla.ac.uk&noUDP&sock=schedd_1401_8c46>
...
040 (41247.000.000) 2021-07-29 14:07:35 Started transferring input files
	Transferring to host: <192.168.16.101:9618?addrs=192.168.16.101-9618&alias=condor-h16-01.ppe.cluster&noUDP&sock=slot1_2_16412_7d14_42>
...
040 (41247.000.000) 2021-07-29 14:07:35 Finished transferring input files
...
001 (41247.000.000) 2021-07-29 14:07:36 Job executing on host: <192.168.16.101:9618?addrs=192.168.16.101-9618&alias=condor-h16-01.ppe.cluster&noUDP&sock=startd_2155_baae>
...
006 (41247.000.000) 2021-07-29 14:07:45 Image size of job updated: 379148
	51  -  MemoryUsage of job (MB)
	51304  -  ResidentSetSize of job (KB)
...
006 (41247.000.000) 2021-07-29 14:11:29 Image size of job updated: 1508760
	51  -  MemoryUsage of job (MB)
	51400  -  ResidentSetSize of job (KB)
...
040 (41247.000.000) 2021-07-29 14:11:29 Started transferring output files
...
040 (41247.000.000) 2021-07-29 14:11:29 Finished transferring output files
...
005 (41247.000.000) 2021-07-29 14:11:29 Job terminated.
	(1) Normal termination (return value 0)
		Usr 0 00:03:09, Sys 0 00:00:07  -  Run Remote Usage
		Usr 0 00:00:00, Sys 0 00:00:00  -  Run Local Usage
		Usr 0 00:03:09, Sys 0 00:00:07  -  Total Remote Usage
		Usr 0 00:00:00, Sys 0 00:00:00  -  Total Local Usage
	483125  -  Run Bytes Sent By Job
	229  -  Run Bytes Received By Job
	483125  -  Total Bytes Sent By Job
	229  -  Total Bytes Received By Job
	Partitionable Resources :    Usage  Request Allocated 
	   Cpus                 :     0.53        1         1 
	   Disk (KB)            :   487           1    864796 
	   Memory (MB)          :    51       51200     51200 

	Job terminated of its own accord at 2021-07-29T13:11:29Z.
...
000 (41347.000.000) 2021-07-29 15:34:12 Job submitted from host: <194.36.1.200:9618?addrs=194.36.1.200-9618&alias=hex.ppe.gla.ac.uk&noUDP&sock=schedd_1401_8c46>
...
040 (41347.000.000) 2021-07-29 15:34:12 Started transferring input files
	Transferring to host: <192.168.16.101:9618?addrs=192.168.16.101-9618&alias=condor-h16-01.ppe.cluster&noUDP&sock=slot1_1_16412_7d14_60>
...
040 (41347.000.000) 2021-07-29 15:34:12 Finished transferring input files
...
001 (41347.000.000) 2021-07-29 15:34:13 Job executing on host: <192.168.16.101:9618?addrs=192.168.16.101-9618&alias=condor-h16-01.ppe.cluster&noUDP&sock=startd_2155_baae>
...
006 (41347.000.000) 2021-07-29 15:34:22 Image size of job updated: 85888
	52  -  MemoryUsage of job (MB)
	52820  -  ResidentSetSize of job (KB)
...
006 (41347.000.000) 2021-07-29 15:39:23 Image size of job updated: 1822824
	1283  -  MemoryUsage of job (MB)
	1313420  -  ResidentSetSize of job (KB)
...
006 (41347.000.000) 2021-07-29 15:44:23 Image size of job updated: 2846028
	1318  -  MemoryUsage of job (MB)
	1349052  -  ResidentSetSize of job (KB)
...
006 (41347.000.000) 2021-07-29 15:49:23 Image size of job updated: 3309924
	1859  -  MemoryUsage of job (MB)
	1903276  -  ResidentSetSize of job (KB)
...
006 (41347.000.000) 2021-07-29 15:54:24 Image size of job updated: 4346532
	2636  -  MemoryUsage of job (MB)
	2698952  -  ResidentSetSize of job (KB)
...
006 (41347.000.000) 2021-07-29 15:59:24 Image size of job updated: 4647544
	2666  -  MemoryUsage of job (MB)
	2729440  -  ResidentSetSize of job (KB)
...
006 (41347.000.000) 2021-07-29 16:04:24 Image size of job updated: 5614416
	2666  -  MemoryUsage of job (MB)
	2729464  -  ResidentSetSize of job (KB)
...
006 (41347.000.000) 2021-07-29 16:09:25 Image size of job updated: 5635656
	3019  -  MemoryUsage of job (MB)
	3091216  -  ResidentSetSize of job (KB)
...
006 (41347.000.000) 2021-07-29 16:14:26 Image size of job updated: 8141648
	3642  -  MemoryUsage of job (MB)
	3728844  -  ResidentSetSize of job (KB)
...
006 (41347.000.000) 2021-07-29 16:19:26 Image size of job updated: 8141648
	4734  -  MemoryUsage of job (MB)
	4847148  -  ResidentSetSize of job (KB)
...
006 (41347.000.000) 2021-07-29 16:24:27 Image size of job updated: 8141648
	4734  -  MemoryUsage of job (MB)
	4847176  -  ResidentSetSize of job (KB)
...
006 (41347.000.000) 2021-07-29 16:29:28 Image size of job updated: 8141648
	4966  -  MemoryUsage of job (MB)
	5084320  -  ResidentSetSize of job (KB)
...
006 (41347.000.000) 2021-07-29 16:34:28 Image size of job updated: 10877088
	6317  -  MemoryUsage of job (MB)
	6468364  -  ResidentSetSize of job (KB)
...
006 (41347.000.000) 2021-07-29 16:39:29 Image size of job updated: 10877088
	6365  -  MemoryUsage of job (MB)
	6517280  -  ResidentSetSize of job (KB)
...
006 (41347.000.000) 2021-07-29 16:44:30 Image size of job updated: 10877088
	6849  -  MemoryUsage of job (MB)
	7012940  -  ResidentSetSize of job (KB)
...
006 (41347.000.000) 2021-07-29 16:49:30 Image size of job updated: 10877088
	7133  -  MemoryUsage of job (MB)
	7304020  -  ResidentSetSize of job (KB)
...
006 (41347.000.000) 2021-07-29 16:54:30 Image size of job updated: 13842928
	7696  -  MemoryUsage of job (MB)
	7880060  -  ResidentSetSize of job (KB)
...
006 (41347.000.000) 2021-07-29 16:59:31 Image size of job updated: 14317944
	8261  -  MemoryUsage of job (MB)
	8459152  -  ResidentSetSize of job (KB)
...
006 (41347.000.000) 2021-07-29 17:04:31 Image size of job updated: 14389876
	8261  -  MemoryUsage of job (MB)
	8459152  -  ResidentSetSize of job (KB)
...
006 (41347.000.000) 2021-07-29 17:09:31 Image size of job updated: 14436568
	9179  -  MemoryUsage of job (MB)
	9398368  -  ResidentSetSize of job (KB)
...
006 (41347.000.000) 2021-07-29 17:14:32 Image size of job updated: 14442168
	9713  -  MemoryUsage of job (MB)
	9945520  -  ResidentSetSize of job (KB)
...
006 (41347.000.000) 2021-07-29 17:24:33 Image size of job updated: 14442168
	9798  -  MemoryUsage of job (MB)
	10032404  -  ResidentSetSize of job (KB)
...
006 (41347.000.000) 2021-07-29 17:29:33 Image size of job updated: 20434696
	10933  -  MemoryUsage of job (MB)
	11194384  -  ResidentSetSize of job (KB)
...
006 (41347.000.000) 2021-07-29 17:34:34 Image size of job updated: 20434696
	10933  -  MemoryUsage of job (MB)
	11194564  -  ResidentSetSize of job (KB)
...
006 (41347.000.000) 2021-07-29 17:39:34 Image size of job updated: 20434696
	11072  -  MemoryUsage of job (MB)
	11337060  -  ResidentSetSize of job (KB)
...
006 (41347.000.000) 2021-07-29 17:44:34 Image size of job updated: 20434696
	11454  -  MemoryUsage of job (MB)
	11728712  -  ResidentSetSize of job (KB)
...
006 (41347.000.000) 2021-07-29 17:49:35 Image size of job updated: 20434696
	12045  -  MemoryUsage of job (MB)
	12333328  -  ResidentSetSize of job (KB)
...
006 (41347.000.000) 2021-07-29 17:54:36 Image size of job updated: 20434696
	13160  -  MemoryUsage of job (MB)
	13475560  -  ResidentSetSize of job (KB)
...
006 (41347.000.000) 2021-07-29 17:59:36 Image size of job updated: 20434696
	13160  -  MemoryUsage of job (MB)
	13475584  -  ResidentSetSize of job (KB)
...
006 (41347.000.000) 2021-07-29 18:04:37 Image size of job updated: 20434696
	13859  -  MemoryUsage of job (MB)
	14191296  -  ResidentSetSize of job (KB)
...
006 (41347.000.000) 2021-07-29 18:09:38 Image size of job updated: 20434696
	13859  -  MemoryUsage of job (MB)
	14191324  -  ResidentSetSize of job (KB)
...
006 (41347.000.000) 2021-07-29 18:14:38 Image size of job updated: 22992888
	15554  -  MemoryUsage of job (MB)
	15926316  -  ResidentSetSize of job (KB)
...
006 (41347.000.000) 2021-07-29 18:19:38 Image size of job updated: 29480952
	15743  -  MemoryUsage of job (MB)
	16119972  -  ResidentSetSize of job (KB)
...
006 (41347.000.000) 2021-07-29 18:24:39 Image size of job updated: 29480952
	15743  -  MemoryUsage of job (MB)
	16119988  -  ResidentSetSize of job (KB)
...
006 (41347.000.000) 2021-07-29 18:39:40 Image size of job updated: 29480952
	15963  -  MemoryUsage of job (MB)
	16345252  -  ResidentSetSize of job (KB)
...
006 (41347.000.000) 2021-07-29 18:44:41 Image size of job updated: 29480952
	17044  -  MemoryUsage of job (MB)
	17452648  -  ResidentSetSize of job (KB)
...
006 (41347.000.000) 2021-07-29 18:49:41 Image size of job updated: 29480952
	17152  -  MemoryUsage of job (MB)
	17562760  -  ResidentSetSize of job (KB)
...
006 (41347.000.000) 2021-07-29 18:54:42 Image size of job updated: 29480952
	17250  -  MemoryUsage of job (MB)
	17663716  -  ResidentSetSize of job (KB)
...
006 (41347.000.000) 2021-07-29 18:59:42 Image size of job updated: 29480952
	17395  -  MemoryUsage of job (MB)
	17812116  -  ResidentSetSize of job (KB)
...
006 (41347.000.000) 2021-07-29 19:04:42 Image size of job updated: 29480952
	18319  -  MemoryUsage of job (MB)
	18757676  -  ResidentSetSize of job (KB)
...
006 (41347.000.000) 2021-07-29 19:09:43 Image size of job updated: 29480952
	18630  -  MemoryUsage of job (MB)
	19076380  -  ResidentSetSize of job (KB)
...
006 (41347.000.000) 2021-07-29 19:14:44 Image size of job updated: 29480952
	19060  -  MemoryUsage of job (MB)
	19517292  -  ResidentSetSize of job (KB)
...
006 (41347.000.000) 2021-07-29 19:19:44 Image size of job updated: 43339604
	27146  -  MemoryUsage of job (MB)
	27797176  -  ResidentSetSize of job (KB)
...
006 (41347.000.000) 2021-07-29 19:24:45 Image size of job updated: 54153044
	27148  -  MemoryUsage of job (MB)
	27798584  -  ResidentSetSize of job (KB)
...
004 (41347.000.000) 2021-07-30 04:14:33 Job was evicted.
	(0) CPU times
		Usr 0 10:45:01, Sys 0 00:31:56  -  Run Remote Usage
		Usr 0 00:00:00, Sys 0 00:00:00  -  Run Local Usage
	0  -  Run Bytes Sent By Job
	229  -  Run Bytes Received By Job
	Partitionable Resources :    Usage  Request Allocated 
	   Cpus                 :     0.96        1         1 
	   Disk (KB)            :   503           1    864796 
	   Memory (MB)          : 27148       51200     51200 
...
040 (41347.000.000) 2021-07-30 04:17:37 Started transferring input files
	Transferring to host: <192.168.16.101:9618?addrs=192.168.16.101-9618&alias=condor-h16-01.ppe.cluster&noUDP&sock=slot1_1_28409_75dc_4>
...
040 (41347.000.000) 2021-07-30 04:17:37 Finished transferring input files
...
001 (41347.000.000) 2021-07-30 04:17:38 Job executing on host: <192.168.16.101:9618?addrs=192.168.16.101-9618&alias=condor-h16-01.ppe.cluster&noUDP&sock=startd_2155_baae>
...
022 (41347.000.000) 2021-07-30 09:41:07 Job disconnected, attempting to reconnect
    Local schedd and job shadow died, schedd now running again
    Trying to reconnect to slot1_1@condor-h16-01.ppe.cluster <192.168.16.101:9618?addrs=192.168.16.101-9618&alias=condor-h16-01.ppe.cluster&noUDP&sock=startd_2155_baae>
...
023 (41347.000.000) 2021-07-30 09:41:07 Job reconnected to slot1_1@condor-h16-01.ppe.cluster
    startd address: <192.168.16.101:9618?addrs=192.168.16.101-9618&alias=condor-h16-01.ppe.cluster&noUDP&sock=startd_2155_baae>
    starter address: <192.168.16.101:9618?addrs=192.168.16.101-9618&alias=condor-h16-01.ppe.cluster&noUDP&sock=slot1_1_28409_75dc_4>
...
005 (41347.000.000) 2021-07-30 19:27:50 Job terminated.
	(1) Normal termination (return value 0)
		Usr 0 11:52:22, Sys 0 00:34:01  -  Run Remote Usage
		Usr 0 00:00:00, Sys 0 00:00:00  -  Run Local Usage
		Usr 1 02:08:58, Sys 0 01:23:57  -  Total Remote Usage
		Usr 0 00:00:00, Sys 0 00:00:00  -  Total Local Usage
	536860  -  Run Bytes Sent By Job
	0  -  Run Bytes Received By Job
	536860  -  Total Bytes Sent By Job
	458  -  Total Bytes Received By Job
	Partitionable Resources :    Usage  Request Allocated 
	   Cpus                 :     0.75        1         1 
	   Disk (KB)            :   541         541    864796 
	   Memory (MB)          : 29297       51200     51200 

	Job terminated of its own accord at 2021-07-30T18:27:50Z.
...
