000 (39099.000.000) 2021-07-20 16:26:42 Job submitted from host: <194.36.1.200:9618?addrs=194.36.1.200-9618&alias=hex.ppe.gla.ac.uk&noUDP&sock=schedd_1401_8c46>
...
040 (39099.000.000) 2021-07-20 16:26:42 Started transferring input files
	Transferring to host: <192.168.16.113:9618?addrs=192.168.16.113-9618&alias=condor-d19-03.ppe.cluster&noUDP&sock=slot1_1_26289_ba86_712>
...
040 (39099.000.000) 2021-07-20 16:26:42 Finished transferring input files
...
001 (39099.000.000) 2021-07-20 16:26:43 Job executing on host: <192.168.16.113:9618?addrs=192.168.16.113-9618&alias=condor-d19-03.ppe.cluster&noUDP&sock=startd_2634_488c>
...
006 (39099.000.000) 2021-07-20 16:26:52 Image size of job updated: 84724
	51  -  MemoryUsage of job (MB)
	51752  -  ResidentSetSize of job (KB)
...
006 (39099.000.000) 2021-07-20 16:31:53 Image size of job updated: 1868952
	739  -  MemoryUsage of job (MB)
	756292  -  ResidentSetSize of job (KB)
...
006 (39099.000.000) 2021-07-20 16:36:54 Image size of job updated: 2578840
	1487  -  MemoryUsage of job (MB)
	1522192  -  ResidentSetSize of job (KB)
...
006 (39099.000.000) 2021-07-20 16:41:54 Image size of job updated: 3518944
	1816  -  MemoryUsage of job (MB)
	1859464  -  ResidentSetSize of job (KB)
...
006 (39099.000.000) 2021-07-20 16:46:55 Image size of job updated: 4747664
	2180  -  MemoryUsage of job (MB)
	2231516  -  ResidentSetSize of job (KB)
...
006 (39099.000.000) 2021-07-20 16:51:56 Image size of job updated: 4747664
	2794  -  MemoryUsage of job (MB)
	2860544  -  ResidentSetSize of job (KB)
...
006 (39099.000.000) 2021-07-20 16:56:56 Image size of job updated: 5754736
	3260  -  MemoryUsage of job (MB)
	3338052  -  ResidentSetSize of job (KB)
...
006 (39099.000.000) 2021-07-20 17:01:57 Image size of job updated: 5754736
	3829  -  MemoryUsage of job (MB)
	3920612  -  ResidentSetSize of job (KB)
...
006 (39099.000.000) 2021-07-20 17:06:58 Image size of job updated: 7826876
	4415  -  MemoryUsage of job (MB)
	4520044  -  ResidentSetSize of job (KB)
...
006 (39099.000.000) 2021-07-20 17:11:58 Image size of job updated: 7880444
	5205  -  MemoryUsage of job (MB)
	5329668  -  ResidentSetSize of job (KB)
...
006 (39099.000.000) 2021-07-20 17:16:58 Image size of job updated: 7880444
	5565  -  MemoryUsage of job (MB)
	5697868  -  ResidentSetSize of job (KB)
...
006 (39099.000.000) 2021-07-20 17:21:59 Image size of job updated: 9771432
	5689  -  MemoryUsage of job (MB)
	5825264  -  ResidentSetSize of job (KB)
...
006 (39099.000.000) 2021-07-20 17:26:59 Image size of job updated: 10161772
	6056  -  MemoryUsage of job (MB)
	6200740  -  ResidentSetSize of job (KB)
...
006 (39099.000.000) 2021-07-20 17:31:59 Image size of job updated: 10161772
	6867  -  MemoryUsage of job (MB)
	7031152  -  ResidentSetSize of job (KB)
...
006 (39099.000.000) 2021-07-20 17:37:00 Image size of job updated: 10161772
	7327  -  MemoryUsage of job (MB)
	7502692  -  ResidentSetSize of job (KB)
...
006 (39099.000.000) 2021-07-20 17:42:00 Image size of job updated: 14446864
	8134  -  MemoryUsage of job (MB)
	8329056  -  ResidentSetSize of job (KB)
...
006 (39099.000.000) 2021-07-20 17:47:00 Image size of job updated: 14470884
	8134  -  MemoryUsage of job (MB)
	8329056  -  ResidentSetSize of job (KB)
...
006 (39099.000.000) 2021-07-20 17:52:01 Image size of job updated: 14470884
	8505  -  MemoryUsage of job (MB)
	8708580  -  ResidentSetSize of job (KB)
...
006 (39099.000.000) 2021-07-20 17:57:02 Image size of job updated: 14470884
	8761  -  MemoryUsage of job (MB)
	8971224  -  ResidentSetSize of job (KB)
...
006 (39099.000.000) 2021-07-20 18:02:02 Image size of job updated: 14470884
	10102  -  MemoryUsage of job (MB)
	10343952  -  ResidentSetSize of job (KB)
...
006 (39099.000.000) 2021-07-20 18:07:03 Image size of job updated: 14470884
	10162  -  MemoryUsage of job (MB)
	10405024  -  ResidentSetSize of job (KB)
...
006 (39099.000.000) 2021-07-20 18:12:04 Image size of job updated: 14470884
	10372  -  MemoryUsage of job (MB)
	10620420  -  ResidentSetSize of job (KB)
...
006 (39099.000.000) 2021-07-20 18:17:04 Image size of job updated: 18668868
	10413  -  MemoryUsage of job (MB)
	10662344  -  ResidentSetSize of job (KB)
...
006 (39099.000.000) 2021-07-20 18:22:05 Image size of job updated: 18708092
	11246  -  MemoryUsage of job (MB)
	11514884  -  ResidentSetSize of job (KB)
...
006 (39099.000.000) 2021-07-20 18:27:06 Image size of job updated: 18850116
	11355  -  MemoryUsage of job (MB)
	11627068  -  ResidentSetSize of job (KB)
...
006 (39099.000.000) 2021-07-20 18:32:06 Image size of job updated: 18850116
	12475  -  MemoryUsage of job (MB)
	12774116  -  ResidentSetSize of job (KB)
...
006 (39099.000.000) 2021-07-20 18:37:07 Image size of job updated: 18850116
	12519  -  MemoryUsage of job (MB)
	12818660  -  ResidentSetSize of job (KB)
...
006 (39099.000.000) 2021-07-20 18:42:08 Image size of job updated: 18850116
	13238  -  MemoryUsage of job (MB)
	13555432  -  ResidentSetSize of job (KB)
...
006 (39099.000.000) 2021-07-20 18:47:08 Image size of job updated: 18850116
	13710  -  MemoryUsage of job (MB)
	14038192  -  ResidentSetSize of job (KB)
...
006 (39099.000.000) 2021-07-20 18:57:09 Image size of job updated: 18850116
	13933  -  MemoryUsage of job (MB)
	14266388  -  ResidentSetSize of job (KB)
...
006 (39099.000.000) 2021-07-20 19:02:09 Image size of job updated: 27129256
	14646  -  MemoryUsage of job (MB)
	14996792  -  ResidentSetSize of job (KB)
...
006 (39099.000.000) 2021-07-20 19:07:09 Image size of job updated: 27390764
	15405  -  MemoryUsage of job (MB)
	15774676  -  ResidentSetSize of job (KB)
...
006 (39099.000.000) 2021-07-20 19:12:10 Image size of job updated: 27390764
	15763  -  MemoryUsage of job (MB)
	16140704  -  ResidentSetSize of job (KB)
...
006 (39099.000.000) 2021-07-20 19:17:11 Image size of job updated: 27390764
	15792  -  MemoryUsage of job (MB)
	16170704  -  ResidentSetSize of job (KB)
...
006 (39099.000.000) 2021-07-20 19:22:11 Image size of job updated: 27390764
	16330  -  MemoryUsage of job (MB)
	16721296  -  ResidentSetSize of job (KB)
...
006 (39099.000.000) 2021-07-20 19:27:12 Image size of job updated: 27422112
	17166  -  MemoryUsage of job (MB)
	17577056  -  ResidentSetSize of job (KB)
...
006 (39099.000.000) 2021-07-20 19:32:13 Image size of job updated: 27422112
	17201  -  MemoryUsage of job (MB)
	17613108  -  ResidentSetSize of job (KB)
...
006 (39099.000.000) 2021-07-20 19:37:13 Image size of job updated: 27422112
	18002  -  MemoryUsage of job (MB)
	18433300  -  ResidentSetSize of job (KB)
...
006 (39099.000.000) 2021-07-20 19:42:14 Image size of job updated: 27448532
	18308  -  MemoryUsage of job (MB)
	18746980  -  ResidentSetSize of job (KB)
...
006 (39099.000.000) 2021-07-20 19:47:15 Image size of job updated: 27448532
	18463  -  MemoryUsage of job (MB)
	18905976  -  ResidentSetSize of job (KB)
...
006 (39099.000.000) 2021-07-20 19:52:15 Image size of job updated: 27448532
	19707  -  MemoryUsage of job (MB)
	20179124  -  ResidentSetSize of job (KB)
...
006 (39099.000.000) 2021-07-20 19:57:16 Image size of job updated: 54239900
	19707  -  MemoryUsage of job (MB)
	20179124  -  ResidentSetSize of job (KB)
...
006 (39099.000.000) 2021-07-20 21:52:28 Image size of job updated: 54239900
	20388  -  MemoryUsage of job (MB)
	20876756  -  ResidentSetSize of job (KB)
...
006 (39099.000.000) 2021-07-20 21:57:28 Image size of job updated: 54239900
	20590  -  MemoryUsage of job (MB)
	21083804  -  ResidentSetSize of job (KB)
...
006 (39099.000.000) 2021-07-20 22:02:28 Image size of job updated: 54239900
	21396  -  MemoryUsage of job (MB)
	21909320  -  ResidentSetSize of job (KB)
...
006 (39099.000.000) 2021-07-20 22:07:29 Image size of job updated: 54239900
	21871  -  MemoryUsage of job (MB)
	22395064  -  ResidentSetSize of job (KB)
...
006 (39099.000.000) 2021-07-20 22:12:30 Image size of job updated: 54239900
	22125  -  MemoryUsage of job (MB)
	22655720  -  ResidentSetSize of job (KB)
...
006 (39099.000.000) 2021-07-20 22:17:30 Image size of job updated: 54239900
	22867  -  MemoryUsage of job (MB)
	23415560  -  ResidentSetSize of job (KB)
...
006 (39099.000.000) 2021-07-20 22:22:31 Image size of job updated: 54239900
	23219  -  MemoryUsage of job (MB)
	23775752  -  ResidentSetSize of job (KB)
...
006 (39099.000.000) 2021-07-20 22:27:32 Image size of job updated: 54239900
	24097  -  MemoryUsage of job (MB)
	24675020  -  ResidentSetSize of job (KB)
...
006 (39099.000.000) 2021-07-20 22:30:05 Image size of job updated: 54239900
	24097  -  MemoryUsage of job (MB)
	24675044  -  ResidentSetSize of job (KB)
...
040 (39099.000.000) 2021-07-20 22:30:05 Started transferring output files
...
040 (39099.000.000) 2021-07-20 22:30:05 Finished transferring output files
...
005 (39099.000.000) 2021-07-20 22:30:05 Job terminated.
	(1) Normal termination (return value 1)
		Usr 0 04:35:01, Sys 0 00:09:06  -  Run Remote Usage
		Usr 0 00:00:00, Sys 0 00:00:00  -  Run Local Usage
		Usr 0 04:35:01, Sys 0 00:09:06  -  Total Remote Usage
		Usr 0 00:00:00, Sys 0 00:00:00  -  Total Local Usage
	43336  -  Run Bytes Sent By Job
	229  -  Run Bytes Received By Job
	43336  -  Total Bytes Sent By Job
	229  -  Total Bytes Received By Job
	Partitionable Resources :    Usage  Request Allocated 
	   Cpus                 :     0.80        1         1 
	   Disk (KB)            :    58           1   3637421 
	   Memory (MB)          : 24097       51200     51200 

	Job terminated of its own accord at 2021-07-20T21:30:05Z.
...
000 (39555.000.000) 2021-07-22 13:32:54 Job submitted from host: <194.36.1.200:9618?addrs=194.36.1.200-9618&alias=hex.ppe.gla.ac.uk&noUDP&sock=schedd_1401_8c46>
...
040 (39555.000.000) 2021-07-22 13:33:14 Started transferring input files
	Transferring to host: <192.168.16.103:9618?addrs=192.168.16.103-9618&alias=condor-h16-03.ppe.cluster&noUDP&sock=slot1_1_22104_047c_365>
...
040 (39555.000.000) 2021-07-22 13:33:14 Finished transferring input files
...
001 (39555.000.000) 2021-07-22 13:33:15 Job executing on host: <192.168.16.103:9618?addrs=192.168.16.103-9618&alias=condor-h16-03.ppe.cluster&noUDP&sock=startd_20690_3293>
...
006 (39555.000.000) 2021-07-22 13:33:24 Image size of job updated: 84544
	51  -  MemoryUsage of job (MB)
	51480  -  ResidentSetSize of job (KB)
...
006 (39555.000.000) 2021-07-22 13:38:25 Image size of job updated: 1987976
	943  -  MemoryUsage of job (MB)
	964800  -  ResidentSetSize of job (KB)
...
006 (39555.000.000) 2021-07-22 13:43:25 Image size of job updated: 2936688
	1373  -  MemoryUsage of job (MB)
	1405732  -  ResidentSetSize of job (KB)
...
006 (39555.000.000) 2021-07-22 13:48:25 Image size of job updated: 3317660
	2419  -  MemoryUsage of job (MB)
	2476440  -  ResidentSetSize of job (KB)
...
006 (39555.000.000) 2021-07-22 13:53:26 Image size of job updated: 4745088
	2572  -  MemoryUsage of job (MB)
	2633280  -  ResidentSetSize of job (KB)
...
006 (39555.000.000) 2021-07-22 13:58:27 Image size of job updated: 4745088
	2908  -  MemoryUsage of job (MB)
	2977224  -  ResidentSetSize of job (KB)
...
006 (39555.000.000) 2021-07-22 14:03:27 Image size of job updated: 5520144
	3011  -  MemoryUsage of job (MB)
	3083148  -  ResidentSetSize of job (KB)
...
006 (39555.000.000) 2021-07-22 14:08:28 Image size of job updated: 5641416
	3011  -  MemoryUsage of job (MB)
	3083168  -  ResidentSetSize of job (KB)
...
006 (39555.000.000) 2021-07-22 14:13:29 Image size of job updated: 8141692
	4109  -  MemoryUsage of job (MB)
	4207616  -  ResidentSetSize of job (KB)
...
006 (39555.000.000) 2021-07-22 14:18:29 Image size of job updated: 8141692
	4215  -  MemoryUsage of job (MB)
	4315884  -  ResidentSetSize of job (KB)
...
006 (39555.000.000) 2021-07-22 14:23:29 Image size of job updated: 8141692
	4488  -  MemoryUsage of job (MB)
	4594936  -  ResidentSetSize of job (KB)
...
006 (39555.000.000) 2021-07-22 14:28:30 Image size of job updated: 10877132
	5688  -  MemoryUsage of job (MB)
	5824344  -  ResidentSetSize of job (KB)
...
006 (39555.000.000) 2021-07-22 14:33:30 Image size of job updated: 10877132
	5845  -  MemoryUsage of job (MB)
	5984560  -  ResidentSetSize of job (KB)
...
006 (39555.000.000) 2021-07-22 14:38:30 Image size of job updated: 10877132
	6087  -  MemoryUsage of job (MB)
	6232232  -  ResidentSetSize of job (KB)
...
006 (39555.000.000) 2021-07-22 14:43:31 Image size of job updated: 10877132
	6564  -  MemoryUsage of job (MB)
	6720888  -  ResidentSetSize of job (KB)
...
006 (39555.000.000) 2021-07-22 14:48:32 Image size of job updated: 10877132
	6780  -  MemoryUsage of job (MB)
	6941912  -  ResidentSetSize of job (KB)
...
006 (39555.000.000) 2021-07-22 14:53:32 Image size of job updated: 14684052
	7494  -  MemoryUsage of job (MB)
	7673692  -  ResidentSetSize of job (KB)
...
006 (39555.000.000) 2021-07-22 14:58:33 Image size of job updated: 14684052
	7555  -  MemoryUsage of job (MB)
	7735524  -  ResidentSetSize of job (KB)
...
006 (39555.000.000) 2021-07-22 15:03:34 Image size of job updated: 14684052
	8093  -  MemoryUsage of job (MB)
	8287044  -  ResidentSetSize of job (KB)
...
006 (39555.000.000) 2021-07-22 15:08:34 Image size of job updated: 14684052
	8581  -  MemoryUsage of job (MB)
	8786596  -  ResidentSetSize of job (KB)
...
006 (39555.000.000) 2021-07-22 15:13:34 Image size of job updated: 14684052
	9632  -  MemoryUsage of job (MB)
	9862680  -  ResidentSetSize of job (KB)
...
006 (39555.000.000) 2021-07-22 15:18:35 Image size of job updated: 14684052
	10130  -  MemoryUsage of job (MB)
	10372364  -  ResidentSetSize of job (KB)
...
006 (39555.000.000) 2021-07-22 15:23:35 Image size of job updated: 18116396
	10933  -  MemoryUsage of job (MB)
	11194556  -  ResidentSetSize of job (KB)
...
006 (39555.000.000) 2021-07-22 15:28:35 Image size of job updated: 20434740
	10954  -  MemoryUsage of job (MB)
	11216524  -  ResidentSetSize of job (KB)
...
006 (39555.000.000) 2021-07-22 15:33:36 Image size of job updated: 20434740
	11355  -  MemoryUsage of job (MB)
	11626740  -  ResidentSetSize of job (KB)
...
006 (39555.000.000) 2021-07-22 15:38:37 Image size of job updated: 20434740
	11390  -  MemoryUsage of job (MB)
	11662596  -  ResidentSetSize of job (KB)
...
006 (39555.000.000) 2021-07-22 15:43:37 Image size of job updated: 20434740
	11910  -  MemoryUsage of job (MB)
	12195224  -  ResidentSetSize of job (KB)
...
006 (39555.000.000) 2021-07-22 15:48:38 Image size of job updated: 20434740
	11961  -  MemoryUsage of job (MB)
	12247932  -  ResidentSetSize of job (KB)
...
006 (39555.000.000) 2021-07-22 15:53:39 Image size of job updated: 20434740
	12502  -  MemoryUsage of job (MB)
	12801496  -  ResidentSetSize of job (KB)
...
006 (39555.000.000) 2021-07-22 15:58:39 Image size of job updated: 20434740
	13631  -  MemoryUsage of job (MB)
	13957340  -  ResidentSetSize of job (KB)
...
006 (39555.000.000) 2021-07-22 16:08:40 Image size of job updated: 22991664
	14548  -  MemoryUsage of job (MB)
	14896640  -  ResidentSetSize of job (KB)
...
006 (39555.000.000) 2021-07-22 16:13:41 Image size of job updated: 29479728
	14548  -  MemoryUsage of job (MB)
	14896672  -  ResidentSetSize of job (KB)
...
006 (39555.000.000) 2021-07-22 16:18:41 Image size of job updated: 29479728
	15025  -  MemoryUsage of job (MB)
	15385364  -  ResidentSetSize of job (KB)
...
006 (39555.000.000) 2021-07-22 16:23:42 Image size of job updated: 29479728
	15270  -  MemoryUsage of job (MB)
	15636112  -  ResidentSetSize of job (KB)
...
006 (39555.000.000) 2021-07-22 16:33:43 Image size of job updated: 29479728
	15567  -  MemoryUsage of job (MB)
	15940232  -  ResidentSetSize of job (KB)
...
006 (39555.000.000) 2021-07-22 16:38:43 Image size of job updated: 29479728
	16023  -  MemoryUsage of job (MB)
	16407304  -  ResidentSetSize of job (KB)
...
006 (39555.000.000) 2021-07-22 16:43:44 Image size of job updated: 29479728
	16827  -  MemoryUsage of job (MB)
	17230508  -  ResidentSetSize of job (KB)
...
006 (39555.000.000) 2021-07-22 16:48:45 Image size of job updated: 29479728
	16827  -  MemoryUsage of job (MB)
	17230516  -  ResidentSetSize of job (KB)
...
006 (39555.000.000) 2021-07-22 16:53:45 Image size of job updated: 29479728
	16926  -  MemoryUsage of job (MB)
	17331576  -  ResidentSetSize of job (KB)
...
006 (39555.000.000) 2021-07-22 16:58:46 Image size of job updated: 29479728
	17282  -  MemoryUsage of job (MB)
	17695868  -  ResidentSetSize of job (KB)
...
006 (39555.000.000) 2021-07-22 17:03:47 Image size of job updated: 29479728
	18207  -  MemoryUsage of job (MB)
	18643824  -  ResidentSetSize of job (KB)
...
006 (39555.000.000) 2021-07-22 17:08:47 Image size of job updated: 29479728
	18327  -  MemoryUsage of job (MB)
	18766012  -  ResidentSetSize of job (KB)
...
006 (39555.000.000) 2021-07-22 17:13:48 Image size of job updated: 29479728
	19139  -  MemoryUsage of job (MB)
	19598280  -  ResidentSetSize of job (KB)
...
006 (39555.000.000) 2021-07-22 17:18:48 Image size of job updated: 49911748
	26519  -  MemoryUsage of job (MB)
	27154828  -  ResidentSetSize of job (KB)
...
006 (39555.000.000) 2021-07-22 17:23:48 Image size of job updated: 56399812
	27691  -  MemoryUsage of job (MB)
	28355464  -  ResidentSetSize of job (KB)
...
040 (39555.000.000) 2021-07-22 20:34:08 Started transferring output files
...
040 (39555.000.000) 2021-07-22 20:34:08 Finished transferring output files
...
005 (39555.000.000) 2021-07-22 20:34:08 Job terminated.
	(1) Normal termination (return value 1)
		Usr 0 05:15:45, Sys 0 00:24:46  -  Run Remote Usage
		Usr 0 00:00:00, Sys 0 00:00:00  -  Run Local Usage
		Usr 0 05:15:45, Sys 0 00:24:46  -  Total Remote Usage
		Usr 0 00:00:00, Sys 0 00:00:00  -  Total Local Usage
	43357  -  Run Bytes Sent By Job
	229  -  Run Bytes Received By Job
	43357  -  Total Bytes Sent By Job
	229  -  Total Bytes Received By Job
	Partitionable Resources :    Usage  Request Allocated 
	   Cpus                 :     0.35        1         1 
	   Disk (KB)            :    58           1    861476 
	   Memory (MB)          : 27691       51200     51200 

	Job terminated of its own accord at 2021-07-22T19:34:08Z.
...
000 (40034.000.000) 2021-07-24 10:26:55 Job submitted from host: <194.36.1.200:9618?addrs=194.36.1.200-9618&alias=hex.ppe.gla.ac.uk&noUDP&sock=schedd_1401_8c46>
...
040 (40034.000.000) 2021-07-24 10:27:16 Started transferring input files
	Transferring to host: <192.168.16.103:9618?addrs=192.168.16.103-9618&alias=condor-h16-03.ppe.cluster&noUDP&sock=slot1_1_22104_047c_462>
...
040 (40034.000.000) 2021-07-24 10:27:16 Finished transferring input files
...
001 (40034.000.000) 2021-07-24 10:27:17 Job executing on host: <192.168.16.103:9618?addrs=192.168.16.103-9618&alias=condor-h16-03.ppe.cluster&noUDP&sock=startd_20690_3293>
...
006 (40034.000.000) 2021-07-24 10:27:25 Image size of job updated: 84740
	51  -  MemoryUsage of job (MB)
	51764  -  ResidentSetSize of job (KB)
...
006 (40034.000.000) 2021-07-24 10:32:25 Image size of job updated: 2083348
	1010  -  MemoryUsage of job (MB)
	1033928  -  ResidentSetSize of job (KB)
...
006 (40034.000.000) 2021-07-24 10:37:25 Image size of job updated: 2592984
	1525  -  MemoryUsage of job (MB)
	1560940  -  ResidentSetSize of job (KB)
...
006 (40034.000.000) 2021-07-24 10:42:26 Image size of job updated: 3264012
	2418  -  MemoryUsage of job (MB)
	2475332  -  ResidentSetSize of job (KB)
...
006 (40034.000.000) 2021-07-24 10:47:27 Image size of job updated: 4528076
	2423  -  MemoryUsage of job (MB)
	2480252  -  ResidentSetSize of job (KB)
...
006 (40034.000.000) 2021-07-24 10:52:27 Image size of job updated: 4689112
	2925  -  MemoryUsage of job (MB)
	2995112  -  ResidentSetSize of job (KB)
...
006 (40034.000.000) 2021-07-24 10:57:28 Image size of job updated: 5823244
	3625  -  MemoryUsage of job (MB)
	3711580  -  ResidentSetSize of job (KB)
...
006 (40034.000.000) 2021-07-24 11:02:29 Image size of job updated: 5823244
	3625  -  MemoryUsage of job (MB)
	3711584  -  ResidentSetSize of job (KB)
...
006 (40034.000.000) 2021-07-24 11:07:29 Image size of job updated: 8141396
	4398  -  MemoryUsage of job (MB)
	4502672  -  ResidentSetSize of job (KB)
...
006 (40034.000.000) 2021-07-24 11:12:29 Image size of job updated: 8141396
	4398  -  MemoryUsage of job (MB)
	4502704  -  ResidentSetSize of job (KB)
...
006 (40034.000.000) 2021-07-24 11:22:31 Image size of job updated: 8141396
	5096  -  MemoryUsage of job (MB)
	5217720  -  ResidentSetSize of job (KB)
...
006 (40034.000.000) 2021-07-24 11:27:31 Image size of job updated: 10877304
	5995  -  MemoryUsage of job (MB)
	6138252  -  ResidentSetSize of job (KB)
...
006 (40034.000.000) 2021-07-24 11:32:32 Image size of job updated: 10877304
	5995  -  MemoryUsage of job (MB)
	6138324  -  ResidentSetSize of job (KB)
...
006 (40034.000.000) 2021-07-24 11:37:33 Image size of job updated: 10877304
	6183  -  MemoryUsage of job (MB)
	6331156  -  ResidentSetSize of job (KB)
...
006 (40034.000.000) 2021-07-24 11:42:33 Image size of job updated: 10877304
	6917  -  MemoryUsage of job (MB)
	7082780  -  ResidentSetSize of job (KB)
...
006 (40034.000.000) 2021-07-24 11:47:34 Image size of job updated: 14363376
	7512  -  MemoryUsage of job (MB)
	7691764  -  ResidentSetSize of job (KB)
...
006 (40034.000.000) 2021-07-24 11:52:35 Image size of job updated: 14370056
	7719  -  MemoryUsage of job (MB)
	7903356  -  ResidentSetSize of job (KB)
...
006 (40034.000.000) 2021-07-24 11:57:35 Image size of job updated: 14370056
	8080  -  MemoryUsage of job (MB)
	8273584  -  ResidentSetSize of job (KB)
...
006 (40034.000.000) 2021-07-24 12:02:35 Image size of job updated: 14370056
	9330  -  MemoryUsage of job (MB)
	9553172  -  ResidentSetSize of job (KB)
...
006 (40034.000.000) 2021-07-24 12:07:36 Image size of job updated: 14388296
	9338  -  MemoryUsage of job (MB)
	9561396  -  ResidentSetSize of job (KB)
...
006 (40034.000.000) 2021-07-24 12:12:36 Image size of job updated: 14408420
	9825  -  MemoryUsage of job (MB)
	10060276  -  ResidentSetSize of job (KB)
...
006 (40034.000.000) 2021-07-24 12:17:36 Image size of job updated: 14408420
	10243  -  MemoryUsage of job (MB)
	10488048  -  ResidentSetSize of job (KB)
...
006 (40034.000.000) 2021-07-24 12:22:37 Image size of job updated: 20433804
	10280  -  MemoryUsage of job (MB)
	10525828  -  ResidentSetSize of job (KB)
...
006 (40034.000.000) 2021-07-24 12:27:37 Image size of job updated: 20433804
	11003  -  MemoryUsage of job (MB)
	11266080  -  ResidentSetSize of job (KB)
...
006 (40034.000.000) 2021-07-24 12:32:37 Image size of job updated: 20433804
	11120  -  MemoryUsage of job (MB)
	11386140  -  ResidentSetSize of job (KB)
...
006 (40034.000.000) 2021-07-24 12:37:38 Image size of job updated: 20433804
	11878  -  MemoryUsage of job (MB)
	12162428  -  ResidentSetSize of job (KB)
...
006 (40034.000.000) 2021-07-24 12:42:39 Image size of job updated: 20433804
	11902  -  MemoryUsage of job (MB)
	12186936  -  ResidentSetSize of job (KB)
...
006 (40034.000.000) 2021-07-24 12:47:39 Image size of job updated: 20433804
	12452  -  MemoryUsage of job (MB)
	12750024  -  ResidentSetSize of job (KB)
...
006 (40034.000.000) 2021-07-24 12:52:40 Image size of job updated: 20433804
	12978  -  MemoryUsage of job (MB)
	13288480  -  ResidentSetSize of job (KB)
...
006 (40034.000.000) 2021-07-24 12:57:41 Image size of job updated: 20433804
	13684  -  MemoryUsage of job (MB)
	14012108  -  ResidentSetSize of job (KB)
...
006 (40034.000.000) 2021-07-24 13:02:41 Image size of job updated: 20433804
	13684  -  MemoryUsage of job (MB)
	14012128  -  ResidentSetSize of job (KB)
...
006 (40034.000.000) 2021-07-24 13:07:41 Image size of job updated: 29479932
	15236  -  MemoryUsage of job (MB)
	15601136  -  ResidentSetSize of job (KB)
...
006 (40034.000.000) 2021-07-24 13:12:42 Image size of job updated: 29479932
	15236  -  MemoryUsage of job (MB)
	15601200  -  ResidentSetSize of job (KB)
...
006 (40034.000.000) 2021-07-24 13:22:42 Image size of job updated: 29479932
	15261  -  MemoryUsage of job (MB)
	15627220  -  ResidentSetSize of job (KB)
...
006 (40034.000.000) 2021-07-24 13:27:43 Image size of job updated: 29479932
	15587  -  MemoryUsage of job (MB)
	15960988  -  ResidentSetSize of job (KB)
...
006 (40034.000.000) 2021-07-24 13:37:44 Image size of job updated: 29479932
	16189  -  MemoryUsage of job (MB)
	16576856  -  ResidentSetSize of job (KB)
...
006 (40034.000.000) 2021-07-24 13:42:45 Image size of job updated: 29479932
	16795  -  MemoryUsage of job (MB)
	17197928  -  ResidentSetSize of job (KB)
...
006 (40034.000.000) 2021-07-24 13:47:46 Image size of job updated: 29479932
	16795  -  MemoryUsage of job (MB)
	17197932  -  ResidentSetSize of job (KB)
...
006 (40034.000.000) 2021-07-24 13:52:46 Image size of job updated: 29479932
	17027  -  MemoryUsage of job (MB)
	17435560  -  ResidentSetSize of job (KB)
...
006 (40034.000.000) 2021-07-24 13:57:46 Image size of job updated: 29479932
	17903  -  MemoryUsage of job (MB)
	18332084  -  ResidentSetSize of job (KB)
...
006 (40034.000.000) 2021-07-24 14:02:47 Image size of job updated: 29479932
	17903  -  MemoryUsage of job (MB)
	18332108  -  ResidentSetSize of job (KB)
...
006 (40034.000.000) 2021-07-24 14:07:47 Image size of job updated: 29479932
	19033  -  MemoryUsage of job (MB)
	19489504  -  ResidentSetSize of job (KB)
...
006 (40034.000.000) 2021-07-24 14:12:47 Image size of job updated: 47751216
	29458  -  MemoryUsage of job (MB)
	30164928  -  ResidentSetSize of job (KB)
...
006 (40034.000.000) 2021-07-24 14:17:48 Image size of job updated: 54239276
	29459  -  MemoryUsage of job (MB)
	30165632  -  ResidentSetSize of job (KB)
...
040 (40034.000.000) 2021-07-25 00:32:17 Started transferring output files
...
040 (40034.000.000) 2021-07-25 00:32:17 Finished transferring output files
...
005 (40034.000.000) 2021-07-25 00:32:17 Job terminated.
	(1) Normal termination (return value 0)
		Usr 0 12:03:17, Sys 0 00:32:41  -  Run Remote Usage
		Usr 0 00:00:00, Sys 0 00:00:00  -  Run Local Usage
		Usr 0 12:03:17, Sys 0 00:32:41  -  Total Remote Usage
		Usr 0 00:00:00, Sys 0 00:00:00  -  Total Local Usage
	535238  -  Run Bytes Sent By Job
	229  -  Run Bytes Received By Job
	535238  -  Total Bytes Sent By Job
	229  -  Total Bytes Received By Job
	Partitionable Resources :    Usage  Request Allocated 
	   Cpus                 :     0.93        1         1 
	   Disk (KB)            :   538           1    861476 
	   Memory (MB)          : 29459       51200     51200 

	Job terminated of its own accord at 2021-07-24T23:32:17Z.
...
000 (41148.000.000) 2021-07-29 12:12:25 Job submitted from host: <194.36.1.200:9618?addrs=194.36.1.200-9618&alias=hex.ppe.gla.ac.uk&noUDP&sock=schedd_1401_8c46>
...
040 (41148.000.000) 2021-07-29 12:12:46 Started transferring input files
	Transferring to host: <192.168.16.103:9618?addrs=192.168.16.103-9618&alias=condor-h16-03.ppe.cluster&noUDP&sock=slot1_1_14413_0323_17>
...
040 (41148.000.000) 2021-07-29 12:12:46 Finished transferring input files
...
001 (41148.000.000) 2021-07-29 12:12:47 Job executing on host: <192.168.16.103:9618?addrs=192.168.16.103-9618&alias=condor-h16-03.ppe.cluster&noUDP&sock=startd_20690_3293>
...
006 (41148.000.000) 2021-07-29 12:12:55 Image size of job updated: 379156
	51  -  MemoryUsage of job (MB)
	52068  -  ResidentSetSize of job (KB)
...
006 (41148.000.000) 2021-07-29 12:14:35 Image size of job updated: 1141328
	51  -  MemoryUsage of job (MB)
	52068  -  ResidentSetSize of job (KB)
...
040 (41148.000.000) 2021-07-29 12:14:35 Started transferring output files
...
040 (41148.000.000) 2021-07-29 12:14:35 Finished transferring output files
...
005 (41148.000.000) 2021-07-29 12:14:35 Job terminated.
	(1) Normal termination (return value 134)
		Usr 0 00:01:13, Sys 0 00:00:04  -  Run Remote Usage
		Usr 0 00:00:00, Sys 0 00:00:00  -  Run Local Usage
		Usr 0 00:01:13, Sys 0 00:00:04  -  Total Remote Usage
		Usr 0 00:00:00, Sys 0 00:00:00  -  Total Local Usage
	10706  -  Run Bytes Sent By Job
	229  -  Run Bytes Received By Job
	10706  -  Total Bytes Sent By Job
	229  -  Total Bytes Received By Job
	Partitionable Resources :    Usage  Request Allocated 
	   Cpus                 :                 1         1 
	   Disk (KB)            :       20        1    861476 
	   Memory (MB)          :       51    51200     51200 

	Job terminated of its own accord at 2021-07-29T11:14:35Z.
...
000 (41249.000.000) 2021-07-29 14:07:35 Job submitted from host: <194.36.1.200:9618?addrs=194.36.1.200-9618&alias=hex.ppe.gla.ac.uk&noUDP&sock=schedd_1401_8c46>
...
040 (41249.000.000) 2021-07-29 14:07:55 Started transferring input files
	Transferring to host: <192.168.16.103:9618?addrs=192.168.16.103-9618&alias=condor-h16-03.ppe.cluster&noUDP&sock=slot1_1_14413_0323_30>
...
040 (41249.000.000) 2021-07-29 14:07:55 Finished transferring input files
...
001 (41249.000.000) 2021-07-29 14:07:56 Job executing on host: <192.168.16.103:9618?addrs=192.168.16.103-9618&alias=condor-h16-03.ppe.cluster&noUDP&sock=startd_20690_3293>
...
006 (41249.000.000) 2021-07-29 14:08:04 Image size of job updated: 84756
	51  -  MemoryUsage of job (MB)
	51780  -  ResidentSetSize of job (KB)
...
006 (41249.000.000) 2021-07-29 14:12:04 Image size of job updated: 1471324
	51  -  MemoryUsage of job (MB)
	51780  -  ResidentSetSize of job (KB)
...
040 (41249.000.000) 2021-07-29 14:12:04 Started transferring output files
...
040 (41249.000.000) 2021-07-29 14:12:04 Finished transferring output files
...
005 (41249.000.000) 2021-07-29 14:12:04 Job terminated.
	(1) Normal termination (return value 0)
		Usr 0 00:03:33, Sys 0 00:00:07  -  Run Remote Usage
		Usr 0 00:00:00, Sys 0 00:00:00  -  Run Local Usage
		Usr 0 00:03:33, Sys 0 00:00:07  -  Total Remote Usage
		Usr 0 00:00:00, Sys 0 00:00:00  -  Total Local Usage
	486807  -  Run Bytes Sent By Job
	229  -  Run Bytes Received By Job
	486807  -  Total Bytes Sent By Job
	229  -  Total Bytes Received By Job
	Partitionable Resources :    Usage  Request Allocated 
	   Cpus                 :     0.35        1         1 
	   Disk (KB)            :   491           1    861476 
	   Memory (MB)          :    51       51200     51200 

	Job terminated of its own accord at 2021-07-29T13:12:04Z.
...
000 (41349.000.000) 2021-07-29 15:34:12 Job submitted from host: <194.36.1.200:9618?addrs=194.36.1.200-9618&alias=hex.ppe.gla.ac.uk&noUDP&sock=schedd_1401_8c46>
...
040 (41349.000.000) 2021-07-29 15:34:32 Started transferring input files
	Transferring to host: <192.168.16.103:9618?addrs=192.168.16.103-9618&alias=condor-h16-03.ppe.cluster&noUDP&sock=slot1_1_14413_0323_41>
...
040 (41349.000.000) 2021-07-29 15:34:32 Finished transferring input files
...
001 (41349.000.000) 2021-07-29 15:34:33 Job executing on host: <192.168.16.103:9618?addrs=192.168.16.103-9618&alias=condor-h16-03.ppe.cluster&noUDP&sock=startd_20690_3293>
...
006 (41349.000.000) 2021-07-29 15:34:42 Image size of job updated: 379152
	51  -  MemoryUsage of job (MB)
	51408  -  ResidentSetSize of job (KB)
...
006 (41349.000.000) 2021-07-29 15:39:43 Image size of job updated: 1871288
	725  -  MemoryUsage of job (MB)
	741912  -  ResidentSetSize of job (KB)
...
006 (41349.000.000) 2021-07-29 15:44:43 Image size of job updated: 2658988
	1325  -  MemoryUsage of job (MB)
	1356708  -  ResidentSetSize of job (KB)
...
006 (41349.000.000) 2021-07-29 15:49:43 Image size of job updated: 3619284
	2406  -  MemoryUsage of job (MB)
	2463620  -  ResidentSetSize of job (KB)
...
006 (41349.000.000) 2021-07-29 15:54:44 Image size of job updated: 4623548
	2678  -  MemoryUsage of job (MB)
	2742088  -  ResidentSetSize of job (KB)
...
006 (41349.000.000) 2021-07-29 15:59:45 Image size of job updated: 4685576
	2990  -  MemoryUsage of job (MB)
	3060820  -  ResidentSetSize of job (KB)
...
006 (41349.000.000) 2021-07-29 16:04:45 Image size of job updated: 5680936
	3336  -  MemoryUsage of job (MB)
	3415164  -  ResidentSetSize of job (KB)
...
006 (41349.000.000) 2021-07-29 16:09:46 Image size of job updated: 5764888
	3860  -  MemoryUsage of job (MB)
	3951940  -  ResidentSetSize of job (KB)
...
006 (41349.000.000) 2021-07-29 16:14:47 Image size of job updated: 8141644
	4678  -  MemoryUsage of job (MB)
	4789932  -  ResidentSetSize of job (KB)
...
006 (41349.000.000) 2021-07-29 16:19:47 Image size of job updated: 8141644
	4678  -  MemoryUsage of job (MB)
	4789956  -  ResidentSetSize of job (KB)
...
006 (41349.000.000) 2021-07-29 16:29:48 Image size of job updated: 8141644
	5393  -  MemoryUsage of job (MB)
	5521784  -  ResidentSetSize of job (KB)
...
006 (41349.000.000) 2021-07-29 16:34:48 Image size of job updated: 10055856
	5652  -  MemoryUsage of job (MB)
	5786984  -  ResidentSetSize of job (KB)
...
006 (41349.000.000) 2021-07-29 16:39:48 Image size of job updated: 10131048
	6041  -  MemoryUsage of job (MB)
	6185092  -  ResidentSetSize of job (KB)
...
006 (41349.000.000) 2021-07-29 16:44:50 Image size of job updated: 10133528
	6053  -  MemoryUsage of job (MB)
	6198260  -  ResidentSetSize of job (KB)
...
006 (41349.000.000) 2021-07-29 16:49:50 Image size of job updated: 10133528
	7016  -  MemoryUsage of job (MB)
	7183872  -  ResidentSetSize of job (KB)
...
006 (41349.000.000) 2021-07-29 16:54:50 Image size of job updated: 14695084
	7931  -  MemoryUsage of job (MB)
	8120328  -  ResidentSetSize of job (KB)
...
006 (41349.000.000) 2021-07-29 16:59:51 Image size of job updated: 14695084
	8040  -  MemoryUsage of job (MB)
	8232892  -  ResidentSetSize of job (KB)
...
006 (41349.000.000) 2021-07-29 17:04:52 Image size of job updated: 14695084
	8267  -  MemoryUsage of job (MB)
	8465356  -  ResidentSetSize of job (KB)
...
006 (41349.000.000) 2021-07-29 17:09:52 Image size of job updated: 14695084
	8953  -  MemoryUsage of job (MB)
	9167448  -  ResidentSetSize of job (KB)
...
006 (41349.000.000) 2021-07-29 17:14:53 Image size of job updated: 14695084
	9174  -  MemoryUsage of job (MB)
	9393976  -  ResidentSetSize of job (KB)
...
006 (41349.000.000) 2021-07-29 17:19:54 Image size of job updated: 14695084
	10004  -  MemoryUsage of job (MB)
	10243160  -  ResidentSetSize of job (KB)
...
006 (41349.000.000) 2021-07-29 17:29:54 Image size of job updated: 20441896
	10335  -  MemoryUsage of job (MB)
	10582208  -  ResidentSetSize of job (KB)
...
006 (41349.000.000) 2021-07-29 17:34:55 Image size of job updated: 20441896
	10984  -  MemoryUsage of job (MB)
	11246896  -  ResidentSetSize of job (KB)
...
006 (41349.000.000) 2021-07-29 17:39:56 Image size of job updated: 20441896
	11156  -  MemoryUsage of job (MB)
	11422816  -  ResidentSetSize of job (KB)
...
006 (41349.000.000) 2021-07-29 17:44:56 Image size of job updated: 20441896
	11466  -  MemoryUsage of job (MB)
	11740532  -  ResidentSetSize of job (KB)
...
006 (41349.000.000) 2021-07-29 17:49:57 Image size of job updated: 20441896
	11980  -  MemoryUsage of job (MB)
	12266628  -  ResidentSetSize of job (KB)
...
006 (41349.000.000) 2021-07-29 17:54:58 Image size of job updated: 20441896
	12327  -  MemoryUsage of job (MB)
	12622808  -  ResidentSetSize of job (KB)
...
006 (41349.000.000) 2021-07-29 17:59:58 Image size of job updated: 20441896
	13349  -  MemoryUsage of job (MB)
	13668380  -  ResidentSetSize of job (KB)
...
006 (41349.000.000) 2021-07-29 18:04:58 Image size of job updated: 20441896
	13349  -  MemoryUsage of job (MB)
	13668400  -  ResidentSetSize of job (KB)
...
006 (41349.000.000) 2021-07-29 18:09:59 Image size of job updated: 25154304
	15407  -  MemoryUsage of job (MB)
	15776180  -  ResidentSetSize of job (KB)
...
006 (41349.000.000) 2021-07-29 18:14:59 Image size of job updated: 29479680
	15407  -  MemoryUsage of job (MB)
	15776212  -  ResidentSetSize of job (KB)
...
006 (41349.000.000) 2021-07-29 18:19:59 Image size of job updated: 29479680
	15817  -  MemoryUsage of job (MB)
	16195604  -  ResidentSetSize of job (KB)
...
006 (41349.000.000) 2021-07-29 18:25:00 Image size of job updated: 29479680
	15817  -  MemoryUsage of job (MB)
	16195624  -  ResidentSetSize of job (KB)
...
006 (41349.000.000) 2021-07-29 18:30:00 Image size of job updated: 29479680
	15845  -  MemoryUsage of job (MB)
	16225276  -  ResidentSetSize of job (KB)
...
006 (41349.000.000) 2021-07-29 18:35:00 Image size of job updated: 29479680
	16104  -  MemoryUsage of job (MB)
	16490072  -  ResidentSetSize of job (KB)
...
006 (41349.000.000) 2021-07-29 18:40:01 Image size of job updated: 29479680
	16648  -  MemoryUsage of job (MB)
	17047052  -  ResidentSetSize of job (KB)
...
006 (41349.000.000) 2021-07-29 18:45:02 Image size of job updated: 29479680
	17083  -  MemoryUsage of job (MB)
	17492512  -  ResidentSetSize of job (KB)
...
006 (41349.000.000) 2021-07-29 18:50:02 Image size of job updated: 29479680
	17759  -  MemoryUsage of job (MB)
	18184904  -  ResidentSetSize of job (KB)
...
006 (41349.000.000) 2021-07-29 18:55:03 Image size of job updated: 29479680
	18048  -  MemoryUsage of job (MB)
	18480452  -  ResidentSetSize of job (KB)
...
006 (41349.000.000) 2021-07-29 19:00:04 Image size of job updated: 29479680
	18099  -  MemoryUsage of job (MB)
	18532636  -  ResidentSetSize of job (KB)
...
006 (41349.000.000) 2021-07-29 19:05:04 Image size of job updated: 29479680
	18502  -  MemoryUsage of job (MB)
	18945400  -  ResidentSetSize of job (KB)
...
006 (41349.000.000) 2021-07-29 19:10:04 Image size of job updated: 29479680
	19518  -  MemoryUsage of job (MB)
	19986384  -  ResidentSetSize of job (KB)
...
006 (41349.000.000) 2021-07-29 19:15:05 Image size of job updated: 49912144
	29383  -  MemoryUsage of job (MB)
	30087700  -  ResidentSetSize of job (KB)
...
006 (41349.000.000) 2021-07-29 19:20:06 Image size of job updated: 56400208
	29383  -  MemoryUsage of job (MB)
	30087700  -  ResidentSetSize of job (KB)
...
040 (41349.000.000) 2021-07-30 05:24:48 Started transferring output files
...
040 (41349.000.000) 2021-07-30 05:24:48 Finished transferring output files
...
005 (41349.000.000) 2021-07-30 05:24:48 Job terminated.
	(1) Normal termination (return value 0)
		Usr 0 11:47:25, Sys 0 00:30:28  -  Run Remote Usage
		Usr 0 00:00:00, Sys 0 00:00:00  -  Run Local Usage
		Usr 0 11:47:25, Sys 0 00:30:28  -  Total Remote Usage
		Usr 0 00:00:00, Sys 0 00:00:00  -  Total Local Usage
	535594  -  Run Bytes Sent By Job
	229  -  Run Bytes Received By Job
	535594  -  Total Bytes Sent By Job
	229  -  Total Bytes Received By Job
	Partitionable Resources :    Usage  Request Allocated 
	   Cpus                 :        0        1         1 
	   Disk (KB)            :      538        1    861476 
	   Memory (MB)          :    29383    51200     51200 

	Job terminated of its own accord at 2021-07-30T04:24:48Z.
...
