000 (39104.000.000) 2021-07-20 16:26:42 Job submitted from host: <194.36.1.200:9618?addrs=194.36.1.200-9618&alias=hex.ppe.gla.ac.uk&noUDP&sock=schedd_1401_8c46>
...
040 (39104.000.000) 2021-07-20 16:27:02 Started transferring input files
	Transferring to host: <192.168.16.121:9618?addrs=192.168.16.121-9618&alias=condor-d20-01.ppe.cluster&noUDP&sock=slot1_2_40472_ef67_727>
...
040 (39104.000.000) 2021-07-20 16:27:02 Finished transferring input files
...
001 (39104.000.000) 2021-07-20 16:27:03 Job executing on host: <192.168.16.121:9618?addrs=192.168.16.121-9618&alias=condor-d20-01.ppe.cluster&noUDP&sock=startd_40545_137a>
...
006 (39104.000.000) 2021-07-20 16:27:11 Image size of job updated: 70068
	51  -  MemoryUsage of job (MB)
	51396  -  ResidentSetSize of job (KB)
...
006 (39104.000.000) 2021-07-20 16:32:11 Image size of job updated: 1987976
	1409  -  MemoryUsage of job (MB)
	1442620  -  ResidentSetSize of job (KB)
...
006 (39104.000.000) 2021-07-20 16:37:12 Image size of job updated: 2779896
	1783  -  MemoryUsage of job (MB)
	1825512  -  ResidentSetSize of job (KB)
...
006 (39104.000.000) 2021-07-20 16:42:12 Image size of job updated: 3486356
	2522  -  MemoryUsage of job (MB)
	2581616  -  ResidentSetSize of job (KB)
...
006 (39104.000.000) 2021-07-20 16:47:12 Image size of job updated: 4419268
	2788  -  MemoryUsage of job (MB)
	2854164  -  ResidentSetSize of job (KB)
...
006 (39104.000.000) 2021-07-20 16:52:13 Image size of job updated: 4679176
	2788  -  MemoryUsage of job (MB)
	2854164  -  ResidentSetSize of job (KB)
...
006 (39104.000.000) 2021-07-20 16:57:14 Image size of job updated: 5883712
	3849  -  MemoryUsage of job (MB)
	3940404  -  ResidentSetSize of job (KB)
...
006 (39104.000.000) 2021-07-20 17:02:14 Image size of job updated: 5883712
	4072  -  MemoryUsage of job (MB)
	4169096  -  ResidentSetSize of job (KB)
...
006 (39104.000.000) 2021-07-20 17:07:15 Image size of job updated: 7944724
	4544  -  MemoryUsage of job (MB)
	4652708  -  ResidentSetSize of job (KB)
...
006 (39104.000.000) 2021-07-20 17:12:16 Image size of job updated: 7960092
	4895  -  MemoryUsage of job (MB)
	5011784  -  ResidentSetSize of job (KB)
...
006 (39104.000.000) 2021-07-20 17:17:16 Image size of job updated: 7960092
	5408  -  MemoryUsage of job (MB)
	5536912  -  ResidentSetSize of job (KB)
...
006 (39104.000.000) 2021-07-20 17:22:18 Image size of job updated: 10877132
	5793  -  MemoryUsage of job (MB)
	5931240  -  ResidentSetSize of job (KB)
...
006 (39104.000.000) 2021-07-20 17:27:18 Image size of job updated: 10877132
	6696  -  MemoryUsage of job (MB)
	6855916  -  ResidentSetSize of job (KB)
...
006 (39104.000.000) 2021-07-20 17:32:18 Image size of job updated: 10877132
	6814  -  MemoryUsage of job (MB)
	6977516  -  ResidentSetSize of job (KB)
...
006 (39104.000.000) 2021-07-20 17:37:19 Image size of job updated: 10877132
	7614  -  MemoryUsage of job (MB)
	7796180  -  ResidentSetSize of job (KB)
...
006 (39104.000.000) 2021-07-20 17:42:20 Image size of job updated: 14047652
	7614  -  MemoryUsage of job (MB)
	7796188  -  ResidentSetSize of job (KB)
...
006 (39104.000.000) 2021-07-20 17:47:20 Image size of job updated: 14312996
	8316  -  MemoryUsage of job (MB)
	8515220  -  ResidentSetSize of job (KB)
...
006 (39104.000.000) 2021-07-20 17:57:22 Image size of job updated: 14402088
	8692  -  MemoryUsage of job (MB)
	8900564  -  ResidentSetSize of job (KB)
...
006 (39104.000.000) 2021-07-20 18:02:22 Image size of job updated: 14407440
	9541  -  MemoryUsage of job (MB)
	9769356  -  ResidentSetSize of job (KB)
...
006 (39104.000.000) 2021-07-20 18:07:22 Image size of job updated: 14407440
	9946  -  MemoryUsage of job (MB)
	10184224  -  ResidentSetSize of job (KB)
...
006 (39104.000.000) 2021-07-20 18:12:23 Image size of job updated: 14407440
	9962  -  MemoryUsage of job (MB)
	10200788  -  ResidentSetSize of job (KB)
...
006 (39104.000.000) 2021-07-20 18:17:23 Image size of job updated: 18180552
	10354  -  MemoryUsage of job (MB)
	10602108  -  ResidentSetSize of job (KB)
...
006 (39104.000.000) 2021-07-20 18:22:23 Image size of job updated: 18608704
	10874  -  MemoryUsage of job (MB)
	11134436  -  ResidentSetSize of job (KB)
...
006 (39104.000.000) 2021-07-20 18:27:24 Image size of job updated: 18737792
	11045  -  MemoryUsage of job (MB)
	11309268  -  ResidentSetSize of job (KB)
...
006 (39104.000.000) 2021-07-20 18:32:24 Image size of job updated: 18737792
	11622  -  MemoryUsage of job (MB)
	11899916  -  ResidentSetSize of job (KB)
...
006 (39104.000.000) 2021-07-20 18:37:24 Image size of job updated: 18804464
	11797  -  MemoryUsage of job (MB)
	12079312  -  ResidentSetSize of job (KB)
...
006 (39104.000.000) 2021-07-20 18:42:25 Image size of job updated: 18804464
	12228  -  MemoryUsage of job (MB)
	12521220  -  ResidentSetSize of job (KB)
...
006 (39104.000.000) 2021-07-20 18:47:26 Image size of job updated: 18804464
	13519  -  MemoryUsage of job (MB)
	13842800  -  ResidentSetSize of job (KB)
...
006 (39104.000.000) 2021-07-20 18:57:27 Image size of job updated: 18804464
	13919  -  MemoryUsage of job (MB)
	14252336  -  ResidentSetSize of job (KB)
...
006 (39104.000.000) 2021-07-20 19:02:28 Image size of job updated: 27283604
	14563  -  MemoryUsage of job (MB)
	14911616  -  ResidentSetSize of job (KB)
...
006 (39104.000.000) 2021-07-20 19:07:28 Image size of job updated: 27402584
	14826  -  MemoryUsage of job (MB)
	15181400  -  ResidentSetSize of job (KB)
...
006 (39104.000.000) 2021-07-20 19:12:29 Image size of job updated: 27415012
	15582  -  MemoryUsage of job (MB)
	15955304  -  ResidentSetSize of job (KB)
...
006 (39104.000.000) 2021-07-20 19:17:30 Image size of job updated: 27415012
	15639  -  MemoryUsage of job (MB)
	16013832  -  ResidentSetSize of job (KB)
...
006 (39104.000.000) 2021-07-20 19:22:30 Image size of job updated: 27456104
	16543  -  MemoryUsage of job (MB)
	16939456  -  ResidentSetSize of job (KB)
...
006 (39104.000.000) 2021-07-20 19:27:30 Image size of job updated: 27456104
	17257  -  MemoryUsage of job (MB)
	17670940  -  ResidentSetSize of job (KB)
...
006 (39104.000.000) 2021-07-20 19:32:31 Image size of job updated: 27456104
	17257  -  MemoryUsage of job (MB)
	17670948  -  ResidentSetSize of job (KB)
...
006 (39104.000.000) 2021-07-20 19:37:31 Image size of job updated: 27456104
	17676  -  MemoryUsage of job (MB)
	18099572  -  ResidentSetSize of job (KB)
...
006 (39104.000.000) 2021-07-20 19:42:31 Image size of job updated: 27456104
	18336  -  MemoryUsage of job (MB)
	18775876  -  ResidentSetSize of job (KB)
...
006 (39104.000.000) 2021-07-20 19:47:33 Image size of job updated: 27456104
	18336  -  MemoryUsage of job (MB)
	18775900  -  ResidentSetSize of job (KB)
...
006 (39104.000.000) 2021-07-20 19:52:33 Image size of job updated: 27479032
	19800  -  MemoryUsage of job (MB)
	20274352  -  ResidentSetSize of job (KB)
...
006 (39104.000.000) 2021-07-20 19:57:33 Image size of job updated: 56317148
	19800  -  MemoryUsage of job (MB)
	20274352  -  ResidentSetSize of job (KB)
...
006 (39104.000.000) 2021-07-20 21:42:44 Image size of job updated: 56317148
	19802  -  MemoryUsage of job (MB)
	20276544  -  ResidentSetSize of job (KB)
...
006 (39104.000.000) 2021-07-20 21:47:45 Image size of job updated: 56317148
	20286  -  MemoryUsage of job (MB)
	20772008  -  ResidentSetSize of job (KB)
...
006 (39104.000.000) 2021-07-20 21:52:45 Image size of job updated: 56317148
	20837  -  MemoryUsage of job (MB)
	21336624  -  ResidentSetSize of job (KB)
...
006 (39104.000.000) 2021-07-20 21:57:45 Image size of job updated: 56317148
	21299  -  MemoryUsage of job (MB)
	21809240  -  ResidentSetSize of job (KB)
...
006 (39104.000.000) 2021-07-20 22:02:45 Image size of job updated: 56317148
	21817  -  MemoryUsage of job (MB)
	22340072  -  ResidentSetSize of job (KB)
...
006 (39104.000.000) 2021-07-20 22:07:46 Image size of job updated: 56317148
	22405  -  MemoryUsage of job (MB)
	22941900  -  ResidentSetSize of job (KB)
...
006 (39104.000.000) 2021-07-20 22:12:47 Image size of job updated: 56317148
	22903  -  MemoryUsage of job (MB)
	23451768  -  ResidentSetSize of job (KB)
...
006 (39104.000.000) 2021-07-20 22:17:47 Image size of job updated: 56317148
	23432  -  MemoryUsage of job (MB)
	23993720  -  ResidentSetSize of job (KB)
...
006 (39104.000.000) 2021-07-20 22:22:48 Image size of job updated: 56317148
	23920  -  MemoryUsage of job (MB)
	24493812  -  ResidentSetSize of job (KB)
...
006 (39104.000.000) 2021-07-20 22:27:49 Image size of job updated: 56317148
	24481  -  MemoryUsage of job (MB)
	25068392  -  ResidentSetSize of job (KB)
...
006 (39104.000.000) 2021-07-20 22:30:22 Image size of job updated: 56317148
	24482  -  MemoryUsage of job (MB)
	25068696  -  ResidentSetSize of job (KB)
...
040 (39104.000.000) 2021-07-20 22:30:22 Started transferring output files
...
040 (39104.000.000) 2021-07-20 22:30:22 Finished transferring output files
...
005 (39104.000.000) 2021-07-20 22:30:22 Job terminated.
	(1) Normal termination (return value 1)
		Usr 0 04:40:53, Sys 0 00:07:35  -  Run Remote Usage
		Usr 0 00:00:00, Sys 0 00:00:00  -  Run Local Usage
		Usr 0 04:40:53, Sys 0 00:07:35  -  Total Remote Usage
		Usr 0 00:00:00, Sys 0 00:00:00  -  Total Local Usage
	43336  -  Run Bytes Sent By Job
	229  -  Run Bytes Received By Job
	43336  -  Total Bytes Sent By Job
	229  -  Total Bytes Received By Job
	Partitionable Resources :    Usage  Request Allocated 
	   Cpus                 :     0.81        1         1 
	   Disk (KB)            :    58           1   3637421 
	   Memory (MB)          : 24482       51200     51200 

	Job terminated of its own accord at 2021-07-20T21:30:22Z.
...
000 (39560.000.000) 2021-07-22 13:32:55 Job submitted from host: <194.36.1.200:9618?addrs=194.36.1.200-9618&alias=hex.ppe.gla.ac.uk&noUDP&sock=schedd_1401_8c46>
...
040 (39560.000.000) 2021-07-22 13:33:14 Started transferring input files
	Transferring to host: <192.168.16.121:9618?addrs=192.168.16.121-9618&alias=condor-d20-01.ppe.cluster&noUDP&sock=slot1_1_40472_ef67_809>
...
040 (39560.000.000) 2021-07-22 13:33:14 Finished transferring input files
...
001 (39560.000.000) 2021-07-22 13:33:15 Job executing on host: <192.168.16.121:9618?addrs=192.168.16.121-9618&alias=condor-d20-01.ppe.cluster&noUDP&sock=startd_40545_137a>
...
006 (39560.000.000) 2021-07-22 13:33:24 Image size of job updated: 75576
	51  -  MemoryUsage of job (MB)
	51356  -  ResidentSetSize of job (KB)
...
006 (39560.000.000) 2021-07-22 13:38:25 Image size of job updated: 1773088
	1033  -  MemoryUsage of job (MB)
	1057252  -  ResidentSetSize of job (KB)
...
006 (39560.000.000) 2021-07-22 13:43:26 Image size of job updated: 2779896
	1872  -  MemoryUsage of job (MB)
	1916072  -  ResidentSetSize of job (KB)
...
006 (39560.000.000) 2021-07-22 13:48:26 Image size of job updated: 3317692
	1872  -  MemoryUsage of job (MB)
	1916072  -  ResidentSetSize of job (KB)
...
006 (39560.000.000) 2021-07-22 13:53:26 Image size of job updated: 4395244
	3002  -  MemoryUsage of job (MB)
	3073088  -  ResidentSetSize of job (KB)
...
006 (39560.000.000) 2021-07-22 13:58:27 Image size of job updated: 4690228
	3110  -  MemoryUsage of job (MB)
	3183872  -  ResidentSetSize of job (KB)
...
006 (39560.000.000) 2021-07-22 14:03:27 Image size of job updated: 5758044
	3246  -  MemoryUsage of job (MB)
	3323552  -  ResidentSetSize of job (KB)
...
006 (39560.000.000) 2021-07-22 14:08:27 Image size of job updated: 5764208
	4582  -  MemoryUsage of job (MB)
	4691228  -  ResidentSetSize of job (KB)
...
006 (39560.000.000) 2021-07-22 14:13:28 Image size of job updated: 7827680
	4582  -  MemoryUsage of job (MB)
	4691228  -  ResidentSetSize of job (KB)
...
006 (39560.000.000) 2021-07-22 14:18:29 Image size of job updated: 7974656
	5310  -  MemoryUsage of job (MB)
	5437304  -  ResidentSetSize of job (KB)
...
006 (39560.000.000) 2021-07-22 14:23:29 Image size of job updated: 7974656
	5610  -  MemoryUsage of job (MB)
	5743868  -  ResidentSetSize of job (KB)
...
006 (39560.000.000) 2021-07-22 14:28:29 Image size of job updated: 10147496
	6196  -  MemoryUsage of job (MB)
	6344588  -  ResidentSetSize of job (KB)
...
006 (39560.000.000) 2021-07-22 14:33:30 Image size of job updated: 10147496
	6575  -  MemoryUsage of job (MB)
	6732476  -  ResidentSetSize of job (KB)
...
006 (39560.000.000) 2021-07-22 14:38:30 Image size of job updated: 10147496
	7036  -  MemoryUsage of job (MB)
	7204668  -  ResidentSetSize of job (KB)
...
006 (39560.000.000) 2021-07-22 14:43:30 Image size of job updated: 10147496
	7502  -  MemoryUsage of job (MB)
	7681100  -  ResidentSetSize of job (KB)
...
006 (39560.000.000) 2021-07-22 14:48:31 Image size of job updated: 14382344
	8294  -  MemoryUsage of job (MB)
	8492912  -  ResidentSetSize of job (KB)
...
006 (39560.000.000) 2021-07-22 14:53:32 Image size of job updated: 14428644
	8850  -  MemoryUsage of job (MB)
	9061644  -  ResidentSetSize of job (KB)
...
006 (39560.000.000) 2021-07-22 14:58:32 Image size of job updated: 14428644
	8996  -  MemoryUsage of job (MB)
	9211292  -  ResidentSetSize of job (KB)
...
006 (39560.000.000) 2021-07-22 15:03:32 Image size of job updated: 14428644
	9412  -  MemoryUsage of job (MB)
	9636876  -  ResidentSetSize of job (KB)
...
006 (39560.000.000) 2021-07-22 15:08:33 Image size of job updated: 14428644
	10165  -  MemoryUsage of job (MB)
	10408204  -  ResidentSetSize of job (KB)
...
006 (39560.000.000) 2021-07-22 15:13:33 Image size of job updated: 14428644
	10313  -  MemoryUsage of job (MB)
	10559528  -  ResidentSetSize of job (KB)
...
006 (39560.000.000) 2021-07-22 15:18:33 Image size of job updated: 18681408
	11549  -  MemoryUsage of job (MB)
	11825368  -  ResidentSetSize of job (KB)
...
006 (39560.000.000) 2021-07-22 15:23:34 Image size of job updated: 18757404
	11640  -  MemoryUsage of job (MB)
	11918860  -  ResidentSetSize of job (KB)
...
006 (39560.000.000) 2021-07-22 15:28:35 Image size of job updated: 18765236
	11712  -  MemoryUsage of job (MB)
	11992908  -  ResidentSetSize of job (KB)
...
006 (39560.000.000) 2021-07-22 15:33:35 Image size of job updated: 18765236
	12636  -  MemoryUsage of job (MB)
	12938744  -  ResidentSetSize of job (KB)
...
006 (39560.000.000) 2021-07-22 15:38:35 Image size of job updated: 18765236
	13187  -  MemoryUsage of job (MB)
	13502568  -  ResidentSetSize of job (KB)
...
006 (39560.000.000) 2021-07-22 15:43:36 Image size of job updated: 18765236
	13427  -  MemoryUsage of job (MB)
	13749156  -  ResidentSetSize of job (KB)
...
006 (39560.000.000) 2021-07-22 15:48:37 Image size of job updated: 18801532
	13982  -  MemoryUsage of job (MB)
	14316832  -  ResidentSetSize of job (KB)
...
006 (39560.000.000) 2021-07-22 15:53:37 Image size of job updated: 18801532
	14426  -  MemoryUsage of job (MB)
	14771772  -  ResidentSetSize of job (KB)
...
006 (39560.000.000) 2021-07-22 15:58:37 Image size of job updated: 27253840
	15487  -  MemoryUsage of job (MB)
	15858004  -  ResidentSetSize of job (KB)
...
006 (39560.000.000) 2021-07-22 16:03:38 Image size of job updated: 27253840
	15487  -  MemoryUsage of job (MB)
	15858020  -  ResidentSetSize of job (KB)
...
006 (39560.000.000) 2021-07-22 16:08:38 Image size of job updated: 27299992
	15578  -  MemoryUsage of job (MB)
	15951124  -  ResidentSetSize of job (KB)
...
006 (39560.000.000) 2021-07-22 16:13:38 Image size of job updated: 27299992
	16265  -  MemoryUsage of job (MB)
	16654912  -  ResidentSetSize of job (KB)
...
006 (39560.000.000) 2021-07-22 16:18:39 Image size of job updated: 27299992
	17110  -  MemoryUsage of job (MB)
	17520208  -  ResidentSetSize of job (KB)
...
006 (39560.000.000) 2021-07-22 16:23:40 Image size of job updated: 27449756
	17518  -  MemoryUsage of job (MB)
	17937976  -  ResidentSetSize of job (KB)
...
006 (39560.000.000) 2021-07-22 16:28:40 Image size of job updated: 27449756
	17685  -  MemoryUsage of job (MB)
	18108896  -  ResidentSetSize of job (KB)
...
006 (39560.000.000) 2021-07-22 16:33:40 Image size of job updated: 27449756
	18179  -  MemoryUsage of job (MB)
	18614920  -  ResidentSetSize of job (KB)
...
006 (39560.000.000) 2021-07-22 16:38:41 Image size of job updated: 27449756
	18488  -  MemoryUsage of job (MB)
	18931056  -  ResidentSetSize of job (KB)
...
006 (39560.000.000) 2021-07-22 16:43:42 Image size of job updated: 27449756
	18770  -  MemoryUsage of job (MB)
	19219720  -  ResidentSetSize of job (KB)
...
006 (39560.000.000) 2021-07-22 16:48:42 Image size of job updated: 27449756
	21591  -  MemoryUsage of job (MB)
	22109176  -  ResidentSetSize of job (KB)
...
006 (39560.000.000) 2021-07-22 16:53:43 Image size of job updated: 54153072
	21594  -  MemoryUsage of job (MB)
	22111676  -  ResidentSetSize of job (KB)
...
006 (39560.000.000) 2021-07-22 18:38:54 Image size of job updated: 54153072
	22034  -  MemoryUsage of job (MB)
	22562576  -  ResidentSetSize of job (KB)
...
006 (39560.000.000) 2021-07-22 18:43:55 Image size of job updated: 54153072
	22515  -  MemoryUsage of job (MB)
	23054880  -  ResidentSetSize of job (KB)
...
006 (39560.000.000) 2021-07-22 18:48:56 Image size of job updated: 54153072
	22990  -  MemoryUsage of job (MB)
	23541600  -  ResidentSetSize of job (KB)
...
006 (39560.000.000) 2021-07-22 18:53:56 Image size of job updated: 54153072
	23465  -  MemoryUsage of job (MB)
	24027260  -  ResidentSetSize of job (KB)
...
006 (39560.000.000) 2021-07-22 18:58:56 Image size of job updated: 54153072
	23998  -  MemoryUsage of job (MB)
	24573496  -  ResidentSetSize of job (KB)
...
006 (39560.000.000) 2021-07-22 19:03:57 Image size of job updated: 54153072
	24433  -  MemoryUsage of job (MB)
	25018380  -  ResidentSetSize of job (KB)
...
006 (39560.000.000) 2021-07-22 19:08:57 Image size of job updated: 54153072
	24899  -  MemoryUsage of job (MB)
	25496464  -  ResidentSetSize of job (KB)
...
006 (39560.000.000) 2021-07-22 19:13:57 Image size of job updated: 54153072
	25369  -  MemoryUsage of job (MB)
	25977580  -  ResidentSetSize of job (KB)
...
006 (39560.000.000) 2021-07-22 19:18:58 Image size of job updated: 54153072
	25855  -  MemoryUsage of job (MB)
	26474972  -  ResidentSetSize of job (KB)
...
006 (39560.000.000) 2021-07-22 19:23:59 Image size of job updated: 54153072
	26255  -  MemoryUsage of job (MB)
	26884364  -  ResidentSetSize of job (KB)
...
040 (39560.000.000) 2021-07-22 19:28:44 Started transferring output files
...
040 (39560.000.000) 2021-07-22 19:28:44 Finished transferring output files
...
005 (39560.000.000) 2021-07-22 19:28:44 Job terminated.
	(1) Normal termination (return value 1)
		Usr 0 04:36:54, Sys 0 00:07:35  -  Run Remote Usage
		Usr 0 00:00:00, Sys 0 00:00:00  -  Run Local Usage
		Usr 0 04:36:54, Sys 0 00:07:35  -  Total Remote Usage
		Usr 0 00:00:00, Sys 0 00:00:00  -  Total Local Usage
	43357  -  Run Bytes Sent By Job
	229  -  Run Bytes Received By Job
	43357  -  Total Bytes Sent By Job
	229  -  Total Bytes Received By Job
	Partitionable Resources :    Usage  Request Allocated 
	   Cpus                 :     0.74        1         1 
	   Disk (KB)            :    58           1   3637421 
	   Memory (MB)          : 26255       51200     51200 

	Job terminated of its own accord at 2021-07-22T18:28:44Z.
...
000 (40039.000.000) 2021-07-24 10:26:55 Job submitted from host: <194.36.1.200:9618?addrs=194.36.1.200-9618&alias=hex.ppe.gla.ac.uk&noUDP&sock=schedd_1401_8c46>
...
040 (40039.000.000) 2021-07-24 10:27:16 Started transferring input files
	Transferring to host: <192.168.16.121:9618?addrs=192.168.16.121-9618&alias=condor-d20-01.ppe.cluster&noUDP&sock=slot1_1_40472_ef67_923>
...
040 (40039.000.000) 2021-07-24 10:27:16 Finished transferring input files
...
001 (40039.000.000) 2021-07-24 10:27:17 Job executing on host: <192.168.16.121:9618?addrs=192.168.16.121-9618&alias=condor-d20-01.ppe.cluster&noUDP&sock=startd_40545_137a>
...
006 (40039.000.000) 2021-07-24 10:27:25 Image size of job updated: 75576
	52  -  MemoryUsage of job (MB)
	52832  -  ResidentSetSize of job (KB)
...
006 (40039.000.000) 2021-07-24 10:32:25 Image size of job updated: 1777516
	672  -  MemoryUsage of job (MB)
	687168  -  ResidentSetSize of job (KB)
...
006 (40039.000.000) 2021-07-24 10:37:25 Image size of job updated: 3065908
	1535  -  MemoryUsage of job (MB)
	1571824  -  ResidentSetSize of job (KB)
...
006 (40039.000.000) 2021-07-24 10:42:26 Image size of job updated: 3452436
	1907  -  MemoryUsage of job (MB)
	1951988  -  ResidentSetSize of job (KB)
...
006 (40039.000.000) 2021-07-24 10:47:26 Image size of job updated: 4461340
	2936  -  MemoryUsage of job (MB)
	3005980  -  ResidentSetSize of job (KB)
...
006 (40039.000.000) 2021-07-24 10:52:26 Image size of job updated: 4667484
	2936  -  MemoryUsage of job (MB)
	3005980  -  ResidentSetSize of job (KB)
...
006 (40039.000.000) 2021-07-24 10:57:27 Image size of job updated: 5793876
	3205  -  MemoryUsage of job (MB)
	3281852  -  ResidentSetSize of job (KB)
...
006 (40039.000.000) 2021-07-24 11:02:27 Image size of job updated: 5793876
	4571  -  MemoryUsage of job (MB)
	4680472  -  ResidentSetSize of job (KB)
...
006 (40039.000.000) 2021-07-24 11:07:27 Image size of job updated: 7986960
	4571  -  MemoryUsage of job (MB)
	4680472  -  ResidentSetSize of job (KB)
...
006 (40039.000.000) 2021-07-24 11:12:28 Image size of job updated: 7986960
	5081  -  MemoryUsage of job (MB)
	5202292  -  ResidentSetSize of job (KB)
...
006 (40039.000.000) 2021-07-24 11:17:29 Image size of job updated: 7986960
	5256  -  MemoryUsage of job (MB)
	5381760  -  ResidentSetSize of job (KB)
...
006 (40039.000.000) 2021-07-24 11:22:29 Image size of job updated: 9833788
	6350  -  MemoryUsage of job (MB)
	6502016  -  ResidentSetSize of job (KB)
...
006 (40039.000.000) 2021-07-24 11:27:30 Image size of job updated: 9957508
	6365  -  MemoryUsage of job (MB)
	6517304  -  ResidentSetSize of job (KB)
...
006 (40039.000.000) 2021-07-24 11:32:31 Image size of job updated: 10035404
	7063  -  MemoryUsage of job (MB)
	7232440  -  ResidentSetSize of job (KB)
...
006 (40039.000.000) 2021-07-24 11:37:31 Image size of job updated: 10062888
	7444  -  MemoryUsage of job (MB)
	7621868  -  ResidentSetSize of job (KB)
...
006 (40039.000.000) 2021-07-24 11:42:31 Image size of job updated: 14380216
	8281  -  MemoryUsage of job (MB)
	8479168  -  ResidentSetSize of job (KB)
...
006 (40039.000.000) 2021-07-24 11:47:32 Image size of job updated: 14446760
	8639  -  MemoryUsage of job (MB)
	8846100  -  ResidentSetSize of job (KB)
...
006 (40039.000.000) 2021-07-24 11:52:32 Image size of job updated: 14446760
	9032  -  MemoryUsage of job (MB)
	9248556  -  ResidentSetSize of job (KB)
...
006 (40039.000.000) 2021-07-24 11:57:32 Image size of job updated: 14446760
	9367  -  MemoryUsage of job (MB)
	9591376  -  ResidentSetSize of job (KB)
...
006 (40039.000.000) 2021-07-24 12:02:33 Image size of job updated: 14446760
	10320  -  MemoryUsage of job (MB)
	10567160  -  ResidentSetSize of job (KB)
...
006 (40039.000.000) 2021-07-24 12:07:33 Image size of job updated: 14446760
	10662  -  MemoryUsage of job (MB)
	10917776  -  ResidentSetSize of job (KB)
...
006 (40039.000.000) 2021-07-24 12:12:33 Image size of job updated: 18668872
	10755  -  MemoryUsage of job (MB)
	11013120  -  ResidentSetSize of job (KB)
...
006 (40039.000.000) 2021-07-24 12:17:34 Image size of job updated: 18725980
	11384  -  MemoryUsage of job (MB)
	11656340  -  ResidentSetSize of job (KB)
...
006 (40039.000.000) 2021-07-24 12:22:35 Image size of job updated: 18800508
	11668  -  MemoryUsage of job (MB)
	11947920  -  ResidentSetSize of job (KB)
...
006 (40039.000.000) 2021-07-24 12:27:35 Image size of job updated: 18800508
	12797  -  MemoryUsage of job (MB)
	13103504  -  ResidentSetSize of job (KB)
...
006 (40039.000.000) 2021-07-24 12:32:36 Image size of job updated: 18818528
	13458  -  MemoryUsage of job (MB)
	13780100  -  ResidentSetSize of job (KB)
...
006 (40039.000.000) 2021-07-24 12:42:37 Image size of job updated: 18818528
	13866  -  MemoryUsage of job (MB)
	14198236  -  ResidentSetSize of job (KB)
...
006 (40039.000.000) 2021-07-24 12:47:37 Image size of job updated: 18818528
	14616  -  MemoryUsage of job (MB)
	14966040  -  ResidentSetSize of job (KB)
...
006 (40039.000.000) 2021-07-24 12:52:38 Image size of job updated: 27418048
	15552  -  MemoryUsage of job (MB)
	15924476  -  ResidentSetSize of job (KB)
...
006 (40039.000.000) 2021-07-24 12:57:38 Image size of job updated: 27418048
	15552  -  MemoryUsage of job (MB)
	15924480  -  ResidentSetSize of job (KB)
...
006 (40039.000.000) 2021-07-24 13:02:38 Image size of job updated: 27418048
	16712  -  MemoryUsage of job (MB)
	17112884  -  ResidentSetSize of job (KB)
...
006 (40039.000.000) 2021-07-24 13:07:39 Image size of job updated: 27472532
	16892  -  MemoryUsage of job (MB)
	17296428  -  ResidentSetSize of job (KB)
...
006 (40039.000.000) 2021-07-24 13:12:39 Image size of job updated: 27472532
	17305  -  MemoryUsage of job (MB)
	17719492  -  ResidentSetSize of job (KB)
...
006 (40039.000.000) 2021-07-24 13:17:39 Image size of job updated: 27472532
	17334  -  MemoryUsage of job (MB)
	17749832  -  ResidentSetSize of job (KB)
...
006 (40039.000.000) 2021-07-24 13:22:40 Image size of job updated: 27472532
	18153  -  MemoryUsage of job (MB)
	18588436  -  ResidentSetSize of job (KB)
...
006 (40039.000.000) 2021-07-24 13:32:41 Image size of job updated: 27472532
	18536  -  MemoryUsage of job (MB)
	18980412  -  ResidentSetSize of job (KB)
...
006 (40039.000.000) 2021-07-24 13:37:42 Image size of job updated: 27472532
	19019  -  MemoryUsage of job (MB)
	19475000  -  ResidentSetSize of job (KB)
...
006 (40039.000.000) 2021-07-24 13:42:43 Image size of job updated: 54153096
	29128  -  MemoryUsage of job (MB)
	29826888  -  ResidentSetSize of job (KB)
...
040 (40039.000.000) 2021-07-24 22:51:11 Started transferring output files
...
040 (40039.000.000) 2021-07-24 22:51:11 Finished transferring output files
...
005 (40039.000.000) 2021-07-24 22:51:11 Job terminated.
	(1) Normal termination (return value 0)
		Usr 0 10:48:02, Sys 0 00:11:41  -  Run Remote Usage
		Usr 0 00:00:00, Sys 0 00:00:00  -  Run Local Usage
		Usr 0 10:48:02, Sys 0 00:11:41  -  Total Remote Usage
		Usr 0 00:00:00, Sys 0 00:00:00  -  Total Local Usage
	535436  -  Run Bytes Sent By Job
	229  -  Run Bytes Received By Job
	535436  -  Total Bytes Sent By Job
	229  -  Total Bytes Received By Job
	Partitionable Resources :    Usage  Request Allocated 
	   Cpus                 :     0.95        1         1 
	   Disk (KB)            :   538           1   3637421 
	   Memory (MB)          : 29128       51200     51200 

	Job terminated of its own accord at 2021-07-24T21:51:11Z.
...
000 (41153.000.000) 2021-07-29 12:12:25 Job submitted from host: <194.36.1.200:9618?addrs=194.36.1.200-9618&alias=hex.ppe.gla.ac.uk&noUDP&sock=schedd_1401_8c46>
...
040 (41153.000.000) 2021-07-29 12:12:45 Started transferring input files
	Transferring to host: <192.168.16.121:9618?addrs=192.168.16.121-9618&alias=condor-d20-01.ppe.cluster&noUDP&sock=slot1_1_25694_7f4e_51>
...
040 (41153.000.000) 2021-07-29 12:12:45 Finished transferring input files
...
001 (41153.000.000) 2021-07-29 12:12:46 Job executing on host: <192.168.16.121:9618?addrs=192.168.16.121-9618&alias=condor-d20-01.ppe.cluster&noUDP&sock=startd_40545_137a>
...
006 (41153.000.000) 2021-07-29 12:12:55 Image size of job updated: 61256
	51  -  MemoryUsage of job (MB)
	51624  -  ResidentSetSize of job (KB)
...
006 (41153.000.000) 2021-07-29 12:14:37 Image size of job updated: 1239304
	51  -  MemoryUsage of job (MB)
	51624  -  ResidentSetSize of job (KB)
...
040 (41153.000.000) 2021-07-29 12:14:37 Started transferring output files
...
040 (41153.000.000) 2021-07-29 12:14:37 Finished transferring output files
...
005 (41153.000.000) 2021-07-29 12:14:37 Job terminated.
	(1) Normal termination (return value 134)
		Usr 0 00:01:03, Sys 0 00:00:02  -  Run Remote Usage
		Usr 0 00:00:00, Sys 0 00:00:00  -  Run Local Usage
		Usr 0 00:01:03, Sys 0 00:00:02  -  Total Remote Usage
		Usr 0 00:00:00, Sys 0 00:00:00  -  Total Local Usage
	10720  -  Run Bytes Sent By Job
	229  -  Run Bytes Received By Job
	10720  -  Total Bytes Sent By Job
	229  -  Total Bytes Received By Job
	Partitionable Resources :    Usage  Request Allocated 
	   Cpus                 :     0.61        1         1 
	   Disk (KB)            :    26           1   3637421 
	   Memory (MB)          :    51       51200     51200 

	Job terminated of its own accord at 2021-07-29T11:14:37Z.
...
000 (41254.000.000) 2021-07-29 14:07:35 Job submitted from host: <194.36.1.200:9618?addrs=194.36.1.200-9618&alias=hex.ppe.gla.ac.uk&noUDP&sock=schedd_1401_8c46>
...
040 (41254.000.000) 2021-07-29 14:07:55 Started transferring input files
	Transferring to host: <192.168.16.121:9618?addrs=192.168.16.121-9618&alias=condor-d20-01.ppe.cluster&noUDP&sock=slot1_1_25694_7f4e_63>
...
040 (41254.000.000) 2021-07-29 14:07:55 Finished transferring input files
...
001 (41254.000.000) 2021-07-29 14:07:56 Job executing on host: <192.168.16.121:9618?addrs=192.168.16.121-9618&alias=condor-d20-01.ppe.cluster&noUDP&sock=startd_40545_137a>
...
006 (41254.000.000) 2021-07-29 14:08:04 Image size of job updated: 256524
	237  -  MemoryUsage of job (MB)
	241848  -  ResidentSetSize of job (KB)
...
006 (41254.000.000) 2021-07-29 14:11:39 Image size of job updated: 1543040
	237  -  MemoryUsage of job (MB)
	241848  -  ResidentSetSize of job (KB)
...
040 (41254.000.000) 2021-07-29 14:11:39 Started transferring output files
...
040 (41254.000.000) 2021-07-29 14:11:39 Finished transferring output files
...
005 (41254.000.000) 2021-07-29 14:11:39 Job terminated.
	(1) Normal termination (return value 0)
		Usr 0 00:03:11, Sys 0 00:00:03  -  Run Remote Usage
		Usr 0 00:00:00, Sys 0 00:00:00  -  Run Local Usage
		Usr 0 00:03:11, Sys 0 00:00:03  -  Total Remote Usage
		Usr 0 00:00:00, Sys 0 00:00:00  -  Total Local Usage
	487109  -  Run Bytes Sent By Job
	229  -  Run Bytes Received By Job
	487109  -  Total Bytes Sent By Job
	229  -  Total Bytes Received By Job
	Partitionable Resources :    Usage  Request Allocated 
	   Cpus                 :     0.97        1         1 
	   Disk (KB)            :   491           1   3637421 
	   Memory (MB)          :   237       51200     51200 

	Job terminated of its own accord at 2021-07-29T13:11:39Z.
...
000 (41354.000.000) 2021-07-29 15:34:12 Job submitted from host: <194.36.1.200:9618?addrs=194.36.1.200-9618&alias=hex.ppe.gla.ac.uk&noUDP&sock=schedd_1401_8c46>
...
040 (41354.000.000) 2021-07-29 15:34:32 Started transferring input files
	Transferring to host: <192.168.16.121:9618?addrs=192.168.16.121-9618&alias=condor-d20-01.ppe.cluster&noUDP&sock=slot1_1_25694_7f4e_77>
...
040 (41354.000.000) 2021-07-29 15:34:32 Finished transferring input files
...
001 (41354.000.000) 2021-07-29 15:34:33 Job executing on host: <192.168.16.121:9618?addrs=192.168.16.121-9618&alias=condor-d20-01.ppe.cluster&noUDP&sock=startd_40545_137a>
...
006 (41354.000.000) 2021-07-29 15:34:42 Image size of job updated: 68712
	51  -  MemoryUsage of job (MB)
	51560  -  ResidentSetSize of job (KB)
...
006 (41354.000.000) 2021-07-29 15:39:43 Image size of job updated: 1997244
	1190  -  MemoryUsage of job (MB)
	1217880  -  ResidentSetSize of job (KB)
...
006 (41354.000.000) 2021-07-29 15:44:43 Image size of job updated: 2530020
	1599  -  MemoryUsage of job (MB)
	1636956  -  ResidentSetSize of job (KB)
...
006 (41354.000.000) 2021-07-29 15:49:43 Image size of job updated: 3551696
	2161  -  MemoryUsage of job (MB)
	2212380  -  ResidentSetSize of job (KB)
...
006 (41354.000.000) 2021-07-29 15:54:44 Image size of job updated: 4595328
	2442  -  MemoryUsage of job (MB)
	2499732  -  ResidentSetSize of job (KB)
...
006 (41354.000.000) 2021-07-29 15:59:45 Image size of job updated: 4689684
	3527  -  MemoryUsage of job (MB)
	3611208  -  ResidentSetSize of job (KB)
...
006 (41354.000.000) 2021-07-29 16:04:45 Image size of job updated: 5443300
	3527  -  MemoryUsage of job (MB)
	3611208  -  ResidentSetSize of job (KB)
...
006 (41354.000.000) 2021-07-29 16:09:46 Image size of job updated: 5561708
	3866  -  MemoryUsage of job (MB)
	3958208  -  ResidentSetSize of job (KB)
...
006 (41354.000.000) 2021-07-29 16:14:47 Image size of job updated: 7939148
	4318  -  MemoryUsage of job (MB)
	4421012  -  ResidentSetSize of job (KB)
...
006 (41354.000.000) 2021-07-29 16:19:47 Image size of job updated: 7940884
	4898  -  MemoryUsage of job (MB)
	5014660  -  ResidentSetSize of job (KB)
...
006 (41354.000.000) 2021-07-29 16:24:47 Image size of job updated: 7940884
	5007  -  MemoryUsage of job (MB)
	5126148  -  ResidentSetSize of job (KB)
...
006 (41354.000.000) 2021-07-29 16:29:48 Image size of job updated: 10066720
	5844  -  MemoryUsage of job (MB)
	5983308  -  ResidentSetSize of job (KB)
...
006 (41354.000.000) 2021-07-29 16:34:48 Image size of job updated: 10079708
	5905  -  MemoryUsage of job (MB)
	6046008  -  ResidentSetSize of job (KB)
...
006 (41354.000.000) 2021-07-29 16:39:48 Image size of job updated: 10079708
	6465  -  MemoryUsage of job (MB)
	6619384  -  ResidentSetSize of job (KB)
...
006 (41354.000.000) 2021-07-29 16:44:49 Image size of job updated: 10079708
	7169  -  MemoryUsage of job (MB)
	7340628  -  ResidentSetSize of job (KB)
...
006 (41354.000.000) 2021-07-29 16:49:49 Image size of job updated: 14016308
	7733  -  MemoryUsage of job (MB)
	7918032  -  ResidentSetSize of job (KB)
...
006 (41354.000.000) 2021-07-29 16:54:49 Image size of job updated: 14439344
	8502  -  MemoryUsage of job (MB)
	8705648  -  ResidentSetSize of job (KB)
...
006 (41354.000.000) 2021-07-29 16:59:50 Image size of job updated: 14439344
	9301  -  MemoryUsage of job (MB)
	9523980  -  ResidentSetSize of job (KB)
...
006 (41354.000.000) 2021-07-29 17:04:51 Image size of job updated: 14439344
	9676  -  MemoryUsage of job (MB)
	9907856  -  ResidentSetSize of job (KB)
...
006 (41354.000.000) 2021-07-29 17:09:51 Image size of job updated: 14439344
	9999  -  MemoryUsage of job (MB)
	10238820  -  ResidentSetSize of job (KB)
...
006 (41354.000.000) 2021-07-29 17:14:52 Image size of job updated: 14462772
	10023  -  MemoryUsage of job (MB)
	10262872  -  ResidentSetSize of job (KB)
...
006 (41354.000.000) 2021-07-29 17:19:53 Image size of job updated: 14462772
	10739  -  MemoryUsage of job (MB)
	10996448  -  ResidentSetSize of job (KB)
...
006 (41354.000.000) 2021-07-29 17:24:53 Image size of job updated: 18677628
	11304  -  MemoryUsage of job (MB)
	11574700  -  ResidentSetSize of job (KB)
...
006 (41354.000.000) 2021-07-29 17:29:53 Image size of job updated: 18733048
	11416  -  MemoryUsage of job (MB)
	11689680  -  ResidentSetSize of job (KB)
...
006 (41354.000.000) 2021-07-29 17:34:54 Image size of job updated: 18768044
	12018  -  MemoryUsage of job (MB)
	12306316  -  ResidentSetSize of job (KB)
...
006 (41354.000.000) 2021-07-29 17:39:54 Image size of job updated: 18768044
	12570  -  MemoryUsage of job (MB)
	12871596  -  ResidentSetSize of job (KB)
...
006 (41354.000.000) 2021-07-29 17:44:54 Image size of job updated: 18768044
	12926  -  MemoryUsage of job (MB)
	13235672  -  ResidentSetSize of job (KB)
...
006 (41354.000.000) 2021-07-29 17:49:55 Image size of job updated: 18768044
	13579  -  MemoryUsage of job (MB)
	13904504  -  ResidentSetSize of job (KB)
...
006 (41354.000.000) 2021-07-29 17:54:56 Image size of job updated: 18770772
	13719  -  MemoryUsage of job (MB)
	14047268  -  ResidentSetSize of job (KB)
...
006 (41354.000.000) 2021-07-29 17:59:56 Image size of job updated: 18770772
	14034  -  MemoryUsage of job (MB)
	14370524  -  ResidentSetSize of job (KB)
...
006 (41354.000.000) 2021-07-29 18:04:57 Image size of job updated: 27253800
	15241  -  MemoryUsage of job (MB)
	15606744  -  ResidentSetSize of job (KB)
...
006 (41354.000.000) 2021-07-29 18:09:58 Image size of job updated: 27297344
	15425  -  MemoryUsage of job (MB)
	15794768  -  ResidentSetSize of job (KB)
...
006 (41354.000.000) 2021-07-29 18:14:58 Image size of job updated: 27322220
	16390  -  MemoryUsage of job (MB)
	16782776  -  ResidentSetSize of job (KB)
...
006 (41354.000.000) 2021-07-29 18:19:58 Image size of job updated: 27420900
	16390  -  MemoryUsage of job (MB)
	16782776  -  ResidentSetSize of job (KB)
...
006 (41354.000.000) 2021-07-29 18:24:59 Image size of job updated: 27420900
	17196  -  MemoryUsage of job (MB)
	17608380  -  ResidentSetSize of job (KB)
...
006 (41354.000.000) 2021-07-29 18:29:59 Image size of job updated: 27449716
	17212  -  MemoryUsage of job (MB)
	17624836  -  ResidentSetSize of job (KB)
...
006 (41354.000.000) 2021-07-29 18:34:59 Image size of job updated: 27449716
	17615  -  MemoryUsage of job (MB)
	18037148  -  ResidentSetSize of job (KB)
...
006 (41354.000.000) 2021-07-29 18:40:00 Image size of job updated: 27449716
	18096  -  MemoryUsage of job (MB)
	18529580  -  ResidentSetSize of job (KB)
...
006 (41354.000.000) 2021-07-29 18:45:00 Image size of job updated: 27449716
	18307  -  MemoryUsage of job (MB)
	18745796  -  ResidentSetSize of job (KB)
...
006 (41354.000.000) 2021-07-29 18:50:00 Image size of job updated: 27449716
	18759  -  MemoryUsage of job (MB)
	19208860  -  ResidentSetSize of job (KB)
...
006 (41354.000.000) 2021-07-29 18:55:01 Image size of job updated: 27449716
	19487  -  MemoryUsage of job (MB)
	19953704  -  ResidentSetSize of job (KB)
...
006 (41354.000.000) 2021-07-29 19:00:02 Image size of job updated: 54154452
	19487  -  MemoryUsage of job (MB)
	19953704  -  ResidentSetSize of job (KB)
...
006 (41354.000.000) 2021-07-29 20:35:11 Image size of job updated: 54154452
	19491  -  MemoryUsage of job (MB)
	19958412  -  ResidentSetSize of job (KB)
...
006 (41354.000.000) 2021-07-29 20:40:11 Image size of job updated: 54154452
	20153  -  MemoryUsage of job (MB)
	20636516  -  ResidentSetSize of job (KB)
...
006 (41354.000.000) 2021-07-29 20:45:11 Image size of job updated: 54154452
	20534  -  MemoryUsage of job (MB)
	21026812  -  ResidentSetSize of job (KB)
...
006 (41354.000.000) 2021-07-29 20:50:12 Image size of job updated: 54154452
	21120  -  MemoryUsage of job (MB)
	21626424  -  ResidentSetSize of job (KB)
...
006 (41354.000.000) 2021-07-29 20:55:13 Image size of job updated: 54154452
	21807  -  MemoryUsage of job (MB)
	22329560  -  ResidentSetSize of job (KB)
...
006 (41354.000.000) 2021-07-29 21:00:13 Image size of job updated: 54154452
	21916  -  MemoryUsage of job (MB)
	22441220  -  ResidentSetSize of job (KB)
...
006 (41354.000.000) 2021-07-29 21:05:14 Image size of job updated: 54154452
	22756  -  MemoryUsage of job (MB)
	23301168  -  ResidentSetSize of job (KB)
...
006 (41354.000.000) 2021-07-29 21:10:15 Image size of job updated: 54154452
	23162  -  MemoryUsage of job (MB)
	23717500  -  ResidentSetSize of job (KB)
...
006 (41354.000.000) 2021-07-29 21:15:15 Image size of job updated: 54154452
	23717  -  MemoryUsage of job (MB)
	24285704  -  ResidentSetSize of job (KB)
...
006 (41354.000.000) 2021-07-29 21:20:15 Image size of job updated: 54154452
	24038  -  MemoryUsage of job (MB)
	24614216  -  ResidentSetSize of job (KB)
...
006 (41354.000.000) 2021-07-29 21:25:17 Image size of job updated: 54154452
	24518  -  MemoryUsage of job (MB)
	25106304  -  ResidentSetSize of job (KB)
...
006 (41354.000.000) 2021-07-29 21:30:17 Image size of job updated: 54154452
	25291  -  MemoryUsage of job (MB)
	25897960  -  ResidentSetSize of job (KB)
...
040 (41354.000.000) 2021-07-30 04:06:10 Started transferring output files
...
040 (41354.000.000) 2021-07-30 04:06:10 Finished transferring output files
...
005 (41354.000.000) 2021-07-30 04:06:10 Job terminated.
	(1) Normal termination (return value 0)
		Usr 0 10:59:24, Sys 0 00:11:49  -  Run Remote Usage
		Usr 0 00:00:00, Sys 0 00:00:00  -  Run Local Usage
		Usr 0 10:59:24, Sys 0 00:11:49  -  Total Remote Usage
		Usr 0 00:00:00, Sys 0 00:00:00  -  Total Local Usage
	535215  -  Run Bytes Sent By Job
	229  -  Run Bytes Received By Job
	535215  -  Total Bytes Sent By Job
	229  -  Total Bytes Received By Job
	Partitionable Resources :    Usage  Request Allocated 
	   Cpus                 :     0.99        1         1 
	   Disk (KB)            :   538           1   3637421 
	   Memory (MB)          : 25291       51200     51200 

	Job terminated of its own accord at 2021-07-30T03:06:10Z.
...
